[Iter 1/488] steps=2048 reward=-415.41 pi_loss=-0.0360 vf_loss=11.1177 entropy=34.1015 kl=0.0177
[Iter 2/488] steps=4096 reward=-475.44 pi_loss=-0.0603 vf_loss=17.1201 entropy=34.1449 kl=0.0194
[Iter 3/488] steps=6144 reward=-395.01 pi_loss=-0.0402 vf_loss=10.1605 entropy=34.0943 kl=0.0219
[Iter 4/488] steps=8192 reward=-407.92 pi_loss=-0.0246 vf_loss=11.6906 entropy=34.2951 kl=0.0287
[Iter 5/488] steps=10240 reward=-460.61 pi_loss=-0.0315 vf_loss=16.6790 entropy=34.1342 kl=0.0290
  [Eval] mean_return=-299.43 std_return=43.84
[Iter 6/488] steps=12288 reward=-484.26 pi_loss=-0.0289 vf_loss=20.8684 entropy=34.1365 kl=0.0220
[Iter 7/488] steps=14336 reward=-424.48 pi_loss=-0.0382 vf_loss=17.8979 entropy=33.9531 kl=0.0334
[Iter 8/488] steps=16384 reward=-432.83 pi_loss=-0.0219 vf_loss=10.6959 entropy=34.2207 kl=0.0468
[Iter 9/488] steps=18432 reward=-405.50 pi_loss=-0.0265 vf_loss=14.5721 entropy=34.1216 kl=0.0336
[Iter 10/488] steps=20480 reward=-320.49 pi_loss=-0.0184 vf_loss=15.3195 entropy=34.1306 kl=0.0324
  [Eval] mean_return=-180.33 std_return=40.32
[Iter 11/488] steps=22528 reward=-419.28 pi_loss=-0.0399 vf_loss=15.8186 entropy=34.2227 kl=0.0324
[Iter 12/488] steps=24576 reward=-350.00 pi_loss=-0.0185 vf_loss=14.7659 entropy=34.1847 kl=0.0405
[Iter 13/488] steps=26624 reward=-328.08 pi_loss=-0.0284 vf_loss=14.3708 entropy=34.1574 kl=0.0403
[Iter 14/488] steps=28672 reward=-350.68 pi_loss=-0.0132 vf_loss=9.3667 entropy=34.1738 kl=0.0523
[Iter 15/488] steps=30720 reward=-402.71 pi_loss=-0.0189 vf_loss=17.5601 entropy=34.2577 kl=0.0320
  [Eval] mean_return=-202.72 std_return=37.43
[Iter 16/488] steps=32768 reward=-317.84 pi_loss=-0.0368 vf_loss=10.4065 entropy=34.3638 kl=0.0477
[Iter 17/488] steps=34816 reward=-321.45 pi_loss=-0.0281 vf_loss=10.4973 entropy=34.3086 kl=0.0431
[Iter 18/488] steps=36864 reward=-359.13 pi_loss=-0.0244 vf_loss=9.8788 entropy=34.1817 kl=0.0454
[Iter 19/488] steps=38912 reward=-319.21 pi_loss=-0.0237 vf_loss=11.9029 entropy=34.1563 kl=0.0407
[Iter 20/488] steps=40960 reward=-360.63 pi_loss=-0.0262 vf_loss=8.3473 entropy=34.3385 kl=0.0617
  [Eval] mean_return=-239.74 std_return=42.19
[Iter 21/488] steps=43008 reward=-352.83 pi_loss=-0.0184 vf_loss=9.5298 entropy=34.1098 kl=0.0508
[Iter 22/488] steps=45056 reward=-346.15 pi_loss=-0.0372 vf_loss=12.0718 entropy=34.2915 kl=0.0383
[Iter 23/488] steps=47104 reward=-386.45 pi_loss=-0.0243 vf_loss=9.6130 entropy=34.3752 kl=0.0492
[Iter 24/488] steps=49152 reward=-306.76 pi_loss=-0.0396 vf_loss=9.4100 entropy=34.3515 kl=0.0464
[Iter 25/488] steps=51200 reward=-309.42 pi_loss=-0.0337 vf_loss=12.5677 entropy=34.2781 kl=0.0368
  [Eval] mean_return=-193.85 std_return=25.33
[Iter 26/488] steps=53248 reward=-348.60 pi_loss=-0.0304 vf_loss=8.4348 entropy=34.1114 kl=0.0497
[Iter 27/488] steps=55296 reward=-245.93 pi_loss=-0.0441 vf_loss=11.3870 entropy=34.1748 kl=0.0397
[Iter 28/488] steps=57344 reward=-374.97 pi_loss=-0.0433 vf_loss=8.3085 entropy=34.3923 kl=0.0616
[Iter 29/488] steps=59392 reward=-353.90 pi_loss=-0.0380 vf_loss=10.5749 entropy=34.2315 kl=0.0460
[Iter 30/488] steps=61440 reward=-353.02 pi_loss=-0.0369 vf_loss=9.7506 entropy=34.2569 kl=0.0536
  [Eval] mean_return=-196.98 std_return=18.88
[Iter 31/488] steps=63488 reward=-346.14 pi_loss=-0.0404 vf_loss=9.0025 entropy=34.3771 kl=0.0619
[Iter 32/488] steps=65536 reward=-312.91 pi_loss=-0.0342 vf_loss=9.3225 entropy=34.3910 kl=0.0569
[Iter 33/488] steps=67584 reward=-382.28 pi_loss=-0.0376 vf_loss=8.6490 entropy=34.1322 kl=0.0548
[Iter 34/488] steps=69632 reward=-360.23 pi_loss=-0.0413 vf_loss=8.7689 entropy=34.3585 kl=0.0593
[Iter 35/488] steps=71680 reward=-380.20 pi_loss=-0.0419 vf_loss=11.6488 entropy=34.1791 kl=0.0432
  [Eval] mean_return=-177.70 std_return=63.47
[Iter 36/488] steps=73728 reward=-315.28 pi_loss=-0.0377 vf_loss=11.5348 entropy=34.1917 kl=0.0409
[Iter 37/488] steps=75776 reward=-280.26 pi_loss=-0.0255 vf_loss=11.3309 entropy=34.2335 kl=0.0459
[Iter 38/488] steps=77824 reward=-307.10 pi_loss=-0.0360 vf_loss=10.4978 entropy=34.3161 kl=0.0481
[Iter 39/488] steps=79872 reward=-174.71 pi_loss=-0.0469 vf_loss=12.0300 entropy=34.1210 kl=0.0452
[Iter 40/488] steps=81920 reward=-333.12 pi_loss=-0.0241 vf_loss=8.4356 entropy=34.3822 kl=0.0711
  [Eval] mean_return=-111.05 std_return=41.24
[Iter 41/488] steps=83968 reward=-217.64 pi_loss=-0.0517 vf_loss=10.2414 entropy=34.2300 kl=0.0441
[Iter 42/488] steps=86016 reward=-385.43 pi_loss=-0.0199 vf_loss=12.7271 entropy=34.2528 kl=0.0513
[Iter 43/488] steps=88064 reward=-362.00 pi_loss=-0.0561 vf_loss=13.0926 entropy=34.3284 kl=0.0453
[Iter 44/488] steps=90112 reward=-380.83 pi_loss=-0.0658 vf_loss=9.8316 entropy=34.3614 kl=0.0479
  [Eval] mean_return=-77.37 std_return=47.58
[Iter 45/488] steps=92160 reward=-305.46 pi_loss=-0.0424 vf_loss=12.4304 entropy=34.2488 kl=0.0502
[Iter 46/488] steps=94208 reward=-276.59 pi_loss=-0.0339 vf_loss=9.5282 entropy=34.3423 kl=0.0671
[Iter 47/488] steps=96256 reward=-208.94 pi_loss=-0.0625 vf_loss=8.5677 entropy=34.2054 kl=0.0521
[Iter 48/488] steps=98304 reward=-300.16 pi_loss=-0.0488 vf_loss=9.2678 entropy=34.3837 kl=0.0659
[Iter 49/488] steps=100352 reward=-241.75 pi_loss=-0.0415 vf_loss=8.5955 entropy=34.4858 kl=0.0638
  [Eval] mean_return=-173.92 std_return=31.37
[Iter 50/488] steps=102400 reward=-247.46 pi_loss=-0.0487 vf_loss=9.9378 entropy=34.1941 kl=0.0608
[Iter 51/488] steps=104448 reward=-237.71 pi_loss=-0.0589 vf_loss=11.5001 entropy=34.2810 kl=0.0537
[Iter 52/488] steps=106496 reward=-293.87 pi_loss=-0.0566 vf_loss=11.3693 entropy=34.3327 kl=0.0636
[Iter 53/488] steps=108544 reward=-271.09 pi_loss=-0.0515 vf_loss=9.8253 entropy=34.3431 kl=0.0652
[Iter 54/488] steps=110592 reward=-221.95 pi_loss=-0.0485 vf_loss=8.7926 entropy=34.1857 kl=0.0665
  [Eval] mean_return=-123.80 std_return=56.31
[Iter 55/488] steps=112640 reward=-232.42 pi_loss=-0.0624 vf_loss=9.5874 entropy=34.4578 kl=0.0706
[Iter 56/488] steps=114688 reward=-330.66 pi_loss=-0.0367 vf_loss=8.8384 entropy=34.2163 kl=0.0655
[Iter 57/488] steps=116736 reward=-240.91 pi_loss=-0.0509 vf_loss=7.5805 entropy=34.4332 kl=0.0728
[Iter 58/488] steps=118784 reward=-244.22 pi_loss=-0.0460 vf_loss=6.9699 entropy=34.3688 kl=0.0712
[Iter 59/488] steps=120832 reward=-326.94 pi_loss=-0.0301 vf_loss=10.1893 entropy=34.3136 kl=0.0700
  [Eval] mean_return=-137.66 std_return=50.80
[Iter 60/488] steps=122880 reward=-296.50 pi_loss=-0.0491 vf_loss=11.9088 entropy=34.3646 kl=0.0632
[Iter 61/488] steps=124928 reward=-230.21 pi_loss=-0.0487 vf_loss=8.7889 entropy=34.2170 kl=0.0737
[Iter 62/488] steps=126976 reward=-161.51 pi_loss=-0.0497 vf_loss=8.3265 entropy=34.2331 kl=0.0613
[Iter 63/488] steps=129024 reward=-260.13 pi_loss=-0.0505 vf_loss=10.4599 entropy=34.4145 kl=0.0696
[Iter 64/488] steps=131072 reward=-331.39 pi_loss=-0.0688 vf_loss=13.8359 entropy=34.2654 kl=0.0538
  [Eval] mean_return=-30.71 std_return=46.56
[Iter 65/488] steps=133120 reward=-186.58 pi_loss=-0.0374 vf_loss=9.5518 entropy=34.4002 kl=0.0717
[Iter 66/488] steps=135168 reward=-278.98 pi_loss=-0.0468 vf_loss=8.8330 entropy=34.6190 kl=0.0741
[Iter 67/488] steps=137216 reward=-184.71 pi_loss=-0.0340 vf_loss=8.7671 entropy=34.3882 kl=0.0767
[Iter 68/488] steps=139264 reward=-153.06 pi_loss=-0.0723 vf_loss=10.2199 entropy=34.3274 kl=0.0594
[Iter 69/488] steps=141312 reward=-210.16 pi_loss=-0.0485 vf_loss=12.2009 entropy=34.2609 kl=0.0521
  [Eval] mean_return=-55.19 std_return=45.73
[Iter 70/488] steps=143360 reward=-220.92 pi_loss=-0.0500 vf_loss=10.1259 entropy=34.3279 kl=0.0773
[Iter 71/488] steps=145408 reward=-194.68 pi_loss=-0.0750 vf_loss=11.8045 entropy=34.2707 kl=0.0617
[Iter 72/488] steps=147456 reward=-185.10 pi_loss=-0.0633 vf_loss=9.0423 entropy=34.3723 kl=0.0744
[Iter 73/488] steps=149504 reward=-156.06 pi_loss=-0.0500 vf_loss=8.6866 entropy=34.3359 kl=0.0807
[Iter 74/488] steps=151552 reward=-185.49 pi_loss=-0.0557 vf_loss=9.1211 entropy=34.2677 kl=0.0799
  [Eval] mean_return=-115.72 std_return=64.48
[Iter 75/488] steps=153600 reward=-173.86 pi_loss=-0.0496 vf_loss=7.5439 entropy=34.4893 kl=0.0817
[Iter 76/488] steps=155648 reward=-153.61 pi_loss=-0.0713 vf_loss=14.4885 entropy=34.1904 kl=0.0511
[Iter 77/488] steps=157696 reward=-222.49 pi_loss=-0.0604 vf_loss=8.6038 entropy=34.2794 kl=0.0774
[Iter 78/488] steps=159744 reward=-197.85 pi_loss=-0.0682 vf_loss=9.8036 entropy=34.3887 kl=0.0777
[Iter 79/488] steps=161792 reward=-197.12 pi_loss=-0.0463 vf_loss=8.9495 entropy=34.2637 kl=0.0797
  [Eval] mean_return=-40.30 std_return=52.61
[Iter 80/488] steps=163840 reward=-191.03 pi_loss=-0.0631 vf_loss=7.2016 entropy=34.4680 kl=0.0897
[Iter 81/488] steps=165888 reward=-189.34 pi_loss=-0.0566 vf_loss=9.4160 entropy=34.4171 kl=0.0704
[Iter 82/488] steps=167936 reward=-110.04 pi_loss=-0.0702 vf_loss=11.3045 entropy=34.3603 kl=0.0593
[Iter 83/488] steps=169984 reward=-216.96 pi_loss=-0.0585 vf_loss=9.7251 entropy=34.4409 kl=0.0641
[Iter 84/488] steps=172032 reward=-129.70 pi_loss=-0.0612 vf_loss=8.9582 entropy=34.3672 kl=0.0878
  [Eval] mean_return=-5.11 std_return=65.67
[Iter 85/488] steps=174080 reward=-135.75 pi_loss=-0.0670 vf_loss=7.3464 entropy=34.5446 kl=0.0943
[Iter 86/488] steps=176128 reward=-197.36 pi_loss=-0.0786 vf_loss=11.1944 entropy=34.3665 kl=0.0665
[Iter 87/488] steps=178176 reward=-124.93 pi_loss=-0.0698 vf_loss=7.3864 entropy=34.4585 kl=0.0940
[Iter 88/488] steps=180224 reward=-151.91 pi_loss=-0.0581 vf_loss=8.1935 entropy=34.5400 kl=0.0804
  [Eval] mean_return=85.03 std_return=55.76
[Iter 89/488] steps=182272 reward=-121.67 pi_loss=-0.0525 vf_loss=9.0374 entropy=34.3452 kl=0.0772
[Iter 90/488] steps=184320 reward=-147.03 pi_loss=-0.0770 vf_loss=15.4508 entropy=34.2847 kl=0.0589
[Iter 91/488] steps=186368 reward=-136.72 pi_loss=-0.0889 vf_loss=16.8002 entropy=34.2703 kl=0.0516
[Iter 92/488] steps=188416 reward=-92.13 pi_loss=-0.0692 vf_loss=8.5367 entropy=34.5316 kl=0.0932
[Iter 93/488] steps=190464 reward=-111.82 pi_loss=-0.0704 vf_loss=7.4988 entropy=34.5983 kl=0.1065
  [Eval] mean_return=94.23 std_return=63.36
[Iter 94/488] steps=192512 reward=11.08 pi_loss=-0.0654 vf_loss=13.3347 entropy=34.3252 kl=0.0670
[Iter 95/488] steps=194560 reward=-115.59 pi_loss=-0.0641 vf_loss=9.3125 entropy=34.5012 kl=0.0826
[Iter 96/488] steps=196608 reward=-178.46 pi_loss=-0.0648 vf_loss=13.4437 entropy=34.4005 kl=0.0728
[Iter 97/488] steps=198656 reward=-145.72 pi_loss=-0.0644 vf_loss=7.9960 entropy=34.6000 kl=0.1059
[Iter 98/488] steps=200704 reward=-98.61 pi_loss=-0.0783 vf_loss=8.3502 entropy=34.3623 kl=0.0836
  [Eval] mean_return=54.38 std_return=61.06
[Iter 99/488] steps=202752 reward=-86.33 pi_loss=-0.0832 vf_loss=11.9112 entropy=34.3232 kl=0.0635
[Iter 100/488] steps=204800 reward=-9.92 pi_loss=-0.0843 vf_loss=12.6784 entropy=34.3551 kl=0.0708
[Iter 101/488] steps=206848 reward=-47.35 pi_loss=-0.0790 vf_loss=8.8301 entropy=34.4752 kl=0.0924
[Iter 102/488] steps=208896 reward=-10.62 pi_loss=-0.0787 vf_loss=11.2552 entropy=34.3393 kl=0.0789
[Iter 103/488] steps=210944 reward=-9.23 pi_loss=-0.0890 vf_loss=19.8008 entropy=34.3226 kl=0.0576
  [Eval] mean_return=223.98 std_return=56.52
[Iter 104/488] steps=212992 reward=18.71 pi_loss=-0.0764 vf_loss=12.9831 entropy=34.3547 kl=0.0803
[Iter 105/488] steps=215040 reward=-77.92 pi_loss=-0.0546 vf_loss=6.0268 entropy=34.5824 kl=0.1361
[Iter 106/488] steps=217088 reward=-15.40 pi_loss=-0.0895 vf_loss=16.0105 entropy=34.4739 kl=0.0593
[Iter 107/488] steps=219136 reward=-21.79 pi_loss=-0.0913 vf_loss=10.0698 entropy=34.3954 kl=0.0691
[Iter 108/488] steps=221184 reward=96.94 pi_loss=-0.0676 vf_loss=21.0120 entropy=34.3971 kl=0.0501
  [Eval] mean_return=240.84 std_return=67.72
[Iter 109/488] steps=223232 reward=-78.88 pi_loss=-0.0781 vf_loss=13.2306 entropy=34.2782 kl=0.0691
[Iter 110/488] steps=225280 reward=-29.45 pi_loss=-0.0690 vf_loss=7.0158 entropy=34.5367 kl=0.1224
[Iter 111/488] steps=227328 reward=-20.89 pi_loss=-0.0812 vf_loss=18.7025 entropy=34.2128 kl=0.0530
[Iter 112/488] steps=229376 reward=78.90 pi_loss=-0.0893 vf_loss=15.0677 entropy=34.2394 kl=0.0631
[Iter 113/488] steps=231424 reward=-49.01 pi_loss=-0.0852 vf_loss=16.3781 entropy=34.3371 kl=0.0620
  [Eval] mean_return=250.97 std_return=79.62
[Iter 114/488] steps=233472 reward=-21.17 pi_loss=-0.0755 vf_loss=13.2654 entropy=34.4136 kl=0.0789
[Iter 115/488] steps=235520 reward=66.73 pi_loss=-0.0725 vf_loss=11.2333 entropy=34.5092 kl=0.0803
[Iter 116/488] steps=237568 reward=35.46 pi_loss=-0.0880 vf_loss=19.9472 entropy=34.2753 kl=0.0627
[Iter 117/488] steps=239616 reward=52.31 pi_loss=-0.0970 vf_loss=23.6305 entropy=34.3168 kl=0.0602
[Iter 118/488] steps=241664 reward=-50.89 pi_loss=-0.0786 vf_loss=9.7928 entropy=34.4797 kl=0.0930
  [Eval] mean_return=129.72 std_return=147.49
[Iter 119/488] steps=243712 reward=148.15 pi_loss=-0.0712 vf_loss=15.6659 entropy=34.3817 kl=0.0802
[Iter 120/488] steps=245760 reward=84.36 pi_loss=-0.0719 vf_loss=13.7275 entropy=34.4034 kl=0.0769
[Iter 121/488] steps=247808 reward=49.71 pi_loss=-0.0656 vf_loss=15.3184 entropy=34.3916 kl=0.0747
[Iter 122/488] steps=249856 reward=175.10 pi_loss=-0.0791 vf_loss=19.3698 entropy=34.2268 kl=0.0650
[Iter 123/488] steps=251904 reward=82.64 pi_loss=-0.0898 vf_loss=12.5990 entropy=34.3448 kl=0.0832
  [Eval] mean_return=417.31 std_return=134.51
[Iter 124/488] steps=253952 reward=72.45 pi_loss=-0.0736 vf_loss=17.2887 entropy=34.2860 kl=0.0743
[Iter 125/488] steps=256000 reward=171.16 pi_loss=-0.0868 vf_loss=21.0350 entropy=34.1380 kl=0.0641
[Iter 126/488] steps=258048 reward=233.26 pi_loss=-0.0804 vf_loss=22.7182 entropy=34.3130 kl=0.0622
[Iter 127/488] steps=260096 reward=-5.45 pi_loss=-0.0689 vf_loss=8.3712 entropy=34.8728 kl=0.1590
  [Eval] mean_return=453.53 std_return=164.20
[Iter 128/488] steps=262144 reward=77.44 pi_loss=-0.0818 vf_loss=9.7997 entropy=34.4399 kl=0.0995
[Iter 129/488] steps=264192 reward=196.36 pi_loss=-0.0581 vf_loss=18.7613 entropy=34.1850 kl=0.0589
[Iter 130/488] steps=266240 reward=99.56 pi_loss=-0.0749 vf_loss=20.0240 entropy=34.3577 kl=0.0694
[Iter 131/488] steps=268288 reward=180.08 pi_loss=-0.0688 vf_loss=20.0147 entropy=34.4939 kl=0.0700
[Iter 132/488] steps=270336 reward=50.56 pi_loss=-0.0751 vf_loss=18.7915 entropy=34.4113 kl=0.0687
  [Eval] mean_return=427.14 std_return=128.47
[Iter 133/488] steps=272384 reward=204.70 pi_loss=-0.0811 vf_loss=13.8590 entropy=34.5437 kl=0.0897
[Iter 134/488] steps=274432 reward=354.39 pi_loss=-0.0785 vf_loss=35.1036 entropy=34.3327 kl=0.0546
[Iter 135/488] steps=276480 reward=235.59 pi_loss=-0.1014 vf_loss=30.5644 entropy=34.4123 kl=0.0667
[Iter 136/488] steps=278528 reward=105.23 pi_loss=-0.0750 vf_loss=19.4389 entropy=34.5226 kl=0.0893
[Iter 137/488] steps=280576 reward=349.84 pi_loss=-0.0771 vf_loss=23.6130 entropy=34.3751 kl=0.0749
  [Eval] mean_return=325.36 std_return=282.30
[Iter 138/488] steps=282624 reward=223.16 pi_loss=-0.0891 vf_loss=25.4110 entropy=34.2052 kl=0.0736
[Iter 139/488] steps=284672 reward=332.29 pi_loss=-0.0936 vf_loss=31.4764 entropy=34.2644 kl=0.0667
[Iter 140/488] steps=286720 reward=291.42 pi_loss=-0.0803 vf_loss=36.6079 entropy=34.2661 kl=0.0647
[Iter 141/488] steps=288768 reward=197.04 pi_loss=-0.0957 vf_loss=12.0901 entropy=34.5050 kl=0.1208
[Iter 142/488] steps=290816 reward=235.48 pi_loss=-0.0823 vf_loss=22.3457 entropy=34.4020 kl=0.0868
  [Eval] mean_return=408.15 std_return=258.03
[Iter 143/488] steps=292864 reward=182.09 pi_loss=-0.0856 vf_loss=21.6085 entropy=34.3131 kl=0.0863
[Iter 144/488] steps=294912 reward=126.43 pi_loss=-0.0635 vf_loss=20.2158 entropy=34.3410 kl=0.0840
[Iter 145/488] steps=296960 reward=149.52 pi_loss=-0.0884 vf_loss=42.7645 entropy=34.2333 kl=0.0606
[Iter 146/488] steps=299008 reward=373.85 pi_loss=-0.0914 vf_loss=47.1528 entropy=34.4205 kl=0.0594
[Iter 147/488] steps=301056 reward=259.86 pi_loss=-0.0731 vf_loss=26.3520 entropy=34.4696 kl=0.0820
  [Eval] mean_return=460.11 std_return=176.00
[Iter 148/488] steps=303104 reward=323.49 pi_loss=-0.0852 vf_loss=30.9797 entropy=34.4768 kl=0.0801
[Iter 149/488] steps=305152 reward=186.78 pi_loss=-0.0871 vf_loss=32.8876 entropy=34.3723 kl=0.0702
[Iter 150/488] steps=307200 reward=137.31 pi_loss=-0.0730 vf_loss=17.1782 entropy=34.8397 kl=0.1311
[Iter 151/488] steps=309248 reward=215.87 pi_loss=-0.1007 vf_loss=30.6443 entropy=34.4355 kl=0.0695
[Iter 152/488] steps=311296 reward=181.04 pi_loss=-0.0706 vf_loss=43.3967 entropy=34.4391 kl=0.0664
  [Eval] mean_return=420.05 std_return=204.20
[Iter 153/488] steps=313344 reward=497.13 pi_loss=-0.0922 vf_loss=39.7145 entropy=34.4380 kl=0.0723
[Iter 154/488] steps=315392 reward=-33.43 pi_loss=-0.0748 vf_loss=19.4918 entropy=34.5389 kl=0.1054
[Iter 155/488] steps=317440 reward=134.04 pi_loss=-0.0616 vf_loss=13.7626 entropy=34.6178 kl=0.1338
[Iter 156/488] steps=319488 reward=3.32 pi_loss=-0.0833 vf_loss=22.1738 entropy=34.3582 kl=0.0866
[Iter 157/488] steps=321536 reward=217.95 pi_loss=-0.0775 vf_loss=22.2197 entropy=34.3848 kl=0.0801
  [Eval] mean_return=383.56 std_return=268.95
[Iter 158/488] steps=323584 reward=126.19 pi_loss=-0.0905 vf_loss=29.7029 entropy=34.3559 kl=0.0602
[Iter 159/488] steps=325632 reward=302.45 pi_loss=-0.0831 vf_loss=32.8846 entropy=34.4393 kl=0.0754
[Iter 160/488] steps=327680 reward=108.80 pi_loss=-0.0674 vf_loss=29.0473 entropy=34.2226 kl=0.0766
[Iter 161/488] steps=329728 reward=229.58 pi_loss=-0.0833 vf_loss=40.2466 entropy=34.2554 kl=0.0636
[Iter 162/488] steps=331776 reward=319.60 pi_loss=-0.0924 vf_loss=41.7852 entropy=34.4715 kl=0.0682
  [Eval] mean_return=391.48 std_return=133.83
[Iter 163/488] steps=333824 reward=265.42 pi_loss=-0.0896 vf_loss=19.9214 entropy=34.5484 kl=0.1013
[Iter 164/488] steps=335872 reward=265.38 pi_loss=-0.0762 vf_loss=32.8758 entropy=34.5865 kl=0.0964
[Iter 165/488] steps=337920 reward=-67.47 pi_loss=-0.0860 vf_loss=35.1022 entropy=34.4927 kl=0.0780
[Iter 166/488] steps=339968 reward=316.59 pi_loss=-0.0875 vf_loss=27.1839 entropy=34.4457 kl=0.0845
[Iter 167/488] steps=342016 reward=194.06 pi_loss=-0.0816 vf_loss=32.0490 entropy=34.4700 kl=0.0892
  [Eval] mean_return=404.20 std_return=174.29
[Iter 168/488] steps=344064 reward=366.67 pi_loss=-0.0819 vf_loss=38.1415 entropy=34.4044 kl=0.0688
[Iter 169/488] steps=346112 reward=177.14 pi_loss=-0.0878 vf_loss=33.1210 entropy=34.3195 kl=0.0733
[Iter 170/488] steps=348160 reward=421.27 pi_loss=-0.0891 vf_loss=50.3622 entropy=34.1371 kl=0.0645
[Iter 171/488] steps=350208 reward=240.40 pi_loss=-0.0818 vf_loss=25.9702 entropy=34.4195 kl=0.0958
  [Eval] mean_return=354.52 std_return=185.60
[Iter 172/488] steps=352256 reward=361.13 pi_loss=-0.0782 vf_loss=42.2567 entropy=34.3072 kl=0.0707
[Iter 173/488] steps=354304 reward=359.41 pi_loss=-0.0787 vf_loss=40.1184 entropy=34.3793 kl=0.0756
[Iter 174/488] steps=356352 reward=191.06 pi_loss=-0.0827 vf_loss=22.4830 entropy=34.4203 kl=0.1022
[Iter 175/488] steps=358400 reward=393.69 pi_loss=-0.0675 vf_loss=23.3458 entropy=34.4400 kl=0.1023
[Iter 176/488] steps=360448 reward=-185.73 pi_loss=-0.0665 vf_loss=23.2346 entropy=34.4234 kl=0.1174
  [Eval] mean_return=420.31 std_return=90.58
[Iter 177/488] steps=362496 reward=539.38 pi_loss=-0.0693 vf_loss=34.9646 entropy=34.2722 kl=0.0732
[Iter 178/488] steps=364544 reward=491.42 pi_loss=-0.0881 vf_loss=32.0234 entropy=34.2652 kl=0.0800
[Iter 179/488] steps=366592 reward=375.52 pi_loss=-0.0787 vf_loss=27.8416 entropy=34.4077 kl=0.0895
[Iter 180/488] steps=368640 reward=183.76 pi_loss=-0.0738 vf_loss=14.8482 entropy=34.4457 kl=0.1112
[Iter 181/488] steps=370688 reward=9.30 pi_loss=-0.0845 vf_loss=12.4771 entropy=34.6016 kl=0.1421
  [Eval] mean_return=373.30 std_return=157.29
[Iter 182/488] steps=372736 reward=208.23 pi_loss=-0.0778 vf_loss=32.7744 entropy=34.3573 kl=0.0649
[Iter 183/488] steps=374784 reward=322.95 pi_loss=-0.0784 vf_loss=28.9886 entropy=34.3383 kl=0.0740
[Iter 184/488] steps=376832 reward=396.40 pi_loss=-0.0907 vf_loss=31.2685 entropy=34.3148 kl=0.0724
[Iter 185/488] steps=378880 reward=523.44 pi_loss=-0.0938 vf_loss=21.3836 entropy=34.4396 kl=0.0948
[Iter 186/488] steps=380928 reward=153.78 pi_loss=-0.1021 vf_loss=22.5636 entropy=34.3476 kl=0.0865
  [Eval] mean_return=411.53 std_return=183.09
[Iter 187/488] steps=382976 reward=46.69 pi_loss=-0.1214 vf_loss=35.8603 entropy=34.3061 kl=0.0695
[Iter 188/488] steps=385024 reward=127.88 pi_loss=-0.0822 vf_loss=17.9498 entropy=34.4298 kl=0.1002
[Iter 189/488] steps=387072 reward=313.86 pi_loss=-0.0800 vf_loss=20.6151 entropy=34.5448 kl=0.0993
[Iter 190/488] steps=389120 reward=93.35 pi_loss=-0.0493 vf_loss=16.7320 entropy=34.4491 kl=0.0947
[Iter 191/488] steps=391168 reward=25.96 pi_loss=-0.0684 vf_loss=42.0428 entropy=34.3494 kl=0.0653
  [Eval] mean_return=544.77 std_return=106.05
[Iter 192/488] steps=393216 reward=498.92 pi_loss=-0.0717 vf_loss=36.6936 entropy=34.2332 kl=0.0637
[Iter 193/488] steps=395264 reward=353.02 pi_loss=-0.0765 vf_loss=27.0411 entropy=34.4279 kl=0.0738
[Iter 194/488] steps=397312 reward=157.90 pi_loss=-0.0584 vf_loss=18.2845 entropy=34.5758 kl=0.1110
[Iter 195/488] steps=399360 reward=296.81 pi_loss=-0.0886 vf_loss=24.8122 entropy=34.2241 kl=0.0732
[Iter 196/488] steps=401408 reward=434.93 pi_loss=-0.0939 vf_loss=39.1415 entropy=34.3588 kl=0.0720
  [Eval] mean_return=436.56 std_return=120.76
[Iter 197/488] steps=403456 reward=323.96 pi_loss=-0.0702 vf_loss=19.9385 entropy=34.4392 kl=0.0949
[Iter 198/488] steps=405504 reward=228.66 pi_loss=-0.0707 vf_loss=21.8520 entropy=34.3437 kl=0.0834
[Iter 199/488] steps=407552 reward=492.47 pi_loss=-0.0780 vf_loss=25.7732 entropy=34.6665 kl=0.0772
[Iter 200/488] steps=409600 reward=615.90 pi_loss=-0.0953 vf_loss=37.5182 entropy=34.3199 kl=0.0687
[Iter 201/488] steps=411648 reward=385.86 pi_loss=-0.0902 vf_loss=42.3422 entropy=34.1814 kl=0.0631
  [Eval] mean_return=615.89 std_return=84.27
[Iter 202/488] steps=413696 reward=321.30 pi_loss=-0.1115 vf_loss=46.2337 entropy=34.3223 kl=0.0621
[Iter 203/488] steps=415744 reward=411.19 pi_loss=-0.1041 vf_loss=42.8472 entropy=34.4025 kl=0.0665
[Iter 204/488] steps=417792 reward=267.25 pi_loss=-0.0995 vf_loss=33.6644 entropy=34.4420 kl=0.0816
[Iter 205/488] steps=419840 reward=302.60 pi_loss=-0.0869 vf_loss=50.1568 entropy=34.2443 kl=0.0739
[Iter 206/488] steps=421888 reward=421.43 pi_loss=-0.0891 vf_loss=23.1842 entropy=34.4968 kl=0.1002
  [Eval] mean_return=530.04 std_return=150.50
[Iter 207/488] steps=423936 reward=252.35 pi_loss=-0.0724 vf_loss=39.1239 entropy=34.4993 kl=0.1023
[Iter 208/488] steps=425984 reward=-316.81 pi_loss=-0.1086 vf_loss=48.8211 entropy=34.2214 kl=0.0705
[Iter 209/488] steps=428032 reward=379.27 pi_loss=-0.1041 vf_loss=55.4393 entropy=34.3643 kl=0.0625
[Iter 210/488] steps=430080 reward=362.53 pi_loss=-0.0932 vf_loss=24.9850 entropy=34.5868 kl=0.1180
  [Eval] mean_return=611.65 std_return=202.44
[Iter 211/488] steps=432128 reward=492.15 pi_loss=-0.0935 vf_loss=36.7207 entropy=34.3967 kl=0.0769
[Iter 212/488] steps=434176 reward=439.91 pi_loss=-0.0949 vf_loss=39.7727 entropy=34.3551 kl=0.0845
[Iter 213/488] steps=436224 reward=275.84 pi_loss=-0.1094 vf_loss=34.4719 entropy=34.2813 kl=0.0805
[Iter 214/488] steps=438272 reward=582.65 pi_loss=-0.1009 vf_loss=39.1574 entropy=34.3489 kl=0.0723
[Iter 215/488] steps=440320 reward=232.42 pi_loss=-0.0969 vf_loss=27.6672 entropy=34.3779 kl=0.0901
  [Eval] mean_return=409.10 std_return=140.43
[Iter 216/488] steps=442368 reward=350.00 pi_loss=-0.0999 vf_loss=35.7113 entropy=34.5015 kl=0.0817
[Iter 217/488] steps=444416 reward=185.19 pi_loss=-0.0908 vf_loss=38.0558 entropy=34.3157 kl=0.0915
[Iter 218/488] steps=446464 reward=277.31 pi_loss=-0.0803 vf_loss=26.3228 entropy=34.3876 kl=0.0962
[Iter 219/488] steps=448512 reward=496.40 pi_loss=-0.0957 vf_loss=31.1178 entropy=34.4520 kl=0.0832
[Iter 220/488] steps=450560 reward=243.00 pi_loss=-0.0860 vf_loss=40.8460 entropy=34.2686 kl=0.0693
  [Eval] mean_return=485.65 std_return=175.99
[Iter 221/488] steps=452608 reward=256.35 pi_loss=-0.0822 vf_loss=23.5107 entropy=34.5416 kl=0.1023
[Iter 222/488] steps=454656 reward=199.15 pi_loss=-0.0758 vf_loss=19.9372 entropy=34.5159 kl=0.1056
[Iter 223/488] steps=456704 reward=491.76 pi_loss=-0.1092 vf_loss=41.1273 entropy=34.2986 kl=0.0688
[Iter 224/488] steps=458752 reward=326.25 pi_loss=-0.1024 vf_loss=46.0273 entropy=34.3753 kl=0.0675
[Iter 225/488] steps=460800 reward=307.17 pi_loss=-0.0922 vf_loss=36.0118 entropy=34.4743 kl=0.0789
  [Eval] mean_return=450.62 std_return=316.42
[Iter 226/488] steps=462848 reward=353.50 pi_loss=-0.0985 vf_loss=45.3620 entropy=34.4383 kl=0.0665
[Iter 227/488] steps=464896 reward=315.30 pi_loss=-0.0875 vf_loss=38.8682 entropy=34.4734 kl=0.0787
[Iter 228/488] steps=466944 reward=87.37 pi_loss=-0.0812 vf_loss=16.4975 entropy=34.5401 kl=0.1182
[Iter 229/488] steps=468992 reward=221.56 pi_loss=-0.0785 vf_loss=18.0523 entropy=34.4543 kl=0.1090
[Iter 230/488] steps=471040 reward=477.97 pi_loss=-0.1140 vf_loss=41.6302 entropy=34.3190 kl=0.0688
  [Eval] mean_return=532.60 std_return=329.39
[Iter 231/488] steps=473088 reward=193.80 pi_loss=-0.0898 vf_loss=36.1266 entropy=34.3167 kl=0.0639
[Iter 232/488] steps=475136 reward=345.46 pi_loss=-0.0795 vf_loss=33.4990 entropy=34.1938 kl=0.0680
[Iter 233/488] steps=477184 reward=373.84 pi_loss=-0.1138 vf_loss=50.2253 entropy=34.2719 kl=0.0645
[Iter 234/488] steps=479232 reward=220.26 pi_loss=-0.1007 vf_loss=38.0603 entropy=34.3377 kl=0.0774
[Iter 235/488] steps=481280 reward=368.67 pi_loss=-0.0931 vf_loss=41.0233 entropy=34.3684 kl=0.0894
  [Eval] mean_return=508.13 std_return=219.30
[Iter 236/488] steps=483328 reward=420.02 pi_loss=-0.0917 vf_loss=35.6736 entropy=34.3336 kl=0.0772
[Iter 237/488] steps=485376 reward=431.29 pi_loss=-0.0884 vf_loss=35.5147 entropy=34.4312 kl=0.0785
[Iter 238/488] steps=487424 reward=146.75 pi_loss=-0.0960 vf_loss=25.9548 entropy=34.3458 kl=0.0808
[Iter 239/488] steps=489472 reward=55.80 pi_loss=-0.0912 vf_loss=35.5733 entropy=34.4845 kl=0.0917
[Iter 240/488] steps=491520 reward=-201.70 pi_loss=-0.1333 vf_loss=39.4679 entropy=34.3816 kl=0.0840
  [Eval] mean_return=447.89 std_return=233.09
[Iter 241/488] steps=493568 reward=371.29 pi_loss=-0.0848 vf_loss=25.0642 entropy=34.5400 kl=0.0955
[Iter 242/488] steps=495616 reward=99.45 pi_loss=-0.0872 vf_loss=25.4810 entropy=34.5743 kl=0.0911
[Iter 243/488] steps=497664 reward=78.97 pi_loss=-0.0837 vf_loss=20.5873 entropy=34.4575 kl=0.0935
[Iter 244/488] steps=499712 reward=525.86 pi_loss=-0.0676 vf_loss=47.8422 entropy=34.2463 kl=0.0578
[Iter 245/488] steps=501760 reward=369.85 pi_loss=-0.0999 vf_loss=45.3573 entropy=34.3585 kl=0.0723
  [Eval] mean_return=562.62 std_return=269.94
[Iter 246/488] steps=503808 reward=567.13 pi_loss=-0.0863 vf_loss=44.0889 entropy=34.3243 kl=0.0677
[Iter 247/488] steps=505856 reward=518.86 pi_loss=-0.0931 vf_loss=29.8160 entropy=34.4282 kl=0.0916
[Iter 248/488] steps=507904 reward=345.63 pi_loss=-0.0939 vf_loss=26.9342 entropy=34.5284 kl=0.1006
[Iter 249/488] steps=509952 reward=384.86 pi_loss=-0.0860 vf_loss=27.6101 entropy=34.3689 kl=0.0782
[Iter 250/488] steps=512000 reward=222.34 pi_loss=-0.1069 vf_loss=30.1107 entropy=34.3806 kl=0.0785
  [Eval] mean_return=226.78 std_return=329.06
[Iter 251/488] steps=514048 reward=120.53 pi_loss=-0.0736 vf_loss=16.6099 entropy=34.3977 kl=0.1006
[Iter 252/488] steps=516096 reward=38.04 pi_loss=-0.0337 vf_loss=6.7829 entropy=34.9396 kl=0.2142
[Iter 253/488] steps=518144 reward=112.34 pi_loss=-0.0950 vf_loss=28.5816 entropy=34.2361 kl=0.0554
[Iter 254/488] steps=520192 reward=82.06 pi_loss=-0.1025 vf_loss=24.2520 entropy=34.2790 kl=0.0564
  [Eval] mean_return=333.93 std_return=223.43
[Iter 255/488] steps=522240 reward=237.32 pi_loss=-0.0848 vf_loss=22.0331 entropy=34.4007 kl=0.0620
[Iter 256/488] steps=524288 reward=-23.99 pi_loss=-0.0764 vf_loss=9.4866 entropy=34.5233 kl=0.1129
[Iter 257/488] steps=526336 reward=192.53 pi_loss=-0.0695 vf_loss=11.8390 entropy=34.5368 kl=0.0840
[Iter 258/488] steps=528384 reward=122.72 pi_loss=-0.0961 vf_loss=14.7005 entropy=34.2531 kl=0.0697
[Iter 259/488] steps=530432 reward=147.24 pi_loss=-0.0730 vf_loss=18.4335 entropy=34.4219 kl=0.0727
  [Eval] mean_return=437.24 std_return=209.06
[Iter 260/488] steps=532480 reward=536.43 pi_loss=-0.0797 vf_loss=36.7791 entropy=34.1799 kl=0.0532
[Iter 261/488] steps=534528 reward=211.84 pi_loss=-0.0960 vf_loss=22.6112 entropy=34.3186 kl=0.0662
[Iter 262/488] steps=536576 reward=-65.47 pi_loss=-0.0641 vf_loss=17.6608 entropy=34.4478 kl=0.1098
[Iter 263/488] steps=538624 reward=250.20 pi_loss=-0.1023 vf_loss=14.5377 entropy=34.4001 kl=0.0957
[Iter 264/488] steps=540672 reward=352.18 pi_loss=-0.0785 vf_loss=23.6738 entropy=34.3143 kl=0.0762
  [Eval] mean_return=621.58 std_return=152.77
[Iter 265/488] steps=542720 reward=320.17 pi_loss=-0.1038 vf_loss=26.5973 entropy=34.2435 kl=0.0621
[Iter 266/488] steps=544768 reward=359.69 pi_loss=-0.0917 vf_loss=27.4702 entropy=34.2858 kl=0.0695
[Iter 267/488] steps=546816 reward=150.92 pi_loss=-0.0748 vf_loss=19.0331 entropy=34.4053 kl=0.0805
[Iter 268/488] steps=548864 reward=375.96 pi_loss=-0.0923 vf_loss=16.1757 entropy=34.4553 kl=0.0786
[Iter 269/488] steps=550912 reward=150.60 pi_loss=-0.0978 vf_loss=9.9982 entropy=34.4848 kl=0.1280
  [Eval] mean_return=431.08 std_return=307.04
[Iter 270/488] steps=552960 reward=268.61 pi_loss=-0.0895 vf_loss=28.2928 entropy=34.2339 kl=0.0577
[Iter 271/488] steps=555008 reward=440.58 pi_loss=-0.0986 vf_loss=30.6020 entropy=34.2291 kl=0.0613
[Iter 272/488] steps=557056 reward=255.59 pi_loss=-0.1075 vf_loss=26.4540 entropy=34.1852 kl=0.0573
[Iter 273/488] steps=559104 reward=329.99 pi_loss=-0.0916 vf_loss=21.4514 entropy=34.3488 kl=0.0696
[Iter 274/488] steps=561152 reward=602.42 pi_loss=-0.1098 vf_loss=40.6289 entropy=34.2689 kl=0.0549
  [Eval] mean_return=533.32 std_return=177.72
[Iter 275/488] steps=563200 reward=238.02 pi_loss=-0.0923 vf_loss=27.3785 entropy=34.3584 kl=0.0722
[Iter 276/488] steps=565248 reward=237.45 pi_loss=-0.0824 vf_loss=29.4876 entropy=34.6027 kl=0.1100
[Iter 277/488] steps=567296 reward=466.59 pi_loss=-0.0998 vf_loss=40.5812 entropy=34.3029 kl=0.0611
[Iter 278/488] steps=569344 reward=324.79 pi_loss=-0.0910 vf_loss=32.2174 entropy=34.3995 kl=0.0678
[Iter 279/488] steps=571392 reward=23.97 pi_loss=-0.0867 vf_loss=28.1285 entropy=34.5066 kl=0.0872
  [Eval] mean_return=436.29 std_return=259.31
[Iter 280/488] steps=573440 reward=193.13 pi_loss=-0.1001 vf_loss=20.1157 entropy=34.3596 kl=0.0853
[Iter 281/488] steps=575488 reward=536.75 pi_loss=-0.0938 vf_loss=43.3210 entropy=34.3185 kl=0.0597
[Iter 282/488] steps=577536 reward=246.18 pi_loss=-0.0829 vf_loss=21.7297 entropy=34.4126 kl=0.0810
[Iter 283/488] steps=579584 reward=447.24 pi_loss=-0.0943 vf_loss=30.0352 entropy=34.3811 kl=0.0812
[Iter 284/488] steps=581632 reward=498.58 pi_loss=-0.1007 vf_loss=34.4402 entropy=34.3450 kl=0.0691
  [Eval] mean_return=539.91 std_return=121.70
[Iter 285/488] steps=583680 reward=324.54 pi_loss=-0.0808 vf_loss=28.2364 entropy=34.4474 kl=0.0765
[Iter 286/488] steps=585728 reward=312.36 pi_loss=-0.1014 vf_loss=26.3534 entropy=34.3264 kl=0.0816
[Iter 287/488] steps=587776 reward=498.51 pi_loss=-0.0924 vf_loss=42.2676 entropy=34.4386 kl=0.0687
[Iter 288/488] steps=589824 reward=-22.73 pi_loss=-0.1031 vf_loss=27.6541 entropy=34.4553 kl=0.0853
[Iter 289/488] steps=591872 reward=509.59 pi_loss=-0.0966 vf_loss=42.2590 entropy=34.3383 kl=0.0689
  [Eval] mean_return=593.94 std_return=156.92
[Iter 290/488] steps=593920 reward=531.11 pi_loss=-0.1010 vf_loss=38.8482 entropy=34.5918 kl=0.1014
[Iter 291/488] steps=595968 reward=376.40 pi_loss=-0.1087 vf_loss=33.5347 entropy=34.2562 kl=0.0729
[Iter 292/488] steps=598016 reward=499.03 pi_loss=-0.1186 vf_loss=48.0611 entropy=34.2400 kl=0.0620
[Iter 293/488] steps=600064 reward=587.58 pi_loss=-0.1015 vf_loss=40.9374 entropy=34.3315 kl=0.0673
  [Eval] mean_return=594.97 std_return=103.01
[Iter 294/488] steps=602112 reward=508.67 pi_loss=-0.0882 vf_loss=28.1465 entropy=34.3946 kl=0.0870
[Iter 295/488] steps=604160 reward=344.72 pi_loss=-0.1044 vf_loss=31.9210 entropy=34.3916 kl=0.0806
[Iter 296/488] steps=606208 reward=-73.60 pi_loss=-0.0645 vf_loss=32.1921 entropy=34.4029 kl=0.0750
[Iter 297/488] steps=608256 reward=222.04 pi_loss=-0.0819 vf_loss=27.3686 entropy=34.3242 kl=0.0791
[Iter 298/488] steps=610304 reward=475.80 pi_loss=-0.0939 vf_loss=40.0278 entropy=34.3511 kl=0.0708
  [Eval] mean_return=576.80 std_return=116.86
[Iter 299/488] steps=612352 reward=434.94 pi_loss=-0.0947 vf_loss=39.3554 entropy=34.3627 kl=0.0719
[Iter 300/488] steps=614400 reward=542.12 pi_loss=-0.1054 vf_loss=33.0605 entropy=34.1972 kl=0.0752
[Iter 301/488] steps=616448 reward=239.74 pi_loss=-0.0899 vf_loss=16.8428 entropy=34.4750 kl=0.1045
[Iter 302/488] steps=618496 reward=294.79 pi_loss=-0.1236 vf_loss=19.9491 entropy=34.3033 kl=0.0814
[Iter 303/488] steps=620544 reward=140.70 pi_loss=-0.1085 vf_loss=23.7557 entropy=34.4220 kl=0.0776
  [Eval] mean_return=587.52 std_return=49.58
[Iter 304/488] steps=622592 reward=319.38 pi_loss=-0.0913 vf_loss=31.4619 entropy=34.3333 kl=0.0668
[Iter 305/488] steps=624640 reward=421.53 pi_loss=-0.0952 vf_loss=34.5710 entropy=34.3847 kl=0.0613
[Iter 306/488] steps=626688 reward=410.74 pi_loss=-0.0933 vf_loss=39.0572 entropy=34.2537 kl=0.0582
[Iter 307/488] steps=628736 reward=-173.32 pi_loss=-0.0902 vf_loss=17.5837 entropy=34.4980 kl=0.0976
[Iter 308/488] steps=630784 reward=416.73 pi_loss=-0.0885 vf_loss=37.0593 entropy=34.2940 kl=0.0653
  [Eval] mean_return=538.57 std_return=93.73
[Iter 309/488] steps=632832 reward=398.60 pi_loss=-0.0913 vf_loss=33.5484 entropy=34.2576 kl=0.0630
[Iter 310/488] steps=634880 reward=223.78 pi_loss=-0.1256 vf_loss=51.3148 entropy=34.3757 kl=0.0574
[Iter 311/488] steps=636928 reward=566.32 pi_loss=-0.0872 vf_loss=28.4241 entropy=34.2898 kl=0.0781
[Iter 312/488] steps=638976 reward=222.47 pi_loss=-0.1036 vf_loss=24.6885 entropy=34.4052 kl=0.0802
[Iter 313/488] steps=641024 reward=211.09 pi_loss=-0.0873 vf_loss=18.4242 entropy=34.4287 kl=0.0912
  [Eval] mean_return=531.78 std_return=158.51
[Iter 314/488] steps=643072 reward=457.13 pi_loss=-0.1075 vf_loss=35.9486 entropy=34.2786 kl=0.0649
[Iter 315/488] steps=645120 reward=549.28 pi_loss=-0.0983 vf_loss=25.8272 entropy=34.4204 kl=0.0766
[Iter 316/488] steps=647168 reward=499.99 pi_loss=-0.1237 vf_loss=36.5085 entropy=34.2187 kl=0.0613
[Iter 317/488] steps=649216 reward=489.32 pi_loss=-0.1012 vf_loss=28.3179 entropy=34.3350 kl=0.0698
[Iter 318/488] steps=651264 reward=523.92 pi_loss=-0.0852 vf_loss=29.7299 entropy=34.3721 kl=0.0818
  [Eval] mean_return=613.92 std_return=108.91
[Iter 319/488] steps=653312 reward=505.95 pi_loss=-0.1131 vf_loss=27.0035 entropy=34.4335 kl=0.0793
[Iter 320/488] steps=655360 reward=172.79 pi_loss=-0.0950 vf_loss=21.3886 entropy=34.3685 kl=0.0887
[Iter 321/488] steps=657408 reward=678.12 pi_loss=-0.0909 vf_loss=35.1848 entropy=34.2016 kl=0.0602
[Iter 322/488] steps=659456 reward=541.39 pi_loss=-0.1142 vf_loss=38.5865 entropy=34.2947 kl=0.0627
[Iter 323/488] steps=661504 reward=532.45 pi_loss=-0.1126 vf_loss=34.0531 entropy=34.3255 kl=0.0642
  [Eval] mean_return=595.50 std_return=102.70
[Iter 324/488] steps=663552 reward=425.05 pi_loss=-0.0939 vf_loss=29.4060 entropy=34.2246 kl=0.0693
[Iter 325/488] steps=665600 reward=365.11 pi_loss=-0.1153 vf_loss=31.9150 entropy=34.3462 kl=0.0668
[Iter 326/488] steps=667648 reward=87.38 pi_loss=-0.1016 vf_loss=17.4506 entropy=34.2235 kl=0.0910
[Iter 327/488] steps=669696 reward=463.97 pi_loss=-0.0832 vf_loss=31.5898 entropy=34.2593 kl=0.0680
[Iter 328/488] steps=671744 reward=396.47 pi_loss=-0.1151 vf_loss=27.8953 entropy=34.3216 kl=0.0701
  [Eval] mean_return=633.14 std_return=123.32
[Iter 329/488] steps=673792 reward=600.28 pi_loss=-0.0934 vf_loss=44.1546 entropy=34.1393 kl=0.0558
[Iter 330/488] steps=675840 reward=286.70 pi_loss=-0.0975 vf_loss=32.9550 entropy=34.2727 kl=0.0718
[Iter 331/488] steps=677888 reward=513.20 pi_loss=-0.1202 vf_loss=37.1563 entropy=34.3389 kl=0.0628
[Iter 332/488] steps=679936 reward=520.90 pi_loss=-0.1093 vf_loss=37.4816 entropy=34.2522 kl=0.0671
[Iter 333/488] steps=681984 reward=526.82 pi_loss=-0.1133 vf_loss=34.1632 entropy=34.4597 kl=0.0751
  [Eval] mean_return=705.23 std_return=105.61
[Iter 334/488] steps=684032 reward=458.42 pi_loss=-0.1003 vf_loss=39.5958 entropy=34.2635 kl=0.0612
[Iter 335/488] steps=686080 reward=568.94 pi_loss=-0.1137 vf_loss=36.3252 entropy=34.2979 kl=0.0638
[Iter 336/488] steps=688128 reward=435.41 pi_loss=-0.1092 vf_loss=29.6534 entropy=34.4146 kl=0.0695
[Iter 337/488] steps=690176 reward=259.99 pi_loss=-0.1297 vf_loss=20.7323 entropy=34.4820 kl=0.0852
  [Eval] mean_return=539.60 std_return=233.89
[Iter 338/488] steps=692224 reward=289.13 pi_loss=-0.1258 vf_loss=26.2657 entropy=34.2209 kl=0.0765
[Iter 339/488] steps=694272 reward=392.50 pi_loss=-0.0927 vf_loss=33.2580 entropy=34.1686 kl=0.0611
[Iter 340/488] steps=696320 reward=464.14 pi_loss=-0.1024 vf_loss=46.3228 entropy=34.2126 kl=0.0534
[Iter 341/488] steps=698368 reward=513.36 pi_loss=-0.1063 vf_loss=35.1824 entropy=34.2820 kl=0.0613
[Iter 342/488] steps=700416 reward=13.09 pi_loss=-0.0908 vf_loss=11.0935 entropy=34.6507 kl=0.1282
  [Eval] mean_return=562.61 std_return=186.42
[Iter 343/488] steps=702464 reward=274.98 pi_loss=-0.0756 vf_loss=26.2034 entropy=34.2536 kl=0.0586
[Iter 344/488] steps=704512 reward=445.69 pi_loss=-0.1108 vf_loss=32.4636 entropy=34.3925 kl=0.0582
[Iter 345/488] steps=706560 reward=538.47 pi_loss=-0.1106 vf_loss=32.6207 entropy=34.2774 kl=0.0614
[Iter 346/488] steps=708608 reward=406.02 pi_loss=-0.1257 vf_loss=32.9802 entropy=34.2004 kl=0.0567
[Iter 347/488] steps=710656 reward=549.16 pi_loss=-0.1090 vf_loss=42.4867 entropy=34.4535 kl=0.0547
  [Eval] mean_return=650.25 std_return=263.12
[Iter 348/488] steps=712704 reward=300.54 pi_loss=-0.0988 vf_loss=29.3543 entropy=34.3779 kl=0.0649
[Iter 349/488] steps=714752 reward=603.73 pi_loss=-0.1097 vf_loss=32.5298 entropy=34.3527 kl=0.0659
[Iter 350/488] steps=716800 reward=624.85 pi_loss=-0.1101 vf_loss=35.6840 entropy=34.2681 kl=0.0525
[Iter 351/488] steps=718848 reward=581.62 pi_loss=-0.1265 vf_loss=38.0308 entropy=34.0940 kl=0.0516
[Iter 352/488] steps=720896 reward=467.05 pi_loss=-0.1041 vf_loss=35.5789 entropy=34.3019 kl=0.0601
  [Eval] mean_return=757.94 std_return=88.21
[Iter 353/488] steps=722944 reward=197.05 pi_loss=-0.1009 vf_loss=37.4706 entropy=34.3385 kl=0.0597
[Iter 354/488] steps=724992 reward=483.36 pi_loss=-0.1214 vf_loss=39.8223 entropy=34.5215 kl=0.0570
[Iter 355/488] steps=727040 reward=278.66 pi_loss=-0.1113 vf_loss=22.1642 entropy=34.4008 kl=0.0807
[Iter 356/488] steps=729088 reward=547.36 pi_loss=-0.1096 vf_loss=35.8420 entropy=34.4040 kl=0.0584
[Iter 357/488] steps=731136 reward=133.11 pi_loss=-0.0989 vf_loss=19.5929 entropy=34.4517 kl=0.0674
  [Eval] mean_return=731.10 std_return=98.18
[Iter 358/488] steps=733184 reward=614.24 pi_loss=-0.1120 vf_loss=40.9248 entropy=34.3370 kl=0.0527
[Iter 359/488] steps=735232 reward=689.70 pi_loss=-0.0940 vf_loss=42.0990 entropy=34.2930 kl=0.0537
[Iter 360/488] steps=737280 reward=28.92 pi_loss=-0.0969 vf_loss=16.6839 entropy=34.3705 kl=0.0806
[Iter 361/488] steps=739328 reward=554.20 pi_loss=-0.1105 vf_loss=38.4585 entropy=34.1440 kl=0.0566
[Iter 362/488] steps=741376 reward=459.91 pi_loss=-0.0928 vf_loss=39.2698 entropy=34.2596 kl=0.0549
  [Eval] mean_return=704.00 std_return=105.93
[Iter 363/488] steps=743424 reward=553.93 pi_loss=-0.0764 vf_loss=41.9009 entropy=34.2713 kl=0.0557
[Iter 364/488] steps=745472 reward=366.25 pi_loss=-0.0921 vf_loss=32.0243 entropy=34.2013 kl=0.0530
[Iter 365/488] steps=747520 reward=389.77 pi_loss=-0.1010 vf_loss=23.8162 entropy=34.2819 kl=0.0622
[Iter 366/488] steps=749568 reward=211.94 pi_loss=-0.0904 vf_loss=31.0915 entropy=34.3622 kl=0.0620
[Iter 367/488] steps=751616 reward=442.76 pi_loss=-0.0823 vf_loss=40.6786 entropy=34.2247 kl=0.0522
  [Eval] mean_return=588.96 std_return=182.82
[Iter 368/488] steps=753664 reward=402.62 pi_loss=-0.0994 vf_loss=26.1265 entropy=34.2897 kl=0.0608
[Iter 369/488] steps=755712 reward=256.41 pi_loss=-0.0940 vf_loss=29.9708 entropy=34.2013 kl=0.0588
[Iter 370/488] steps=757760 reward=539.99 pi_loss=-0.0789 vf_loss=38.4546 entropy=34.2115 kl=0.0532
[Iter 371/488] steps=759808 reward=190.12 pi_loss=-0.0878 vf_loss=24.2099 entropy=34.3229 kl=0.0657
[Iter 372/488] steps=761856 reward=462.63 pi_loss=-0.0984 vf_loss=38.0576 entropy=34.3348 kl=0.0543
  [Eval] mean_return=531.81 std_return=254.90
[Iter 373/488] steps=763904 reward=267.02 pi_loss=-0.0687 vf_loss=28.2863 entropy=34.3450 kl=0.0622
[Iter 374/488] steps=765952 reward=471.52 pi_loss=-0.1186 vf_loss=42.5821 entropy=34.3348 kl=0.0491
[Iter 375/488] steps=768000 reward=221.47 pi_loss=-0.0845 vf_loss=30.7858 entropy=34.2929 kl=0.0620
[Iter 376/488] steps=770048 reward=-3.06 pi_loss=-0.0607 vf_loss=35.7449 entropy=34.3146 kl=0.0632
  [Eval] mean_return=623.22 std_return=227.16
[Iter 377/488] steps=772096 reward=323.31 pi_loss=-0.1006 vf_loss=25.0285 entropy=34.2946 kl=0.0577
[Iter 378/488] steps=774144 reward=408.01 pi_loss=-0.1020 vf_loss=26.9679 entropy=34.3053 kl=0.0564
[Iter 379/488] steps=776192 reward=549.93 pi_loss=-0.0853 vf_loss=37.0909 entropy=34.3146 kl=0.0505
[Iter 380/488] steps=778240 reward=513.30 pi_loss=-0.0975 vf_loss=37.7276 entropy=34.1569 kl=0.0477
[Iter 381/488] steps=780288 reward=515.31 pi_loss=-0.0877 vf_loss=36.4014 entropy=34.4639 kl=0.0563
  [Eval] mean_return=593.76 std_return=64.78
[Iter 382/488] steps=782336 reward=450.44 pi_loss=-0.1130 vf_loss=36.8719 entropy=34.2632 kl=0.0503
[Iter 383/488] steps=784384 reward=431.25 pi_loss=-0.0839 vf_loss=38.1022 entropy=34.1277 kl=0.0516
[Iter 384/488] steps=786432 reward=257.43 pi_loss=-0.0979 vf_loss=19.9358 entropy=34.2069 kl=0.0707
[Iter 385/488] steps=788480 reward=436.39 pi_loss=-0.1019 vf_loss=35.4859 entropy=34.3240 kl=0.0498
[Iter 386/488] steps=790528 reward=560.12 pi_loss=-0.0943 vf_loss=39.5055 entropy=34.1699 kl=0.0481
  [Eval] mean_return=439.23 std_return=167.15
[Iter 387/488] steps=792576 reward=522.58 pi_loss=-0.0901 vf_loss=32.4917 entropy=34.1623 kl=0.0515
[Iter 388/488] steps=794624 reward=214.86 pi_loss=-0.0907 vf_loss=25.1253 entropy=34.2848 kl=0.0565
[Iter 389/488] steps=796672 reward=317.12 pi_loss=-0.1089 vf_loss=24.0448 entropy=34.1936 kl=0.0550
[Iter 390/488] steps=798720 reward=41.09 pi_loss=-0.0869 vf_loss=19.6248 entropy=34.2696 kl=0.0660
[Iter 391/488] steps=800768 reward=457.94 pi_loss=-0.1112 vf_loss=39.1289 entropy=34.2521 kl=0.0475
  [Eval] mean_return=681.12 std_return=119.21
[Iter 392/488] steps=802816 reward=342.55 pi_loss=-0.0971 vf_loss=38.7598 entropy=34.3162 kl=0.0480
[Iter 393/488] steps=804864 reward=194.55 pi_loss=-0.0954 vf_loss=24.4138 entropy=34.2253 kl=0.0517
[Iter 394/488] steps=806912 reward=112.41 pi_loss=-0.0830 vf_loss=25.2844 entropy=34.3782 kl=0.0537
[Iter 395/488] steps=808960 reward=509.26 pi_loss=-0.0967 vf_loss=32.1577 entropy=34.2832 kl=0.0498
[Iter 396/488] steps=811008 reward=566.85 pi_loss=-0.0956 vf_loss=38.1914 entropy=34.1360 kl=0.0508
  [Eval] mean_return=639.34 std_return=200.57
[Iter 397/488] steps=813056 reward=245.20 pi_loss=-0.0902 vf_loss=25.7729 entropy=34.1896 kl=0.0557
[Iter 398/488] steps=815104 reward=521.76 pi_loss=-0.0938 vf_loss=29.7933 entropy=34.2581 kl=0.0483
[Iter 399/488] steps=817152 reward=576.59 pi_loss=-0.1076 vf_loss=41.7845 entropy=34.2206 kl=0.0437
[Iter 400/488] steps=819200 reward=379.92 pi_loss=-0.0871 vf_loss=28.2636 entropy=34.2506 kl=0.0501
[Iter 401/488] steps=821248 reward=215.61 pi_loss=-0.0832 vf_loss=23.1521 entropy=34.3523 kl=0.0602
  [Eval] mean_return=605.38 std_return=236.09
[Iter 402/488] steps=823296 reward=267.67 pi_loss=-0.1042 vf_loss=34.9687 entropy=34.2671 kl=0.0451
[Iter 403/488] steps=825344 reward=625.00 pi_loss=-0.1053 vf_loss=45.4501 entropy=34.3294 kl=0.0446
[Iter 404/488] steps=827392 reward=276.10 pi_loss=-0.0794 vf_loss=25.4284 entropy=34.2140 kl=0.0507
[Iter 405/488] steps=829440 reward=275.54 pi_loss=-0.0956 vf_loss=31.6533 entropy=34.3373 kl=0.0477
[Iter 406/488] steps=831488 reward=363.59 pi_loss=-0.0751 vf_loss=33.9748 entropy=34.1533 kl=0.0450
  [Eval] mean_return=596.62 std_return=194.02
[Iter 407/488] steps=833536 reward=532.12 pi_loss=-0.0796 vf_loss=35.9302 entropy=34.1579 kl=0.0446
[Iter 408/488] steps=835584 reward=616.22 pi_loss=-0.0847 vf_loss=43.3785 entropy=34.2824 kl=0.0465
[Iter 409/488] steps=837632 reward=-20.19 pi_loss=-0.0915 vf_loss=18.6253 entropy=34.2731 kl=0.0631
[Iter 410/488] steps=839680 reward=389.20 pi_loss=-0.0916 vf_loss=25.5694 entropy=34.2044 kl=0.0441
[Iter 411/488] steps=841728 reward=540.65 pi_loss=-0.0779 vf_loss=36.0328 entropy=34.3020 kl=0.0405
  [Eval] mean_return=581.10 std_return=176.10
[Iter 412/488] steps=843776 reward=568.53 pi_loss=-0.0941 vf_loss=37.3063 entropy=34.1749 kl=0.0415
[Iter 413/488] steps=845824 reward=462.94 pi_loss=-0.0837 vf_loss=26.4201 entropy=34.3387 kl=0.0498
[Iter 414/488] steps=847872 reward=251.33 pi_loss=-0.1118 vf_loss=26.3224 entropy=34.1940 kl=0.0427
[Iter 415/488] steps=849920 reward=529.07 pi_loss=-0.0963 vf_loss=36.6950 entropy=34.2983 kl=0.0407
[Iter 416/488] steps=851968 reward=451.99 pi_loss=-0.0700 vf_loss=37.7229 entropy=34.3054 kl=0.0431
  [Eval] mean_return=585.16 std_return=129.14
[Iter 417/488] steps=854016 reward=544.15 pi_loss=-0.0865 vf_loss=34.5266 entropy=34.3109 kl=0.0434
[Iter 418/488] steps=856064 reward=558.66 pi_loss=-0.0989 vf_loss=33.1029 entropy=34.2989 kl=0.0431
[Iter 419/488] steps=858112 reward=495.56 pi_loss=-0.1209 vf_loss=41.3638 entropy=34.1374 kl=0.0365
[Iter 420/488] steps=860160 reward=514.58 pi_loss=-0.1080 vf_loss=39.0693 entropy=34.1294 kl=0.0383
  [Eval] mean_return=651.42 std_return=233.76
[Iter 421/488] steps=862208 reward=437.81 pi_loss=-0.0849 vf_loss=34.8481 entropy=34.2121 kl=0.0384
[Iter 422/488] steps=864256 reward=494.16 pi_loss=-0.1074 vf_loss=36.7255 entropy=34.2749 kl=0.0472
[Iter 423/488] steps=866304 reward=496.24 pi_loss=-0.0970 vf_loss=37.5866 entropy=34.2180 kl=0.0388
[Iter 424/488] steps=868352 reward=358.38 pi_loss=-0.0715 vf_loss=29.1529 entropy=34.3120 kl=0.0428
[Iter 425/488] steps=870400 reward=501.22 pi_loss=-0.1023 vf_loss=32.0196 entropy=34.3452 kl=0.0396
  [Eval] mean_return=587.87 std_return=108.07
[Iter 426/488] steps=872448 reward=429.66 pi_loss=-0.0839 vf_loss=30.7953 entropy=34.3073 kl=0.0412
[Iter 427/488] steps=874496 reward=468.02 pi_loss=-0.0758 vf_loss=32.4314 entropy=34.2473 kl=0.0404
[Iter 428/488] steps=876544 reward=548.32 pi_loss=-0.0859 vf_loss=40.6059 entropy=34.2783 kl=0.0353
[Iter 429/488] steps=878592 reward=522.47 pi_loss=-0.0739 vf_loss=31.5231 entropy=34.1809 kl=0.0382
[Iter 430/488] steps=880640 reward=700.32 pi_loss=-0.1003 vf_loss=34.1663 entropy=34.2384 kl=0.0386
  [Eval] mean_return=640.75 std_return=42.82
[Iter 431/488] steps=882688 reward=222.62 pi_loss=-0.0736 vf_loss=32.5065 entropy=34.1080 kl=0.0363
[Iter 432/488] steps=884736 reward=529.42 pi_loss=-0.0960 vf_loss=35.5584 entropy=34.1829 kl=0.0401
[Iter 433/488] steps=886784 reward=359.28 pi_loss=-0.0916 vf_loss=27.2272 entropy=34.1920 kl=0.0388
[Iter 434/488] steps=888832 reward=452.67 pi_loss=-0.0902 vf_loss=38.5420 entropy=34.1703 kl=0.0319
[Iter 435/488] steps=890880 reward=593.30 pi_loss=-0.0937 vf_loss=36.8645 entropy=34.2543 kl=0.0347
  [Eval] mean_return=598.41 std_return=107.09
[Iter 436/488] steps=892928 reward=646.62 pi_loss=-0.0855 vf_loss=33.6092 entropy=34.1280 kl=0.0350
[Iter 437/488] steps=894976 reward=466.31 pi_loss=-0.0936 vf_loss=35.0401 entropy=34.2083 kl=0.0362
[Iter 438/488] steps=897024 reward=475.77 pi_loss=-0.0968 vf_loss=38.2408 entropy=34.1074 kl=0.0366
[Iter 439/488] steps=899072 reward=624.68 pi_loss=-0.0932 vf_loss=33.0316 entropy=34.2655 kl=0.0351
[Iter 440/488] steps=901120 reward=190.73 pi_loss=-0.0744 vf_loss=28.8797 entropy=34.0958 kl=0.0334
  [Eval] mean_return=544.65 std_return=220.65
[Iter 441/488] steps=903168 reward=129.65 pi_loss=-0.0505 vf_loss=25.8637 entropy=34.3353 kl=0.0376
[Iter 442/488] steps=905216 reward=285.36 pi_loss=-0.0792 vf_loss=29.1991 entropy=34.1109 kl=0.0385
[Iter 443/488] steps=907264 reward=240.19 pi_loss=-0.0503 vf_loss=24.3850 entropy=34.1784 kl=0.0381
[Iter 444/488] steps=909312 reward=413.63 pi_loss=-0.0849 vf_loss=32.9742 entropy=34.1541 kl=0.0301
[Iter 445/488] steps=911360 reward=339.34 pi_loss=-0.0721 vf_loss=26.0967 entropy=34.0589 kl=0.0346
  [Eval] mean_return=590.55 std_return=121.61
[Iter 446/488] steps=913408 reward=285.07 pi_loss=-0.0747 vf_loss=27.5361 entropy=34.0844 kl=0.0337
[Iter 447/488] steps=915456 reward=524.51 pi_loss=-0.0715 vf_loss=38.2464 entropy=34.0841 kl=0.0287
[Iter 448/488] steps=917504 reward=645.57 pi_loss=-0.0912 vf_loss=38.3773 entropy=34.1559 kl=0.0302
[Iter 449/488] steps=919552 reward=555.52 pi_loss=-0.0709 vf_loss=36.6455 entropy=34.2059 kl=0.0300
[Iter 450/488] steps=921600 reward=528.24 pi_loss=-0.0756 vf_loss=34.5460 entropy=34.2419 kl=0.0297
  [Eval] mean_return=486.52 std_return=256.94
[Iter 451/488] steps=923648 reward=567.80 pi_loss=-0.0765 vf_loss=29.2946 entropy=34.2780 kl=0.0299
[Iter 452/488] steps=925696 reward=581.98 pi_loss=-0.0786 vf_loss=38.2023 entropy=34.2101 kl=0.0268
[Iter 453/488] steps=927744 reward=379.35 pi_loss=-0.0706 vf_loss=34.9426 entropy=34.0484 kl=0.0288
[Iter 454/488] steps=929792 reward=621.45 pi_loss=-0.0834 vf_loss=36.9877 entropy=34.1500 kl=0.0273
[Iter 455/488] steps=931840 reward=586.48 pi_loss=-0.0905 vf_loss=31.7127 entropy=34.1300 kl=0.0304
  [Eval] mean_return=432.80 std_return=317.73
[Iter 456/488] steps=933888 reward=369.33 pi_loss=-0.0765 vf_loss=27.7149 entropy=34.3139 kl=0.0306
[Iter 457/488] steps=935936 reward=548.86 pi_loss=-0.0916 vf_loss=37.3713 entropy=34.1990 kl=0.0254
[Iter 458/488] steps=937984 reward=234.57 pi_loss=-0.0746 vf_loss=26.5903 entropy=34.0838 kl=0.0286
[Iter 459/488] steps=940032 reward=590.58 pi_loss=-0.0806 vf_loss=32.7475 entropy=34.1587 kl=0.0237
  [Eval] mean_return=596.56 std_return=94.33
[Iter 460/488] steps=942080 reward=534.56 pi_loss=-0.0673 vf_loss=31.6365 entropy=34.2666 kl=0.0243
[Iter 461/488] steps=944128 reward=570.18 pi_loss=-0.0827 vf_loss=36.3081 entropy=34.1045 kl=0.0218
[Iter 462/488] steps=946176 reward=352.86 pi_loss=-0.0628 vf_loss=27.9535 entropy=34.2266 kl=0.0238
[Iter 463/488] steps=948224 reward=110.89 pi_loss=-0.0510 vf_loss=20.6484 entropy=34.1660 kl=0.0252
[Iter 464/488] steps=950272 reward=340.95 pi_loss=-0.0715 vf_loss=28.7645 entropy=33.9181 kl=0.0229
  [Eval] mean_return=700.67 std_return=72.77
[Iter 465/488] steps=952320 reward=83.91 pi_loss=-0.0171 vf_loss=38.4630 entropy=34.1190 kl=0.0226
[Iter 466/488] steps=954368 reward=43.42 pi_loss=-0.0304 vf_loss=17.6689 entropy=34.1155 kl=0.0272
[Iter 467/488] steps=956416 reward=705.72 pi_loss=-0.0565 vf_loss=40.9893 entropy=34.2506 kl=0.0184
[Iter 468/488] steps=958464 reward=486.60 pi_loss=-0.0652 vf_loss=37.1366 entropy=33.9865 kl=0.0180
[Iter 469/488] steps=960512 reward=487.25 pi_loss=-0.0731 vf_loss=41.6161 entropy=34.1270 kl=0.0192
  [Eval] mean_return=656.19 std_return=265.09
[Iter 470/488] steps=962560 reward=583.25 pi_loss=-0.0550 vf_loss=37.4846 entropy=34.0214 kl=0.0194
[Iter 471/488] steps=964608 reward=563.78 pi_loss=-0.0609 vf_loss=38.4525 entropy=34.2343 kl=0.0191
[Iter 472/488] steps=966656 reward=599.08 pi_loss=-0.0729 vf_loss=40.6808 entropy=34.1704 kl=0.0194
[Iter 473/488] steps=968704 reward=504.29 pi_loss=-0.0635 vf_loss=37.7354 entropy=34.1940 kl=0.0173
[Iter 474/488] steps=970752 reward=653.15 pi_loss=-0.0498 vf_loss=47.1643 entropy=34.0790 kl=0.0168
  [Eval] mean_return=710.44 std_return=63.43
[Iter 475/488] steps=972800 reward=426.10 pi_loss=-0.0621 vf_loss=34.7307 entropy=34.0823 kl=0.0170
[Iter 476/488] steps=974848 reward=636.54 pi_loss=-0.0676 vf_loss=37.6866 entropy=34.0689 kl=0.0179
[Iter 477/488] steps=976896 reward=472.88 pi_loss=-0.0409 vf_loss=33.5236 entropy=34.0400 kl=0.0168
[Iter 478/488] steps=978944 reward=543.71 pi_loss=-0.0599 vf_loss=38.3034 entropy=34.0347 kl=0.0135
[Iter 479/488] steps=980992 reward=523.76 pi_loss=-0.0365 vf_loss=58.1612 entropy=34.0461 kl=0.0132
  [Eval] mean_return=644.83 std_return=56.26
[Iter 480/488] steps=983040 reward=102.90 pi_loss=-0.0200 vf_loss=27.3020 entropy=34.0386 kl=0.0140
[Iter 481/488] steps=985088 reward=494.35 pi_loss=-0.0481 vf_loss=45.2173 entropy=34.0536 kl=0.0109
[Iter 482/488] steps=987136 reward=436.23 pi_loss=-0.0431 vf_loss=29.9816 entropy=34.0909 kl=0.0110
[Iter 483/488] steps=989184 reward=427.51 pi_loss=-0.0361 vf_loss=38.9772 entropy=33.9229 kl=0.0067
[Iter 484/488] steps=991232 reward=643.18 pi_loss=-0.0418 vf_loss=34.4495 entropy=34.0759 kl=0.0103
  [Eval] mean_return=566.57 std_return=192.91
[Iter 485/488] steps=993280 reward=298.74 pi_loss=-0.0550 vf_loss=30.3393 entropy=34.1019 kl=0.0055
[Iter 486/488] steps=995328 reward=505.60 pi_loss=-0.0534 vf_loss=44.1638 entropy=34.1350 kl=0.0048
[Iter 487/488] steps=997376 reward=520.53 pi_loss=-0.0539 vf_loss=31.1274 entropy=33.9755 kl=0.0025
[Iter 488/488] steps=999424 reward=532.86 pi_loss=-0.0465 vf_loss=40.7999 entropy=34.0677 kl=0.0004
Training complete. Logs saved to results/8hr/K4_step_cond/seed_42
