[Iter 1/488] steps=2048 reward=-388.70 pi_loss=-0.0115 vf_loss=13.0899 entropy=68.1814 kl=0.0146
[Iter 2/488] steps=4096 reward=-517.62 pi_loss=-0.0165 vf_loss=15.1646 entropy=68.2192 kl=0.0171
[Iter 3/488] steps=6144 reward=-506.68 pi_loss=-0.0214 vf_loss=13.2005 entropy=68.2588 kl=0.0227
[Iter 4/488] steps=8192 reward=-519.10 pi_loss=-0.0212 vf_loss=30.0584 entropy=68.2694 kl=0.0211
[Iter 5/488] steps=10240 reward=-453.51 pi_loss=-0.0217 vf_loss=21.3262 entropy=68.2518 kl=0.0214
  [Eval] mean_return=-422.13 std_return=110.91
[Iter 6/488] steps=12288 reward=-387.50 pi_loss=-0.0279 vf_loss=13.0114 entropy=68.4344 kl=0.0339
[Iter 7/488] steps=14336 reward=-375.12 pi_loss=-0.0310 vf_loss=10.7209 entropy=68.5528 kl=0.0359
[Iter 8/488] steps=16384 reward=-446.53 pi_loss=-0.0302 vf_loss=14.2316 entropy=68.3440 kl=0.0321
[Iter 9/488] steps=18432 reward=-421.19 pi_loss=-0.0283 vf_loss=20.6021 entropy=68.4196 kl=0.0276
[Iter 10/488] steps=20480 reward=-409.32 pi_loss=-0.0325 vf_loss=11.2195 entropy=68.6320 kl=0.0455
  [Eval] mean_return=-286.00 std_return=49.66
[Iter 11/488] steps=22528 reward=-503.83 pi_loss=-0.0296 vf_loss=23.2693 entropy=68.4005 kl=0.0288
[Iter 12/488] steps=24576 reward=-394.30 pi_loss=-0.0342 vf_loss=15.0186 entropy=68.4386 kl=0.0474
[Iter 13/488] steps=26624 reward=-469.91 pi_loss=-0.0349 vf_loss=16.3964 entropy=68.4286 kl=0.0424
[Iter 14/488] steps=28672 reward=-363.07 pi_loss=-0.0372 vf_loss=12.8384 entropy=68.3543 kl=0.0468
[Iter 15/488] steps=30720 reward=-309.34 pi_loss=-0.0362 vf_loss=10.5400 entropy=68.5328 kl=0.0505
  [Eval] mean_return=-285.05 std_return=48.25
[Iter 16/488] steps=32768 reward=-345.94 pi_loss=-0.0302 vf_loss=19.3978 entropy=68.3297 kl=0.0313
[Iter 17/488] steps=34816 reward=-336.46 pi_loss=-0.0375 vf_loss=11.3210 entropy=68.4396 kl=0.0359
[Iter 18/488] steps=36864 reward=-407.77 pi_loss=-0.0364 vf_loss=10.1175 entropy=68.4064 kl=0.0426
[Iter 19/488] steps=38912 reward=-351.52 pi_loss=-0.0370 vf_loss=8.7023 entropy=68.8778 kl=0.0651
[Iter 20/488] steps=40960 reward=-283.04 pi_loss=-0.0390 vf_loss=10.9912 entropy=68.3862 kl=0.0423
  [Eval] mean_return=-244.08 std_return=24.42
[Iter 21/488] steps=43008 reward=-328.49 pi_loss=-0.0410 vf_loss=9.4355 entropy=68.5452 kl=0.0463
[Iter 22/488] steps=45056 reward=-352.80 pi_loss=-0.0393 vf_loss=8.7917 entropy=68.6226 kl=0.0591
[Iter 23/488] steps=47104 reward=-311.41 pi_loss=-0.0406 vf_loss=8.2220 entropy=68.4548 kl=0.0625
[Iter 24/488] steps=49152 reward=-251.85 pi_loss=-0.0390 vf_loss=9.7861 entropy=68.5300 kl=0.0532
[Iter 25/488] steps=51200 reward=-295.55 pi_loss=-0.0433 vf_loss=13.0103 entropy=68.5293 kl=0.0461
  [Eval] mean_return=-173.86 std_return=47.23
[Iter 26/488] steps=53248 reward=-276.17 pi_loss=-0.0397 vf_loss=16.9331 entropy=68.4259 kl=0.0432
[Iter 27/488] steps=55296 reward=-239.11 pi_loss=-0.0377 vf_loss=12.4873 entropy=68.5738 kl=0.0527
[Iter 28/488] steps=57344 reward=-254.54 pi_loss=-0.0418 vf_loss=9.2967 entropy=68.7081 kl=0.0676
[Iter 29/488] steps=59392 reward=-296.75 pi_loss=-0.0413 vf_loss=8.3787 entropy=68.8065 kl=0.0669
[Iter 30/488] steps=61440 reward=-195.59 pi_loss=-0.0408 vf_loss=8.9589 entropy=68.7160 kl=0.0786
  [Eval] mean_return=-112.55 std_return=69.01
[Iter 31/488] steps=63488 reward=-220.17 pi_loss=-0.0434 vf_loss=14.0889 entropy=68.6192 kl=0.0530
[Iter 32/488] steps=65536 reward=-245.64 pi_loss=-0.0408 vf_loss=7.4769 entropy=68.7329 kl=0.0857
[Iter 33/488] steps=67584 reward=-237.71 pi_loss=-0.0451 vf_loss=9.1222 entropy=68.6652 kl=0.0611
[Iter 34/488] steps=69632 reward=-224.15 pi_loss=-0.0426 vf_loss=14.4840 entropy=68.4919 kl=0.0471
[Iter 35/488] steps=71680 reward=-283.28 pi_loss=-0.0448 vf_loss=10.1936 entropy=68.6042 kl=0.0600
  [Eval] mean_return=-111.77 std_return=66.29
[Iter 36/488] steps=73728 reward=-220.38 pi_loss=-0.0443 vf_loss=14.5628 entropy=68.4796 kl=0.0475
[Iter 37/488] steps=75776 reward=-290.11 pi_loss=-0.0445 vf_loss=11.3701 entropy=68.5136 kl=0.0598
[Iter 38/488] steps=77824 reward=-191.43 pi_loss=-0.0445 vf_loss=8.6107 entropy=68.7479 kl=0.0776
[Iter 39/488] steps=79872 reward=-168.52 pi_loss=-0.0413 vf_loss=9.1136 entropy=68.6417 kl=0.0736
[Iter 40/488] steps=81920 reward=-190.68 pi_loss=-0.0460 vf_loss=8.6538 entropy=68.6631 kl=0.0657
  [Eval] mean_return=-145.93 std_return=115.95
[Iter 41/488] steps=83968 reward=-362.53 pi_loss=-0.0465 vf_loss=13.5331 entropy=68.6005 kl=0.0569
[Iter 42/488] steps=86016 reward=-209.59 pi_loss=-0.0464 vf_loss=9.7291 entropy=68.6031 kl=0.0682
[Iter 43/488] steps=88064 reward=-174.16 pi_loss=-0.0463 vf_loss=9.9672 entropy=69.0282 kl=0.0760
[Iter 44/488] steps=90112 reward=-141.11 pi_loss=-0.0439 vf_loss=9.0063 entropy=68.6914 kl=0.0774
  [Eval] mean_return=-131.85 std_return=104.74
[Iter 45/488] steps=92160 reward=-218.04 pi_loss=-0.0463 vf_loss=9.3556 entropy=68.7373 kl=0.0819
[Iter 46/488] steps=94208 reward=-194.14 pi_loss=-0.0476 vf_loss=9.6152 entropy=68.7804 kl=0.0726
[Iter 47/488] steps=96256 reward=-205.40 pi_loss=-0.0524 vf_loss=9.7135 entropy=69.0068 kl=0.0776
[Iter 48/488] steps=98304 reward=-118.68 pi_loss=-0.0505 vf_loss=10.9657 entropy=68.7106 kl=0.0635
[Iter 49/488] steps=100352 reward=-176.90 pi_loss=-0.0474 vf_loss=12.6319 entropy=68.6943 kl=0.0612
  [Eval] mean_return=-85.35 std_return=67.34
[Iter 50/488] steps=102400 reward=-281.52 pi_loss=-0.0490 vf_loss=12.6787 entropy=69.0404 kl=0.0681
[Iter 51/488] steps=104448 reward=-248.35 pi_loss=-0.0497 vf_loss=10.4080 entropy=68.9209 kl=0.0752
[Iter 52/488] steps=106496 reward=-230.70 pi_loss=-0.0420 vf_loss=7.5596 entropy=68.9689 kl=0.1033
[Iter 53/488] steps=108544 reward=-137.81 pi_loss=-0.0461 vf_loss=9.9004 entropy=68.9876 kl=0.0761
[Iter 54/488] steps=110592 reward=-155.34 pi_loss=-0.0465 vf_loss=9.9474 entropy=68.9292 kl=0.0803
  [Eval] mean_return=-93.19 std_return=72.69
[Iter 55/488] steps=112640 reward=-195.53 pi_loss=-0.0463 vf_loss=11.3187 entropy=68.8905 kl=0.0791
[Iter 56/488] steps=114688 reward=-196.48 pi_loss=-0.0441 vf_loss=9.5404 entropy=68.7527 kl=0.0835
[Iter 57/488] steps=116736 reward=-216.51 pi_loss=-0.0463 vf_loss=9.3352 entropy=68.7294 kl=0.0847
[Iter 58/488] steps=118784 reward=-188.53 pi_loss=-0.0461 vf_loss=8.0290 entropy=68.8358 kl=0.0872
[Iter 59/488] steps=120832 reward=-167.64 pi_loss=-0.0451 vf_loss=8.3338 entropy=68.9781 kl=0.0894
  [Eval] mean_return=-27.71 std_return=95.41
[Iter 60/488] steps=122880 reward=-125.70 pi_loss=-0.0456 vf_loss=9.1526 entropy=68.7528 kl=0.0765
[Iter 61/488] steps=124928 reward=-115.45 pi_loss=-0.0435 vf_loss=10.5989 entropy=68.7550 kl=0.0711
[Iter 62/488] steps=126976 reward=-86.71 pi_loss=-0.0394 vf_loss=12.6029 entropy=68.7637 kl=0.0721
[Iter 63/488] steps=129024 reward=-67.53 pi_loss=-0.0460 vf_loss=13.9014 entropy=68.7262 kl=0.0717
[Iter 64/488] steps=131072 reward=-125.52 pi_loss=-0.0491 vf_loss=15.3330 entropy=68.8103 kl=0.0742
  [Eval] mean_return=-63.17 std_return=120.24
[Iter 65/488] steps=133120 reward=-148.49 pi_loss=-0.0461 vf_loss=12.1268 entropy=68.8613 kl=0.0850
[Iter 66/488] steps=135168 reward=-5.27 pi_loss=-0.0466 vf_loss=10.9748 entropy=69.1468 kl=0.1067
[Iter 67/488] steps=137216 reward=-62.32 pi_loss=-0.0416 vf_loss=9.1489 entropy=68.9899 kl=0.1107
[Iter 68/488] steps=139264 reward=-77.93 pi_loss=-0.0503 vf_loss=9.0520 entropy=68.8876 kl=0.0838
[Iter 69/488] steps=141312 reward=-7.97 pi_loss=-0.0476 vf_loss=8.4595 entropy=69.0663 kl=0.0941
  [Eval] mean_return=-27.24 std_return=95.31
[Iter 70/488] steps=143360 reward=-107.03 pi_loss=-0.0480 vf_loss=8.7508 entropy=68.7280 kl=0.0831
[Iter 71/488] steps=145408 reward=-99.82 pi_loss=-0.0488 vf_loss=8.6755 entropy=68.7710 kl=0.0909
[Iter 72/488] steps=147456 reward=-75.34 pi_loss=-0.0507 vf_loss=12.8575 entropy=68.7999 kl=0.0736
[Iter 73/488] steps=149504 reward=-74.42 pi_loss=-0.0567 vf_loss=10.9306 entropy=68.9961 kl=0.0895
[Iter 74/488] steps=151552 reward=-54.02 pi_loss=-0.0456 vf_loss=7.8554 entropy=68.6779 kl=0.0990
  [Eval] mean_return=-19.92 std_return=87.59
[Iter 75/488] steps=153600 reward=-99.56 pi_loss=-0.0470 vf_loss=6.8243 entropy=69.0643 kl=0.1020
[Iter 76/488] steps=155648 reward=-51.30 pi_loss=-0.0521 vf_loss=9.9503 entropy=68.9509 kl=0.0828
[Iter 77/488] steps=157696 reward=-81.58 pi_loss=-0.0527 vf_loss=11.5922 entropy=68.7194 kl=0.0717
[Iter 78/488] steps=159744 reward=-114.02 pi_loss=-0.0491 vf_loss=8.7407 entropy=68.9905 kl=0.0927
[Iter 79/488] steps=161792 reward=-147.97 pi_loss=-0.0487 vf_loss=7.2118 entropy=68.9614 kl=0.1084
  [Eval] mean_return=-9.72 std_return=114.79
[Iter 80/488] steps=163840 reward=-46.43 pi_loss=-0.0509 vf_loss=7.0438 entropy=68.7779 kl=0.0919
[Iter 81/488] steps=165888 reward=-113.95 pi_loss=-0.0515 vf_loss=10.8938 entropy=68.6421 kl=0.0730
[Iter 82/488] steps=167936 reward=-46.15 pi_loss=-0.0462 vf_loss=12.5410 entropy=68.9195 kl=0.0782
[Iter 83/488] steps=169984 reward=-191.21 pi_loss=-0.0452 vf_loss=8.5885 entropy=68.9122 kl=0.0978
[Iter 84/488] steps=172032 reward=-26.43 pi_loss=-0.0524 vf_loss=12.3934 entropy=68.7898 kl=0.0669
  [Eval] mean_return=47.24 std_return=105.36
[Iter 85/488] steps=174080 reward=-101.35 pi_loss=-0.0483 vf_loss=20.5511 entropy=68.6712 kl=0.0574
[Iter 86/488] steps=176128 reward=-89.82 pi_loss=-0.0513 vf_loss=14.3110 entropy=68.5800 kl=0.0672
[Iter 87/488] steps=178176 reward=-245.22 pi_loss=-0.0445 vf_loss=14.5416 entropy=68.9107 kl=0.0970
[Iter 88/488] steps=180224 reward=-34.04 pi_loss=-0.0484 vf_loss=20.5392 entropy=68.4643 kl=0.0583
  [Eval] mean_return=119.70 std_return=79.75
[Iter 89/488] steps=182272 reward=-150.04 pi_loss=-0.0434 vf_loss=10.2693 entropy=69.1384 kl=0.1164
[Iter 90/488] steps=184320 reward=7.27 pi_loss=-0.0467 vf_loss=10.7880 entropy=68.8812 kl=0.1036
[Iter 91/488] steps=186368 reward=-100.65 pi_loss=-0.0506 vf_loss=11.6815 entropy=69.0646 kl=0.0933
[Iter 92/488] steps=188416 reward=-160.39 pi_loss=-0.0513 vf_loss=10.4238 entropy=69.1060 kl=0.1134
[Iter 93/488] steps=190464 reward=0.15 pi_loss=-0.0493 vf_loss=12.1442 entropy=68.8899 kl=0.0922
  [Eval] mean_return=86.61 std_return=58.79
[Iter 94/488] steps=192512 reward=-68.54 pi_loss=-0.0540 vf_loss=12.7985 entropy=68.8250 kl=0.0875
[Iter 95/488] steps=194560 reward=-67.29 pi_loss=-0.0458 vf_loss=11.4944 entropy=69.1723 kl=0.1046
[Iter 96/488] steps=196608 reward=-3.19 pi_loss=-0.0514 vf_loss=10.6081 entropy=68.8770 kl=0.1026
[Iter 97/488] steps=198656 reward=22.44 pi_loss=-0.0486 vf_loss=9.7679 entropy=69.0426 kl=0.1004
[Iter 98/488] steps=200704 reward=-58.97 pi_loss=-0.0511 vf_loss=11.8790 entropy=68.9883 kl=0.0916
  [Eval] mean_return=98.66 std_return=26.15
[Iter 99/488] steps=202752 reward=20.88 pi_loss=-0.0512 vf_loss=12.6333 entropy=69.0168 kl=0.0971
[Iter 100/488] steps=204800 reward=-5.59 pi_loss=-0.0501 vf_loss=11.5635 entropy=69.0560 kl=0.1092
[Iter 101/488] steps=206848 reward=-14.69 pi_loss=-0.0474 vf_loss=12.6583 entropy=68.9294 kl=0.0956
[Iter 102/488] steps=208896 reward=78.43 pi_loss=-0.0530 vf_loss=9.1872 entropy=69.0143 kl=0.1028
[Iter 103/488] steps=210944 reward=-13.78 pi_loss=-0.0491 vf_loss=11.3116 entropy=69.0973 kl=0.1136
  [Eval] mean_return=101.01 std_return=35.46
[Iter 104/488] steps=212992 reward=2.90 pi_loss=-0.0461 vf_loss=9.5170 entropy=69.0171 kl=0.1168
[Iter 105/488] steps=215040 reward=6.39 pi_loss=-0.0532 vf_loss=12.3138 entropy=68.8124 kl=0.0879
[Iter 106/488] steps=217088 reward=14.50 pi_loss=-0.0491 vf_loss=8.8802 entropy=69.1787 kl=0.1153
[Iter 107/488] steps=219136 reward=-53.06 pi_loss=-0.0530 vf_loss=11.9131 entropy=68.8111 kl=0.0814
[Iter 108/488] steps=221184 reward=-20.65 pi_loss=-0.0519 vf_loss=10.4903 entropy=69.1497 kl=0.0967
  [Eval] mean_return=39.62 std_return=106.97
[Iter 109/488] steps=223232 reward=3.20 pi_loss=-0.0540 vf_loss=9.1500 entropy=68.6734 kl=0.0931
[Iter 110/488] steps=225280 reward=-26.31 pi_loss=-0.0491 vf_loss=7.9876 entropy=68.9326 kl=0.1069
[Iter 111/488] steps=227328 reward=5.85 pi_loss=-0.0551 vf_loss=10.2041 entropy=69.1140 kl=0.1005
[Iter 112/488] steps=229376 reward=2.76 pi_loss=-0.0474 vf_loss=11.5036 entropy=68.8314 kl=0.0969
[Iter 113/488] steps=231424 reward=10.69 pi_loss=-0.0523 vf_loss=17.3637 entropy=68.7854 kl=0.0733
  [Eval] mean_return=11.88 std_return=181.35
[Iter 114/488] steps=233472 reward=-38.80 pi_loss=-0.0577 vf_loss=10.1802 entropy=68.9570 kl=0.0934
[Iter 115/488] steps=235520 reward=-59.38 pi_loss=-0.0555 vf_loss=16.2731 entropy=68.8459 kl=0.0767
[Iter 116/488] steps=237568 reward=-101.69 pi_loss=-0.0565 vf_loss=12.6180 entropy=68.9645 kl=0.0978
[Iter 117/488] steps=239616 reward=-115.71 pi_loss=-0.0605 vf_loss=14.0782 entropy=68.7322 kl=0.0865
[Iter 118/488] steps=241664 reward=-72.13 pi_loss=-0.0508 vf_loss=9.9907 entropy=69.0562 kl=0.1213
  [Eval] mean_return=99.31 std_return=77.55
[Iter 119/488] steps=243712 reward=-1.47 pi_loss=-0.0559 vf_loss=13.0526 entropy=68.9409 kl=0.1041
[Iter 120/488] steps=245760 reward=35.44 pi_loss=-0.0540 vf_loss=11.7041 entropy=69.1156 kl=0.1075
[Iter 121/488] steps=247808 reward=-78.26 pi_loss=-0.0577 vf_loss=11.7149 entropy=68.7843 kl=0.1008
[Iter 122/488] steps=249856 reward=-15.95 pi_loss=-0.0495 vf_loss=9.3192 entropy=69.1757 kl=0.1284
[Iter 123/488] steps=251904 reward=1.27 pi_loss=-0.0564 vf_loss=11.0553 entropy=69.0865 kl=0.1199
  [Eval] mean_return=31.20 std_return=126.84
[Iter 124/488] steps=253952 reward=-1.28 pi_loss=-0.0544 vf_loss=10.7561 entropy=68.9157 kl=0.1007
[Iter 125/488] steps=256000 reward=-17.28 pi_loss=-0.0556 vf_loss=16.4237 entropy=68.8026 kl=0.0798
[Iter 126/488] steps=258048 reward=-24.91 pi_loss=-0.0583 vf_loss=12.3800 entropy=68.8637 kl=0.1027
[Iter 127/488] steps=260096 reward=11.14 pi_loss=-0.0523 vf_loss=11.6470 entropy=69.2980 kl=0.1043
  [Eval] mean_return=32.21 std_return=110.62
[Iter 128/488] steps=262144 reward=-4.51 pi_loss=-0.0538 vf_loss=10.4249 entropy=69.2536 kl=0.1173
[Iter 129/488] steps=264192 reward=70.86 pi_loss=-0.0458 vf_loss=7.2238 entropy=69.1755 kl=0.1360
[Iter 130/488] steps=266240 reward=-37.32 pi_loss=-0.0525 vf_loss=10.6334 entropy=69.2458 kl=0.1262
[Iter 131/488] steps=268288 reward=-15.70 pi_loss=-0.0563 vf_loss=9.7116 entropy=68.9104 kl=0.1044
[Iter 132/488] steps=270336 reward=-50.49 pi_loss=-0.0569 vf_loss=10.0136 entropy=68.6861 kl=0.0960
  [Eval] mean_return=65.98 std_return=120.07
[Iter 133/488] steps=272384 reward=-92.88 pi_loss=-0.0544 vf_loss=20.7118 entropy=68.7330 kl=0.0664
[Iter 134/488] steps=274432 reward=21.97 pi_loss=-0.0525 vf_loss=16.4476 entropy=68.6749 kl=0.0741
[Iter 135/488] steps=276480 reward=5.60 pi_loss=-0.0478 vf_loss=7.6029 entropy=69.1057 kl=0.1268
[Iter 136/488] steps=278528 reward=-1.03 pi_loss=-0.0487 vf_loss=9.4324 entropy=69.0672 kl=0.1063
[Iter 137/488] steps=280576 reward=-112.93 pi_loss=-0.0510 vf_loss=9.0879 entropy=69.0991 kl=0.1137
  [Eval] mean_return=-7.87 std_return=90.92
[Iter 138/488] steps=282624 reward=20.96 pi_loss=-0.0503 vf_loss=12.1564 entropy=68.8974 kl=0.1029
[Iter 139/488] steps=284672 reward=12.33 pi_loss=-0.0510 vf_loss=13.7951 entropy=68.9570 kl=0.0836
[Iter 140/488] steps=286720 reward=-78.57 pi_loss=-0.0561 vf_loss=14.4676 entropy=68.9404 kl=0.0969
[Iter 141/488] steps=288768 reward=-95.18 pi_loss=-0.0357 vf_loss=22.8285 entropy=69.2757 kl=0.1401
[Iter 142/488] steps=290816 reward=-140.14 pi_loss=-0.0533 vf_loss=12.6165 entropy=69.0115 kl=0.0976
  [Eval] mean_return=32.11 std_return=106.45
[Iter 143/488] steps=292864 reward=55.94 pi_loss=-0.0467 vf_loss=9.6611 entropy=69.5444 kl=0.1387
[Iter 144/488] steps=294912 reward=-5.36 pi_loss=-0.0515 vf_loss=8.9430 entropy=69.3649 kl=0.1369
[Iter 145/488] steps=296960 reward=-23.05 pi_loss=-0.0534 vf_loss=10.8486 entropy=68.9719 kl=0.1109
[Iter 146/488] steps=299008 reward=4.57 pi_loss=-0.0491 vf_loss=10.9486 entropy=69.1554 kl=0.1118
[Iter 147/488] steps=301056 reward=-65.45 pi_loss=-0.0556 vf_loss=15.9782 entropy=68.9111 kl=0.0964
  [Eval] mean_return=62.80 std_return=60.20
[Iter 148/488] steps=303104 reward=-68.23 pi_loss=-0.0471 vf_loss=12.7488 entropy=69.0012 kl=0.1122
[Iter 149/488] steps=305152 reward=38.47 pi_loss=-0.0437 vf_loss=8.5194 entropy=69.5485 kl=0.1488
[Iter 150/488] steps=307200 reward=40.73 pi_loss=-0.0581 vf_loss=10.4949 entropy=69.1365 kl=0.1087
[Iter 151/488] steps=309248 reward=26.92 pi_loss=-0.0482 vf_loss=6.4150 entropy=69.3872 kl=0.1511
[Iter 152/488] steps=311296 reward=-52.87 pi_loss=-0.0580 vf_loss=9.2368 entropy=69.1219 kl=0.1076
  [Eval] mean_return=-4.96 std_return=103.02
[Iter 153/488] steps=313344 reward=-68.62 pi_loss=-0.0601 vf_loss=15.9011 entropy=68.9176 kl=0.0880
[Iter 154/488] steps=315392 reward=-77.39 pi_loss=-0.0571 vf_loss=14.0611 entropy=69.0969 kl=0.0894
[Iter 155/488] steps=317440 reward=37.19 pi_loss=-0.0606 vf_loss=11.3538 entropy=69.0084 kl=0.1000
[Iter 156/488] steps=319488 reward=-110.17 pi_loss=-0.0514 vf_loss=9.3565 entropy=69.3096 kl=0.1183
[Iter 157/488] steps=321536 reward=87.65 pi_loss=-0.0513 vf_loss=10.4199 entropy=69.2653 kl=0.1032
  [Eval] mean_return=0.45 std_return=123.39
[Iter 158/488] steps=323584 reward=-84.29 pi_loss=-0.0569 vf_loss=18.1350 entropy=68.8242 kl=0.0781
[Iter 159/488] steps=325632 reward=-176.57 pi_loss=-0.0386 vf_loss=7.7123 entropy=69.4476 kl=0.1539
[Iter 160/488] steps=327680 reward=-51.26 pi_loss=-0.0540 vf_loss=11.9593 entropy=68.9874 kl=0.0999
[Iter 161/488] steps=329728 reward=97.70 pi_loss=-0.0469 vf_loss=7.5015 entropy=69.0827 kl=0.1266
[Iter 162/488] steps=331776 reward=1.87 pi_loss=-0.0531 vf_loss=7.2393 entropy=69.1595 kl=0.1250
  [Eval] mean_return=35.15 std_return=41.67
[Iter 163/488] steps=333824 reward=-51.20 pi_loss=-0.0489 vf_loss=9.1521 entropy=68.9304 kl=0.0969
[Iter 164/488] steps=335872 reward=-32.95 pi_loss=-0.0451 vf_loss=9.6898 entropy=69.0532 kl=0.1105
[Iter 165/488] steps=337920 reward=3.32 pi_loss=-0.0574 vf_loss=9.0495 entropy=69.1947 kl=0.1048
[Iter 166/488] steps=339968 reward=38.25 pi_loss=-0.0567 vf_loss=7.6799 entropy=69.2584 kl=0.1251
[Iter 167/488] steps=342016 reward=-36.91 pi_loss=-0.0547 vf_loss=11.9627 entropy=68.6669 kl=0.0879
  [Eval] mean_return=57.43 std_return=32.93
[Iter 168/488] steps=344064 reward=-81.12 pi_loss=-0.0534 vf_loss=7.8684 entropy=69.2389 kl=0.1099
[Iter 169/488] steps=346112 reward=-82.62 pi_loss=-0.0520 vf_loss=14.1477 entropy=68.8831 kl=0.0907
[Iter 170/488] steps=348160 reward=-33.39 pi_loss=-0.0489 vf_loss=10.1351 entropy=68.7539 kl=0.0995
[Iter 171/488] steps=350208 reward=6.89 pi_loss=-0.0546 vf_loss=9.0500 entropy=69.1159 kl=0.1170
  [Eval] mean_return=100.29 std_return=59.26
[Iter 172/488] steps=352256 reward=10.59 pi_loss=-0.0513 vf_loss=8.1047 entropy=69.0122 kl=0.1149
[Iter 173/488] steps=354304 reward=44.30 pi_loss=-0.0573 vf_loss=10.6687 entropy=68.9235 kl=0.0975
[Iter 174/488] steps=356352 reward=-152.33 pi_loss=-0.0528 vf_loss=7.8977 entropy=69.2715 kl=0.1263
[Iter 175/488] steps=358400 reward=-36.52 pi_loss=-0.0516 vf_loss=7.1747 entropy=69.1937 kl=0.1218
[Iter 176/488] steps=360448 reward=46.07 pi_loss=-0.0501 vf_loss=7.8121 entropy=69.1525 kl=0.1120
  [Eval] mean_return=102.93 std_return=45.68
[Iter 177/488] steps=362496 reward=36.19 pi_loss=-0.0566 vf_loss=9.9984 entropy=68.9313 kl=0.0884
[Iter 178/488] steps=364544 reward=-67.09 pi_loss=-0.0583 vf_loss=9.8089 entropy=68.9970 kl=0.0893
[Iter 179/488] steps=366592 reward=51.34 pi_loss=-0.0517 vf_loss=8.1846 entropy=69.0815 kl=0.1034
[Iter 180/488] steps=368640 reward=-27.60 pi_loss=-0.0560 vf_loss=8.5677 entropy=68.9834 kl=0.0978
[Iter 181/488] steps=370688 reward=-125.37 pi_loss=-0.0507 vf_loss=6.4044 entropy=68.9974 kl=0.1176
  [Eval] mean_return=118.23 std_return=50.28
[Iter 182/488] steps=372736 reward=-6.73 pi_loss=-0.0547 vf_loss=10.2300 entropy=68.9621 kl=0.0902
[Iter 183/488] steps=374784 reward=-17.70 pi_loss=-0.0589 vf_loss=8.3194 entropy=69.1653 kl=0.0837
[Iter 184/488] steps=376832 reward=-53.53 pi_loss=-0.0571 vf_loss=10.8055 entropy=68.8027 kl=0.0781
[Iter 185/488] steps=378880 reward=-40.14 pi_loss=-0.0527 vf_loss=15.6484 entropy=68.7169 kl=0.0658
[Iter 186/488] steps=380928 reward=79.90 pi_loss=-0.0520 vf_loss=9.6082 entropy=68.9994 kl=0.0996
  [Eval] mean_return=5.49 std_return=118.77
[Iter 187/488] steps=382976 reward=45.09 pi_loss=-0.0491 vf_loss=9.2932 entropy=69.3195 kl=0.1177
[Iter 188/488] steps=385024 reward=24.56 pi_loss=-0.0444 vf_loss=7.9095 entropy=69.1833 kl=0.1103
[Iter 189/488] steps=387072 reward=31.34 pi_loss=-0.0473 vf_loss=10.0770 entropy=69.0565 kl=0.1088
[Iter 190/488] steps=389120 reward=-9.99 pi_loss=-0.0590 vf_loss=12.0869 entropy=68.8400 kl=0.0888
[Iter 191/488] steps=391168 reward=-122.93 pi_loss=-0.0581 vf_loss=8.1574 entropy=69.0861 kl=0.1084
  [Eval] mean_return=37.59 std_return=75.04
[Iter 192/488] steps=393216 reward=-17.20 pi_loss=-0.0459 vf_loss=6.4744 entropy=69.3787 kl=0.1429
[Iter 193/488] steps=395264 reward=16.00 pi_loss=-0.0552 vf_loss=7.1118 entropy=68.8624 kl=0.1069
[Iter 194/488] steps=397312 reward=59.71 pi_loss=-0.0606 vf_loss=8.5001 entropy=68.9193 kl=0.0899
[Iter 195/488] steps=399360 reward=-6.83 pi_loss=-0.0555 vf_loss=9.4647 entropy=68.9140 kl=0.0873
[Iter 196/488] steps=401408 reward=-11.79 pi_loss=-0.0559 vf_loss=8.6928 entropy=68.8497 kl=0.0933
  [Eval] mean_return=79.87 std_return=112.99
[Iter 197/488] steps=403456 reward=-2.17 pi_loss=-0.0469 vf_loss=6.5544 entropy=69.1757 kl=0.1209
[Iter 198/488] steps=405504 reward=4.56 pi_loss=-0.0501 vf_loss=8.0630 entropy=69.0414 kl=0.1079
[Iter 199/488] steps=407552 reward=5.67 pi_loss=-0.0580 vf_loss=9.1991 entropy=68.8742 kl=0.0863
[Iter 200/488] steps=409600 reward=18.22 pi_loss=-0.0595 vf_loss=9.8619 entropy=68.9284 kl=0.0900
[Iter 201/488] steps=411648 reward=-24.94 pi_loss=-0.0574 vf_loss=8.9130 entropy=68.8337 kl=0.0815
  [Eval] mean_return=-2.63 std_return=128.29
[Iter 202/488] steps=413696 reward=58.41 pi_loss=-0.0571 vf_loss=7.7994 entropy=68.6828 kl=0.1024
[Iter 203/488] steps=415744 reward=92.20 pi_loss=-0.0592 vf_loss=9.7884 entropy=68.6455 kl=0.0839
[Iter 204/488] steps=417792 reward=-16.58 pi_loss=-0.0549 vf_loss=8.3514 entropy=69.0986 kl=0.1005
[Iter 205/488] steps=419840 reward=10.45 pi_loss=-0.0497 vf_loss=8.9370 entropy=69.0560 kl=0.1055
[Iter 206/488] steps=421888 reward=18.58 pi_loss=-0.0576 vf_loss=8.5272 entropy=69.0095 kl=0.1044
  [Eval] mean_return=132.07 std_return=50.81
[Iter 207/488] steps=423936 reward=57.27 pi_loss=-0.0593 vf_loss=22.1238 entropy=68.7860 kl=0.0711
[Iter 208/488] steps=425984 reward=-144.36 pi_loss=-0.0552 vf_loss=9.1471 entropy=69.0348 kl=0.0941
[Iter 209/488] steps=428032 reward=43.74 pi_loss=-0.0551 vf_loss=13.2161 entropy=68.8247 kl=0.0845
[Iter 210/488] steps=430080 reward=13.17 pi_loss=-0.0587 vf_loss=8.0607 entropy=69.0110 kl=0.0983
  [Eval] mean_return=109.88 std_return=65.80
[Iter 211/488] steps=432128 reward=13.82 pi_loss=-0.0522 vf_loss=10.8760 entropy=68.7991 kl=0.0918
[Iter 212/488] steps=434176 reward=-40.70 pi_loss=-0.0583 vf_loss=8.2949 entropy=69.2131 kl=0.1151
[Iter 213/488] steps=436224 reward=62.46 pi_loss=-0.0566 vf_loss=10.0925 entropy=68.9418 kl=0.0838
[Iter 214/488] steps=438272 reward=83.42 pi_loss=-0.0440 vf_loss=6.7455 entropy=69.3060 kl=0.1322
[Iter 215/488] steps=440320 reward=28.36 pi_loss=-0.0477 vf_loss=6.6211 entropy=69.0882 kl=0.1244
  [Eval] mean_return=104.04 std_return=92.25
[Iter 216/488] steps=442368 reward=54.68 pi_loss=-0.0601 vf_loss=7.8921 entropy=68.8595 kl=0.0906
[Iter 217/488] steps=444416 reward=52.22 pi_loss=-0.0567 vf_loss=9.7212 entropy=68.6191 kl=0.0837
[Iter 218/488] steps=446464 reward=28.34 pi_loss=-0.0588 vf_loss=9.6684 entropy=68.8171 kl=0.0847
[Iter 219/488] steps=448512 reward=52.11 pi_loss=-0.0581 vf_loss=9.7373 entropy=68.7239 kl=0.0836
[Iter 220/488] steps=450560 reward=58.76 pi_loss=-0.0575 vf_loss=7.6197 entropy=69.2069 kl=0.1036
  [Eval] mean_return=124.39 std_return=56.83
[Iter 221/488] steps=452608 reward=31.68 pi_loss=-0.0497 vf_loss=9.7232 entropy=68.8632 kl=0.0958
[Iter 222/488] steps=454656 reward=-64.95 pi_loss=-0.0531 vf_loss=18.9871 entropy=68.6568 kl=0.0653
[Iter 223/488] steps=456704 reward=71.42 pi_loss=-0.0548 vf_loss=11.7666 entropy=68.5686 kl=0.0833
[Iter 224/488] steps=458752 reward=82.65 pi_loss=-0.0604 vf_loss=12.4334 entropy=69.1122 kl=0.0999
[Iter 225/488] steps=460800 reward=-135.94 pi_loss=-0.0587 vf_loss=11.0853 entropy=68.7979 kl=0.0923
  [Eval] mean_return=115.99 std_return=110.07
[Iter 226/488] steps=462848 reward=-24.86 pi_loss=-0.0548 vf_loss=8.1878 entropy=68.8448 kl=0.1018
[Iter 227/488] steps=464896 reward=20.07 pi_loss=-0.0543 vf_loss=8.1155 entropy=69.0717 kl=0.1087
[Iter 228/488] steps=466944 reward=40.46 pi_loss=-0.0601 vf_loss=9.7855 entropy=68.8824 kl=0.0862
[Iter 229/488] steps=468992 reward=55.65 pi_loss=-0.0619 vf_loss=8.9918 entropy=68.8751 kl=0.0917
[Iter 230/488] steps=471040 reward=-11.67 pi_loss=-0.0599 vf_loss=14.3985 entropy=68.8291 kl=0.0713
  [Eval] mean_return=91.07 std_return=99.60
[Iter 231/488] steps=473088 reward=17.51 pi_loss=-0.0549 vf_loss=12.5137 entropy=68.9083 kl=0.0822
[Iter 232/488] steps=475136 reward=-109.40 pi_loss=-0.0559 vf_loss=8.3718 entropy=69.3544 kl=0.1464
[Iter 233/488] steps=477184 reward=-36.35 pi_loss=-0.0577 vf_loss=8.3617 entropy=68.8528 kl=0.0958
[Iter 234/488] steps=479232 reward=28.43 pi_loss=-0.0560 vf_loss=6.1350 entropy=69.2381 kl=0.1134
[Iter 235/488] steps=481280 reward=86.76 pi_loss=-0.0570 vf_loss=6.6484 entropy=68.8828 kl=0.1047
  [Eval] mean_return=56.35 std_return=118.40
[Iter 236/488] steps=483328 reward=-135.12 pi_loss=-0.0605 vf_loss=10.9471 entropy=69.0648 kl=0.0989
[Iter 237/488] steps=485376 reward=62.75 pi_loss=-0.0578 vf_loss=7.5976 entropy=68.8891 kl=0.1037
[Iter 238/488] steps=487424 reward=64.34 pi_loss=-0.0574 vf_loss=8.5475 entropy=68.8002 kl=0.0921
[Iter 239/488] steps=489472 reward=62.49 pi_loss=-0.0593 vf_loss=8.2586 entropy=69.1024 kl=0.1068
[Iter 240/488] steps=491520 reward=-67.12 pi_loss=-0.0542 vf_loss=6.9335 entropy=69.0883 kl=0.1049
  [Eval] mean_return=62.29 std_return=131.19
[Iter 241/488] steps=493568 reward=145.10 pi_loss=-0.0594 vf_loss=8.1830 entropy=68.9590 kl=0.0897
[Iter 242/488] steps=495616 reward=89.72 pi_loss=-0.0537 vf_loss=8.5506 entropy=69.0174 kl=0.1019
[Iter 243/488] steps=497664 reward=34.05 pi_loss=-0.0544 vf_loss=6.1128 entropy=68.9697 kl=0.1109
[Iter 244/488] steps=499712 reward=33.98 pi_loss=-0.0630 vf_loss=8.1108 entropy=69.0038 kl=0.0901
[Iter 245/488] steps=501760 reward=13.94 pi_loss=-0.0625 vf_loss=9.2859 entropy=69.0639 kl=0.1030
  [Eval] mean_return=73.29 std_return=129.99
[Iter 246/488] steps=503808 reward=-10.55 pi_loss=-0.0585 vf_loss=7.7893 entropy=68.9222 kl=0.0959
[Iter 247/488] steps=505856 reward=-16.93 pi_loss=-0.0602 vf_loss=8.8258 entropy=68.8439 kl=0.0835
[Iter 248/488] steps=507904 reward=38.57 pi_loss=-0.0595 vf_loss=7.6775 entropy=68.9013 kl=0.0888
[Iter 249/488] steps=509952 reward=76.90 pi_loss=-0.0596 vf_loss=6.8761 entropy=69.0445 kl=0.0969
[Iter 250/488] steps=512000 reward=43.63 pi_loss=-0.0604 vf_loss=9.2066 entropy=68.8567 kl=0.0839
  [Eval] mean_return=54.82 std_return=101.27
[Iter 251/488] steps=514048 reward=-51.89 pi_loss=-0.0551 vf_loss=12.7341 entropy=68.5719 kl=0.0651
[Iter 252/488] steps=516096 reward=-5.59 pi_loss=-0.0578 vf_loss=10.4513 entropy=68.5542 kl=0.0775
[Iter 253/488] steps=518144 reward=4.21 pi_loss=-0.0606 vf_loss=11.7929 entropy=68.7390 kl=0.0736
[Iter 254/488] steps=520192 reward=-80.96 pi_loss=-0.0551 vf_loss=8.2935 entropy=68.8947 kl=0.0950
  [Eval] mean_return=88.08 std_return=128.20
[Iter 255/488] steps=522240 reward=80.47 pi_loss=-0.0575 vf_loss=11.1863 entropy=68.9074 kl=0.0792
[Iter 256/488] steps=524288 reward=54.75 pi_loss=-0.0594 vf_loss=11.6148 entropy=68.6852 kl=0.0855
[Iter 257/488] steps=526336 reward=57.88 pi_loss=-0.0583 vf_loss=12.4000 entropy=68.7408 kl=0.0796
[Iter 258/488] steps=528384 reward=-8.72 pi_loss=-0.0568 vf_loss=18.1629 entropy=68.8610 kl=0.0719
[Iter 259/488] steps=530432 reward=-18.44 pi_loss=-0.0603 vf_loss=14.7934 entropy=68.8376 kl=0.0794
  [Eval] mean_return=141.44 std_return=53.86
[Iter 260/488] steps=532480 reward=-49.06 pi_loss=-0.0561 vf_loss=9.1392 entropy=69.0446 kl=0.1078
[Iter 261/488] steps=534528 reward=-7.80 pi_loss=-0.0602 vf_loss=10.8569 entropy=68.6300 kl=0.0841
[Iter 262/488] steps=536576 reward=4.79 pi_loss=-0.0559 vf_loss=10.6592 entropy=68.7379 kl=0.0875
[Iter 263/488] steps=538624 reward=33.81 pi_loss=-0.0562 vf_loss=9.5022 entropy=68.8277 kl=0.0953
[Iter 264/488] steps=540672 reward=35.70 pi_loss=-0.0566 vf_loss=8.7501 entropy=69.1463 kl=0.1055
  [Eval] mean_return=85.18 std_return=93.79
[Iter 265/488] steps=542720 reward=-36.92 pi_loss=-0.0559 vf_loss=10.2969 entropy=68.7200 kl=0.0882
[Iter 266/488] steps=544768 reward=14.81 pi_loss=-0.0605 vf_loss=7.8551 entropy=69.0891 kl=0.1027
[Iter 267/488] steps=546816 reward=53.07 pi_loss=-0.0577 vf_loss=9.6811 entropy=68.6966 kl=0.0896
[Iter 268/488] steps=548864 reward=93.40 pi_loss=-0.0590 vf_loss=8.4820 entropy=68.8819 kl=0.0936
[Iter 269/488] steps=550912 reward=28.23 pi_loss=-0.0597 vf_loss=17.3077 entropy=68.5564 kl=0.0653
  [Eval] mean_return=87.88 std_return=125.94
[Iter 270/488] steps=552960 reward=28.30 pi_loss=-0.0597 vf_loss=8.5266 entropy=68.9996 kl=0.0992
[Iter 271/488] steps=555008 reward=39.36 pi_loss=-0.0613 vf_loss=9.9418 entropy=68.9145 kl=0.0940
[Iter 272/488] steps=557056 reward=63.47 pi_loss=-0.0571 vf_loss=8.4209 entropy=68.8602 kl=0.0919
[Iter 273/488] steps=559104 reward=25.44 pi_loss=-0.0573 vf_loss=11.3675 entropy=68.9782 kl=0.0776
[Iter 274/488] steps=561152 reward=36.13 pi_loss=-0.0586 vf_loss=9.6835 entropy=68.7952 kl=0.0825
  [Eval] mean_return=117.97 std_return=63.85
[Iter 275/488] steps=563200 reward=-100.58 pi_loss=-0.0549 vf_loss=18.0643 entropy=68.8644 kl=0.0628
[Iter 276/488] steps=565248 reward=101.11 pi_loss=-0.0521 vf_loss=17.2676 entropy=68.4355 kl=0.0632
[Iter 277/488] steps=567296 reward=12.73 pi_loss=-0.0553 vf_loss=8.7962 entropy=68.9151 kl=0.1024
[Iter 278/488] steps=569344 reward=20.41 pi_loss=-0.0502 vf_loss=7.9504 entropy=69.1117 kl=0.1069
[Iter 279/488] steps=571392 reward=-11.76 pi_loss=-0.0540 vf_loss=7.4156 entropy=69.1801 kl=0.1015
  [Eval] mean_return=123.99 std_return=53.70
[Iter 280/488] steps=573440 reward=64.53 pi_loss=-0.0496 vf_loss=23.9949 entropy=68.5978 kl=0.0567
[Iter 281/488] steps=575488 reward=-25.46 pi_loss=-0.0614 vf_loss=7.9047 entropy=69.0668 kl=0.1081
[Iter 282/488] steps=577536 reward=48.73 pi_loss=-0.0613 vf_loss=9.7305 entropy=68.9961 kl=0.0995
[Iter 283/488] steps=579584 reward=-7.67 pi_loss=-0.0619 vf_loss=10.0855 entropy=68.8680 kl=0.0908
[Iter 284/488] steps=581632 reward=-35.61 pi_loss=-0.0546 vf_loss=15.4917 entropy=68.5466 kl=0.0644
  [Eval] mean_return=77.14 std_return=87.91
[Iter 285/488] steps=583680 reward=36.25 pi_loss=-0.0600 vf_loss=11.5814 entropy=68.6472 kl=0.0805
[Iter 286/488] steps=585728 reward=-28.74 pi_loss=-0.0608 vf_loss=6.4416 entropy=69.0043 kl=0.1088
[Iter 287/488] steps=587776 reward=8.88 pi_loss=-0.0582 vf_loss=9.0759 entropy=68.6285 kl=0.0862
[Iter 288/488] steps=589824 reward=53.58 pi_loss=-0.0577 vf_loss=12.3895 entropy=68.6687 kl=0.0712
[Iter 289/488] steps=591872 reward=27.38 pi_loss=-0.0575 vf_loss=15.1185 entropy=68.7070 kl=0.0691
  [Eval] mean_return=88.93 std_return=76.19
[Iter 290/488] steps=593920 reward=-79.92 pi_loss=-0.0591 vf_loss=10.2473 entropy=68.8622 kl=0.0913
[Iter 291/488] steps=595968 reward=12.61 pi_loss=-0.0610 vf_loss=10.8304 entropy=68.8563 kl=0.0941
[Iter 292/488] steps=598016 reward=-3.61 pi_loss=-0.0609 vf_loss=10.1062 entropy=68.8829 kl=0.0920
[Iter 293/488] steps=600064 reward=-20.67 pi_loss=-0.0544 vf_loss=9.2852 entropy=68.8842 kl=0.1034
  [Eval] mean_return=105.90 std_return=57.83
[Iter 294/488] steps=602112 reward=45.80 pi_loss=-0.0612 vf_loss=7.4294 entropy=68.8469 kl=0.1012
[Iter 295/488] steps=604160 reward=-0.27 pi_loss=-0.0575 vf_loss=11.8278 entropy=68.9663 kl=0.0722
[Iter 296/488] steps=606208 reward=59.97 pi_loss=-0.0624 vf_loss=8.5244 entropy=68.8383 kl=0.0969
[Iter 297/488] steps=608256 reward=17.01 pi_loss=-0.0649 vf_loss=12.3623 entropy=68.9112 kl=0.0778
[Iter 298/488] steps=610304 reward=80.43 pi_loss=-0.0583 vf_loss=9.6155 entropy=68.7950 kl=0.0849
  [Eval] mean_return=126.23 std_return=66.89
[Iter 299/488] steps=612352 reward=-2.73 pi_loss=-0.0612 vf_loss=8.0792 entropy=68.8815 kl=0.0959
[Iter 300/488] steps=614400 reward=20.45 pi_loss=-0.0648 vf_loss=11.3395 entropy=68.6462 kl=0.0808
[Iter 301/488] steps=616448 reward=25.49 pi_loss=-0.0600 vf_loss=10.6147 entropy=69.0083 kl=0.0788
[Iter 302/488] steps=618496 reward=21.23 pi_loss=-0.0619 vf_loss=8.2729 entropy=68.9314 kl=0.0883
[Iter 303/488] steps=620544 reward=-25.10 pi_loss=-0.0611 vf_loss=10.8906 entropy=68.8753 kl=0.0785
  [Eval] mean_return=71.55 std_return=60.23
[Iter 304/488] steps=622592 reward=-40.82 pi_loss=-0.0634 vf_loss=9.9651 entropy=68.8962 kl=0.0819
[Iter 305/488] steps=624640 reward=-37.33 pi_loss=-0.0577 vf_loss=9.5300 entropy=69.0868 kl=0.0836
[Iter 306/488] steps=626688 reward=-21.65 pi_loss=-0.0605 vf_loss=9.2843 entropy=68.8052 kl=0.0789
[Iter 307/488] steps=628736 reward=40.58 pi_loss=-0.0631 vf_loss=10.1933 entropy=68.9814 kl=0.0786
[Iter 308/488] steps=630784 reward=20.83 pi_loss=-0.0593 vf_loss=8.5723 entropy=68.7398 kl=0.0866
  [Eval] mean_return=66.01 std_return=77.77
[Iter 309/488] steps=632832 reward=41.54 pi_loss=-0.0584 vf_loss=10.3733 entropy=68.7392 kl=0.0752
[Iter 310/488] steps=634880 reward=45.16 pi_loss=-0.0624 vf_loss=9.7328 entropy=68.8306 kl=0.0839
[Iter 311/488] steps=636928 reward=12.24 pi_loss=-0.0622 vf_loss=9.3502 entropy=68.8764 kl=0.0785
[Iter 312/488] steps=638976 reward=-40.04 pi_loss=-0.0627 vf_loss=10.4900 entropy=68.6065 kl=0.0720
[Iter 313/488] steps=641024 reward=-127.81 pi_loss=-0.0622 vf_loss=10.5118 entropy=68.8277 kl=0.0870
  [Eval] mean_return=81.76 std_return=120.84
[Iter 314/488] steps=643072 reward=-24.31 pi_loss=-0.0599 vf_loss=8.7501 entropy=68.9431 kl=0.0856
[Iter 315/488] steps=645120 reward=-44.58 pi_loss=-0.0638 vf_loss=6.6485 entropy=69.0101 kl=0.1005
[Iter 316/488] steps=647168 reward=-2.06 pi_loss=-0.0604 vf_loss=12.2559 entropy=68.7009 kl=0.0633
[Iter 317/488] steps=649216 reward=61.84 pi_loss=-0.0587 vf_loss=8.8656 entropy=68.7484 kl=0.0720
[Iter 318/488] steps=651264 reward=-20.38 pi_loss=-0.0583 vf_loss=11.0845 entropy=68.7375 kl=0.0625
  [Eval] mean_return=95.14 std_return=101.38
[Iter 319/488] steps=653312 reward=5.49 pi_loss=-0.0600 vf_loss=9.1332 entropy=68.7810 kl=0.0781
[Iter 320/488] steps=655360 reward=-26.93 pi_loss=-0.0577 vf_loss=12.1363 entropy=68.4658 kl=0.0693
[Iter 321/488] steps=657408 reward=1.27 pi_loss=-0.0603 vf_loss=7.5078 entropy=68.7945 kl=0.0884
[Iter 322/488] steps=659456 reward=-48.04 pi_loss=-0.0618 vf_loss=10.4893 entropy=68.7350 kl=0.0776
[Iter 323/488] steps=661504 reward=-65.86 pi_loss=-0.0636 vf_loss=7.1270 entropy=68.9731 kl=0.0880
  [Eval] mean_return=65.61 std_return=91.80
[Iter 324/488] steps=663552 reward=20.53 pi_loss=-0.0623 vf_loss=10.1070 entropy=68.6485 kl=0.0733
[Iter 325/488] steps=665600 reward=-84.73 pi_loss=-0.0578 vf_loss=20.5048 entropy=68.5618 kl=0.0506
[Iter 326/488] steps=667648 reward=59.80 pi_loss=-0.0603 vf_loss=12.5618 entropy=68.8325 kl=0.0652
[Iter 327/488] steps=669696 reward=-98.08 pi_loss=-0.0626 vf_loss=10.0457 entropy=68.9176 kl=0.0822
[Iter 328/488] steps=671744 reward=-19.12 pi_loss=-0.0611 vf_loss=11.8144 entropy=68.7644 kl=0.0727
  [Eval] mean_return=76.72 std_return=83.57
[Iter 329/488] steps=673792 reward=-140.02 pi_loss=-0.0585 vf_loss=14.4822 entropy=68.7069 kl=0.0626
[Iter 330/488] steps=675840 reward=41.84 pi_loss=-0.0614 vf_loss=15.3054 entropy=68.6127 kl=0.0684
[Iter 331/488] steps=677888 reward=-27.89 pi_loss=-0.0519 vf_loss=11.0404 entropy=69.0431 kl=0.0812
[Iter 332/488] steps=679936 reward=-25.21 pi_loss=-0.0578 vf_loss=11.5079 entropy=68.9525 kl=0.0776
[Iter 333/488] steps=681984 reward=36.27 pi_loss=-0.0640 vf_loss=8.3014 entropy=68.8649 kl=0.0915
  [Eval] mean_return=66.73 std_return=68.60
[Iter 334/488] steps=684032 reward=10.50 pi_loss=-0.0601 vf_loss=15.0794 entropy=68.7489 kl=0.0600
[Iter 335/488] steps=686080 reward=39.98 pi_loss=-0.0600 vf_loss=11.8916 entropy=68.7529 kl=0.0717
[Iter 336/488] steps=688128 reward=-14.78 pi_loss=-0.0576 vf_loss=14.2415 entropy=68.5954 kl=0.0636
[Iter 337/488] steps=690176 reward=-65.96 pi_loss=-0.0617 vf_loss=10.2082 entropy=68.9551 kl=0.0843
  [Eval] mean_return=100.46 std_return=60.78
[Iter 338/488] steps=692224 reward=15.27 pi_loss=-0.0646 vf_loss=11.6363 entropy=68.8056 kl=0.0770
[Iter 339/488] steps=694272 reward=-59.21 pi_loss=-0.0597 vf_loss=8.9776 entropy=68.9353 kl=0.0850
[Iter 340/488] steps=696320 reward=-69.58 pi_loss=-0.0606 vf_loss=11.0789 entropy=68.8152 kl=0.0889
[Iter 341/488] steps=698368 reward=-15.67 pi_loss=-0.0582 vf_loss=11.5082 entropy=68.7013 kl=0.0609
[Iter 342/488] steps=700416 reward=49.12 pi_loss=-0.0609 vf_loss=9.4452 entropy=68.9415 kl=0.0831
  [Eval] mean_return=90.27 std_return=45.94
[Iter 343/488] steps=702464 reward=12.56 pi_loss=-0.0606 vf_loss=10.1184 entropy=68.7918 kl=0.0716
[Iter 344/488] steps=704512 reward=-19.01 pi_loss=-0.0639 vf_loss=9.6036 entropy=68.8096 kl=0.0743
[Iter 345/488] steps=706560 reward=-77.51 pi_loss=-0.0579 vf_loss=9.4136 entropy=68.7669 kl=0.0655
[Iter 346/488] steps=708608 reward=29.84 pi_loss=-0.0627 vf_loss=10.3995 entropy=68.6940 kl=0.0750
[Iter 347/488] steps=710656 reward=-7.47 pi_loss=-0.0543 vf_loss=9.9142 entropy=68.7201 kl=0.0829
  [Eval] mean_return=36.92 std_return=94.80
[Iter 348/488] steps=712704 reward=-85.24 pi_loss=-0.0554 vf_loss=9.2602 entropy=68.7728 kl=0.0703
[Iter 349/488] steps=714752 reward=-124.74 pi_loss=-0.0643 vf_loss=12.2237 entropy=68.6956 kl=0.0713
[Iter 350/488] steps=716800 reward=-17.19 pi_loss=-0.0587 vf_loss=8.9214 entropy=68.7438 kl=0.0761
[Iter 351/488] steps=718848 reward=-11.11 pi_loss=-0.0646 vf_loss=9.8695 entropy=68.7209 kl=0.0689
[Iter 352/488] steps=720896 reward=-4.52 pi_loss=-0.0595 vf_loss=13.3337 entropy=68.5982 kl=0.0575
  [Eval] mean_return=54.64 std_return=87.21
[Iter 353/488] steps=722944 reward=-49.59 pi_loss=-0.0602 vf_loss=13.0340 entropy=68.5687 kl=0.0586
[Iter 354/488] steps=724992 reward=-52.33 pi_loss=-0.0585 vf_loss=8.1539 entropy=68.9797 kl=0.0820
[Iter 355/488] steps=727040 reward=-42.35 pi_loss=-0.0614 vf_loss=12.0884 entropy=68.9114 kl=0.0677
[Iter 356/488] steps=729088 reward=-70.47 pi_loss=-0.0601 vf_loss=9.8242 entropy=68.8784 kl=0.0888
[Iter 357/488] steps=731136 reward=-79.92 pi_loss=-0.0660 vf_loss=10.5560 entropy=68.8137 kl=0.0678
  [Eval] mean_return=48.64 std_return=52.69
[Iter 358/488] steps=733184 reward=4.10 pi_loss=-0.0612 vf_loss=8.4358 entropy=68.8846 kl=0.0743
[Iter 359/488] steps=735232 reward=42.33 pi_loss=-0.0630 vf_loss=7.4374 entropy=68.7090 kl=0.0664
[Iter 360/488] steps=737280 reward=1.58 pi_loss=-0.0605 vf_loss=10.2383 entropy=68.6843 kl=0.0619
[Iter 361/488] steps=739328 reward=-2.21 pi_loss=-0.0588 vf_loss=11.0907 entropy=68.6752 kl=0.0618
[Iter 362/488] steps=741376 reward=-1.20 pi_loss=-0.0634 vf_loss=8.6719 entropy=68.4708 kl=0.0678
  [Eval] mean_return=91.01 std_return=109.00
[Iter 363/488] steps=743424 reward=-81.77 pi_loss=-0.0629 vf_loss=9.8048 entropy=68.7546 kl=0.0633
[Iter 364/488] steps=745472 reward=27.49 pi_loss=-0.0614 vf_loss=10.7130 entropy=68.4274 kl=0.0600
[Iter 365/488] steps=747520 reward=-51.92 pi_loss=-0.0593 vf_loss=10.9106 entropy=68.4719 kl=0.0629
[Iter 366/488] steps=749568 reward=-99.41 pi_loss=-0.0606 vf_loss=9.7163 entropy=68.7342 kl=0.0654
[Iter 367/488] steps=751616 reward=-27.26 pi_loss=-0.0533 vf_loss=8.6844 entropy=68.7101 kl=0.0650
  [Eval] mean_return=57.37 std_return=57.09
[Iter 368/488] steps=753664 reward=37.79 pi_loss=-0.0641 vf_loss=8.9871 entropy=68.5847 kl=0.0718
[Iter 369/488] steps=755712 reward=-69.99 pi_loss=-0.0619 vf_loss=10.8518 entropy=68.4728 kl=0.0606
[Iter 370/488] steps=757760 reward=43.51 pi_loss=-0.0642 vf_loss=8.3210 entropy=68.5913 kl=0.0671
[Iter 371/488] steps=759808 reward=3.45 pi_loss=-0.0605 vf_loss=9.9246 entropy=68.6321 kl=0.0607
[Iter 372/488] steps=761856 reward=7.47 pi_loss=-0.0615 vf_loss=8.9869 entropy=68.6073 kl=0.0680
  [Eval] mean_return=48.76 std_return=117.74
[Iter 373/488] steps=763904 reward=23.56 pi_loss=-0.0598 vf_loss=10.9051 entropy=68.5840 kl=0.0531
[Iter 374/488] steps=765952 reward=-37.30 pi_loss=-0.0551 vf_loss=11.8727 entropy=68.6812 kl=0.0535
[Iter 375/488] steps=768000 reward=-15.15 pi_loss=-0.0605 vf_loss=10.8629 entropy=68.8761 kl=0.0622
[Iter 376/488] steps=770048 reward=-40.17 pi_loss=-0.0579 vf_loss=11.4565 entropy=68.6223 kl=0.0535
  [Eval] mean_return=74.33 std_return=57.55
[Iter 377/488] steps=772096 reward=27.03 pi_loss=-0.0596 vf_loss=7.7696 entropy=68.6453 kl=0.0670
[Iter 378/488] steps=774144 reward=-123.26 pi_loss=-0.0594 vf_loss=10.6464 entropy=68.6352 kl=0.0631
[Iter 379/488] steps=776192 reward=-200.90 pi_loss=-0.0584 vf_loss=10.6638 entropy=68.6777 kl=0.0593
[Iter 380/488] steps=778240 reward=21.63 pi_loss=-0.0551 vf_loss=12.2525 entropy=68.4824 kl=0.0492
[Iter 381/488] steps=780288 reward=-99.51 pi_loss=-0.0619 vf_loss=10.4814 entropy=68.5987 kl=0.0573
  [Eval] mean_return=27.17 std_return=130.78
[Iter 382/488] steps=782336 reward=-34.72 pi_loss=-0.0580 vf_loss=11.1888 entropy=68.7921 kl=0.0592
[Iter 383/488] steps=784384 reward=0.59 pi_loss=-0.0581 vf_loss=10.9139 entropy=68.4797 kl=0.0564
[Iter 384/488] steps=786432 reward=14.21 pi_loss=-0.0615 vf_loss=8.0131 entropy=68.7700 kl=0.0674
[Iter 385/488] steps=788480 reward=36.90 pi_loss=-0.0580 vf_loss=11.5539 entropy=68.6197 kl=0.0543
[Iter 386/488] steps=790528 reward=-36.42 pi_loss=-0.0535 vf_loss=16.5046 entropy=68.4663 kl=0.0414
  [Eval] mean_return=49.30 std_return=110.48
[Iter 387/488] steps=792576 reward=-27.35 pi_loss=-0.0557 vf_loss=12.0646 entropy=68.4448 kl=0.0544
[Iter 388/488] steps=794624 reward=-40.56 pi_loss=-0.0576 vf_loss=12.4303 entropy=68.5478 kl=0.0544
[Iter 389/488] steps=796672 reward=-4.75 pi_loss=-0.0579 vf_loss=13.4069 entropy=68.6540 kl=0.0516
[Iter 390/488] steps=798720 reward=-75.95 pi_loss=-0.0620 vf_loss=8.3904 entropy=68.7220 kl=0.0632
[Iter 391/488] steps=800768 reward=-21.34 pi_loss=-0.0597 vf_loss=8.8853 entropy=68.3665 kl=0.0589
  [Eval] mean_return=61.78 std_return=64.36
[Iter 392/488] steps=802816 reward=-9.32 pi_loss=-0.0560 vf_loss=9.0665 entropy=68.6433 kl=0.0564
[Iter 393/488] steps=804864 reward=-37.81 pi_loss=-0.0583 vf_loss=8.7040 entropy=68.6477 kl=0.0568
[Iter 394/488] steps=806912 reward=-65.61 pi_loss=-0.0530 vf_loss=13.3924 entropy=68.4199 kl=0.0461
[Iter 395/488] steps=808960 reward=51.97 pi_loss=-0.0589 vf_loss=7.5527 entropy=68.7010 kl=0.0580
[Iter 396/488] steps=811008 reward=28.85 pi_loss=-0.0571 vf_loss=9.2649 entropy=68.6256 kl=0.0515
  [Eval] mean_return=14.20 std_return=114.81
[Iter 397/488] steps=813056 reward=-5.78 pi_loss=-0.0556 vf_loss=11.9189 entropy=68.4840 kl=0.0474
[Iter 398/488] steps=815104 reward=-145.77 pi_loss=-0.0642 vf_loss=11.5474 entropy=68.4855 kl=0.0573
[Iter 399/488] steps=817152 reward=-62.82 pi_loss=-0.0603 vf_loss=9.9898 entropy=68.7015 kl=0.0545
[Iter 400/488] steps=819200 reward=-59.20 pi_loss=-0.0573 vf_loss=9.5981 entropy=68.5081 kl=0.0518
[Iter 401/488] steps=821248 reward=-120.52 pi_loss=-0.0610 vf_loss=10.2041 entropy=68.5434 kl=0.0557
  [Eval] mean_return=8.20 std_return=102.12
[Iter 402/488] steps=823296 reward=-41.65 pi_loss=-0.0575 vf_loss=8.6619 entropy=68.4549 kl=0.0557
[Iter 403/488] steps=825344 reward=-60.71 pi_loss=-0.0589 vf_loss=11.4649 entropy=68.6187 kl=0.0470
[Iter 404/488] steps=827392 reward=-21.50 pi_loss=-0.0578 vf_loss=11.1574 entropy=68.5444 kl=0.0499
[Iter 405/488] steps=829440 reward=-44.46 pi_loss=-0.0531 vf_loss=12.3921 entropy=68.2860 kl=0.0461
[Iter 406/488] steps=831488 reward=-93.35 pi_loss=-0.0597 vf_loss=11.8915 entropy=68.7084 kl=0.0507
  [Eval] mean_return=4.57 std_return=60.71
[Iter 407/488] steps=833536 reward=-60.44 pi_loss=-0.0639 vf_loss=8.7827 entropy=68.6324 kl=0.0558
[Iter 408/488] steps=835584 reward=-39.08 pi_loss=-0.0575 vf_loss=9.3630 entropy=68.5828 kl=0.0501
[Iter 409/488] steps=837632 reward=17.50 pi_loss=-0.0589 vf_loss=10.6265 entropy=68.3285 kl=0.0487
[Iter 410/488] steps=839680 reward=-25.79 pi_loss=-0.0568 vf_loss=9.5331 entropy=68.3614 kl=0.0473
[Iter 411/488] steps=841728 reward=-82.36 pi_loss=-0.0549 vf_loss=10.2618 entropy=68.4598 kl=0.0456
  [Eval] mean_return=4.04 std_return=55.67
[Iter 412/488] steps=843776 reward=-79.17 pi_loss=-0.0552 vf_loss=13.0322 entropy=68.5665 kl=0.0419
[Iter 413/488] steps=845824 reward=-86.99 pi_loss=-0.0549 vf_loss=8.9194 entropy=68.4020 kl=0.0490
[Iter 414/488] steps=847872 reward=-12.39 pi_loss=-0.0560 vf_loss=8.1910 entropy=68.5675 kl=0.0494
[Iter 415/488] steps=849920 reward=-33.05 pi_loss=-0.0536 vf_loss=13.2229 entropy=68.5185 kl=0.0408
[Iter 416/488] steps=851968 reward=-102.55 pi_loss=-0.0551 vf_loss=10.0218 entropy=68.5793 kl=0.0478
  [Eval] mean_return=-46.93 std_return=152.39
[Iter 417/488] steps=854016 reward=-56.07 pi_loss=-0.0634 vf_loss=8.6676 entropy=68.5443 kl=0.0535
[Iter 418/488] steps=856064 reward=25.62 pi_loss=-0.0512 vf_loss=10.8559 entropy=68.3888 kl=0.0414
[Iter 419/488] steps=858112 reward=-2.62 pi_loss=-0.0495 vf_loss=11.3740 entropy=68.2425 kl=0.0423
[Iter 420/488] steps=860160 reward=-58.20 pi_loss=-0.0562 vf_loss=10.1127 entropy=68.5310 kl=0.0467
  [Eval] mean_return=0.06 std_return=152.85
[Iter 421/488] steps=862208 reward=-48.52 pi_loss=-0.0516 vf_loss=9.7443 entropy=68.3637 kl=0.0434
[Iter 422/488] steps=864256 reward=-7.87 pi_loss=-0.0516 vf_loss=8.4583 entropy=68.4673 kl=0.0447
[Iter 423/488] steps=866304 reward=-29.09 pi_loss=-0.0511 vf_loss=10.3203 entropy=68.4191 kl=0.0409
[Iter 424/488] steps=868352 reward=17.48 pi_loss=-0.0556 vf_loss=8.1712 entropy=68.5649 kl=0.0454
[Iter 425/488] steps=870400 reward=-67.95 pi_loss=-0.0524 vf_loss=11.4312 entropy=68.4927 kl=0.0387
  [Eval] mean_return=34.56 std_return=76.16
[Iter 426/488] steps=872448 reward=-56.98 pi_loss=-0.0531 vf_loss=8.5578 entropy=68.4166 kl=0.0455
[Iter 427/488] steps=874496 reward=-60.65 pi_loss=-0.0519 vf_loss=9.9397 entropy=68.3829 kl=0.0420
[Iter 428/488] steps=876544 reward=-70.61 pi_loss=-0.0509 vf_loss=9.7515 entropy=68.3208 kl=0.0383
[Iter 429/488] steps=878592 reward=-35.14 pi_loss=-0.0452 vf_loss=14.2330 entropy=68.2433 kl=0.0324
[Iter 430/488] steps=880640 reward=-237.94 pi_loss=-0.0509 vf_loss=20.4770 entropy=68.2201 kl=0.0361
  [Eval] mean_return=56.89 std_return=100.23
[Iter 431/488] steps=882688 reward=-59.68 pi_loss=-0.0557 vf_loss=8.5965 entropy=68.4566 kl=0.0445
[Iter 432/488] steps=884736 reward=-136.39 pi_loss=-0.0501 vf_loss=12.3869 entropy=68.4639 kl=0.0375
[Iter 433/488] steps=886784 reward=-39.44 pi_loss=-0.0512 vf_loss=13.9217 entropy=68.2947 kl=0.0362
[Iter 434/488] steps=888832 reward=-18.94 pi_loss=-0.0531 vf_loss=7.2458 entropy=68.3960 kl=0.0452
[Iter 435/488] steps=890880 reward=-8.47 pi_loss=-0.0451 vf_loss=15.3390 entropy=68.2772 kl=0.0336
  [Eval] mean_return=16.37 std_return=66.95
[Iter 436/488] steps=892928 reward=-83.29 pi_loss=-0.0499 vf_loss=13.1588 entropy=68.5372 kl=0.0360
[Iter 437/488] steps=894976 reward=-58.59 pi_loss=-0.0566 vf_loss=10.0878 entropy=68.5536 kl=0.0418
[Iter 438/488] steps=897024 reward=-75.09 pi_loss=-0.0496 vf_loss=12.0077 entropy=68.4052 kl=0.0349
[Iter 439/488] steps=899072 reward=-99.97 pi_loss=-0.0468 vf_loss=14.8343 entropy=68.5815 kl=0.0319
[Iter 440/488] steps=901120 reward=-73.03 pi_loss=-0.0532 vf_loss=7.9890 entropy=68.4493 kl=0.0399
  [Eval] mean_return=39.71 std_return=59.39
[Iter 441/488] steps=903168 reward=-42.00 pi_loss=-0.0495 vf_loss=9.5664 entropy=68.4402 kl=0.0352
[Iter 442/488] steps=905216 reward=-23.62 pi_loss=-0.0486 vf_loss=10.7312 entropy=68.4290 kl=0.0354
[Iter 443/488] steps=907264 reward=-61.02 pi_loss=-0.0503 vf_loss=9.9108 entropy=68.1426 kl=0.0356
[Iter 444/488] steps=909312 reward=45.75 pi_loss=-0.0472 vf_loss=12.2450 entropy=68.3004 kl=0.0329
[Iter 445/488] steps=911360 reward=-81.79 pi_loss=-0.0493 vf_loss=15.2386 entropy=68.5126 kl=0.0326
  [Eval] mean_return=30.58 std_return=67.97
[Iter 446/488] steps=913408 reward=-189.40 pi_loss=-0.0484 vf_loss=16.6730 entropy=68.1296 kl=0.0309
[Iter 447/488] steps=915456 reward=-129.69 pi_loss=-0.0468 vf_loss=14.1557 entropy=68.5185 kl=0.0307
[Iter 448/488] steps=917504 reward=-78.51 pi_loss=-0.0454 vf_loss=10.8641 entropy=68.2065 kl=0.0328
[Iter 449/488] steps=919552 reward=-126.96 pi_loss=-0.0457 vf_loss=11.0273 entropy=68.4276 kl=0.0313
[Iter 450/488] steps=921600 reward=-82.14 pi_loss=-0.0446 vf_loss=11.2609 entropy=68.2921 kl=0.0294
  [Eval] mean_return=-16.47 std_return=35.37
[Iter 451/488] steps=923648 reward=-41.47 pi_loss=-0.0457 vf_loss=10.9059 entropy=68.5142 kl=0.0316
[Iter 452/488] steps=925696 reward=-63.09 pi_loss=-0.0463 vf_loss=10.7399 entropy=68.6123 kl=0.0298
[Iter 453/488] steps=927744 reward=-107.98 pi_loss=-0.0405 vf_loss=13.8427 entropy=68.2945 kl=0.0262
[Iter 454/488] steps=929792 reward=-54.99 pi_loss=-0.0464 vf_loss=8.8572 entropy=68.3288 kl=0.0322
[Iter 455/488] steps=931840 reward=-68.79 pi_loss=-0.0445 vf_loss=11.9566 entropy=68.4513 kl=0.0290
  [Eval] mean_return=10.42 std_return=111.61
[Iter 456/488] steps=933888 reward=-87.48 pi_loss=-0.0411 vf_loss=11.1832 entropy=68.2767 kl=0.0271
[Iter 457/488] steps=935936 reward=-135.65 pi_loss=-0.0365 vf_loss=15.1601 entropy=68.3315 kl=0.0211
[Iter 458/488] steps=937984 reward=-61.28 pi_loss=-0.0390 vf_loss=10.6460 entropy=68.2436 kl=0.0261
[Iter 459/488] steps=940032 reward=-69.23 pi_loss=-0.0376 vf_loss=17.7245 entropy=68.2500 kl=0.0259
  [Eval] mean_return=74.05 std_return=47.73
[Iter 460/488] steps=942080 reward=-78.90 pi_loss=-0.0427 vf_loss=14.2396 entropy=68.3143 kl=0.0279
[Iter 461/488] steps=944128 reward=-176.86 pi_loss=-0.0359 vf_loss=17.7639 entropy=68.2594 kl=0.0219
[Iter 462/488] steps=946176 reward=21.92 pi_loss=-0.0411 vf_loss=10.3695 entropy=68.3614 kl=0.0267
[Iter 463/488] steps=948224 reward=-80.47 pi_loss=-0.0376 vf_loss=14.3665 entropy=68.2912 kl=0.0233
[Iter 464/488] steps=950272 reward=-42.94 pi_loss=-0.0440 vf_loss=8.9653 entropy=68.3465 kl=0.0293
  [Eval] mean_return=9.46 std_return=115.96
[Iter 465/488] steps=952320 reward=-31.74 pi_loss=-0.0352 vf_loss=12.9427 entropy=68.3863 kl=0.0228
[Iter 466/488] steps=954368 reward=-90.72 pi_loss=-0.0314 vf_loss=22.8476 entropy=68.3440 kl=0.0184
[Iter 467/488] steps=956416 reward=-79.77 pi_loss=-0.0369 vf_loss=11.1030 entropy=68.2844 kl=0.0204
[Iter 468/488] steps=958464 reward=17.25 pi_loss=-0.0361 vf_loss=10.7366 entropy=68.3682 kl=0.0217
[Iter 469/488] steps=960512 reward=-80.19 pi_loss=-0.0351 vf_loss=9.4365 entropy=68.4377 kl=0.0221
  [Eval] mean_return=30.40 std_return=26.93
[Iter 470/488] steps=962560 reward=-20.91 pi_loss=-0.0322 vf_loss=9.4887 entropy=68.2705 kl=0.0194
[Iter 471/488] steps=964608 reward=-33.11 pi_loss=-0.0333 vf_loss=10.6427 entropy=68.2135 kl=0.0198
[Iter 472/488] steps=966656 reward=-79.71 pi_loss=-0.0333 vf_loss=11.5044 entropy=68.2751 kl=0.0192
[Iter 473/488] steps=968704 reward=-217.86 pi_loss=-0.0305 vf_loss=11.7768 entropy=68.2338 kl=0.0190
[Iter 474/488] steps=970752 reward=25.47 pi_loss=-0.0306 vf_loss=9.3938 entropy=68.3052 kl=0.0180
  [Eval] mean_return=75.64 std_return=53.64
[Iter 475/488] steps=972800 reward=-10.93 pi_loss=-0.0291 vf_loss=12.8520 entropy=68.1943 kl=0.0187
[Iter 476/488] steps=974848 reward=-145.54 pi_loss=-0.0274 vf_loss=11.6766 entropy=68.3049 kl=0.0154
[Iter 477/488] steps=976896 reward=-43.10 pi_loss=-0.0265 vf_loss=8.9122 entropy=68.5168 kl=0.0163
[Iter 478/488] steps=978944 reward=-5.89 pi_loss=-0.0263 vf_loss=8.0179 entropy=68.2498 kl=0.0155
[Iter 479/488] steps=980992 reward=5.49 pi_loss=-0.0243 vf_loss=9.1506 entropy=68.1812 kl=0.0145
  [Eval] mean_return=28.07 std_return=144.17
[Iter 480/488] steps=983040 reward=-61.23 pi_loss=-0.0206 vf_loss=12.6541 entropy=68.4519 kl=0.0121
[Iter 481/488] steps=985088 reward=-55.65 pi_loss=-0.0211 vf_loss=9.6605 entropy=68.3170 kl=0.0143
[Iter 482/488] steps=987136 reward=-15.62 pi_loss=-0.0185 vf_loss=10.7548 entropy=68.1229 kl=0.0106
[Iter 483/488] steps=989184 reward=-20.05 pi_loss=-0.0175 vf_loss=9.2947 entropy=68.2929 kl=0.0102
[Iter 484/488] steps=991232 reward=-111.91 pi_loss=-0.0146 vf_loss=11.6310 entropy=68.1956 kl=0.0083
  [Eval] mean_return=46.01 std_return=71.53
[Iter 485/488] steps=993280 reward=-14.98 pi_loss=-0.0116 vf_loss=9.2710 entropy=68.1381 kl=0.0068
[Iter 486/488] steps=995328 reward=-50.25 pi_loss=-0.0100 vf_loss=14.8148 entropy=68.2435 kl=0.0050
[Iter 487/488] steps=997376 reward=-110.41 pi_loss=-0.0073 vf_loss=18.0098 entropy=68.1021 kl=0.0048
[Iter 488/488] steps=999424 reward=-106.43 pi_loss=-0.0037 vf_loss=12.3135 entropy=68.0937 kl=0.0010
Training complete. Logs saved to results/K_ablation/K8_perstep_uniform/seed_42
