[Iter 1/488] steps=2048 reward=-420.66 pi_loss=-0.0405 vf_loss=15.8490 entropy=17.1499 kl=0.0332
[Iter 2/488] steps=4096 reward=-420.30 pi_loss=-0.0576 vf_loss=8.2030 entropy=17.1141 kl=0.0462
[Iter 3/488] steps=6144 reward=-367.06 pi_loss=-0.0570 vf_loss=12.4268 entropy=17.0787 kl=0.0439
[Iter 4/488] steps=8192 reward=-434.89 pi_loss=-0.0626 vf_loss=15.4684 entropy=17.1327 kl=0.0520
[Iter 5/488] steps=10240 reward=-352.74 pi_loss=-0.0700 vf_loss=14.7810 entropy=17.0897 kl=0.0560
  [Eval] mean_return=-257.75 std_return=55.66
[Iter 6/488] steps=12288 reward=-432.27 pi_loss=-0.0643 vf_loss=12.9261 entropy=17.1579 kl=0.0656
[Iter 7/488] steps=14336 reward=-350.44 pi_loss=-0.0762 vf_loss=13.7963 entropy=17.1546 kl=0.0668
[Iter 8/488] steps=16384 reward=-365.74 pi_loss=-0.0740 vf_loss=9.5256 entropy=17.1970 kl=0.0937
[Iter 9/488] steps=18432 reward=-268.05 pi_loss=-0.0756 vf_loss=10.4704 entropy=17.2734 kl=0.0925
[Iter 10/488] steps=20480 reward=-320.91 pi_loss=-0.0777 vf_loss=12.0796 entropy=17.1607 kl=0.0874
  [Eval] mean_return=-199.52 std_return=37.43
[Iter 11/488] steps=22528 reward=-305.35 pi_loss=-0.0694 vf_loss=20.3183 entropy=17.1620 kl=0.0607
[Iter 12/488] steps=24576 reward=-317.60 pi_loss=-0.0813 vf_loss=16.2198 entropy=17.0924 kl=0.0855
[Iter 13/488] steps=26624 reward=-308.50 pi_loss=-0.0843 vf_loss=21.5901 entropy=17.1676 kl=0.0802
[Iter 14/488] steps=28672 reward=-335.93 pi_loss=-0.0846 vf_loss=13.9298 entropy=17.2148 kl=0.1126
[Iter 15/488] steps=30720 reward=-235.62 pi_loss=-0.0835 vf_loss=10.1141 entropy=17.3544 kl=0.1511
  [Eval] mean_return=-169.42 std_return=70.71
[Iter 16/488] steps=32768 reward=-242.97 pi_loss=-0.0803 vf_loss=11.2485 entropy=17.2761 kl=0.1054
[Iter 17/488] steps=34816 reward=-285.18 pi_loss=-0.0687 vf_loss=7.2312 entropy=17.3673 kl=0.1750
[Iter 18/488] steps=36864 reward=-344.77 pi_loss=-0.0884 vf_loss=15.6678 entropy=17.1687 kl=0.0662
[Iter 19/488] steps=38912 reward=-245.96 pi_loss=-0.0850 vf_loss=12.8862 entropy=17.1414 kl=0.0841
[Iter 20/488] steps=40960 reward=-292.34 pi_loss=-0.0903 vf_loss=11.0491 entropy=17.3232 kl=0.1212
  [Eval] mean_return=-225.96 std_return=61.59
[Iter 21/488] steps=43008 reward=-218.83 pi_loss=-0.0799 vf_loss=8.3015 entropy=17.5671 kl=0.2302
[Iter 22/488] steps=45056 reward=-287.99 pi_loss=-0.0922 vf_loss=13.9084 entropy=17.2081 kl=0.0779
[Iter 23/488] steps=47104 reward=-288.48 pi_loss=-0.0909 vf_loss=15.7013 entropy=17.2122 kl=0.0743
[Iter 24/488] steps=49152 reward=-347.54 pi_loss=-0.0968 vf_loss=7.7337 entropy=17.4345 kl=0.1432
[Iter 25/488] steps=51200 reward=-248.88 pi_loss=-0.0838 vf_loss=8.4161 entropy=17.3790 kl=0.1543
  [Eval] mean_return=-185.52 std_return=68.88
[Iter 26/488] steps=53248 reward=-258.00 pi_loss=-0.1015 vf_loss=11.5726 entropy=17.1410 kl=0.1255
[Iter 27/488] steps=55296 reward=-227.05 pi_loss=-0.0979 vf_loss=10.4427 entropy=17.3891 kl=0.1671
[Iter 28/488] steps=57344 reward=-247.20 pi_loss=-0.0931 vf_loss=10.3342 entropy=17.3339 kl=0.1438
[Iter 29/488] steps=59392 reward=-278.36 pi_loss=-0.0755 vf_loss=7.2046 entropy=17.5716 kl=0.2423
[Iter 30/488] steps=61440 reward=-314.13 pi_loss=-0.0902 vf_loss=6.9750 entropy=17.4780 kl=0.1859
  [Eval] mean_return=-181.36 std_return=98.88
[Iter 31/488] steps=63488 reward=-221.56 pi_loss=-0.0980 vf_loss=12.0254 entropy=17.3035 kl=0.1225
[Iter 32/488] steps=65536 reward=-269.54 pi_loss=-0.0963 vf_loss=14.2143 entropy=17.2234 kl=0.1068
[Iter 33/488] steps=67584 reward=-346.98 pi_loss=-0.1085 vf_loss=9.7588 entropy=17.3861 kl=0.1445
[Iter 34/488] steps=69632 reward=-236.52 pi_loss=-0.0877 vf_loss=10.2339 entropy=17.3155 kl=0.1715
[Iter 35/488] steps=71680 reward=-230.66 pi_loss=-0.1048 vf_loss=14.1239 entropy=17.2838 kl=0.1264
  [Eval] mean_return=-98.20 std_return=34.16
[Iter 36/488] steps=73728 reward=-163.66 pi_loss=-0.1038 vf_loss=10.5626 entropy=17.2421 kl=0.1446
[Iter 37/488] steps=75776 reward=-343.63 pi_loss=-0.1012 vf_loss=10.9847 entropy=17.2754 kl=0.1415
[Iter 38/488] steps=77824 reward=-168.52 pi_loss=-0.0973 vf_loss=8.6097 entropy=17.4777 kl=0.2386
[Iter 39/488] steps=79872 reward=-228.73 pi_loss=-0.1041 vf_loss=9.7952 entropy=17.2710 kl=0.1490
[Iter 40/488] steps=81920 reward=-207.27 pi_loss=-0.1044 vf_loss=6.9306 entropy=17.4297 kl=0.2063
  [Eval] mean_return=-173.18 std_return=80.22
[Iter 41/488] steps=83968 reward=-210.58 pi_loss=-0.0950 vf_loss=6.4544 entropy=17.4414 kl=0.2427
[Iter 42/488] steps=86016 reward=-301.47 pi_loss=-0.1071 vf_loss=17.8294 entropy=17.2636 kl=0.1013
[Iter 43/488] steps=88064 reward=-248.04 pi_loss=-0.0986 vf_loss=5.7998 entropy=17.5557 kl=0.2740
[Iter 44/488] steps=90112 reward=-445.57 pi_loss=-0.0961 vf_loss=17.5332 entropy=17.2465 kl=0.0978
  [Eval] mean_return=-204.44 std_return=79.96
[Iter 45/488] steps=92160 reward=-260.78 pi_loss=-0.1090 vf_loss=14.4925 entropy=17.3166 kl=0.1141
[Iter 46/488] steps=94208 reward=-172.01 pi_loss=-0.0975 vf_loss=14.5074 entropy=17.2344 kl=0.1140
[Iter 47/488] steps=96256 reward=-183.56 pi_loss=-0.1065 vf_loss=8.2087 entropy=17.4208 kl=0.2128
[Iter 48/488] steps=98304 reward=-166.02 pi_loss=-0.0991 vf_loss=18.3765 entropy=17.2534 kl=0.1102
[Iter 49/488] steps=100352 reward=-294.25 pi_loss=-0.1030 vf_loss=23.7076 entropy=17.2346 kl=0.1011
  [Eval] mean_return=-214.68 std_return=90.68
[Iter 50/488] steps=102400 reward=-256.56 pi_loss=-0.0971 vf_loss=15.9022 entropy=17.3913 kl=0.1805
[Iter 51/488] steps=104448 reward=-212.27 pi_loss=-0.1026 vf_loss=7.1992 entropy=17.5482 kl=0.2568
[Iter 52/488] steps=106496 reward=-218.64 pi_loss=-0.1039 vf_loss=10.6297 entropy=17.5421 kl=0.2037
[Iter 53/488] steps=108544 reward=-166.23 pi_loss=-0.1045 vf_loss=8.5027 entropy=17.4924 kl=0.2525
[Iter 54/488] steps=110592 reward=-148.61 pi_loss=-0.1194 vf_loss=12.5802 entropy=17.2618 kl=0.1371
  [Eval] mean_return=-136.60 std_return=72.21
[Iter 55/488] steps=112640 reward=-196.93 pi_loss=-0.1072 vf_loss=7.5623 entropy=17.7271 kl=0.3196
[Iter 56/488] steps=114688 reward=-164.07 pi_loss=-0.1110 vf_loss=7.6415 entropy=17.4091 kl=0.2069
[Iter 57/488] steps=116736 reward=-168.70 pi_loss=-0.0999 vf_loss=9.7711 entropy=17.3871 kl=0.1753
[Iter 58/488] steps=118784 reward=-204.13 pi_loss=-0.0908 vf_loss=4.7079 entropy=17.8764 kl=0.4244
[Iter 59/488] steps=120832 reward=-172.46 pi_loss=-0.1040 vf_loss=7.8358 entropy=17.4346 kl=0.1723
  [Eval] mean_return=-108.21 std_return=71.63
[Iter 60/488] steps=122880 reward=-170.65 pi_loss=-0.1086 vf_loss=10.8396 entropy=17.3357 kl=0.1461
[Iter 61/488] steps=124928 reward=-200.70 pi_loss=-0.0884 vf_loss=7.0301 entropy=17.5364 kl=0.2785
[Iter 62/488] steps=126976 reward=-120.04 pi_loss=-0.1070 vf_loss=11.8128 entropy=17.3269 kl=0.1390
[Iter 63/488] steps=129024 reward=-202.20 pi_loss=-0.1205 vf_loss=7.3714 entropy=17.3602 kl=0.1994
[Iter 64/488] steps=131072 reward=-287.80 pi_loss=-0.1108 vf_loss=10.9529 entropy=17.3193 kl=0.1677
  [Eval] mean_return=-67.49 std_return=110.64
[Iter 65/488] steps=133120 reward=-179.38 pi_loss=-0.1168 vf_loss=10.9405 entropy=17.2428 kl=0.1543
[Iter 66/488] steps=135168 reward=-172.58 pi_loss=-0.1156 vf_loss=9.4698 entropy=17.4259 kl=0.2034
[Iter 67/488] steps=137216 reward=-115.34 pi_loss=-0.1089 vf_loss=7.2510 entropy=17.4411 kl=0.2495
[Iter 68/488] steps=139264 reward=-238.30 pi_loss=-0.1147 vf_loss=13.5376 entropy=17.3214 kl=0.1720
[Iter 69/488] steps=141312 reward=-340.72 pi_loss=-0.1105 vf_loss=21.1134 entropy=17.1883 kl=0.1084
  [Eval] mean_return=-186.40 std_return=61.74
[Iter 70/488] steps=143360 reward=-73.07 pi_loss=-0.1094 vf_loss=10.0496 entropy=17.3370 kl=0.1987
[Iter 71/488] steps=145408 reward=-137.88 pi_loss=-0.1126 vf_loss=14.7893 entropy=17.3079 kl=0.1690
[Iter 72/488] steps=147456 reward=-178.72 pi_loss=-0.1163 vf_loss=13.5940 entropy=17.2689 kl=0.1775
[Iter 73/488] steps=149504 reward=-222.13 pi_loss=-0.1119 vf_loss=16.4418 entropy=17.2518 kl=0.1519
[Iter 74/488] steps=151552 reward=-139.59 pi_loss=-0.1084 vf_loss=15.3495 entropy=17.4287 kl=0.1984
  [Eval] mean_return=-151.90 std_return=55.44
[Iter 75/488] steps=153600 reward=-75.91 pi_loss=-0.1135 vf_loss=20.8515 entropy=17.3676 kl=0.1481
[Iter 76/488] steps=155648 reward=-123.28 pi_loss=-0.0996 vf_loss=13.2008 entropy=17.5820 kl=0.2514
[Iter 77/488] steps=157696 reward=-42.22 pi_loss=-0.0878 vf_loss=13.6211 entropy=17.5677 kl=0.3228
[Iter 78/488] steps=159744 reward=-117.52 pi_loss=-0.1066 vf_loss=16.8665 entropy=17.3509 kl=0.2040
[Iter 79/488] steps=161792 reward=-93.82 pi_loss=-0.0033 vf_loss=5.4061 entropy=19.3809 kl=1.1242
  [Eval] mean_return=-102.72 std_return=52.64
[Iter 80/488] steps=163840 reward=-180.50 pi_loss=-0.1161 vf_loss=13.6105 entropy=17.3942 kl=0.1653
[Iter 81/488] steps=165888 reward=-193.63 pi_loss=-0.1069 vf_loss=17.3912 entropy=17.2716 kl=0.1368
[Iter 82/488] steps=167936 reward=-209.09 pi_loss=-0.1177 vf_loss=13.7375 entropy=17.3594 kl=0.1609
[Iter 83/488] steps=169984 reward=-117.70 pi_loss=-0.1141 vf_loss=21.3270 entropy=17.2478 kl=0.1484
[Iter 84/488] steps=172032 reward=-217.43 pi_loss=-0.1150 vf_loss=23.1375 entropy=17.2898 kl=0.1487
  [Eval] mean_return=-94.23 std_return=83.51
[Iter 85/488] steps=174080 reward=-120.34 pi_loss=-0.0142 vf_loss=8.9603 entropy=19.5476 kl=1.1735
[Iter 86/488] steps=176128 reward=-90.64 pi_loss=-0.1203 vf_loss=11.1124 entropy=17.5939 kl=0.2429
[Iter 87/488] steps=178176 reward=-134.18 pi_loss=-0.0949 vf_loss=5.9949 entropy=17.8910 kl=0.4494
[Iter 88/488] steps=180224 reward=-167.44 pi_loss=-0.1093 vf_loss=20.5163 entropy=17.2062 kl=0.1287
  [Eval] mean_return=-7.16 std_return=108.72
[Iter 89/488] steps=182272 reward=-138.85 pi_loss=-0.1087 vf_loss=9.5939 entropy=17.6285 kl=0.3027
[Iter 90/488] steps=184320 reward=-145.99 pi_loss=-0.1120 vf_loss=20.2398 entropy=17.3771 kl=0.1424
[Iter 91/488] steps=186368 reward=-71.20 pi_loss=-0.1097 vf_loss=10.5032 entropy=17.5732 kl=0.2824
[Iter 92/488] steps=188416 reward=-51.51 pi_loss=-0.1084 vf_loss=9.1677 entropy=17.7079 kl=0.3343
[Iter 93/488] steps=190464 reward=-10.89 pi_loss=-0.1173 vf_loss=13.5885 entropy=17.4131 kl=0.1990
  [Eval] mean_return=6.15 std_return=95.10
[Iter 94/488] steps=192512 reward=-126.46 pi_loss=-0.1133 vf_loss=16.3366 entropy=17.3130 kl=0.1829
[Iter 95/488] steps=194560 reward=-168.94 pi_loss=-0.1189 vf_loss=22.3703 entropy=17.3390 kl=0.1568
[Iter 96/488] steps=196608 reward=-113.12 pi_loss=-0.1164 vf_loss=19.7463 entropy=17.2989 kl=0.1779
[Iter 97/488] steps=198656 reward=-114.11 pi_loss=-0.0955 vf_loss=9.6657 entropy=17.8297 kl=0.4430
[Iter 98/488] steps=200704 reward=-97.52 pi_loss=-0.1101 vf_loss=18.1879 entropy=17.4413 kl=0.1910
  [Eval] mean_return=-49.53 std_return=116.58
[Iter 99/488] steps=202752 reward=-136.18 pi_loss=-0.1142 vf_loss=17.2564 entropy=17.3664 kl=0.2217
[Iter 100/488] steps=204800 reward=-92.41 pi_loss=-0.1128 vf_loss=24.5134 entropy=17.3817 kl=0.1851
[Iter 101/488] steps=206848 reward=-118.01 pi_loss=-0.1017 vf_loss=19.5043 entropy=17.4794 kl=0.2361
[Iter 102/488] steps=208896 reward=-147.42 pi_loss=-0.1219 vf_loss=21.1741 entropy=17.3422 kl=0.1943
[Iter 103/488] steps=210944 reward=-223.41 pi_loss=-0.0824 vf_loss=10.3635 entropy=17.8911 kl=0.5234
  [Eval] mean_return=-10.35 std_return=139.75
[Iter 104/488] steps=212992 reward=-95.91 pi_loss=-0.1167 vf_loss=19.6676 entropy=17.3687 kl=0.1969
[Iter 105/488] steps=215040 reward=-82.82 pi_loss=-0.1111 vf_loss=22.1587 entropy=17.4877 kl=0.1923
[Iter 106/488] steps=217088 reward=-361.05 pi_loss=-0.1068 vf_loss=19.6193 entropy=17.5554 kl=0.2727
[Iter 107/488] steps=219136 reward=-27.38 pi_loss=-0.1086 vf_loss=18.3201 entropy=17.5665 kl=0.2902
[Iter 108/488] steps=221184 reward=-198.89 pi_loss=-0.0293 vf_loss=9.9388 entropy=19.5185 kl=1.1539
  [Eval] mean_return=12.92 std_return=89.98
[Iter 109/488] steps=223232 reward=-29.06 pi_loss=-0.0901 vf_loss=11.7484 entropy=17.6095 kl=0.3188
[Iter 110/488] steps=225280 reward=-128.16 pi_loss=-0.1174 vf_loss=17.6645 entropy=17.4451 kl=0.2204
[Iter 111/488] steps=227328 reward=-54.17 pi_loss=-0.1097 vf_loss=15.6544 entropy=17.2924 kl=0.2172
[Iter 112/488] steps=229376 reward=12.57 pi_loss=-0.1113 vf_loss=13.7837 entropy=17.6311 kl=0.2923
[Iter 113/488] steps=231424 reward=-203.47 pi_loss=-0.1010 vf_loss=10.4840 entropy=18.0738 kl=0.5407
  [Eval] mean_return=3.19 std_return=116.48
[Iter 114/488] steps=233472 reward=-57.84 pi_loss=-0.1124 vf_loss=13.2004 entropy=17.7642 kl=0.3154
[Iter 115/488] steps=235520 reward=-173.20 pi_loss=-0.1064 vf_loss=12.5048 entropy=17.8512 kl=0.5081
[Iter 116/488] steps=237568 reward=-135.76 pi_loss=-0.0971 vf_loss=13.1871 entropy=17.5897 kl=0.3097
[Iter 117/488] steps=239616 reward=2.11 pi_loss=-0.1144 vf_loss=13.4156 entropy=17.3181 kl=0.2190
[Iter 118/488] steps=241664 reward=-98.51 pi_loss=-0.1232 vf_loss=15.2669 entropy=17.2546 kl=0.2008
  [Eval] mean_return=-10.18 std_return=113.01
[Iter 119/488] steps=243712 reward=-5.54 pi_loss=-0.1260 vf_loss=21.4728 entropy=17.2673 kl=0.1766
[Iter 120/488] steps=245760 reward=-100.78 pi_loss=-0.1207 vf_loss=12.9919 entropy=17.5866 kl=0.2899
[Iter 121/488] steps=247808 reward=12.63 pi_loss=-0.1174 vf_loss=13.6143 entropy=17.3965 kl=0.2439
[Iter 122/488] steps=249856 reward=-86.12 pi_loss=-0.1116 vf_loss=22.4582 entropy=17.5212 kl=0.2213
[Iter 123/488] steps=251904 reward=-162.80 pi_loss=-0.1159 vf_loss=17.7889 entropy=17.3991 kl=0.2217
  [Eval] mean_return=-104.91 std_return=121.49
[Iter 124/488] steps=253952 reward=9.54 pi_loss=0.0351 vf_loss=9.3460 entropy=21.7317 kl=2.1657
[Iter 125/488] steps=256000 reward=-192.40 pi_loss=-0.1181 vf_loss=24.5174 entropy=17.2060 kl=0.1282
[Iter 126/488] steps=258048 reward=-73.91 pi_loss=-0.1236 vf_loss=18.2249 entropy=17.3067 kl=0.1750
[Iter 127/488] steps=260096 reward=34.41 pi_loss=-0.0869 vf_loss=9.5167 entropy=17.8861 kl=0.4262
  [Eval] mean_return=-27.30 std_return=95.81
[Iter 128/488] steps=262144 reward=-256.90 pi_loss=-0.1237 vf_loss=24.1954 entropy=17.2798 kl=0.1322
[Iter 129/488] steps=264192 reward=-41.82 pi_loss=-0.1251 vf_loss=14.6177 entropy=17.2642 kl=0.1764
[Iter 130/488] steps=266240 reward=-169.69 pi_loss=-0.1236 vf_loss=25.8157 entropy=17.4178 kl=0.1493
[Iter 131/488] steps=268288 reward=-122.38 pi_loss=-0.1251 vf_loss=18.9037 entropy=17.4196 kl=0.1983
[Iter 132/488] steps=270336 reward=-40.39 pi_loss=-0.0841 vf_loss=12.6810 entropy=17.9718 kl=0.4966
  [Eval] mean_return=-71.42 std_return=67.85
[Iter 133/488] steps=272384 reward=-60.81 pi_loss=-0.1187 vf_loss=15.1823 entropy=17.4939 kl=0.2520
[Iter 134/488] steps=274432 reward=-57.80 pi_loss=-0.1131 vf_loss=10.6357 entropy=17.4817 kl=0.2951
[Iter 135/488] steps=276480 reward=-97.13 pi_loss=-0.1206 vf_loss=14.0355 entropy=17.4872 kl=0.2280
[Iter 136/488] steps=278528 reward=-83.62 pi_loss=-0.1218 vf_loss=16.9239 entropy=17.3570 kl=0.1912
[Iter 137/488] steps=280576 reward=-166.75 pi_loss=-0.1183 vf_loss=12.1955 entropy=17.6505 kl=0.3180
  [Eval] mean_return=2.01 std_return=97.04
[Iter 138/488] steps=282624 reward=-81.41 pi_loss=-0.0898 vf_loss=11.3405 entropy=18.0140 kl=0.4973
[Iter 139/488] steps=284672 reward=-15.20 pi_loss=-0.0939 vf_loss=14.3178 entropy=17.7002 kl=0.3359
[Iter 140/488] steps=286720 reward=-162.48 pi_loss=-0.1009 vf_loss=14.3348 entropy=17.6560 kl=0.4387
[Iter 141/488] steps=288768 reward=24.99 pi_loss=-0.1279 vf_loss=13.0604 entropy=17.5798 kl=0.2471
[Iter 142/488] steps=290816 reward=-98.11 pi_loss=-0.1170 vf_loss=14.7918 entropy=17.4267 kl=0.2406
  [Eval] mean_return=49.88 std_return=115.92
[Iter 143/488] steps=292864 reward=2.34 pi_loss=-0.1236 vf_loss=19.5099 entropy=17.3733 kl=0.2129
[Iter 144/488] steps=294912 reward=-237.50 pi_loss=-0.1109 vf_loss=16.4260 entropy=17.6390 kl=0.2913
[Iter 145/488] steps=296960 reward=-63.87 pi_loss=-0.1219 vf_loss=18.4541 entropy=17.4030 kl=0.2160
[Iter 146/488] steps=299008 reward=-38.21 pi_loss=-0.1037 vf_loss=16.3630 entropy=17.7678 kl=0.3621
[Iter 147/488] steps=301056 reward=-91.25 pi_loss=-0.1176 vf_loss=26.5484 entropy=17.3586 kl=0.1905
  [Eval] mean_return=35.17 std_return=62.05
[Iter 148/488] steps=303104 reward=-99.13 pi_loss=-0.1084 vf_loss=20.1780 entropy=17.4320 kl=0.2441
[Iter 149/488] steps=305152 reward=-8.05 pi_loss=-0.1093 vf_loss=15.5460 entropy=17.7764 kl=0.2978
[Iter 150/488] steps=307200 reward=-28.64 pi_loss=-0.0949 vf_loss=13.8239 entropy=18.1197 kl=0.4809
[Iter 151/488] steps=309248 reward=-123.48 pi_loss=-0.1240 vf_loss=18.5345 entropy=17.3963 kl=0.1994
[Iter 152/488] steps=311296 reward=-254.87 pi_loss=-0.1124 vf_loss=24.7742 entropy=17.4624 kl=0.2142
  [Eval] mean_return=63.13 std_return=106.08
[Iter 153/488] steps=313344 reward=-109.83 pi_loss=-0.1225 vf_loss=25.8864 entropy=17.3629 kl=0.2043
[Iter 154/488] steps=315392 reward=-56.60 pi_loss=-0.0974 vf_loss=15.6754 entropy=17.8226 kl=0.4169
[Iter 155/488] steps=317440 reward=-89.09 pi_loss=-0.0689 vf_loss=14.3296 entropy=18.6314 kl=0.7903
[Iter 156/488] steps=319488 reward=-15.72 pi_loss=-0.1254 vf_loss=15.9625 entropy=17.4901 kl=0.2507
[Iter 157/488] steps=321536 reward=75.02 pi_loss=-0.0984 vf_loss=11.4616 entropy=17.9539 kl=0.4359
  [Eval] mean_return=64.33 std_return=60.73
[Iter 158/488] steps=323584 reward=-80.32 pi_loss=-0.0866 vf_loss=17.4593 entropy=17.9491 kl=0.5134
[Iter 159/488] steps=325632 reward=-111.47 pi_loss=-0.1159 vf_loss=13.5898 entropy=17.6038 kl=0.3126
[Iter 160/488] steps=327680 reward=-22.50 pi_loss=-0.1257 vf_loss=17.3829 entropy=17.4613 kl=0.2483
[Iter 161/488] steps=329728 reward=-151.75 pi_loss=-0.1185 vf_loss=16.4910 entropy=17.4347 kl=0.2656
[Iter 162/488] steps=331776 reward=12.75 pi_loss=-0.0994 vf_loss=9.2134 entropy=18.0125 kl=0.5352
  [Eval] mean_return=20.72 std_return=136.93
[Iter 163/488] steps=333824 reward=-75.62 pi_loss=-0.1092 vf_loss=22.0538 entropy=17.5574 kl=0.2261
[Iter 164/488] steps=335872 reward=-281.79 pi_loss=-0.1269 vf_loss=25.4655 entropy=17.2640 kl=0.1530
[Iter 165/488] steps=337920 reward=-110.42 pi_loss=-0.1041 vf_loss=15.5783 entropy=17.7741 kl=0.3666
[Iter 166/488] steps=339968 reward=-110.93 pi_loss=-0.1274 vf_loss=21.4605 entropy=17.2968 kl=0.1888
[Iter 167/488] steps=342016 reward=-94.89 pi_loss=-0.0790 vf_loss=18.7072 entropy=18.0317 kl=0.4904
  [Eval] mean_return=1.32 std_return=86.53
[Iter 168/488] steps=344064 reward=-27.05 pi_loss=-0.1216 vf_loss=18.5540 entropy=17.5446 kl=0.2521
[Iter 169/488] steps=346112 reward=-62.96 pi_loss=-0.1246 vf_loss=23.5507 entropy=17.3908 kl=0.2026
[Iter 170/488] steps=348160 reward=-72.26 pi_loss=-0.1231 vf_loss=16.2043 entropy=17.5064 kl=0.2925
[Iter 171/488] steps=350208 reward=-197.66 pi_loss=-0.1153 vf_loss=17.9351 entropy=17.5150 kl=0.2469
  [Eval] mean_return=20.78 std_return=63.30
[Iter 172/488] steps=352256 reward=-68.12 pi_loss=-0.1199 vf_loss=21.7724 entropy=17.3809 kl=0.2629
[Iter 173/488] steps=354304 reward=-61.89 pi_loss=-0.1292 vf_loss=15.6201 entropy=17.4135 kl=0.2844
[Iter 174/488] steps=356352 reward=-73.75 pi_loss=-0.1047 vf_loss=20.6930 entropy=17.5644 kl=0.2698
[Iter 175/488] steps=358400 reward=4.26 pi_loss=-0.1090 vf_loss=20.2415 entropy=17.5010 kl=0.2671
[Iter 176/488] steps=360448 reward=-42.22 pi_loss=-0.1038 vf_loss=24.0865 entropy=17.5845 kl=0.3097
  [Eval] mean_return=74.69 std_return=56.38
[Iter 177/488] steps=362496 reward=-125.07 pi_loss=-0.0855 vf_loss=19.9678 entropy=17.8919 kl=0.4241
[Iter 178/488] steps=364544 reward=-57.66 pi_loss=-0.1122 vf_loss=20.9763 entropy=17.6503 kl=0.2821
[Iter 179/488] steps=366592 reward=-107.75 pi_loss=-0.1234 vf_loss=22.1421 entropy=17.4315 kl=0.2547
[Iter 180/488] steps=368640 reward=-40.69 pi_loss=0.0068 vf_loss=20.7435 entropy=20.0454 kl=1.3769
[Iter 181/488] steps=370688 reward=-55.84 pi_loss=-0.1240 vf_loss=21.7114 entropy=17.3821 kl=0.2181
  [Eval] mean_return=126.57 std_return=43.41
[Iter 182/488] steps=372736 reward=31.66 pi_loss=-0.1207 vf_loss=16.7521 entropy=17.9270 kl=0.5511
[Iter 183/488] steps=374784 reward=-82.62 pi_loss=-0.1310 vf_loss=16.9268 entropy=17.5089 kl=0.2747
[Iter 184/488] steps=376832 reward=23.77 pi_loss=-0.1166 vf_loss=17.9709 entropy=17.6482 kl=0.3617
[Iter 185/488] steps=378880 reward=57.96 pi_loss=-0.0588 vf_loss=22.2951 entropy=18.3762 kl=0.5770
[Iter 186/488] steps=380928 reward=64.39 pi_loss=-0.1230 vf_loss=17.9571 entropy=17.5135 kl=0.2645
  [Eval] mean_return=199.13 std_return=62.91
[Iter 187/488] steps=382976 reward=37.06 pi_loss=-0.1232 vf_loss=17.8067 entropy=17.4599 kl=0.2510
[Iter 188/488] steps=385024 reward=38.82 pi_loss=-0.0874 vf_loss=19.9729 entropy=17.7698 kl=0.3707
[Iter 189/488] steps=387072 reward=97.97 pi_loss=-0.1123 vf_loss=14.8726 entropy=17.6510 kl=0.3214
[Iter 190/488] steps=389120 reward=-46.54 pi_loss=-0.1272 vf_loss=21.4080 entropy=17.4736 kl=0.2304
[Iter 191/488] steps=391168 reward=-128.77 pi_loss=-0.1278 vf_loss=20.0906 entropy=17.5809 kl=0.2948
  [Eval] mean_return=143.02 std_return=100.40
[Iter 192/488] steps=393216 reward=100.09 pi_loss=-0.1231 vf_loss=25.3432 entropy=17.3021 kl=0.1854
[Iter 193/488] steps=395264 reward=77.92 pi_loss=-0.1069 vf_loss=16.0370 entropy=17.6091 kl=0.3306
[Iter 194/488] steps=397312 reward=18.19 pi_loss=-0.0955 vf_loss=14.3618 entropy=17.9072 kl=0.4477
[Iter 195/488] steps=399360 reward=-1.58 pi_loss=-0.1244 vf_loss=19.1875 entropy=17.4383 kl=0.2210
[Iter 196/488] steps=401408 reward=109.59 pi_loss=-0.1123 vf_loss=18.6879 entropy=17.4789 kl=0.2422
  [Eval] mean_return=185.08 std_return=72.20
[Iter 197/488] steps=403456 reward=-38.71 pi_loss=-0.1319 vf_loss=25.0782 entropy=17.5019 kl=0.2374
[Iter 198/488] steps=405504 reward=112.48 pi_loss=-0.1104 vf_loss=21.5129 entropy=17.6947 kl=0.3458
[Iter 199/488] steps=407552 reward=-1.66 pi_loss=-0.1201 vf_loss=18.7998 entropy=17.7846 kl=0.3712
[Iter 200/488] steps=409600 reward=40.14 pi_loss=-0.1272 vf_loss=20.2420 entropy=17.5433 kl=0.2448
[Iter 201/488] steps=411648 reward=108.01 pi_loss=-0.1250 vf_loss=32.3857 entropy=17.3008 kl=0.1725
  [Eval] mean_return=174.43 std_return=100.27
[Iter 202/488] steps=413696 reward=-44.07 pi_loss=-0.1278 vf_loss=22.9276 entropy=17.5018 kl=0.2371
[Iter 203/488] steps=415744 reward=77.34 pi_loss=-0.1051 vf_loss=24.5966 entropy=17.6767 kl=0.3236
[Iter 204/488] steps=417792 reward=-187.46 pi_loss=-0.0567 vf_loss=15.1656 entropy=19.3319 kl=1.0667
[Iter 205/488] steps=419840 reward=98.84 pi_loss=-0.1116 vf_loss=22.7270 entropy=17.5014 kl=0.2320
[Iter 206/488] steps=421888 reward=3.28 pi_loss=-0.1198 vf_loss=20.2727 entropy=17.6514 kl=0.2887
  [Eval] mean_return=145.49 std_return=72.58
[Iter 207/488] steps=423936 reward=74.58 pi_loss=-0.1254 vf_loss=15.0814 entropy=17.5131 kl=0.2894
[Iter 208/488] steps=425984 reward=57.08 pi_loss=-0.1153 vf_loss=22.4791 entropy=17.3699 kl=0.2317
[Iter 209/488] steps=428032 reward=22.91 pi_loss=-0.1123 vf_loss=20.6183 entropy=17.4949 kl=0.2526
[Iter 210/488] steps=430080 reward=128.86 pi_loss=-0.1170 vf_loss=20.8988 entropy=17.4353 kl=0.2580
  [Eval] mean_return=189.97 std_return=148.88
[Iter 211/488] steps=432128 reward=139.69 pi_loss=-0.1185 vf_loss=20.3839 entropy=17.5961 kl=0.3003
[Iter 212/488] steps=434176 reward=111.02 pi_loss=-0.1200 vf_loss=18.3539 entropy=17.6332 kl=0.3273
[Iter 213/488] steps=436224 reward=-62.52 pi_loss=-0.1239 vf_loss=25.9691 entropy=17.5295 kl=0.2607
[Iter 214/488] steps=438272 reward=89.86 pi_loss=-0.1154 vf_loss=20.5183 entropy=17.5522 kl=0.2590
[Iter 215/488] steps=440320 reward=109.12 pi_loss=-0.1182 vf_loss=22.4053 entropy=17.6336 kl=0.3347
  [Eval] mean_return=193.06 std_return=105.67
[Iter 216/488] steps=442368 reward=-319.78 pi_loss=-0.0550 vf_loss=14.2222 entropy=18.9533 kl=0.9037
[Iter 217/488] steps=444416 reward=30.22 pi_loss=-0.1258 vf_loss=22.2981 entropy=17.4389 kl=0.2657
[Iter 218/488] steps=446464 reward=-106.27 pi_loss=-0.1216 vf_loss=24.1934 entropy=17.4803 kl=0.2655
[Iter 219/488] steps=448512 reward=102.12 pi_loss=-0.1274 vf_loss=26.7865 entropy=17.2730 kl=0.1907
[Iter 220/488] steps=450560 reward=90.68 pi_loss=-0.1179 vf_loss=20.5309 entropy=17.3684 kl=0.2481
  [Eval] mean_return=209.79 std_return=65.83
[Iter 221/488] steps=452608 reward=57.46 pi_loss=-0.1140 vf_loss=21.6920 entropy=17.6914 kl=0.3473
[Iter 222/488] steps=454656 reward=134.60 pi_loss=-0.1348 vf_loss=25.6616 entropy=17.3338 kl=0.2342
[Iter 223/488] steps=456704 reward=-58.75 pi_loss=-0.0867 vf_loss=18.1730 entropy=18.3498 kl=0.6500
[Iter 224/488] steps=458752 reward=31.74 pi_loss=-0.1232 vf_loss=17.6427 entropy=17.5465 kl=0.2701
[Iter 225/488] steps=460800 reward=114.45 pi_loss=-0.1216 vf_loss=18.5808 entropy=17.5616 kl=0.3260
  [Eval] mean_return=227.76 std_return=53.98
[Iter 226/488] steps=462848 reward=143.56 pi_loss=-0.1192 vf_loss=23.0003 entropy=17.4211 kl=0.2538
[Iter 227/488] steps=464896 reward=139.16 pi_loss=-0.1232 vf_loss=22.6991 entropy=17.4677 kl=0.2530
[Iter 228/488] steps=466944 reward=1.48 pi_loss=-0.1211 vf_loss=20.3543 entropy=17.4501 kl=0.3064
[Iter 229/488] steps=468992 reward=183.96 pi_loss=-0.1253 vf_loss=23.8010 entropy=17.5187 kl=0.2420
[Iter 230/488] steps=471040 reward=129.16 pi_loss=-0.0768 vf_loss=19.5778 entropy=18.1944 kl=0.6225
  [Eval] mean_return=234.16 std_return=51.59
[Iter 231/488] steps=473088 reward=70.46 pi_loss=-0.0973 vf_loss=21.9651 entropy=17.9907 kl=0.4775
[Iter 232/488] steps=475136 reward=97.68 pi_loss=-0.1264 vf_loss=24.5205 entropy=17.3616 kl=0.2145
[Iter 233/488] steps=477184 reward=84.21 pi_loss=-0.1223 vf_loss=22.8612 entropy=17.5571 kl=0.2649
[Iter 234/488] steps=479232 reward=145.27 pi_loss=-0.1304 vf_loss=33.2153 entropy=17.4782 kl=0.2131
[Iter 235/488] steps=481280 reward=158.15 pi_loss=-0.0999 vf_loss=18.5972 entropy=18.0459 kl=0.5350
  [Eval] mean_return=198.33 std_return=117.31
[Iter 236/488] steps=483328 reward=106.27 pi_loss=-0.1000 vf_loss=18.6714 entropy=17.8359 kl=0.4041
[Iter 237/488] steps=485376 reward=67.10 pi_loss=-0.1183 vf_loss=19.9762 entropy=17.5956 kl=0.2718
[Iter 238/488] steps=487424 reward=126.59 pi_loss=-0.1240 vf_loss=24.2084 entropy=17.4554 kl=0.2476
[Iter 239/488] steps=489472 reward=15.87 pi_loss=-0.1292 vf_loss=19.5385 entropy=17.4410 kl=0.2409
[Iter 240/488] steps=491520 reward=-5.15 pi_loss=-0.1024 vf_loss=18.4315 entropy=17.7665 kl=0.4110
  [Eval] mean_return=251.69 std_return=50.45
[Iter 241/488] steps=493568 reward=-94.22 pi_loss=-0.0762 vf_loss=13.5571 entropy=18.5647 kl=0.7423
[Iter 242/488] steps=495616 reward=-26.71 pi_loss=-0.1153 vf_loss=17.7930 entropy=17.4966 kl=0.2702
[Iter 243/488] steps=497664 reward=86.53 pi_loss=-0.1280 vf_loss=19.4594 entropy=17.5002 kl=0.2348
[Iter 244/488] steps=499712 reward=8.85 pi_loss=-0.1237 vf_loss=24.3097 entropy=17.4471 kl=0.2276
[Iter 245/488] steps=501760 reward=-6.73 pi_loss=-0.1216 vf_loss=24.6468 entropy=17.4884 kl=0.2380
  [Eval] mean_return=214.54 std_return=111.16
[Iter 246/488] steps=503808 reward=100.10 pi_loss=-0.1233 vf_loss=19.9066 entropy=17.3719 kl=0.2340
[Iter 247/488] steps=505856 reward=171.13 pi_loss=-0.1159 vf_loss=22.6026 entropy=17.6630 kl=0.2821
[Iter 248/488] steps=507904 reward=123.70 pi_loss=-0.1277 vf_loss=24.5587 entropy=17.4640 kl=0.2259
[Iter 249/488] steps=509952 reward=-35.47 pi_loss=-0.1284 vf_loss=24.6747 entropy=17.3941 kl=0.2643
[Iter 250/488] steps=512000 reward=162.24 pi_loss=-0.1048 vf_loss=22.2289 entropy=17.4966 kl=0.3038
  [Eval] mean_return=197.90 std_return=71.43
[Iter 251/488] steps=514048 reward=85.19 pi_loss=-0.1246 vf_loss=36.1251 entropy=17.3283 kl=0.1804
[Iter 252/488] steps=516096 reward=220.14 pi_loss=-0.1189 vf_loss=26.7163 entropy=17.3547 kl=0.2036
[Iter 253/488] steps=518144 reward=21.00 pi_loss=-0.1134 vf_loss=20.6232 entropy=17.7310 kl=0.3600
[Iter 254/488] steps=520192 reward=167.47 pi_loss=-0.1189 vf_loss=23.2893 entropy=17.4480 kl=0.2319
  [Eval] mean_return=214.04 std_return=125.56
[Iter 255/488] steps=522240 reward=111.03 pi_loss=-0.1267 vf_loss=25.4233 entropy=17.5330 kl=0.2559
[Iter 256/488] steps=524288 reward=261.14 pi_loss=-0.1139 vf_loss=22.4734 entropy=17.4100 kl=0.2393
[Iter 257/488] steps=526336 reward=-64.89 pi_loss=-0.1019 vf_loss=22.5875 entropy=17.9646 kl=0.4569
[Iter 258/488] steps=528384 reward=141.94 pi_loss=-0.1213 vf_loss=24.6771 entropy=17.4069 kl=0.2297
[Iter 259/488] steps=530432 reward=215.42 pi_loss=-0.1126 vf_loss=25.7304 entropy=17.4516 kl=0.2666
  [Eval] mean_return=293.63 std_return=65.42
[Iter 260/488] steps=532480 reward=180.20 pi_loss=-0.0974 vf_loss=20.6415 entropy=17.8112 kl=0.3904
[Iter 261/488] steps=534528 reward=111.07 pi_loss=-0.1352 vf_loss=27.6323 entropy=17.3888 kl=0.2203
[Iter 262/488] steps=536576 reward=36.10 pi_loss=-0.1353 vf_loss=27.6922 entropy=17.3863 kl=0.2394
[Iter 263/488] steps=538624 reward=-293.19 pi_loss=-0.0880 vf_loss=18.4353 entropy=18.0441 kl=0.5043
[Iter 264/488] steps=540672 reward=229.05 pi_loss=-0.1207 vf_loss=24.6909 entropy=17.5569 kl=0.2360
  [Eval] mean_return=261.75 std_return=62.91
[Iter 265/488] steps=542720 reward=-12.83 pi_loss=-0.1190 vf_loss=20.0779 entropy=17.5829 kl=0.2974
[Iter 266/488] steps=544768 reward=106.51 pi_loss=-0.1187 vf_loss=29.9177 entropy=17.2828 kl=0.1767
[Iter 267/488] steps=546816 reward=122.99 pi_loss=-0.1223 vf_loss=28.5351 entropy=17.4348 kl=0.1952
[Iter 268/488] steps=548864 reward=-90.46 pi_loss=-0.0613 vf_loss=16.6725 entropy=18.4956 kl=0.7622
[Iter 269/488] steps=550912 reward=-20.26 pi_loss=-0.1241 vf_loss=20.0537 entropy=17.4090 kl=0.2327
  [Eval] mean_return=215.59 std_return=206.03
[Iter 270/488] steps=552960 reward=157.32 pi_loss=-0.0987 vf_loss=15.9476 entropy=17.7981 kl=0.4000
[Iter 271/488] steps=555008 reward=-25.74 pi_loss=-0.1142 vf_loss=16.7975 entropy=17.7205 kl=0.3627
[Iter 272/488] steps=557056 reward=-180.55 pi_loss=-0.1055 vf_loss=17.1524 entropy=17.7326 kl=0.4081
[Iter 273/488] steps=559104 reward=105.37 pi_loss=-0.1329 vf_loss=22.4708 entropy=17.3973 kl=0.1789
[Iter 274/488] steps=561152 reward=122.00 pi_loss=-0.1225 vf_loss=23.4238 entropy=17.4810 kl=0.2499
  [Eval] mean_return=191.92 std_return=236.68
[Iter 275/488] steps=563200 reward=-167.76 pi_loss=-0.1159 vf_loss=21.1149 entropy=17.4725 kl=0.2587
[Iter 276/488] steps=565248 reward=135.37 pi_loss=-0.1224 vf_loss=30.3852 entropy=17.3331 kl=0.1811
[Iter 277/488] steps=567296 reward=-60.44 pi_loss=-0.1333 vf_loss=23.3200 entropy=17.5326 kl=0.2637
[Iter 278/488] steps=569344 reward=144.47 pi_loss=-0.1244 vf_loss=24.3823 entropy=17.5289 kl=0.2415
[Iter 279/488] steps=571392 reward=302.14 pi_loss=-0.1221 vf_loss=26.8876 entropy=17.4439 kl=0.2253
  [Eval] mean_return=252.20 std_return=96.02
[Iter 280/488] steps=573440 reward=237.31 pi_loss=-0.1213 vf_loss=24.1526 entropy=17.4408 kl=0.2237
[Iter 281/488] steps=575488 reward=81.77 pi_loss=-0.1172 vf_loss=26.7908 entropy=17.4137 kl=0.3010
[Iter 282/488] steps=577536 reward=58.32 pi_loss=-0.1283 vf_loss=31.2692 entropy=17.3707 kl=0.2220
[Iter 283/488] steps=579584 reward=34.82 pi_loss=-0.1338 vf_loss=22.2453 entropy=17.5976 kl=0.2610
[Iter 284/488] steps=581632 reward=-47.01 pi_loss=-0.1006 vf_loss=21.0595 entropy=17.9293 kl=0.4314
  [Eval] mean_return=204.67 std_return=149.38
[Iter 285/488] steps=583680 reward=-139.27 pi_loss=-0.0645 vf_loss=21.4508 entropy=19.0370 kl=0.9287
[Iter 286/488] steps=585728 reward=-157.64 pi_loss=-0.1137 vf_loss=15.0937 entropy=17.7095 kl=0.3357
[Iter 287/488] steps=587776 reward=-16.70 pi_loss=-0.1207 vf_loss=36.3986 entropy=17.4044 kl=0.1919
[Iter 288/488] steps=589824 reward=232.10 pi_loss=-0.0963 vf_loss=22.6512 entropy=17.7634 kl=0.3368
[Iter 289/488] steps=591872 reward=152.21 pi_loss=-0.1256 vf_loss=26.0985 entropy=17.4707 kl=0.2451
  [Eval] mean_return=210.93 std_return=181.85
[Iter 290/488] steps=593920 reward=228.09 pi_loss=-0.1207 vf_loss=20.3293 entropy=17.5319 kl=0.2877
[Iter 291/488] steps=595968 reward=-22.70 pi_loss=-0.1217 vf_loss=22.0302 entropy=17.6824 kl=0.2773
[Iter 292/488] steps=598016 reward=-185.98 pi_loss=-0.1239 vf_loss=31.0168 entropy=17.4638 kl=0.2201
[Iter 293/488] steps=600064 reward=92.82 pi_loss=-0.1318 vf_loss=26.3409 entropy=17.2549 kl=0.1925
  [Eval] mean_return=225.20 std_return=102.45
[Iter 294/488] steps=602112 reward=161.64 pi_loss=-0.1261 vf_loss=21.7825 entropy=17.3882 kl=0.2200
[Iter 295/488] steps=604160 reward=104.83 pi_loss=-0.1244 vf_loss=31.8639 entropy=17.4293 kl=0.1851
[Iter 296/488] steps=606208 reward=103.51 pi_loss=-0.1253 vf_loss=26.2255 entropy=17.3221 kl=0.2106
[Iter 297/488] steps=608256 reward=225.00 pi_loss=-0.1251 vf_loss=34.7423 entropy=17.3004 kl=0.2008
[Iter 298/488] steps=610304 reward=163.16 pi_loss=-0.1223 vf_loss=27.3922 entropy=17.5587 kl=0.2529
  [Eval] mean_return=100.09 std_return=254.41
[Iter 299/488] steps=612352 reward=130.08 pi_loss=-0.1358 vf_loss=22.4289 entropy=17.4359 kl=0.2181
[Iter 300/488] steps=614400 reward=96.29 pi_loss=-0.1208 vf_loss=27.7865 entropy=17.4843 kl=0.2240
[Iter 301/488] steps=616448 reward=-81.54 pi_loss=-0.1305 vf_loss=20.5953 entropy=17.5903 kl=0.3223
[Iter 302/488] steps=618496 reward=147.72 pi_loss=-0.1057 vf_loss=22.0736 entropy=17.6181 kl=0.3157
[Iter 303/488] steps=620544 reward=231.92 pi_loss=-0.1339 vf_loss=28.2611 entropy=17.4159 kl=0.2105
  [Eval] mean_return=216.23 std_return=109.91
[Iter 304/488] steps=622592 reward=-93.22 pi_loss=-0.1238 vf_loss=32.0982 entropy=17.4575 kl=0.2254
[Iter 305/488] steps=624640 reward=-469.25 pi_loss=-0.1243 vf_loss=22.8046 entropy=17.7268 kl=0.3605
[Iter 306/488] steps=626688 reward=-126.13 pi_loss=-0.1173 vf_loss=23.1257 entropy=17.6180 kl=0.3312
[Iter 307/488] steps=628736 reward=-21.48 pi_loss=-0.0998 vf_loss=20.9514 entropy=18.1616 kl=0.5270
[Iter 308/488] steps=630784 reward=200.29 pi_loss=-0.1221 vf_loss=27.8364 entropy=17.3953 kl=0.1971
  [Eval] mean_return=270.75 std_return=60.65
[Iter 309/488] steps=632832 reward=120.66 pi_loss=-0.0964 vf_loss=21.4242 entropy=17.8920 kl=0.4278
[Iter 310/488] steps=634880 reward=182.97 pi_loss=-0.1155 vf_loss=27.7125 entropy=17.4947 kl=0.2233
[Iter 311/488] steps=636928 reward=196.44 pi_loss=-0.1276 vf_loss=29.2033 entropy=17.2405 kl=0.1791
[Iter 312/488] steps=638976 reward=-71.74 pi_loss=-0.1078 vf_loss=27.2516 entropy=17.6810 kl=0.3086
[Iter 313/488] steps=641024 reward=-123.20 pi_loss=-0.1134 vf_loss=23.7489 entropy=17.7393 kl=0.3546
  [Eval] mean_return=148.48 std_return=248.39
[Iter 314/488] steps=643072 reward=207.63 pi_loss=-0.1358 vf_loss=27.7483 entropy=17.3732 kl=0.1930
[Iter 315/488] steps=645120 reward=2.00 pi_loss=-0.1204 vf_loss=29.7018 entropy=17.4187 kl=0.1972
[Iter 316/488] steps=647168 reward=208.30 pi_loss=-0.1250 vf_loss=24.6424 entropy=17.3819 kl=0.2130
[Iter 317/488] steps=649216 reward=269.91 pi_loss=-0.1310 vf_loss=27.5271 entropy=17.5023 kl=0.2199
[Iter 318/488] steps=651264 reward=199.34 pi_loss=-0.1196 vf_loss=29.9862 entropy=17.4297 kl=0.2124
  [Eval] mean_return=281.11 std_return=142.09
[Iter 319/488] steps=653312 reward=95.64 pi_loss=-0.1163 vf_loss=33.7405 entropy=17.4062 kl=0.1927
[Iter 320/488] steps=655360 reward=301.07 pi_loss=-0.1200 vf_loss=24.8092 entropy=17.3839 kl=0.2154
[Iter 321/488] steps=657408 reward=-57.42 pi_loss=-0.1216 vf_loss=23.4441 entropy=17.7092 kl=0.3059
[Iter 322/488] steps=659456 reward=-44.00 pi_loss=-0.1328 vf_loss=27.9604 entropy=17.5116 kl=0.2238
[Iter 323/488] steps=661504 reward=144.40 pi_loss=-0.1217 vf_loss=26.0846 entropy=17.4357 kl=0.2425
  [Eval] mean_return=259.28 std_return=217.74
[Iter 324/488] steps=663552 reward=17.98 pi_loss=-0.1148 vf_loss=45.2021 entropy=17.2908 kl=0.1929
[Iter 325/488] steps=665600 reward=-434.38 pi_loss=-0.1142 vf_loss=47.8675 entropy=17.2829 kl=0.1855
[Iter 326/488] steps=667648 reward=104.90 pi_loss=-0.1326 vf_loss=24.6958 entropy=17.4419 kl=0.2682
[Iter 327/488] steps=669696 reward=-149.06 pi_loss=-0.1179 vf_loss=22.0753 entropy=17.5726 kl=0.2975
[Iter 328/488] steps=671744 reward=194.37 pi_loss=-0.1226 vf_loss=22.7718 entropy=17.4854 kl=0.2402
  [Eval] mean_return=251.66 std_return=104.02
[Iter 329/488] steps=673792 reward=97.93 pi_loss=-0.1029 vf_loss=28.5262 entropy=17.7050 kl=0.3333
[Iter 330/488] steps=675840 reward=308.16 pi_loss=-0.1267 vf_loss=34.6819 entropy=17.2610 kl=0.1804
[Iter 331/488] steps=677888 reward=305.87 pi_loss=-0.1300 vf_loss=20.7762 entropy=17.5316 kl=0.2681
[Iter 332/488] steps=679936 reward=-38.85 pi_loss=-0.1210 vf_loss=32.8918 entropy=17.5658 kl=0.2097
[Iter 333/488] steps=681984 reward=136.54 pi_loss=-0.1256 vf_loss=34.0866 entropy=17.2737 kl=0.1701
  [Eval] mean_return=307.83 std_return=157.55
[Iter 334/488] steps=684032 reward=140.10 pi_loss=-0.1265 vf_loss=37.9230 entropy=17.2585 kl=0.1495
[Iter 335/488] steps=686080 reward=-11.26 pi_loss=-0.0673 vf_loss=25.3716 entropy=17.8857 kl=0.4576
[Iter 336/488] steps=688128 reward=210.39 pi_loss=-0.1243 vf_loss=29.3651 entropy=17.4632 kl=0.1950
[Iter 337/488] steps=690176 reward=209.56 pi_loss=-0.1255 vf_loss=36.1467 entropy=17.4459 kl=0.1812
  [Eval] mean_return=205.99 std_return=265.33
[Iter 338/488] steps=692224 reward=-146.71 pi_loss=-0.0988 vf_loss=26.0751 entropy=17.9704 kl=0.4174
[Iter 339/488] steps=694272 reward=222.17 pi_loss=-0.1268 vf_loss=33.3146 entropy=17.3640 kl=0.1918
[Iter 340/488] steps=696320 reward=126.82 pi_loss=-0.1253 vf_loss=36.3141 entropy=17.3139 kl=0.1715
[Iter 341/488] steps=698368 reward=231.41 pi_loss=-0.1175 vf_loss=37.6402 entropy=17.4876 kl=0.2286
[Iter 342/488] steps=700416 reward=82.80 pi_loss=-0.1323 vf_loss=27.1713 entropy=17.5004 kl=0.2172
  [Eval] mean_return=343.19 std_return=134.15
[Iter 343/488] steps=702464 reward=23.01 pi_loss=-0.1019 vf_loss=22.7921 entropy=17.8558 kl=0.4222
[Iter 344/488] steps=704512 reward=-3.88 pi_loss=-0.1328 vf_loss=28.9331 entropy=17.3050 kl=0.1844
[Iter 345/488] steps=706560 reward=238.52 pi_loss=-0.1274 vf_loss=37.9881 entropy=17.2711 kl=0.1610
[Iter 346/488] steps=708608 reward=-18.68 pi_loss=-0.1311 vf_loss=35.6152 entropy=17.3166 kl=0.1889
[Iter 347/488] steps=710656 reward=222.87 pi_loss=-0.1212 vf_loss=39.7042 entropy=17.3260 kl=0.1747
  [Eval] mean_return=330.47 std_return=217.13
[Iter 348/488] steps=712704 reward=248.99 pi_loss=-0.1269 vf_loss=29.9173 entropy=17.4745 kl=0.2285
[Iter 349/488] steps=714752 reward=-331.68 pi_loss=-0.1216 vf_loss=26.8537 entropy=17.4540 kl=0.2202
[Iter 350/488] steps=716800 reward=33.64 pi_loss=-0.1310 vf_loss=30.6171 entropy=17.3054 kl=0.1844
[Iter 351/488] steps=718848 reward=167.64 pi_loss=-0.1237 vf_loss=31.0022 entropy=17.2360 kl=0.1761
[Iter 352/488] steps=720896 reward=264.28 pi_loss=-0.1299 vf_loss=27.9430 entropy=17.2907 kl=0.1924
  [Eval] mean_return=223.43 std_return=216.92
[Iter 353/488] steps=722944 reward=197.41 pi_loss=-0.1143 vf_loss=36.1126 entropy=17.2654 kl=0.1701
[Iter 354/488] steps=724992 reward=78.39 pi_loss=-0.1172 vf_loss=31.3804 entropy=17.3450 kl=0.1674
[Iter 355/488] steps=727040 reward=194.69 pi_loss=-0.1306 vf_loss=45.9487 entropy=17.3347 kl=0.1673
[Iter 356/488] steps=729088 reward=-103.31 pi_loss=-0.1277 vf_loss=26.2490 entropy=17.5426 kl=0.2728
[Iter 357/488] steps=731136 reward=332.41 pi_loss=-0.1194 vf_loss=27.2403 entropy=17.3287 kl=0.1849
  [Eval] mean_return=206.46 std_return=385.61
[Iter 358/488] steps=733184 reward=415.64 pi_loss=-0.0993 vf_loss=27.3155 entropy=17.5422 kl=0.2953
[Iter 359/488] steps=735232 reward=27.53 pi_loss=-0.1262 vf_loss=33.2089 entropy=17.3656 kl=0.1722
[Iter 360/488] steps=737280 reward=-95.00 pi_loss=-0.0992 vf_loss=23.4294 entropy=17.6331 kl=0.3140
[Iter 361/488] steps=739328 reward=87.41 pi_loss=-0.1344 vf_loss=33.0800 entropy=17.4144 kl=0.1683
[Iter 362/488] steps=741376 reward=257.33 pi_loss=-0.1251 vf_loss=32.3794 entropy=17.2935 kl=0.1602
  [Eval] mean_return=387.43 std_return=134.58
[Iter 363/488] steps=743424 reward=-208.61 pi_loss=-0.1214 vf_loss=26.0610 entropy=17.3598 kl=0.2094
[Iter 364/488] steps=745472 reward=-230.42 pi_loss=-0.1203 vf_loss=17.9051 entropy=17.4371 kl=0.2645
[Iter 365/488] steps=747520 reward=-146.59 pi_loss=-0.1313 vf_loss=23.7916 entropy=17.4259 kl=0.1781
[Iter 366/488] steps=749568 reward=279.83 pi_loss=-0.1161 vf_loss=25.8659 entropy=17.2580 kl=0.1592
[Iter 367/488] steps=751616 reward=184.07 pi_loss=-0.1226 vf_loss=34.5107 entropy=17.2582 kl=0.1450
  [Eval] mean_return=380.93 std_return=130.34
[Iter 368/488] steps=753664 reward=172.56 pi_loss=-0.1244 vf_loss=37.1638 entropy=17.2371 kl=0.1461
[Iter 369/488] steps=755712 reward=237.10 pi_loss=-0.1138 vf_loss=37.4708 entropy=17.1984 kl=0.1246
[Iter 370/488] steps=757760 reward=38.71 pi_loss=-0.1197 vf_loss=30.0649 entropy=17.3163 kl=0.1653
[Iter 371/488] steps=759808 reward=360.62 pi_loss=-0.1215 vf_loss=38.6233 entropy=17.2367 kl=0.1487
[Iter 372/488] steps=761856 reward=223.57 pi_loss=-0.1212 vf_loss=28.8686 entropy=17.3177 kl=0.1701
  [Eval] mean_return=274.96 std_return=248.61
[Iter 373/488] steps=763904 reward=-112.64 pi_loss=-0.1272 vf_loss=32.0784 entropy=17.3997 kl=0.1856
[Iter 374/488] steps=765952 reward=-6.68 pi_loss=-0.1134 vf_loss=39.9469 entropy=17.3383 kl=0.1530
[Iter 375/488] steps=768000 reward=261.60 pi_loss=-0.1169 vf_loss=41.8390 entropy=17.3036 kl=0.1482
[Iter 376/488] steps=770048 reward=-176.50 pi_loss=-0.1272 vf_loss=40.6073 entropy=17.5108 kl=0.1770
  [Eval] mean_return=374.27 std_return=127.96
[Iter 377/488] steps=772096 reward=379.24 pi_loss=-0.1018 vf_loss=34.5010 entropy=17.6085 kl=0.3017
[Iter 378/488] steps=774144 reward=296.98 pi_loss=-0.1124 vf_loss=39.6927 entropy=17.2226 kl=0.1375
[Iter 379/488] steps=776192 reward=434.57 pi_loss=-0.1165 vf_loss=32.6936 entropy=17.3885 kl=0.1931
[Iter 380/488] steps=778240 reward=497.65 pi_loss=-0.1221 vf_loss=34.8587 entropy=17.2798 kl=0.1664
[Iter 381/488] steps=780288 reward=298.47 pi_loss=-0.1244 vf_loss=38.7542 entropy=17.4491 kl=0.1716
  [Eval] mean_return=180.65 std_return=314.25
[Iter 382/488] steps=782336 reward=62.85 pi_loss=-0.1151 vf_loss=24.9363 entropy=17.4438 kl=0.2410
[Iter 383/488] steps=784384 reward=382.12 pi_loss=-0.1187 vf_loss=44.9824 entropy=17.2865 kl=0.1213
[Iter 384/488] steps=786432 reward=277.96 pi_loss=-0.1175 vf_loss=40.1666 entropy=17.4063 kl=0.1674
[Iter 385/488] steps=788480 reward=358.35 pi_loss=-0.1277 vf_loss=37.5703 entropy=17.2503 kl=0.1425
[Iter 386/488] steps=790528 reward=234.66 pi_loss=-0.1196 vf_loss=38.8594 entropy=17.2089 kl=0.1419
  [Eval] mean_return=396.64 std_return=218.49
[Iter 387/488] steps=792576 reward=476.14 pi_loss=-0.1145 vf_loss=43.1961 entropy=17.2182 kl=0.1253
[Iter 388/488] steps=794624 reward=210.08 pi_loss=-0.1242 vf_loss=31.9803 entropy=17.3034 kl=0.1556
[Iter 389/488] steps=796672 reward=-149.06 pi_loss=-0.1280 vf_loss=33.0642 entropy=17.2982 kl=0.1689
[Iter 390/488] steps=798720 reward=463.93 pi_loss=-0.1145 vf_loss=27.0987 entropy=17.2072 kl=0.1664
[Iter 391/488] steps=800768 reward=431.07 pi_loss=-0.1208 vf_loss=40.9068 entropy=17.1962 kl=0.1261
  [Eval] mean_return=523.29 std_return=108.69
[Iter 392/488] steps=802816 reward=-5.03 pi_loss=-0.1212 vf_loss=31.8836 entropy=17.2728 kl=0.1503
[Iter 393/488] steps=804864 reward=431.96 pi_loss=-0.1131 vf_loss=35.3363 entropy=17.3309 kl=0.1603
[Iter 394/488] steps=806912 reward=-52.90 pi_loss=-0.1203 vf_loss=39.0491 entropy=17.2783 kl=0.1389
[Iter 395/488] steps=808960 reward=281.54 pi_loss=-0.1235 vf_loss=32.1569 entropy=17.2712 kl=0.1374
[Iter 396/488] steps=811008 reward=53.61 pi_loss=-0.1205 vf_loss=37.0572 entropy=17.4646 kl=0.1705
  [Eval] mean_return=297.57 std_return=319.42
[Iter 397/488] steps=813056 reward=37.13 pi_loss=-0.1262 vf_loss=34.3990 entropy=17.2899 kl=0.1418
[Iter 398/488] steps=815104 reward=371.61 pi_loss=-0.1222 vf_loss=31.0935 entropy=17.3083 kl=0.1349
[Iter 399/488] steps=817152 reward=173.74 pi_loss=-0.1205 vf_loss=46.0827 entropy=17.2849 kl=0.1122
[Iter 400/488] steps=819200 reward=-96.22 pi_loss=-0.1161 vf_loss=28.8894 entropy=17.3420 kl=0.1784
[Iter 401/488] steps=821248 reward=417.54 pi_loss=-0.1164 vf_loss=34.1791 entropy=17.2591 kl=0.1230
  [Eval] mean_return=311.05 std_return=353.98
[Iter 402/488] steps=823296 reward=439.13 pi_loss=-0.1105 vf_loss=36.9637 entropy=17.2888 kl=0.1235
[Iter 403/488] steps=825344 reward=290.02 pi_loss=-0.1228 vf_loss=34.4302 entropy=17.2897 kl=0.1355
[Iter 404/488] steps=827392 reward=424.66 pi_loss=-0.1089 vf_loss=37.6852 entropy=17.2605 kl=0.1246
[Iter 405/488] steps=829440 reward=-17.41 pi_loss=-0.1221 vf_loss=28.6846 entropy=17.2804 kl=0.1318
[Iter 406/488] steps=831488 reward=481.20 pi_loss=-0.1114 vf_loss=38.0342 entropy=17.1717 kl=0.1040
  [Eval] mean_return=253.62 std_return=327.40
[Iter 407/488] steps=833536 reward=225.25 pi_loss=-0.1101 vf_loss=35.8177 entropy=17.3104 kl=0.1263
[Iter 408/488] steps=835584 reward=214.97 pi_loss=-0.1171 vf_loss=39.2373 entropy=17.1625 kl=0.1184
[Iter 409/488] steps=837632 reward=159.54 pi_loss=-0.1226 vf_loss=41.7528 entropy=17.2181 kl=0.1207
[Iter 410/488] steps=839680 reward=355.02 pi_loss=-0.1084 vf_loss=52.0055 entropy=17.1447 kl=0.0898
[Iter 411/488] steps=841728 reward=366.38 pi_loss=-0.1149 vf_loss=36.9956 entropy=17.2446 kl=0.1146
  [Eval] mean_return=309.72 std_return=330.40
[Iter 412/488] steps=843776 reward=129.53 pi_loss=-0.1196 vf_loss=35.4139 entropy=17.2361 kl=0.1326
[Iter 413/488] steps=845824 reward=-191.43 pi_loss=-0.1133 vf_loss=27.8586 entropy=17.4004 kl=0.1827
[Iter 414/488] steps=847872 reward=396.83 pi_loss=-0.1120 vf_loss=44.4743 entropy=17.1671 kl=0.0948
[Iter 415/488] steps=849920 reward=424.87 pi_loss=-0.1027 vf_loss=51.8636 entropy=17.1405 kl=0.0962
[Iter 416/488] steps=851968 reward=7.58 pi_loss=-0.1150 vf_loss=46.9653 entropy=17.2724 kl=0.0964
  [Eval] mean_return=65.49 std_return=360.77
[Iter 417/488] steps=854016 reward=56.59 pi_loss=-0.1167 vf_loss=29.6555 entropy=17.3005 kl=0.1295
[Iter 418/488] steps=856064 reward=251.65 pi_loss=-0.1107 vf_loss=41.2493 entropy=17.1730 kl=0.1079
[Iter 419/488] steps=858112 reward=61.74 pi_loss=-0.1023 vf_loss=41.2190 entropy=17.2114 kl=0.1093
[Iter 420/488] steps=860160 reward=216.63 pi_loss=-0.1142 vf_loss=39.9126 entropy=17.2252 kl=0.0941
  [Eval] mean_return=363.62 std_return=227.96
[Iter 421/488] steps=862208 reward=242.36 pi_loss=-0.1160 vf_loss=30.1132 entropy=17.2500 kl=0.1194
[Iter 422/488] steps=864256 reward=407.90 pi_loss=-0.1079 vf_loss=40.5037 entropy=17.1767 kl=0.0848
[Iter 423/488] steps=866304 reward=237.16 pi_loss=-0.1161 vf_loss=35.2168 entropy=17.2344 kl=0.1017
[Iter 424/488] steps=868352 reward=271.19 pi_loss=-0.1137 vf_loss=38.7182 entropy=17.3097 kl=0.0945
[Iter 425/488] steps=870400 reward=-11.28 pi_loss=-0.1033 vf_loss=65.0489 entropy=17.1880 kl=0.0844
  [Eval] mean_return=286.48 std_return=355.70
[Iter 426/488] steps=872448 reward=542.24 pi_loss=-0.1090 vf_loss=39.8282 entropy=17.1419 kl=0.0999
[Iter 427/488] steps=874496 reward=-22.70 pi_loss=-0.1140 vf_loss=34.1168 entropy=17.2966 kl=0.1103
[Iter 428/488] steps=876544 reward=114.01 pi_loss=-0.1105 vf_loss=41.0301 entropy=17.2747 kl=0.0890
[Iter 429/488] steps=878592 reward=382.05 pi_loss=-0.1118 vf_loss=31.9736 entropy=17.2178 kl=0.0899
[Iter 430/488] steps=880640 reward=278.64 pi_loss=-0.1063 vf_loss=39.4495 entropy=17.1637 kl=0.0938
  [Eval] mean_return=479.01 std_return=321.19
[Iter 431/488] steps=882688 reward=7.53 pi_loss=-0.1104 vf_loss=37.9537 entropy=17.2330 kl=0.0907
[Iter 432/488] steps=884736 reward=420.21 pi_loss=-0.0996 vf_loss=57.0128 entropy=17.1498 kl=0.0701
[Iter 433/488] steps=886784 reward=-54.19 pi_loss=-0.1076 vf_loss=36.8487 entropy=17.1976 kl=0.0818
[Iter 434/488] steps=888832 reward=512.86 pi_loss=-0.1083 vf_loss=46.5001 entropy=17.1036 kl=0.0753
[Iter 435/488] steps=890880 reward=378.50 pi_loss=-0.0986 vf_loss=49.8374 entropy=17.2359 kl=0.0777
  [Eval] mean_return=103.60 std_return=439.80
[Iter 436/488] steps=892928 reward=-364.58 pi_loss=-0.1177 vf_loss=39.4639 entropy=17.1732 kl=0.0878
[Iter 437/488] steps=894976 reward=28.17 pi_loss=-0.1156 vf_loss=30.8279 entropy=17.1590 kl=0.0970
[Iter 438/488] steps=897024 reward=94.06 pi_loss=-0.1141 vf_loss=34.3099 entropy=17.1434 kl=0.0863
[Iter 439/488] steps=899072 reward=221.87 pi_loss=-0.1044 vf_loss=41.6918 entropy=17.1316 kl=0.0726
[Iter 440/488] steps=901120 reward=-12.04 pi_loss=-0.1030 vf_loss=45.3066 entropy=17.0968 kl=0.0726
  [Eval] mean_return=437.41 std_return=232.27
[Iter 441/488] steps=903168 reward=300.56 pi_loss=-0.1002 vf_loss=36.9776 entropy=17.1118 kl=0.0690
[Iter 442/488] steps=905216 reward=523.09 pi_loss=-0.1021 vf_loss=46.3492 entropy=17.1260 kl=0.0613
[Iter 443/488] steps=907264 reward=253.12 pi_loss=-0.0952 vf_loss=42.2491 entropy=17.0919 kl=0.0671
[Iter 444/488] steps=909312 reward=504.06 pi_loss=-0.0984 vf_loss=43.5413 entropy=17.2384 kl=0.0664
[Iter 445/488] steps=911360 reward=467.44 pi_loss=-0.0992 vf_loss=44.8192 entropy=17.1404 kl=0.0670
  [Eval] mean_return=230.22 std_return=439.76
[Iter 446/488] steps=913408 reward=379.64 pi_loss=-0.1030 vf_loss=41.6471 entropy=17.1366 kl=0.0708
[Iter 447/488] steps=915456 reward=348.60 pi_loss=-0.0965 vf_loss=41.1669 entropy=17.1749 kl=0.0642
[Iter 448/488] steps=917504 reward=266.37 pi_loss=-0.0947 vf_loss=42.1152 entropy=17.1043 kl=0.0599
[Iter 449/488] steps=919552 reward=360.74 pi_loss=-0.0960 vf_loss=39.0953 entropy=17.1717 kl=0.0668
[Iter 450/488] steps=921600 reward=91.34 pi_loss=-0.1020 vf_loss=52.5374 entropy=17.1988 kl=0.0648
  [Eval] mean_return=393.55 std_return=370.47
[Iter 451/488] steps=923648 reward=-243.90 pi_loss=-0.0940 vf_loss=46.3451 entropy=17.0468 kl=0.0607
[Iter 452/488] steps=925696 reward=469.90 pi_loss=-0.0951 vf_loss=38.8771 entropy=17.1567 kl=0.0580
[Iter 453/488] steps=927744 reward=468.16 pi_loss=-0.0921 vf_loss=44.9378 entropy=17.0949 kl=0.0584
[Iter 454/488] steps=929792 reward=501.29 pi_loss=-0.0982 vf_loss=37.1842 entropy=17.0902 kl=0.0630
[Iter 455/488] steps=931840 reward=261.31 pi_loss=-0.0911 vf_loss=69.7891 entropy=17.1518 kl=0.0448
  [Eval] mean_return=178.03 std_return=384.47
[Iter 456/488] steps=933888 reward=347.47 pi_loss=-0.0890 vf_loss=55.4652 entropy=17.1302 kl=0.0527
[Iter 457/488] steps=935936 reward=242.82 pi_loss=-0.0958 vf_loss=43.1196 entropy=17.1555 kl=0.0574
[Iter 458/488] steps=937984 reward=454.12 pi_loss=-0.0922 vf_loss=47.5966 entropy=17.1836 kl=0.0550
[Iter 459/488] steps=940032 reward=471.08 pi_loss=-0.0944 vf_loss=38.9693 entropy=17.0464 kl=0.0560
  [Eval] mean_return=357.26 std_return=364.12
[Iter 460/488] steps=942080 reward=-31.08 pi_loss=-0.0978 vf_loss=48.6262 entropy=17.2068 kl=0.0588
[Iter 461/488] steps=944128 reward=209.67 pi_loss=-0.0855 vf_loss=59.5750 entropy=17.1725 kl=0.0420
[Iter 462/488] steps=946176 reward=496.01 pi_loss=-0.0836 vf_loss=54.6159 entropy=17.0787 kl=0.0415
[Iter 463/488] steps=948224 reward=360.40 pi_loss=-0.0860 vf_loss=47.8029 entropy=17.1505 kl=0.0463
[Iter 464/488] steps=950272 reward=211.70 pi_loss=-0.0810 vf_loss=55.6569 entropy=17.1833 kl=0.0437
  [Eval] mean_return=408.92 std_return=284.25
[Iter 465/488] steps=952320 reward=-38.12 pi_loss=-0.0784 vf_loss=50.8775 entropy=17.1408 kl=0.0428
[Iter 466/488] steps=954368 reward=411.03 pi_loss=-0.0820 vf_loss=42.4668 entropy=17.0547 kl=0.0399
[Iter 467/488] steps=956416 reward=-76.10 pi_loss=-0.0779 vf_loss=42.3769 entropy=17.1018 kl=0.0404
[Iter 468/488] steps=958464 reward=415.11 pi_loss=-0.0752 vf_loss=51.5717 entropy=17.1589 kl=0.0391
[Iter 469/488] steps=960512 reward=155.25 pi_loss=-0.0758 vf_loss=58.3618 entropy=17.0939 kl=0.0372
  [Eval] mean_return=303.80 std_return=393.56
[Iter 470/488] steps=962560 reward=-14.80 pi_loss=-0.0751 vf_loss=43.0988 entropy=17.1296 kl=0.0374
[Iter 471/488] steps=964608 reward=151.71 pi_loss=-0.0674 vf_loss=58.1667 entropy=17.1409 kl=0.0298
[Iter 472/488] steps=966656 reward=26.66 pi_loss=-0.0777 vf_loss=43.8769 entropy=17.1253 kl=0.0392
[Iter 473/488] steps=968704 reward=345.06 pi_loss=-0.0703 vf_loss=50.4456 entropy=17.0649 kl=0.0327
[Iter 474/488] steps=970752 reward=383.60 pi_loss=-0.0659 vf_loss=53.7728 entropy=17.1195 kl=0.0298
  [Eval] mean_return=403.36 std_return=353.93
[Iter 475/488] steps=972800 reward=316.64 pi_loss=-0.0636 vf_loss=47.9100 entropy=17.0552 kl=0.0275
[Iter 476/488] steps=974848 reward=475.69 pi_loss=-0.0569 vf_loss=64.8565 entropy=17.1256 kl=0.0250
[Iter 477/488] steps=976896 reward=420.25 pi_loss=-0.0595 vf_loss=55.5276 entropy=17.0478 kl=0.0269
[Iter 478/488] steps=978944 reward=601.13 pi_loss=-0.0596 vf_loss=36.6927 entropy=17.0081 kl=0.0262
[Iter 479/488] steps=980992 reward=315.59 pi_loss=-0.0535 vf_loss=49.0796 entropy=17.0825 kl=0.0229
  [Eval] mean_return=345.77 std_return=454.44
[Iter 480/488] steps=983040 reward=-166.60 pi_loss=-0.0622 vf_loss=28.4118 entropy=17.1427 kl=0.0288
[Iter 481/488] steps=985088 reward=438.08 pi_loss=-0.0491 vf_loss=38.1771 entropy=17.0415 kl=0.0201
[Iter 482/488] steps=987136 reward=-90.48 pi_loss=-0.0409 vf_loss=44.7145 entropy=17.0994 kl=0.0163
[Iter 483/488] steps=989184 reward=546.71 pi_loss=-0.0330 vf_loss=65.5150 entropy=16.9880 kl=0.0144
[Iter 484/488] steps=991232 reward=277.28 pi_loss=-0.0263 vf_loss=73.9582 entropy=17.0161 kl=0.0092
  [Eval] mean_return=378.46 std_return=324.12
[Iter 485/488] steps=993280 reward=498.92 pi_loss=-0.0289 vf_loss=56.8420 entropy=16.9651 kl=0.0098
[Iter 486/488] steps=995328 reward=287.77 pi_loss=-0.0224 vf_loss=67.1121 entropy=17.1104 kl=0.0070
[Iter 487/488] steps=997376 reward=-18.16 pi_loss=-0.0220 vf_loss=46.1886 entropy=16.9891 kl=0.0061
[Iter 488/488] steps=999424 reward=486.24 pi_loss=-0.0098 vf_loss=45.2594 entropy=17.0742 kl=0.0020
Training complete. Logs saved to results/K_ablation/K2_perstep_uniform/seed_42
