[Iter 1/488] steps=2048 reward=-520.36 pi_loss=-0.0135 vf_loss=21.3702 entropy=34.0685 kl=0.0059
[Iter 2/488] steps=4096 reward=-517.32 pi_loss=-0.0201 vf_loss=15.9743 entropy=33.9792 kl=0.0078
[Iter 3/488] steps=6144 reward=-448.62 pi_loss=-0.0240 vf_loss=11.1746 entropy=34.2058 kl=0.0103
[Iter 4/488] steps=8192 reward=-412.81 pi_loss=-0.0202 vf_loss=15.2093 entropy=34.0795 kl=0.0071
[Iter 5/488] steps=10240 reward=-461.56 pi_loss=-0.0282 vf_loss=10.8046 entropy=34.0834 kl=0.0111
  [Eval] mean_return=-223.91 std_return=85.97
[Iter 6/488] steps=12288 reward=-415.87 pi_loss=-0.0254 vf_loss=15.8788 entropy=34.0502 kl=0.0094
[Iter 7/488] steps=14336 reward=-452.53 pi_loss=-0.0273 vf_loss=15.1893 entropy=34.1244 kl=0.0110
[Iter 8/488] steps=16384 reward=-385.63 pi_loss=-0.0298 vf_loss=14.4746 entropy=34.1855 kl=0.0138
[Iter 9/488] steps=18432 reward=-452.42 pi_loss=-0.0278 vf_loss=26.8913 entropy=34.0682 kl=0.0099
[Iter 10/488] steps=20480 reward=-313.82 pi_loss=-0.0285 vf_loss=20.9364 entropy=34.2213 kl=0.0123
  [Eval] mean_return=-101.81 std_return=69.99
[Iter 11/488] steps=22528 reward=-360.83 pi_loss=-0.0268 vf_loss=31.5721 entropy=34.1054 kl=0.0103
[Iter 12/488] steps=24576 reward=-452.64 pi_loss=-0.0289 vf_loss=32.7307 entropy=34.0936 kl=0.0113
[Iter 13/488] steps=26624 reward=-407.18 pi_loss=-0.0309 vf_loss=13.2051 entropy=34.1831 kl=0.0214
[Iter 14/488] steps=28672 reward=-352.90 pi_loss=-0.0315 vf_loss=14.2690 entropy=34.0905 kl=0.0170
[Iter 15/488] steps=30720 reward=-305.70 pi_loss=-0.0324 vf_loss=13.2391 entropy=34.1308 kl=0.0187
  [Eval] mean_return=-160.86 std_return=99.97
[Iter 16/488] steps=32768 reward=-418.29 pi_loss=-0.0327 vf_loss=14.2078 entropy=34.2541 kl=0.0169
[Iter 17/488] steps=34816 reward=-381.47 pi_loss=-0.0331 vf_loss=16.5887 entropy=34.1150 kl=0.0151
[Iter 18/488] steps=36864 reward=-192.79 pi_loss=-0.0329 vf_loss=16.0906 entropy=34.0445 kl=0.0155
[Iter 19/488] steps=38912 reward=-302.86 pi_loss=-0.0346 vf_loss=11.2954 entropy=34.1126 kl=0.0238
[Iter 20/488] steps=40960 reward=-454.94 pi_loss=-0.0306 vf_loss=29.2525 entropy=34.1357 kl=0.0117
  [Eval] mean_return=-128.16 std_return=74.97
[Iter 21/488] steps=43008 reward=-275.44 pi_loss=-0.0337 vf_loss=13.3616 entropy=34.1126 kl=0.0188
[Iter 22/488] steps=45056 reward=-344.02 pi_loss=-0.0348 vf_loss=9.0672 entropy=34.2831 kl=0.0273
[Iter 23/488] steps=47104 reward=-269.82 pi_loss=-0.0323 vf_loss=18.1030 entropy=34.1224 kl=0.0138
[Iter 24/488] steps=49152 reward=-178.38 pi_loss=-0.0336 vf_loss=15.3691 entropy=34.2897 kl=0.0157
[Iter 25/488] steps=51200 reward=-294.22 pi_loss=-0.0349 vf_loss=22.1028 entropy=34.0280 kl=0.0139
  [Eval] mean_return=-139.86 std_return=47.93
[Iter 26/488] steps=53248 reward=-400.56 pi_loss=-0.0335 vf_loss=9.5580 entropy=34.1339 kl=0.0300
[Iter 27/488] steps=55296 reward=-261.33 pi_loss=-0.0353 vf_loss=12.5659 entropy=34.2266 kl=0.0214
[Iter 28/488] steps=57344 reward=-325.05 pi_loss=-0.0335 vf_loss=17.8773 entropy=34.0505 kl=0.0136
[Iter 29/488] steps=59392 reward=-337.16 pi_loss=-0.0365 vf_loss=16.3220 entropy=34.0211 kl=0.0171
[Iter 30/488] steps=61440 reward=-314.44 pi_loss=-0.0348 vf_loss=10.0692 entropy=34.2116 kl=0.0286
  [Eval] mean_return=-158.76 std_return=41.86
[Iter 31/488] steps=63488 reward=-270.03 pi_loss=-0.0380 vf_loss=11.6044 entropy=34.1748 kl=0.0220
[Iter 32/488] steps=65536 reward=-256.23 pi_loss=-0.0369 vf_loss=10.8212 entropy=34.0066 kl=0.0242
[Iter 33/488] steps=67584 reward=-324.26 pi_loss=-0.0356 vf_loss=9.2646 entropy=34.2758 kl=0.0297
[Iter 34/488] steps=69632 reward=-280.65 pi_loss=-0.0400 vf_loss=11.4788 entropy=34.1479 kl=0.0252
[Iter 35/488] steps=71680 reward=-278.60 pi_loss=-0.0358 vf_loss=23.2238 entropy=34.1422 kl=0.0142
  [Eval] mean_return=-116.66 std_return=21.65
[Iter 36/488] steps=73728 reward=-259.36 pi_loss=-0.0354 vf_loss=9.7566 entropy=34.2546 kl=0.0307
[Iter 37/488] steps=75776 reward=-243.31 pi_loss=-0.0382 vf_loss=15.8454 entropy=34.2171 kl=0.0174
[Iter 38/488] steps=77824 reward=-188.00 pi_loss=-0.0392 vf_loss=9.4180 entropy=34.1777 kl=0.0322
[Iter 39/488] steps=79872 reward=-206.33 pi_loss=-0.0380 vf_loss=9.8682 entropy=34.1982 kl=0.0282
[Iter 40/488] steps=81920 reward=-209.46 pi_loss=-0.0372 vf_loss=20.3911 entropy=34.0480 kl=0.0151
  [Eval] mean_return=-55.07 std_return=32.93
[Iter 41/488] steps=83968 reward=-149.22 pi_loss=-0.0382 vf_loss=28.5564 entropy=34.0997 kl=0.0136
[Iter 42/488] steps=86016 reward=-225.03 pi_loss=-0.0409 vf_loss=10.3757 entropy=34.2260 kl=0.0330
[Iter 43/488] steps=88064 reward=-256.08 pi_loss=-0.0425 vf_loss=9.9346 entropy=34.0572 kl=0.0248
[Iter 44/488] steps=90112 reward=-153.27 pi_loss=-0.0394 vf_loss=14.6388 entropy=34.2912 kl=0.0183
  [Eval] mean_return=-25.08 std_return=63.84
[Iter 45/488] steps=92160 reward=-167.97 pi_loss=-0.0390 vf_loss=16.3467 entropy=34.0717 kl=0.0196
[Iter 46/488] steps=94208 reward=-133.16 pi_loss=-0.0402 vf_loss=15.2552 entropy=34.0630 kl=0.0218
[Iter 47/488] steps=96256 reward=-196.81 pi_loss=-0.0410 vf_loss=8.4600 entropy=34.2218 kl=0.0375
[Iter 48/488] steps=98304 reward=-262.00 pi_loss=-0.0430 vf_loss=13.3711 entropy=34.1952 kl=0.0283
[Iter 49/488] steps=100352 reward=-163.17 pi_loss=-0.0423 vf_loss=12.3057 entropy=34.1685 kl=0.0298
  [Eval] mean_return=17.65 std_return=67.84
[Iter 50/488] steps=102400 reward=-134.84 pi_loss=-0.0429 vf_loss=8.4655 entropy=34.2361 kl=0.0365
[Iter 51/488] steps=104448 reward=-207.16 pi_loss=-0.0404 vf_loss=16.4340 entropy=34.1470 kl=0.0186
[Iter 52/488] steps=106496 reward=-183.75 pi_loss=-0.0407 vf_loss=18.2227 entropy=34.1068 kl=0.0205
[Iter 53/488] steps=108544 reward=-256.17 pi_loss=-0.0436 vf_loss=13.8203 entropy=34.1398 kl=0.0259
[Iter 54/488] steps=110592 reward=-182.10 pi_loss=-0.0405 vf_loss=7.2790 entropy=34.2929 kl=0.0551
  [Eval] mean_return=-11.97 std_return=61.08
[Iter 55/488] steps=112640 reward=-99.36 pi_loss=-0.0396 vf_loss=20.0210 entropy=34.0978 kl=0.0176
[Iter 56/488] steps=114688 reward=-55.49 pi_loss=-0.0432 vf_loss=12.3022 entropy=34.0084 kl=0.0272
[Iter 57/488] steps=116736 reward=-219.82 pi_loss=-0.0432 vf_loss=11.7698 entropy=34.1458 kl=0.0286
[Iter 58/488] steps=118784 reward=-80.74 pi_loss=-0.0432 vf_loss=9.7013 entropy=34.1862 kl=0.0331
[Iter 59/488] steps=120832 reward=-132.65 pi_loss=-0.0423 vf_loss=12.3110 entropy=34.1793 kl=0.0270
  [Eval] mean_return=81.91 std_return=62.76
[Iter 60/488] steps=122880 reward=-130.89 pi_loss=-0.0434 vf_loss=11.9959 entropy=34.2635 kl=0.0301
[Iter 61/488] steps=124928 reward=-85.96 pi_loss=-0.0418 vf_loss=8.5921 entropy=34.2441 kl=0.0474
[Iter 62/488] steps=126976 reward=-177.26 pi_loss=-0.0419 vf_loss=15.0040 entropy=34.1985 kl=0.0206
[Iter 63/488] steps=129024 reward=-91.16 pi_loss=-0.0411 vf_loss=21.6376 entropy=34.0972 kl=0.0171
[Iter 64/488] steps=131072 reward=-30.43 pi_loss=-0.0434 vf_loss=15.8898 entropy=34.1781 kl=0.0219
  [Eval] mean_return=125.28 std_return=59.94
[Iter 65/488] steps=133120 reward=30.65 pi_loss=-0.0426 vf_loss=21.0028 entropy=34.1620 kl=0.0199
[Iter 66/488] steps=135168 reward=-73.32 pi_loss=-0.0477 vf_loss=14.4533 entropy=34.1576 kl=0.0299
[Iter 67/488] steps=137216 reward=-66.18 pi_loss=-0.0410 vf_loss=16.4364 entropy=34.2446 kl=0.0258
[Iter 68/488] steps=139264 reward=-49.95 pi_loss=-0.0461 vf_loss=22.5622 entropy=34.1092 kl=0.0248
[Iter 69/488] steps=141312 reward=-63.59 pi_loss=-0.0438 vf_loss=16.9750 entropy=34.2057 kl=0.0324
  [Eval] mean_return=214.59 std_return=71.87
[Iter 70/488] steps=143360 reward=1.45 pi_loss=-0.0405 vf_loss=14.5147 entropy=34.2777 kl=0.0373
[Iter 71/488] steps=145408 reward=40.01 pi_loss=-0.0432 vf_loss=23.0720 entropy=34.2022 kl=0.0256
[Iter 72/488] steps=147456 reward=83.89 pi_loss=-0.0444 vf_loss=14.9952 entropy=34.2028 kl=0.0353
[Iter 73/488] steps=149504 reward=-9.99 pi_loss=-0.0456 vf_loss=11.2165 entropy=34.3579 kl=0.0475
[Iter 74/488] steps=151552 reward=-35.58 pi_loss=-0.0431 vf_loss=12.9085 entropy=34.1974 kl=0.0351
  [Eval] mean_return=415.83 std_return=78.79
[Iter 75/488] steps=153600 reward=88.55 pi_loss=-0.0409 vf_loss=22.2090 entropy=34.0513 kl=0.0257
[Iter 76/488] steps=155648 reward=-71.17 pi_loss=-0.0449 vf_loss=20.8328 entropy=34.2416 kl=0.0292
[Iter 77/488] steps=157696 reward=111.61 pi_loss=-0.0436 vf_loss=22.3033 entropy=34.1714 kl=0.0271
[Iter 78/488] steps=159744 reward=-55.86 pi_loss=-0.0441 vf_loss=14.8849 entropy=34.2083 kl=0.0373
[Iter 79/488] steps=161792 reward=41.00 pi_loss=-0.0406 vf_loss=26.2398 entropy=34.1131 kl=0.0263
  [Eval] mean_return=435.67 std_return=90.19
[Iter 80/488] steps=163840 reward=153.34 pi_loss=-0.0431 vf_loss=21.6484 entropy=34.1516 kl=0.0299
[Iter 81/488] steps=165888 reward=93.68 pi_loss=-0.0432 vf_loss=17.1822 entropy=34.3075 kl=0.0394
[Iter 82/488] steps=167936 reward=184.29 pi_loss=-0.0448 vf_loss=26.6526 entropy=34.3056 kl=0.0293
[Iter 83/488] steps=169984 reward=1.89 pi_loss=-0.0467 vf_loss=20.2202 entropy=34.0578 kl=0.0350
[Iter 84/488] steps=172032 reward=142.36 pi_loss=-0.0447 vf_loss=20.7434 entropy=34.1346 kl=0.0323
  [Eval] mean_return=481.35 std_return=43.71
[Iter 85/488] steps=174080 reward=-25.24 pi_loss=-0.0458 vf_loss=16.8687 entropy=34.1413 kl=0.0424
[Iter 86/488] steps=176128 reward=154.82 pi_loss=-0.0403 vf_loss=24.3805 entropy=34.1499 kl=0.0310
[Iter 87/488] steps=178176 reward=149.06 pi_loss=-0.0486 vf_loss=26.6767 entropy=34.1329 kl=0.0297
[Iter 88/488] steps=180224 reward=88.45 pi_loss=-0.0464 vf_loss=24.9678 entropy=34.1552 kl=0.0298
  [Eval] mean_return=550.59 std_return=64.94
[Iter 89/488] steps=182272 reward=253.98 pi_loss=-0.0406 vf_loss=27.7268 entropy=34.0761 kl=0.0308
[Iter 90/488] steps=184320 reward=201.93 pi_loss=-0.0482 vf_loss=22.6961 entropy=34.1490 kl=0.0359
[Iter 91/488] steps=186368 reward=232.35 pi_loss=-0.0414 vf_loss=27.0206 entropy=34.2337 kl=0.0332
[Iter 92/488] steps=188416 reward=311.63 pi_loss=-0.0447 vf_loss=32.3942 entropy=34.3513 kl=0.0319
[Iter 93/488] steps=190464 reward=187.45 pi_loss=-0.0426 vf_loss=27.3585 entropy=34.2286 kl=0.0326
  [Eval] mean_return=646.94 std_return=94.99
[Iter 94/488] steps=192512 reward=54.71 pi_loss=-0.0442 vf_loss=28.4015 entropy=34.0348 kl=0.0329
[Iter 95/488] steps=194560 reward=337.78 pi_loss=-0.0417 vf_loss=34.9433 entropy=34.1816 kl=0.0289
[Iter 96/488] steps=196608 reward=169.38 pi_loss=-0.0438 vf_loss=20.9448 entropy=34.3165 kl=0.0473
[Iter 97/488] steps=198656 reward=215.93 pi_loss=-0.0442 vf_loss=26.4072 entropy=34.1813 kl=0.0365
[Iter 98/488] steps=200704 reward=299.52 pi_loss=-0.0451 vf_loss=21.6098 entropy=34.2349 kl=0.0422
  [Eval] mean_return=687.91 std_return=187.34
[Iter 99/488] steps=202752 reward=71.17 pi_loss=-0.0439 vf_loss=27.7130 entropy=34.1737 kl=0.0357
[Iter 100/488] steps=204800 reward=338.52 pi_loss=-0.0466 vf_loss=27.5469 entropy=34.2315 kl=0.0338
[Iter 101/488] steps=206848 reward=270.06 pi_loss=-0.0443 vf_loss=28.8047 entropy=34.3391 kl=0.0360
[Iter 102/488] steps=208896 reward=140.16 pi_loss=-0.0441 vf_loss=36.1707 entropy=34.1513 kl=0.0310
[Iter 103/488] steps=210944 reward=519.61 pi_loss=-0.0418 vf_loss=42.2619 entropy=34.1009 kl=0.0292
  [Eval] mean_return=664.88 std_return=182.55
[Iter 104/488] steps=212992 reward=91.24 pi_loss=-0.0393 vf_loss=13.0898 entropy=34.3759 kl=0.0638
[Iter 105/488] steps=215040 reward=264.89 pi_loss=-0.0429 vf_loss=36.5171 entropy=34.0586 kl=0.0323
[Iter 106/488] steps=217088 reward=352.90 pi_loss=-0.0486 vf_loss=34.8430 entropy=34.0955 kl=0.0286
[Iter 107/488] steps=219136 reward=175.51 pi_loss=-0.0445 vf_loss=27.3934 entropy=34.1432 kl=0.0348
[Iter 108/488] steps=221184 reward=494.17 pi_loss=-0.0454 vf_loss=36.1869 entropy=34.1167 kl=0.0325
  [Eval] mean_return=691.12 std_return=258.01
[Iter 109/488] steps=223232 reward=211.91 pi_loss=-0.0426 vf_loss=28.5483 entropy=34.1988 kl=0.0368
[Iter 110/488] steps=225280 reward=386.59 pi_loss=-0.0448 vf_loss=31.7663 entropy=34.2488 kl=0.0338
[Iter 111/488] steps=227328 reward=439.33 pi_loss=-0.0436 vf_loss=34.0028 entropy=34.2348 kl=0.0355
[Iter 112/488] steps=229376 reward=442.18 pi_loss=-0.0450 vf_loss=40.1660 entropy=34.2700 kl=0.0383
[Iter 113/488] steps=231424 reward=130.61 pi_loss=-0.0441 vf_loss=19.6678 entropy=34.3334 kl=0.0502
  [Eval] mean_return=736.24 std_return=318.40
[Iter 114/488] steps=233472 reward=10.14 pi_loss=-0.0449 vf_loss=17.3446 entropy=34.3013 kl=0.0479
[Iter 115/488] steps=235520 reward=425.14 pi_loss=-0.0462 vf_loss=31.8748 entropy=34.2394 kl=0.0348
[Iter 116/488] steps=237568 reward=436.53 pi_loss=-0.0465 vf_loss=28.0644 entropy=34.2835 kl=0.0373
[Iter 117/488] steps=239616 reward=482.40 pi_loss=-0.0411 vf_loss=33.9145 entropy=34.1898 kl=0.0375
[Iter 118/488] steps=241664 reward=73.17 pi_loss=-0.0433 vf_loss=21.6144 entropy=34.2834 kl=0.0514
  [Eval] mean_return=780.24 std_return=392.57
[Iter 119/488] steps=243712 reward=507.44 pi_loss=-0.0430 vf_loss=37.5918 entropy=34.1757 kl=0.0356
[Iter 120/488] steps=245760 reward=246.16 pi_loss=-0.0464 vf_loss=36.5943 entropy=34.1260 kl=0.0341
[Iter 121/488] steps=247808 reward=38.57 pi_loss=-0.0440 vf_loss=24.2040 entropy=34.2663 kl=0.0514
[Iter 122/488] steps=249856 reward=426.56 pi_loss=-0.0410 vf_loss=33.2660 entropy=34.2353 kl=0.0386
[Iter 123/488] steps=251904 reward=134.09 pi_loss=-0.0470 vf_loss=43.8933 entropy=34.2738 kl=0.0334
  [Eval] mean_return=706.39 std_return=327.30
[Iter 124/488] steps=253952 reward=696.93 pi_loss=-0.0471 vf_loss=31.9483 entropy=34.2436 kl=0.0401
[Iter 125/488] steps=256000 reward=54.35 pi_loss=-0.0451 vf_loss=22.7160 entropy=34.1270 kl=0.0491
[Iter 126/488] steps=258048 reward=203.48 pi_loss=-0.0453 vf_loss=26.3543 entropy=34.1536 kl=0.0423
[Iter 127/488] steps=260096 reward=438.68 pi_loss=-0.0492 vf_loss=33.4752 entropy=34.0227 kl=0.0349
  [Eval] mean_return=804.33 std_return=138.15
[Iter 128/488] steps=262144 reward=395.68 pi_loss=-0.0454 vf_loss=44.0685 entropy=34.1361 kl=0.0290
[Iter 129/488] steps=264192 reward=-125.73 pi_loss=-0.0342 vf_loss=13.9973 entropy=34.2482 kl=0.0875
[Iter 130/488] steps=266240 reward=354.59 pi_loss=-0.0432 vf_loss=39.5832 entropy=34.0501 kl=0.0288
[Iter 131/488] steps=268288 reward=270.73 pi_loss=-0.0457 vf_loss=25.4578 entropy=34.3103 kl=0.0431
[Iter 132/488] steps=270336 reward=521.59 pi_loss=-0.0444 vf_loss=42.2444 entropy=34.2054 kl=0.0347
  [Eval] mean_return=730.25 std_return=384.09
[Iter 133/488] steps=272384 reward=214.40 pi_loss=-0.0429 vf_loss=24.2488 entropy=34.2137 kl=0.0414
[Iter 134/488] steps=274432 reward=345.32 pi_loss=-0.0490 vf_loss=28.9575 entropy=34.1815 kl=0.0366
[Iter 135/488] steps=276480 reward=462.07 pi_loss=-0.0441 vf_loss=37.7746 entropy=34.1070 kl=0.0373
[Iter 136/488] steps=278528 reward=174.32 pi_loss=-0.0423 vf_loss=27.1236 entropy=34.3025 kl=0.0507
[Iter 137/488] steps=280576 reward=384.94 pi_loss=-0.0464 vf_loss=37.1997 entropy=34.2622 kl=0.0381
  [Eval] mean_return=849.58 std_return=283.44
[Iter 138/488] steps=282624 reward=488.41 pi_loss=-0.0476 vf_loss=36.8060 entropy=34.2219 kl=0.0382
[Iter 139/488] steps=284672 reward=303.89 pi_loss=-0.0472 vf_loss=34.3446 entropy=34.1601 kl=0.0397
[Iter 140/488] steps=286720 reward=222.72 pi_loss=-0.0473 vf_loss=26.2061 entropy=34.2867 kl=0.0435
[Iter 141/488] steps=288768 reward=304.25 pi_loss=-0.0428 vf_loss=21.8500 entropy=34.2986 kl=0.0542
[Iter 142/488] steps=290816 reward=143.73 pi_loss=-0.0107 vf_loss=8.6733 entropy=34.8879 kl=0.1850
  [Eval] mean_return=842.05 std_return=192.55
[Iter 143/488] steps=292864 reward=-120.39 pi_loss=-0.0394 vf_loss=8.5366 entropy=34.2518 kl=0.0647
[Iter 144/488] steps=294912 reward=56.52 pi_loss=-0.0465 vf_loss=23.9037 entropy=34.2627 kl=0.0260
[Iter 145/488] steps=296960 reward=516.40 pi_loss=-0.0446 vf_loss=22.8284 entropy=34.1966 kl=0.0259
[Iter 146/488] steps=299008 reward=296.84 pi_loss=-0.0456 vf_loss=36.5595 entropy=34.1633 kl=0.0282
[Iter 147/488] steps=301056 reward=542.86 pi_loss=-0.0470 vf_loss=39.4668 entropy=34.1894 kl=0.0249
  [Eval] mean_return=857.43 std_return=212.37
[Iter 148/488] steps=303104 reward=366.25 pi_loss=-0.0455 vf_loss=49.2878 entropy=34.3081 kl=0.0233
[Iter 149/488] steps=305152 reward=574.00 pi_loss=-0.0473 vf_loss=47.7420 entropy=34.1898 kl=0.0243
[Iter 150/488] steps=307200 reward=658.84 pi_loss=-0.0452 vf_loss=51.8815 entropy=34.1484 kl=0.0245
[Iter 151/488] steps=309248 reward=582.33 pi_loss=-0.0480 vf_loss=49.8753 entropy=34.1596 kl=0.0278
[Iter 152/488] steps=311296 reward=597.80 pi_loss=-0.0489 vf_loss=55.7236 entropy=34.3601 kl=0.0282
  [Eval] mean_return=949.07 std_return=105.15
[Iter 153/488] steps=313344 reward=302.59 pi_loss=-0.0482 vf_loss=31.1145 entropy=34.2410 kl=0.0432
[Iter 154/488] steps=315392 reward=549.52 pi_loss=-0.0450 vf_loss=56.1469 entropy=34.1006 kl=0.0331
[Iter 155/488] steps=317440 reward=682.16 pi_loss=-0.0493 vf_loss=57.9095 entropy=33.9594 kl=0.0353
[Iter 156/488] steps=319488 reward=648.30 pi_loss=-0.0429 vf_loss=41.0053 entropy=34.0777 kl=0.0415
[Iter 157/488] steps=321536 reward=581.75 pi_loss=-0.0460 vf_loss=57.4689 entropy=34.1511 kl=0.0334
  [Eval] mean_return=1085.60 std_return=140.66
[Iter 158/488] steps=323584 reward=552.53 pi_loss=-0.0437 vf_loss=44.1695 entropy=34.1637 kl=0.0477
[Iter 159/488] steps=325632 reward=654.99 pi_loss=-0.0438 vf_loss=57.3955 entropy=34.0597 kl=0.0364
[Iter 160/488] steps=327680 reward=757.88 pi_loss=-0.0496 vf_loss=65.4417 entropy=34.1360 kl=0.0339
[Iter 161/488] steps=329728 reward=247.96 pi_loss=-0.0474 vf_loss=37.1948 entropy=34.2705 kl=0.0470
[Iter 162/488] steps=331776 reward=577.00 pi_loss=-0.0419 vf_loss=54.3635 entropy=34.2603 kl=0.0387
  [Eval] mean_return=1133.29 std_return=254.55
[Iter 163/488] steps=333824 reward=721.77 pi_loss=-0.0462 vf_loss=48.8874 entropy=34.2327 kl=0.0421
[Iter 164/488] steps=335872 reward=638.35 pi_loss=-0.0428 vf_loss=50.4445 entropy=34.1408 kl=0.0415
[Iter 165/488] steps=337920 reward=413.92 pi_loss=-0.0473 vf_loss=37.0979 entropy=34.4117 kl=0.0486
[Iter 166/488] steps=339968 reward=877.08 pi_loss=-0.0473 vf_loss=55.4559 entropy=34.2596 kl=0.0393
[Iter 167/488] steps=342016 reward=708.40 pi_loss=-0.0469 vf_loss=54.7736 entropy=34.2746 kl=0.0364
  [Eval] mean_return=1145.15 std_return=201.81
[Iter 168/488] steps=344064 reward=639.75 pi_loss=-0.0430 vf_loss=49.8989 entropy=34.2989 kl=0.0404
[Iter 169/488] steps=346112 reward=457.94 pi_loss=-0.0460 vf_loss=41.0043 entropy=34.2037 kl=0.0501
[Iter 170/488] steps=348160 reward=419.51 pi_loss=-0.0432 vf_loss=40.7736 entropy=34.1483 kl=0.0472
[Iter 171/488] steps=350208 reward=498.68 pi_loss=-0.0417 vf_loss=39.6247 entropy=34.1002 kl=0.0491
  [Eval] mean_return=1157.09 std_return=135.91
[Iter 172/488] steps=352256 reward=755.37 pi_loss=-0.0433 vf_loss=58.7729 entropy=34.2294 kl=0.0398
[Iter 173/488] steps=354304 reward=496.93 pi_loss=-0.0418 vf_loss=46.0102 entropy=34.2204 kl=0.0496
[Iter 174/488] steps=356352 reward=812.22 pi_loss=-0.0465 vf_loss=51.8629 entropy=34.2148 kl=0.0364
[Iter 175/488] steps=358400 reward=777.29 pi_loss=-0.0440 vf_loss=61.0755 entropy=34.3434 kl=0.0420
[Iter 176/488] steps=360448 reward=300.97 pi_loss=-0.0466 vf_loss=38.3505 entropy=34.3939 kl=0.0474
  [Eval] mean_return=1186.80 std_return=132.36
[Iter 177/488] steps=362496 reward=783.35 pi_loss=-0.0468 vf_loss=69.8651 entropy=34.2487 kl=0.0330
[Iter 178/488] steps=364544 reward=485.38 pi_loss=-0.0438 vf_loss=44.6718 entropy=34.2559 kl=0.0451
[Iter 179/488] steps=366592 reward=405.84 pi_loss=-0.0434 vf_loss=36.5557 entropy=34.3012 kl=0.0475
[Iter 180/488] steps=368640 reward=742.11 pi_loss=-0.0447 vf_loss=61.8818 entropy=34.0253 kl=0.0401
[Iter 181/488] steps=370688 reward=351.17 pi_loss=-0.0436 vf_loss=33.5733 entropy=34.1142 kl=0.0573
  [Eval] mean_return=1237.15 std_return=90.93
[Iter 182/488] steps=372736 reward=65.71 pi_loss=-0.0421 vf_loss=26.8241 entropy=34.1834 kl=0.0601
[Iter 183/488] steps=374784 reward=957.99 pi_loss=-0.0458 vf_loss=59.8071 entropy=34.1575 kl=0.0322
[Iter 184/488] steps=376832 reward=346.41 pi_loss=-0.0468 vf_loss=57.8334 entropy=34.1340 kl=0.0353
[Iter 185/488] steps=378880 reward=1005.57 pi_loss=-0.0415 vf_loss=68.3528 entropy=34.2618 kl=0.0401
[Iter 186/488] steps=380928 reward=814.25 pi_loss=-0.0441 vf_loss=73.2286 entropy=34.2886 kl=0.0402
  [Eval] mean_return=1199.34 std_return=324.96
[Iter 187/488] steps=382976 reward=978.48 pi_loss=-0.0465 vf_loss=80.9147 entropy=34.2609 kl=0.0353
[Iter 188/488] steps=385024 reward=626.47 pi_loss=-0.0455 vf_loss=61.1852 entropy=34.1410 kl=0.0372
[Iter 189/488] steps=387072 reward=875.77 pi_loss=-0.0427 vf_loss=64.6424 entropy=34.1191 kl=0.0436
[Iter 190/488] steps=389120 reward=533.12 pi_loss=-0.0373 vf_loss=33.2857 entropy=34.2516 kl=0.0617
[Iter 191/488] steps=391168 reward=722.03 pi_loss=-0.0479 vf_loss=59.7076 entropy=34.2669 kl=0.0356
  [Eval] mean_return=1189.50 std_return=165.63
[Iter 192/488] steps=393216 reward=771.25 pi_loss=-0.0454 vf_loss=55.1687 entropy=34.2109 kl=0.0420
[Iter 193/488] steps=395264 reward=718.90 pi_loss=-0.0449 vf_loss=58.0661 entropy=34.1872 kl=0.0395
[Iter 194/488] steps=397312 reward=566.58 pi_loss=-0.0480 vf_loss=49.7737 entropy=34.3019 kl=0.0450
[Iter 195/488] steps=399360 reward=588.22 pi_loss=-0.0441 vf_loss=51.8956 entropy=34.2846 kl=0.0494
[Iter 196/488] steps=401408 reward=726.50 pi_loss=-0.0467 vf_loss=57.2116 entropy=34.1754 kl=0.0454
  [Eval] mean_return=978.92 std_return=447.89
[Iter 197/488] steps=403456 reward=842.42 pi_loss=-0.0440 vf_loss=55.9028 entropy=34.1775 kl=0.0456
[Iter 198/488] steps=405504 reward=882.01 pi_loss=-0.0439 vf_loss=61.3725 entropy=34.2058 kl=0.0414
[Iter 199/488] steps=407552 reward=755.84 pi_loss=-0.0416 vf_loss=57.0858 entropy=34.3581 kl=0.0482
[Iter 200/488] steps=409600 reward=864.26 pi_loss=-0.0372 vf_loss=59.0236 entropy=34.1606 kl=0.0546
[Iter 201/488] steps=411648 reward=344.46 pi_loss=-0.0383 vf_loss=22.5699 entropy=34.3822 kl=0.0626
  [Eval] mean_return=1311.75 std_return=93.81
[Iter 202/488] steps=413696 reward=713.38 pi_loss=-0.0455 vf_loss=64.8110 entropy=34.1205 kl=0.0369
[Iter 203/488] steps=415744 reward=784.31 pi_loss=-0.0442 vf_loss=56.3406 entropy=34.0856 kl=0.0355
[Iter 204/488] steps=417792 reward=418.04 pi_loss=-0.0450 vf_loss=27.4074 entropy=34.3959 kl=0.0551
[Iter 205/488] steps=419840 reward=911.49 pi_loss=-0.0437 vf_loss=63.4541 entropy=34.0462 kl=0.0324
[Iter 206/488] steps=421888 reward=779.23 pi_loss=-0.0441 vf_loss=61.7955 entropy=34.2540 kl=0.0320
  [Eval] mean_return=1126.03 std_return=410.70
[Iter 207/488] steps=423936 reward=712.15 pi_loss=-0.0453 vf_loss=49.1954 entropy=34.2147 kl=0.0387
[Iter 208/488] steps=425984 reward=842.72 pi_loss=-0.0464 vf_loss=73.6151 entropy=34.2785 kl=0.0348
[Iter 209/488] steps=428032 reward=799.40 pi_loss=-0.0456 vf_loss=72.0370 entropy=34.2433 kl=0.0371
[Iter 210/488] steps=430080 reward=725.81 pi_loss=-0.0449 vf_loss=63.9411 entropy=34.2734 kl=0.0391
  [Eval] mean_return=831.75 std_return=601.55
[Iter 211/488] steps=432128 reward=772.75 pi_loss=-0.0430 vf_loss=77.8526 entropy=34.2202 kl=0.0386
[Iter 212/488] steps=434176 reward=1086.72 pi_loss=-0.0450 vf_loss=69.4740 entropy=34.2230 kl=0.0384
[Iter 213/488] steps=436224 reward=971.25 pi_loss=-0.0403 vf_loss=75.5917 entropy=34.2901 kl=0.0418
[Iter 214/488] steps=438272 reward=984.75 pi_loss=-0.0446 vf_loss=84.9758 entropy=34.0337 kl=0.0361
[Iter 215/488] steps=440320 reward=556.20 pi_loss=-0.0425 vf_loss=39.9371 entropy=34.1623 kl=0.0557
  [Eval] mean_return=1337.49 std_return=321.04
[Iter 216/488] steps=442368 reward=548.17 pi_loss=-0.0430 vf_loss=56.7621 entropy=34.2050 kl=0.0433
[Iter 217/488] steps=444416 reward=818.37 pi_loss=-0.0447 vf_loss=59.8356 entropy=34.1900 kl=0.0376
[Iter 218/488] steps=446464 reward=470.27 pi_loss=-0.0460 vf_loss=60.6379 entropy=34.0863 kl=0.0381
[Iter 219/488] steps=448512 reward=471.93 pi_loss=-0.0473 vf_loss=58.3470 entropy=34.1013 kl=0.0360
[Iter 220/488] steps=450560 reward=404.10 pi_loss=-0.0437 vf_loss=53.2825 entropy=34.1125 kl=0.0436
  [Eval] mean_return=1007.53 std_return=531.55
[Iter 221/488] steps=452608 reward=450.10 pi_loss=-0.0392 vf_loss=48.9978 entropy=34.1976 kl=0.0615
[Iter 222/488] steps=454656 reward=892.96 pi_loss=-0.0471 vf_loss=64.9377 entropy=34.0490 kl=0.0358
[Iter 223/488] steps=456704 reward=991.27 pi_loss=-0.0452 vf_loss=76.2625 entropy=34.2306 kl=0.0338
[Iter 224/488] steps=458752 reward=631.19 pi_loss=-0.0448 vf_loss=65.0944 entropy=34.1815 kl=0.0387
[Iter 225/488] steps=460800 reward=694.45 pi_loss=-0.0463 vf_loss=60.2528 entropy=34.2335 kl=0.0426
  [Eval] mean_return=1493.76 std_return=99.59
[Iter 226/488] steps=462848 reward=868.16 pi_loss=-0.0439 vf_loss=64.7314 entropy=34.2290 kl=0.0393
[Iter 227/488] steps=464896 reward=813.79 pi_loss=-0.0461 vf_loss=60.7584 entropy=34.1251 kl=0.0376
[Iter 228/488] steps=466944 reward=517.65 pi_loss=-0.0462 vf_loss=56.5821 entropy=34.2754 kl=0.0443
[Iter 229/488] steps=468992 reward=972.01 pi_loss=-0.0451 vf_loss=86.2921 entropy=34.1777 kl=0.0354
[Iter 230/488] steps=471040 reward=785.18 pi_loss=-0.0441 vf_loss=82.2855 entropy=34.3032 kl=0.0379
  [Eval] mean_return=1280.92 std_return=346.31
[Iter 231/488] steps=473088 reward=262.83 pi_loss=-0.0430 vf_loss=31.9850 entropy=34.2633 kl=0.0598
[Iter 232/488] steps=475136 reward=874.23 pi_loss=-0.0448 vf_loss=70.8524 entropy=34.1461 kl=0.0374
[Iter 233/488] steps=477184 reward=956.20 pi_loss=-0.0458 vf_loss=68.7981 entropy=34.1766 kl=0.0400
[Iter 234/488] steps=479232 reward=770.08 pi_loss=-0.0458 vf_loss=50.4223 entropy=34.2838 kl=0.0496
[Iter 235/488] steps=481280 reward=927.65 pi_loss=-0.0445 vf_loss=68.3706 entropy=34.1402 kl=0.0363
  [Eval] mean_return=1271.79 std_return=473.15
[Iter 236/488] steps=483328 reward=880.16 pi_loss=-0.0431 vf_loss=73.3528 entropy=34.0903 kl=0.0396
[Iter 237/488] steps=485376 reward=490.30 pi_loss=-0.0411 vf_loss=44.4814 entropy=34.2990 kl=0.0539
[Iter 238/488] steps=487424 reward=632.79 pi_loss=-0.0442 vf_loss=56.2353 entropy=34.2046 kl=0.0380
[Iter 239/488] steps=489472 reward=483.80 pi_loss=-0.0437 vf_loss=44.2239 entropy=34.2323 kl=0.0452
[Iter 240/488] steps=491520 reward=933.41 pi_loss=-0.0429 vf_loss=76.1784 entropy=34.2553 kl=0.0356
  [Eval] mean_return=1447.08 std_return=165.01
[Iter 241/488] steps=493568 reward=821.10 pi_loss=-0.0459 vf_loss=76.4623 entropy=34.3249 kl=0.0330
[Iter 242/488] steps=495616 reward=371.79 pi_loss=-0.0449 vf_loss=43.5876 entropy=34.3676 kl=0.0526
[Iter 243/488] steps=497664 reward=743.82 pi_loss=-0.0428 vf_loss=52.2887 entropy=34.0616 kl=0.0406
[Iter 244/488] steps=499712 reward=921.29 pi_loss=-0.0436 vf_loss=52.6542 entropy=34.2342 kl=0.0403
[Iter 245/488] steps=501760 reward=325.63 pi_loss=-0.0468 vf_loss=41.9205 entropy=34.2196 kl=0.0464
  [Eval] mean_return=1425.72 std_return=255.48
[Iter 246/488] steps=503808 reward=494.29 pi_loss=-0.0410 vf_loss=86.9638 entropy=34.0246 kl=0.0239
[Iter 247/488] steps=505856 reward=890.67 pi_loss=-0.0450 vf_loss=51.5792 entropy=34.2659 kl=0.0357
[Iter 248/488] steps=507904 reward=785.90 pi_loss=-0.0449 vf_loss=50.1004 entropy=34.2550 kl=0.0443
[Iter 249/488] steps=509952 reward=1009.58 pi_loss=-0.0415 vf_loss=69.9530 entropy=34.1361 kl=0.0398
[Iter 250/488] steps=512000 reward=878.20 pi_loss=-0.0428 vf_loss=73.5376 entropy=34.0741 kl=0.0397
  [Eval] mean_return=1010.38 std_return=530.24
[Iter 251/488] steps=514048 reward=389.29 pi_loss=-0.0453 vf_loss=43.4549 entropy=34.1519 kl=0.0422
[Iter 252/488] steps=516096 reward=730.25 pi_loss=-0.0411 vf_loss=64.9412 entropy=34.2000 kl=0.0399
[Iter 253/488] steps=518144 reward=960.28 pi_loss=-0.0460 vf_loss=65.9294 entropy=34.1645 kl=0.0374
[Iter 254/488] steps=520192 reward=568.56 pi_loss=-0.0475 vf_loss=69.0665 entropy=34.2938 kl=0.0340
  [Eval] mean_return=1425.50 std_return=111.73
[Iter 255/488] steps=522240 reward=358.27 pi_loss=-0.0456 vf_loss=47.6229 entropy=34.3374 kl=0.0397
[Iter 256/488] steps=524288 reward=450.87 pi_loss=-0.0444 vf_loss=56.9329 entropy=34.2145 kl=0.0404
[Iter 257/488] steps=526336 reward=992.46 pi_loss=-0.0450 vf_loss=86.1226 entropy=34.2403 kl=0.0310
[Iter 258/488] steps=528384 reward=596.03 pi_loss=-0.0416 vf_loss=60.4580 entropy=34.1694 kl=0.0368
[Iter 259/488] steps=530432 reward=989.78 pi_loss=-0.0466 vf_loss=76.5910 entropy=34.1526 kl=0.0389
  [Eval] mean_return=1256.27 std_return=291.78
[Iter 260/488] steps=532480 reward=555.66 pi_loss=-0.0431 vf_loss=59.5109 entropy=34.2778 kl=0.0465
[Iter 261/488] steps=534528 reward=898.89 pi_loss=-0.0417 vf_loss=64.3585 entropy=34.2046 kl=0.0415
[Iter 262/488] steps=536576 reward=972.72 pi_loss=-0.0424 vf_loss=71.6620 entropy=34.1334 kl=0.0405
[Iter 263/488] steps=538624 reward=1050.31 pi_loss=-0.0440 vf_loss=70.6940 entropy=34.2685 kl=0.0377
[Iter 264/488] steps=540672 reward=968.06 pi_loss=-0.0456 vf_loss=73.6965 entropy=34.2596 kl=0.0375
  [Eval] mean_return=1258.92 std_return=402.69
[Iter 265/488] steps=542720 reward=1166.52 pi_loss=-0.0439 vf_loss=78.9491 entropy=34.1157 kl=0.0421
[Iter 266/488] steps=544768 reward=255.24 pi_loss=-0.0395 vf_loss=30.7311 entropy=34.3240 kl=0.0606
[Iter 267/488] steps=546816 reward=554.15 pi_loss=-0.0466 vf_loss=51.7591 entropy=34.1542 kl=0.0439
[Iter 268/488] steps=548864 reward=818.66 pi_loss=-0.0453 vf_loss=65.7861 entropy=34.2767 kl=0.0358
[Iter 269/488] steps=550912 reward=625.50 pi_loss=-0.0411 vf_loss=46.8906 entropy=34.2754 kl=0.0441
  [Eval] mean_return=1317.47 std_return=295.64
[Iter 270/488] steps=552960 reward=929.74 pi_loss=-0.0455 vf_loss=68.8841 entropy=34.2496 kl=0.0334
[Iter 271/488] steps=555008 reward=871.21 pi_loss=-0.0455 vf_loss=75.3754 entropy=34.2502 kl=0.0330
[Iter 272/488] steps=557056 reward=923.71 pi_loss=-0.0469 vf_loss=76.7107 entropy=34.2181 kl=0.0328
[Iter 273/488] steps=559104 reward=995.90 pi_loss=-0.0429 vf_loss=79.8740 entropy=34.2942 kl=0.0359
[Iter 274/488] steps=561152 reward=1138.69 pi_loss=-0.0405 vf_loss=85.8150 entropy=34.1479 kl=0.0355
  [Eval] mean_return=1057.90 std_return=651.30
[Iter 275/488] steps=563200 reward=939.86 pi_loss=-0.0425 vf_loss=84.3187 entropy=34.2180 kl=0.0382
[Iter 276/488] steps=565248 reward=711.49 pi_loss=-0.0451 vf_loss=62.8419 entropy=34.2605 kl=0.0421
[Iter 277/488] steps=567296 reward=958.41 pi_loss=-0.0436 vf_loss=72.1453 entropy=34.2872 kl=0.0361
[Iter 278/488] steps=569344 reward=799.39 pi_loss=-0.0444 vf_loss=77.4984 entropy=34.1734 kl=0.0321
[Iter 279/488] steps=571392 reward=1056.98 pi_loss=-0.0446 vf_loss=78.4090 entropy=34.2617 kl=0.0360
  [Eval] mean_return=1382.00 std_return=232.97
[Iter 280/488] steps=573440 reward=520.93 pi_loss=-0.0421 vf_loss=42.6532 entropy=34.2836 kl=0.0455
[Iter 281/488] steps=575488 reward=683.23 pi_loss=-0.0448 vf_loss=54.5577 entropy=34.1642 kl=0.0360
[Iter 282/488] steps=577536 reward=561.97 pi_loss=-0.0451 vf_loss=52.9135 entropy=34.0952 kl=0.0380
[Iter 283/488] steps=579584 reward=940.39 pi_loss=-0.0453 vf_loss=54.9830 entropy=34.1754 kl=0.0320
[Iter 284/488] steps=581632 reward=834.90 pi_loss=-0.0460 vf_loss=64.5483 entropy=34.1357 kl=0.0332
  [Eval] mean_return=1393.70 std_return=123.16
[Iter 285/488] steps=583680 reward=909.05 pi_loss=-0.0432 vf_loss=78.0107 entropy=34.1406 kl=0.0336
[Iter 286/488] steps=585728 reward=426.99 pi_loss=-0.0438 vf_loss=59.4421 entropy=34.1385 kl=0.0410
[Iter 287/488] steps=587776 reward=445.39 pi_loss=-0.0416 vf_loss=51.9295 entropy=34.1202 kl=0.0404
[Iter 288/488] steps=589824 reward=740.21 pi_loss=-0.0467 vf_loss=49.6926 entropy=34.2032 kl=0.0430
[Iter 289/488] steps=591872 reward=902.77 pi_loss=-0.0438 vf_loss=58.0024 entropy=34.1327 kl=0.0363
  [Eval] mean_return=1375.09 std_return=193.31
[Iter 290/488] steps=593920 reward=893.63 pi_loss=-0.0400 vf_loss=68.6599 entropy=34.1831 kl=0.0382
[Iter 291/488] steps=595968 reward=930.01 pi_loss=-0.0459 vf_loss=59.4925 entropy=34.1088 kl=0.0348
[Iter 292/488] steps=598016 reward=993.48 pi_loss=-0.0385 vf_loss=75.2479 entropy=34.1749 kl=0.0338
[Iter 293/488] steps=600064 reward=889.51 pi_loss=-0.0465 vf_loss=69.1724 entropy=34.2279 kl=0.0361
  [Eval] mean_return=1423.36 std_return=127.72
[Iter 294/488] steps=602112 reward=987.18 pi_loss=-0.0447 vf_loss=69.9459 entropy=34.1811 kl=0.0333
[Iter 295/488] steps=604160 reward=1093.06 pi_loss=-0.0435 vf_loss=79.0685 entropy=34.1361 kl=0.0294
[Iter 296/488] steps=606208 reward=926.51 pi_loss=-0.0460 vf_loss=75.7873 entropy=34.1972 kl=0.0331
[Iter 297/488] steps=608256 reward=917.31 pi_loss=-0.0453 vf_loss=82.3138 entropy=34.2816 kl=0.0329
[Iter 298/488] steps=610304 reward=720.52 pi_loss=-0.0456 vf_loss=59.1226 entropy=34.1997 kl=0.0350
  [Eval] mean_return=1277.87 std_return=408.14
[Iter 299/488] steps=612352 reward=721.51 pi_loss=-0.0455 vf_loss=68.0133 entropy=34.2203 kl=0.0337
[Iter 300/488] steps=614400 reward=961.74 pi_loss=-0.0446 vf_loss=62.6047 entropy=34.0764 kl=0.0350
[Iter 301/488] steps=616448 reward=547.84 pi_loss=-0.0399 vf_loss=45.6543 entropy=34.2615 kl=0.0483
[Iter 302/488] steps=618496 reward=833.87 pi_loss=-0.0423 vf_loss=69.4136 entropy=34.2578 kl=0.0329
[Iter 303/488] steps=620544 reward=959.85 pi_loss=-0.0421 vf_loss=74.1259 entropy=34.1664 kl=0.0377
  [Eval] mean_return=994.34 std_return=582.07
[Iter 304/488] steps=622592 reward=958.27 pi_loss=-0.0459 vf_loss=87.5302 entropy=34.1361 kl=0.0272
[Iter 305/488] steps=624640 reward=980.05 pi_loss=-0.0457 vf_loss=72.0633 entropy=34.1104 kl=0.0337
[Iter 306/488] steps=626688 reward=959.83 pi_loss=-0.0448 vf_loss=81.3438 entropy=34.2285 kl=0.0298
[Iter 307/488] steps=628736 reward=1089.32 pi_loss=-0.0444 vf_loss=72.9505 entropy=34.2723 kl=0.0353
[Iter 308/488] steps=630784 reward=904.80 pi_loss=-0.0425 vf_loss=70.3377 entropy=34.2276 kl=0.0365
  [Eval] mean_return=1331.64 std_return=286.12
[Iter 309/488] steps=632832 reward=844.18 pi_loss=-0.0467 vf_loss=88.2090 entropy=34.1908 kl=0.0275
[Iter 310/488] steps=634880 reward=786.35 pi_loss=-0.0456 vf_loss=68.5385 entropy=34.0982 kl=0.0350
[Iter 311/488] steps=636928 reward=711.42 pi_loss=-0.0439 vf_loss=52.1558 entropy=34.1956 kl=0.0390
[Iter 312/488] steps=638976 reward=537.64 pi_loss=-0.0478 vf_loss=55.5101 entropy=34.1631 kl=0.0310
[Iter 313/488] steps=641024 reward=680.92 pi_loss=-0.0461 vf_loss=79.7905 entropy=34.1179 kl=0.0250
  [Eval] mean_return=1166.23 std_return=427.89
[Iter 314/488] steps=643072 reward=1014.18 pi_loss=-0.0454 vf_loss=67.0461 entropy=34.2885 kl=0.0335
[Iter 315/488] steps=645120 reward=841.25 pi_loss=-0.0488 vf_loss=67.0362 entropy=34.1794 kl=0.0298
[Iter 316/488] steps=647168 reward=478.77 pi_loss=-0.0475 vf_loss=63.9704 entropy=34.1842 kl=0.0320
[Iter 317/488] steps=649216 reward=895.42 pi_loss=-0.0456 vf_loss=85.6205 entropy=34.0766 kl=0.0299
[Iter 318/488] steps=651264 reward=670.07 pi_loss=-0.0434 vf_loss=55.5451 entropy=34.0476 kl=0.0361
  [Eval] mean_return=1268.21 std_return=323.96
[Iter 319/488] steps=653312 reward=951.03 pi_loss=-0.0479 vf_loss=82.5106 entropy=34.2171 kl=0.0310
[Iter 320/488] steps=655360 reward=782.75 pi_loss=-0.0459 vf_loss=80.2565 entropy=34.1289 kl=0.0297
[Iter 321/488] steps=657408 reward=1086.22 pi_loss=-0.0423 vf_loss=77.3169 entropy=34.1094 kl=0.0296
[Iter 322/488] steps=659456 reward=252.24 pi_loss=-0.0449 vf_loss=37.8621 entropy=34.3764 kl=0.0449
[Iter 323/488] steps=661504 reward=570.05 pi_loss=-0.0453 vf_loss=53.2977 entropy=34.1633 kl=0.0351
  [Eval] mean_return=1372.35 std_return=298.65
[Iter 324/488] steps=663552 reward=1008.38 pi_loss=-0.0422 vf_loss=69.2836 entropy=34.0815 kl=0.0249
[Iter 325/488] steps=665600 reward=866.08 pi_loss=-0.0460 vf_loss=88.3830 entropy=34.0259 kl=0.0269
[Iter 326/488] steps=667648 reward=781.69 pi_loss=-0.0428 vf_loss=54.9942 entropy=34.0433 kl=0.0353
[Iter 327/488] steps=669696 reward=1022.09 pi_loss=-0.0457 vf_loss=83.9655 entropy=34.3080 kl=0.0309
[Iter 328/488] steps=671744 reward=952.21 pi_loss=-0.0462 vf_loss=86.1072 entropy=33.9050 kl=0.0276
  [Eval] mean_return=968.45 std_return=625.34
[Iter 329/488] steps=673792 reward=1138.83 pi_loss=-0.0448 vf_loss=78.1883 entropy=34.2248 kl=0.0268
[Iter 330/488] steps=675840 reward=616.85 pi_loss=-0.0484 vf_loss=50.7509 entropy=34.2808 kl=0.0374
[Iter 331/488] steps=677888 reward=977.10 pi_loss=-0.0454 vf_loss=87.0296 entropy=33.9625 kl=0.0249
[Iter 332/488] steps=679936 reward=1104.24 pi_loss=-0.0390 vf_loss=79.1295 entropy=34.2306 kl=0.0306
[Iter 333/488] steps=681984 reward=163.30 pi_loss=-0.0472 vf_loss=45.4253 entropy=34.1708 kl=0.0377
  [Eval] mean_return=1400.35 std_return=75.13
[Iter 334/488] steps=684032 reward=619.94 pi_loss=-0.0432 vf_loss=59.9963 entropy=34.2382 kl=0.0288
[Iter 335/488] steps=686080 reward=940.52 pi_loss=-0.0460 vf_loss=96.0074 entropy=34.0627 kl=0.0254
[Iter 336/488] steps=688128 reward=896.48 pi_loss=-0.0452 vf_loss=65.2967 entropy=34.2597 kl=0.0293
[Iter 337/488] steps=690176 reward=459.15 pi_loss=-0.0453 vf_loss=70.2630 entropy=33.9815 kl=0.0288
  [Eval] mean_return=1357.04 std_return=389.37
[Iter 338/488] steps=692224 reward=751.42 pi_loss=-0.0444 vf_loss=58.5607 entropy=34.1306 kl=0.0311
[Iter 339/488] steps=694272 reward=738.08 pi_loss=-0.0433 vf_loss=83.6317 entropy=34.1449 kl=0.0238
[Iter 340/488] steps=696320 reward=939.30 pi_loss=-0.0443 vf_loss=81.7403 entropy=34.1325 kl=0.0311
[Iter 341/488] steps=698368 reward=306.58 pi_loss=-0.0449 vf_loss=54.0471 entropy=34.0307 kl=0.0317
[Iter 342/488] steps=700416 reward=730.62 pi_loss=-0.0477 vf_loss=64.5540 entropy=34.1288 kl=0.0318
  [Eval] mean_return=1399.26 std_return=93.30
[Iter 343/488] steps=702464 reward=649.35 pi_loss=-0.0448 vf_loss=67.6894 entropy=34.1938 kl=0.0279
[Iter 344/488] steps=704512 reward=957.32 pi_loss=-0.0427 vf_loss=85.6332 entropy=34.1096 kl=0.0267
[Iter 345/488] steps=706560 reward=807.23 pi_loss=-0.0433 vf_loss=75.3490 entropy=34.1575 kl=0.0283
[Iter 346/488] steps=708608 reward=857.90 pi_loss=-0.0447 vf_loss=76.0401 entropy=34.1097 kl=0.0268
[Iter 347/488] steps=710656 reward=918.48 pi_loss=-0.0461 vf_loss=81.8624 entropy=34.1905 kl=0.0266
  [Eval] mean_return=1127.21 std_return=523.18
[Iter 348/488] steps=712704 reward=987.37 pi_loss=-0.0441 vf_loss=84.9188 entropy=34.0467 kl=0.0267
[Iter 349/488] steps=714752 reward=1074.68 pi_loss=-0.0473 vf_loss=78.7845 entropy=34.2484 kl=0.0274
[Iter 350/488] steps=716800 reward=932.75 pi_loss=-0.0456 vf_loss=71.8676 entropy=34.1789 kl=0.0280
[Iter 351/488] steps=718848 reward=985.42 pi_loss=-0.0458 vf_loss=65.6579 entropy=34.0682 kl=0.0301
[Iter 352/488] steps=720896 reward=982.43 pi_loss=-0.0444 vf_loss=70.0129 entropy=34.1041 kl=0.0282
  [Eval] mean_return=1206.18 std_return=625.30
[Iter 353/488] steps=722944 reward=946.72 pi_loss=-0.0438 vf_loss=81.7456 entropy=34.1119 kl=0.0302
[Iter 354/488] steps=724992 reward=1071.37 pi_loss=-0.0454 vf_loss=86.1500 entropy=34.2049 kl=0.0235
[Iter 355/488] steps=727040 reward=852.68 pi_loss=-0.0451 vf_loss=71.4568 entropy=34.0602 kl=0.0233
[Iter 356/488] steps=729088 reward=859.10 pi_loss=-0.0423 vf_loss=74.8978 entropy=34.1561 kl=0.0273
[Iter 357/488] steps=731136 reward=1081.34 pi_loss=-0.0445 vf_loss=76.4749 entropy=34.1897 kl=0.0262
  [Eval] mean_return=1209.28 std_return=343.36
[Iter 358/488] steps=733184 reward=1055.66 pi_loss=-0.0449 vf_loss=91.4839 entropy=34.0699 kl=0.0224
[Iter 359/488] steps=735232 reward=646.86 pi_loss=-0.0435 vf_loss=71.3725 entropy=34.0593 kl=0.0271
[Iter 360/488] steps=737280 reward=907.53 pi_loss=-0.0434 vf_loss=92.7558 entropy=34.1599 kl=0.0218
[Iter 361/488] steps=739328 reward=322.96 pi_loss=-0.0475 vf_loss=43.4922 entropy=34.1026 kl=0.0351
[Iter 362/488] steps=741376 reward=909.72 pi_loss=-0.0418 vf_loss=95.9115 entropy=34.0409 kl=0.0188
  [Eval] mean_return=1442.21 std_return=178.32
[Iter 363/488] steps=743424 reward=613.04 pi_loss=-0.0478 vf_loss=55.1323 entropy=34.1513 kl=0.0296
[Iter 364/488] steps=745472 reward=889.99 pi_loss=-0.0445 vf_loss=91.4387 entropy=34.1968 kl=0.0237
[Iter 365/488] steps=747520 reward=449.45 pi_loss=-0.0448 vf_loss=40.6470 entropy=34.1923 kl=0.0289
[Iter 366/488] steps=749568 reward=966.12 pi_loss=-0.0430 vf_loss=95.1343 entropy=34.0495 kl=0.0197
[Iter 367/488] steps=751616 reward=451.83 pi_loss=-0.0440 vf_loss=63.3732 entropy=34.1676 kl=0.0266
  [Eval] mean_return=1344.04 std_return=476.76
[Iter 368/488] steps=753664 reward=1170.56 pi_loss=-0.0405 vf_loss=86.3695 entropy=34.1084 kl=0.0221
[Iter 369/488] steps=755712 reward=950.04 pi_loss=-0.0451 vf_loss=78.9506 entropy=34.1416 kl=0.0248
[Iter 370/488] steps=757760 reward=-100.64 pi_loss=-0.0423 vf_loss=44.0055 entropy=34.1781 kl=0.0324
[Iter 371/488] steps=759808 reward=581.97 pi_loss=-0.0478 vf_loss=59.5348 entropy=34.2034 kl=0.0277
[Iter 372/488] steps=761856 reward=1019.01 pi_loss=-0.0417 vf_loss=113.0518 entropy=34.1159 kl=0.0196
  [Eval] mean_return=1226.36 std_return=607.52
[Iter 373/488] steps=763904 reward=991.22 pi_loss=-0.0409 vf_loss=83.7568 entropy=34.0839 kl=0.0223
[Iter 374/488] steps=765952 reward=771.65 pi_loss=-0.0419 vf_loss=54.8297 entropy=34.0871 kl=0.0309
[Iter 375/488] steps=768000 reward=660.15 pi_loss=-0.0434 vf_loss=93.8502 entropy=34.0723 kl=0.0204
[Iter 376/488] steps=770048 reward=1046.11 pi_loss=-0.0439 vf_loss=95.2545 entropy=34.0423 kl=0.0217
  [Eval] mean_return=1271.50 std_return=598.56
[Iter 377/488] steps=772096 reward=1006.10 pi_loss=-0.0421 vf_loss=85.0784 entropy=34.2232 kl=0.0232
[Iter 378/488] steps=774144 reward=1144.31 pi_loss=-0.0418 vf_loss=83.8376 entropy=34.0901 kl=0.0234
[Iter 379/488] steps=776192 reward=1032.53 pi_loss=-0.0427 vf_loss=89.0697 entropy=34.0548 kl=0.0233
[Iter 380/488] steps=778240 reward=998.31 pi_loss=-0.0437 vf_loss=85.5994 entropy=34.1783 kl=0.0209
[Iter 381/488] steps=780288 reward=688.86 pi_loss=-0.0456 vf_loss=69.3676 entropy=34.1115 kl=0.0243
  [Eval] mean_return=1474.68 std_return=123.20
[Iter 382/488] steps=782336 reward=834.41 pi_loss=-0.0412 vf_loss=81.3602 entropy=34.1326 kl=0.0214
[Iter 383/488] steps=784384 reward=1072.06 pi_loss=-0.0426 vf_loss=92.1619 entropy=34.1267 kl=0.0226
[Iter 384/488] steps=786432 reward=915.90 pi_loss=-0.0428 vf_loss=90.5097 entropy=34.0612 kl=0.0211
[Iter 385/488] steps=788480 reward=1033.67 pi_loss=-0.0421 vf_loss=85.7021 entropy=34.1310 kl=0.0216
[Iter 386/488] steps=790528 reward=485.19 pi_loss=-0.0426 vf_loss=38.4047 entropy=34.1565 kl=0.0285
  [Eval] mean_return=1344.14 std_return=156.59
[Iter 387/488] steps=792576 reward=1019.01 pi_loss=-0.0412 vf_loss=85.2322 entropy=34.1497 kl=0.0195
[Iter 388/488] steps=794624 reward=1137.81 pi_loss=-0.0413 vf_loss=92.5906 entropy=33.9973 kl=0.0191
[Iter 389/488] steps=796672 reward=795.35 pi_loss=-0.0451 vf_loss=58.3658 entropy=34.0760 kl=0.0241
[Iter 390/488] steps=798720 reward=789.70 pi_loss=-0.0431 vf_loss=66.5436 entropy=34.0594 kl=0.0195
[Iter 391/488] steps=800768 reward=1100.69 pi_loss=-0.0433 vf_loss=79.6458 entropy=34.1351 kl=0.0190
  [Eval] mean_return=1420.25 std_return=164.79
[Iter 392/488] steps=802816 reward=1090.32 pi_loss=-0.0417 vf_loss=102.4579 entropy=34.1366 kl=0.0170
[Iter 393/488] steps=804864 reward=992.49 pi_loss=-0.0438 vf_loss=83.2660 entropy=34.2146 kl=0.0184
[Iter 394/488] steps=806912 reward=932.00 pi_loss=-0.0440 vf_loss=86.0292 entropy=34.1250 kl=0.0190
[Iter 395/488] steps=808960 reward=874.46 pi_loss=-0.0433 vf_loss=95.6414 entropy=34.1683 kl=0.0196
[Iter 396/488] steps=811008 reward=731.42 pi_loss=-0.0406 vf_loss=74.0802 entropy=34.0590 kl=0.0203
  [Eval] mean_return=1000.30 std_return=566.61
[Iter 397/488] steps=813056 reward=880.86 pi_loss=-0.0439 vf_loss=72.7473 entropy=34.2093 kl=0.0218
[Iter 398/488] steps=815104 reward=486.00 pi_loss=-0.0409 vf_loss=55.3683 entropy=34.0247 kl=0.0231
[Iter 399/488] steps=817152 reward=491.15 pi_loss=-0.0440 vf_loss=57.9519 entropy=34.0538 kl=0.0216
[Iter 400/488] steps=819200 reward=843.56 pi_loss=-0.0424 vf_loss=71.7160 entropy=34.0999 kl=0.0195
[Iter 401/488] steps=821248 reward=604.16 pi_loss=-0.0418 vf_loss=61.1583 entropy=34.1492 kl=0.0192
  [Eval] mean_return=1347.00 std_return=317.56
[Iter 402/488] steps=823296 reward=383.73 pi_loss=-0.0455 vf_loss=50.8727 entropy=33.9506 kl=0.0230
[Iter 403/488] steps=825344 reward=853.67 pi_loss=-0.0426 vf_loss=83.2186 entropy=34.1044 kl=0.0182
[Iter 404/488] steps=827392 reward=726.84 pi_loss=-0.0430 vf_loss=61.2534 entropy=34.1376 kl=0.0184
[Iter 405/488] steps=829440 reward=1003.73 pi_loss=-0.0381 vf_loss=71.7962 entropy=33.9617 kl=0.0169
[Iter 406/488] steps=831488 reward=1157.54 pi_loss=-0.0397 vf_loss=80.8344 entropy=34.0955 kl=0.0164
  [Eval] mean_return=1400.92 std_return=158.81
[Iter 407/488] steps=833536 reward=525.43 pi_loss=-0.0439 vf_loss=43.5197 entropy=34.1101 kl=0.0233
[Iter 408/488] steps=835584 reward=833.48 pi_loss=-0.0395 vf_loss=72.1204 entropy=34.0319 kl=0.0149
[Iter 409/488] steps=837632 reward=509.21 pi_loss=-0.0424 vf_loss=75.1585 entropy=34.0992 kl=0.0170
[Iter 410/488] steps=839680 reward=1003.42 pi_loss=-0.0405 vf_loss=82.3723 entropy=34.1010 kl=0.0150
[Iter 411/488] steps=841728 reward=393.70 pi_loss=-0.0403 vf_loss=66.8722 entropy=34.1478 kl=0.0168
  [Eval] mean_return=1309.14 std_return=459.31
[Iter 412/488] steps=843776 reward=294.81 pi_loss=-0.0436 vf_loss=41.1075 entropy=34.0938 kl=0.0210
[Iter 413/488] steps=845824 reward=904.85 pi_loss=-0.0401 vf_loss=90.3814 entropy=34.0562 kl=0.0146
[Iter 414/488] steps=847872 reward=572.14 pi_loss=-0.0411 vf_loss=52.7408 entropy=34.1364 kl=0.0178
[Iter 415/488] steps=849920 reward=895.02 pi_loss=-0.0383 vf_loss=76.6426 entropy=34.0386 kl=0.0145
[Iter 416/488] steps=851968 reward=1070.52 pi_loss=-0.0419 vf_loss=96.2696 entropy=34.0925 kl=0.0146
  [Eval] mean_return=1504.96 std_return=178.03
[Iter 417/488] steps=854016 reward=1036.68 pi_loss=-0.0404 vf_loss=100.2205 entropy=34.1145 kl=0.0153
[Iter 418/488] steps=856064 reward=59.70 pi_loss=-0.0393 vf_loss=32.1012 entropy=34.0901 kl=0.0206
[Iter 419/488] steps=858112 reward=394.32 pi_loss=-0.0362 vf_loss=67.1546 entropy=34.1571 kl=0.0142
[Iter 420/488] steps=860160 reward=860.59 pi_loss=-0.0381 vf_loss=62.2518 entropy=34.0229 kl=0.0149
  [Eval] mean_return=1158.86 std_return=474.19
[Iter 421/488] steps=862208 reward=795.22 pi_loss=-0.0405 vf_loss=72.1885 entropy=34.2009 kl=0.0145
[Iter 422/488] steps=864256 reward=967.93 pi_loss=-0.0390 vf_loss=76.7963 entropy=34.0477 kl=0.0155
[Iter 423/488] steps=866304 reward=1148.47 pi_loss=-0.0389 vf_loss=80.0470 entropy=33.9446 kl=0.0136
[Iter 424/488] steps=868352 reward=1183.61 pi_loss=-0.0403 vf_loss=91.3007 entropy=34.0861 kl=0.0153
[Iter 425/488] steps=870400 reward=975.18 pi_loss=-0.0401 vf_loss=82.5476 entropy=34.0044 kl=0.0139
  [Eval] mean_return=1183.39 std_return=618.07
[Iter 426/488] steps=872448 reward=990.14 pi_loss=-0.0392 vf_loss=90.5537 entropy=34.1072 kl=0.0141
[Iter 427/488] steps=874496 reward=1012.67 pi_loss=-0.0406 vf_loss=83.9779 entropy=34.1385 kl=0.0155
[Iter 428/488] steps=876544 reward=935.55 pi_loss=-0.0374 vf_loss=68.2092 entropy=34.1561 kl=0.0146
[Iter 429/488] steps=878592 reward=331.16 pi_loss=-0.0415 vf_loss=58.2466 entropy=34.1154 kl=0.0161
[Iter 430/488] steps=880640 reward=930.18 pi_loss=-0.0398 vf_loss=69.3645 entropy=33.9750 kl=0.0137
  [Eval] mean_return=964.59 std_return=633.55
[Iter 431/488] steps=882688 reward=772.11 pi_loss=-0.0371 vf_loss=65.5560 entropy=34.1618 kl=0.0128
[Iter 432/488] steps=884736 reward=1006.07 pi_loss=-0.0384 vf_loss=71.3740 entropy=34.1357 kl=0.0134
[Iter 433/488] steps=886784 reward=761.85 pi_loss=-0.0387 vf_loss=72.7924 entropy=34.1069 kl=0.0145
[Iter 434/488] steps=888832 reward=305.79 pi_loss=-0.0394 vf_loss=70.3450 entropy=34.1473 kl=0.0125
[Iter 435/488] steps=890880 reward=703.48 pi_loss=-0.0372 vf_loss=54.7993 entropy=34.1533 kl=0.0125
  [Eval] mean_return=1150.65 std_return=617.98
[Iter 436/488] steps=892928 reward=1047.73 pi_loss=-0.0359 vf_loss=89.2485 entropy=34.0145 kl=0.0124
[Iter 437/488] steps=894976 reward=718.37 pi_loss=-0.0382 vf_loss=69.3637 entropy=34.1527 kl=0.0135
[Iter 438/488] steps=897024 reward=644.77 pi_loss=-0.0354 vf_loss=65.6797 entropy=34.0591 kl=0.0121
[Iter 439/488] steps=899072 reward=959.06 pi_loss=-0.0362 vf_loss=88.7406 entropy=34.0819 kl=0.0110
[Iter 440/488] steps=901120 reward=735.40 pi_loss=-0.0356 vf_loss=75.6589 entropy=34.0609 kl=0.0114
  [Eval] mean_return=1543.00 std_return=143.07
[Iter 441/488] steps=903168 reward=959.19 pi_loss=-0.0364 vf_loss=91.4707 entropy=34.1587 kl=0.0108
[Iter 442/488] steps=905216 reward=459.12 pi_loss=-0.0399 vf_loss=45.0807 entropy=34.1657 kl=0.0150
[Iter 443/488] steps=907264 reward=993.58 pi_loss=-0.0340 vf_loss=84.0100 entropy=34.0286 kl=0.0105
[Iter 444/488] steps=909312 reward=894.75 pi_loss=-0.0355 vf_loss=69.4920 entropy=33.9769 kl=0.0107
[Iter 445/488] steps=911360 reward=618.31 pi_loss=-0.0331 vf_loss=72.8607 entropy=34.1635 kl=0.0098
  [Eval] mean_return=1178.35 std_return=466.70
[Iter 446/488] steps=913408 reward=303.40 pi_loss=-0.0359 vf_loss=42.0574 entropy=34.0780 kl=0.0123
[Iter 447/488] steps=915456 reward=1225.48 pi_loss=-0.0321 vf_loss=91.6216 entropy=33.9745 kl=0.0095
[Iter 448/488] steps=917504 reward=356.48 pi_loss=-0.0358 vf_loss=49.3968 entropy=33.9989 kl=0.0115
[Iter 449/488] steps=919552 reward=1197.75 pi_loss=-0.0282 vf_loss=99.6734 entropy=34.0129 kl=0.0084
[Iter 450/488] steps=921600 reward=693.05 pi_loss=-0.0350 vf_loss=72.5219 entropy=34.2596 kl=0.0102
  [Eval] mean_return=1304.58 std_return=523.77
[Iter 451/488] steps=923648 reward=1073.34 pi_loss=-0.0345 vf_loss=93.0909 entropy=34.2296 kl=0.0100
[Iter 452/488] steps=925696 reward=937.86 pi_loss=-0.0281 vf_loss=70.5585 entropy=34.1219 kl=0.0083
[Iter 453/488] steps=927744 reward=460.13 pi_loss=-0.0323 vf_loss=66.5436 entropy=34.2430 kl=0.0106
[Iter 454/488] steps=929792 reward=1030.12 pi_loss=-0.0284 vf_loss=101.7778 entropy=34.0240 kl=0.0083
[Iter 455/488] steps=931840 reward=197.74 pi_loss=-0.0362 vf_loss=47.0834 entropy=34.0637 kl=0.0109
  [Eval] mean_return=1445.36 std_return=255.55
[Iter 456/488] steps=933888 reward=1168.99 pi_loss=-0.0304 vf_loss=94.4695 entropy=34.0256 kl=0.0087
[Iter 457/488] steps=935936 reward=1011.17 pi_loss=-0.0279 vf_loss=99.0845 entropy=33.9836 kl=0.0075
[Iter 458/488] steps=937984 reward=850.99 pi_loss=-0.0316 vf_loss=74.7064 entropy=34.0880 kl=0.0087
[Iter 459/488] steps=940032 reward=829.57 pi_loss=-0.0305 vf_loss=74.6885 entropy=34.0905 kl=0.0086
  [Eval] mean_return=1166.02 std_return=600.61
[Iter 460/488] steps=942080 reward=661.26 pi_loss=-0.0295 vf_loss=65.7530 entropy=33.9803 kl=0.0083
[Iter 461/488] steps=944128 reward=864.31 pi_loss=-0.0318 vf_loss=67.5292 entropy=34.0505 kl=0.0097
[Iter 462/488] steps=946176 reward=695.44 pi_loss=-0.0322 vf_loss=52.8635 entropy=34.0134 kl=0.0083
[Iter 463/488] steps=948224 reward=934.03 pi_loss=-0.0266 vf_loss=99.2270 entropy=34.1753 kl=0.0071
[Iter 464/488] steps=950272 reward=1110.17 pi_loss=-0.0278 vf_loss=94.8927 entropy=34.0612 kl=0.0076
  [Eval] mean_return=1234.94 std_return=613.78
[Iter 465/488] steps=952320 reward=1076.33 pi_loss=-0.0283 vf_loss=94.1306 entropy=34.1170 kl=0.0081
[Iter 466/488] steps=954368 reward=613.91 pi_loss=-0.0246 vf_loss=80.5153 entropy=34.1131 kl=0.0058
[Iter 467/488] steps=956416 reward=593.25 pi_loss=-0.0313 vf_loss=60.0985 entropy=34.1795 kl=0.0084
[Iter 468/488] steps=958464 reward=718.77 pi_loss=-0.0253 vf_loss=78.5930 entropy=34.1110 kl=0.0069
[Iter 469/488] steps=960512 reward=664.95 pi_loss=-0.0250 vf_loss=73.6769 entropy=34.0794 kl=0.0066
  [Eval] mean_return=1241.11 std_return=480.24
[Iter 470/488] steps=962560 reward=299.40 pi_loss=-0.0300 vf_loss=40.1676 entropy=34.0704 kl=0.0077
[Iter 471/488] steps=964608 reward=1031.18 pi_loss=-0.0213 vf_loss=83.4442 entropy=34.0456 kl=0.0056
[Iter 472/488] steps=966656 reward=990.80 pi_loss=-0.0220 vf_loss=94.9544 entropy=34.0827 kl=0.0059
[Iter 473/488] steps=968704 reward=569.86 pi_loss=-0.0246 vf_loss=75.2432 entropy=34.0834 kl=0.0062
[Iter 474/488] steps=970752 reward=937.74 pi_loss=-0.0221 vf_loss=53.9063 entropy=34.1196 kl=0.0065
  [Eval] mean_return=1335.49 std_return=338.58
[Iter 475/488] steps=972800 reward=1134.33 pi_loss=-0.0196 vf_loss=99.2055 entropy=34.0444 kl=0.0054
[Iter 476/488] steps=974848 reward=1020.89 pi_loss=-0.0206 vf_loss=85.5440 entropy=34.0989 kl=0.0053
[Iter 477/488] steps=976896 reward=1073.84 pi_loss=-0.0194 vf_loss=96.8424 entropy=34.0514 kl=0.0049
[Iter 478/488] steps=978944 reward=1156.76 pi_loss=-0.0178 vf_loss=88.6749 entropy=34.1481 kl=0.0045
[Iter 479/488] steps=980992 reward=1111.10 pi_loss=-0.0168 vf_loss=106.1844 entropy=33.9560 kl=0.0043
  [Eval] mean_return=1315.07 std_return=461.45
[Iter 480/488] steps=983040 reward=925.90 pi_loss=-0.0164 vf_loss=83.1908 entropy=33.9524 kl=0.0039
[Iter 481/488] steps=985088 reward=1130.11 pi_loss=-0.0143 vf_loss=100.7553 entropy=33.9109 kl=0.0035
[Iter 482/488] steps=987136 reward=404.51 pi_loss=-0.0155 vf_loss=58.0816 entropy=33.9872 kl=0.0037
[Iter 483/488] steps=989184 reward=500.84 pi_loss=-0.0148 vf_loss=56.6863 entropy=34.1134 kl=0.0038
[Iter 484/488] steps=991232 reward=449.98 pi_loss=-0.0121 vf_loss=56.7296 entropy=34.0524 kl=0.0024
  [Eval] mean_return=1472.51 std_return=228.65
[Iter 485/488] steps=993280 reward=1104.07 pi_loss=-0.0094 vf_loss=80.2206 entropy=34.1521 kl=0.0020
[Iter 486/488] steps=995328 reward=1132.38 pi_loss=-0.0061 vf_loss=119.0048 entropy=34.0647 kl=0.0012
[Iter 487/488] steps=997376 reward=611.83 pi_loss=-0.0045 vf_loss=79.9050 entropy=34.0776 kl=0.0004
[Iter 488/488] steps=999424 reward=1166.87 pi_loss=-0.0031 vf_loss=101.1761 entropy=34.1019 kl=0.0004
Training complete. Logs saved to results/halfcheetah/per_step_uniform/seed_123
