[Iter 1/488] steps=2048 reward=-454.53 pi_loss=-0.3557 vf_loss=12.3205 entropy=34.1017 kl=0.0514
[Iter 2/488] steps=4096 reward=-479.89 pi_loss=-0.9910 vf_loss=29.1270 entropy=34.1486 kl=0.0753
[Iter 3/488] steps=6144 reward=-451.28 pi_loss=-1.1312 vf_loss=31.3520 entropy=34.1669 kl=0.0883
[Iter 4/488] steps=8192 reward=-487.36 pi_loss=-1.6012 vf_loss=17.6805 entropy=34.3760 kl=0.1389
[Iter 5/488] steps=10240 reward=-500.90 pi_loss=-1.5165 vf_loss=17.2100 entropy=34.2654 kl=0.1353
  [Eval] mean_return=-215.30 std_return=94.63
[Iter 6/488] steps=12288 reward=-387.96 pi_loss=-1.8295 vf_loss=10.0140 entropy=34.4767 kl=0.1895
[Iter 7/488] steps=14336 reward=-381.14 pi_loss=-1.8001 vf_loss=13.2538 entropy=34.2975 kl=0.1857
[Iter 8/488] steps=16384 reward=-543.28 pi_loss=-1.7575 vf_loss=11.8981 entropy=34.3572 kl=0.2030
[Iter 9/488] steps=18432 reward=-430.41 pi_loss=-1.9212 vf_loss=11.8303 entropy=34.2923 kl=0.2079
[Iter 10/488] steps=20480 reward=-413.39 pi_loss=-1.9444 vf_loss=19.7478 entropy=34.4237 kl=0.2295
  [Eval] mean_return=-286.26 std_return=11.82
[Iter 11/488] steps=22528 reward=-407.24 pi_loss=-2.0095 vf_loss=13.8583 entropy=34.5655 kl=0.2569
[Iter 12/488] steps=24576 reward=-461.26 pi_loss=-1.9732 vf_loss=11.3443 entropy=34.6188 kl=0.3559
[Iter 13/488] steps=26624 reward=-557.11 pi_loss=-2.1962 vf_loss=13.4549 entropy=34.6654 kl=0.4022
[Iter 14/488] steps=28672 reward=-349.33 pi_loss=-1.8212 vf_loss=16.0363 entropy=34.6434 kl=0.4601
[Iter 15/488] steps=30720 reward=-496.50 pi_loss=-2.4403 vf_loss=15.3887 entropy=34.8515 kl=0.4932
  [Eval] mean_return=-317.20 std_return=31.55
[Iter 16/488] steps=32768 reward=-443.01 pi_loss=-3.9333 vf_loss=16.7646 entropy=39.2727 kl=4.4873
[Iter 17/488] steps=34816 reward=-351.19 pi_loss=-0.7068 vf_loss=9.2622 entropy=35.8601 kl=1.3858
[Iter 18/488] steps=36864 reward=-554.32 pi_loss=-4.2377 vf_loss=13.2256 entropy=51.0981 kl=10.0912
[Iter 19/488] steps=38912 reward=-429.88 pi_loss=-2.0902 vf_loss=6.9809 entropy=70.3198 kl=11.8167
[Iter 20/488] steps=40960 reward=-495.99 pi_loss=-7.7528 vf_loss=6.6131 entropy=134.4395 kl=17.6566
  [Eval] mean_return=-588.98 std_return=5.18
[Iter 21/488] steps=43008 reward=-539.18 pi_loss=-8.4787 vf_loss=9.5228 entropy=200.1442 kl=20.8669
[Iter 22/488] steps=45056 reward=-585.39 pi_loss=-11.0073 vf_loss=7.4234 entropy=293.3381 kl=25.6286
[Iter 23/488] steps=47104 reward=-596.12 pi_loss=-7.7198 vf_loss=8.0705 entropy=480.3553 kl=24.3914
[Iter 24/488] steps=49152 reward=-600.89 pi_loss=-4.4111 vf_loss=8.7758 entropy=654.9176 kl=31.8341
[Iter 25/488] steps=51200 reward=-599.37 pi_loss=-12.5123 vf_loss=9.2657 entropy=691.8509 kl=35.2984
  [Eval] mean_return=-598.27 std_return=2.67
[Iter 26/488] steps=53248 reward=-597.33 pi_loss=-12.4494 vf_loss=9.8413 entropy=728.2618 kl=35.1843
[Iter 27/488] steps=55296 reward=-596.33 pi_loss=-8.0347 vf_loss=10.3999 entropy=636.1376 kl=19.6159
[Iter 28/488] steps=57344 reward=-594.01 pi_loss=-11.6672 vf_loss=10.7638 entropy=517.7072 kl=19.7785
[Iter 29/488] steps=59392 reward=-598.01 pi_loss=-7.6750 vf_loss=11.0321 entropy=303.8712 kl=18.2791
[Iter 30/488] steps=61440 reward=-597.21 pi_loss=-10.6769 vf_loss=11.1550 entropy=280.3857 kl=18.4514
  [Eval] mean_return=-599.59 std_return=2.58
[Iter 31/488] steps=63488 reward=-598.08 pi_loss=-11.7589 vf_loss=11.3750 entropy=178.7317 kl=18.1312
[Iter 32/488] steps=65536 reward=-595.10 pi_loss=-12.3811 vf_loss=11.4278 entropy=149.9502 kl=18.1727
[Iter 33/488] steps=67584 reward=-596.31 pi_loss=-10.6461 vf_loss=11.6415 entropy=161.8517 kl=17.8583
[Iter 34/488] steps=69632 reward=-595.39 pi_loss=-11.3996 vf_loss=11.7477 entropy=215.7649 kl=18.6328
[Iter 35/488] steps=71680 reward=-596.06 pi_loss=-11.3465 vf_loss=11.9694 entropy=191.1650 kl=18.1099
  [Eval] mean_return=-597.45 std_return=4.14
[Iter 36/488] steps=73728 reward=-593.45 pi_loss=-11.4315 vf_loss=12.0754 entropy=126.3847 kl=17.7780
[Iter 37/488] steps=75776 reward=-597.06 pi_loss=-12.6809 vf_loss=12.1558 entropy=128.2158 kl=18.1243
[Iter 38/488] steps=77824 reward=-592.90 pi_loss=-12.5230 vf_loss=12.3136 entropy=127.1704 kl=17.9140
[Iter 39/488] steps=79872 reward=-595.42 pi_loss=-11.8988 vf_loss=12.3810 entropy=110.7065 kl=17.7056
[Iter 40/488] steps=81920 reward=-600.22 pi_loss=-11.4497 vf_loss=12.3414 entropy=159.3354 kl=18.1093
  [Eval] mean_return=-598.07 std_return=3.41
[Iter 41/488] steps=83968 reward=-595.97 pi_loss=-11.8905 vf_loss=12.3328 entropy=116.4997 kl=17.9677
[Iter 42/488] steps=86016 reward=-601.94 pi_loss=-11.3576 vf_loss=17.8440 entropy=147.9460 kl=18.1778
[Iter 43/488] steps=88064 reward=-601.03 pi_loss=-11.2876 vf_loss=12.0626 entropy=102.3239 kl=17.3032
[Iter 44/488] steps=90112 reward=-596.58 pi_loss=-12.2311 vf_loss=12.1505 entropy=119.8110 kl=18.3290
  [Eval] mean_return=-596.41 std_return=3.57
[Iter 45/488] steps=92160 reward=-597.53 pi_loss=-12.2766 vf_loss=12.2222 entropy=108.5341 kl=17.9645
[Iter 46/488] steps=94208 reward=-592.20 pi_loss=-12.2518 vf_loss=12.2070 entropy=127.3055 kl=18.5658
[Iter 47/488] steps=96256 reward=-599.72 pi_loss=-12.8091 vf_loss=12.2045 entropy=107.7713 kl=18.2804
[Iter 48/488] steps=98304 reward=-593.29 pi_loss=-12.6784 vf_loss=12.1958 entropy=96.4817 kl=18.0122
[Iter 49/488] steps=100352 reward=-599.76 pi_loss=-12.3799 vf_loss=12.2474 entropy=127.7705 kl=18.5479
  [Eval] mean_return=-598.72 std_return=3.72
[Iter 50/488] steps=102400 reward=-593.95 pi_loss=-12.1329 vf_loss=12.2986 entropy=90.9296 kl=17.7249
[Iter 51/488] steps=104448 reward=-600.85 pi_loss=-11.9612 vf_loss=12.3003 entropy=106.0187 kl=17.8240
[Iter 52/488] steps=106496 reward=-593.67 pi_loss=-12.1558 vf_loss=12.2786 entropy=162.7215 kl=18.2363
[Iter 53/488] steps=108544 reward=-601.00 pi_loss=-11.4760 vf_loss=12.3346 entropy=106.3236 kl=18.0731
[Iter 54/488] steps=110592 reward=-592.22 pi_loss=-10.7924 vf_loss=12.3610 entropy=111.9688 kl=17.4232
  [Eval] mean_return=-599.58 std_return=2.32
[Iter 55/488] steps=112640 reward=-598.16 pi_loss=-12.3810 vf_loss=12.3466 entropy=121.2064 kl=18.2662
[Iter 56/488] steps=114688 reward=-599.85 pi_loss=-12.3941 vf_loss=12.4049 entropy=132.6202 kl=18.5036
[Iter 57/488] steps=116736 reward=-601.19 pi_loss=-12.0395 vf_loss=12.3728 entropy=112.9119 kl=18.2096
[Iter 58/488] steps=118784 reward=-596.60 pi_loss=-12.5226 vf_loss=12.3889 entropy=132.4110 kl=18.3631
[Iter 59/488] steps=120832 reward=-597.42 pi_loss=-12.6272 vf_loss=12.3873 entropy=170.1905 kl=18.4799
  [Eval] mean_return=-597.51 std_return=4.39
[Iter 60/488] steps=122880 reward=-598.67 pi_loss=-12.8850 vf_loss=12.3355 entropy=131.2044 kl=18.3322
[Iter 61/488] steps=124928 reward=-598.23 pi_loss=-11.3810 vf_loss=12.3288 entropy=120.7525 kl=17.8371
[Iter 62/488] steps=126976 reward=-602.35 pi_loss=-12.9361 vf_loss=12.4193 entropy=130.2252 kl=18.3532
[Iter 63/488] steps=129024 reward=-599.88 pi_loss=-13.5986 vf_loss=18.1062 entropy=134.2468 kl=18.6118
[Iter 64/488] steps=131072 reward=-600.50 pi_loss=-12.7576 vf_loss=12.2926 entropy=124.3542 kl=18.3898
  [Eval] mean_return=-597.98 std_return=3.81
[Iter 65/488] steps=133120 reward=-597.06 pi_loss=-12.0606 vf_loss=12.3131 entropy=126.1672 kl=17.9800
[Iter 66/488] steps=135168 reward=-600.72 pi_loss=-11.6257 vf_loss=12.3191 entropy=142.5593 kl=17.9899
[Iter 67/488] steps=137216 reward=-602.51 pi_loss=-11.2210 vf_loss=12.3323 entropy=119.3445 kl=17.3344
[Iter 68/488] steps=139264 reward=-598.73 pi_loss=-12.3717 vf_loss=12.2859 entropy=143.0919 kl=18.2820
[Iter 69/488] steps=141312 reward=-595.92 pi_loss=-12.0521 vf_loss=12.3056 entropy=187.1141 kl=18.1835
  [Eval] mean_return=-598.04 std_return=4.21
[Iter 70/488] steps=143360 reward=-594.53 pi_loss=-12.1905 vf_loss=12.3449 entropy=178.2367 kl=18.0861
[Iter 71/488] steps=145408 reward=-600.99 pi_loss=-11.9681 vf_loss=12.3721 entropy=194.1794 kl=17.9013
[Iter 72/488] steps=147456 reward=-597.70 pi_loss=-12.1148 vf_loss=12.3610 entropy=169.8761 kl=18.0321
[Iter 73/488] steps=149504 reward=-597.17 pi_loss=-12.2207 vf_loss=12.3445 entropy=140.8602 kl=18.0569
[Iter 74/488] steps=151552 reward=-598.10 pi_loss=-11.8934 vf_loss=12.3639 entropy=161.0053 kl=17.8701
  [Eval] mean_return=-599.54 std_return=3.44
[Iter 75/488] steps=153600 reward=-598.04 pi_loss=-11.7256 vf_loss=12.3910 entropy=134.3164 kl=18.1890
[Iter 76/488] steps=155648 reward=-600.15 pi_loss=-11.6061 vf_loss=12.3902 entropy=203.6749 kl=17.7587
[Iter 77/488] steps=157696 reward=-600.47 pi_loss=-11.4340 vf_loss=12.4005 entropy=171.2308 kl=18.4266
[Iter 78/488] steps=159744 reward=-594.01 pi_loss=-11.4333 vf_loss=12.3811 entropy=152.6157 kl=17.6001
[Iter 79/488] steps=161792 reward=-597.99 pi_loss=-10.7389 vf_loss=12.3620 entropy=145.4729 kl=17.8440
  [Eval] mean_return=-598.31 std_return=2.80
[Iter 80/488] steps=163840 reward=-597.26 pi_loss=-12.2871 vf_loss=12.3789 entropy=169.6008 kl=18.1033
[Iter 81/488] steps=165888 reward=-590.47 pi_loss=-11.4861 vf_loss=12.3903 entropy=138.0051 kl=17.3583
[Iter 82/488] steps=167936 reward=-595.09 pi_loss=-11.8549 vf_loss=12.3822 entropy=133.7099 kl=17.6221
[Iter 83/488] steps=169984 reward=-597.87 pi_loss=-8.2802 vf_loss=12.3888 entropy=93.5340 kl=16.5724
[Iter 84/488] steps=172032 reward=-598.75 pi_loss=-12.9760 vf_loss=17.5740 entropy=174.9142 kl=18.3020
  [Eval] mean_return=-597.30 std_return=3.75
[Iter 85/488] steps=174080 reward=-598.14 pi_loss=-11.7875 vf_loss=12.2808 entropy=189.3881 kl=17.8141
[Iter 86/488] steps=176128 reward=-594.16 pi_loss=-10.2118 vf_loss=12.2568 entropy=161.1944 kl=17.8168
[Iter 87/488] steps=178176 reward=-599.10 pi_loss=-13.0122 vf_loss=12.2006 entropy=167.0714 kl=18.9112
[Iter 88/488] steps=180224 reward=-603.85 pi_loss=-11.4728 vf_loss=12.3241 entropy=163.1842 kl=17.7159
  [Eval] mean_return=-604.51 std_return=6.62
[Iter 89/488] steps=182272 reward=-619.30 pi_loss=-11.3397 vf_loss=12.6970 entropy=98.0790 kl=20.1667
[Iter 90/488] steps=184320 reward=-603.51 pi_loss=-10.0886 vf_loss=12.4667 entropy=151.9330 kl=17.4040
[Iter 91/488] steps=186368 reward=-594.75 pi_loss=-11.3999 vf_loss=12.9895 entropy=154.6981 kl=31.0674
[Iter 92/488] steps=188416 reward=-535.63 pi_loss=-6.1793 vf_loss=12.5088 entropy=70.6110 kl=21.3041
[Iter 93/488] steps=190464 reward=-559.53 pi_loss=-9.6927 vf_loss=12.8817 entropy=367.0756 kl=24.0540
  [Eval] mean_return=-603.77 std_return=6.15
[Iter 94/488] steps=192512 reward=-594.60 pi_loss=-7.8159 vf_loss=11.9937 entropy=128.3244 kl=18.4524
[Iter 95/488] steps=194560 reward=-602.72 pi_loss=-12.5196 vf_loss=12.6917 entropy=234.3591 kl=29.3103
[Iter 96/488] steps=196608 reward=-609.43 pi_loss=-10.4500 vf_loss=12.7205 entropy=313.5941 kl=21.1783
[Iter 97/488] steps=198656 reward=-606.04 pi_loss=-13.0212 vf_loss=12.2782 entropy=151.3582 kl=18.3359
[Iter 98/488] steps=200704 reward=-592.49 pi_loss=-11.5220 vf_loss=12.5643 entropy=225.2944 kl=18.0330
  [Eval] mean_return=-598.55 std_return=3.34
[Iter 99/488] steps=202752 reward=-607.90 pi_loss=-10.0532 vf_loss=12.3036 entropy=128.9509 kl=16.8895
[Iter 100/488] steps=204800 reward=-593.76 pi_loss=-12.4524 vf_loss=12.2791 entropy=141.0238 kl=18.0242
[Iter 101/488] steps=206848 reward=-598.84 pi_loss=-10.5025 vf_loss=12.2620 entropy=146.1879 kl=17.2650
[Iter 102/488] steps=208896 reward=-600.81 pi_loss=-11.2547 vf_loss=12.3873 entropy=122.0361 kl=17.7121
[Iter 103/488] steps=210944 reward=-585.51 pi_loss=-6.8027 vf_loss=13.4749 entropy=109.5855 kl=26.6019
  [Eval] mean_return=-600.24 std_return=5.35
[Iter 104/488] steps=212992 reward=-597.44 pi_loss=-13.2508 vf_loss=12.6196 entropy=229.9022 kl=23.6148
[Iter 105/488] steps=215040 reward=-598.60 pi_loss=-5.4668 vf_loss=16.0031 entropy=132.7713 kl=17.6664
[Iter 106/488] steps=217088 reward=-594.26 pi_loss=-10.2792 vf_loss=15.5431 entropy=153.9084 kl=18.3366
[Iter 107/488] steps=219136 reward=-592.62 pi_loss=-11.8966 vf_loss=11.8195 entropy=158.1618 kl=18.0029
[Iter 108/488] steps=221184 reward=-596.70 pi_loss=-9.7548 vf_loss=11.8308 entropy=133.8619 kl=16.9549
  [Eval] mean_return=-597.06 std_return=3.50
[Iter 109/488] steps=223232 reward=-599.29 pi_loss=-12.3855 vf_loss=11.9121 entropy=106.8384 kl=18.0399
[Iter 110/488] steps=225280 reward=-573.69 pi_loss=-10.9691 vf_loss=11.9266 entropy=156.1828 kl=18.5669
[Iter 111/488] steps=227328 reward=-598.62 pi_loss=-9.8565 vf_loss=11.8704 entropy=104.8478 kl=16.7721
[Iter 112/488] steps=229376 reward=-577.46 pi_loss=-11.3775 vf_loss=12.0811 entropy=138.7345 kl=17.6547
[Iter 113/488] steps=231424 reward=-591.88 pi_loss=-1.4115 vf_loss=12.0290 entropy=125.0444 kl=16.9945
  [Eval] mean_return=-597.48 std_return=3.57
[Iter 114/488] steps=233472 reward=-602.02 pi_loss=-12.4611 vf_loss=12.0585 entropy=142.6840 kl=17.9889
[Iter 115/488] steps=235520 reward=-597.34 pi_loss=-11.0406 vf_loss=12.0971 entropy=140.6650 kl=17.6379
[Iter 116/488] steps=237568 reward=-590.97 pi_loss=-8.4487 vf_loss=12.2991 entropy=133.0863 kl=16.9964
[Iter 117/488] steps=239616 reward=-602.42 pi_loss=-12.2697 vf_loss=12.2167 entropy=110.2135 kl=17.7719
[Iter 118/488] steps=241664 reward=-542.72 pi_loss=-7.5094 vf_loss=12.9430 entropy=111.0446 kl=21.2486
  [Eval] mean_return=-592.42 std_return=5.95
[Iter 119/488] steps=243712 reward=-582.01 pi_loss=-12.5030 vf_loss=12.7116 entropy=141.4543 kl=18.4102
[Iter 120/488] steps=245760 reward=-596.22 pi_loss=-8.6994 vf_loss=11.8688 entropy=94.2369 kl=17.2054
[Iter 121/488] steps=247808 reward=-586.97 pi_loss=-11.6400 vf_loss=12.0327 entropy=137.3253 kl=17.7198
[Iter 122/488] steps=249856 reward=-595.45 pi_loss=-8.4813 vf_loss=12.1299 entropy=79.4090 kl=15.9787
[Iter 123/488] steps=251904 reward=-600.18 pi_loss=-10.7406 vf_loss=12.0738 entropy=148.0367 kl=18.0581
  [Eval] mean_return=-596.35 std_return=2.92
[Iter 124/488] steps=253952 reward=-595.77 pi_loss=-9.7755 vf_loss=12.0618 entropy=90.6801 kl=16.7958
[Iter 125/488] steps=256000 reward=-598.49 pi_loss=-10.7955 vf_loss=17.8304 entropy=118.4957 kl=17.5574
[Iter 126/488] steps=258048 reward=-594.00 pi_loss=-11.8319 vf_loss=12.0153 entropy=135.3012 kl=17.7976
[Iter 127/488] steps=260096 reward=-601.12 pi_loss=-12.5818 vf_loss=12.0706 entropy=174.2737 kl=18.5896
  [Eval] mean_return=-598.71 std_return=2.98
[Iter 128/488] steps=262144 reward=-595.41 pi_loss=-11.6234 vf_loss=12.0502 entropy=165.2082 kl=18.0591
[Iter 129/488] steps=264192 reward=-598.60 pi_loss=-10.3662 vf_loss=12.1317 entropy=122.2154 kl=17.2413
[Iter 130/488] steps=266240 reward=-601.20 pi_loss=-8.6267 vf_loss=12.1559 entropy=99.1359 kl=16.5581
[Iter 131/488] steps=268288 reward=-595.34 pi_loss=-10.4499 vf_loss=12.1397 entropy=148.0547 kl=17.2665
[Iter 132/488] steps=270336 reward=-595.34 pi_loss=-12.3389 vf_loss=12.1960 entropy=116.3111 kl=18.1548
  [Eval] mean_return=-595.96 std_return=3.13
[Iter 133/488] steps=272384 reward=-593.88 pi_loss=-7.7260 vf_loss=12.2081 entropy=63.7719 kl=14.7161
[Iter 134/488] steps=274432 reward=-593.17 pi_loss=-8.6918 vf_loss=12.1976 entropy=120.2167 kl=15.9568
[Iter 135/488] steps=276480 reward=-590.90 pi_loss=-8.4337 vf_loss=12.1897 entropy=130.0006 kl=16.7473
[Iter 136/488] steps=278528 reward=-591.11 pi_loss=-7.2301 vf_loss=12.1974 entropy=113.8469 kl=15.7842
[Iter 137/488] steps=280576 reward=-593.47 pi_loss=-9.6202 vf_loss=12.3129 entropy=125.0786 kl=16.7170
  [Eval] mean_return=-597.68 std_return=2.93
[Iter 138/488] steps=282624 reward=-592.28 pi_loss=-7.2130 vf_loss=12.2810 entropy=88.3066 kl=16.5118
[Iter 139/488] steps=284672 reward=-596.03 pi_loss=-11.6975 vf_loss=12.2941 entropy=101.7022 kl=17.9146
[Iter 140/488] steps=286720 reward=-596.95 pi_loss=-11.5869 vf_loss=12.2899 entropy=87.1995 kl=17.5461
[Iter 141/488] steps=288768 reward=-601.65 pi_loss=-9.6995 vf_loss=12.2718 entropy=94.6079 kl=16.6952
[Iter 142/488] steps=290816 reward=-593.95 pi_loss=-10.3152 vf_loss=12.2518 entropy=85.5099 kl=17.2993
  [Eval] mean_return=-598.67 std_return=3.70
[Iter 143/488] steps=292864 reward=-599.29 pi_loss=-11.5439 vf_loss=12.2776 entropy=104.3290 kl=17.6038
[Iter 144/488] steps=294912 reward=-593.05 pi_loss=-10.5945 vf_loss=12.2679 entropy=109.8099 kl=17.6623
[Iter 145/488] steps=296960 reward=-598.18 pi_loss=-10.4231 vf_loss=12.2747 entropy=111.6745 kl=17.8425
[Iter 146/488] steps=299008 reward=-594.97 pi_loss=-9.0050 vf_loss=18.1457 entropy=87.2130 kl=15.7947
[Iter 147/488] steps=301056 reward=-601.49 pi_loss=-9.7775 vf_loss=12.1240 entropy=98.9718 kl=16.7273
  [Eval] mean_return=-598.35 std_return=7.76
[Iter 148/488] steps=303104 reward=-601.49 pi_loss=-11.4407 vf_loss=12.1763 entropy=99.7869 kl=17.4205
[Iter 149/488] steps=305152 reward=-599.49 pi_loss=-9.6377 vf_loss=12.2064 entropy=116.7570 kl=16.8528
[Iter 150/488] steps=307200 reward=-518.37 pi_loss=-8.0278 vf_loss=13.8688 entropy=95.1320 kl=18.5061
[Iter 151/488] steps=309248 reward=-460.58 pi_loss=-11.1860 vf_loss=14.0651 entropy=223.9652 kl=27.5563
[Iter 152/488] steps=311296 reward=-573.65 pi_loss=-9.8831 vf_loss=11.2603 entropy=108.2732 kl=17.0250
  [Eval] mean_return=-594.65 std_return=5.26
[Iter 153/488] steps=313344 reward=-600.12 pi_loss=-6.4244 vf_loss=11.4745 entropy=95.6706 kl=15.8615
[Iter 154/488] steps=315392 reward=-471.81 pi_loss=-8.2687 vf_loss=14.1064 entropy=140.6058 kl=27.2459
[Iter 155/488] steps=317440 reward=-216.03 pi_loss=-5.9560 vf_loss=16.1033 entropy=169.4865 kl=23.4187
[Iter 156/488] steps=319488 reward=-424.83 pi_loss=-12.8889 vf_loss=9.6460 entropy=123.2966 kl=29.8406
[Iter 157/488] steps=321536 reward=-596.57 pi_loss=-12.9107 vf_loss=9.4395 entropy=154.0973 kl=19.7875
  [Eval] mean_return=-601.50 std_return=5.23
[Iter 158/488] steps=323584 reward=-595.94 pi_loss=-11.9948 vf_loss=10.0410 entropy=89.6556 kl=17.7950
[Iter 159/488] steps=325632 reward=-594.74 pi_loss=-11.4593 vf_loss=10.5734 entropy=98.9614 kl=17.4712
[Iter 160/488] steps=327680 reward=-642.28 pi_loss=-11.6362 vf_loss=11.5531 entropy=249.3339 kl=23.5676
[Iter 161/488] steps=329728 reward=-623.20 pi_loss=-6.2946 vf_loss=11.0461 entropy=181.5973 kl=18.8113
[Iter 162/488] steps=331776 reward=-651.18 pi_loss=-12.5058 vf_loss=13.0561 entropy=296.9020 kl=28.7250
  [Eval] mean_return=-600.53 std_return=5.64
[Iter 163/488] steps=333824 reward=-621.67 pi_loss=-12.2460 vf_loss=11.7608 entropy=87.8260 kl=18.1520
[Iter 164/488] steps=335872 reward=-631.45 pi_loss=-11.7630 vf_loss=13.1247 entropy=196.3512 kl=23.1664
[Iter 165/488] steps=337920 reward=-614.87 pi_loss=-11.9113 vf_loss=12.9140 entropy=318.2202 kl=26.6271
[Iter 166/488] steps=339968 reward=-594.53 pi_loss=-11.2864 vf_loss=12.4502 entropy=183.0139 kl=19.0425
[Iter 167/488] steps=342016 reward=-621.65 pi_loss=-11.2109 vf_loss=18.9774 entropy=274.9772 kl=26.9461
  [Eval] mean_return=-588.48 std_return=3.37
[Iter 168/488] steps=344064 reward=-587.51 pi_loss=-9.5439 vf_loss=12.6973 entropy=72.9962 kl=18.6283
[Iter 169/488] steps=346112 reward=-504.40 pi_loss=-14.3772 vf_loss=12.7114 entropy=205.5249 kl=31.5943
[Iter 170/488] steps=348160 reward=-611.52 pi_loss=-11.8745 vf_loss=12.4634 entropy=157.6969 kl=20.9200
[Iter 171/488] steps=350208 reward=-578.70 pi_loss=-10.9054 vf_loss=12.7551 entropy=180.6505 kl=28.6529
  [Eval] mean_return=-599.57 std_return=10.43
[Iter 172/488] steps=352256 reward=-643.92 pi_loss=-12.8089 vf_loss=13.4305 entropy=195.3704 kl=24.5692
[Iter 173/488] steps=354304 reward=-615.05 pi_loss=-6.4702 vf_loss=12.3294 entropy=86.5935 kl=17.1337
[Iter 174/488] steps=356352 reward=-607.46 pi_loss=-11.5705 vf_loss=12.7517 entropy=189.1645 kl=20.6337
[Iter 175/488] steps=358400 reward=-591.51 pi_loss=-12.1308 vf_loss=12.9763 entropy=261.0306 kl=27.5440
[Iter 176/488] steps=360448 reward=-574.47 pi_loss=-9.6616 vf_loss=12.9565 entropy=105.3543 kl=20.0212
  [Eval] mean_return=-225.31 std_return=19.76
[Iter 177/488] steps=362496 reward=-390.26 pi_loss=-3.8012 vf_loss=12.7289 entropy=111.0846 kl=27.8165
[Iter 178/488] steps=364544 reward=-478.83 pi_loss=-1.4437 vf_loss=10.8236 entropy=74.3768 kl=19.7053
[Iter 179/488] steps=366592 reward=-547.73 pi_loss=-10.7191 vf_loss=10.5574 entropy=80.9275 kl=17.9054
[Iter 180/488] steps=368640 reward=-508.10 pi_loss=-6.8440 vf_loss=11.2614 entropy=118.0012 kl=26.4811
[Iter 181/488] steps=370688 reward=-534.10 pi_loss=-11.0453 vf_loss=10.5027 entropy=89.9255 kl=31.4106
  [Eval] mean_return=-537.65 std_return=4.79
[Iter 182/488] steps=372736 reward=-549.23 pi_loss=-4.6920 vf_loss=10.7937 entropy=126.5360 kl=26.0361
[Iter 183/488] steps=374784 reward=-543.06 pi_loss=-11.8574 vf_loss=10.6937 entropy=157.3450 kl=30.5728
[Iter 184/488] steps=376832 reward=-508.33 pi_loss=-4.2637 vf_loss=10.6135 entropy=76.7189 kl=24.4551
[Iter 185/488] steps=378880 reward=-398.99 pi_loss=-1.9394 vf_loss=10.9111 entropy=106.8508 kl=19.5419
[Iter 186/488] steps=380928 reward=-444.59 pi_loss=-7.0531 vf_loss=10.9708 entropy=88.2868 kl=20.0945
  [Eval] mean_return=-396.33 std_return=25.03
[Iter 187/488] steps=382976 reward=-464.87 pi_loss=17.6574 vf_loss=11.3347 entropy=75.5052 kl=15.9127
[Iter 188/488] steps=385024 reward=-304.71 pi_loss=-5.1944 vf_loss=11.7256 entropy=61.5113 kl=12.9774
[Iter 189/488] steps=387072 reward=-257.04 pi_loss=-4.3312 vf_loss=8.7129 entropy=109.3280 kl=22.5633
[Iter 190/488] steps=389120 reward=-171.65 pi_loss=-5.6519 vf_loss=9.5384 entropy=77.2547 kl=19.5152
[Iter 191/488] steps=391168 reward=-336.39 pi_loss=-10.2471 vf_loss=10.6106 entropy=145.6052 kl=31.6616
  [Eval] mean_return=-634.59 std_return=14.08
[Iter 192/488] steps=393216 reward=-576.72 pi_loss=-12.5703 vf_loss=9.0718 entropy=221.9682 kl=33.0397
[Iter 193/488] steps=395264 reward=-321.89 pi_loss=-6.3069 vf_loss=7.8899 entropy=129.1457 kl=30.9252
[Iter 194/488] steps=397312 reward=-433.89 pi_loss=-9.5880 vf_loss=7.1591 entropy=149.8023 kl=31.5689
[Iter 195/488] steps=399360 reward=-330.77 pi_loss=-11.3646 vf_loss=7.4137 entropy=103.7769 kl=28.9852
[Iter 196/488] steps=401408 reward=-206.27 pi_loss=-2.8556 vf_loss=9.2685 entropy=61.5289 kl=14.3197
  [Eval] mean_return=-259.27 std_return=51.68
[Iter 197/488] steps=403456 reward=-258.46 pi_loss=-5.6468 vf_loss=8.6895 entropy=97.8750 kl=23.0263
[Iter 198/488] steps=405504 reward=-223.62 pi_loss=-4.4524 vf_loss=13.6990 entropy=68.6108 kl=17.8821
[Iter 199/488] steps=407552 reward=-289.68 pi_loss=-2.9419 vf_loss=16.0937 entropy=59.5746 kl=17.1607
[Iter 200/488] steps=409600 reward=-310.64 pi_loss=-7.1100 vf_loss=17.3510 entropy=141.3769 kl=29.6562
[Iter 201/488] steps=411648 reward=-349.44 pi_loss=-7.4520 vf_loss=17.1483 entropy=145.6801 kl=27.3543
  [Eval] mean_return=-275.95 std_return=68.58
[Iter 202/488] steps=413696 reward=-330.48 pi_loss=-10.7752 vf_loss=15.0940 entropy=225.6605 kl=31.1082
[Iter 203/488] steps=415744 reward=-422.66 pi_loss=-12.3698 vf_loss=16.1236 entropy=264.3702 kl=33.1404
[Iter 204/488] steps=417792 reward=-344.94 pi_loss=-8.0016 vf_loss=12.9500 entropy=233.0769 kl=28.1187
[Iter 205/488] steps=419840 reward=-259.11 pi_loss=-12.6794 vf_loss=15.6930 entropy=449.1781 kl=30.6570
[Iter 206/488] steps=421888 reward=-405.51 pi_loss=-5.9769 vf_loss=8.1966 entropy=451.5351 kl=30.6067
  [Eval] mean_return=36.32 std_return=56.16
[Iter 207/488] steps=423936 reward=-470.79 pi_loss=-4.9862 vf_loss=25.2164 entropy=375.0442 kl=29.7631
[Iter 208/488] steps=425984 reward=-293.75 pi_loss=-9.9232 vf_loss=20.8453 entropy=231.3721 kl=28.7239
[Iter 209/488] steps=428032 reward=-179.75 pi_loss=0.3001 vf_loss=16.0065 entropy=86.4746 kl=22.4403
[Iter 210/488] steps=430080 reward=-207.79 pi_loss=-4.9483 vf_loss=9.3797 entropy=234.2379 kl=28.2390
  [Eval] mean_return=-163.44 std_return=27.94
[Iter 211/488] steps=432128 reward=-216.94 pi_loss=-11.1317 vf_loss=8.1999 entropy=213.8553 kl=26.9679
[Iter 212/488] steps=434176 reward=-305.08 pi_loss=-9.5245 vf_loss=11.0479 entropy=229.9959 kl=29.7430
[Iter 213/488] steps=436224 reward=-192.26 pi_loss=-11.4630 vf_loss=8.9857 entropy=149.5739 kl=27.8285
[Iter 214/488] steps=438272 reward=-168.47 pi_loss=-11.4635 vf_loss=6.6859 entropy=243.2765 kl=33.3101
[Iter 215/488] steps=440320 reward=-355.24 pi_loss=-15.1026 vf_loss=7.7206 entropy=183.4352 kl=33.8606
  [Eval] mean_return=-83.22 std_return=34.75
[Iter 216/488] steps=442368 reward=-203.61 pi_loss=-6.4874 vf_loss=7.1591 entropy=142.7091 kl=28.8679
[Iter 217/488] steps=444416 reward=-192.52 pi_loss=-6.5005 vf_loss=7.6078 entropy=101.1981 kl=25.4991
[Iter 218/488] steps=446464 reward=-207.39 pi_loss=-5.1067 vf_loss=9.4248 entropy=73.2915 kl=19.4625
[Iter 219/488] steps=448512 reward=-171.89 pi_loss=-3.0356 vf_loss=10.0611 entropy=74.2681 kl=19.0558
[Iter 220/488] steps=450560 reward=-17.94 pi_loss=-7.4126 vf_loss=7.7541 entropy=86.4944 kl=20.7302
  [Eval] mean_return=-28.27 std_return=51.18
[Iter 221/488] steps=452608 reward=-64.70 pi_loss=-5.9179 vf_loss=6.8916 entropy=82.8274 kl=22.3237
[Iter 222/488] steps=454656 reward=-102.45 pi_loss=-6.3978 vf_loss=3.6533 entropy=93.9581 kl=22.0637
[Iter 223/488] steps=456704 reward=-245.65 pi_loss=-11.8206 vf_loss=10.5225 entropy=181.4435 kl=31.1671
[Iter 224/488] steps=458752 reward=-497.01 pi_loss=-10.5509 vf_loss=7.1352 entropy=298.0798 kl=31.0878
[Iter 225/488] steps=460800 reward=-334.64 pi_loss=-1.9903 vf_loss=7.4968 entropy=100.1443 kl=21.1408
  [Eval] mean_return=-190.57 std_return=29.25
[Iter 226/488] steps=462848 reward=-157.86 pi_loss=-6.2254 vf_loss=6.3295 entropy=101.2919 kl=23.1990
[Iter 227/488] steps=464896 reward=-392.50 pi_loss=-8.2159 vf_loss=11.2851 entropy=148.9707 kl=23.0558
[Iter 228/488] steps=466944 reward=-629.51 pi_loss=-7.7566 vf_loss=12.8743 entropy=199.6016 kl=25.7119
[Iter 229/488] steps=468992 reward=-701.82 pi_loss=-12.5659 vf_loss=11.9602 entropy=270.8457 kl=30.2602
[Iter 230/488] steps=471040 reward=-630.93 pi_loss=-10.4022 vf_loss=18.1245 entropy=214.5812 kl=28.1057
  [Eval] mean_return=-775.26 std_return=31.72
[Iter 231/488] steps=473088 reward=-717.39 pi_loss=-10.9819 vf_loss=14.5785 entropy=172.2659 kl=32.9947
[Iter 232/488] steps=475136 reward=-859.28 pi_loss=-11.3622 vf_loss=16.4275 entropy=206.0230 kl=33.2460
[Iter 233/488] steps=477184 reward=-747.88 pi_loss=-9.1398 vf_loss=16.9405 entropy=280.3535 kl=28.4540
[Iter 234/488] steps=479232 reward=-575.08 pi_loss=-7.2051 vf_loss=31.6576 entropy=136.9292 kl=28.3453
[Iter 235/488] steps=481280 reward=-443.54 pi_loss=-8.4627 vf_loss=27.4980 entropy=97.7545 kl=26.8758
  [Eval] mean_return=-322.85 std_return=71.91
[Iter 236/488] steps=483328 reward=-288.74 pi_loss=-8.7998 vf_loss=23.0255 entropy=128.3696 kl=27.8098
[Iter 237/488] steps=485376 reward=-409.56 pi_loss=-10.6369 vf_loss=21.2616 entropy=132.2047 kl=29.4700
[Iter 238/488] steps=487424 reward=-669.62 pi_loss=-8.8139 vf_loss=20.3270 entropy=134.5115 kl=25.6912
[Iter 239/488] steps=489472 reward=-651.18 pi_loss=-11.7082 vf_loss=22.1561 entropy=255.3066 kl=32.3118
[Iter 240/488] steps=491520 reward=-630.29 pi_loss=-14.6659 vf_loss=20.3465 entropy=249.6618 kl=33.6247
  [Eval] mean_return=-596.45 std_return=11.27
[Iter 241/488] steps=493568 reward=-647.98 pi_loss=-13.5230 vf_loss=13.3447 entropy=516.6934 kl=30.2185
[Iter 242/488] steps=495616 reward=-657.26 pi_loss=-12.2449 vf_loss=20.6621 entropy=234.8832 kl=33.6340
[Iter 243/488] steps=497664 reward=-559.37 pi_loss=-8.2847 vf_loss=32.7738 entropy=110.3608 kl=25.9868
[Iter 244/488] steps=499712 reward=-430.54 pi_loss=-10.7442 vf_loss=29.7491 entropy=99.5209 kl=29.6363
[Iter 245/488] steps=501760 reward=-216.84 pi_loss=-3.5214 vf_loss=25.4114 entropy=78.5445 kl=20.8550
  [Eval] mean_return=-425.10 std_return=23.22
[Iter 246/488] steps=503808 reward=-327.57 pi_loss=-7.3914 vf_loss=16.8350 entropy=79.5807 kl=23.4363
[Iter 247/488] steps=505856 reward=-403.30 pi_loss=-7.5836 vf_loss=10.9772 entropy=100.5078 kl=24.9063
[Iter 248/488] steps=507904 reward=-279.80 pi_loss=-3.0333 vf_loss=11.1168 entropy=85.3960 kl=20.5146
[Iter 249/488] steps=509952 reward=-224.54 pi_loss=-8.7165 vf_loss=18.0338 entropy=93.3849 kl=24.1398
[Iter 250/488] steps=512000 reward=-266.08 pi_loss=-8.8518 vf_loss=15.3143 entropy=103.7301 kl=24.9833
  [Eval] mean_return=-519.99 std_return=104.93
[Iter 251/488] steps=514048 reward=-555.13 pi_loss=-9.5135 vf_loss=24.5121 entropy=147.2291 kl=31.1499
[Iter 252/488] steps=516096 reward=-283.03 pi_loss=-12.1553 vf_loss=14.3920 entropy=149.8638 kl=32.0393
[Iter 253/488] steps=518144 reward=-598.58 pi_loss=-13.4103 vf_loss=18.8473 entropy=276.7927 kl=34.3198
[Iter 254/488] steps=520192 reward=-633.86 pi_loss=-10.6620 vf_loss=10.8349 entropy=287.8793 kl=33.0890
  [Eval] mean_return=-433.98 std_return=122.97
[Iter 255/488] steps=522240 reward=-469.62 pi_loss=-12.0480 vf_loss=11.6767 entropy=308.8952 kl=34.3933
[Iter 256/488] steps=524288 reward=-640.11 pi_loss=-15.0756 vf_loss=11.3276 entropy=403.8289 kl=35.9606
[Iter 257/488] steps=526336 reward=-548.74 pi_loss=-8.0113 vf_loss=10.9136 entropy=102.6188 kl=23.7820
[Iter 258/488] steps=528384 reward=-562.16 pi_loss=-13.6322 vf_loss=17.9325 entropy=162.9315 kl=30.5378
[Iter 259/488] steps=530432 reward=-665.57 pi_loss=-10.5069 vf_loss=26.0536 entropy=143.3063 kl=31.6816
  [Eval] mean_return=-691.02 std_return=53.67
[Iter 260/488] steps=532480 reward=-590.97 pi_loss=-10.8580 vf_loss=21.5230 entropy=160.1388 kl=31.7565
[Iter 261/488] steps=534528 reward=-485.06 pi_loss=-15.8236 vf_loss=18.4341 entropy=347.9988 kl=35.5594
[Iter 262/488] steps=536576 reward=-561.72 pi_loss=-14.7577 vf_loss=10.9224 entropy=610.4995 kl=34.3605
[Iter 263/488] steps=538624 reward=-575.81 pi_loss=-15.1811 vf_loss=15.6908 entropy=312.7855 kl=35.9806
[Iter 264/488] steps=540672 reward=-639.15 pi_loss=-14.3952 vf_loss=11.9261 entropy=539.2609 kl=35.5928
  [Eval] mean_return=-600.02 std_return=5.53
[Iter 265/488] steps=542720 reward=-630.48 pi_loss=-12.5748 vf_loss=11.5077 entropy=269.6961 kl=32.5624
[Iter 266/488] steps=544768 reward=-593.34 pi_loss=-11.8717 vf_loss=11.6927 entropy=563.1815 kl=35.1394
[Iter 267/488] steps=546816 reward=-603.27 pi_loss=-13.1386 vf_loss=11.7794 entropy=399.7513 kl=34.2706
[Iter 268/488] steps=548864 reward=-600.05 pi_loss=-10.6102 vf_loss=11.8916 entropy=572.9510 kl=34.1982
[Iter 269/488] steps=550912 reward=-595.65 pi_loss=-8.9751 vf_loss=11.8806 entropy=259.9501 kl=18.8227
  [Eval] mean_return=-596.22 std_return=3.82
[Iter 270/488] steps=552960 reward=-599.52 pi_loss=-12.5953 vf_loss=11.9830 entropy=268.5306 kl=18.6366
[Iter 271/488] steps=555008 reward=-600.09 pi_loss=-11.8846 vf_loss=17.7304 entropy=233.4388 kl=18.1877
[Iter 272/488] steps=557056 reward=-599.73 pi_loss=-12.6402 vf_loss=11.9075 entropy=236.3584 kl=18.5101
[Iter 273/488] steps=559104 reward=-600.09 pi_loss=-12.1881 vf_loss=11.9848 entropy=218.8847 kl=18.2372
[Iter 274/488] steps=561152 reward=-598.77 pi_loss=-10.0998 vf_loss=12.0587 entropy=134.5911 kl=18.1824
  [Eval] mean_return=-599.34 std_return=3.51
[Iter 275/488] steps=563200 reward=-596.09 pi_loss=-12.4423 vf_loss=12.1187 entropy=256.2682 kl=18.6035
[Iter 276/488] steps=565248 reward=-597.40 pi_loss=-11.4663 vf_loss=12.1766 entropy=236.2084 kl=17.9406
[Iter 277/488] steps=567296 reward=-597.00 pi_loss=-10.7621 vf_loss=12.2119 entropy=217.2171 kl=18.1998
[Iter 278/488] steps=569344 reward=-599.57 pi_loss=-12.5587 vf_loss=12.2120 entropy=143.1651 kl=18.2315
[Iter 279/488] steps=571392 reward=-596.80 pi_loss=-12.8996 vf_loss=12.2057 entropy=219.0408 kl=18.5530
  [Eval] mean_return=-599.82 std_return=3.05
[Iter 280/488] steps=573440 reward=-600.64 pi_loss=-11.8546 vf_loss=12.2328 entropy=127.8605 kl=17.7882
[Iter 281/488] steps=575488 reward=-594.82 pi_loss=-12.3924 vf_loss=12.2578 entropy=276.0109 kl=18.6383
[Iter 282/488] steps=577536 reward=-596.83 pi_loss=-11.9880 vf_loss=12.2637 entropy=293.1432 kl=18.4805
[Iter 283/488] steps=579584 reward=-594.14 pi_loss=-12.5027 vf_loss=12.2478 entropy=160.6181 kl=18.2456
[Iter 284/488] steps=581632 reward=-598.32 pi_loss=-11.9672 vf_loss=12.2564 entropy=150.2842 kl=18.1217
  [Eval] mean_return=-596.98 std_return=3.78
[Iter 285/488] steps=583680 reward=-599.82 pi_loss=-11.7621 vf_loss=12.2753 entropy=173.4875 kl=18.0054
[Iter 286/488] steps=585728 reward=-595.24 pi_loss=-12.5839 vf_loss=12.2798 entropy=165.9323 kl=18.3212
[Iter 287/488] steps=587776 reward=-598.40 pi_loss=-12.4012 vf_loss=12.3275 entropy=196.8528 kl=18.5877
[Iter 288/488] steps=589824 reward=-599.35 pi_loss=-11.0113 vf_loss=12.3213 entropy=146.5041 kl=18.2452
[Iter 289/488] steps=591872 reward=-594.05 pi_loss=-11.1709 vf_loss=12.3112 entropy=171.2768 kl=17.9845
  [Eval] mean_return=-599.52 std_return=2.02
[Iter 290/488] steps=593920 reward=-601.34 pi_loss=-12.7884 vf_loss=12.2557 entropy=177.1443 kl=18.3847
[Iter 291/488] steps=595968 reward=-601.83 pi_loss=-11.6993 vf_loss=12.2611 entropy=203.3943 kl=18.0069
[Iter 292/488] steps=598016 reward=-597.88 pi_loss=3.7874 vf_loss=18.0685 entropy=189.9919 kl=18.5825
[Iter 293/488] steps=600064 reward=-596.65 pi_loss=-11.8838 vf_loss=12.1272 entropy=188.9210 kl=18.5263
  [Eval] mean_return=-598.36 std_return=3.13
[Iter 294/488] steps=602112 reward=-601.18 pi_loss=-12.6170 vf_loss=12.1478 entropy=175.4227 kl=18.5202
[Iter 295/488] steps=604160 reward=-598.83 pi_loss=-12.8088 vf_loss=12.1890 entropy=185.4037 kl=18.3975
[Iter 296/488] steps=606208 reward=-598.93 pi_loss=-9.3742 vf_loss=12.2011 entropy=89.9823 kl=17.1641
[Iter 297/488] steps=608256 reward=-601.63 pi_loss=-12.5100 vf_loss=12.2470 entropy=276.5231 kl=18.5281
[Iter 298/488] steps=610304 reward=-595.47 pi_loss=-12.2685 vf_loss=12.2773 entropy=187.2598 kl=18.4221
  [Eval] mean_return=-599.23 std_return=3.97
[Iter 299/488] steps=612352 reward=-594.04 pi_loss=-12.0419 vf_loss=12.2687 entropy=160.8296 kl=18.2530
[Iter 300/488] steps=614400 reward=-595.97 pi_loss=-11.0850 vf_loss=12.2689 entropy=157.7709 kl=18.0279
[Iter 301/488] steps=616448 reward=-598.75 pi_loss=-11.3627 vf_loss=12.2883 entropy=119.4337 kl=17.5897
[Iter 302/488] steps=618496 reward=-596.52 pi_loss=-12.1592 vf_loss=12.3406 entropy=156.2385 kl=18.1903
[Iter 303/488] steps=620544 reward=-600.45 pi_loss=-11.5985 vf_loss=12.2904 entropy=167.4271 kl=18.0257
  [Eval] mean_return=-600.04 std_return=4.04
[Iter 304/488] steps=622592 reward=-598.51 pi_loss=-6.2051 vf_loss=12.2827 entropy=115.6231 kl=17.3785
[Iter 305/488] steps=624640 reward=-597.39 pi_loss=-7.3253 vf_loss=12.3087 entropy=115.0517 kl=15.6642
[Iter 306/488] steps=626688 reward=-596.45 pi_loss=-9.5687 vf_loss=12.3080 entropy=98.9313 kl=16.5538
[Iter 307/488] steps=628736 reward=-594.69 pi_loss=-9.8712 vf_loss=12.3323 entropy=111.8154 kl=17.2795
[Iter 308/488] steps=630784 reward=-598.32 pi_loss=-11.2800 vf_loss=12.3036 entropy=129.7041 kl=17.8297
  [Eval] mean_return=-598.43 std_return=3.71
[Iter 309/488] steps=632832 reward=-598.16 pi_loss=-11.9155 vf_loss=12.3022 entropy=100.5997 kl=17.6613
[Iter 310/488] steps=634880 reward=-592.10 pi_loss=-11.0873 vf_loss=12.3159 entropy=105.2117 kl=17.9053
[Iter 311/488] steps=636928 reward=-598.53 pi_loss=-12.0214 vf_loss=12.3239 entropy=104.4083 kl=18.3369
[Iter 312/488] steps=638976 reward=-600.62 pi_loss=-9.3572 vf_loss=12.3344 entropy=87.6923 kl=16.3024
[Iter 313/488] steps=641024 reward=-601.02 pi_loss=-9.1778 vf_loss=17.9958 entropy=84.2577 kl=16.4080
  [Eval] mean_return=-598.97 std_return=2.81
[Iter 314/488] steps=643072 reward=-601.17 pi_loss=-10.7470 vf_loss=12.1946 entropy=111.5490 kl=17.7198
[Iter 315/488] steps=645120 reward=-603.32 pi_loss=-9.1502 vf_loss=12.1994 entropy=80.8106 kl=16.2156
[Iter 316/488] steps=647168 reward=-594.63 pi_loss=-3.7270 vf_loss=12.2675 entropy=74.8538 kl=13.1751
[Iter 317/488] steps=649216 reward=-595.59 pi_loss=-9.3046 vf_loss=12.2651 entropy=76.9070 kl=16.6479
[Iter 318/488] steps=651264 reward=-581.43 pi_loss=-5.4961 vf_loss=13.1727 entropy=84.3772 kl=17.6870
  [Eval] mean_return=-597.42 std_return=5.84
[Iter 319/488] steps=653312 reward=-604.22 pi_loss=-7.8672 vf_loss=12.3221 entropy=77.2501 kl=15.6766
[Iter 320/488] steps=655360 reward=-600.77 pi_loss=-8.2018 vf_loss=12.3260 entropy=107.6137 kl=15.9210
[Iter 321/488] steps=657408 reward=-601.29 pi_loss=-11.0813 vf_loss=12.3207 entropy=105.9057 kl=17.6611
[Iter 322/488] steps=659456 reward=-601.37 pi_loss=-10.8611 vf_loss=12.3122 entropy=93.3337 kl=17.0199
[Iter 323/488] steps=661504 reward=-601.44 pi_loss=-9.5784 vf_loss=12.3537 entropy=107.1562 kl=16.6268
  [Eval] mean_return=-596.28 std_return=4.07
[Iter 324/488] steps=663552 reward=-597.84 pi_loss=-10.4547 vf_loss=12.3170 entropy=94.1283 kl=17.0289
[Iter 325/488] steps=665600 reward=-600.70 pi_loss=-5.5585 vf_loss=12.3347 entropy=105.3639 kl=15.3141
[Iter 326/488] steps=667648 reward=-600.07 pi_loss=-10.5962 vf_loss=12.3387 entropy=89.1606 kl=17.1278
[Iter 327/488] steps=669696 reward=-594.91 pi_loss=-7.9061 vf_loss=12.3548 entropy=79.4274 kl=15.3924
[Iter 328/488] steps=671744 reward=-594.17 pi_loss=-7.5338 vf_loss=12.3364 entropy=84.8683 kl=15.2587
  [Eval] mean_return=-597.50 std_return=3.34
[Iter 329/488] steps=673792 reward=-594.46 pi_loss=-4.0106 vf_loss=12.2969 entropy=53.2065 kl=11.6845
[Iter 330/488] steps=675840 reward=-597.01 pi_loss=-4.2928 vf_loss=12.2959 entropy=84.7740 kl=12.8897
[Iter 331/488] steps=677888 reward=-597.57 pi_loss=0.5446 vf_loss=12.3031 entropy=72.3338 kl=10.6666
[Iter 332/488] steps=679936 reward=-597.14 pi_loss=-5.4055 vf_loss=12.2609 entropy=75.0825 kl=13.2199
[Iter 333/488] steps=681984 reward=-597.34 pi_loss=-3.6001 vf_loss=12.2587 entropy=59.9787 kl=12.7120
  [Eval] mean_return=-598.53 std_return=3.75
[Iter 334/488] steps=684032 reward=-602.49 pi_loss=5.1716 vf_loss=17.4231 entropy=44.3377 kl=4.0637
[Iter 335/488] steps=686080 reward=-598.82 pi_loss=2.1500 vf_loss=12.1598 entropy=45.6886 kl=6.4153
[Iter 336/488] steps=688128 reward=-599.69 pi_loss=4.6131 vf_loss=12.2073 entropy=40.9841 kl=3.5866
[Iter 337/488] steps=690176 reward=-594.75 pi_loss=1.0478 vf_loss=12.1831 entropy=48.1760 kl=6.6083
  [Eval] mean_return=-598.81 std_return=3.44
[Iter 338/488] steps=692224 reward=-596.55 pi_loss=-10.5832 vf_loss=12.2176 entropy=69.8828 kl=16.6048
[Iter 339/488] steps=694272 reward=-599.31 pi_loss=6.1643 vf_loss=12.2359 entropy=37.8260 kl=2.5571
[Iter 340/488] steps=696320 reward=-599.48 pi_loss=-2.0202 vf_loss=12.2881 entropy=53.7974 kl=9.0648
[Iter 341/488] steps=698368 reward=-601.89 pi_loss=3.0811 vf_loss=12.3012 entropy=46.7777 kl=5.7733
[Iter 342/488] steps=700416 reward=-597.47 pi_loss=-3.3483 vf_loss=12.3009 entropy=53.2114 kl=10.8645
  [Eval] mean_return=-598.26 std_return=2.57
[Iter 343/488] steps=702464 reward=-599.77 pi_loss=9.4737 vf_loss=12.2990 entropy=34.4621 kl=0.3394
[Iter 344/488] steps=704512 reward=-598.15 pi_loss=-2.1114 vf_loss=12.2934 entropy=50.2323 kl=8.6975
[Iter 345/488] steps=706560 reward=-598.93 pi_loss=3.2138 vf_loss=12.2913 entropy=44.7673 kl=5.5033
[Iter 346/488] steps=708608 reward=-601.09 pi_loss=7.5281 vf_loss=12.3022 entropy=34.4762 kl=0.3139
[Iter 347/488] steps=710656 reward=-598.00 pi_loss=4.4414 vf_loss=12.3010 entropy=34.4249 kl=0.1988
  [Eval] mean_return=-598.92 std_return=2.36
[Iter 348/488] steps=712704 reward=-599.39 pi_loss=-5.5553 vf_loss=12.3004 entropy=61.9967 kl=11.0158
[Iter 349/488] steps=714752 reward=-596.82 pi_loss=7.5392 vf_loss=12.2921 entropy=34.5147 kl=0.2716
[Iter 350/488] steps=716800 reward=-597.77 pi_loss=4.5209 vf_loss=12.2864 entropy=38.0740 kl=2.2792
[Iter 351/488] steps=718848 reward=-599.93 pi_loss=2.9775 vf_loss=12.3147 entropy=34.3896 kl=0.3020
[Iter 352/488] steps=720896 reward=-594.65 pi_loss=-9.7090 vf_loss=12.3168 entropy=75.1482 kl=17.3305
  [Eval] mean_return=-597.16 std_return=3.80
[Iter 353/488] steps=722944 reward=-597.67 pi_loss=-10.7578 vf_loss=12.3003 entropy=66.8108 kl=16.1820
[Iter 354/488] steps=724992 reward=-596.23 pi_loss=1.2713 vf_loss=12.3405 entropy=56.1497 kl=9.0143
[Iter 355/488] steps=727040 reward=-596.33 pi_loss=6.7144 vf_loss=16.1521 entropy=34.2855 kl=0.2348
[Iter 356/488] steps=729088 reward=-596.30 pi_loss=2.7467 vf_loss=12.2886 entropy=34.3843 kl=0.2324
[Iter 357/488] steps=731136 reward=-599.08 pi_loss=0.9920 vf_loss=12.2884 entropy=34.4962 kl=0.2366
  [Eval] mean_return=-598.18 std_return=2.91
[Iter 358/488] steps=733184 reward=-590.58 pi_loss=0.0531 vf_loss=12.2879 entropy=34.5195 kl=0.2569
[Iter 359/488] steps=735232 reward=-600.43 pi_loss=-4.4432 vf_loss=12.2734 entropy=58.8448 kl=8.9553
[Iter 360/488] steps=737280 reward=-595.61 pi_loss=5.5314 vf_loss=12.2726 entropy=34.3915 kl=0.2407
[Iter 361/488] steps=739328 reward=-594.02 pi_loss=1.9719 vf_loss=12.2744 entropy=34.3289 kl=0.1899
[Iter 362/488] steps=741376 reward=-601.72 pi_loss=-5.8695 vf_loss=12.2997 entropy=55.8630 kl=9.9867
  [Eval] mean_return=-597.27 std_return=3.28
[Iter 363/488] steps=743424 reward=-591.58 pi_loss=-0.6709 vf_loss=12.3102 entropy=61.2181 kl=10.2236
[Iter 364/488] steps=745472 reward=-600.81 pi_loss=0.2724 vf_loss=12.3164 entropy=56.3639 kl=8.4725
[Iter 365/488] steps=747520 reward=-597.05 pi_loss=8.3050 vf_loss=12.2825 entropy=34.3213 kl=0.1953
[Iter 366/488] steps=749568 reward=-592.05 pi_loss=2.1840 vf_loss=12.2848 entropy=34.2458 kl=0.2136
[Iter 367/488] steps=751616 reward=-598.83 pi_loss=-6.0462 vf_loss=12.3078 entropy=55.9698 kl=11.4785
  [Eval] mean_return=-598.11 std_return=3.88
[Iter 368/488] steps=753664 reward=-603.07 pi_loss=8.7107 vf_loss=12.3517 entropy=34.5378 kl=0.3939
[Iter 369/488] steps=755712 reward=-599.56 pi_loss=-4.3877 vf_loss=12.3171 entropy=53.8221 kl=9.6004
[Iter 370/488] steps=757760 reward=-598.89 pi_loss=7.9840 vf_loss=12.3273 entropy=36.3603 kl=1.4745
[Iter 371/488] steps=759808 reward=-593.74 pi_loss=6.4465 vf_loss=12.2982 entropy=34.6764 kl=0.4586
[Iter 372/488] steps=761856 reward=-600.22 pi_loss=-2.7124 vf_loss=12.3064 entropy=58.1458 kl=7.7459
  [Eval] mean_return=-596.27 std_return=3.81
[Iter 373/488] steps=763904 reward=-596.15 pi_loss=-4.4882 vf_loss=12.2964 entropy=66.7571 kl=11.7246
[Iter 374/488] steps=765952 reward=-599.79 pi_loss=10.7360 vf_loss=12.2936 entropy=34.4658 kl=0.2510
[Iter 375/488] steps=768000 reward=-597.93 pi_loss=3.6188 vf_loss=18.1923 entropy=41.6728 kl=3.1538
[Iter 376/488] steps=770048 reward=-595.08 pi_loss=5.2602 vf_loss=12.1804 entropy=34.3761 kl=0.2829
  [Eval] mean_return=-597.75 std_return=4.12
[Iter 377/488] steps=772096 reward=-597.74 pi_loss=0.6053 vf_loss=12.1975 entropy=40.6178 kl=3.0848
[Iter 378/488] steps=774144 reward=-595.17 pi_loss=3.6170 vf_loss=12.2554 entropy=40.2802 kl=2.3958
[Iter 379/488] steps=776192 reward=-597.00 pi_loss=0.5154 vf_loss=12.2832 entropy=51.8303 kl=5.9221
[Iter 380/488] steps=778240 reward=-596.65 pi_loss=3.2089 vf_loss=12.2682 entropy=45.0911 kl=4.6829
[Iter 381/488] steps=780288 reward=-595.98 pi_loss=3.6343 vf_loss=12.2510 entropy=46.3008 kl=4.0318
  [Eval] mean_return=-595.37 std_return=4.23
[Iter 382/488] steps=782336 reward=-595.26 pi_loss=-8.3517 vf_loss=12.2755 entropy=69.0857 kl=14.3292
[Iter 383/488] steps=784384 reward=-601.50 pi_loss=-7.3434 vf_loss=12.2892 entropy=93.7770 kl=15.6052
[Iter 384/488] steps=786432 reward=-594.50 pi_loss=5.0504 vf_loss=12.2890 entropy=56.4852 kl=7.1621
[Iter 385/488] steps=788480 reward=-598.06 pi_loss=-8.7184 vf_loss=12.2877 entropy=88.4247 kl=16.1544
[Iter 386/488] steps=790528 reward=-597.33 pi_loss=13.8995 vf_loss=12.2768 entropy=34.3778 kl=0.3582
  [Eval] mean_return=-595.23 std_return=3.94
[Iter 387/488] steps=792576 reward=-602.29 pi_loss=-4.3095 vf_loss=12.2748 entropy=77.1890 kl=10.7792
[Iter 388/488] steps=794624 reward=-597.57 pi_loss=-2.4350 vf_loss=12.3007 entropy=78.5400 kl=12.7635
[Iter 389/488] steps=796672 reward=-601.26 pi_loss=-6.0024 vf_loss=12.2864 entropy=75.9033 kl=13.6641
[Iter 390/488] steps=798720 reward=-600.39 pi_loss=-9.6697 vf_loss=12.3007 entropy=71.1785 kl=16.1813
[Iter 391/488] steps=800768 reward=-596.77 pi_loss=-11.8857 vf_loss=12.3124 entropy=84.7542 kl=17.5403
  [Eval] mean_return=-594.99 std_return=4.06
[Iter 392/488] steps=802816 reward=-595.94 pi_loss=-8.6442 vf_loss=12.3142 entropy=89.1094 kl=16.2174
[Iter 393/488] steps=804864 reward=-594.40 pi_loss=-1.1460 vf_loss=12.3191 entropy=60.4049 kl=10.9092
[Iter 394/488] steps=806912 reward=-599.83 pi_loss=-10.2103 vf_loss=12.3627 entropy=91.8409 kl=16.9621
[Iter 395/488] steps=808960 reward=-594.70 pi_loss=-11.8676 vf_loss=12.3461 entropy=77.2587 kl=17.5690
[Iter 396/488] steps=811008 reward=-598.46 pi_loss=1.4168 vf_loss=18.2749 entropy=54.2915 kl=8.8239
  [Eval] mean_return=-599.09 std_return=4.01
[Iter 397/488] steps=813056 reward=-594.98 pi_loss=-7.7792 vf_loss=12.1827 entropy=76.9547 kl=15.3514
[Iter 398/488] steps=815104 reward=-597.16 pi_loss=-7.5483 vf_loss=12.2216 entropy=96.5275 kl=15.2070
[Iter 399/488] steps=817152 reward=-596.28 pi_loss=-11.6675 vf_loss=12.2439 entropy=77.4046 kl=17.2306
[Iter 400/488] steps=819200 reward=-594.24 pi_loss=-4.5256 vf_loss=12.2522 entropy=86.0664 kl=14.4231
[Iter 401/488] steps=821248 reward=-594.34 pi_loss=-10.8645 vf_loss=12.2614 entropy=103.8645 kl=17.7001
  [Eval] mean_return=-599.40 std_return=3.04
[Iter 402/488] steps=823296 reward=-596.86 pi_loss=-11.7948 vf_loss=12.2486 entropy=98.7732 kl=17.8174
[Iter 403/488] steps=825344 reward=-598.50 pi_loss=-11.6787 vf_loss=12.2671 entropy=104.6944 kl=17.8268
[Iter 404/488] steps=827392 reward=-597.35 pi_loss=-9.0023 vf_loss=12.2885 entropy=88.0649 kl=16.2723
[Iter 405/488] steps=829440 reward=-596.64 pi_loss=-10.9821 vf_loss=12.2951 entropy=82.7317 kl=17.5275
[Iter 406/488] steps=831488 reward=-598.66 pi_loss=-12.0503 vf_loss=12.3064 entropy=78.1549 kl=17.7173
  [Eval] mean_return=-597.87 std_return=4.33
[Iter 407/488] steps=833536 reward=-598.19 pi_loss=-10.6305 vf_loss=12.3009 entropy=78.9716 kl=17.4002
[Iter 408/488] steps=835584 reward=-596.22 pi_loss=-8.6278 vf_loss=12.3066 entropy=72.3898 kl=15.7245
[Iter 409/488] steps=837632 reward=-592.61 pi_loss=-10.0201 vf_loss=12.3013 entropy=92.3558 kl=17.1831
[Iter 410/488] steps=839680 reward=-598.61 pi_loss=-10.7002 vf_loss=12.3009 entropy=72.5514 kl=16.9426
[Iter 411/488] steps=841728 reward=-600.10 pi_loss=-11.0470 vf_loss=12.2912 entropy=73.6439 kl=17.0277
  [Eval] mean_return=-600.14 std_return=3.39
[Iter 412/488] steps=843776 reward=-599.02 pi_loss=-11.0196 vf_loss=12.3118 entropy=85.6130 kl=17.9105
[Iter 413/488] steps=845824 reward=-601.91 pi_loss=-8.0119 vf_loss=12.2976 entropy=87.8355 kl=15.9195
[Iter 414/488] steps=847872 reward=-601.68 pi_loss=-11.5198 vf_loss=12.3136 entropy=76.0011 kl=17.6714
[Iter 415/488] steps=849920 reward=-599.42 pi_loss=-9.8419 vf_loss=12.3302 entropy=70.6405 kl=16.6210
[Iter 416/488] steps=851968 reward=-597.01 pi_loss=-10.2784 vf_loss=12.3410 entropy=83.8576 kl=17.0505
  [Eval] mean_return=-596.92 std_return=3.67
[Iter 417/488] steps=854016 reward=-598.45 pi_loss=-10.7250 vf_loss=18.1703 entropy=83.4876 kl=17.2090
[Iter 418/488] steps=856064 reward=-601.28 pi_loss=-10.7343 vf_loss=12.1813 entropy=77.1452 kl=17.9412
[Iter 419/488] steps=858112 reward=-601.61 pi_loss=-11.1406 vf_loss=12.2103 entropy=65.4797 kl=17.1806
[Iter 420/488] steps=860160 reward=-592.58 pi_loss=-10.4344 vf_loss=12.2113 entropy=66.6170 kl=16.9406
  [Eval] mean_return=-596.94 std_return=3.44
[Iter 421/488] steps=862208 reward=-598.22 pi_loss=-11.6794 vf_loss=12.2316 entropy=82.2833 kl=17.7834
[Iter 422/488] steps=864256 reward=-596.23 pi_loss=-10.5502 vf_loss=12.2545 entropy=73.0175 kl=17.1474
[Iter 423/488] steps=866304 reward=-599.20 pi_loss=-12.0762 vf_loss=12.2680 entropy=72.2751 kl=17.7573
[Iter 424/488] steps=868352 reward=-597.49 pi_loss=-10.6996 vf_loss=12.2773 entropy=69.3530 kl=17.1175
[Iter 425/488] steps=870400 reward=-597.62 pi_loss=-8.8344 vf_loss=12.2891 entropy=68.7401 kl=15.8945
  [Eval] mean_return=-597.76 std_return=2.90
[Iter 426/488] steps=872448 reward=-597.68 pi_loss=-8.5697 vf_loss=12.2965 entropy=59.8818 kl=15.2640
[Iter 427/488] steps=874496 reward=-595.06 pi_loss=-11.1437 vf_loss=12.3084 entropy=71.9575 kl=17.2667
[Iter 428/488] steps=876544 reward=-599.35 pi_loss=-5.9995 vf_loss=12.3030 entropy=60.7423 kl=14.2556
[Iter 429/488] steps=878592 reward=-599.49 pi_loss=-6.7830 vf_loss=12.3102 entropy=59.9150 kl=14.0509
[Iter 430/488] steps=880640 reward=-592.89 pi_loss=-10.4658 vf_loss=12.3018 entropy=61.4736 kl=16.7286
  [Eval] mean_return=-598.63 std_return=3.98
[Iter 431/488] steps=882688 reward=-597.51 pi_loss=-12.4772 vf_loss=12.3090 entropy=67.6719 kl=17.9794
[Iter 432/488] steps=884736 reward=-592.32 pi_loss=-11.0242 vf_loss=12.3169 entropy=66.0753 kl=16.9300
[Iter 433/488] steps=886784 reward=-592.46 pi_loss=-9.4058 vf_loss=12.3245 entropy=58.9320 kl=15.6237
[Iter 434/488] steps=888832 reward=-602.16 pi_loss=-8.6722 vf_loss=12.3220 entropy=55.7425 kl=15.2579
[Iter 435/488] steps=890880 reward=-602.14 pi_loss=-12.7254 vf_loss=12.3444 entropy=61.8473 kl=17.3864
  [Eval] mean_return=-596.59 std_return=3.62
[Iter 436/488] steps=892928 reward=-597.37 pi_loss=-10.6036 vf_loss=12.3419 entropy=64.7938 kl=16.6346
[Iter 437/488] steps=894976 reward=-594.37 pi_loss=-6.3167 vf_loss=12.3419 entropy=59.8803 kl=14.3892
[Iter 438/488] steps=897024 reward=-602.07 pi_loss=-4.6745 vf_loss=18.0185 entropy=59.8863 kl=15.8479
[Iter 439/488] steps=899072 reward=-596.32 pi_loss=-2.7329 vf_loss=12.2055 entropy=48.8457 kl=10.1525
[Iter 440/488] steps=901120 reward=-602.81 pi_loss=-8.5836 vf_loss=12.2339 entropy=56.7229 kl=14.9974
  [Eval] mean_return=-597.30 std_return=4.72
[Iter 441/488] steps=903168 reward=-596.22 pi_loss=-2.1017 vf_loss=12.2643 entropy=52.1285 kl=11.2024
[Iter 442/488] steps=905216 reward=-595.24 pi_loss=-5.1222 vf_loss=12.2486 entropy=63.4220 kl=13.6273
[Iter 443/488] steps=907264 reward=-595.43 pi_loss=1.6635 vf_loss=12.2575 entropy=43.2627 kl=6.9810
[Iter 444/488] steps=909312 reward=-593.16 pi_loss=-8.8213 vf_loss=12.2576 entropy=54.9874 kl=14.7900
[Iter 445/488] steps=911360 reward=-595.47 pi_loss=-11.2960 vf_loss=12.2737 entropy=64.0877 kl=17.1909
  [Eval] mean_return=-598.26 std_return=3.35
[Iter 446/488] steps=913408 reward=-594.67 pi_loss=-11.1145 vf_loss=12.2854 entropy=65.6171 kl=17.5696
[Iter 447/488] steps=915456 reward=-598.88 pi_loss=-2.8163 vf_loss=12.2965 entropy=49.4509 kl=10.1507
[Iter 448/488] steps=917504 reward=-596.54 pi_loss=-1.7468 vf_loss=12.3020 entropy=51.5118 kl=10.5238
[Iter 449/488] steps=919552 reward=-597.92 pi_loss=-3.3551 vf_loss=12.3046 entropy=51.0907 kl=10.8694
[Iter 450/488] steps=921600 reward=-601.24 pi_loss=-8.5054 vf_loss=12.3039 entropy=54.6509 kl=14.6835
  [Eval] mean_return=-596.84 std_return=4.80
[Iter 451/488] steps=923648 reward=-597.68 pi_loss=9.3154 vf_loss=12.3145 entropy=34.2991 kl=0.1968
[Iter 452/488] steps=925696 reward=-597.42 pi_loss=-9.6266 vf_loss=12.3079 entropy=59.4599 kl=15.7655
[Iter 453/488] steps=927744 reward=-599.74 pi_loss=1.4541 vf_loss=12.3204 entropy=48.8766 kl=9.1112
[Iter 454/488] steps=929792 reward=-599.22 pi_loss=-7.1258 vf_loss=12.3164 entropy=59.6161 kl=14.5677
[Iter 455/488] steps=931840 reward=-595.63 pi_loss=-9.5696 vf_loss=12.3206 entropy=56.1401 kl=15.8306
  [Eval] mean_return=-597.92 std_return=3.61
[Iter 456/488] steps=933888 reward=-597.96 pi_loss=-6.2458 vf_loss=12.3275 entropy=54.5590 kl=13.2746
[Iter 457/488] steps=935936 reward=-599.14 pi_loss=-7.5725 vf_loss=12.3391 entropy=55.8941 kl=14.4484
[Iter 458/488] steps=937984 reward=-594.25 pi_loss=-5.0198 vf_loss=12.3360 entropy=52.0825 kl=12.4708
[Iter 459/488] steps=940032 reward=-592.88 pi_loss=2.0523 vf_loss=17.5392 entropy=43.9871 kl=6.6358
  [Eval] mean_return=-597.12 std_return=2.87
[Iter 460/488] steps=942080 reward=-594.28 pi_loss=9.8720 vf_loss=12.2392 entropy=34.2508 kl=0.1578
[Iter 461/488] steps=944128 reward=-597.49 pi_loss=5.3796 vf_loss=12.2406 entropy=34.1791 kl=0.1344
[Iter 462/488] steps=946176 reward=-592.47 pi_loss=-4.5285 vf_loss=12.2439 entropy=50.2113 kl=10.8344
[Iter 463/488] steps=948224 reward=-598.74 pi_loss=8.9325 vf_loss=12.2581 entropy=34.2125 kl=0.1098
[Iter 464/488] steps=950272 reward=-598.69 pi_loss=5.3845 vf_loss=12.2614 entropy=34.0774 kl=0.0924
  [Eval] mean_return=-598.44 std_return=2.22
[Iter 465/488] steps=952320 reward=-597.18 pi_loss=4.0715 vf_loss=12.2688 entropy=34.0749 kl=0.0941
[Iter 466/488] steps=954368 reward=-593.04 pi_loss=3.3086 vf_loss=12.2616 entropy=34.1721 kl=0.1210
[Iter 467/488] steps=956416 reward=-595.91 pi_loss=2.5039 vf_loss=12.2631 entropy=34.3924 kl=0.1455
[Iter 468/488] steps=958464 reward=-595.75 pi_loss=-0.9973 vf_loss=12.2611 entropy=40.9455 kl=5.0968
[Iter 469/488] steps=960512 reward=-595.60 pi_loss=4.0094 vf_loss=12.2921 entropy=34.2224 kl=0.0870
  [Eval] mean_return=-594.87 std_return=2.96
[Iter 470/488] steps=962560 reward=-601.29 pi_loss=2.8949 vf_loss=12.3027 entropy=34.0523 kl=0.1060
[Iter 471/488] steps=964608 reward=-597.78 pi_loss=2.2232 vf_loss=12.2884 entropy=34.3556 kl=0.0869
[Iter 472/488] steps=966656 reward=-593.79 pi_loss=1.9374 vf_loss=12.2903 entropy=34.3710 kl=0.1093
[Iter 473/488] steps=968704 reward=-598.26 pi_loss=1.3840 vf_loss=12.2862 entropy=34.1282 kl=0.0859
[Iter 474/488] steps=970752 reward=-599.43 pi_loss=0.8654 vf_loss=12.3019 entropy=34.1501 kl=0.0805
  [Eval] mean_return=-598.40 std_return=2.87
[Iter 475/488] steps=972800 reward=-600.94 pi_loss=0.7174 vf_loss=12.2962 entropy=34.1050 kl=0.0679
[Iter 476/488] steps=974848 reward=-597.19 pi_loss=0.3629 vf_loss=12.2872 entropy=34.1174 kl=0.0694
[Iter 477/488] steps=976896 reward=-601.29 pi_loss=0.2241 vf_loss=12.2892 entropy=34.1251 kl=0.1005
[Iter 478/488] steps=978944 reward=-600.31 pi_loss=0.1324 vf_loss=12.2952 entropy=33.9941 kl=0.0669
[Iter 479/488] steps=980992 reward=-594.97 pi_loss=-0.0333 vf_loss=12.3011 entropy=34.0746 kl=0.0813
  [Eval] mean_return=-598.33 std_return=3.39
[Iter 480/488] steps=983040 reward=-597.77 pi_loss=-0.1144 vf_loss=16.1077 entropy=34.0800 kl=0.0864
[Iter 481/488] steps=985088 reward=-595.89 pi_loss=-0.0663 vf_loss=12.2785 entropy=34.1506 kl=0.0701
[Iter 482/488] steps=987136 reward=-596.20 pi_loss=-0.0706 vf_loss=12.2661 entropy=34.2615 kl=0.0619
[Iter 483/488] steps=989184 reward=-595.20 pi_loss=-0.0628 vf_loss=12.2707 entropy=34.0288 kl=0.0569
[Iter 484/488] steps=991232 reward=-594.21 pi_loss=-0.0782 vf_loss=12.2814 entropy=34.0685 kl=0.0533
  [Eval] mean_return=-597.39 std_return=3.34
[Iter 485/488] steps=993280 reward=-601.24 pi_loss=-0.0943 vf_loss=12.2827 entropy=34.2524 kl=0.0876
[Iter 486/488] steps=995328 reward=-599.81 pi_loss=-0.0532 vf_loss=12.2786 entropy=34.1074 kl=0.0482
[Iter 487/488] steps=997376 reward=-595.57 pi_loss=-0.0377 vf_loss=12.2894 entropy=34.1700 kl=0.0438
[Iter 488/488] steps=999424 reward=-602.96 pi_loss=-0.0235 vf_loss=12.2773 entropy=34.1530 kl=0.0371
Training complete. Logs saved to results/8hr/K4_hier_cum/seed_42
