[Iter 1/488] steps=2048 reward=-473.01 pi_loss=-0.0224 vf_loss=16.9601 entropy=34.2342 kl=0.0214
[Iter 2/488] steps=4096 reward=-305.81 pi_loss=-0.0268 vf_loss=20.5668 entropy=34.1119 kl=0.0216
[Iter 3/488] steps=6144 reward=-376.02 pi_loss=-0.0346 vf_loss=14.9936 entropy=34.1218 kl=0.0309
[Iter 4/488] steps=8192 reward=-340.94 pi_loss=-0.0409 vf_loss=11.0968 entropy=34.2736 kl=0.0416
[Iter 5/488] steps=10240 reward=-425.15 pi_loss=-0.0423 vf_loss=10.3112 entropy=34.3255 kl=0.0486
  [Eval] mean_return=-266.55 std_return=33.42
[Iter 6/488] steps=12288 reward=-447.34 pi_loss=-0.0398 vf_loss=9.9498 entropy=34.2948 kl=0.0442
[Iter 7/488] steps=14336 reward=-413.88 pi_loss=-0.0375 vf_loss=15.0635 entropy=34.3183 kl=0.0327
[Iter 8/488] steps=16384 reward=-413.35 pi_loss=-0.0395 vf_loss=20.4760 entropy=34.0431 kl=0.0326
[Iter 9/488] steps=18432 reward=-391.94 pi_loss=-0.0539 vf_loss=13.6452 entropy=34.3020 kl=0.0518
[Iter 10/488] steps=20480 reward=-381.97 pi_loss=-0.0535 vf_loss=15.2768 entropy=34.2779 kl=0.0543
  [Eval] mean_return=-266.68 std_return=52.69
[Iter 11/488] steps=22528 reward=-432.97 pi_loss=-0.0506 vf_loss=10.5581 entropy=34.3515 kl=0.0817
[Iter 12/488] steps=24576 reward=-406.25 pi_loss=-0.0504 vf_loss=16.0213 entropy=34.3323 kl=0.0550
[Iter 13/488] steps=26624 reward=-358.17 pi_loss=-0.0545 vf_loss=10.9826 entropy=34.4743 kl=0.0772
[Iter 14/488] steps=28672 reward=-339.42 pi_loss=-0.0607 vf_loss=11.4241 entropy=34.3208 kl=0.0725
[Iter 15/488] steps=30720 reward=-377.29 pi_loss=-0.0576 vf_loss=17.7612 entropy=34.3035 kl=0.0498
  [Eval] mean_return=-201.93 std_return=65.32
[Iter 16/488] steps=32768 reward=-374.08 pi_loss=-0.0643 vf_loss=12.0197 entropy=34.2634 kl=0.0764
[Iter 17/488] steps=34816 reward=-335.14 pi_loss=-0.0603 vf_loss=11.6131 entropy=34.4526 kl=0.0855
[Iter 18/488] steps=36864 reward=-368.56 pi_loss=-0.0619 vf_loss=15.4546 entropy=34.5019 kl=0.0641
[Iter 19/488] steps=38912 reward=-336.58 pi_loss=-0.0654 vf_loss=11.6252 entropy=34.4466 kl=0.0857
[Iter 20/488] steps=40960 reward=-227.23 pi_loss=-0.0699 vf_loss=8.6208 entropy=34.5531 kl=0.1029
  [Eval] mean_return=-139.70 std_return=123.45
[Iter 21/488] steps=43008 reward=-226.04 pi_loss=-0.0773 vf_loss=11.8778 entropy=34.3954 kl=0.0896
[Iter 22/488] steps=45056 reward=-265.09 pi_loss=-0.0853 vf_loss=12.9689 entropy=34.2243 kl=0.0686
[Iter 23/488] steps=47104 reward=-234.60 pi_loss=-0.0818 vf_loss=12.2519 entropy=34.4414 kl=0.0863
[Iter 24/488] steps=49152 reward=-244.73 pi_loss=-0.0786 vf_loss=11.0367 entropy=34.3614 kl=0.0961
[Iter 25/488] steps=51200 reward=-197.84 pi_loss=-0.0828 vf_loss=9.6672 entropy=34.4129 kl=0.1002
  [Eval] mean_return=23.84 std_return=34.94
[Iter 26/488] steps=53248 reward=-181.25 pi_loss=-0.0984 vf_loss=8.6906 entropy=34.5596 kl=0.1225
[Iter 27/488] steps=55296 reward=-298.58 pi_loss=-0.0989 vf_loss=12.3726 entropy=34.3978 kl=0.0955
[Iter 28/488] steps=57344 reward=-201.24 pi_loss=-0.0917 vf_loss=8.2864 entropy=34.5430 kl=0.1428
[Iter 29/488] steps=59392 reward=-161.92 pi_loss=-0.0872 vf_loss=13.7139 entropy=34.3872 kl=0.0709
[Iter 30/488] steps=61440 reward=-267.55 pi_loss=-0.0965 vf_loss=12.2644 entropy=34.4018 kl=0.0961
  [Eval] mean_return=-35.91 std_return=49.16
[Iter 31/488] steps=63488 reward=-180.13 pi_loss=-0.1046 vf_loss=9.8752 entropy=34.7602 kl=0.1238
[Iter 32/488] steps=65536 reward=-251.00 pi_loss=-0.0951 vf_loss=11.0840 entropy=34.4310 kl=0.1183
[Iter 33/488] steps=67584 reward=-164.39 pi_loss=-0.0961 vf_loss=9.5908 entropy=34.4668 kl=0.1154
[Iter 34/488] steps=69632 reward=-194.84 pi_loss=-0.1049 vf_loss=10.8606 entropy=34.5308 kl=0.1215
[Iter 35/488] steps=71680 reward=-190.15 pi_loss=-0.1115 vf_loss=8.6902 entropy=34.6264 kl=0.1561
  [Eval] mean_return=7.04 std_return=35.74
[Iter 36/488] steps=73728 reward=-196.68 pi_loss=-0.0985 vf_loss=18.2813 entropy=34.3937 kl=0.0654
[Iter 37/488] steps=75776 reward=-216.92 pi_loss=-0.1030 vf_loss=16.2943 entropy=34.4546 kl=0.0775
[Iter 38/488] steps=77824 reward=-109.38 pi_loss=-0.0962 vf_loss=18.4509 entropy=34.3562 kl=0.0773
[Iter 39/488] steps=79872 reward=-268.39 pi_loss=-0.1016 vf_loss=16.2563 entropy=34.3581 kl=0.0921
[Iter 40/488] steps=81920 reward=-231.43 pi_loss=-0.1054 vf_loss=18.4789 entropy=34.3594 kl=0.0867
  [Eval] mean_return=-29.35 std_return=98.60
[Iter 41/488] steps=83968 reward=-192.43 pi_loss=-0.1103 vf_loss=12.1922 entropy=34.6510 kl=0.1401
[Iter 42/488] steps=86016 reward=-133.66 pi_loss=-0.0436 vf_loss=7.6131 entropy=36.6210 kl=0.6026
[Iter 43/488] steps=88064 reward=-125.18 pi_loss=-0.1046 vf_loss=8.5182 entropy=34.7593 kl=0.1892
[Iter 44/488] steps=90112 reward=-150.52 pi_loss=-0.1084 vf_loss=14.0940 entropy=34.2787 kl=0.0903
  [Eval] mean_return=-16.04 std_return=74.91
[Iter 45/488] steps=92160 reward=-189.99 pi_loss=-0.1077 vf_loss=9.9355 entropy=34.9536 kl=0.1843
[Iter 46/488] steps=94208 reward=-121.46 pi_loss=-0.1106 vf_loss=14.4981 entropy=34.4999 kl=0.1045
[Iter 47/488] steps=96256 reward=-220.26 pi_loss=-0.1214 vf_loss=12.2819 entropy=34.6030 kl=0.1416
[Iter 48/488] steps=98304 reward=-159.67 pi_loss=-0.1306 vf_loss=9.8714 entropy=34.8516 kl=0.2210
[Iter 49/488] steps=100352 reward=-140.24 pi_loss=-0.1226 vf_loss=11.9081 entropy=34.4172 kl=0.1091
  [Eval] mean_return=22.91 std_return=71.52
[Iter 50/488] steps=102400 reward=-138.90 pi_loss=-0.1368 vf_loss=9.6831 entropy=34.6520 kl=0.1651
[Iter 51/488] steps=104448 reward=-63.44 pi_loss=-0.1242 vf_loss=8.9884 entropy=34.7308 kl=0.1827
[Iter 52/488] steps=106496 reward=-111.96 pi_loss=-0.1179 vf_loss=9.7563 entropy=34.6244 kl=0.1370
[Iter 53/488] steps=108544 reward=-104.91 pi_loss=-0.1240 vf_loss=10.9109 entropy=34.4632 kl=0.1110
[Iter 54/488] steps=110592 reward=-143.49 pi_loss=-0.1275 vf_loss=8.3809 entropy=34.7829 kl=0.1832
  [Eval] mean_return=-42.56 std_return=106.72
[Iter 55/488] steps=112640 reward=-86.02 pi_loss=-0.1230 vf_loss=10.9592 entropy=34.6024 kl=0.1338
[Iter 56/488] steps=114688 reward=-99.33 pi_loss=-0.1218 vf_loss=11.1349 entropy=34.3916 kl=0.1174
[Iter 57/488] steps=116736 reward=-124.44 pi_loss=-0.1115 vf_loss=10.3620 entropy=34.6382 kl=0.1713
[Iter 58/488] steps=118784 reward=-152.27 pi_loss=-0.1214 vf_loss=14.1055 entropy=34.5093 kl=0.0996
[Iter 59/488] steps=120832 reward=71.78 pi_loss=-0.1185 vf_loss=13.3050 entropy=34.3039 kl=0.1073
  [Eval] mean_return=-94.99 std_return=131.04
[Iter 60/488] steps=122880 reward=-118.81 pi_loss=-0.1163 vf_loss=11.1772 entropy=34.7629 kl=0.1773
[Iter 61/488] steps=124928 reward=-119.33 pi_loss=-0.1303 vf_loss=12.5179 entropy=34.6890 kl=0.1701
[Iter 62/488] steps=126976 reward=-97.37 pi_loss=-0.1321 vf_loss=10.2369 entropy=34.8230 kl=0.2243
[Iter 63/488] steps=129024 reward=-136.63 pi_loss=-0.1394 vf_loss=10.1624 entropy=34.6899 kl=0.1557
[Iter 64/488] steps=131072 reward=-167.21 pi_loss=-0.1326 vf_loss=15.2644 entropy=34.5468 kl=0.1008
  [Eval] mean_return=21.94 std_return=97.46
[Iter 65/488] steps=133120 reward=-94.68 pi_loss=-0.1348 vf_loss=12.0523 entropy=34.5262 kl=0.1404
[Iter 66/488] steps=135168 reward=-133.76 pi_loss=-0.1368 vf_loss=14.0925 entropy=34.4589 kl=0.1174
[Iter 67/488] steps=137216 reward=-27.14 pi_loss=-0.1309 vf_loss=12.3548 entropy=34.5712 kl=0.1405
[Iter 68/488] steps=139264 reward=-135.02 pi_loss=-0.1284 vf_loss=16.0350 entropy=34.5166 kl=0.1345
[Iter 69/488] steps=141312 reward=17.46 pi_loss=-0.1225 vf_loss=11.6115 entropy=34.7706 kl=0.1900
  [Eval] mean_return=39.37 std_return=98.44
[Iter 70/488] steps=143360 reward=-64.66 pi_loss=-0.1245 vf_loss=9.0707 entropy=34.7246 kl=0.2191
[Iter 71/488] steps=145408 reward=-2.46 pi_loss=-0.1367 vf_loss=15.2694 entropy=34.5718 kl=0.1438
[Iter 72/488] steps=147456 reward=-112.80 pi_loss=-0.1224 vf_loss=15.5941 entropy=35.0063 kl=0.2412
[Iter 73/488] steps=149504 reward=-0.52 pi_loss=-0.1114 vf_loss=9.2235 entropy=35.1948 kl=0.2693
[Iter 74/488] steps=151552 reward=-33.56 pi_loss=-0.1245 vf_loss=11.5668 entropy=34.9079 kl=0.2207
  [Eval] mean_return=14.87 std_return=75.48
[Iter 75/488] steps=153600 reward=-130.44 pi_loss=-0.1301 vf_loss=13.4543 entropy=34.5829 kl=0.1217
[Iter 76/488] steps=155648 reward=19.98 pi_loss=-0.1197 vf_loss=10.3522 entropy=34.9981 kl=0.2436
[Iter 77/488] steps=157696 reward=-66.92 pi_loss=-0.1313 vf_loss=14.4197 entropy=34.6602 kl=0.1749
[Iter 78/488] steps=159744 reward=-6.20 pi_loss=-0.1282 vf_loss=10.4643 entropy=34.8868 kl=0.2095
[Iter 79/488] steps=161792 reward=-136.97 pi_loss=-0.1219 vf_loss=12.5878 entropy=34.5779 kl=0.1440
  [Eval] mean_return=-45.41 std_return=85.26
[Iter 80/488] steps=163840 reward=-111.21 pi_loss=-0.1385 vf_loss=13.6366 entropy=34.5335 kl=0.1143
[Iter 81/488] steps=165888 reward=-124.48 pi_loss=-0.1379 vf_loss=11.8498 entropy=34.5528 kl=0.1578
[Iter 82/488] steps=167936 reward=-95.40 pi_loss=-0.1417 vf_loss=19.4962 entropy=34.6026 kl=0.1456
[Iter 83/488] steps=169984 reward=33.62 pi_loss=-0.1329 vf_loss=11.5276 entropy=35.3878 kl=0.3115
[Iter 84/488] steps=172032 reward=-34.92 pi_loss=-0.1410 vf_loss=12.4337 entropy=34.7617 kl=0.1726
  [Eval] mean_return=35.41 std_return=78.87
[Iter 85/488] steps=174080 reward=-102.90 pi_loss=-0.1265 vf_loss=14.7573 entropy=34.4867 kl=0.1468
[Iter 86/488] steps=176128 reward=-139.29 pi_loss=-0.1359 vf_loss=18.5753 entropy=34.6229 kl=0.1184
[Iter 87/488] steps=178176 reward=-59.09 pi_loss=-0.1158 vf_loss=13.2204 entropy=35.0277 kl=0.2387
[Iter 88/488] steps=180224 reward=-125.13 pi_loss=-0.1247 vf_loss=22.7646 entropy=34.6445 kl=0.1471
  [Eval] mean_return=17.41 std_return=85.81
[Iter 89/488] steps=182272 reward=-20.97 pi_loss=-0.1294 vf_loss=12.2242 entropy=34.8580 kl=0.2029
[Iter 90/488] steps=184320 reward=-58.94 pi_loss=-0.1389 vf_loss=18.5613 entropy=34.8255 kl=0.1522
[Iter 91/488] steps=186368 reward=-132.42 pi_loss=-0.1236 vf_loss=11.6187 entropy=35.0755 kl=0.2436
[Iter 92/488] steps=188416 reward=-151.39 pi_loss=-0.1234 vf_loss=13.4409 entropy=34.7544 kl=0.1820
[Iter 93/488] steps=190464 reward=11.44 pi_loss=-0.0953 vf_loss=15.3139 entropy=34.9396 kl=0.2399
  [Eval] mean_return=29.43 std_return=77.37
[Iter 94/488] steps=192512 reward=-109.61 pi_loss=-0.1190 vf_loss=15.5907 entropy=34.9981 kl=0.2208
[Iter 95/488] steps=194560 reward=42.32 pi_loss=-0.1101 vf_loss=16.8068 entropy=34.8884 kl=0.2033
[Iter 96/488] steps=196608 reward=-48.95 pi_loss=-0.1212 vf_loss=11.4802 entropy=35.2153 kl=0.2999
[Iter 97/488] steps=198656 reward=91.03 pi_loss=-0.1218 vf_loss=11.4416 entropy=35.2071 kl=0.2925
[Iter 98/488] steps=200704 reward=-26.20 pi_loss=-0.1382 vf_loss=14.5218 entropy=34.5751 kl=0.1534
  [Eval] mean_return=-50.29 std_return=109.18
[Iter 99/488] steps=202752 reward=-224.27 pi_loss=-0.1266 vf_loss=19.1182 entropy=34.4899 kl=0.1313
[Iter 100/488] steps=204800 reward=-14.47 pi_loss=-0.1309 vf_loss=20.7490 entropy=34.6364 kl=0.1291
[Iter 101/488] steps=206848 reward=-187.25 pi_loss=-0.1367 vf_loss=12.8967 entropy=34.6944 kl=0.2065
[Iter 102/488] steps=208896 reward=-82.47 pi_loss=-0.1200 vf_loss=17.0753 entropy=34.8134 kl=0.1874
[Iter 103/488] steps=210944 reward=-113.79 pi_loss=-0.1181 vf_loss=18.9658 entropy=34.8723 kl=0.2278
  [Eval] mean_return=-54.57 std_return=91.31
[Iter 104/488] steps=212992 reward=-7.53 pi_loss=-0.1301 vf_loss=10.9830 entropy=34.9826 kl=0.2659
[Iter 105/488] steps=215040 reward=-154.95 pi_loss=-0.1242 vf_loss=19.0765 entropy=34.8812 kl=0.2080
[Iter 106/488] steps=217088 reward=-147.46 pi_loss=-0.1467 vf_loss=19.1853 entropy=34.7037 kl=0.1642
[Iter 107/488] steps=219136 reward=-19.65 pi_loss=-0.1403 vf_loss=13.0765 entropy=34.9628 kl=0.2386
[Iter 108/488] steps=221184 reward=-262.43 pi_loss=-0.1477 vf_loss=17.3845 entropy=34.8232 kl=0.1994
  [Eval] mean_return=8.39 std_return=48.90
[Iter 109/488] steps=223232 reward=-66.97 pi_loss=-0.1258 vf_loss=11.6997 entropy=34.9866 kl=0.2707
[Iter 110/488] steps=225280 reward=-51.52 pi_loss=-0.1395 vf_loss=15.0807 entropy=34.7727 kl=0.1727
[Iter 111/488] steps=227328 reward=-24.22 pi_loss=-0.0930 vf_loss=10.6779 entropy=36.3291 kl=0.5755
[Iter 112/488] steps=229376 reward=-7.96 pi_loss=-0.1352 vf_loss=12.2621 entropy=34.8554 kl=0.1976
[Iter 113/488] steps=231424 reward=22.85 pi_loss=-0.1375 vf_loss=14.0257 entropy=34.7496 kl=0.1920
  [Eval] mean_return=-16.36 std_return=74.72
[Iter 114/488] steps=233472 reward=-6.12 pi_loss=-0.1151 vf_loss=11.8095 entropy=35.5158 kl=0.3383
[Iter 115/488] steps=235520 reward=-37.57 pi_loss=-0.1502 vf_loss=14.5985 entropy=34.6074 kl=0.1636
[Iter 116/488] steps=237568 reward=-88.49 pi_loss=-0.1144 vf_loss=11.2630 entropy=35.1543 kl=0.2762
[Iter 117/488] steps=239616 reward=-130.61 pi_loss=-0.1387 vf_loss=16.2057 entropy=34.5556 kl=0.1318
[Iter 118/488] steps=241664 reward=-51.15 pi_loss=-0.1181 vf_loss=12.7275 entropy=34.9985 kl=0.2567
  [Eval] mean_return=-32.20 std_return=122.79
[Iter 119/488] steps=243712 reward=-75.45 pi_loss=-0.1328 vf_loss=14.2566 entropy=34.8539 kl=0.1982
[Iter 120/488] steps=245760 reward=-71.19 pi_loss=-0.1468 vf_loss=13.2829 entropy=34.6620 kl=0.1707
[Iter 121/488] steps=247808 reward=-108.64 pi_loss=-0.1491 vf_loss=9.6311 entropy=34.8169 kl=0.1987
[Iter 122/488] steps=249856 reward=125.00 pi_loss=-0.1394 vf_loss=11.5264 entropy=34.8430 kl=0.2156
[Iter 123/488] steps=251904 reward=-24.72 pi_loss=-0.1441 vf_loss=13.6433 entropy=34.5400 kl=0.1609
  [Eval] mean_return=25.46 std_return=70.43
[Iter 124/488] steps=253952 reward=-58.71 pi_loss=-0.1409 vf_loss=26.5085 entropy=34.4226 kl=0.1083
[Iter 125/488] steps=256000 reward=-207.11 pi_loss=-0.1343 vf_loss=15.4268 entropy=34.5628 kl=0.1347
[Iter 126/488] steps=258048 reward=-58.47 pi_loss=-0.1438 vf_loss=17.1236 entropy=34.5140 kl=0.1523
[Iter 127/488] steps=260096 reward=-6.22 pi_loss=-0.1334 vf_loss=11.1426 entropy=35.1603 kl=0.2806
  [Eval] mean_return=-68.74 std_return=120.00
[Iter 128/488] steps=262144 reward=-10.67 pi_loss=-0.1169 vf_loss=7.4784 entropy=35.6729 kl=0.3975
[Iter 129/488] steps=264192 reward=-50.91 pi_loss=-0.1289 vf_loss=7.3040 entropy=34.9622 kl=0.2634
[Iter 130/488] steps=266240 reward=-53.28 pi_loss=-0.1497 vf_loss=9.4861 entropy=34.6775 kl=0.1550
[Iter 131/488] steps=268288 reward=43.95 pi_loss=-0.1349 vf_loss=8.4523 entropy=34.7337 kl=0.1882
[Iter 132/488] steps=270336 reward=54.34 pi_loss=-0.1209 vf_loss=10.0797 entropy=34.5758 kl=0.1270
  [Eval] mean_return=-9.74 std_return=79.28
[Iter 133/488] steps=272384 reward=-168.73 pi_loss=-0.1318 vf_loss=11.0314 entropy=34.4684 kl=0.1181
[Iter 134/488] steps=274432 reward=-35.07 pi_loss=-0.1422 vf_loss=8.4167 entropy=34.8106 kl=0.2100
[Iter 135/488] steps=276480 reward=-118.03 pi_loss=-0.1005 vf_loss=10.3512 entropy=34.9950 kl=0.2393
[Iter 136/488] steps=278528 reward=-22.66 pi_loss=-0.1400 vf_loss=9.8422 entropy=34.7846 kl=0.1861
[Iter 137/488] steps=280576 reward=-82.81 pi_loss=-0.1460 vf_loss=12.5005 entropy=34.5870 kl=0.1173
  [Eval] mean_return=9.41 std_return=87.91
[Iter 138/488] steps=282624 reward=8.93 pi_loss=-0.1281 vf_loss=6.7493 entropy=35.1348 kl=0.2703
[Iter 139/488] steps=284672 reward=-27.04 pi_loss=-0.1429 vf_loss=11.5252 entropy=34.5261 kl=0.1312
[Iter 140/488] steps=286720 reward=-104.40 pi_loss=-0.1362 vf_loss=14.0814 entropy=34.4748 kl=0.1274
[Iter 141/488] steps=288768 reward=-67.92 pi_loss=-0.1469 vf_loss=11.2844 entropy=34.7335 kl=0.1767
[Iter 142/488] steps=290816 reward=-76.46 pi_loss=-0.1352 vf_loss=10.6299 entropy=34.8541 kl=0.1885
  [Eval] mean_return=-6.87 std_return=150.96
[Iter 143/488] steps=292864 reward=-82.15 pi_loss=-0.1331 vf_loss=18.0636 entropy=34.2766 kl=0.0833
[Iter 144/488] steps=294912 reward=-93.69 pi_loss=-0.1412 vf_loss=11.5314 entropy=34.6086 kl=0.1724
[Iter 145/488] steps=296960 reward=-5.05 pi_loss=-0.1359 vf_loss=15.5824 entropy=34.5960 kl=0.1437
[Iter 146/488] steps=299008 reward=29.10 pi_loss=-0.1092 vf_loss=8.4602 entropy=35.3398 kl=0.3307
[Iter 147/488] steps=301056 reward=-22.22 pi_loss=-0.1501 vf_loss=14.0929 entropy=34.4395 kl=0.1222
  [Eval] mean_return=161.30 std_return=35.42
[Iter 148/488] steps=303104 reward=30.66 pi_loss=-0.1411 vf_loss=8.7714 entropy=34.8219 kl=0.2037
[Iter 149/488] steps=305152 reward=-1.36 pi_loss=-0.1403 vf_loss=11.0031 entropy=34.6224 kl=0.1376
[Iter 150/488] steps=307200 reward=-2.42 pi_loss=-0.1333 vf_loss=9.3152 entropy=34.7412 kl=0.2170
[Iter 151/488] steps=309248 reward=40.55 pi_loss=-0.1295 vf_loss=6.5196 entropy=35.1319 kl=0.2732
[Iter 152/488] steps=311296 reward=-21.31 pi_loss=-0.1321 vf_loss=9.0371 entropy=34.4592 kl=0.1390
  [Eval] mean_return=43.34 std_return=96.97
[Iter 153/488] steps=313344 reward=-43.33 pi_loss=-0.1375 vf_loss=16.4728 entropy=34.3910 kl=0.1088
[Iter 154/488] steps=315392 reward=-66.35 pi_loss=-0.1391 vf_loss=7.6254 entropy=35.0952 kl=0.2735
[Iter 155/488] steps=317440 reward=0.47 pi_loss=-0.1339 vf_loss=8.4066 entropy=34.7324 kl=0.2056
[Iter 156/488] steps=319488 reward=-21.93 pi_loss=-0.1368 vf_loss=14.9624 entropy=34.3625 kl=0.1043
[Iter 157/488] steps=321536 reward=-95.84 pi_loss=-0.1514 vf_loss=16.6682 entropy=34.5645 kl=0.1169
  [Eval] mean_return=26.26 std_return=83.41
[Iter 158/488] steps=323584 reward=-81.16 pi_loss=-0.1338 vf_loss=10.8927 entropy=34.9669 kl=0.2267
[Iter 159/488] steps=325632 reward=-70.39 pi_loss=-0.1264 vf_loss=14.6002 entropy=34.7116 kl=0.1534
[Iter 160/488] steps=327680 reward=-9.17 pi_loss=-0.1351 vf_loss=12.0489 entropy=34.4927 kl=0.1506
[Iter 161/488] steps=329728 reward=-8.15 pi_loss=-0.1267 vf_loss=15.4016 entropy=34.6413 kl=0.1595
[Iter 162/488] steps=331776 reward=-127.36 pi_loss=-0.1361 vf_loss=17.0049 entropy=34.6020 kl=0.1145
  [Eval] mean_return=81.16 std_return=90.07
[Iter 163/488] steps=333824 reward=3.21 pi_loss=-0.1163 vf_loss=13.9894 entropy=35.2719 kl=0.3220
[Iter 164/488] steps=335872 reward=-8.72 pi_loss=-0.1165 vf_loss=13.6257 entropy=35.0352 kl=0.2634
[Iter 165/488] steps=337920 reward=-33.90 pi_loss=-0.1333 vf_loss=18.9115 entropy=34.6937 kl=0.1596
[Iter 166/488] steps=339968 reward=-30.51 pi_loss=-0.1412 vf_loss=16.1319 entropy=34.5446 kl=0.1645
[Iter 167/488] steps=342016 reward=5.85 pi_loss=-0.1406 vf_loss=15.1486 entropy=34.7214 kl=0.1836
  [Eval] mean_return=47.14 std_return=66.56
[Iter 168/488] steps=344064 reward=-119.26 pi_loss=-0.1346 vf_loss=15.7546 entropy=34.7092 kl=0.1870
[Iter 169/488] steps=346112 reward=-82.04 pi_loss=-0.1277 vf_loss=14.7240 entropy=34.7736 kl=0.1818
[Iter 170/488] steps=348160 reward=-137.53 pi_loss=-0.1304 vf_loss=13.8243 entropy=34.9179 kl=0.2082
[Iter 171/488] steps=350208 reward=-65.21 pi_loss=-0.0944 vf_loss=10.1374 entropy=36.4585 kl=0.5998
  [Eval] mean_return=-48.17 std_return=85.48
[Iter 172/488] steps=352256 reward=-28.12 pi_loss=-0.1049 vf_loss=6.8736 entropy=35.6623 kl=0.4062
[Iter 173/488] steps=354304 reward=-72.98 pi_loss=-0.1445 vf_loss=10.4925 entropy=34.7028 kl=0.1773
[Iter 174/488] steps=356352 reward=-76.64 pi_loss=-0.1224 vf_loss=9.0196 entropy=35.3768 kl=0.3191
[Iter 175/488] steps=358400 reward=-36.06 pi_loss=-0.1348 vf_loss=10.7234 entropy=34.4964 kl=0.1423
[Iter 176/488] steps=360448 reward=-43.70 pi_loss=-0.1532 vf_loss=11.6621 entropy=34.6159 kl=0.1493
  [Eval] mean_return=-19.31 std_return=125.15
[Iter 177/488] steps=362496 reward=-150.68 pi_loss=-0.1391 vf_loss=17.1578 entropy=34.4252 kl=0.1073
[Iter 178/488] steps=364544 reward=-121.16 pi_loss=-0.1360 vf_loss=13.8019 entropy=34.5129 kl=0.1387
[Iter 179/488] steps=366592 reward=-69.13 pi_loss=-0.1414 vf_loss=8.4550 entropy=34.8867 kl=0.2417
[Iter 180/488] steps=368640 reward=-96.65 pi_loss=-0.1501 vf_loss=9.4880 entropy=34.9068 kl=0.2089
[Iter 181/488] steps=370688 reward=-134.47 pi_loss=-0.1337 vf_loss=12.2609 entropy=34.5741 kl=0.1235
  [Eval] mean_return=-37.82 std_return=72.10
[Iter 182/488] steps=372736 reward=-143.84 pi_loss=-0.1450 vf_loss=11.1795 entropy=34.8363 kl=0.2438
[Iter 183/488] steps=374784 reward=-128.37 pi_loss=-0.1476 vf_loss=10.3492 entropy=35.0057 kl=0.2299
[Iter 184/488] steps=376832 reward=-25.32 pi_loss=-0.1228 vf_loss=13.9204 entropy=34.3643 kl=0.1167
[Iter 185/488] steps=378880 reward=-243.19 pi_loss=-0.1192 vf_loss=8.3955 entropy=35.3773 kl=0.3426
[Iter 186/488] steps=380928 reward=-121.71 pi_loss=-0.1322 vf_loss=19.9351 entropy=34.4030 kl=0.0919
  [Eval] mean_return=-114.04 std_return=56.87
[Iter 187/488] steps=382976 reward=-153.66 pi_loss=-0.1378 vf_loss=11.1345 entropy=34.6859 kl=0.1784
[Iter 188/488] steps=385024 reward=-147.80 pi_loss=-0.1354 vf_loss=9.6738 entropy=34.7457 kl=0.1780
[Iter 189/488] steps=387072 reward=-32.40 pi_loss=-0.1373 vf_loss=9.1413 entropy=35.0064 kl=0.2855
[Iter 190/488] steps=389120 reward=-81.85 pi_loss=-0.1474 vf_loss=10.4106 entropy=34.9491 kl=0.1957
[Iter 191/488] steps=391168 reward=-118.48 pi_loss=-0.1434 vf_loss=8.8822 entropy=34.7977 kl=0.1975
  [Eval] mean_return=-77.09 std_return=49.51
[Iter 192/488] steps=393216 reward=-99.80 pi_loss=-0.1447 vf_loss=8.0574 entropy=34.9669 kl=0.2432
[Iter 193/488] steps=395264 reward=-37.66 pi_loss=-0.1454 vf_loss=8.6153 entropy=34.7051 kl=0.1621
[Iter 194/488] steps=397312 reward=-61.65 pi_loss=-0.1258 vf_loss=7.8701 entropy=35.7172 kl=0.3939
[Iter 195/488] steps=399360 reward=-187.16 pi_loss=-0.1270 vf_loss=14.5231 entropy=34.4718 kl=0.1077
[Iter 196/488] steps=401408 reward=-63.92 pi_loss=-0.1278 vf_loss=24.7177 entropy=34.3806 kl=0.0848
  [Eval] mean_return=-93.41 std_return=80.00
[Iter 197/488] steps=403456 reward=-198.03 pi_loss=-0.1193 vf_loss=9.3472 entropy=35.2933 kl=0.2904
[Iter 198/488] steps=405504 reward=-119.91 pi_loss=-0.1344 vf_loss=17.7380 entropy=34.5696 kl=0.1336
[Iter 199/488] steps=407552 reward=-251.73 pi_loss=-0.1380 vf_loss=14.9761 entropy=34.4261 kl=0.1281
[Iter 200/488] steps=409600 reward=-130.49 pi_loss=-0.1378 vf_loss=15.0383 entropy=34.7855 kl=0.1460
[Iter 201/488] steps=411648 reward=-147.80 pi_loss=-0.1322 vf_loss=15.1976 entropy=34.6216 kl=0.1581
  [Eval] mean_return=-100.62 std_return=77.93
[Iter 202/488] steps=413696 reward=-128.09 pi_loss=-0.1080 vf_loss=11.6622 entropy=35.5414 kl=0.3465
[Iter 203/488] steps=415744 reward=-15.68 pi_loss=-0.1079 vf_loss=7.3742 entropy=35.8357 kl=0.4707
[Iter 204/488] steps=417792 reward=-68.14 pi_loss=-0.1240 vf_loss=11.4352 entropy=34.8327 kl=0.2035
[Iter 205/488] steps=419840 reward=-79.53 pi_loss=-0.1367 vf_loss=8.3201 entropy=35.2723 kl=0.2687
[Iter 206/488] steps=421888 reward=-129.57 pi_loss=-0.1491 vf_loss=8.9175 entropy=34.6450 kl=0.1735
  [Eval] mean_return=-99.26 std_return=78.77
[Iter 207/488] steps=423936 reward=-144.41 pi_loss=-0.1485 vf_loss=10.3107 entropy=34.7431 kl=0.1933
[Iter 208/488] steps=425984 reward=-99.77 pi_loss=-0.1368 vf_loss=7.6988 entropy=34.9689 kl=0.2916
[Iter 209/488] steps=428032 reward=-230.52 pi_loss=-0.1443 vf_loss=18.2044 entropy=34.3110 kl=0.0902
[Iter 210/488] steps=430080 reward=-187.92 pi_loss=-0.1352 vf_loss=24.5625 entropy=34.3737 kl=0.0851
  [Eval] mean_return=-126.61 std_return=103.82
[Iter 211/488] steps=432128 reward=-30.83 pi_loss=-0.1344 vf_loss=9.2772 entropy=35.0842 kl=0.2371
[Iter 212/488] steps=434176 reward=-147.52 pi_loss=-0.1257 vf_loss=16.8457 entropy=34.5184 kl=0.1111
[Iter 213/488] steps=436224 reward=-37.75 pi_loss=-0.1312 vf_loss=11.4611 entropy=34.6122 kl=0.1951
[Iter 214/488] steps=438272 reward=-57.94 pi_loss=-0.1119 vf_loss=15.2873 entropy=34.6563 kl=0.1594
[Iter 215/488] steps=440320 reward=-192.33 pi_loss=-0.1318 vf_loss=10.6480 entropy=34.6614 kl=0.1708
  [Eval] mean_return=-110.92 std_return=168.16
[Iter 216/488] steps=442368 reward=-289.72 pi_loss=-0.1384 vf_loss=24.4609 entropy=34.4407 kl=0.1020
[Iter 217/488] steps=444416 reward=-59.22 pi_loss=-0.1058 vf_loss=7.7869 entropy=35.6260 kl=0.4112
[Iter 218/488] steps=446464 reward=-86.83 pi_loss=-0.1162 vf_loss=7.1118 entropy=35.6434 kl=0.4448
[Iter 219/488] steps=448512 reward=-135.82 pi_loss=-0.1396 vf_loss=11.7764 entropy=34.4809 kl=0.1275
[Iter 220/488] steps=450560 reward=-145.23 pi_loss=-0.1509 vf_loss=18.7350 entropy=34.3581 kl=0.1083
  [Eval] mean_return=-57.68 std_return=94.41
[Iter 221/488] steps=452608 reward=-21.15 pi_loss=-0.1395 vf_loss=8.2591 entropy=34.9342 kl=0.2597
[Iter 222/488] steps=454656 reward=-23.79 pi_loss=-0.1400 vf_loss=6.0767 entropy=35.0333 kl=0.2676
[Iter 223/488] steps=456704 reward=-88.79 pi_loss=-0.1315 vf_loss=9.6447 entropy=34.6470 kl=0.1761
[Iter 224/488] steps=458752 reward=-57.89 pi_loss=-0.1419 vf_loss=10.2734 entropy=34.5997 kl=0.1675
[Iter 225/488] steps=460800 reward=-233.35 pi_loss=-0.1325 vf_loss=22.0353 entropy=34.4011 kl=0.0836
  [Eval] mean_return=-121.52 std_return=138.83
[Iter 226/488] steps=462848 reward=-55.04 pi_loss=-0.1464 vf_loss=13.6985 entropy=34.6987 kl=0.1501
[Iter 227/488] steps=464896 reward=-127.38 pi_loss=-0.1219 vf_loss=8.2024 entropy=35.1573 kl=0.3103
[Iter 228/488] steps=466944 reward=-94.38 pi_loss=-0.1545 vf_loss=13.7009 entropy=34.6269 kl=0.1408
[Iter 229/488] steps=468992 reward=-101.25 pi_loss=-0.1389 vf_loss=14.5682 entropy=34.5165 kl=0.1294
[Iter 230/488] steps=471040 reward=-146.58 pi_loss=-0.1315 vf_loss=11.0709 entropy=35.0468 kl=0.2274
  [Eval] mean_return=-54.00 std_return=64.35
[Iter 231/488] steps=473088 reward=-153.65 pi_loss=-0.1308 vf_loss=13.8982 entropy=34.4739 kl=0.1481
[Iter 232/488] steps=475136 reward=-45.98 pi_loss=-0.1325 vf_loss=16.0989 entropy=34.6781 kl=0.1538
[Iter 233/488] steps=477184 reward=-94.56 pi_loss=-0.1306 vf_loss=11.6815 entropy=34.7766 kl=0.1749
[Iter 234/488] steps=479232 reward=-31.80 pi_loss=-0.1332 vf_loss=11.5622 entropy=34.6558 kl=0.1856
[Iter 235/488] steps=481280 reward=-273.48 pi_loss=-0.1361 vf_loss=19.5539 entropy=34.3607 kl=0.1074
  [Eval] mean_return=-85.33 std_return=176.74
[Iter 236/488] steps=483328 reward=-37.32 pi_loss=-0.1305 vf_loss=23.7765 entropy=34.8544 kl=0.1976
[Iter 237/488] steps=485376 reward=-61.16 pi_loss=-0.1299 vf_loss=12.0466 entropy=34.8631 kl=0.2142
[Iter 238/488] steps=487424 reward=-105.83 pi_loss=-0.1230 vf_loss=11.5000 entropy=34.9693 kl=0.2182
[Iter 239/488] steps=489472 reward=-145.26 pi_loss=-0.1435 vf_loss=23.1532 entropy=34.5082 kl=0.0990
[Iter 240/488] steps=491520 reward=-135.04 pi_loss=-0.1142 vf_loss=13.5585 entropy=35.7058 kl=0.4194
  [Eval] mean_return=-12.09 std_return=74.23
[Iter 241/488] steps=493568 reward=-10.72 pi_loss=-0.1458 vf_loss=13.8939 entropy=34.6634 kl=0.1620
[Iter 242/488] steps=495616 reward=-92.14 pi_loss=-0.1436 vf_loss=18.4172 entropy=35.3248 kl=0.3046
[Iter 243/488] steps=497664 reward=-22.20 pi_loss=-0.1491 vf_loss=19.9331 entropy=34.7205 kl=0.1685
[Iter 244/488] steps=499712 reward=-208.33 pi_loss=-0.1594 vf_loss=14.4025 entropy=34.6704 kl=0.1734
[Iter 245/488] steps=501760 reward=-112.35 pi_loss=-0.1487 vf_loss=18.6261 entropy=34.4499 kl=0.1308
  [Eval] mean_return=-24.11 std_return=104.34
[Iter 246/488] steps=503808 reward=-28.77 pi_loss=-0.1440 vf_loss=13.4115 entropy=34.8456 kl=0.2065
[Iter 247/488] steps=505856 reward=-96.20 pi_loss=-0.1411 vf_loss=13.0225 entropy=34.7619 kl=0.1846
[Iter 248/488] steps=507904 reward=-42.68 pi_loss=-0.1482 vf_loss=11.7489 entropy=34.6406 kl=0.1757
[Iter 249/488] steps=509952 reward=22.46 pi_loss=-0.1369 vf_loss=17.5178 entropy=34.3998 kl=0.1298
[Iter 250/488] steps=512000 reward=-66.37 pi_loss=-0.1391 vf_loss=11.0631 entropy=35.1389 kl=0.2828
  [Eval] mean_return=2.10 std_return=103.88
[Iter 251/488] steps=514048 reward=-80.28 pi_loss=-0.1416 vf_loss=12.1836 entropy=34.6834 kl=0.1689
[Iter 252/488] steps=516096 reward=-40.32 pi_loss=-0.1424 vf_loss=12.3925 entropy=34.7831 kl=0.1787
[Iter 253/488] steps=518144 reward=21.20 pi_loss=-0.1408 vf_loss=11.2905 entropy=34.6002 kl=0.1564
[Iter 254/488] steps=520192 reward=-29.38 pi_loss=-0.1216 vf_loss=10.2640 entropy=35.0916 kl=0.2632
  [Eval] mean_return=-57.12 std_return=72.20
[Iter 255/488] steps=522240 reward=-92.17 pi_loss=-0.1568 vf_loss=10.3618 entropy=34.7455 kl=0.1676
[Iter 256/488] steps=524288 reward=32.52 pi_loss=-0.1446 vf_loss=6.7712 entropy=34.8962 kl=0.2789
[Iter 257/488] steps=526336 reward=7.71 pi_loss=-0.1552 vf_loss=9.3125 entropy=34.8491 kl=0.2192
[Iter 258/488] steps=528384 reward=6.41 pi_loss=-0.1248 vf_loss=16.7702 entropy=34.4874 kl=0.0899
[Iter 259/488] steps=530432 reward=-52.39 pi_loss=-0.1419 vf_loss=14.3561 entropy=34.4044 kl=0.1011
  [Eval] mean_return=-18.10 std_return=61.84
[Iter 260/488] steps=532480 reward=-179.23 pi_loss=-0.1422 vf_loss=11.3126 entropy=34.5403 kl=0.1207
[Iter 261/488] steps=534528 reward=-100.51 pi_loss=-0.1337 vf_loss=15.2417 entropy=34.5290 kl=0.1227
[Iter 262/488] steps=536576 reward=16.07 pi_loss=-0.1313 vf_loss=10.5900 entropy=34.9089 kl=0.2636
[Iter 263/488] steps=538624 reward=-72.76 pi_loss=-0.1325 vf_loss=13.3666 entropy=34.5521 kl=0.1597
[Iter 264/488] steps=540672 reward=-24.85 pi_loss=-0.1391 vf_loss=15.0782 entropy=34.5772 kl=0.1465
  [Eval] mean_return=-11.53 std_return=78.33
[Iter 265/488] steps=542720 reward=-99.51 pi_loss=-0.1415 vf_loss=14.8079 entropy=34.6101 kl=0.1375
[Iter 266/488] steps=544768 reward=38.01 pi_loss=-0.1313 vf_loss=9.2505 entropy=34.8888 kl=0.2474
[Iter 267/488] steps=546816 reward=0.37 pi_loss=-0.1407 vf_loss=11.1514 entropy=34.7076 kl=0.1700
[Iter 268/488] steps=548864 reward=44.26 pi_loss=-0.1350 vf_loss=17.3603 entropy=34.6269 kl=0.1326
[Iter 269/488] steps=550912 reward=-183.80 pi_loss=-0.1524 vf_loss=10.7033 entropy=34.8731 kl=0.1691
  [Eval] mean_return=-24.88 std_return=91.08
[Iter 270/488] steps=552960 reward=-10.34 pi_loss=-0.1461 vf_loss=10.7368 entropy=34.7830 kl=0.1851
[Iter 271/488] steps=555008 reward=-33.18 pi_loss=-0.1344 vf_loss=14.8939 entropy=34.4632 kl=0.1191
[Iter 272/488] steps=557056 reward=-74.29 pi_loss=-0.1445 vf_loss=18.2435 entropy=34.4484 kl=0.1130
[Iter 273/488] steps=559104 reward=-60.29 pi_loss=-0.1464 vf_loss=12.4540 entropy=34.5691 kl=0.1553
[Iter 274/488] steps=561152 reward=62.48 pi_loss=-0.1400 vf_loss=9.1800 entropy=34.9218 kl=0.2278
  [Eval] mean_return=85.74 std_return=47.02
[Iter 275/488] steps=563200 reward=-4.36 pi_loss=-0.1348 vf_loss=15.6613 entropy=34.4784 kl=0.1258
[Iter 276/488] steps=565248 reward=157.53 pi_loss=-0.1313 vf_loss=10.6245 entropy=35.2746 kl=0.2790
[Iter 277/488] steps=567296 reward=47.90 pi_loss=-0.1289 vf_loss=14.1933 entropy=34.5635 kl=0.1428
[Iter 278/488] steps=569344 reward=38.42 pi_loss=-0.1459 vf_loss=11.5896 entropy=34.8355 kl=0.1939
[Iter 279/488] steps=571392 reward=18.25 pi_loss=-0.1396 vf_loss=14.0254 entropy=34.7319 kl=0.1400
  [Eval] mean_return=58.57 std_return=33.52
[Iter 280/488] steps=573440 reward=-95.51 pi_loss=-0.1330 vf_loss=21.1087 entropy=34.4025 kl=0.1061
[Iter 281/488] steps=575488 reward=32.51 pi_loss=-0.1369 vf_loss=12.3828 entropy=34.8275 kl=0.2217
[Iter 282/488] steps=577536 reward=71.65 pi_loss=-0.1378 vf_loss=11.9669 entropy=34.8719 kl=0.2013
[Iter 283/488] steps=579584 reward=93.40 pi_loss=-0.1314 vf_loss=12.2115 entropy=34.6689 kl=0.1590
[Iter 284/488] steps=581632 reward=107.85 pi_loss=-0.1428 vf_loss=10.4082 entropy=34.8227 kl=0.1878
  [Eval] mean_return=34.10 std_return=89.11
[Iter 285/488] steps=583680 reward=90.97 pi_loss=-0.1465 vf_loss=12.1711 entropy=34.6863 kl=0.1846
[Iter 286/488] steps=585728 reward=139.07 pi_loss=-0.1504 vf_loss=11.5088 entropy=34.6209 kl=0.1524
[Iter 287/488] steps=587776 reward=-41.75 pi_loss=-0.1389 vf_loss=12.7481 entropy=34.6816 kl=0.1778
[Iter 288/488] steps=589824 reward=-76.35 pi_loss=-0.1482 vf_loss=16.4988 entropy=34.3821 kl=0.1104
[Iter 289/488] steps=591872 reward=90.04 pi_loss=-0.1448 vf_loss=14.8099 entropy=34.5549 kl=0.1557
  [Eval] mean_return=71.69 std_return=50.29
[Iter 290/488] steps=593920 reward=7.04 pi_loss=-0.1471 vf_loss=14.7433 entropy=34.6470 kl=0.1521
[Iter 291/488] steps=595968 reward=33.69 pi_loss=-0.1507 vf_loss=13.8942 entropy=34.6005 kl=0.1536
[Iter 292/488] steps=598016 reward=22.25 pi_loss=-0.1532 vf_loss=12.1335 entropy=34.7194 kl=0.1780
[Iter 293/488] steps=600064 reward=60.81 pi_loss=-0.1404 vf_loss=9.6488 entropy=34.6611 kl=0.1945
  [Eval] mean_return=72.51 std_return=88.25
[Iter 294/488] steps=602112 reward=-14.33 pi_loss=-0.1395 vf_loss=17.1975 entropy=34.4877 kl=0.1049
[Iter 295/488] steps=604160 reward=-46.02 pi_loss=-0.1493 vf_loss=13.1314 entropy=34.5693 kl=0.1373
[Iter 296/488] steps=606208 reward=38.35 pi_loss=-0.1442 vf_loss=14.2035 entropy=34.5053 kl=0.1407
[Iter 297/488] steps=608256 reward=56.04 pi_loss=-0.1435 vf_loss=10.4049 entropy=34.7059 kl=0.1827
[Iter 298/488] steps=610304 reward=44.45 pi_loss=-0.1485 vf_loss=10.7271 entropy=34.6320 kl=0.1709
  [Eval] mean_return=-8.97 std_return=65.64
[Iter 299/488] steps=612352 reward=-91.54 pi_loss=-0.1467 vf_loss=12.1882 entropy=34.6825 kl=0.1531
[Iter 300/488] steps=614400 reward=62.45 pi_loss=-0.1493 vf_loss=10.8153 entropy=34.7098 kl=0.1737
[Iter 301/488] steps=616448 reward=73.66 pi_loss=-0.1525 vf_loss=10.2543 entropy=34.8277 kl=0.1535
[Iter 302/488] steps=618496 reward=34.43 pi_loss=-0.1498 vf_loss=13.8585 entropy=34.7847 kl=0.1761
[Iter 303/488] steps=620544 reward=-13.74 pi_loss=-0.1376 vf_loss=18.1694 entropy=34.5968 kl=0.0993
  [Eval] mean_return=40.57 std_return=71.75
[Iter 304/488] steps=622592 reward=-46.60 pi_loss=-0.1417 vf_loss=10.5120 entropy=34.8983 kl=0.2198
[Iter 305/488] steps=624640 reward=36.95 pi_loss=-0.1444 vf_loss=20.1295 entropy=34.4360 kl=0.0930
[Iter 306/488] steps=626688 reward=-158.05 pi_loss=-0.1333 vf_loss=18.3515 entropy=34.4760 kl=0.1018
[Iter 307/488] steps=628736 reward=-66.96 pi_loss=-0.1491 vf_loss=10.5758 entropy=34.7062 kl=0.1804
[Iter 308/488] steps=630784 reward=46.76 pi_loss=-0.1423 vf_loss=9.6851 entropy=34.6543 kl=0.1705
  [Eval] mean_return=-5.20 std_return=90.41
[Iter 309/488] steps=632832 reward=-157.99 pi_loss=-0.1512 vf_loss=17.2200 entropy=34.4526 kl=0.1273
[Iter 310/488] steps=634880 reward=-97.98 pi_loss=-0.1330 vf_loss=19.3312 entropy=34.4731 kl=0.1102
[Iter 311/488] steps=636928 reward=100.13 pi_loss=-0.1272 vf_loss=12.5653 entropy=34.5373 kl=0.1658
[Iter 312/488] steps=638976 reward=24.59 pi_loss=-0.1322 vf_loss=21.0144 entropy=34.6192 kl=0.1251
[Iter 313/488] steps=641024 reward=-153.13 pi_loss=-0.1462 vf_loss=19.1747 entropy=34.4620 kl=0.1044
  [Eval] mean_return=-17.57 std_return=113.64
[Iter 314/488] steps=643072 reward=-28.90 pi_loss=-0.1563 vf_loss=12.3381 entropy=34.7056 kl=0.1906
[Iter 315/488] steps=645120 reward=-21.40 pi_loss=-0.1386 vf_loss=12.0847 entropy=34.6813 kl=0.1927
[Iter 316/488] steps=647168 reward=-13.15 pi_loss=-0.1425 vf_loss=12.6348 entropy=34.5012 kl=0.1409
[Iter 317/488] steps=649216 reward=21.27 pi_loss=-0.1511 vf_loss=8.9831 entropy=35.0632 kl=0.2259
[Iter 318/488] steps=651264 reward=-41.53 pi_loss=-0.1424 vf_loss=13.5556 entropy=34.4653 kl=0.1247
  [Eval] mean_return=-20.14 std_return=116.59
[Iter 319/488] steps=653312 reward=-49.68 pi_loss=-0.1386 vf_loss=20.9671 entropy=34.5307 kl=0.0876
[Iter 320/488] steps=655360 reward=-90.86 pi_loss=-0.1324 vf_loss=13.8336 entropy=34.7147 kl=0.1631
[Iter 321/488] steps=657408 reward=5.80 pi_loss=-0.1453 vf_loss=16.1844 entropy=34.4561 kl=0.1289
[Iter 322/488] steps=659456 reward=-173.59 pi_loss=-0.1455 vf_loss=17.9073 entropy=34.5833 kl=0.1167
[Iter 323/488] steps=661504 reward=-69.87 pi_loss=-0.1494 vf_loss=14.8396 entropy=34.5846 kl=0.1334
  [Eval] mean_return=-50.26 std_return=82.75
[Iter 324/488] steps=663552 reward=47.79 pi_loss=-0.1252 vf_loss=10.2328 entropy=35.0935 kl=0.2553
[Iter 325/488] steps=665600 reward=89.80 pi_loss=-0.1506 vf_loss=11.3101 entropy=34.5405 kl=0.1742
[Iter 326/488] steps=667648 reward=-90.77 pi_loss=-0.1418 vf_loss=15.5012 entropy=34.5418 kl=0.1286
[Iter 327/488] steps=669696 reward=-9.49 pi_loss=-0.1507 vf_loss=9.7562 entropy=34.7422 kl=0.2097
[Iter 328/488] steps=671744 reward=31.13 pi_loss=-0.1433 vf_loss=9.7701 entropy=34.6882 kl=0.1449
  [Eval] mean_return=-23.11 std_return=88.99
[Iter 329/488] steps=673792 reward=0.05 pi_loss=-0.1321 vf_loss=9.1637 entropy=34.8536 kl=0.1874
[Iter 330/488] steps=675840 reward=-62.88 pi_loss=-0.1315 vf_loss=19.6996 entropy=34.4615 kl=0.1111
[Iter 331/488] steps=677888 reward=-114.62 pi_loss=-0.1412 vf_loss=13.5995 entropy=34.4461 kl=0.1284
[Iter 332/488] steps=679936 reward=79.68 pi_loss=-0.1496 vf_loss=12.6957 entropy=34.5034 kl=0.1228
[Iter 333/488] steps=681984 reward=62.30 pi_loss=-0.1476 vf_loss=10.2811 entropy=34.7919 kl=0.2078
  [Eval] mean_return=6.33 std_return=81.08
[Iter 334/488] steps=684032 reward=5.15 pi_loss=-0.1489 vf_loss=12.4735 entropy=34.4570 kl=0.1262
[Iter 335/488] steps=686080 reward=23.66 pi_loss=-0.1429 vf_loss=8.9598 entropy=34.7653 kl=0.1684
[Iter 336/488] steps=688128 reward=-83.07 pi_loss=-0.1329 vf_loss=28.6821 entropy=34.3891 kl=0.0627
[Iter 337/488] steps=690176 reward=-38.44 pi_loss=-0.1532 vf_loss=15.0184 entropy=34.3653 kl=0.1146
  [Eval] mean_return=52.37 std_return=89.16
[Iter 338/488] steps=692224 reward=57.53 pi_loss=-0.1443 vf_loss=12.6884 entropy=34.5434 kl=0.1341
[Iter 339/488] steps=694272 reward=45.48 pi_loss=-0.1381 vf_loss=16.6312 entropy=34.3276 kl=0.0943
[Iter 340/488] steps=696320 reward=-55.06 pi_loss=-0.1368 vf_loss=13.3428 entropy=34.6000 kl=0.1428
[Iter 341/488] steps=698368 reward=39.14 pi_loss=-0.1348 vf_loss=21.3102 entropy=34.3442 kl=0.0743
[Iter 342/488] steps=700416 reward=13.36 pi_loss=-0.1459 vf_loss=12.0258 entropy=34.6907 kl=0.1719
  [Eval] mean_return=26.81 std_return=72.58
[Iter 343/488] steps=702464 reward=58.41 pi_loss=-0.1430 vf_loss=11.7028 entropy=34.6806 kl=0.1666
[Iter 344/488] steps=704512 reward=-160.66 pi_loss=-0.1344 vf_loss=30.3009 entropy=34.3314 kl=0.0711
[Iter 345/488] steps=706560 reward=-196.46 pi_loss=-0.1269 vf_loss=30.5145 entropy=34.2437 kl=0.0660
[Iter 346/488] steps=708608 reward=86.74 pi_loss=-0.1349 vf_loss=12.6242 entropy=34.9062 kl=0.1892
[Iter 347/488] steps=710656 reward=28.13 pi_loss=-0.1506 vf_loss=12.7536 entropy=34.5390 kl=0.1279
  [Eval] mean_return=4.66 std_return=91.53
[Iter 348/488] steps=712704 reward=-33.78 pi_loss=-0.1432 vf_loss=9.8234 entropy=34.5565 kl=0.1534
[Iter 349/488] steps=714752 reward=-7.11 pi_loss=-0.1388 vf_loss=11.7743 entropy=34.6619 kl=0.1332
[Iter 350/488] steps=716800 reward=-70.39 pi_loss=-0.1271 vf_loss=15.8456 entropy=34.3707 kl=0.0941
[Iter 351/488] steps=718848 reward=67.02 pi_loss=-0.1583 vf_loss=11.7857 entropy=34.4863 kl=0.1340
[Iter 352/488] steps=720896 reward=-23.07 pi_loss=-0.1493 vf_loss=12.8695 entropy=34.4903 kl=0.1230
  [Eval] mean_return=-12.75 std_return=98.40
[Iter 353/488] steps=722944 reward=24.48 pi_loss=-0.1430 vf_loss=18.8889 entropy=34.4054 kl=0.0937
[Iter 354/488] steps=724992 reward=-85.48 pi_loss=-0.1428 vf_loss=15.9235 entropy=34.5535 kl=0.0995
[Iter 355/488] steps=727040 reward=-25.52 pi_loss=-0.1346 vf_loss=17.7001 entropy=34.3577 kl=0.0888
[Iter 356/488] steps=729088 reward=9.68 pi_loss=-0.1413 vf_loss=16.9246 entropy=34.5348 kl=0.1169
[Iter 357/488] steps=731136 reward=23.88 pi_loss=-0.1417 vf_loss=15.0594 entropy=34.5427 kl=0.1189
  [Eval] mean_return=-1.83 std_return=80.60
[Iter 358/488] steps=733184 reward=61.36 pi_loss=-0.1420 vf_loss=13.5323 entropy=34.4620 kl=0.1274
[Iter 359/488] steps=735232 reward=-6.18 pi_loss=-0.1350 vf_loss=20.4091 entropy=34.2248 kl=0.0757
[Iter 360/488] steps=737280 reward=79.43 pi_loss=-0.1359 vf_loss=14.4157 entropy=34.5776 kl=0.1321
[Iter 361/488] steps=739328 reward=68.27 pi_loss=-0.1405 vf_loss=13.3504 entropy=34.5228 kl=0.1300
[Iter 362/488] steps=741376 reward=-61.25 pi_loss=-0.1442 vf_loss=25.1335 entropy=34.4007 kl=0.0852
  [Eval] mean_return=-21.22 std_return=105.64
[Iter 363/488] steps=743424 reward=-127.58 pi_loss=-0.1458 vf_loss=17.0450 entropy=34.3096 kl=0.1001
[Iter 364/488] steps=745472 reward=-6.73 pi_loss=-0.1429 vf_loss=15.4227 entropy=34.3753 kl=0.1209
[Iter 365/488] steps=747520 reward=7.24 pi_loss=-0.1441 vf_loss=17.9117 entropy=34.4721 kl=0.1110
[Iter 366/488] steps=749568 reward=-80.87 pi_loss=-0.1301 vf_loss=20.4045 entropy=34.5110 kl=0.0824
[Iter 367/488] steps=751616 reward=-95.89 pi_loss=-0.1392 vf_loss=14.7776 entropy=34.6150 kl=0.1449
  [Eval] mean_return=25.17 std_return=94.70
[Iter 368/488] steps=753664 reward=-27.10 pi_loss=-0.1486 vf_loss=14.1940 entropy=34.5175 kl=0.1250
[Iter 369/488] steps=755712 reward=27.89 pi_loss=-0.1370 vf_loss=11.4677 entropy=34.5710 kl=0.1284
[Iter 370/488] steps=757760 reward=-79.15 pi_loss=-0.1339 vf_loss=14.3038 entropy=34.4042 kl=0.1034
[Iter 371/488] steps=759808 reward=73.50 pi_loss=-0.1407 vf_loss=12.6722 entropy=34.4768 kl=0.1212
[Iter 372/488] steps=761856 reward=2.14 pi_loss=-0.1500 vf_loss=11.3016 entropy=34.7051 kl=0.1613
  [Eval] mean_return=-1.46 std_return=114.82
[Iter 373/488] steps=763904 reward=-44.20 pi_loss=-0.1432 vf_loss=12.1485 entropy=34.4900 kl=0.1186
[Iter 374/488] steps=765952 reward=147.38 pi_loss=-0.1433 vf_loss=17.1745 entropy=34.6461 kl=0.1332
[Iter 375/488] steps=768000 reward=-68.24 pi_loss=-0.1294 vf_loss=16.1673 entropy=34.3925 kl=0.0827
[Iter 376/488] steps=770048 reward=-36.60 pi_loss=-0.1397 vf_loss=14.7154 entropy=34.4700 kl=0.1020
  [Eval] mean_return=-22.20 std_return=78.63
[Iter 377/488] steps=772096 reward=-88.32 pi_loss=-0.1278 vf_loss=18.1103 entropy=34.3674 kl=0.0763
[Iter 378/488] steps=774144 reward=-59.71 pi_loss=-0.1454 vf_loss=16.7466 entropy=34.4331 kl=0.1019
[Iter 379/488] steps=776192 reward=7.09 pi_loss=-0.1311 vf_loss=19.2924 entropy=34.2715 kl=0.0826
[Iter 380/488] steps=778240 reward=-5.62 pi_loss=-0.1376 vf_loss=11.7477 entropy=34.4610 kl=0.1092
[Iter 381/488] steps=780288 reward=-142.76 pi_loss=-0.1323 vf_loss=19.0011 entropy=34.4236 kl=0.0747
  [Eval] mean_return=-47.58 std_return=96.51
[Iter 382/488] steps=782336 reward=-61.73 pi_loss=-0.1275 vf_loss=16.1022 entropy=34.3607 kl=0.0848
[Iter 383/488] steps=784384 reward=35.69 pi_loss=-0.1304 vf_loss=14.3567 entropy=34.4233 kl=0.1080
[Iter 384/488] steps=786432 reward=-119.96 pi_loss=-0.1263 vf_loss=13.5599 entropy=34.4795 kl=0.1297
[Iter 385/488] steps=788480 reward=-49.44 pi_loss=-0.1283 vf_loss=17.4663 entropy=34.2764 kl=0.0737
[Iter 386/488] steps=790528 reward=38.64 pi_loss=-0.1268 vf_loss=20.8504 entropy=34.3910 kl=0.0725
  [Eval] mean_return=-35.23 std_return=85.02
[Iter 387/488] steps=792576 reward=-50.84 pi_loss=-0.1329 vf_loss=20.3705 entropy=34.1511 kl=0.0761
[Iter 388/488] steps=794624 reward=-53.28 pi_loss=-0.1328 vf_loss=20.1733 entropy=34.3566 kl=0.0830
[Iter 389/488] steps=796672 reward=-71.32 pi_loss=-0.1261 vf_loss=13.9080 entropy=34.5104 kl=0.1303
[Iter 390/488] steps=798720 reward=71.68 pi_loss=-0.1240 vf_loss=21.9718 entropy=34.3168 kl=0.0756
[Iter 391/488] steps=800768 reward=-34.19 pi_loss=-0.1345 vf_loss=19.0605 entropy=34.2868 kl=0.0888
  [Eval] mean_return=-32.84 std_return=106.24
[Iter 392/488] steps=802816 reward=-83.90 pi_loss=-0.1265 vf_loss=21.7496 entropy=34.3090 kl=0.0729
[Iter 393/488] steps=804864 reward=-146.31 pi_loss=-0.1339 vf_loss=28.0037 entropy=34.2251 kl=0.0750
[Iter 394/488] steps=806912 reward=-17.37 pi_loss=-0.1233 vf_loss=28.6571 entropy=34.2416 kl=0.0654
[Iter 395/488] steps=808960 reward=-78.45 pi_loss=-0.1310 vf_loss=17.0718 entropy=34.5502 kl=0.1259
[Iter 396/488] steps=811008 reward=6.30 pi_loss=-0.1327 vf_loss=23.0169 entropy=34.2311 kl=0.0733
  [Eval] mean_return=8.23 std_return=66.75
[Iter 397/488] steps=813056 reward=-116.76 pi_loss=-0.1337 vf_loss=24.6658 entropy=34.3397 kl=0.0814
[Iter 398/488] steps=815104 reward=-31.45 pi_loss=-0.1412 vf_loss=14.4917 entropy=34.4299 kl=0.1022
[Iter 399/488] steps=817152 reward=2.07 pi_loss=-0.1392 vf_loss=16.6349 entropy=34.4532 kl=0.0910
[Iter 400/488] steps=819200 reward=32.83 pi_loss=-0.1292 vf_loss=10.5084 entropy=34.5309 kl=0.1563
[Iter 401/488] steps=821248 reward=52.19 pi_loss=-0.1460 vf_loss=12.6181 entropy=34.3074 kl=0.1073
  [Eval] mean_return=12.29 std_return=94.96
[Iter 402/488] steps=823296 reward=-8.92 pi_loss=-0.1500 vf_loss=14.0925 entropy=34.2689 kl=0.0933
[Iter 403/488] steps=825344 reward=-34.07 pi_loss=-0.1312 vf_loss=16.7810 entropy=34.2432 kl=0.0589
[Iter 404/488] steps=827392 reward=-34.31 pi_loss=-0.1443 vf_loss=12.8750 entropy=34.3256 kl=0.0919
[Iter 405/488] steps=829440 reward=23.41 pi_loss=-0.1318 vf_loss=13.3037 entropy=34.2277 kl=0.0650
[Iter 406/488] steps=831488 reward=-51.18 pi_loss=-0.1156 vf_loss=17.1610 entropy=34.2501 kl=0.0657
  [Eval] mean_return=-21.57 std_return=84.83
[Iter 407/488] steps=833536 reward=-35.77 pi_loss=-0.1411 vf_loss=10.8561 entropy=34.5032 kl=0.1113
[Iter 408/488] steps=835584 reward=22.89 pi_loss=-0.1361 vf_loss=15.5676 entropy=34.5228 kl=0.0864
[Iter 409/488] steps=837632 reward=-21.59 pi_loss=-0.1534 vf_loss=10.9213 entropy=34.4705 kl=0.1124
[Iter 410/488] steps=839680 reward=2.32 pi_loss=-0.1213 vf_loss=20.3299 entropy=34.3877 kl=0.0521
[Iter 411/488] steps=841728 reward=-120.60 pi_loss=-0.1142 vf_loss=24.6267 entropy=34.2331 kl=0.0468
  [Eval] mean_return=-34.94 std_return=189.48
[Iter 412/488] steps=843776 reward=-32.99 pi_loss=-0.1258 vf_loss=19.8436 entropy=34.4462 kl=0.0611
[Iter 413/488] steps=845824 reward=-27.64 pi_loss=-0.1338 vf_loss=20.3142 entropy=34.4253 kl=0.0653
[Iter 414/488] steps=847872 reward=-118.69 pi_loss=-0.1457 vf_loss=13.0146 entropy=34.4723 kl=0.1166
[Iter 415/488] steps=849920 reward=100.86 pi_loss=-0.1345 vf_loss=14.9428 entropy=34.2920 kl=0.0706
[Iter 416/488] steps=851968 reward=-18.48 pi_loss=-0.1238 vf_loss=20.5279 entropy=34.2126 kl=0.0549
  [Eval] mean_return=2.25 std_return=99.34
[Iter 417/488] steps=854016 reward=-57.69 pi_loss=-0.1371 vf_loss=14.6207 entropy=34.2684 kl=0.0688
[Iter 418/488] steps=856064 reward=-57.30 pi_loss=-0.1330 vf_loss=15.3987 entropy=34.1877 kl=0.0582
[Iter 419/488] steps=858112 reward=-18.74 pi_loss=-0.1229 vf_loss=17.9679 entropy=34.4726 kl=0.0556
[Iter 420/488] steps=860160 reward=-39.88 pi_loss=-0.1285 vf_loss=19.7193 entropy=34.0803 kl=0.0661
  [Eval] mean_return=6.83 std_return=92.07
[Iter 421/488] steps=862208 reward=42.25 pi_loss=-0.1282 vf_loss=14.3529 entropy=34.3065 kl=0.0804
[Iter 422/488] steps=864256 reward=-47.85 pi_loss=-0.1220 vf_loss=19.0588 entropy=34.2196 kl=0.0566
[Iter 423/488] steps=866304 reward=-75.27 pi_loss=-0.1303 vf_loss=17.8456 entropy=34.3107 kl=0.0648
[Iter 424/488] steps=868352 reward=-8.47 pi_loss=-0.1211 vf_loss=18.9732 entropy=34.3106 kl=0.0577
[Iter 425/488] steps=870400 reward=42.75 pi_loss=-0.1392 vf_loss=13.9008 entropy=34.3257 kl=0.0795
  [Eval] mean_return=-3.25 std_return=136.06
[Iter 426/488] steps=872448 reward=94.01 pi_loss=-0.1330 vf_loss=13.0316 entropy=34.2138 kl=0.0655
[Iter 427/488] steps=874496 reward=45.19 pi_loss=-0.1327 vf_loss=13.7948 entropy=34.4184 kl=0.0839
[Iter 428/488] steps=876544 reward=50.97 pi_loss=-0.1352 vf_loss=13.2647 entropy=34.2977 kl=0.0720
[Iter 429/488] steps=878592 reward=57.69 pi_loss=-0.1341 vf_loss=14.3965 entropy=34.2522 kl=0.0665
[Iter 430/488] steps=880640 reward=47.41 pi_loss=-0.1327 vf_loss=15.1749 entropy=34.2860 kl=0.0662
  [Eval] mean_return=49.31 std_return=85.82
[Iter 431/488] steps=882688 reward=17.73 pi_loss=-0.1403 vf_loss=13.7810 entropy=34.1996 kl=0.0684
[Iter 432/488] steps=884736 reward=72.76 pi_loss=-0.1262 vf_loss=13.6653 entropy=34.2025 kl=0.0509
[Iter 433/488] steps=886784 reward=-15.81 pi_loss=-0.1239 vf_loss=11.6314 entropy=34.3593 kl=0.0619
[Iter 434/488] steps=888832 reward=103.23 pi_loss=-0.1281 vf_loss=12.4599 entropy=34.3015 kl=0.0556
[Iter 435/488] steps=890880 reward=-26.47 pi_loss=-0.1257 vf_loss=17.5534 entropy=34.3504 kl=0.0611
  [Eval] mean_return=46.59 std_return=138.96
[Iter 436/488] steps=892928 reward=151.57 pi_loss=-0.1302 vf_loss=11.4637 entropy=34.2578 kl=0.0576
[Iter 437/488] steps=894976 reward=85.96 pi_loss=-0.1051 vf_loss=17.3467 entropy=34.2594 kl=0.0416
[Iter 438/488] steps=897024 reward=5.46 pi_loss=-0.1136 vf_loss=13.1603 entropy=34.1168 kl=0.0446
[Iter 439/488] steps=899072 reward=-106.41 pi_loss=-0.1111 vf_loss=18.1828 entropy=34.2294 kl=0.0404
[Iter 440/488] steps=901120 reward=69.01 pi_loss=-0.1130 vf_loss=17.4781 entropy=34.2780 kl=0.0484
  [Eval] mean_return=24.51 std_return=129.36
[Iter 441/488] steps=903168 reward=58.27 pi_loss=-0.1300 vf_loss=13.6666 entropy=34.3422 kl=0.0572
[Iter 442/488] steps=905216 reward=-81.27 pi_loss=-0.0960 vf_loss=26.8941 entropy=34.2027 kl=0.0315
[Iter 443/488] steps=907264 reward=-5.25 pi_loss=-0.1136 vf_loss=20.5655 entropy=34.1036 kl=0.0392
[Iter 444/488] steps=909312 reward=17.28 pi_loss=-0.1238 vf_loss=13.9094 entropy=34.3580 kl=0.0536
[Iter 445/488] steps=911360 reward=69.30 pi_loss=-0.1167 vf_loss=19.7320 entropy=34.2583 kl=0.0453
  [Eval] mean_return=37.12 std_return=61.74
[Iter 446/488] steps=913408 reward=77.44 pi_loss=-0.1067 vf_loss=19.5349 entropy=34.1260 kl=0.0373
[Iter 447/488] steps=915456 reward=44.62 pi_loss=-0.1173 vf_loss=15.6318 entropy=34.1580 kl=0.0467
[Iter 448/488] steps=917504 reward=-27.39 pi_loss=-0.1112 vf_loss=23.7578 entropy=34.2776 kl=0.0409
[Iter 449/488] steps=919552 reward=-28.09 pi_loss=-0.1107 vf_loss=17.1817 entropy=34.3241 kl=0.0449
[Iter 450/488] steps=921600 reward=71.73 pi_loss=-0.1257 vf_loss=13.4396 entropy=34.2620 kl=0.0517
  [Eval] mean_return=72.15 std_return=84.99
[Iter 451/488] steps=923648 reward=-46.92 pi_loss=-0.1093 vf_loss=15.2656 entropy=34.2222 kl=0.0415
[Iter 452/488] steps=925696 reward=177.51 pi_loss=-0.1001 vf_loss=20.9923 entropy=34.2024 kl=0.0313
[Iter 453/488] steps=927744 reward=4.10 pi_loss=-0.1188 vf_loss=12.5310 entropy=34.1870 kl=0.0510
[Iter 454/488] steps=929792 reward=-42.41 pi_loss=-0.0988 vf_loss=21.7031 entropy=34.2229 kl=0.0319
[Iter 455/488] steps=931840 reward=64.23 pi_loss=-0.1098 vf_loss=15.8054 entropy=34.2931 kl=0.0486
  [Eval] mean_return=68.75 std_return=95.52
[Iter 456/488] steps=933888 reward=50.50 pi_loss=-0.1021 vf_loss=17.1378 entropy=34.1100 kl=0.0352
[Iter 457/488] steps=935936 reward=-48.65 pi_loss=-0.0986 vf_loss=17.7263 entropy=34.0961 kl=0.0332
[Iter 458/488] steps=937984 reward=58.96 pi_loss=-0.1051 vf_loss=14.2570 entropy=34.1554 kl=0.0349
[Iter 459/488] steps=940032 reward=49.05 pi_loss=-0.1051 vf_loss=14.1092 entropy=34.1261 kl=0.0337
  [Eval] mean_return=60.74 std_return=65.60
[Iter 460/488] steps=942080 reward=-31.56 pi_loss=-0.0825 vf_loss=24.3723 entropy=34.2152 kl=0.0257
[Iter 461/488] steps=944128 reward=140.57 pi_loss=-0.1035 vf_loss=17.5789 entropy=34.0659 kl=0.0328
[Iter 462/488] steps=946176 reward=58.30 pi_loss=-0.1018 vf_loss=14.5332 entropy=34.2430 kl=0.0314
[Iter 463/488] steps=948224 reward=96.63 pi_loss=-0.0934 vf_loss=19.9022 entropy=34.1381 kl=0.0316
[Iter 464/488] steps=950272 reward=110.67 pi_loss=-0.0928 vf_loss=20.2027 entropy=34.1925 kl=0.0297
  [Eval] mean_return=71.01 std_return=64.42
[Iter 465/488] steps=952320 reward=46.01 pi_loss=-0.0927 vf_loss=18.4836 entropy=34.1670 kl=0.0254
[Iter 466/488] steps=954368 reward=-11.03 pi_loss=-0.0875 vf_loss=18.3090 entropy=33.9009 kl=0.0220
[Iter 467/488] steps=956416 reward=91.61 pi_loss=-0.1016 vf_loss=17.7505 entropy=34.1322 kl=0.0360
[Iter 468/488] steps=958464 reward=58.58 pi_loss=-0.0854 vf_loss=16.5384 entropy=34.2106 kl=0.0256
[Iter 469/488] steps=960512 reward=-16.83 pi_loss=-0.0758 vf_loss=21.1766 entropy=34.1755 kl=0.0205
  [Eval] mean_return=93.23 std_return=68.15
[Iter 470/488] steps=962560 reward=-71.84 pi_loss=-0.0763 vf_loss=19.7924 entropy=33.9866 kl=0.0208
[Iter 471/488] steps=964608 reward=41.95 pi_loss=-0.0714 vf_loss=23.3544 entropy=34.0565 kl=0.0194
[Iter 472/488] steps=966656 reward=-19.50 pi_loss=-0.0715 vf_loss=25.7889 entropy=34.2345 kl=0.0191
[Iter 473/488] steps=968704 reward=-176.87 pi_loss=-0.0915 vf_loss=11.5512 entropy=34.1473 kl=0.0285
[Iter 474/488] steps=970752 reward=161.71 pi_loss=-0.0787 vf_loss=14.8091 entropy=34.1182 kl=0.0208
  [Eval] mean_return=73.54 std_return=61.73
[Iter 475/488] steps=972800 reward=76.92 pi_loss=-0.0738 vf_loss=16.8486 entropy=34.1318 kl=0.0183
[Iter 476/488] steps=974848 reward=38.82 pi_loss=-0.0620 vf_loss=19.1591 entropy=34.0909 kl=0.0142
[Iter 477/488] steps=976896 reward=25.70 pi_loss=-0.0641 vf_loss=15.5675 entropy=34.1397 kl=0.0161
[Iter 478/488] steps=978944 reward=62.98 pi_loss=-0.0699 vf_loss=14.5999 entropy=34.0383 kl=0.0186
[Iter 479/488] steps=980992 reward=79.07 pi_loss=-0.0690 vf_loss=14.1864 entropy=34.1561 kl=0.0190
  [Eval] mean_return=59.03 std_return=84.52
[Iter 480/488] steps=983040 reward=104.28 pi_loss=-0.0632 vf_loss=13.0600 entropy=34.0819 kl=0.0161
[Iter 481/488] steps=985088 reward=23.80 pi_loss=-0.0442 vf_loss=21.6994 entropy=34.1468 kl=0.0095
[Iter 482/488] steps=987136 reward=-78.20 pi_loss=-0.0384 vf_loss=32.5204 entropy=34.1498 kl=0.0066
[Iter 483/488] steps=989184 reward=62.55 pi_loss=-0.0497 vf_loss=16.8484 entropy=34.2023 kl=0.0112
[Iter 484/488] steps=991232 reward=30.33 pi_loss=-0.0493 vf_loss=14.4357 entropy=34.0660 kl=0.0112
  [Eval] mean_return=73.67 std_return=100.37
[Iter 485/488] steps=993280 reward=49.63 pi_loss=-0.0316 vf_loss=18.0246 entropy=33.9581 kl=0.0071
[Iter 486/488] steps=995328 reward=75.01 pi_loss=-0.0203 vf_loss=20.6002 entropy=34.1662 kl=0.0030
[Iter 487/488] steps=997376 reward=58.37 pi_loss=-0.0157 vf_loss=21.5468 entropy=34.1003 kl=0.0021
[Iter 488/488] steps=999424 reward=-17.22 pi_loss=-0.0102 vf_loss=17.8075 entropy=34.0400 kl=0.0006
Training complete. Logs saved to results/8hr/K4_learned_clip2x/seed_42
