[Iter 1/488] steps=2048 reward=-518.99 pi_loss=-0.0908 vf_loss=14.4247 entropy=136.3952 kl=0.0217
[Iter 2/488] steps=4096 reward=-479.89 pi_loss=-0.1018 vf_loss=19.0142 entropy=136.6605 kl=0.0170
[Iter 3/488] steps=6144 reward=-747.76 pi_loss=-0.0737 vf_loss=51.6059 entropy=136.5128 kl=0.0114
[Iter 4/488] steps=8192 reward=-438.46 pi_loss=-0.1067 vf_loss=12.9716 entropy=136.4055 kl=0.0258
[Iter 5/488] steps=10240 reward=-426.14 pi_loss=-0.0830 vf_loss=13.0532 entropy=136.3459 kl=0.0191
  [Eval] mean_return=-364.07 std_return=107.48
[Iter 6/488] steps=12288 reward=-504.58 pi_loss=-0.0726 vf_loss=19.9451 entropy=136.6556 kl=0.0185
[Iter 7/488] steps=14336 reward=-439.52 pi_loss=-0.0681 vf_loss=13.7893 entropy=136.3465 kl=0.0236
[Iter 8/488] steps=16384 reward=-468.13 pi_loss=-0.0860 vf_loss=24.5208 entropy=136.6741 kl=0.0232
[Iter 9/488] steps=18432 reward=-425.44 pi_loss=-0.0677 vf_loss=32.4323 entropy=136.4089 kl=0.0194
[Iter 10/488] steps=20480 reward=-581.35 pi_loss=-0.0919 vf_loss=31.4967 entropy=136.3692 kl=0.0283
  [Eval] mean_return=-414.36 std_return=54.37
[Iter 11/488] steps=22528 reward=-425.64 pi_loss=-0.0521 vf_loss=16.8173 entropy=136.6261 kl=0.0265
[Iter 12/488] steps=24576 reward=-402.84 pi_loss=-0.0551 vf_loss=11.1390 entropy=136.6756 kl=0.0327
[Iter 13/488] steps=26624 reward=-402.82 pi_loss=-0.0603 vf_loss=10.9873 entropy=136.8431 kl=0.0315
[Iter 14/488] steps=28672 reward=-457.52 pi_loss=-0.0655 vf_loss=16.0258 entropy=136.4436 kl=0.0204
[Iter 15/488] steps=30720 reward=-442.73 pi_loss=-0.0656 vf_loss=14.7059 entropy=136.7602 kl=0.0256
  [Eval] mean_return=-329.67 std_return=111.58
[Iter 16/488] steps=32768 reward=-349.46 pi_loss=-0.0452 vf_loss=17.9822 entropy=136.4008 kl=0.0208
[Iter 17/488] steps=34816 reward=-310.44 pi_loss=-0.0766 vf_loss=11.9920 entropy=136.7839 kl=0.0343
[Iter 18/488] steps=36864 reward=-358.22 pi_loss=-0.0988 vf_loss=13.4965 entropy=136.7483 kl=0.0330
[Iter 19/488] steps=38912 reward=-289.01 pi_loss=-0.0703 vf_loss=11.1573 entropy=136.6312 kl=0.0297
[Iter 20/488] steps=40960 reward=-342.49 pi_loss=-0.0800 vf_loss=13.5987 entropy=136.6479 kl=0.0288
  [Eval] mean_return=-343.17 std_return=149.34
[Iter 21/488] steps=43008 reward=-431.61 pi_loss=-0.0949 vf_loss=36.2606 entropy=136.3288 kl=0.0192
[Iter 22/488] steps=45056 reward=-239.04 pi_loss=-0.0588 vf_loss=11.1026 entropy=136.6399 kl=0.0294
[Iter 23/488] steps=47104 reward=-169.27 pi_loss=-0.0745 vf_loss=11.8284 entropy=136.4455 kl=0.0306
[Iter 24/488] steps=49152 reward=-213.73 pi_loss=-0.0855 vf_loss=15.3361 entropy=136.3725 kl=0.0243
[Iter 25/488] steps=51200 reward=-200.55 pi_loss=-0.0775 vf_loss=12.7660 entropy=136.4984 kl=0.0346
  [Eval] mean_return=-176.37 std_return=191.26
[Iter 26/488] steps=53248 reward=-229.01 pi_loss=-0.0978 vf_loss=18.9737 entropy=136.8136 kl=0.0227
[Iter 27/488] steps=55296 reward=-171.79 pi_loss=-0.0727 vf_loss=18.8421 entropy=136.3584 kl=0.0238
[Iter 28/488] steps=57344 reward=-294.71 pi_loss=-0.0865 vf_loss=31.9432 entropy=136.4226 kl=0.0186
[Iter 29/488] steps=59392 reward=-58.53 pi_loss=-0.0684 vf_loss=16.1720 entropy=136.9308 kl=0.0305
[Iter 30/488] steps=61440 reward=-277.19 pi_loss=-0.0829 vf_loss=26.7038 entropy=136.9668 kl=0.0249
  [Eval] mean_return=-7.90 std_return=65.07
[Iter 31/488] steps=63488 reward=-152.53 pi_loss=-0.1014 vf_loss=30.6316 entropy=136.5560 kl=0.0274
[Iter 32/488] steps=65536 reward=-265.82 pi_loss=-0.0625 vf_loss=20.3720 entropy=136.8830 kl=0.0396
[Iter 33/488] steps=67584 reward=-193.91 pi_loss=-0.0608 vf_loss=14.3530 entropy=137.0471 kl=0.0387
[Iter 34/488] steps=69632 reward=-117.36 pi_loss=-0.0849 vf_loss=26.8137 entropy=136.4905 kl=0.0325
[Iter 35/488] steps=71680 reward=-114.43 pi_loss=-0.0822 vf_loss=14.8789 entropy=136.5007 kl=0.0373
  [Eval] mean_return=-23.74 std_return=66.00
[Iter 36/488] steps=73728 reward=-187.72 pi_loss=-0.0893 vf_loss=12.1753 entropy=136.7834 kl=0.0377
[Iter 37/488] steps=75776 reward=-135.02 pi_loss=-0.0743 vf_loss=12.5574 entropy=136.6398 kl=0.0338
[Iter 38/488] steps=77824 reward=-68.54 pi_loss=-0.0982 vf_loss=18.6667 entropy=136.7485 kl=0.0296
[Iter 39/488] steps=79872 reward=-173.67 pi_loss=-0.0691 vf_loss=10.0118 entropy=136.7579 kl=0.0336
[Iter 40/488] steps=81920 reward=-122.27 pi_loss=-0.0766 vf_loss=9.8601 entropy=136.8829 kl=0.0337
  [Eval] mean_return=-83.12 std_return=75.40
[Iter 41/488] steps=83968 reward=-100.40 pi_loss=-0.0633 vf_loss=13.6919 entropy=136.7615 kl=0.0306
[Iter 42/488] steps=86016 reward=-249.35 pi_loss=-0.0913 vf_loss=17.9073 entropy=136.3213 kl=0.0268
[Iter 43/488] steps=88064 reward=-489.63 pi_loss=-0.0999 vf_loss=35.1857 entropy=136.5743 kl=0.0226
[Iter 44/488] steps=90112 reward=-320.28 pi_loss=-0.0649 vf_loss=15.6957 entropy=136.9645 kl=0.0321
  [Eval] mean_return=-315.79 std_return=85.89
[Iter 45/488] steps=92160 reward=-525.69 pi_loss=-0.0838 vf_loss=23.9772 entropy=136.7714 kl=0.0264
[Iter 46/488] steps=94208 reward=-503.55 pi_loss=-0.0828 vf_loss=20.9298 entropy=136.8278 kl=0.0269
[Iter 47/488] steps=96256 reward=-365.77 pi_loss=-0.0447 vf_loss=13.7293 entropy=136.6941 kl=0.0338
[Iter 48/488] steps=98304 reward=-261.23 pi_loss=-0.0778 vf_loss=23.8322 entropy=136.7851 kl=0.0303
[Iter 49/488] steps=100352 reward=-405.53 pi_loss=-0.0695 vf_loss=20.7449 entropy=136.7208 kl=0.0333
  [Eval] mean_return=-350.46 std_return=67.32
[Iter 50/488] steps=102400 reward=-370.63 pi_loss=-0.0787 vf_loss=17.6855 entropy=136.7203 kl=0.0327
[Iter 51/488] steps=104448 reward=-331.43 pi_loss=-0.0616 vf_loss=15.3485 entropy=136.5970 kl=0.0347
[Iter 52/488] steps=106496 reward=-338.05 pi_loss=-0.0380 vf_loss=10.6462 entropy=137.0569 kl=0.0463
[Iter 53/488] steps=108544 reward=-305.44 pi_loss=-0.0842 vf_loss=18.1183 entropy=136.5859 kl=0.0280
[Iter 54/488] steps=110592 reward=-370.95 pi_loss=-0.0662 vf_loss=15.2931 entropy=136.6876 kl=0.0322
  [Eval] mean_return=-250.99 std_return=88.80
[Iter 55/488] steps=112640 reward=-358.55 pi_loss=-0.0624 vf_loss=17.2540 entropy=136.6001 kl=0.0299
[Iter 56/488] steps=114688 reward=-156.49 pi_loss=-0.0594 vf_loss=10.6876 entropy=136.7235 kl=0.0383
[Iter 57/488] steps=116736 reward=-321.25 pi_loss=-0.0726 vf_loss=19.2042 entropy=136.7531 kl=0.0263
[Iter 58/488] steps=118784 reward=-194.28 pi_loss=-0.0652 vf_loss=13.5375 entropy=136.6650 kl=0.0374
[Iter 59/488] steps=120832 reward=-298.53 pi_loss=-0.0767 vf_loss=12.5000 entropy=136.7183 kl=0.0358
  [Eval] mean_return=-299.69 std_return=146.60
[Iter 60/488] steps=122880 reward=-217.08 pi_loss=-0.0808 vf_loss=10.9333 entropy=136.9247 kl=0.0347
[Iter 61/488] steps=124928 reward=-190.81 pi_loss=-0.0821 vf_loss=15.3728 entropy=136.7508 kl=0.0327
[Iter 62/488] steps=126976 reward=-240.69 pi_loss=-0.0862 vf_loss=15.0948 entropy=136.8697 kl=0.0305
[Iter 63/488] steps=129024 reward=-185.57 pi_loss=-0.0677 vf_loss=13.5317 entropy=136.5393 kl=0.0303
[Iter 64/488] steps=131072 reward=-290.91 pi_loss=-0.0607 vf_loss=14.1377 entropy=136.9139 kl=0.0280
  [Eval] mean_return=-156.95 std_return=85.97
[Iter 65/488] steps=133120 reward=-203.70 pi_loss=-0.0728 vf_loss=14.0177 entropy=136.4855 kl=0.0287
[Iter 66/488] steps=135168 reward=-232.84 pi_loss=-0.0803 vf_loss=14.6121 entropy=136.7925 kl=0.0305
[Iter 67/488] steps=137216 reward=-307.22 pi_loss=-0.0652 vf_loss=12.4009 entropy=136.8931 kl=0.0357
[Iter 68/488] steps=139264 reward=-304.79 pi_loss=-0.0836 vf_loss=12.9411 entropy=136.6564 kl=0.0315
[Iter 69/488] steps=141312 reward=-189.82 pi_loss=-0.0678 vf_loss=10.4559 entropy=136.9485 kl=0.0426
  [Eval] mean_return=-199.87 std_return=84.89
[Iter 70/488] steps=143360 reward=-190.88 pi_loss=-0.0663 vf_loss=12.2683 entropy=136.6730 kl=0.0311
[Iter 71/488] steps=145408 reward=-234.42 pi_loss=-0.0574 vf_loss=9.6372 entropy=136.7808 kl=0.0406
[Iter 72/488] steps=147456 reward=-260.62 pi_loss=-0.0683 vf_loss=12.2443 entropy=136.7299 kl=0.0288
[Iter 73/488] steps=149504 reward=-242.89 pi_loss=-0.0720 vf_loss=9.6250 entropy=137.1606 kl=0.0400
[Iter 74/488] steps=151552 reward=-330.04 pi_loss=-0.0817 vf_loss=15.2595 entropy=136.7994 kl=0.0267
  [Eval] mean_return=-192.63 std_return=55.45
[Iter 75/488] steps=153600 reward=-174.65 pi_loss=-0.0735 vf_loss=11.1860 entropy=136.8639 kl=0.0364
[Iter 76/488] steps=155648 reward=-216.16 pi_loss=-0.0902 vf_loss=11.2982 entropy=136.8115 kl=0.0319
[Iter 77/488] steps=157696 reward=-500.42 pi_loss=-0.0767 vf_loss=20.3649 entropy=136.7074 kl=0.0298
[Iter 78/488] steps=159744 reward=-309.31 pi_loss=-0.0845 vf_loss=13.4364 entropy=136.6685 kl=0.0288
[Iter 79/488] steps=161792 reward=-343.96 pi_loss=-0.0665 vf_loss=11.2637 entropy=136.7420 kl=0.0352
  [Eval] mean_return=-204.56 std_return=79.77
[Iter 80/488] steps=163840 reward=-153.30 pi_loss=-0.1060 vf_loss=9.4772 entropy=136.8864 kl=0.0373
[Iter 81/488] steps=165888 reward=-261.05 pi_loss=-0.0673 vf_loss=10.0937 entropy=136.5418 kl=0.0368
[Iter 82/488] steps=167936 reward=-183.54 pi_loss=-0.0698 vf_loss=9.8577 entropy=136.9008 kl=0.0363
[Iter 83/488] steps=169984 reward=-154.58 pi_loss=-0.0810 vf_loss=9.8456 entropy=136.9498 kl=0.0352
[Iter 84/488] steps=172032 reward=-307.91 pi_loss=-0.0753 vf_loss=12.4415 entropy=136.9422 kl=0.0306
  [Eval] mean_return=-233.01 std_return=131.38
[Iter 85/488] steps=174080 reward=-243.18 pi_loss=-0.0681 vf_loss=11.8865 entropy=136.6384 kl=0.0319
[Iter 86/488] steps=176128 reward=-233.52 pi_loss=-0.0824 vf_loss=12.2621 entropy=136.5969 kl=0.0311
[Iter 87/488] steps=178176 reward=-116.90 pi_loss=-0.0792 vf_loss=17.6088 entropy=136.7176 kl=0.0254
[Iter 88/488] steps=180224 reward=-182.11 pi_loss=-0.0506 vf_loss=9.0477 entropy=136.7178 kl=0.0403
  [Eval] mean_return=-119.86 std_return=42.74
[Iter 89/488] steps=182272 reward=-207.34 pi_loss=-0.0798 vf_loss=8.4870 entropy=136.7448 kl=0.0356
[Iter 90/488] steps=184320 reward=-159.33 pi_loss=-0.0787 vf_loss=8.7745 entropy=136.9045 kl=0.0363
[Iter 91/488] steps=186368 reward=-93.83 pi_loss=-0.0597 vf_loss=7.9523 entropy=137.0335 kl=0.0335
[Iter 92/488] steps=188416 reward=-160.65 pi_loss=-0.0978 vf_loss=21.2583 entropy=136.5399 kl=0.0223
[Iter 93/488] steps=190464 reward=-309.26 pi_loss=-0.1130 vf_loss=14.5989 entropy=136.3239 kl=0.0291
  [Eval] mean_return=-184.74 std_return=59.57
[Iter 94/488] steps=192512 reward=-364.94 pi_loss=-0.0581 vf_loss=7.0412 entropy=136.8033 kl=0.0383
[Iter 95/488] steps=194560 reward=-147.80 pi_loss=-0.0534 vf_loss=8.3141 entropy=136.9565 kl=0.0371
[Iter 96/488] steps=196608 reward=-141.68 pi_loss=-0.0623 vf_loss=5.7325 entropy=136.9179 kl=0.0403
[Iter 97/488] steps=198656 reward=-196.02 pi_loss=-0.0836 vf_loss=9.6882 entropy=136.6550 kl=0.0293
[Iter 98/488] steps=200704 reward=-186.94 pi_loss=-0.0818 vf_loss=9.0770 entropy=136.4019 kl=0.0317
  [Eval] mean_return=-183.74 std_return=103.06
[Iter 99/488] steps=202752 reward=-152.33 pi_loss=-0.0882 vf_loss=7.3144 entropy=136.8347 kl=0.0341
[Iter 100/488] steps=204800 reward=-190.89 pi_loss=-0.0842 vf_loss=8.6447 entropy=136.9073 kl=0.0277
[Iter 101/488] steps=206848 reward=-205.50 pi_loss=-0.0772 vf_loss=7.7629 entropy=136.6350 kl=0.0325
[Iter 102/488] steps=208896 reward=-138.00 pi_loss=-0.0836 vf_loss=7.6000 entropy=136.7250 kl=0.0325
[Iter 103/488] steps=210944 reward=-189.04 pi_loss=-0.1034 vf_loss=7.2826 entropy=136.7453 kl=0.0356
  [Eval] mean_return=-110.28 std_return=76.38
[Iter 104/488] steps=212992 reward=-101.36 pi_loss=-0.0595 vf_loss=8.9453 entropy=136.5153 kl=0.0300
[Iter 105/488] steps=215040 reward=-203.58 pi_loss=-0.0783 vf_loss=8.8520 entropy=136.8214 kl=0.0304
[Iter 106/488] steps=217088 reward=-109.35 pi_loss=-0.1060 vf_loss=9.9860 entropy=136.9956 kl=0.0308
[Iter 107/488] steps=219136 reward=-76.04 pi_loss=-0.0821 vf_loss=9.5995 entropy=136.7131 kl=0.0302
[Iter 108/488] steps=221184 reward=-119.47 pi_loss=-0.0982 vf_loss=12.7936 entropy=136.6220 kl=0.0250
  [Eval] mean_return=-77.19 std_return=119.35
[Iter 109/488] steps=223232 reward=-213.55 pi_loss=-0.1007 vf_loss=15.1435 entropy=136.5809 kl=0.0269
[Iter 110/488] steps=225280 reward=-140.52 pi_loss=-0.0745 vf_loss=7.0504 entropy=136.8421 kl=0.0349
[Iter 111/488] steps=227328 reward=-219.84 pi_loss=-0.0907 vf_loss=15.1870 entropy=136.8273 kl=0.0240
[Iter 112/488] steps=229376 reward=-249.18 pi_loss=-0.1156 vf_loss=12.2953 entropy=136.9809 kl=0.0282
[Iter 113/488] steps=231424 reward=-63.77 pi_loss=-0.0620 vf_loss=9.6389 entropy=136.8523 kl=0.0371
  [Eval] mean_return=-188.69 std_return=137.27
[Iter 114/488] steps=233472 reward=-126.23 pi_loss=-0.0885 vf_loss=9.0339 entropy=136.9541 kl=0.0360
[Iter 115/488] steps=235520 reward=-80.35 pi_loss=-0.0814 vf_loss=13.4525 entropy=136.5474 kl=0.0291
[Iter 116/488] steps=237568 reward=-324.75 pi_loss=-0.0755 vf_loss=11.1863 entropy=136.6571 kl=0.0293
[Iter 117/488] steps=239616 reward=-133.09 pi_loss=-0.0870 vf_loss=5.3143 entropy=136.7785 kl=0.0425
[Iter 118/488] steps=241664 reward=-138.36 pi_loss=-0.0838 vf_loss=9.1861 entropy=136.8320 kl=0.0288
  [Eval] mean_return=-119.15 std_return=84.17
[Iter 119/488] steps=243712 reward=-158.69 pi_loss=-0.0966 vf_loss=13.5654 entropy=136.7515 kl=0.0258
[Iter 120/488] steps=245760 reward=-266.25 pi_loss=-0.0920 vf_loss=12.6865 entropy=136.6809 kl=0.0255
[Iter 121/488] steps=247808 reward=-101.16 pi_loss=-0.0671 vf_loss=11.7818 entropy=136.8716 kl=0.0333
[Iter 122/488] steps=249856 reward=-165.17 pi_loss=-0.0734 vf_loss=8.2459 entropy=136.7063 kl=0.0342
[Iter 123/488] steps=251904 reward=-55.95 pi_loss=-0.0824 vf_loss=8.5913 entropy=136.8168 kl=0.0332
  [Eval] mean_return=-64.90 std_return=117.01
[Iter 124/488] steps=253952 reward=-107.38 pi_loss=-0.0811 vf_loss=9.5365 entropy=136.5047 kl=0.0284
[Iter 125/488] steps=256000 reward=-126.42 pi_loss=-0.0840 vf_loss=6.7564 entropy=136.9666 kl=0.0371
[Iter 126/488] steps=258048 reward=-116.74 pi_loss=-0.0815 vf_loss=6.4311 entropy=136.9061 kl=0.0322
[Iter 127/488] steps=260096 reward=-46.44 pi_loss=-0.0824 vf_loss=7.5351 entropy=136.7762 kl=0.0309
  [Eval] mean_return=-23.25 std_return=150.04
[Iter 128/488] steps=262144 reward=-28.59 pi_loss=-0.0727 vf_loss=5.8783 entropy=136.9078 kl=0.0346
[Iter 129/488] steps=264192 reward=-54.56 pi_loss=-0.1030 vf_loss=9.2002 entropy=136.6351 kl=0.0287
[Iter 130/488] steps=266240 reward=-167.44 pi_loss=-0.0883 vf_loss=13.2016 entropy=136.5927 kl=0.0223
[Iter 131/488] steps=268288 reward=-28.69 pi_loss=-0.0781 vf_loss=7.7643 entropy=136.7473 kl=0.0305
[Iter 132/488] steps=270336 reward=-64.31 pi_loss=-0.0937 vf_loss=9.6543 entropy=136.8632 kl=0.0307
  [Eval] mean_return=39.72 std_return=43.48
[Iter 133/488] steps=272384 reward=5.54 pi_loss=-0.0982 vf_loss=10.6891 entropy=136.8703 kl=0.0280
[Iter 134/488] steps=274432 reward=-55.30 pi_loss=-0.0946 vf_loss=13.3553 entropy=136.6274 kl=0.0283
[Iter 135/488] steps=276480 reward=25.93 pi_loss=-0.0689 vf_loss=8.6793 entropy=136.6216 kl=0.0342
[Iter 136/488] steps=278528 reward=-303.26 pi_loss=-0.1109 vf_loss=31.2972 entropy=136.7699 kl=0.0191
[Iter 137/488] steps=280576 reward=-69.99 pi_loss=-0.1050 vf_loss=12.4725 entropy=136.6988 kl=0.0274
  [Eval] mean_return=-1.27 std_return=62.41
[Iter 138/488] steps=282624 reward=-63.89 pi_loss=-0.0627 vf_loss=9.3699 entropy=136.4828 kl=0.0327
[Iter 139/488] steps=284672 reward=-125.45 pi_loss=-0.0977 vf_loss=18.0945 entropy=136.6137 kl=0.0234
[Iter 140/488] steps=286720 reward=-48.19 pi_loss=-0.0773 vf_loss=12.9156 entropy=136.8497 kl=0.0296
[Iter 141/488] steps=288768 reward=-64.28 pi_loss=-0.0975 vf_loss=12.0454 entropy=136.4687 kl=0.0287
[Iter 142/488] steps=290816 reward=-113.95 pi_loss=-0.0852 vf_loss=7.8493 entropy=136.7316 kl=0.0318
  [Eval] mean_return=-12.53 std_return=73.63
[Iter 143/488] steps=292864 reward=-76.19 pi_loss=-0.0836 vf_loss=11.1991 entropy=136.6205 kl=0.0287
[Iter 144/488] steps=294912 reward=-28.34 pi_loss=-0.0886 vf_loss=7.8028 entropy=136.9539 kl=0.0375
[Iter 145/488] steps=296960 reward=-27.35 pi_loss=-0.0829 vf_loss=7.1126 entropy=136.8086 kl=0.0358
[Iter 146/488] steps=299008 reward=-28.48 pi_loss=-0.0876 vf_loss=15.9859 entropy=136.6426 kl=0.0249
[Iter 147/488] steps=301056 reward=-123.90 pi_loss=-0.0993 vf_loss=16.9191 entropy=136.5466 kl=0.0240
  [Eval] mean_return=-68.79 std_return=106.07
[Iter 148/488] steps=303104 reward=-34.18 pi_loss=-0.0751 vf_loss=12.0655 entropy=136.6219 kl=0.0271
[Iter 149/488] steps=305152 reward=-44.79 pi_loss=-0.0892 vf_loss=12.5843 entropy=136.7330 kl=0.0273
[Iter 150/488] steps=307200 reward=-32.07 pi_loss=-0.0882 vf_loss=12.4485 entropy=136.5211 kl=0.0277
[Iter 151/488] steps=309248 reward=-73.16 pi_loss=-0.1080 vf_loss=11.0455 entropy=136.6504 kl=0.0323
[Iter 152/488] steps=311296 reward=-44.64 pi_loss=-0.0638 vf_loss=7.7747 entropy=136.5503 kl=0.0321
  [Eval] mean_return=-7.42 std_return=145.50
[Iter 153/488] steps=313344 reward=-6.74 pi_loss=-0.0886 vf_loss=7.1746 entropy=136.7263 kl=0.0351
[Iter 154/488] steps=315392 reward=8.62 pi_loss=-0.0960 vf_loss=11.9167 entropy=136.7026 kl=0.0251
[Iter 155/488] steps=317440 reward=-77.67 pi_loss=-0.0883 vf_loss=11.7610 entropy=136.7181 kl=0.0301
[Iter 156/488] steps=319488 reward=-34.38 pi_loss=-0.0985 vf_loss=8.1418 entropy=136.6640 kl=0.0338
[Iter 157/488] steps=321536 reward=4.03 pi_loss=-0.0903 vf_loss=9.5281 entropy=136.5825 kl=0.0294
  [Eval] mean_return=17.59 std_return=84.75
[Iter 158/488] steps=323584 reward=34.97 pi_loss=-0.0960 vf_loss=4.7513 entropy=136.9932 kl=0.0390
[Iter 159/488] steps=325632 reward=-49.41 pi_loss=-0.1135 vf_loss=8.0857 entropy=136.5854 kl=0.0289
[Iter 160/488] steps=327680 reward=-34.19 pi_loss=-0.1329 vf_loss=13.8598 entropy=136.5433 kl=0.0254
[Iter 161/488] steps=329728 reward=-72.77 pi_loss=-0.1421 vf_loss=14.6485 entropy=136.4720 kl=0.0237
[Iter 162/488] steps=331776 reward=-92.44 pi_loss=-0.0970 vf_loss=7.1562 entropy=136.6180 kl=0.0308
  [Eval] mean_return=96.31 std_return=60.03
[Iter 163/488] steps=333824 reward=29.33 pi_loss=-0.0943 vf_loss=11.8871 entropy=136.6332 kl=0.0274
[Iter 164/488] steps=335872 reward=-53.77 pi_loss=-0.0711 vf_loss=6.6716 entropy=137.0369 kl=0.0342
[Iter 165/488] steps=337920 reward=-133.50 pi_loss=-0.1029 vf_loss=7.8929 entropy=136.8142 kl=0.0369
[Iter 166/488] steps=339968 reward=49.49 pi_loss=-0.0704 vf_loss=6.8119 entropy=136.5834 kl=0.0335
[Iter 167/488] steps=342016 reward=85.43 pi_loss=-0.0881 vf_loss=5.3984 entropy=136.7261 kl=0.0320
  [Eval] mean_return=73.38 std_return=88.60
[Iter 168/488] steps=344064 reward=-231.27 pi_loss=-0.0872 vf_loss=21.3207 entropy=136.3636 kl=0.0206
[Iter 169/488] steps=346112 reward=8.42 pi_loss=-0.0796 vf_loss=7.1192 entropy=136.6990 kl=0.0276
[Iter 170/488] steps=348160 reward=-105.51 pi_loss=-0.1009 vf_loss=6.4360 entropy=136.7589 kl=0.0366
[Iter 171/488] steps=350208 reward=94.75 pi_loss=-0.0695 vf_loss=5.4163 entropy=136.7594 kl=0.0276
  [Eval] mean_return=56.84 std_return=161.49
[Iter 172/488] steps=352256 reward=-126.94 pi_loss=-0.1057 vf_loss=8.6408 entropy=136.6665 kl=0.0313
[Iter 173/488] steps=354304 reward=80.56 pi_loss=-0.0629 vf_loss=5.1826 entropy=136.4761 kl=0.0316
[Iter 174/488] steps=356352 reward=126.53 pi_loss=-0.0677 vf_loss=4.2160 entropy=136.7694 kl=0.0344
[Iter 175/488] steps=358400 reward=111.75 pi_loss=-0.0888 vf_loss=8.8728 entropy=136.6431 kl=0.0252
[Iter 176/488] steps=360448 reward=14.36 pi_loss=-0.0594 vf_loss=6.4381 entropy=136.3533 kl=0.0260
  [Eval] mean_return=116.40 std_return=63.24
[Iter 177/488] steps=362496 reward=31.44 pi_loss=-0.0822 vf_loss=11.4960 entropy=136.7860 kl=0.0246
[Iter 178/488] steps=364544 reward=81.66 pi_loss=-0.1010 vf_loss=6.4859 entropy=137.2245 kl=0.0322
[Iter 179/488] steps=366592 reward=5.01 pi_loss=-0.1084 vf_loss=11.5235 entropy=136.6367 kl=0.0257
[Iter 180/488] steps=368640 reward=32.37 pi_loss=-0.0687 vf_loss=9.7728 entropy=136.7249 kl=0.0266
[Iter 181/488] steps=370688 reward=19.30 pi_loss=-0.1083 vf_loss=13.7607 entropy=136.5129 kl=0.0236
  [Eval] mean_return=102.85 std_return=51.57
[Iter 182/488] steps=372736 reward=63.48 pi_loss=-0.0775 vf_loss=15.3885 entropy=136.6149 kl=0.0214
[Iter 183/488] steps=374784 reward=-43.84 pi_loss=-0.0539 vf_loss=5.0717 entropy=136.9368 kl=0.0339
[Iter 184/488] steps=376832 reward=-9.47 pi_loss=-0.0937 vf_loss=12.2831 entropy=136.7100 kl=0.0232
[Iter 185/488] steps=378880 reward=3.31 pi_loss=-0.0749 vf_loss=5.0975 entropy=136.8419 kl=0.0380
[Iter 186/488] steps=380928 reward=-146.27 pi_loss=-0.0990 vf_loss=23.1143 entropy=136.5866 kl=0.0250
  [Eval] mean_return=66.83 std_return=138.30
[Iter 187/488] steps=382976 reward=19.48 pi_loss=-0.1235 vf_loss=10.4472 entropy=136.6428 kl=0.0295
[Iter 188/488] steps=385024 reward=-109.78 pi_loss=-0.1145 vf_loss=20.2181 entropy=136.5524 kl=0.0242
[Iter 189/488] steps=387072 reward=2.70 pi_loss=-0.0814 vf_loss=7.3257 entropy=137.1444 kl=0.0303
[Iter 190/488] steps=389120 reward=54.88 pi_loss=-0.0904 vf_loss=6.4890 entropy=136.7752 kl=0.0314
[Iter 191/488] steps=391168 reward=-84.43 pi_loss=-0.0790 vf_loss=16.4740 entropy=136.5167 kl=0.0216
  [Eval] mean_return=71.49 std_return=78.62
[Iter 192/488] steps=393216 reward=21.77 pi_loss=-0.0843 vf_loss=5.1849 entropy=136.8328 kl=0.0336
[Iter 193/488] steps=395264 reward=-0.26 pi_loss=-0.1127 vf_loss=7.4370 entropy=136.7244 kl=0.0261
[Iter 194/488] steps=397312 reward=-69.08 pi_loss=-0.1306 vf_loss=8.6028 entropy=136.7473 kl=0.0284
[Iter 195/488] steps=399360 reward=-89.86 pi_loss=-0.1163 vf_loss=11.5936 entropy=136.6839 kl=0.0245
[Iter 196/488] steps=401408 reward=12.09 pi_loss=-0.0923 vf_loss=9.2154 entropy=136.5429 kl=0.0286
  [Eval] mean_return=78.79 std_return=36.47
[Iter 197/488] steps=403456 reward=-49.58 pi_loss=-0.0968 vf_loss=16.3633 entropy=136.5408 kl=0.0209
[Iter 198/488] steps=405504 reward=-12.91 pi_loss=-0.1140 vf_loss=7.9972 entropy=136.6260 kl=0.0286
[Iter 199/488] steps=407552 reward=-18.23 pi_loss=-0.0908 vf_loss=6.8078 entropy=136.7315 kl=0.0313
[Iter 200/488] steps=409600 reward=-52.46 pi_loss=-0.0806 vf_loss=7.2129 entropy=136.6663 kl=0.0279
[Iter 201/488] steps=411648 reward=-28.92 pi_loss=-0.1203 vf_loss=6.3592 entropy=136.5743 kl=0.0308
  [Eval] mean_return=59.98 std_return=63.66
[Iter 202/488] steps=413696 reward=-18.09 pi_loss=-0.1029 vf_loss=5.3542 entropy=136.8255 kl=0.0311
[Iter 203/488] steps=415744 reward=-21.13 pi_loss=-0.0930 vf_loss=8.4646 entropy=136.7755 kl=0.0253
[Iter 204/488] steps=417792 reward=1.80 pi_loss=-0.1308 vf_loss=11.0083 entropy=136.7845 kl=0.0270
[Iter 205/488] steps=419840 reward=-96.79 pi_loss=-0.1019 vf_loss=9.2753 entropy=136.5464 kl=0.0236
[Iter 206/488] steps=421888 reward=-1.91 pi_loss=-0.1126 vf_loss=6.6939 entropy=136.6817 kl=0.0291
  [Eval] mean_return=105.94 std_return=43.19
[Iter 207/488] steps=423936 reward=-8.40 pi_loss=-0.0998 vf_loss=11.8125 entropy=136.7101 kl=0.0255
[Iter 208/488] steps=425984 reward=-12.86 pi_loss=-0.0988 vf_loss=12.7669 entropy=136.8034 kl=0.0224
[Iter 209/488] steps=428032 reward=-102.58 pi_loss=-0.1201 vf_loss=8.6209 entropy=136.6498 kl=0.0273
[Iter 210/488] steps=430080 reward=-138.50 pi_loss=-0.0995 vf_loss=7.9194 entropy=136.8688 kl=0.0367
  [Eval] mean_return=10.97 std_return=259.92
[Iter 211/488] steps=432128 reward=50.91 pi_loss=-0.0779 vf_loss=11.8791 entropy=136.8526 kl=0.0262
[Iter 212/488] steps=434176 reward=-40.78 pi_loss=-0.0552 vf_loss=3.9096 entropy=136.9047 kl=0.0362
[Iter 213/488] steps=436224 reward=29.17 pi_loss=-0.0629 vf_loss=3.7059 entropy=136.7385 kl=0.0339
[Iter 214/488] steps=438272 reward=71.24 pi_loss=-0.0675 vf_loss=4.2652 entropy=136.6465 kl=0.0285
[Iter 215/488] steps=440320 reward=11.24 pi_loss=-0.1097 vf_loss=8.0590 entropy=136.3233 kl=0.0201
  [Eval] mean_return=-186.24 std_return=265.76
[Iter 216/488] steps=442368 reward=-21.41 pi_loss=-0.1222 vf_loss=10.9293 entropy=136.3180 kl=0.0257
[Iter 217/488] steps=444416 reward=39.72 pi_loss=-0.0590 vf_loss=4.8959 entropy=136.6797 kl=0.0276
[Iter 218/488] steps=446464 reward=36.95 pi_loss=-0.1135 vf_loss=9.4581 entropy=136.7080 kl=0.0240
[Iter 219/488] steps=448512 reward=62.88 pi_loss=-0.0936 vf_loss=3.3932 entropy=137.0040 kl=0.0375
[Iter 220/488] steps=450560 reward=-155.49 pi_loss=-0.1294 vf_loss=8.8122 entropy=136.5873 kl=0.0318
  [Eval] mean_return=-54.79 std_return=173.40
[Iter 221/488] steps=452608 reward=-28.56 pi_loss=-0.0891 vf_loss=4.4511 entropy=136.7927 kl=0.0273
[Iter 222/488] steps=454656 reward=77.08 pi_loss=-0.1225 vf_loss=8.1074 entropy=136.8946 kl=0.0304
[Iter 223/488] steps=456704 reward=-46.19 pi_loss=-0.0572 vf_loss=4.0006 entropy=136.8206 kl=0.0273
[Iter 224/488] steps=458752 reward=72.36 pi_loss=-0.1107 vf_loss=4.2693 entropy=136.7822 kl=0.0281
[Iter 225/488] steps=460800 reward=44.32 pi_loss=-0.0895 vf_loss=7.0300 entropy=136.3826 kl=0.0237
  [Eval] mean_return=-66.10 std_return=207.52
[Iter 226/488] steps=462848 reward=-181.53 pi_loss=-0.1364 vf_loss=14.5833 entropy=136.5405 kl=0.0227
[Iter 227/488] steps=464896 reward=-22.27 pi_loss=-0.1146 vf_loss=7.5112 entropy=136.8979 kl=0.0264
[Iter 228/488] steps=466944 reward=19.62 pi_loss=-0.1502 vf_loss=11.1836 entropy=136.6518 kl=0.0288
[Iter 229/488] steps=468992 reward=-162.42 pi_loss=-0.1091 vf_loss=11.6734 entropy=136.5502 kl=0.0312
[Iter 230/488] steps=471040 reward=-133.44 pi_loss=-0.1068 vf_loss=8.5949 entropy=136.5330 kl=0.0242
  [Eval] mean_return=26.93 std_return=66.77
[Iter 231/488] steps=473088 reward=-93.52 pi_loss=-0.1509 vf_loss=21.9211 entropy=136.5805 kl=0.0218
[Iter 232/488] steps=475136 reward=10.55 pi_loss=-0.0960 vf_loss=8.1994 entropy=136.5920 kl=0.0295
[Iter 233/488] steps=477184 reward=-6.82 pi_loss=-0.1112 vf_loss=13.5421 entropy=136.4803 kl=0.0249
[Iter 234/488] steps=479232 reward=-19.51 pi_loss=-0.0892 vf_loss=9.4722 entropy=136.7183 kl=0.0265
[Iter 235/488] steps=481280 reward=-23.95 pi_loss=-0.0999 vf_loss=12.8650 entropy=136.4697 kl=0.0233
  [Eval] mean_return=-110.22 std_return=184.00
[Iter 236/488] steps=483328 reward=-20.44 pi_loss=-0.0734 vf_loss=6.1196 entropy=136.8229 kl=0.0318
[Iter 237/488] steps=485376 reward=-40.25 pi_loss=-0.1017 vf_loss=8.6412 entropy=136.7887 kl=0.0275
[Iter 238/488] steps=487424 reward=32.52 pi_loss=-0.1084 vf_loss=4.2296 entropy=136.6566 kl=0.0339
[Iter 239/488] steps=489472 reward=-3.53 pi_loss=-0.1061 vf_loss=9.8755 entropy=136.6824 kl=0.0250
[Iter 240/488] steps=491520 reward=-248.69 pi_loss=-0.1262 vf_loss=12.8491 entropy=136.6678 kl=0.0314
  [Eval] mean_return=-64.10 std_return=190.90
[Iter 241/488] steps=493568 reward=-156.14 pi_loss=-0.1017 vf_loss=6.3858 entropy=136.8101 kl=0.0318
[Iter 242/488] steps=495616 reward=-7.63 pi_loss=-0.1330 vf_loss=9.6886 entropy=136.8488 kl=0.0299
[Iter 243/488] steps=497664 reward=-96.12 pi_loss=-0.0914 vf_loss=5.5792 entropy=136.8325 kl=0.0276
[Iter 244/488] steps=499712 reward=94.71 pi_loss=-0.0947 vf_loss=3.4561 entropy=136.7962 kl=0.0271
[Iter 245/488] steps=501760 reward=69.19 pi_loss=-0.1067 vf_loss=7.6631 entropy=136.6160 kl=0.0343
  [Eval] mean_return=22.01 std_return=125.65
[Iter 246/488] steps=503808 reward=-257.49 pi_loss=-0.1275 vf_loss=12.5906 entropy=136.7573 kl=0.0307
[Iter 247/488] steps=505856 reward=-153.84 pi_loss=-0.0833 vf_loss=6.7483 entropy=136.6969 kl=0.0256
[Iter 248/488] steps=507904 reward=78.38 pi_loss=-0.1250 vf_loss=4.3742 entropy=136.9199 kl=0.0320
[Iter 249/488] steps=509952 reward=53.18 pi_loss=-0.1132 vf_loss=14.3066 entropy=136.5648 kl=0.0245
[Iter 250/488] steps=512000 reward=-144.93 pi_loss=-0.0735 vf_loss=6.9433 entropy=136.4715 kl=0.0251
  [Eval] mean_return=23.56 std_return=110.53
[Iter 251/488] steps=514048 reward=20.78 pi_loss=-0.0991 vf_loss=8.4679 entropy=136.4364 kl=0.0250
[Iter 252/488] steps=516096 reward=92.30 pi_loss=-0.0887 vf_loss=3.9877 entropy=136.8007 kl=0.0365
[Iter 253/488] steps=518144 reward=54.92 pi_loss=-0.0930 vf_loss=5.6169 entropy=136.9241 kl=0.0322
[Iter 254/488] steps=520192 reward=52.26 pi_loss=-0.0775 vf_loss=5.1567 entropy=136.6640 kl=0.0301
  [Eval] mean_return=-50.06 std_return=203.31
[Iter 255/488] steps=522240 reward=23.26 pi_loss=-0.0872 vf_loss=12.1973 entropy=136.6917 kl=0.0246
[Iter 256/488] steps=524288 reward=-7.93 pi_loss=-0.0940 vf_loss=6.2427 entropy=136.7018 kl=0.0269
[Iter 257/488] steps=526336 reward=55.59 pi_loss=-0.1136 vf_loss=4.7241 entropy=136.7085 kl=0.0320
[Iter 258/488] steps=528384 reward=26.78 pi_loss=-0.0684 vf_loss=5.2507 entropy=136.5805 kl=0.0305
[Iter 259/488] steps=530432 reward=113.60 pi_loss=-0.0901 vf_loss=6.9448 entropy=136.8874 kl=0.0344
  [Eval] mean_return=47.08 std_return=128.59
[Iter 260/488] steps=532480 reward=-268.12 pi_loss=-0.1292 vf_loss=9.3424 entropy=136.7037 kl=0.0279
[Iter 261/488] steps=534528 reward=82.77 pi_loss=-0.1365 vf_loss=7.7574 entropy=136.6438 kl=0.0298
[Iter 262/488] steps=536576 reward=-187.28 pi_loss=-0.1174 vf_loss=7.3058 entropy=136.8903 kl=0.0361
[Iter 263/488] steps=538624 reward=-151.77 pi_loss=-0.1275 vf_loss=7.8582 entropy=136.9972 kl=0.0315
[Iter 264/488] steps=540672 reward=-237.70 pi_loss=-0.1296 vf_loss=25.6828 entropy=136.3497 kl=0.0188
  [Eval] mean_return=-29.78 std_return=170.72
[Iter 265/488] steps=542720 reward=-167.03 pi_loss=-0.0822 vf_loss=6.5251 entropy=136.6658 kl=0.0297
[Iter 266/488] steps=544768 reward=39.42 pi_loss=-0.0595 vf_loss=5.0792 entropy=136.7921 kl=0.0231
[Iter 267/488] steps=546816 reward=82.15 pi_loss=-0.1279 vf_loss=8.3221 entropy=136.7722 kl=0.0274
[Iter 268/488] steps=548864 reward=-187.16 pi_loss=-0.0441 vf_loss=9.7123 entropy=136.6837 kl=0.0299
[Iter 269/488] steps=550912 reward=43.24 pi_loss=-0.0912 vf_loss=6.1940 entropy=136.5574 kl=0.0276
  [Eval] mean_return=-37.11 std_return=162.27
[Iter 270/488] steps=552960 reward=-202.61 pi_loss=-0.1166 vf_loss=9.3355 entropy=136.8162 kl=0.0304
[Iter 271/488] steps=555008 reward=-188.99 pi_loss=-0.1213 vf_loss=14.7820 entropy=136.5125 kl=0.0222
[Iter 272/488] steps=557056 reward=13.98 pi_loss=-0.0779 vf_loss=5.4926 entropy=136.6837 kl=0.0253
[Iter 273/488] steps=559104 reward=45.33 pi_loss=-0.0779 vf_loss=4.2292 entropy=136.7319 kl=0.0308
[Iter 274/488] steps=561152 reward=-161.13 pi_loss=-0.1101 vf_loss=9.1589 entropy=136.7430 kl=0.0283
  [Eval] mean_return=74.22 std_return=102.90
[Iter 275/488] steps=563200 reward=39.65 pi_loss=-0.0658 vf_loss=7.0823 entropy=136.4176 kl=0.0190
[Iter 276/488] steps=565248 reward=13.47 pi_loss=-0.1109 vf_loss=10.2061 entropy=136.6937 kl=0.0189
[Iter 277/488] steps=567296 reward=49.38 pi_loss=-0.1024 vf_loss=4.5914 entropy=136.5202 kl=0.0253
[Iter 278/488] steps=569344 reward=51.77 pi_loss=-0.0919 vf_loss=4.4209 entropy=136.4491 kl=0.0260
[Iter 279/488] steps=571392 reward=58.38 pi_loss=-0.0903 vf_loss=3.8899 entropy=136.5869 kl=0.0242
  [Eval] mean_return=105.10 std_return=31.02
[Iter 280/488] steps=573440 reward=87.83 pi_loss=-0.0913 vf_loss=10.5775 entropy=136.5009 kl=0.0245
[Iter 281/488] steps=575488 reward=-162.69 pi_loss=-0.1401 vf_loss=15.1408 entropy=136.6872 kl=0.0236
[Iter 282/488] steps=577536 reward=80.88 pi_loss=-0.0875 vf_loss=9.4552 entropy=136.4181 kl=0.0197
[Iter 283/488] steps=579584 reward=-2.59 pi_loss=-0.1215 vf_loss=6.7307 entropy=136.7979 kl=0.0293
[Iter 284/488] steps=581632 reward=-119.01 pi_loss=-0.0944 vf_loss=5.2043 entropy=136.7151 kl=0.0320
  [Eval] mean_return=37.58 std_return=119.29
[Iter 285/488] steps=583680 reward=80.71 pi_loss=-0.0819 vf_loss=15.6641 entropy=136.6830 kl=0.0218
[Iter 286/488] steps=585728 reward=-144.84 pi_loss=-0.1475 vf_loss=13.5468 entropy=136.5831 kl=0.0229
[Iter 287/488] steps=587776 reward=-77.35 pi_loss=-0.1409 vf_loss=10.5454 entropy=136.6913 kl=0.0267
[Iter 288/488] steps=589824 reward=-175.01 pi_loss=-0.1013 vf_loss=6.0316 entropy=136.5463 kl=0.0287
[Iter 289/488] steps=591872 reward=57.18 pi_loss=-0.1177 vf_loss=9.4554 entropy=136.6140 kl=0.0209
  [Eval] mean_return=-67.58 std_return=196.37
[Iter 290/488] steps=593920 reward=-6.35 pi_loss=-0.1501 vf_loss=13.5550 entropy=136.5795 kl=0.0253
[Iter 291/488] steps=595968 reward=-183.14 pi_loss=-0.1431 vf_loss=21.3197 entropy=136.4569 kl=0.0190
[Iter 292/488] steps=598016 reward=-21.44 pi_loss=-0.0812 vf_loss=4.5017 entropy=136.6703 kl=0.0266
[Iter 293/488] steps=600064 reward=15.63 pi_loss=-0.1062 vf_loss=12.3036 entropy=136.6681 kl=0.0225
  [Eval] mean_return=-8.62 std_return=161.02
[Iter 294/488] steps=602112 reward=-31.31 pi_loss=-0.1202 vf_loss=13.8789 entropy=136.4095 kl=0.0185
[Iter 295/488] steps=604160 reward=-229.01 pi_loss=-0.1633 vf_loss=16.7604 entropy=136.6170 kl=0.0228
[Iter 296/488] steps=606208 reward=-55.08 pi_loss=-0.1275 vf_loss=13.3721 entropy=136.5061 kl=0.0237
[Iter 297/488] steps=608256 reward=-1.99 pi_loss=-0.0973 vf_loss=17.1971 entropy=136.6038 kl=0.0182
[Iter 298/488] steps=610304 reward=74.03 pi_loss=-0.0842 vf_loss=6.4236 entropy=136.4122 kl=0.0268
  [Eval] mean_return=-9.99 std_return=125.13
[Iter 299/488] steps=612352 reward=84.90 pi_loss=-0.1000 vf_loss=5.5838 entropy=136.4765 kl=0.0285
[Iter 300/488] steps=614400 reward=101.66 pi_loss=-0.0940 vf_loss=12.9520 entropy=136.7104 kl=0.0299
[Iter 301/488] steps=616448 reward=-232.22 pi_loss=-0.1429 vf_loss=14.2352 entropy=136.6056 kl=0.0230
[Iter 302/488] steps=618496 reward=-16.81 pi_loss=-0.1494 vf_loss=21.4708 entropy=136.2939 kl=0.0208
[Iter 303/488] steps=620544 reward=-5.63 pi_loss=-0.0651 vf_loss=9.9917 entropy=136.4727 kl=0.0282
  [Eval] mean_return=96.50 std_return=59.24
[Iter 304/488] steps=622592 reward=74.86 pi_loss=-0.0990 vf_loss=12.5142 entropy=136.7461 kl=0.0281
[Iter 305/488] steps=624640 reward=130.97 pi_loss=-0.0907 vf_loss=5.9861 entropy=136.6548 kl=0.0346
[Iter 306/488] steps=626688 reward=45.62 pi_loss=-0.0749 vf_loss=12.3050 entropy=136.5787 kl=0.0211
[Iter 307/488] steps=628736 reward=90.89 pi_loss=-0.0885 vf_loss=6.8400 entropy=136.4478 kl=0.0252
[Iter 308/488] steps=630784 reward=54.91 pi_loss=-0.1042 vf_loss=12.8737 entropy=136.5549 kl=0.0196
  [Eval] mean_return=87.12 std_return=121.39
[Iter 309/488] steps=632832 reward=16.34 pi_loss=-0.0647 vf_loss=4.5999 entropy=136.6109 kl=0.0280
[Iter 310/488] steps=634880 reward=105.46 pi_loss=-0.1138 vf_loss=8.6990 entropy=136.4984 kl=0.0213
[Iter 311/488] steps=636928 reward=113.22 pi_loss=-0.0928 vf_loss=6.7586 entropy=136.5581 kl=0.0234
[Iter 312/488] steps=638976 reward=-42.17 pi_loss=-0.1274 vf_loss=15.0015 entropy=136.5279 kl=0.0214
[Iter 313/488] steps=641024 reward=-22.19 pi_loss=-0.1282 vf_loss=17.0517 entropy=136.5901 kl=0.0230
  [Eval] mean_return=151.63 std_return=57.77
[Iter 314/488] steps=643072 reward=167.28 pi_loss=-0.1034 vf_loss=12.3504 entropy=136.4562 kl=0.0275
[Iter 315/488] steps=645120 reward=29.50 pi_loss=-0.0986 vf_loss=24.3591 entropy=136.6185 kl=0.0213
[Iter 316/488] steps=647168 reward=8.03 pi_loss=-0.1377 vf_loss=15.0686 entropy=136.7896 kl=0.0238
[Iter 317/488] steps=649216 reward=-27.44 pi_loss=-0.1429 vf_loss=17.5141 entropy=136.7819 kl=0.0279
[Iter 318/488] steps=651264 reward=49.45 pi_loss=-0.0917 vf_loss=12.8582 entropy=136.6645 kl=0.0233
  [Eval] mean_return=20.86 std_return=102.59
[Iter 319/488] steps=653312 reward=-112.37 pi_loss=-0.1052 vf_loss=23.5040 entropy=136.3861 kl=0.0209
[Iter 320/488] steps=655360 reward=150.97 pi_loss=-0.0637 vf_loss=5.7446 entropy=137.1315 kl=0.0386
[Iter 321/488] steps=657408 reward=92.90 pi_loss=-0.1038 vf_loss=8.4091 entropy=136.6071 kl=0.0234
[Iter 322/488] steps=659456 reward=68.16 pi_loss=-0.1089 vf_loss=15.1684 entropy=136.4903 kl=0.0189
[Iter 323/488] steps=661504 reward=22.77 pi_loss=-0.1270 vf_loss=6.0481 entropy=136.4381 kl=0.0319
  [Eval] mean_return=191.25 std_return=67.18
[Iter 324/488] steps=663552 reward=14.97 pi_loss=-0.1176 vf_loss=26.9412 entropy=136.7487 kl=0.0197
[Iter 325/488] steps=665600 reward=-315.29 pi_loss=-0.1528 vf_loss=30.7336 entropy=136.2657 kl=0.0181
[Iter 326/488] steps=667648 reward=22.07 pi_loss=-0.0972 vf_loss=27.2230 entropy=136.6068 kl=0.0178
[Iter 327/488] steps=669696 reward=82.75 pi_loss=-0.0465 vf_loss=7.4538 entropy=136.9332 kl=0.0349
[Iter 328/488] steps=671744 reward=108.00 pi_loss=-0.1151 vf_loss=9.7851 entropy=136.6021 kl=0.0236
  [Eval] mean_return=203.72 std_return=37.02
[Iter 329/488] steps=673792 reward=141.19 pi_loss=-0.0828 vf_loss=18.0331 entropy=136.1583 kl=0.0167
[Iter 330/488] steps=675840 reward=-95.19 pi_loss=-0.1185 vf_loss=9.0473 entropy=136.3738 kl=0.0290
[Iter 331/488] steps=677888 reward=87.14 pi_loss=-0.0992 vf_loss=8.8977 entropy=136.8257 kl=0.0247
[Iter 332/488] steps=679936 reward=71.07 pi_loss=-0.1199 vf_loss=15.3173 entropy=136.5308 kl=0.0190
[Iter 333/488] steps=681984 reward=163.66 pi_loss=-0.0900 vf_loss=7.2337 entropy=136.5639 kl=0.0271
  [Eval] mean_return=199.83 std_return=118.35
[Iter 334/488] steps=684032 reward=140.40 pi_loss=-0.0947 vf_loss=9.7314 entropy=136.3597 kl=0.0222
[Iter 335/488] steps=686080 reward=145.23 pi_loss=-0.1122 vf_loss=13.6275 entropy=136.3143 kl=0.0168
[Iter 336/488] steps=688128 reward=13.92 pi_loss=-0.1347 vf_loss=13.5793 entropy=136.2067 kl=0.0209
[Iter 337/488] steps=690176 reward=-73.65 pi_loss=-0.1236 vf_loss=17.4334 entropy=136.6498 kl=0.0209
  [Eval] mean_return=141.47 std_return=129.90
[Iter 338/488] steps=692224 reward=147.48 pi_loss=-0.0963 vf_loss=11.0274 entropy=136.6428 kl=0.0228
[Iter 339/488] steps=694272 reward=134.90 pi_loss=-0.1286 vf_loss=10.0407 entropy=136.7683 kl=0.0219
[Iter 340/488] steps=696320 reward=91.94 pi_loss=-0.1280 vf_loss=12.3078 entropy=136.9202 kl=0.0223
[Iter 341/488] steps=698368 reward=196.99 pi_loss=-0.1108 vf_loss=9.4609 entropy=136.6256 kl=0.0247
[Iter 342/488] steps=700416 reward=141.61 pi_loss=-0.1022 vf_loss=14.2052 entropy=136.4468 kl=0.0190
  [Eval] mean_return=145.60 std_return=62.67
[Iter 343/488] steps=702464 reward=80.81 pi_loss=-0.1280 vf_loss=9.0120 entropy=136.6057 kl=0.0242
[Iter 344/488] steps=704512 reward=0.86 pi_loss=-0.1277 vf_loss=19.4343 entropy=136.2954 kl=0.0172
[Iter 345/488] steps=706560 reward=142.06 pi_loss=-0.1171 vf_loss=7.6991 entropy=136.6884 kl=0.0242
[Iter 346/488] steps=708608 reward=127.62 pi_loss=-0.1184 vf_loss=10.4386 entropy=136.5132 kl=0.0222
[Iter 347/488] steps=710656 reward=102.62 pi_loss=-0.1047 vf_loss=12.6384 entropy=136.7721 kl=0.0193
  [Eval] mean_return=100.64 std_return=160.17
[Iter 348/488] steps=712704 reward=59.36 pi_loss=-0.1279 vf_loss=11.0000 entropy=136.6601 kl=0.0203
[Iter 349/488] steps=714752 reward=130.27 pi_loss=-0.1005 vf_loss=9.8693 entropy=136.6333 kl=0.0219
[Iter 350/488] steps=716800 reward=76.66 pi_loss=-0.1132 vf_loss=12.0280 entropy=136.6964 kl=0.0207
[Iter 351/488] steps=718848 reward=125.76 pi_loss=-0.1328 vf_loss=8.6055 entropy=136.3824 kl=0.0212
[Iter 352/488] steps=720896 reward=26.86 pi_loss=-0.1495 vf_loss=9.4203 entropy=136.6311 kl=0.0268
  [Eval] mean_return=160.66 std_return=97.29
[Iter 353/488] steps=722944 reward=140.80 pi_loss=-0.1068 vf_loss=7.8480 entropy=136.5330 kl=0.0221
[Iter 354/488] steps=724992 reward=124.03 pi_loss=-0.1057 vf_loss=10.7149 entropy=136.6042 kl=0.0182
[Iter 355/488] steps=727040 reward=-29.57 pi_loss=-0.1257 vf_loss=11.9574 entropy=136.5161 kl=0.0236
[Iter 356/488] steps=729088 reward=15.51 pi_loss=-0.1270 vf_loss=7.7435 entropy=136.5758 kl=0.0245
[Iter 357/488] steps=731136 reward=131.38 pi_loss=-0.1164 vf_loss=10.3368 entropy=136.5343 kl=0.0193
  [Eval] mean_return=25.83 std_return=90.39
[Iter 358/488] steps=733184 reward=62.87 pi_loss=-0.1043 vf_loss=15.9204 entropy=136.8264 kl=0.0155
[Iter 359/488] steps=735232 reward=-47.01 pi_loss=-0.0946 vf_loss=8.6536 entropy=136.8296 kl=0.0200
[Iter 360/488] steps=737280 reward=-70.38 pi_loss=-0.1052 vf_loss=10.7885 entropy=136.6265 kl=0.0252
[Iter 361/488] steps=739328 reward=-37.65 pi_loss=-0.1328 vf_loss=11.3916 entropy=136.4266 kl=0.0202
[Iter 362/488] steps=741376 reward=70.31 pi_loss=-0.1120 vf_loss=6.6277 entropy=136.6520 kl=0.0229
  [Eval] mean_return=138.68 std_return=60.50
[Iter 363/488] steps=743424 reward=113.39 pi_loss=-0.0975 vf_loss=6.2638 entropy=136.3724 kl=0.0223
[Iter 364/488] steps=745472 reward=87.03 pi_loss=-0.1235 vf_loss=12.2264 entropy=136.3715 kl=0.0200
[Iter 365/488] steps=747520 reward=184.18 pi_loss=-0.1355 vf_loss=7.1784 entropy=136.4255 kl=0.0223
[Iter 366/488] steps=749568 reward=177.67 pi_loss=-0.1430 vf_loss=7.8319 entropy=136.6932 kl=0.0219
[Iter 367/488] steps=751616 reward=119.85 pi_loss=-0.1146 vf_loss=8.4180 entropy=136.5163 kl=0.0197
  [Eval] mean_return=257.31 std_return=63.63
[Iter 368/488] steps=753664 reward=-40.18 pi_loss=-0.1288 vf_loss=11.6668 entropy=136.5208 kl=0.0195
[Iter 369/488] steps=755712 reward=201.96 pi_loss=-0.1318 vf_loss=11.2025 entropy=136.3973 kl=0.0195
[Iter 370/488] steps=757760 reward=32.77 pi_loss=-0.1268 vf_loss=9.1043 entropy=136.4482 kl=0.0215
[Iter 371/488] steps=759808 reward=154.95 pi_loss=-0.1125 vf_loss=22.1630 entropy=136.6143 kl=0.0145
[Iter 372/488] steps=761856 reward=-12.71 pi_loss=-0.1046 vf_loss=6.0596 entropy=136.7097 kl=0.0231
  [Eval] mean_return=297.79 std_return=121.39
[Iter 373/488] steps=763904 reward=200.77 pi_loss=-0.1216 vf_loss=11.6107 entropy=136.4435 kl=0.0172
[Iter 374/488] steps=765952 reward=197.28 pi_loss=-0.1218 vf_loss=8.4235 entropy=136.5977 kl=0.0197
[Iter 375/488] steps=768000 reward=178.80 pi_loss=-0.1255 vf_loss=10.1267 entropy=136.3213 kl=0.0199
[Iter 376/488] steps=770048 reward=191.78 pi_loss=-0.1193 vf_loss=12.0995 entropy=136.6036 kl=0.0202
  [Eval] mean_return=182.17 std_return=119.64
[Iter 377/488] steps=772096 reward=36.24 pi_loss=-0.1225 vf_loss=14.1320 entropy=136.7735 kl=0.0193
[Iter 378/488] steps=774144 reward=98.08 pi_loss=-0.1443 vf_loss=8.2730 entropy=136.6051 kl=0.0207
[Iter 379/488] steps=776192 reward=67.97 pi_loss=-0.1249 vf_loss=15.5606 entropy=136.6212 kl=0.0168
[Iter 380/488] steps=778240 reward=150.50 pi_loss=-0.1114 vf_loss=10.1452 entropy=136.6770 kl=0.0189
[Iter 381/488] steps=780288 reward=-107.30 pi_loss=-0.1414 vf_loss=19.4181 entropy=136.6128 kl=0.0183
  [Eval] mean_return=189.50 std_return=105.23
[Iter 382/488] steps=782336 reward=74.73 pi_loss=-0.0871 vf_loss=16.4864 entropy=136.6184 kl=0.0171
[Iter 383/488] steps=784384 reward=189.05 pi_loss=-0.0991 vf_loss=12.3115 entropy=136.5701 kl=0.0227
[Iter 384/488] steps=786432 reward=-56.57 pi_loss=-0.1314 vf_loss=26.5943 entropy=136.5687 kl=0.0166
[Iter 385/488] steps=788480 reward=0.09 pi_loss=-0.1210 vf_loss=13.4532 entropy=136.8661 kl=0.0234
[Iter 386/488] steps=790528 reward=62.33 pi_loss=-0.1412 vf_loss=29.8555 entropy=136.5323 kl=0.0160
  [Eval] mean_return=133.46 std_return=197.37
[Iter 387/488] steps=792576 reward=60.43 pi_loss=-0.1497 vf_loss=12.1250 entropy=136.5371 kl=0.0221
[Iter 388/488] steps=794624 reward=170.27 pi_loss=-0.1257 vf_loss=13.3690 entropy=136.5013 kl=0.0201
[Iter 389/488] steps=796672 reward=136.98 pi_loss=-0.1313 vf_loss=7.9847 entropy=136.6264 kl=0.0237
[Iter 390/488] steps=798720 reward=33.52 pi_loss=-0.1485 vf_loss=10.6204 entropy=136.6142 kl=0.0223
[Iter 391/488] steps=800768 reward=172.66 pi_loss=-0.1344 vf_loss=11.0235 entropy=136.3179 kl=0.0176
  [Eval] mean_return=116.48 std_return=324.90
[Iter 392/488] steps=802816 reward=-80.50 pi_loss=-0.1496 vf_loss=14.3066 entropy=136.6449 kl=0.0236
[Iter 393/488] steps=804864 reward=92.74 pi_loss=-0.1262 vf_loss=10.8035 entropy=136.5634 kl=0.0189
[Iter 394/488] steps=806912 reward=109.53 pi_loss=-0.1321 vf_loss=30.3164 entropy=136.4147 kl=0.0157
[Iter 395/488] steps=808960 reward=43.15 pi_loss=-0.0634 vf_loss=11.6748 entropy=136.5441 kl=0.0181
[Iter 396/488] steps=811008 reward=56.35 pi_loss=-0.1465 vf_loss=17.6928 entropy=136.4847 kl=0.0208
  [Eval] mean_return=181.07 std_return=221.59
[Iter 397/488] steps=813056 reward=232.97 pi_loss=-0.1329 vf_loss=16.1190 entropy=136.4640 kl=0.0166
[Iter 398/488] steps=815104 reward=32.60 pi_loss=-0.1432 vf_loss=14.4979 entropy=136.4096 kl=0.0193
[Iter 399/488] steps=817152 reward=196.95 pi_loss=-0.0915 vf_loss=16.9374 entropy=136.8544 kl=0.0193
[Iter 400/488] steps=819200 reward=268.79 pi_loss=-0.1136 vf_loss=12.7256 entropy=136.7777 kl=0.0190
[Iter 401/488] steps=821248 reward=183.74 pi_loss=-0.1166 vf_loss=10.5493 entropy=136.4435 kl=0.0183
  [Eval] mean_return=253.37 std_return=194.82
[Iter 402/488] steps=823296 reward=4.19 pi_loss=-0.1671 vf_loss=37.5102 entropy=136.6139 kl=0.0159
[Iter 403/488] steps=825344 reward=272.26 pi_loss=-0.0977 vf_loss=14.3751 entropy=136.3358 kl=0.0186
[Iter 404/488] steps=827392 reward=257.73 pi_loss=-0.1305 vf_loss=15.4914 entropy=136.4173 kl=0.0179
[Iter 405/488] steps=829440 reward=196.69 pi_loss=-0.1294 vf_loss=10.2109 entropy=136.7324 kl=0.0239
[Iter 406/488] steps=831488 reward=129.58 pi_loss=-0.1238 vf_loss=12.1274 entropy=136.3967 kl=0.0195
  [Eval] mean_return=306.02 std_return=111.48
[Iter 407/488] steps=833536 reward=272.39 pi_loss=-0.1381 vf_loss=8.9392 entropy=136.6006 kl=0.0191
[Iter 408/488] steps=835584 reward=179.27 pi_loss=-0.0898 vf_loss=22.1241 entropy=136.6408 kl=0.0155
[Iter 409/488] steps=837632 reward=325.44 pi_loss=-0.1267 vf_loss=10.8976 entropy=136.5017 kl=0.0181
[Iter 410/488] steps=839680 reward=200.25 pi_loss=-0.1477 vf_loss=39.4552 entropy=136.2739 kl=0.0139
[Iter 411/488] steps=841728 reward=164.35 pi_loss=-0.0991 vf_loss=10.9077 entropy=136.6520 kl=0.0201
  [Eval] mean_return=327.41 std_return=147.48
[Iter 412/488] steps=843776 reward=233.38 pi_loss=-0.1007 vf_loss=25.4062 entropy=136.4830 kl=0.0156
[Iter 413/488] steps=845824 reward=150.64 pi_loss=-0.1794 vf_loss=19.7142 entropy=136.6498 kl=0.0204
[Iter 414/488] steps=847872 reward=72.23 pi_loss=-0.1686 vf_loss=15.4240 entropy=136.4875 kl=0.0183
[Iter 415/488] steps=849920 reward=172.72 pi_loss=-0.1152 vf_loss=18.2176 entropy=136.3539 kl=0.0181
[Iter 416/488] steps=851968 reward=123.90 pi_loss=-0.1053 vf_loss=10.6158 entropy=136.5015 kl=0.0206
  [Eval] mean_return=353.58 std_return=74.06
[Iter 417/488] steps=854016 reward=308.91 pi_loss=-0.1316 vf_loss=14.6748 entropy=136.4905 kl=0.0160
[Iter 418/488] steps=856064 reward=269.77 pi_loss=-0.0980 vf_loss=15.4774 entropy=136.5462 kl=0.0195
[Iter 419/488] steps=858112 reward=276.70 pi_loss=-0.1319 vf_loss=13.9459 entropy=136.6660 kl=0.0184
[Iter 420/488] steps=860160 reward=99.05 pi_loss=-0.1426 vf_loss=24.4226 entropy=136.7913 kl=0.0177
  [Eval] mean_return=277.40 std_return=166.62
[Iter 421/488] steps=862208 reward=243.54 pi_loss=-0.1232 vf_loss=18.5005 entropy=136.4049 kl=0.0178
[Iter 422/488] steps=864256 reward=145.49 pi_loss=-0.1326 vf_loss=13.3457 entropy=136.6427 kl=0.0183
[Iter 423/488] steps=866304 reward=177.37 pi_loss=-0.1147 vf_loss=14.9996 entropy=136.5249 kl=0.0160
[Iter 424/488] steps=868352 reward=179.17 pi_loss=-0.1656 vf_loss=15.4165 entropy=136.6344 kl=0.0197
[Iter 425/488] steps=870400 reward=240.19 pi_loss=-0.1252 vf_loss=12.1968 entropy=136.5578 kl=0.0176
  [Eval] mean_return=354.67 std_return=127.71
[Iter 426/488] steps=872448 reward=253.00 pi_loss=-0.1368 vf_loss=12.1299 entropy=136.4794 kl=0.0175
[Iter 427/488] steps=874496 reward=302.31 pi_loss=-0.1214 vf_loss=9.7552 entropy=136.7133 kl=0.0172
[Iter 428/488] steps=876544 reward=147.87 pi_loss=-0.1128 vf_loss=29.7159 entropy=136.2964 kl=0.0144
[Iter 429/488] steps=878592 reward=219.61 pi_loss=-0.1302 vf_loss=17.1946 entropy=136.4281 kl=0.0141
[Iter 430/488] steps=880640 reward=143.17 pi_loss=-0.1126 vf_loss=14.3455 entropy=136.6761 kl=0.0178
  [Eval] mean_return=247.10 std_return=181.70
[Iter 431/488] steps=882688 reward=267.69 pi_loss=-0.0998 vf_loss=9.8083 entropy=136.2487 kl=0.0157
[Iter 432/488] steps=884736 reward=292.92 pi_loss=-0.1388 vf_loss=12.9118 entropy=136.2852 kl=0.0165
[Iter 433/488] steps=886784 reward=287.40 pi_loss=-0.1066 vf_loss=12.9757 entropy=136.4478 kl=0.0133
[Iter 434/488] steps=888832 reward=266.72 pi_loss=-0.0967 vf_loss=13.8625 entropy=136.6358 kl=0.0166
[Iter 435/488] steps=890880 reward=267.66 pi_loss=-0.0992 vf_loss=17.0720 entropy=136.6075 kl=0.0144
  [Eval] mean_return=353.82 std_return=113.44
[Iter 436/488] steps=892928 reward=326.76 pi_loss=-0.1035 vf_loss=9.6718 entropy=136.6193 kl=0.0182
[Iter 437/488] steps=894976 reward=298.11 pi_loss=-0.1264 vf_loss=12.0157 entropy=136.4834 kl=0.0146
[Iter 438/488] steps=897024 reward=325.28 pi_loss=-0.1458 vf_loss=13.3299 entropy=136.6736 kl=0.0165
[Iter 439/488] steps=899072 reward=89.35 pi_loss=-0.1080 vf_loss=17.8621 entropy=136.2920 kl=0.0149
[Iter 440/488] steps=901120 reward=292.06 pi_loss=-0.1223 vf_loss=10.8461 entropy=136.6149 kl=0.0167
  [Eval] mean_return=237.15 std_return=194.65
[Iter 441/488] steps=903168 reward=239.46 pi_loss=-0.1028 vf_loss=16.0785 entropy=136.5396 kl=0.0148
[Iter 442/488] steps=905216 reward=285.63 pi_loss=-0.1040 vf_loss=12.6874 entropy=136.5381 kl=0.0128
[Iter 443/488] steps=907264 reward=234.38 pi_loss=-0.0862 vf_loss=15.9301 entropy=136.5301 kl=0.0148
[Iter 444/488] steps=909312 reward=296.98 pi_loss=-0.1273 vf_loss=10.6128 entropy=136.4731 kl=0.0168
[Iter 445/488] steps=911360 reward=266.13 pi_loss=-0.1236 vf_loss=18.2819 entropy=136.4644 kl=0.0124
  [Eval] mean_return=296.37 std_return=49.14
[Iter 446/488] steps=913408 reward=258.69 pi_loss=-0.1206 vf_loss=11.0428 entropy=136.5232 kl=0.0153
[Iter 447/488] steps=915456 reward=217.42 pi_loss=-0.1064 vf_loss=14.8606 entropy=136.5127 kl=0.0138
[Iter 448/488] steps=917504 reward=303.34 pi_loss=-0.1159 vf_loss=8.9535 entropy=136.1828 kl=0.0151
[Iter 449/488] steps=919552 reward=282.12 pi_loss=-0.0945 vf_loss=16.5778 entropy=136.4920 kl=0.0152
[Iter 450/488] steps=921600 reward=18.56 pi_loss=-0.1204 vf_loss=11.8162 entropy=136.3483 kl=0.0183
  [Eval] mean_return=281.33 std_return=89.03
[Iter 451/488] steps=923648 reward=317.23 pi_loss=-0.1409 vf_loss=10.3513 entropy=136.5110 kl=0.0143
[Iter 452/488] steps=925696 reward=292.66 pi_loss=-0.1037 vf_loss=13.9027 entropy=136.4088 kl=0.0118
[Iter 453/488] steps=927744 reward=89.31 pi_loss=-0.1253 vf_loss=25.1459 entropy=136.2460 kl=0.0117
[Iter 454/488] steps=929792 reward=262.84 pi_loss=-0.1429 vf_loss=19.6261 entropy=136.6564 kl=0.0144
[Iter 455/488] steps=931840 reward=-19.75 pi_loss=-0.0938 vf_loss=10.2886 entropy=136.5276 kl=0.0134
  [Eval] mean_return=294.31 std_return=171.00
[Iter 456/488] steps=933888 reward=249.34 pi_loss=-0.1384 vf_loss=13.4087 entropy=136.3711 kl=0.0127
[Iter 457/488] steps=935936 reward=310.15 pi_loss=-0.1674 vf_loss=16.5358 entropy=136.5798 kl=0.0156
[Iter 458/488] steps=937984 reward=98.87 pi_loss=-0.0885 vf_loss=26.9450 entropy=136.4947 kl=0.0099
[Iter 459/488] steps=940032 reward=225.53 pi_loss=-0.1188 vf_loss=15.6987 entropy=136.5555 kl=0.0135
  [Eval] mean_return=245.38 std_return=215.81
[Iter 460/488] steps=942080 reward=297.05 pi_loss=-0.1096 vf_loss=12.9542 entropy=136.5797 kl=0.0117
[Iter 461/488] steps=944128 reward=108.16 pi_loss=-0.0888 vf_loss=15.3972 entropy=136.3166 kl=0.0127
[Iter 462/488] steps=946176 reward=231.12 pi_loss=-0.1105 vf_loss=10.7253 entropy=136.3307 kl=0.0152
[Iter 463/488] steps=948224 reward=275.50 pi_loss=-0.1012 vf_loss=12.9743 entropy=136.1908 kl=0.0107
[Iter 464/488] steps=950272 reward=296.19 pi_loss=-0.0873 vf_loss=26.2345 entropy=136.1949 kl=0.0090
  [Eval] mean_return=40.81 std_return=195.16
[Iter 465/488] steps=952320 reward=-86.84 pi_loss=-0.1161 vf_loss=34.9769 entropy=136.5468 kl=0.0109
[Iter 466/488] steps=954368 reward=11.96 pi_loss=-0.1257 vf_loss=26.5971 entropy=136.5255 kl=0.0116
[Iter 467/488] steps=956416 reward=149.85 pi_loss=-0.0880 vf_loss=15.7553 entropy=136.1300 kl=0.0100
[Iter 468/488] steps=958464 reward=16.60 pi_loss=-0.0979 vf_loss=25.0449 entropy=136.3326 kl=0.0103
[Iter 469/488] steps=960512 reward=-53.63 pi_loss=-0.1116 vf_loss=17.3546 entropy=136.4798 kl=0.0134
  [Eval] mean_return=237.93 std_return=141.92
[Iter 470/488] steps=962560 reward=220.25 pi_loss=-0.1138 vf_loss=16.2622 entropy=136.4798 kl=0.0128
[Iter 471/488] steps=964608 reward=66.05 pi_loss=-0.1132 vf_loss=18.7636 entropy=136.5319 kl=0.0109
[Iter 472/488] steps=966656 reward=4.62 pi_loss=-0.0959 vf_loss=15.8033 entropy=136.5689 kl=0.0125
[Iter 473/488] steps=968704 reward=43.16 pi_loss=-0.0656 vf_loss=14.8152 entropy=136.3877 kl=0.0103
[Iter 474/488] steps=970752 reward=284.95 pi_loss=-0.0875 vf_loss=12.7274 entropy=136.3525 kl=0.0085
  [Eval] mean_return=265.92 std_return=139.22
[Iter 475/488] steps=972800 reward=269.06 pi_loss=-0.0690 vf_loss=15.7859 entropy=136.4798 kl=0.0076
[Iter 476/488] steps=974848 reward=221.78 pi_loss=-0.0727 vf_loss=17.9718 entropy=136.2743 kl=0.0089
[Iter 477/488] steps=976896 reward=81.71 pi_loss=-0.0766 vf_loss=38.4426 entropy=136.5381 kl=0.0063
[Iter 478/488] steps=978944 reward=-209.96 pi_loss=-0.0663 vf_loss=13.7386 entropy=136.2705 kl=0.0090
[Iter 479/488] steps=980992 reward=332.89 pi_loss=-0.0952 vf_loss=21.5049 entropy=136.3927 kl=0.0067
  [Eval] mean_return=225.02 std_return=145.87
[Iter 480/488] steps=983040 reward=-74.96 pi_loss=-0.0777 vf_loss=30.3396 entropy=136.4013 kl=0.0043
[Iter 481/488] steps=985088 reward=306.73 pi_loss=-0.0637 vf_loss=11.5135 entropy=136.1798 kl=0.0081
[Iter 482/488] steps=987136 reward=304.28 pi_loss=-0.0768 vf_loss=9.5449 entropy=136.2708 kl=0.0067
[Iter 483/488] steps=989184 reward=293.62 pi_loss=-0.0589 vf_loss=14.5279 entropy=136.2732 kl=0.0061
[Iter 484/488] steps=991232 reward=325.84 pi_loss=-0.0614 vf_loss=17.5846 entropy=136.2746 kl=0.0035
  [Eval] mean_return=161.02 std_return=288.29
[Iter 485/488] steps=993280 reward=289.21 pi_loss=-0.0448 vf_loss=11.6025 entropy=136.1595 kl=0.0055
[Iter 486/488] steps=995328 reward=98.25 pi_loss=-0.0466 vf_loss=21.9901 entropy=136.1252 kl=0.0009
[Iter 487/488] steps=997376 reward=279.46 pi_loss=-0.0559 vf_loss=15.0191 entropy=136.0241 kl=0.0009
[Iter 488/488] steps=999424 reward=312.67 pi_loss=-0.0429 vf_loss=13.9114 entropy=136.2309 kl=0.0008
Training complete. Logs saved to results/K_ablation/K16_intra_chain/seed_42
