[Iter 1/488] steps=2048 reward=10.79 pi_loss=-0.0338 vf_loss=5.6899 entropy=68.8311 kl=0.0562
[Iter 2/488] steps=4096 reward=79.67 pi_loss=-0.0249 vf_loss=38.4310 entropy=68.6777 kl=0.0447
[Iter 3/488] steps=6144 reward=43.25 pi_loss=-0.0293 vf_loss=19.8080 entropy=68.9618 kl=0.0556
[Iter 4/488] steps=8192 reward=38.52 pi_loss=-0.0340 vf_loss=1.9957 entropy=69.5642 kl=0.0713
[Iter 5/488] steps=10240 reward=38.31 pi_loss=-0.0325 vf_loss=0.6273 entropy=69.1140 kl=0.0680
  [Eval] mean_return=37.70 std_return=1.01
[Iter 6/488] steps=12288 reward=40.23 pi_loss=-0.0369 vf_loss=0.8133 entropy=69.2712 kl=0.0680
[Iter 7/488] steps=14336 reward=61.87 pi_loss=-0.0272 vf_loss=15.4443 entropy=68.9882 kl=0.0521
[Iter 8/488] steps=16384 reward=2.44 pi_loss=-0.0242 vf_loss=15.5869 entropy=69.0317 kl=0.0612
[Iter 9/488] steps=18432 reward=-1.83 pi_loss=-0.0339 vf_loss=2.3924 entropy=69.4299 kl=0.0756
[Iter 10/488] steps=20480 reward=1.63 pi_loss=-0.0447 vf_loss=0.7059 entropy=69.1441 kl=0.0800
  [Eval] mean_return=2.58 std_return=0.15
[Iter 11/488] steps=22528 reward=2.70 pi_loss=-0.0403 vf_loss=0.0287 entropy=69.8807 kl=0.0977
[Iter 12/488] steps=24576 reward=2.68 pi_loss=-0.0379 vf_loss=0.0134 entropy=69.4128 kl=0.0726
[Iter 13/488] steps=26624 reward=2.39 pi_loss=-0.0280 vf_loss=0.0456 entropy=69.0359 kl=0.0632
[Iter 14/488] steps=28672 reward=1.55 pi_loss=-0.0255 vf_loss=0.0627 entropy=68.9687 kl=0.0589
[Iter 15/488] steps=30720 reward=0.85 pi_loss=-0.0405 vf_loss=0.0196 entropy=69.2839 kl=0.0744
  [Eval] mean_return=0.80 std_return=0.07
[Iter 16/488] steps=32768 reward=0.78 pi_loss=-0.0369 vf_loss=0.0061 entropy=69.1049 kl=0.0695
[Iter 17/488] steps=34816 reward=0.77 pi_loss=-0.0411 vf_loss=0.0070 entropy=69.4639 kl=0.0777
[Iter 18/488] steps=36864 reward=0.77 pi_loss=-0.0405 vf_loss=0.0042 entropy=69.2294 kl=0.0735
[Iter 19/488] steps=38912 reward=0.80 pi_loss=-0.0470 vf_loss=0.0048 entropy=69.3611 kl=0.0722
[Iter 20/488] steps=40960 reward=1.34 pi_loss=-0.0594 vf_loss=0.0221 entropy=69.6895 kl=0.0938
  [Eval] mean_return=2.15 std_return=0.01
[Iter 21/488] steps=43008 reward=2.02 pi_loss=-0.0477 vf_loss=0.0063 entropy=69.8727 kl=0.1031
[Iter 22/488] steps=45056 reward=2.14 pi_loss=-0.0491 vf_loss=0.0007 entropy=72.2907 kl=0.2546
[Iter 23/488] steps=47104 reward=2.25 pi_loss=-0.0332 vf_loss=0.0066 entropy=69.4413 kl=0.0711
[Iter 24/488] steps=49152 reward=2.53 pi_loss=-0.0573 vf_loss=0.0150 entropy=69.7400 kl=0.1028
[Iter 25/488] steps=51200 reward=3.06 pi_loss=-0.0571 vf_loss=0.0526 entropy=69.4332 kl=0.0911
  [Eval] mean_return=4.14 std_return=0.61
[Iter 26/488] steps=53248 reward=3.93 pi_loss=-0.0501 vf_loss=0.1278 entropy=69.6239 kl=0.0936
[Iter 27/488] steps=55296 reward=4.86 pi_loss=-0.0469 vf_loss=0.0398 entropy=71.1094 kl=0.1784
[Iter 28/488] steps=57344 reward=4.99 pi_loss=-0.0400 vf_loss=0.0102 entropy=69.5003 kl=0.0830
[Iter 29/488] steps=59392 reward=5.01 pi_loss=-0.0435 vf_loss=0.0050 entropy=69.4867 kl=0.0787
[Iter 30/488] steps=61440 reward=5.00 pi_loss=-0.0449 vf_loss=0.0031 entropy=69.3198 kl=0.0866
  [Eval] mean_return=4.91 std_return=0.06
[Iter 31/488] steps=63488 reward=4.97 pi_loss=-0.0442 vf_loss=0.0025 entropy=69.6022 kl=0.0848
[Iter 32/488] steps=65536 reward=4.93 pi_loss=-0.0439 vf_loss=0.0016 entropy=69.5949 kl=0.0884
[Iter 33/488] steps=67584 reward=4.99 pi_loss=-0.0571 vf_loss=0.0267 entropy=70.0716 kl=0.1188
[Iter 34/488] steps=69632 reward=6.57 pi_loss=-0.0543 vf_loss=1.7925 entropy=69.7077 kl=0.1045
[Iter 35/488] steps=71680 reward=29.71 pi_loss=-0.0564 vf_loss=36.6378 entropy=69.5820 kl=0.0908
  [Eval] mean_return=37.12 std_return=0.79
[Iter 36/488] steps=73728 reward=38.08 pi_loss=-0.0532 vf_loss=5.9296 entropy=70.4799 kl=0.1387
[Iter 37/488] steps=75776 reward=37.61 pi_loss=-0.0529 vf_loss=0.2588 entropy=80.2691 kl=0.6458
[Iter 38/488] steps=77824 reward=97.87 pi_loss=-0.0098 vf_loss=23.1696 entropy=69.2619 kl=0.0634
[Iter 39/488] steps=79872 reward=529.59 pi_loss=-0.0467 vf_loss=11.5893 entropy=69.4648 kl=0.0850
[Iter 40/488] steps=81920 reward=11.74 pi_loss=-0.0278 vf_loss=35.5246 entropy=69.4141 kl=0.0881
  [Eval] mean_return=-2.57 std_return=0.19
[Iter 41/488] steps=83968 reward=-2.15 pi_loss=-0.0427 vf_loss=5.7938 entropy=70.1652 kl=0.1258
[Iter 42/488] steps=86016 reward=-2.43 pi_loss=-0.0498 vf_loss=0.1679 entropy=70.6594 kl=0.1593
[Iter 43/488] steps=88064 reward=-2.41 pi_loss=-0.0431 vf_loss=0.0226 entropy=70.4539 kl=0.1336
[Iter 44/488] steps=90112 reward=-2.40 pi_loss=-0.0438 vf_loss=0.0266 entropy=70.6690 kl=0.1605
  [Eval] mean_return=-2.06 std_return=0.41
[Iter 45/488] steps=92160 reward=-1.95 pi_loss=-0.0458 vf_loss=0.0814 entropy=71.0709 kl=0.1793
[Iter 46/488] steps=94208 reward=-0.77 pi_loss=-0.0502 vf_loss=0.1243 entropy=70.5337 kl=0.1465
[Iter 47/488] steps=96256 reward=-0.60 pi_loss=-0.0475 vf_loss=0.0456 entropy=70.8049 kl=0.1555
[Iter 48/488] steps=98304 reward=-0.71 pi_loss=-0.0496 vf_loss=0.0826 entropy=69.8396 kl=0.0994
[Iter 49/488] steps=100352 reward=-0.50 pi_loss=-0.0539 vf_loss=0.0685 entropy=69.9747 kl=0.1098
  [Eval] mean_return=0.15 std_return=0.51
[Iter 50/488] steps=102400 reward=0.54 pi_loss=-0.0609 vf_loss=0.0872 entropy=70.2219 kl=0.1366
[Iter 51/488] steps=104448 reward=1.44 pi_loss=-0.0629 vf_loss=0.0544 entropy=70.5377 kl=0.1538
[Iter 52/488] steps=106496 reward=1.76 pi_loss=-0.0574 vf_loss=0.0255 entropy=71.0023 kl=0.1718
[Iter 53/488] steps=108544 reward=1.88 pi_loss=-0.0597 vf_loss=0.0270 entropy=70.4956 kl=0.1481
[Iter 54/488] steps=110592 reward=1.87 pi_loss=-0.0492 vf_loss=0.0097 entropy=70.3782 kl=0.1396
  [Eval] mean_return=1.96 std_return=0.03
[Iter 55/488] steps=112640 reward=1.96 pi_loss=-0.0567 vf_loss=0.0015 entropy=70.0479 kl=0.1097
[Iter 56/488] steps=114688 reward=2.05 pi_loss=-0.0602 vf_loss=0.0009 entropy=70.0926 kl=0.1287
[Iter 57/488] steps=116736 reward=2.13 pi_loss=-0.0576 vf_loss=0.0005 entropy=71.1866 kl=0.1966
[Iter 58/488] steps=118784 reward=2.16 pi_loss=-0.0508 vf_loss=0.0001 entropy=70.0767 kl=0.1260
[Iter 59/488] steps=120832 reward=2.16 pi_loss=-0.0493 vf_loss=0.0001 entropy=69.9358 kl=0.1202
  [Eval] mean_return=2.15 std_return=0.01
[Iter 60/488] steps=122880 reward=2.16 pi_loss=-0.0744 vf_loss=0.0005 entropy=92.9617 kl=1.2459
[Iter 61/488] steps=124928 reward=4.92 pi_loss=-0.0085 vf_loss=0.0184 entropy=70.4122 kl=0.1411
[Iter 62/488] steps=126976 reward=5.02 pi_loss=-0.0516 vf_loss=0.0239 entropy=72.0238 kl=0.2475
[Iter 63/488] steps=129024 reward=7.17 pi_loss=-0.0511 vf_loss=0.5179 entropy=72.3663 kl=0.2548
[Iter 64/488] steps=131072 reward=16.98 pi_loss=-0.0409 vf_loss=3.2801 entropy=69.9321 kl=0.1149
  [Eval] mean_return=31.40 std_return=2.78
[Iter 65/488] steps=133120 reward=37.51 pi_loss=-0.0330 vf_loss=23.1533 entropy=69.2545 kl=0.0804
[Iter 66/488] steps=135168 reward=73.54 pi_loss=-0.0256 vf_loss=11.0358 entropy=69.6757 kl=0.0826
[Iter 67/488] steps=137216 reward=53.93 pi_loss=-0.0371 vf_loss=8.0475 entropy=69.5174 kl=0.0909
[Iter 68/488] steps=139264 reward=37.71 pi_loss=-0.0329 vf_loss=5.5286 entropy=69.7240 kl=0.1011
[Iter 69/488] steps=141312 reward=37.39 pi_loss=-0.0447 vf_loss=0.7610 entropy=70.5698 kl=0.1564
  [Eval] mean_return=38.42 std_return=0.84
[Iter 70/488] steps=143360 reward=37.65 pi_loss=-0.0282 vf_loss=0.2121 entropy=70.2907 kl=0.1314
[Iter 71/488] steps=145408 reward=37.61 pi_loss=-0.0306 vf_loss=0.1159 entropy=69.9015 kl=0.1156
[Iter 72/488] steps=147456 reward=37.62 pi_loss=-0.0393 vf_loss=0.1571 entropy=70.1651 kl=0.1296
[Iter 73/488] steps=149504 reward=37.58 pi_loss=-0.0381 vf_loss=0.1204 entropy=69.9806 kl=0.1102
[Iter 74/488] steps=151552 reward=37.73 pi_loss=-0.0372 vf_loss=0.1322 entropy=69.9186 kl=0.1224
  [Eval] mean_return=37.64 std_return=0.59
[Iter 75/488] steps=153600 reward=37.73 pi_loss=-0.0391 vf_loss=0.1254 entropy=73.7313 kl=0.3326
[Iter 76/488] steps=155648 reward=37.75 pi_loss=-0.0055 vf_loss=0.1931 entropy=71.0109 kl=0.1730
[Iter 77/488] steps=157696 reward=41.38 pi_loss=-0.0638 vf_loss=0.8954 entropy=105.0742 kl=1.9091
[Iter 78/488] steps=159744 reward=-2.05 pi_loss=-0.1273 vf_loss=4.5535 entropy=1452.4310 kl=8.7398
[Iter 79/488] steps=161792 reward=-2.43 pi_loss=-0.1204 vf_loss=0.3179 entropy=2516.2377 kl=10.9844
  [Eval] mean_return=-2.55 std_return=0.27
[Iter 80/488] steps=163840 reward=-2.43 pi_loss=-0.1401 vf_loss=0.0243 entropy=6027.4348 kl=11.1922
[Iter 81/488] steps=165888 reward=-2.40 pi_loss=0.0284 vf_loss=0.0159 entropy=124.7057 kl=0.9175
[Iter 82/488] steps=167936 reward=-2.45 pi_loss=0.0190 vf_loss=0.0130 entropy=69.0682 kl=0.0676
[Iter 83/488] steps=169984 reward=-2.42 pi_loss=0.0039 vf_loss=0.0132 entropy=69.4870 kl=0.0889
[Iter 84/488] steps=172032 reward=-2.45 pi_loss=-0.0122 vf_loss=0.0119 entropy=69.8450 kl=0.1091
  [Eval] mean_return=-2.28 std_return=0.39
[Iter 85/488] steps=174080 reward=-2.40 pi_loss=-0.0226 vf_loss=0.0157 entropy=70.2518 kl=0.1315
[Iter 86/488] steps=176128 reward=-2.36 pi_loss=-0.0330 vf_loss=0.0142 entropy=70.4002 kl=0.1501
[Iter 87/488] steps=178176 reward=-2.37 pi_loss=-0.0337 vf_loss=0.0161 entropy=70.5252 kl=0.1484
[Iter 88/488] steps=180224 reward=-2.43 pi_loss=-0.0348 vf_loss=0.0121 entropy=70.0488 kl=0.1342
  [Eval] mean_return=-2.43 std_return=0.19
[Iter 89/488] steps=182272 reward=-2.39 pi_loss=-0.0271 vf_loss=0.0152 entropy=70.2604 kl=0.1339
[Iter 90/488] steps=184320 reward=-2.45 pi_loss=-0.0286 vf_loss=0.0115 entropy=70.1056 kl=0.1336
[Iter 91/488] steps=186368 reward=-2.39 pi_loss=-0.0212 vf_loss=0.0127 entropy=70.4471 kl=0.1519
[Iter 92/488] steps=188416 reward=-2.38 pi_loss=-0.0315 vf_loss=0.0129 entropy=70.2666 kl=0.1318
[Iter 93/488] steps=190464 reward=-2.42 pi_loss=-0.0376 vf_loss=0.0120 entropy=72.5214 kl=0.2724
  [Eval] mean_return=-2.11 std_return=0.36
[Iter 94/488] steps=192512 reward=-1.85 pi_loss=-0.0360 vf_loss=0.0411 entropy=78.7799 kl=0.5861
[Iter 95/488] steps=194560 reward=-0.64 pi_loss=-0.0954 vf_loss=0.0087 entropy=183.4865 kl=3.5401
[Iter 96/488] steps=196608 reward=0.84 pi_loss=-0.0989 vf_loss=0.0297 entropy=3166.6541 kl=12.7450
[Iter 97/488] steps=198656 reward=0.75 pi_loss=0.0214 vf_loss=0.0028 entropy=69.2812 kl=0.0700
[Iter 98/488] steps=200704 reward=0.75 pi_loss=0.0068 vf_loss=0.0023 entropy=69.0074 kl=0.0403
  [Eval] mean_return=0.74 std_return=0.06
[Iter 99/488] steps=202752 reward=0.74 pi_loss=0.0054 vf_loss=0.0025 entropy=68.6794 kl=0.0362
[Iter 100/488] steps=204800 reward=0.75 pi_loss=0.0045 vf_loss=0.0025 entropy=68.6137 kl=0.0366
[Iter 101/488] steps=206848 reward=0.75 pi_loss=0.0070 vf_loss=0.0054 entropy=68.6346 kl=0.0421
[Iter 102/488] steps=208896 reward=0.75 pi_loss=-0.0040 vf_loss=0.0021 entropy=68.6589 kl=0.0471
[Iter 103/488] steps=210944 reward=0.75 pi_loss=-0.0216 vf_loss=0.0019 entropy=69.3316 kl=0.0700
  [Eval] mean_return=0.80 std_return=0.07
[Iter 104/488] steps=212992 reward=0.75 pi_loss=-0.0302 vf_loss=0.0018 entropy=69.9274 kl=0.1102
[Iter 105/488] steps=215040 reward=0.75 pi_loss=-0.0341 vf_loss=0.0021 entropy=74.5905 kl=0.4150
[Iter 106/488] steps=217088 reward=0.48 pi_loss=-0.0301 vf_loss=0.0418 entropy=81.6667 kl=0.6935
[Iter 107/488] steps=219136 reward=-0.64 pi_loss=-0.0940 vf_loss=0.0220 entropy=1833.3034 kl=6.3417
[Iter 108/488] steps=221184 reward=-0.64 pi_loss=0.0264 vf_loss=0.0045 entropy=69.2784 kl=0.0722
  [Eval] mean_return=-0.64 std_return=0.08
[Iter 109/488] steps=223232 reward=-0.64 pi_loss=0.0084 vf_loss=0.0033 entropy=68.8788 kl=0.0420
[Iter 110/488] steps=225280 reward=-0.63 pi_loss=0.0070 vf_loss=0.0038 entropy=68.9047 kl=0.0469
[Iter 111/488] steps=227328 reward=-0.63 pi_loss=-0.0125 vf_loss=0.0036 entropy=69.3039 kl=0.0711
[Iter 112/488] steps=229376 reward=-0.64 pi_loss=-0.0406 vf_loss=0.0035 entropy=70.0316 kl=0.1241
[Iter 113/488] steps=231424 reward=-0.61 pi_loss=-0.0635 vf_loss=0.0081 entropy=87.4584 kl=0.9721
  [Eval] mean_return=0.73 std_return=0.07
[Iter 114/488] steps=233472 reward=0.75 pi_loss=-0.0059 vf_loss=0.0096 entropy=69.7777 kl=0.1098
[Iter 115/488] steps=235520 reward=0.75 pi_loss=-0.0334 vf_loss=0.0023 entropy=83.0309 kl=0.8260
[Iter 116/488] steps=237568 reward=-0.59 pi_loss=-0.0301 vf_loss=0.0145 entropy=79.0026 kl=0.6026
[Iter 117/488] steps=239616 reward=0.76 pi_loss=-0.0686 vf_loss=0.0060 entropy=123.0913 kl=2.0049
[Iter 118/488] steps=241664 reward=-0.65 pi_loss=0.0092 vf_loss=0.0081 entropy=69.5981 kl=0.0838
  [Eval] mean_return=-0.64 std_return=0.09
[Iter 119/488] steps=243712 reward=-0.63 pi_loss=-0.0459 vf_loss=0.0034 entropy=87.8358 kl=0.9830
[Iter 120/488] steps=245760 reward=0.76 pi_loss=-0.0756 vf_loss=0.0100 entropy=152.1635 kl=2.5566
[Iter 121/488] steps=247808 reward=-0.62 pi_loss=0.0023 vf_loss=0.0057 entropy=70.6941 kl=0.1528
[Iter 122/488] steps=249856 reward=-0.58 pi_loss=-0.0394 vf_loss=0.0047 entropy=81.9191 kl=0.7505
[Iter 123/488] steps=251904 reward=0.81 pi_loss=-0.0127 vf_loss=0.0080 entropy=82.5366 kl=0.7689
  [Eval] mean_return=1.57 std_return=0.23
[Iter 124/488] steps=253952 reward=1.55 pi_loss=-0.0023 vf_loss=0.0168 entropy=73.0132 kl=0.2843
[Iter 125/488] steps=256000 reward=2.16 pi_loss=0.0131 vf_loss=0.0022 entropy=69.6035 kl=0.0876
[Iter 126/488] steps=258048 reward=2.16 pi_loss=0.0078 vf_loss=0.0001 entropy=70.0986 kl=0.1310
[Iter 127/488] steps=260096 reward=2.16 pi_loss=-0.0114 vf_loss=0.0001 entropy=69.6882 kl=0.0968
  [Eval] mean_return=2.15 std_return=0.01
[Iter 128/488] steps=262144 reward=2.16 pi_loss=-0.0034 vf_loss=0.0001 entropy=70.3234 kl=0.1406
[Iter 129/488] steps=264192 reward=2.16 pi_loss=-0.0164 vf_loss=0.0001 entropy=69.8159 kl=0.1119
[Iter 130/488] steps=266240 reward=2.16 pi_loss=-0.0787 vf_loss=0.0001 entropy=127.8706 kl=2.2376
[Iter 131/488] steps=268288 reward=2.16 pi_loss=0.0200 vf_loss=0.0002 entropy=69.6855 kl=0.0961
[Iter 132/488] steps=270336 reward=2.16 pi_loss=0.0144 vf_loss=0.0001 entropy=69.7091 kl=0.1028
  [Eval] mean_return=2.17 std_return=0.02
[Iter 133/488] steps=272384 reward=2.16 pi_loss=0.0125 vf_loss=0.0001 entropy=69.7737 kl=0.1054
[Iter 134/488] steps=274432 reward=2.16 pi_loss=0.0069 vf_loss=0.0001 entropy=69.8108 kl=0.1139
[Iter 135/488] steps=276480 reward=2.16 pi_loss=0.0148 vf_loss=0.0003 entropy=70.6119 kl=0.1515
[Iter 136/488] steps=278528 reward=2.16 pi_loss=-0.0498 vf_loss=0.0021 entropy=493.1231 kl=6.0363
[Iter 137/488] steps=280576 reward=2.16 pi_loss=0.0372 vf_loss=0.0001 entropy=70.4523 kl=0.1543
  [Eval] mean_return=2.16 std_return=0.02
[Iter 138/488] steps=282624 reward=2.16 pi_loss=0.0177 vf_loss=0.0000 entropy=70.4311 kl=0.1478
[Iter 139/488] steps=284672 reward=2.16 pi_loss=0.0101 vf_loss=0.0003 entropy=70.1193 kl=0.1196
[Iter 140/488] steps=286720 reward=2.16 pi_loss=0.0036 vf_loss=0.0000 entropy=70.1052 kl=0.1244
[Iter 141/488] steps=288768 reward=2.16 pi_loss=0.0272 vf_loss=0.0001 entropy=71.1540 kl=0.1841
[Iter 142/488] steps=290816 reward=2.16 pi_loss=-0.0093 vf_loss=0.0004 entropy=106.0530 kl=1.3539
  [Eval] mean_return=2.16 std_return=0.02
[Iter 143/488] steps=292864 reward=2.16 pi_loss=-0.0912 vf_loss=0.0065 entropy=1538.1084 kl=8.5985
[Iter 144/488] steps=294912 reward=2.16 pi_loss=-0.0970 vf_loss=0.0001 entropy=1841.5329 kl=9.3465
[Iter 145/488] steps=296960 reward=2.16 pi_loss=0.0684 vf_loss=0.0001 entropy=72.3003 kl=0.2575
[Iter 146/488] steps=299008 reward=2.16 pi_loss=0.0386 vf_loss=0.0001 entropy=70.4478 kl=0.1412
[Iter 147/488] steps=301056 reward=2.16 pi_loss=-0.0367 vf_loss=0.0001 entropy=1233.3831 kl=5.1431
  [Eval] mean_return=2.16 std_return=0.02
[Iter 148/488] steps=303104 reward=2.16 pi_loss=0.0345 vf_loss=0.0001 entropy=69.9590 kl=0.1095
[Iter 149/488] steps=305152 reward=2.16 pi_loss=0.0322 vf_loss=0.0001 entropy=70.0976 kl=0.1169
[Iter 150/488] steps=307200 reward=2.16 pi_loss=0.0234 vf_loss=0.0001 entropy=69.5843 kl=0.0868
[Iter 151/488] steps=309248 reward=2.16 pi_loss=0.0224 vf_loss=0.0001 entropy=69.5295 kl=0.0797
[Iter 152/488] steps=311296 reward=2.16 pi_loss=0.0237 vf_loss=0.0006 entropy=69.5013 kl=0.0905
  [Eval] mean_return=2.16 std_return=0.02
[Iter 153/488] steps=313344 reward=2.16 pi_loss=0.0274 vf_loss=0.0000 entropy=69.3798 kl=0.0953
[Iter 154/488] steps=315392 reward=2.16 pi_loss=0.0309 vf_loss=0.0002 entropy=69.8750 kl=0.1066
[Iter 155/488] steps=317440 reward=2.16 pi_loss=0.0277 vf_loss=0.0001 entropy=69.7423 kl=0.0953
[Iter 156/488] steps=319488 reward=2.16 pi_loss=0.0280 vf_loss=0.0007 entropy=69.7467 kl=0.1005
[Iter 157/488] steps=321536 reward=2.16 pi_loss=0.0251 vf_loss=0.0001 entropy=69.6224 kl=0.0928
  [Eval] mean_return=2.16 std_return=0.02
[Iter 158/488] steps=323584 reward=2.16 pi_loss=0.0240 vf_loss=0.0001 entropy=69.6792 kl=0.0922
[Iter 159/488] steps=325632 reward=2.16 pi_loss=0.0289 vf_loss=0.0002 entropy=69.8921 kl=0.1058
[Iter 160/488] steps=327680 reward=2.16 pi_loss=0.0219 vf_loss=0.0007 entropy=69.5587 kl=0.0855
[Iter 161/488] steps=329728 reward=2.16 pi_loss=0.0243 vf_loss=0.0001 entropy=69.4744 kl=0.0868
[Iter 162/488] steps=331776 reward=2.16 pi_loss=0.0244 vf_loss=0.0001 entropy=69.5432 kl=0.0958
  [Eval] mean_return=2.15 std_return=0.02
[Iter 163/488] steps=333824 reward=2.16 pi_loss=0.0290 vf_loss=0.0001 entropy=69.8782 kl=0.1077
[Iter 164/488] steps=335872 reward=2.16 pi_loss=0.0248 vf_loss=0.0001 entropy=69.4721 kl=0.0887
[Iter 165/488] steps=337920 reward=2.16 pi_loss=0.0265 vf_loss=0.0002 entropy=69.5290 kl=0.0925
[Iter 166/488] steps=339968 reward=2.16 pi_loss=0.0295 vf_loss=0.0013 entropy=69.6595 kl=0.0977
[Iter 167/488] steps=342016 reward=2.16 pi_loss=0.0290 vf_loss=0.0000 entropy=69.8767 kl=0.0980
  [Eval] mean_return=2.16 std_return=0.02
[Iter 168/488] steps=344064 reward=2.16 pi_loss=0.0195 vf_loss=0.0001 entropy=69.2771 kl=0.0718
[Iter 169/488] steps=346112 reward=2.16 pi_loss=0.0251 vf_loss=0.0003 entropy=69.3385 kl=0.0824
[Iter 170/488] steps=348160 reward=2.16 pi_loss=0.0211 vf_loss=0.0000 entropy=69.2448 kl=0.0776
[Iter 171/488] steps=350208 reward=2.16 pi_loss=0.0249 vf_loss=0.0000 entropy=69.2642 kl=0.0881
  [Eval] mean_return=2.15 std_return=0.01
[Iter 172/488] steps=352256 reward=2.16 pi_loss=0.0276 vf_loss=0.0016 entropy=69.6674 kl=0.1021
[Iter 173/488] steps=354304 reward=2.16 pi_loss=0.0263 vf_loss=0.0003 entropy=69.4770 kl=0.0828
[Iter 174/488] steps=356352 reward=2.16 pi_loss=0.0259 vf_loss=0.0000 entropy=69.5401 kl=0.0845
[Iter 175/488] steps=358400 reward=2.16 pi_loss=0.0191 vf_loss=0.0001 entropy=69.1943 kl=0.0715
[Iter 176/488] steps=360448 reward=2.16 pi_loss=0.0185 vf_loss=0.0000 entropy=68.9297 kl=0.0663
  [Eval] mean_return=2.16 std_return=0.02
[Iter 177/488] steps=362496 reward=2.16 pi_loss=0.0197 vf_loss=0.0000 entropy=69.4057 kl=0.0737
[Iter 178/488] steps=364544 reward=2.16 pi_loss=0.0205 vf_loss=0.0004 entropy=69.3493 kl=0.0815
[Iter 179/488] steps=366592 reward=2.16 pi_loss=0.0249 vf_loss=0.0000 entropy=69.4242 kl=0.0930
[Iter 180/488] steps=368640 reward=2.16 pi_loss=0.0200 vf_loss=0.0000 entropy=69.4129 kl=0.0785
[Iter 181/488] steps=370688 reward=2.16 pi_loss=0.0262 vf_loss=0.0003 entropy=69.4644 kl=0.0927
  [Eval] mean_return=2.16 std_return=0.02
[Iter 182/488] steps=372736 reward=2.16 pi_loss=0.0203 vf_loss=0.0000 entropy=69.4288 kl=0.0849
[Iter 183/488] steps=374784 reward=2.16 pi_loss=0.0193 vf_loss=0.0001 entropy=69.3398 kl=0.0770
[Iter 184/488] steps=376832 reward=2.16 pi_loss=0.0252 vf_loss=0.0001 entropy=69.5169 kl=0.0930
[Iter 185/488] steps=378880 reward=2.16 pi_loss=0.0225 vf_loss=0.0006 entropy=69.5611 kl=0.0867
[Iter 186/488] steps=380928 reward=2.16 pi_loss=0.0183 vf_loss=0.0000 entropy=69.4546 kl=0.0743
  [Eval] mean_return=2.17 std_return=0.02
[Iter 187/488] steps=382976 reward=2.16 pi_loss=0.0217 vf_loss=0.0001 entropy=69.3056 kl=0.0762
[Iter 188/488] steps=385024 reward=2.16 pi_loss=0.0213 vf_loss=0.0001 entropy=69.4569 kl=0.0804
[Iter 189/488] steps=387072 reward=2.16 pi_loss=0.0210 vf_loss=0.0000 entropy=69.3657 kl=0.0800
[Iter 190/488] steps=389120 reward=2.16 pi_loss=0.0201 vf_loss=0.0003 entropy=69.4435 kl=0.0792
[Iter 191/488] steps=391168 reward=2.16 pi_loss=0.0214 vf_loss=0.0001 entropy=69.4229 kl=0.0871
  [Eval] mean_return=2.16 std_return=0.02
[Iter 192/488] steps=393216 reward=2.16 pi_loss=0.0175 vf_loss=0.0001 entropy=69.2404 kl=0.0668
[Iter 193/488] steps=395264 reward=2.16 pi_loss=0.0200 vf_loss=0.0001 entropy=69.3709 kl=0.0762
[Iter 194/488] steps=397312 reward=2.16 pi_loss=0.0149 vf_loss=0.0004 entropy=69.1498 kl=0.0596
[Iter 195/488] steps=399360 reward=2.16 pi_loss=0.0234 vf_loss=0.0000 entropy=69.7045 kl=0.0833
[Iter 196/488] steps=401408 reward=2.16 pi_loss=0.0238 vf_loss=0.0001 entropy=69.3209 kl=0.0922
  [Eval] mean_return=2.16 std_return=0.02
[Iter 197/488] steps=403456 reward=2.16 pi_loss=0.0178 vf_loss=0.0000 entropy=69.1614 kl=0.0709
[Iter 198/488] steps=405504 reward=2.16 pi_loss=0.0157 vf_loss=0.0001 entropy=68.9980 kl=0.0594
[Iter 199/488] steps=407552 reward=2.16 pi_loss=0.0192 vf_loss=0.0002 entropy=69.1098 kl=0.0730
[Iter 200/488] steps=409600 reward=2.16 pi_loss=0.0179 vf_loss=0.0001 entropy=69.1351 kl=0.0662
[Iter 201/488] steps=411648 reward=2.16 pi_loss=0.0191 vf_loss=0.0001 entropy=69.2481 kl=0.0762
  [Eval] mean_return=2.16 std_return=0.02
[Iter 202/488] steps=413696 reward=2.16 pi_loss=0.0194 vf_loss=0.0001 entropy=69.3940 kl=0.0732
[Iter 203/488] steps=415744 reward=2.16 pi_loss=0.0217 vf_loss=0.0010 entropy=69.3167 kl=0.0746
[Iter 204/488] steps=417792 reward=2.16 pi_loss=0.0187 vf_loss=0.0000 entropy=69.5805 kl=0.0724
[Iter 205/488] steps=419840 reward=2.16 pi_loss=0.0240 vf_loss=0.0000 entropy=69.5481 kl=0.0919
[Iter 206/488] steps=421888 reward=2.16 pi_loss=0.0177 vf_loss=0.0000 entropy=69.2085 kl=0.0670
  [Eval] mean_return=2.16 std_return=0.02
[Iter 207/488] steps=423936 reward=2.16 pi_loss=0.0201 vf_loss=0.0000 entropy=69.2952 kl=0.0797
[Iter 208/488] steps=425984 reward=2.16 pi_loss=0.0205 vf_loss=0.0001 entropy=69.2801 kl=0.0755
[Iter 209/488] steps=428032 reward=2.16 pi_loss=0.0196 vf_loss=0.0001 entropy=69.1834 kl=0.0734
[Iter 210/488] steps=430080 reward=2.16 pi_loss=0.0187 vf_loss=0.0002 entropy=69.3036 kl=0.0729
  [Eval] mean_return=2.16 std_return=0.02
[Iter 211/488] steps=432128 reward=2.16 pi_loss=0.0146 vf_loss=0.0001 entropy=69.0435 kl=0.0581
[Iter 212/488] steps=434176 reward=2.16 pi_loss=0.0224 vf_loss=0.0000 entropy=69.4078 kl=0.0875
[Iter 213/488] steps=436224 reward=2.16 pi_loss=0.0207 vf_loss=0.0002 entropy=69.4685 kl=0.0832
[Iter 214/488] steps=438272 reward=2.16 pi_loss=0.0192 vf_loss=0.0000 entropy=69.2869 kl=0.0729
[Iter 215/488] steps=440320 reward=2.16 pi_loss=0.0184 vf_loss=0.0005 entropy=69.2915 kl=0.0749
  [Eval] mean_return=2.16 std_return=0.02
[Iter 216/488] steps=442368 reward=2.16 pi_loss=0.0169 vf_loss=0.0000 entropy=69.2076 kl=0.0669
[Iter 217/488] steps=444416 reward=2.16 pi_loss=0.0269 vf_loss=0.0000 entropy=69.8441 kl=0.0955
[Iter 218/488] steps=446464 reward=2.16 pi_loss=0.0183 vf_loss=0.0000 entropy=69.2033 kl=0.0683
[Iter 219/488] steps=448512 reward=2.16 pi_loss=0.0170 vf_loss=0.0000 entropy=68.8463 kl=0.0629
[Iter 220/488] steps=450560 reward=2.16 pi_loss=0.0190 vf_loss=0.0001 entropy=69.3274 kl=0.0751
  [Eval] mean_return=2.16 std_return=0.02
[Iter 221/488] steps=452608 reward=2.16 pi_loss=0.0174 vf_loss=0.0007 entropy=69.1698 kl=0.0720
[Iter 222/488] steps=454656 reward=2.16 pi_loss=0.0166 vf_loss=0.0000 entropy=69.0318 kl=0.0643
[Iter 223/488] steps=456704 reward=2.16 pi_loss=0.0141 vf_loss=0.0000 entropy=68.8974 kl=0.0572
[Iter 224/488] steps=458752 reward=2.16 pi_loss=0.0155 vf_loss=0.0000 entropy=69.0804 kl=0.0634
[Iter 225/488] steps=460800 reward=2.16 pi_loss=0.0174 vf_loss=0.0001 entropy=68.9745 kl=0.0692
  [Eval] mean_return=2.17 std_return=0.02
[Iter 226/488] steps=462848 reward=2.16 pi_loss=0.0145 vf_loss=0.0000 entropy=69.0218 kl=0.0597
[Iter 227/488] steps=464896 reward=2.16 pi_loss=0.0150 vf_loss=0.0001 entropy=68.9406 kl=0.0613
[Iter 228/488] steps=466944 reward=2.16 pi_loss=0.0162 vf_loss=0.0001 entropy=69.2586 kl=0.0582
[Iter 229/488] steps=468992 reward=2.16 pi_loss=0.0170 vf_loss=0.0003 entropy=69.2169 kl=0.0637
[Iter 230/488] steps=471040 reward=2.16 pi_loss=0.0203 vf_loss=0.0000 entropy=69.2581 kl=0.0790
  [Eval] mean_return=2.16 std_return=0.01
[Iter 231/488] steps=473088 reward=2.16 pi_loss=0.0199 vf_loss=0.0001 entropy=69.3436 kl=0.0740
[Iter 232/488] steps=475136 reward=2.16 pi_loss=0.0143 vf_loss=0.0007 entropy=69.1292 kl=0.0586
[Iter 233/488] steps=477184 reward=2.16 pi_loss=0.0142 vf_loss=0.0000 entropy=68.9352 kl=0.0623
[Iter 234/488] steps=479232 reward=2.16 pi_loss=0.0139 vf_loss=0.0000 entropy=69.0639 kl=0.0577
[Iter 235/488] steps=481280 reward=2.16 pi_loss=0.0189 vf_loss=0.0000 entropy=69.1893 kl=0.0697
  [Eval] mean_return=2.17 std_return=0.01
[Iter 236/488] steps=483328 reward=2.16 pi_loss=0.0141 vf_loss=0.0000 entropy=69.2389 kl=0.0609
[Iter 237/488] steps=485376 reward=2.16 pi_loss=0.0177 vf_loss=0.0000 entropy=69.2837 kl=0.0671
[Iter 238/488] steps=487424 reward=2.16 pi_loss=0.0155 vf_loss=0.0001 entropy=68.8969 kl=0.0586
[Iter 239/488] steps=489472 reward=2.16 pi_loss=0.0227 vf_loss=0.0004 entropy=69.5495 kl=0.0858
[Iter 240/488] steps=491520 reward=2.16 pi_loss=0.0144 vf_loss=0.0000 entropy=68.8806 kl=0.0579
  [Eval] mean_return=2.16 std_return=0.02
[Iter 241/488] steps=493568 reward=2.16 pi_loss=0.0180 vf_loss=0.0003 entropy=69.3134 kl=0.0689
[Iter 242/488] steps=495616 reward=2.16 pi_loss=0.0143 vf_loss=0.0000 entropy=69.2203 kl=0.0614
[Iter 243/488] steps=497664 reward=2.16 pi_loss=0.0176 vf_loss=0.0000 entropy=69.1976 kl=0.0645
[Iter 244/488] steps=499712 reward=2.16 pi_loss=0.0149 vf_loss=0.0000 entropy=69.2106 kl=0.0647
[Iter 245/488] steps=501760 reward=2.16 pi_loss=0.0115 vf_loss=0.0001 entropy=69.0102 kl=0.0498
  [Eval] mean_return=2.16 std_return=0.01
[Iter 246/488] steps=503808 reward=2.16 pi_loss=0.0193 vf_loss=0.0004 entropy=69.2367 kl=0.0776
[Iter 247/488] steps=505856 reward=2.16 pi_loss=0.0110 vf_loss=0.0000 entropy=68.7881 kl=0.0491
[Iter 248/488] steps=507904 reward=2.16 pi_loss=0.0136 vf_loss=0.0000 entropy=69.0316 kl=0.0583
[Iter 249/488] steps=509952 reward=2.16 pi_loss=0.0115 vf_loss=0.0001 entropy=68.8662 kl=0.0493
[Iter 250/488] steps=512000 reward=2.16 pi_loss=0.0205 vf_loss=0.0000 entropy=69.2039 kl=0.0788
  [Eval] mean_return=2.16 std_return=0.01
[Iter 251/488] steps=514048 reward=2.16 pi_loss=0.0138 vf_loss=0.0009 entropy=69.0611 kl=0.0619
[Iter 252/488] steps=516096 reward=2.16 pi_loss=0.0145 vf_loss=0.0000 entropy=68.9694 kl=0.0575
[Iter 253/488] steps=518144 reward=2.16 pi_loss=0.0233 vf_loss=0.0000 entropy=69.5579 kl=0.0872
[Iter 254/488] steps=520192 reward=2.16 pi_loss=0.0138 vf_loss=0.0000 entropy=69.1041 kl=0.0629
  [Eval] mean_return=2.16 std_return=0.02
[Iter 255/488] steps=522240 reward=2.16 pi_loss=0.0093 vf_loss=0.0000 entropy=68.8308 kl=0.0469
[Iter 256/488] steps=524288 reward=2.16 pi_loss=0.0174 vf_loss=0.0008 entropy=69.1672 kl=0.0675
[Iter 257/488] steps=526336 reward=2.16 pi_loss=0.0176 vf_loss=0.0000 entropy=69.2312 kl=0.0673
[Iter 258/488] steps=528384 reward=2.16 pi_loss=0.0163 vf_loss=0.0000 entropy=69.0985 kl=0.0632
[Iter 259/488] steps=530432 reward=2.16 pi_loss=0.0146 vf_loss=0.0000 entropy=69.1413 kl=0.0587
  [Eval] mean_return=2.15 std_return=0.02
[Iter 260/488] steps=532480 reward=2.16 pi_loss=0.0119 vf_loss=0.0000 entropy=68.7984 kl=0.0524
[Iter 261/488] steps=534528 reward=2.16 pi_loss=0.0114 vf_loss=0.0000 entropy=69.1119 kl=0.0519
[Iter 262/488] steps=536576 reward=2.16 pi_loss=0.0174 vf_loss=0.0000 entropy=69.0921 kl=0.0646
[Iter 263/488] steps=538624 reward=2.16 pi_loss=0.0113 vf_loss=0.0003 entropy=68.9946 kl=0.0499
[Iter 264/488] steps=540672 reward=2.16 pi_loss=0.0154 vf_loss=0.0000 entropy=69.1394 kl=0.0571
  [Eval] mean_return=2.16 std_return=0.02
[Iter 265/488] steps=542720 reward=2.16 pi_loss=0.0146 vf_loss=0.0001 entropy=69.0195 kl=0.0605
[Iter 266/488] steps=544768 reward=2.16 pi_loss=0.0140 vf_loss=0.0000 entropy=68.9200 kl=0.0556
[Iter 267/488] steps=546816 reward=2.16 pi_loss=0.0111 vf_loss=0.0001 entropy=68.9949 kl=0.0540
[Iter 268/488] steps=548864 reward=2.16 pi_loss=0.0146 vf_loss=0.0001 entropy=69.1898 kl=0.0599
[Iter 269/488] steps=550912 reward=2.16 pi_loss=0.0129 vf_loss=0.0001 entropy=69.0146 kl=0.0545
  [Eval] mean_return=2.17 std_return=0.01
[Iter 270/488] steps=552960 reward=2.16 pi_loss=0.0123 vf_loss=0.0000 entropy=68.9644 kl=0.0501
[Iter 271/488] steps=555008 reward=2.16 pi_loss=0.0152 vf_loss=0.0002 entropy=69.1778 kl=0.0626
[Iter 272/488] steps=557056 reward=2.16 pi_loss=0.0141 vf_loss=0.0001 entropy=68.9170 kl=0.0610
[Iter 273/488] steps=559104 reward=2.16 pi_loss=0.0119 vf_loss=0.0001 entropy=68.9563 kl=0.0498
[Iter 274/488] steps=561152 reward=2.16 pi_loss=0.0156 vf_loss=0.0000 entropy=68.9929 kl=0.0638
  [Eval] mean_return=2.16 std_return=0.02
[Iter 275/488] steps=563200 reward=2.16 pi_loss=0.0122 vf_loss=0.0000 entropy=68.7545 kl=0.0522
[Iter 276/488] steps=565248 reward=2.16 pi_loss=0.0122 vf_loss=0.0000 entropy=68.8388 kl=0.0525
[Iter 277/488] steps=567296 reward=2.16 pi_loss=0.0129 vf_loss=0.0002 entropy=69.1466 kl=0.0511
[Iter 278/488] steps=569344 reward=2.16 pi_loss=0.0088 vf_loss=0.0000 entropy=68.6221 kl=0.0442
[Iter 279/488] steps=571392 reward=2.16 pi_loss=0.0109 vf_loss=0.0000 entropy=68.9764 kl=0.0483
  [Eval] mean_return=2.17 std_return=0.02
[Iter 280/488] steps=573440 reward=2.16 pi_loss=0.0126 vf_loss=0.0001 entropy=69.0767 kl=0.0576
[Iter 281/488] steps=575488 reward=2.16 pi_loss=0.0102 vf_loss=0.0001 entropy=69.0623 kl=0.0457
[Iter 282/488] steps=577536 reward=2.16 pi_loss=0.0099 vf_loss=0.0004 entropy=68.7562 kl=0.0473
[Iter 283/488] steps=579584 reward=2.16 pi_loss=0.0102 vf_loss=0.0000 entropy=68.5971 kl=0.0372
[Iter 284/488] steps=581632 reward=2.16 pi_loss=0.0129 vf_loss=0.0000 entropy=69.1600 kl=0.0593
  [Eval] mean_return=2.16 std_return=0.02
[Iter 285/488] steps=583680 reward=2.16 pi_loss=0.0095 vf_loss=0.0000 entropy=68.9673 kl=0.0438
[Iter 286/488] steps=585728 reward=2.16 pi_loss=0.0099 vf_loss=0.0001 entropy=68.6896 kl=0.0443
[Iter 287/488] steps=587776 reward=2.16 pi_loss=0.0121 vf_loss=0.0000 entropy=68.8019 kl=0.0479
[Iter 288/488] steps=589824 reward=2.16 pi_loss=0.0108 vf_loss=0.0011 entropy=68.8373 kl=0.0487
[Iter 289/488] steps=591872 reward=2.16 pi_loss=0.0091 vf_loss=0.0000 entropy=68.8795 kl=0.0420
  [Eval] mean_return=2.15 std_return=0.02
[Iter 290/488] steps=593920 reward=2.16 pi_loss=0.0101 vf_loss=0.0000 entropy=68.9917 kl=0.0456
[Iter 291/488] steps=595968 reward=2.16 pi_loss=0.0156 vf_loss=0.0000 entropy=69.1812 kl=0.0648
[Iter 292/488] steps=598016 reward=2.16 pi_loss=0.0114 vf_loss=0.0000 entropy=68.6246 kl=0.0481
[Iter 293/488] steps=600064 reward=2.16 pi_loss=0.0091 vf_loss=0.0000 entropy=68.7680 kl=0.0436
  [Eval] mean_return=2.16 std_return=0.02
[Iter 294/488] steps=602112 reward=2.16 pi_loss=0.0103 vf_loss=0.0000 entropy=68.8264 kl=0.0467
[Iter 295/488] steps=604160 reward=2.16 pi_loss=0.0115 vf_loss=0.0000 entropy=68.9432 kl=0.0544
[Iter 296/488] steps=606208 reward=2.16 pi_loss=0.0079 vf_loss=0.0000 entropy=68.7489 kl=0.0394
[Iter 297/488] steps=608256 reward=2.16 pi_loss=0.0061 vf_loss=0.0004 entropy=68.5949 kl=0.0357
[Iter 298/488] steps=610304 reward=2.16 pi_loss=0.0105 vf_loss=0.0000 entropy=68.8513 kl=0.0477
  [Eval] mean_return=2.16 std_return=0.02
[Iter 299/488] steps=612352 reward=2.16 pi_loss=0.0083 vf_loss=0.0000 entropy=68.6664 kl=0.0408
[Iter 300/488] steps=614400 reward=2.16 pi_loss=0.0079 vf_loss=0.0000 entropy=68.7189 kl=0.0418
[Iter 301/488] steps=616448 reward=2.16 pi_loss=0.0085 vf_loss=0.0002 entropy=68.7987 kl=0.0403
[Iter 302/488] steps=618496 reward=2.16 pi_loss=0.0103 vf_loss=0.0000 entropy=68.9963 kl=0.0459
[Iter 303/488] steps=620544 reward=2.16 pi_loss=0.0094 vf_loss=0.0000 entropy=68.8741 kl=0.0433
  [Eval] mean_return=2.16 std_return=0.01
[Iter 304/488] steps=622592 reward=2.16 pi_loss=0.0092 vf_loss=0.0000 entropy=68.8551 kl=0.0424
[Iter 305/488] steps=624640 reward=2.16 pi_loss=0.0111 vf_loss=0.0001 entropy=69.0752 kl=0.0501
[Iter 306/488] steps=626688 reward=2.16 pi_loss=0.0101 vf_loss=0.0002 entropy=68.6964 kl=0.0450
[Iter 307/488] steps=628736 reward=2.16 pi_loss=0.0070 vf_loss=0.0000 entropy=68.8046 kl=0.0337
[Iter 308/488] steps=630784 reward=2.16 pi_loss=0.0060 vf_loss=0.0000 entropy=68.6978 kl=0.0392
  [Eval] mean_return=2.15 std_return=0.01
[Iter 309/488] steps=632832 reward=2.16 pi_loss=0.0096 vf_loss=0.0000 entropy=68.8045 kl=0.0391
[Iter 310/488] steps=634880 reward=2.16 pi_loss=0.0073 vf_loss=0.0001 entropy=68.6960 kl=0.0363
[Iter 311/488] steps=636928 reward=2.16 pi_loss=0.0105 vf_loss=0.0001 entropy=68.8042 kl=0.0452
[Iter 312/488] steps=638976 reward=2.16 pi_loss=0.0073 vf_loss=0.0000 entropy=68.7590 kl=0.0425
[Iter 313/488] steps=641024 reward=2.16 pi_loss=0.0059 vf_loss=0.0000 entropy=68.7671 kl=0.0367
  [Eval] mean_return=2.15 std_return=0.02
[Iter 314/488] steps=643072 reward=2.16 pi_loss=0.0057 vf_loss=0.0000 entropy=68.8292 kl=0.0349
[Iter 315/488] steps=645120 reward=2.16 pi_loss=0.0090 vf_loss=0.0000 entropy=68.8055 kl=0.0447
[Iter 316/488] steps=647168 reward=2.16 pi_loss=0.0090 vf_loss=0.0000 entropy=69.0694 kl=0.0426
[Iter 317/488] steps=649216 reward=2.16 pi_loss=0.0082 vf_loss=0.0002 entropy=68.6394 kl=0.0399
[Iter 318/488] steps=651264 reward=2.16 pi_loss=0.0108 vf_loss=0.0000 entropy=68.8299 kl=0.0497
  [Eval] mean_return=2.17 std_return=0.01
[Iter 319/488] steps=653312 reward=2.16 pi_loss=0.0081 vf_loss=0.0000 entropy=68.6224 kl=0.0379
[Iter 320/488] steps=655360 reward=2.16 pi_loss=0.0105 vf_loss=0.0001 entropy=69.0193 kl=0.0487
[Iter 321/488] steps=657408 reward=2.16 pi_loss=0.0074 vf_loss=0.0000 entropy=68.6954 kl=0.0386
[Iter 322/488] steps=659456 reward=2.16 pi_loss=0.0090 vf_loss=0.0001 entropy=68.8855 kl=0.0444
[Iter 323/488] steps=661504 reward=2.16 pi_loss=0.0067 vf_loss=0.0000 entropy=68.6479 kl=0.0334
  [Eval] mean_return=2.16 std_return=0.02
[Iter 324/488] steps=663552 reward=2.16 pi_loss=0.0065 vf_loss=0.0000 entropy=68.6954 kl=0.0397
[Iter 325/488] steps=665600 reward=2.16 pi_loss=0.0091 vf_loss=0.0004 entropy=68.8615 kl=0.0443
[Iter 326/488] steps=667648 reward=2.16 pi_loss=0.0073 vf_loss=0.0000 entropy=68.6713 kl=0.0386
[Iter 327/488] steps=669696 reward=2.16 pi_loss=0.0106 vf_loss=0.0000 entropy=68.8673 kl=0.0432
[Iter 328/488] steps=671744 reward=2.16 pi_loss=0.0085 vf_loss=0.0000 entropy=68.8151 kl=0.0411
  [Eval] mean_return=2.15 std_return=0.02
[Iter 329/488] steps=673792 reward=2.16 pi_loss=0.0051 vf_loss=0.0000 entropy=68.5388 kl=0.0340
[Iter 330/488] steps=675840 reward=2.16 pi_loss=0.0079 vf_loss=0.0000 entropy=68.6867 kl=0.0376
[Iter 331/488] steps=677888 reward=2.16 pi_loss=0.0061 vf_loss=0.0000 entropy=68.4967 kl=0.0364
[Iter 332/488] steps=679936 reward=2.16 pi_loss=0.0081 vf_loss=0.0000 entropy=68.8324 kl=0.0389
[Iter 333/488] steps=681984 reward=2.16 pi_loss=0.0076 vf_loss=0.0001 entropy=68.6440 kl=0.0388
  [Eval] mean_return=2.15 std_return=0.01
[Iter 334/488] steps=684032 reward=2.16 pi_loss=0.0082 vf_loss=0.0000 entropy=68.6644 kl=0.0369
[Iter 335/488] steps=686080 reward=2.16 pi_loss=0.0080 vf_loss=0.0001 entropy=68.6748 kl=0.0379
[Iter 336/488] steps=688128 reward=2.16 pi_loss=0.0071 vf_loss=0.0000 entropy=68.8266 kl=0.0342
[Iter 337/488] steps=690176 reward=2.16 pi_loss=0.0081 vf_loss=0.0000 entropy=68.8771 kl=0.0429
  [Eval] mean_return=2.17 std_return=0.01
[Iter 338/488] steps=692224 reward=2.16 pi_loss=0.0070 vf_loss=0.0002 entropy=68.8979 kl=0.0389
[Iter 339/488] steps=694272 reward=2.16 pi_loss=0.0063 vf_loss=0.0000 entropy=68.7480 kl=0.0369
[Iter 340/488] steps=696320 reward=2.16 pi_loss=0.0061 vf_loss=0.0000 entropy=68.8388 kl=0.0355
[Iter 341/488] steps=698368 reward=2.16 pi_loss=0.0103 vf_loss=0.0000 entropy=68.7420 kl=0.0457
[Iter 342/488] steps=700416 reward=2.16 pi_loss=0.0055 vf_loss=0.0001 entropy=68.6726 kl=0.0344
  [Eval] mean_return=2.16 std_return=0.02
[Iter 343/488] steps=702464 reward=2.16 pi_loss=0.0073 vf_loss=0.0001 entropy=68.7148 kl=0.0427
[Iter 344/488] steps=704512 reward=2.16 pi_loss=0.0045 vf_loss=0.0000 entropy=68.6763 kl=0.0322
[Iter 345/488] steps=706560 reward=2.16 pi_loss=0.0058 vf_loss=0.0000 entropy=68.7918 kl=0.0372
[Iter 346/488] steps=708608 reward=2.16 pi_loss=0.0068 vf_loss=0.0001 entropy=68.6737 kl=0.0367
[Iter 347/488] steps=710656 reward=2.16 pi_loss=0.0062 vf_loss=0.0000 entropy=68.6533 kl=0.0356
  [Eval] mean_return=2.16 std_return=0.02
[Iter 348/488] steps=712704 reward=2.16 pi_loss=0.0064 vf_loss=0.0000 entropy=68.6749 kl=0.0385
[Iter 349/488] steps=714752 reward=2.16 pi_loss=0.0046 vf_loss=0.0000 entropy=68.9250 kl=0.0343
[Iter 350/488] steps=716800 reward=2.16 pi_loss=0.0074 vf_loss=0.0002 entropy=68.7728 kl=0.0439
[Iter 351/488] steps=718848 reward=2.16 pi_loss=0.0065 vf_loss=0.0000 entropy=68.6935 kl=0.0331
[Iter 352/488] steps=720896 reward=2.16 pi_loss=0.0077 vf_loss=0.0000 entropy=68.5526 kl=0.0367
  [Eval] mean_return=2.16 std_return=0.02
[Iter 353/488] steps=722944 reward=2.16 pi_loss=0.0049 vf_loss=0.0000 entropy=68.6376 kl=0.0315
[Iter 354/488] steps=724992 reward=2.16 pi_loss=0.0046 vf_loss=0.0000 entropy=68.6045 kl=0.0308
[Iter 355/488] steps=727040 reward=2.16 pi_loss=0.0053 vf_loss=0.0001 entropy=68.4734 kl=0.0368
[Iter 356/488] steps=729088 reward=2.16 pi_loss=0.0060 vf_loss=0.0000 entropy=68.4101 kl=0.0322
[Iter 357/488] steps=731136 reward=2.16 pi_loss=0.0067 vf_loss=0.0000 entropy=68.5184 kl=0.0355
  [Eval] mean_return=2.16 std_return=0.02
[Iter 358/488] steps=733184 reward=2.16 pi_loss=0.0053 vf_loss=0.0002 entropy=68.6305 kl=0.0333
[Iter 359/488] steps=735232 reward=2.16 pi_loss=0.0065 vf_loss=0.0000 entropy=68.7345 kl=0.0372
[Iter 360/488] steps=737280 reward=2.16 pi_loss=0.0055 vf_loss=0.0000 entropy=68.6868 kl=0.0341
[Iter 361/488] steps=739328 reward=2.16 pi_loss=0.0050 vf_loss=0.0000 entropy=68.5154 kl=0.0303
[Iter 362/488] steps=741376 reward=2.16 pi_loss=0.0043 vf_loss=0.0000 entropy=68.6372 kl=0.0320
  [Eval] mean_return=2.17 std_return=0.02
[Iter 363/488] steps=743424 reward=2.16 pi_loss=0.0087 vf_loss=0.0001 entropy=68.9716 kl=0.0429
[Iter 364/488] steps=745472 reward=2.16 pi_loss=0.0073 vf_loss=0.0001 entropy=68.7862 kl=0.0386
[Iter 365/488] steps=747520 reward=2.16 pi_loss=0.0056 vf_loss=0.0000 entropy=68.7736 kl=0.0350
[Iter 366/488] steps=749568 reward=2.16 pi_loss=0.0062 vf_loss=0.0000 entropy=68.6934 kl=0.0348
[Iter 367/488] steps=751616 reward=2.16 pi_loss=0.0063 vf_loss=0.0000 entropy=68.7168 kl=0.0344
  [Eval] mean_return=2.16 std_return=0.01
[Iter 368/488] steps=753664 reward=2.16 pi_loss=0.0048 vf_loss=0.0000 entropy=68.6193 kl=0.0307
[Iter 369/488] steps=755712 reward=2.16 pi_loss=0.0038 vf_loss=0.0000 entropy=68.5617 kl=0.0315
[Iter 370/488] steps=757760 reward=2.16 pi_loss=0.0034 vf_loss=0.0000 entropy=68.6136 kl=0.0312
[Iter 371/488] steps=759808 reward=2.16 pi_loss=0.0047 vf_loss=0.0003 entropy=68.5572 kl=0.0319
[Iter 372/488] steps=761856 reward=2.16 pi_loss=0.0035 vf_loss=0.0000 entropy=68.6265 kl=0.0289
  [Eval] mean_return=2.16 std_return=0.01
[Iter 373/488] steps=763904 reward=2.16 pi_loss=0.0043 vf_loss=0.0000 entropy=68.6025 kl=0.0280
[Iter 374/488] steps=765952 reward=2.16 pi_loss=0.0050 vf_loss=0.0000 entropy=68.6974 kl=0.0329
[Iter 375/488] steps=768000 reward=2.16 pi_loss=0.0047 vf_loss=0.0000 entropy=68.5316 kl=0.0305
[Iter 376/488] steps=770048 reward=2.16 pi_loss=0.0038 vf_loss=0.0000 entropy=68.5875 kl=0.0295
  [Eval] mean_return=2.16 std_return=0.01
[Iter 377/488] steps=772096 reward=2.16 pi_loss=0.0062 vf_loss=0.0000 entropy=68.6919 kl=0.0338
[Iter 378/488] steps=774144 reward=2.16 pi_loss=0.0021 vf_loss=0.0000 entropy=68.6009 kl=0.0351
[Iter 379/488] steps=776192 reward=2.16 pi_loss=-0.0066 vf_loss=0.0000 entropy=68.9075 kl=0.0470
[Iter 380/488] steps=778240 reward=2.16 pi_loss=-0.0117 vf_loss=0.0000 entropy=68.9651 kl=0.0494
[Iter 381/488] steps=780288 reward=2.16 pi_loss=-0.0133 vf_loss=0.0001 entropy=68.9974 kl=0.0507
  [Eval] mean_return=2.16 std_return=0.02
[Iter 382/488] steps=782336 reward=2.16 pi_loss=-0.0177 vf_loss=0.0000 entropy=69.3351 kl=0.0569
[Iter 383/488] steps=784384 reward=2.16 pi_loss=-0.0156 vf_loss=0.0000 entropy=68.8619 kl=0.0532
[Iter 384/488] steps=786432 reward=2.16 pi_loss=-0.0209 vf_loss=0.0000 entropy=68.9219 kl=0.0586
[Iter 385/488] steps=788480 reward=2.16 pi_loss=-0.0178 vf_loss=0.0000 entropy=69.1885 kl=0.0648
[Iter 386/488] steps=790528 reward=2.16 pi_loss=-0.0213 vf_loss=0.0000 entropy=69.1910 kl=0.0690
  [Eval] mean_return=2.16 std_return=0.02
[Iter 387/488] steps=792576 reward=2.16 pi_loss=-0.0171 vf_loss=0.0000 entropy=69.2184 kl=0.0636
[Iter 388/488] steps=794624 reward=2.16 pi_loss=-0.0204 vf_loss=0.0000 entropy=69.2546 kl=0.0712
[Iter 389/488] steps=796672 reward=2.16 pi_loss=-0.0177 vf_loss=0.0000 entropy=69.2221 kl=0.0637
[Iter 390/488] steps=798720 reward=2.16 pi_loss=-0.0243 vf_loss=0.0000 entropy=69.3845 kl=0.0715
[Iter 391/488] steps=800768 reward=2.16 pi_loss=-0.0263 vf_loss=0.0000 entropy=69.3167 kl=0.0722
  [Eval] mean_return=2.16 std_return=0.02
[Iter 392/488] steps=802816 reward=2.16 pi_loss=-0.0272 vf_loss=0.0000 entropy=69.3938 kl=0.0745
[Iter 393/488] steps=804864 reward=2.16 pi_loss=-0.0267 vf_loss=0.0000 entropy=69.2771 kl=0.0765
[Iter 394/488] steps=806912 reward=2.16 pi_loss=-0.0263 vf_loss=0.0000 entropy=69.5198 kl=0.0759
[Iter 395/488] steps=808960 reward=2.16 pi_loss=-0.0295 vf_loss=0.0000 entropy=69.0085 kl=0.0722
[Iter 396/488] steps=811008 reward=2.16 pi_loss=-0.0281 vf_loss=0.0000 entropy=69.3775 kl=0.0719
  [Eval] mean_return=2.16 std_return=0.01
[Iter 397/488] steps=813056 reward=2.16 pi_loss=-0.0293 vf_loss=0.0000 entropy=69.1063 kl=0.0708
[Iter 398/488] steps=815104 reward=2.16 pi_loss=-0.0283 vf_loss=0.0000 entropy=69.2896 kl=0.0760
[Iter 399/488] steps=817152 reward=2.16 pi_loss=-0.0254 vf_loss=0.0000 entropy=69.3209 kl=0.0739
[Iter 400/488] steps=819200 reward=2.16 pi_loss=-0.0295 vf_loss=0.0000 entropy=69.4157 kl=0.0713
[Iter 401/488] steps=821248 reward=2.16 pi_loss=-0.0338 vf_loss=0.0000 entropy=69.3179 kl=0.0792
  [Eval] mean_return=2.15 std_return=0.01
[Iter 402/488] steps=823296 reward=2.16 pi_loss=-0.0312 vf_loss=0.0000 entropy=69.2512 kl=0.0665
[Iter 403/488] steps=825344 reward=2.16 pi_loss=-0.0355 vf_loss=0.0000 entropy=69.5446 kl=0.0863
[Iter 404/488] steps=827392 reward=2.16 pi_loss=-0.0356 vf_loss=0.0000 entropy=69.3672 kl=0.0820
[Iter 405/488] steps=829440 reward=2.16 pi_loss=-0.0356 vf_loss=0.0000 entropy=69.4401 kl=0.0859
[Iter 406/488] steps=831488 reward=2.16 pi_loss=-0.0320 vf_loss=0.0000 entropy=69.2652 kl=0.0684
  [Eval] mean_return=2.17 std_return=0.02
[Iter 407/488] steps=833536 reward=2.16 pi_loss=-0.0347 vf_loss=0.0000 entropy=69.2047 kl=0.0696
[Iter 408/488] steps=835584 reward=2.16 pi_loss=-0.0358 vf_loss=0.0000 entropy=69.3647 kl=0.0735
[Iter 409/488] steps=837632 reward=2.16 pi_loss=-0.0394 vf_loss=0.0000 entropy=69.6971 kl=0.0933
[Iter 410/488] steps=839680 reward=2.16 pi_loss=-0.0388 vf_loss=0.0000 entropy=69.3733 kl=0.0803
[Iter 411/488] steps=841728 reward=2.14 pi_loss=-0.0348 vf_loss=0.0003 entropy=69.6772 kl=0.0920
  [Eval] mean_return=2.15 std_return=0.02
[Iter 412/488] steps=843776 reward=2.14 pi_loss=-0.0351 vf_loss=0.0005 entropy=69.5743 kl=0.0960
[Iter 413/488] steps=845824 reward=2.13 pi_loss=-0.0306 vf_loss=0.0006 entropy=69.3855 kl=0.0818
[Iter 414/488] steps=847872 reward=2.11 pi_loss=-0.0253 vf_loss=0.0009 entropy=69.2392 kl=0.0713
[Iter 415/488] steps=849920 reward=2.10 pi_loss=-0.0279 vf_loss=0.0010 entropy=69.3946 kl=0.0783
[Iter 416/488] steps=851968 reward=2.07 pi_loss=-0.0260 vf_loss=0.0016 entropy=69.2114 kl=0.0703
  [Eval] mean_return=2.02 std_return=0.13
[Iter 417/488] steps=854016 reward=1.98 pi_loss=-0.0172 vf_loss=0.0039 entropy=69.0617 kl=0.0545
[Iter 418/488] steps=856064 reward=1.86 pi_loss=-0.0206 vf_loss=0.0070 entropy=69.6079 kl=0.0932
[Iter 419/488] steps=858112 reward=1.22 pi_loss=-0.0217 vf_loss=0.0231 entropy=69.0225 kl=0.0597
[Iter 420/488] steps=860160 reward=0.83 pi_loss=-0.0302 vf_loss=0.0096 entropy=69.1021 kl=0.0672
  [Eval] mean_return=0.77 std_return=0.11
[Iter 421/488] steps=862208 reward=0.75 pi_loss=-0.0423 vf_loss=0.0022 entropy=69.3700 kl=0.0743
[Iter 422/488] steps=864256 reward=0.75 pi_loss=-0.0424 vf_loss=0.0020 entropy=68.9185 kl=0.0667
[Iter 423/488] steps=866304 reward=0.75 pi_loss=-0.0411 vf_loss=0.0018 entropy=69.2105 kl=0.0701
[Iter 424/488] steps=868352 reward=0.75 pi_loss=-0.0408 vf_loss=0.0019 entropy=69.0993 kl=0.0717
[Iter 425/488] steps=870400 reward=0.75 pi_loss=-0.0434 vf_loss=0.0018 entropy=69.7123 kl=0.0946
  [Eval] mean_return=0.78 std_return=0.06
[Iter 426/488] steps=872448 reward=0.75 pi_loss=-0.0395 vf_loss=0.0020 entropy=69.7018 kl=0.0898
[Iter 427/488] steps=874496 reward=0.75 pi_loss=-0.0427 vf_loss=0.0016 entropy=69.6656 kl=0.0899
[Iter 428/488] steps=876544 reward=0.75 pi_loss=-0.0404 vf_loss=0.0018 entropy=69.2026 kl=0.0726
[Iter 429/488] steps=878592 reward=0.75 pi_loss=-0.0405 vf_loss=0.0018 entropy=69.5039 kl=0.0873
[Iter 430/488] steps=880640 reward=0.75 pi_loss=-0.0382 vf_loss=0.0017 entropy=69.3773 kl=0.0771
  [Eval] mean_return=0.76 std_return=0.04
[Iter 431/488] steps=882688 reward=0.75 pi_loss=-0.0394 vf_loss=0.0019 entropy=69.3913 kl=0.0721
[Iter 432/488] steps=884736 reward=0.75 pi_loss=-0.0410 vf_loss=0.0019 entropy=69.4302 kl=0.0844
[Iter 433/488] steps=886784 reward=0.75 pi_loss=-0.0402 vf_loss=0.0056 entropy=69.8684 kl=0.1160
[Iter 434/488] steps=888832 reward=0.74 pi_loss=-0.0313 vf_loss=0.0179 entropy=68.9917 kl=0.0617
[Iter 435/488] steps=890880 reward=0.60 pi_loss=-0.0286 vf_loss=0.0332 entropy=69.0694 kl=0.0620
  [Eval] mean_return=0.45 std_return=0.33
[Iter 436/488] steps=892928 reward=0.16 pi_loss=-0.0298 vf_loss=0.0637 entropy=69.2647 kl=0.0709
[Iter 437/488] steps=894976 reward=-0.35 pi_loss=-0.0309 vf_loss=0.0550 entropy=69.1214 kl=0.0685
[Iter 438/488] steps=897024 reward=-0.58 pi_loss=-0.0353 vf_loss=0.0178 entropy=69.3751 kl=0.0861
[Iter 439/488] steps=899072 reward=-0.62 pi_loss=-0.0315 vf_loss=0.0040 entropy=69.3741 kl=0.0651
[Iter 440/488] steps=901120 reward=-0.63 pi_loss=-0.0332 vf_loss=0.0036 entropy=69.6059 kl=0.0817
  [Eval] mean_return=-0.61 std_return=0.11
[Iter 441/488] steps=903168 reward=-0.63 pi_loss=-0.0315 vf_loss=0.0033 entropy=69.0941 kl=0.0646
[Iter 442/488] steps=905216 reward=-0.63 pi_loss=-0.0338 vf_loss=0.0033 entropy=69.0944 kl=0.0656
[Iter 443/488] steps=907264 reward=-0.62 pi_loss=-0.0303 vf_loss=0.0094 entropy=69.1655 kl=0.0629
[Iter 444/488] steps=909312 reward=-0.58 pi_loss=-0.0305 vf_loss=0.0197 entropy=69.1334 kl=0.0622
[Iter 445/488] steps=911360 reward=-0.57 pi_loss=-0.0216 vf_loss=0.0446 entropy=68.9013 kl=0.0491
  [Eval] mean_return=-0.49 std_return=0.36
[Iter 446/488] steps=913408 reward=-0.70 pi_loss=-0.0170 vf_loss=0.0511 entropy=68.8339 kl=0.0444
[Iter 447/488] steps=915456 reward=-1.14 pi_loss=-0.0146 vf_loss=0.0777 entropy=68.8986 kl=0.0424
[Iter 448/488] steps=917504 reward=-1.67 pi_loss=-0.0107 vf_loss=0.0581 entropy=68.7852 kl=0.0398
[Iter 449/488] steps=919552 reward=-2.12 pi_loss=-0.0112 vf_loss=0.0316 entropy=68.5970 kl=0.0401
[Iter 450/488] steps=921600 reward=-2.32 pi_loss=-0.0122 vf_loss=0.0186 entropy=68.9240 kl=0.0430
  [Eval] mean_return=-2.41 std_return=0.20
[Iter 451/488] steps=923648 reward=-2.33 pi_loss=-0.0160 vf_loss=0.0147 entropy=68.7961 kl=0.0401
[Iter 452/488] steps=925696 reward=-2.39 pi_loss=-0.0189 vf_loss=0.0116 entropy=68.7619 kl=0.0452
[Iter 453/488] steps=927744 reward=-2.39 pi_loss=-0.0196 vf_loss=0.0145 entropy=68.8686 kl=0.0437
[Iter 454/488] steps=929792 reward=-2.41 pi_loss=-0.0212 vf_loss=0.0127 entropy=68.7850 kl=0.0462
[Iter 455/488] steps=931840 reward=-2.43 pi_loss=-0.0228 vf_loss=0.0141 entropy=68.8449 kl=0.0467
  [Eval] mean_return=-2.35 std_return=0.27
[Iter 456/488] steps=933888 reward=-2.40 pi_loss=-0.0222 vf_loss=0.0121 entropy=68.9840 kl=0.0476
[Iter 457/488] steps=935936 reward=-2.38 pi_loss=-0.0258 vf_loss=0.0143 entropy=68.9844 kl=0.0506
[Iter 458/488] steps=937984 reward=-2.41 pi_loss=-0.0246 vf_loss=0.0130 entropy=68.8665 kl=0.0475
[Iter 459/488] steps=940032 reward=-2.44 pi_loss=-0.0237 vf_loss=0.0129 entropy=68.8888 kl=0.0459
  [Eval] mean_return=-2.51 std_return=0.19
[Iter 460/488] steps=942080 reward=-2.39 pi_loss=-0.0207 vf_loss=0.0133 entropy=68.7447 kl=0.0460
[Iter 461/488] steps=944128 reward=-2.40 pi_loss=-0.0235 vf_loss=0.0127 entropy=68.8050 kl=0.0489
[Iter 462/488] steps=946176 reward=-2.41 pi_loss=-0.0257 vf_loss=0.0120 entropy=68.9340 kl=0.0514
[Iter 463/488] steps=948224 reward=-2.41 pi_loss=-0.0249 vf_loss=0.0111 entropy=68.8771 kl=0.0510
[Iter 464/488] steps=950272 reward=-2.43 pi_loss=-0.0252 vf_loss=0.0124 entropy=68.8603 kl=0.0491
  [Eval] mean_return=-2.38 std_return=0.26
[Iter 465/488] steps=952320 reward=-2.44 pi_loss=-0.0194 vf_loss=0.0126 entropy=68.8033 kl=0.0454
[Iter 466/488] steps=954368 reward=-2.47 pi_loss=-0.0231 vf_loss=0.0114 entropy=68.7880 kl=0.0467
[Iter 467/488] steps=956416 reward=-2.39 pi_loss=-0.0208 vf_loss=0.0127 entropy=68.9043 kl=0.0469
[Iter 468/488] steps=958464 reward=-2.41 pi_loss=-0.0225 vf_loss=0.0137 entropy=68.9691 kl=0.0467
[Iter 469/488] steps=960512 reward=-2.37 pi_loss=-0.0244 vf_loss=0.0145 entropy=68.9312 kl=0.0463
  [Eval] mean_return=-2.54 std_return=0.26
[Iter 470/488] steps=962560 reward=-2.40 pi_loss=-0.0217 vf_loss=0.0142 entropy=68.8068 kl=0.0447
[Iter 471/488] steps=964608 reward=-2.38 pi_loss=-0.0226 vf_loss=0.0119 entropy=68.8370 kl=0.0479
[Iter 472/488] steps=966656 reward=-2.42 pi_loss=-0.0200 vf_loss=0.0124 entropy=68.9079 kl=0.0429
[Iter 473/488] steps=968704 reward=-2.41 pi_loss=-0.0206 vf_loss=0.0106 entropy=68.7581 kl=0.0424
[Iter 474/488] steps=970752 reward=-2.42 pi_loss=-0.0217 vf_loss=0.0125 entropy=68.7539 kl=0.0423
  [Eval] mean_return=-2.52 std_return=0.22
[Iter 475/488] steps=972800 reward=-2.36 pi_loss=-0.0222 vf_loss=0.0117 entropy=68.8063 kl=0.0422
[Iter 476/488] steps=974848 reward=-2.38 pi_loss=-0.0183 vf_loss=0.0146 entropy=68.8459 kl=0.0383
[Iter 477/488] steps=976896 reward=-2.45 pi_loss=-0.0167 vf_loss=0.0098 entropy=68.6504 kl=0.0376
[Iter 478/488] steps=978944 reward=-2.44 pi_loss=-0.0139 vf_loss=0.0108 entropy=68.6333 kl=0.0334
[Iter 479/488] steps=980992 reward=-2.41 pi_loss=-0.0126 vf_loss=0.0108 entropy=68.5919 kl=0.0313
  [Eval] mean_return=-2.58 std_return=0.13
[Iter 480/488] steps=983040 reward=-2.42 pi_loss=-0.0143 vf_loss=0.0122 entropy=68.6889 kl=0.0305
[Iter 481/488] steps=985088 reward=-2.42 pi_loss=-0.0165 vf_loss=0.0131 entropy=68.5513 kl=0.0321
[Iter 482/488] steps=987136 reward=-2.44 pi_loss=-0.0130 vf_loss=0.0106 entropy=68.4163 kl=0.0279
[Iter 483/488] steps=989184 reward=-2.42 pi_loss=-0.0119 vf_loss=0.0125 entropy=68.5546 kl=0.0253
[Iter 484/488] steps=991232 reward=-2.46 pi_loss=-0.0112 vf_loss=0.0106 entropy=68.4254 kl=0.0254
  [Eval] mean_return=-2.28 std_return=0.32
[Iter 485/488] steps=993280 reward=-2.36 pi_loss=-0.0130 vf_loss=0.0125 entropy=68.6147 kl=0.0253
[Iter 486/488] steps=995328 reward=-2.40 pi_loss=-0.0088 vf_loss=0.0138 entropy=68.5119 kl=0.0218
[Iter 487/488] steps=997376 reward=-2.39 pi_loss=-0.0083 vf_loss=0.0128 entropy=68.3885 kl=0.0187
[Iter 488/488] steps=999424 reward=-2.40 pi_loss=-0.0016 vf_loss=0.0111 entropy=68.1028 kl=0.0120
Training complete. Logs saved to results/8hr/hop_K16_hierarchical/seed_42
