[Iter 1/488] steps=2048 reward=-473.01 pi_loss=-0.0142 vf_loss=16.9599 entropy=34.1763 kl=0.0064
[Iter 2/488] steps=4096 reward=-318.24 pi_loss=-0.0181 vf_loss=13.5844 entropy=34.0545 kl=0.0072
[Iter 3/488] steps=6144 reward=-459.51 pi_loss=-0.0222 vf_loss=13.6505 entropy=34.0101 kl=0.0084
[Iter 4/488] steps=8192 reward=-411.81 pi_loss=-0.0222 vf_loss=12.4731 entropy=34.1338 kl=0.0093
[Iter 5/488] steps=10240 reward=-432.20 pi_loss=-0.0241 vf_loss=13.3043 entropy=34.1521 kl=0.0095
  [Eval] mean_return=-252.64 std_return=62.65
[Iter 6/488] steps=12288 reward=-511.01 pi_loss=-0.0269 vf_loss=13.9583 entropy=34.1427 kl=0.0118
[Iter 7/488] steps=14336 reward=-453.19 pi_loss=-0.0274 vf_loss=13.0810 entropy=34.2373 kl=0.0132
[Iter 8/488] steps=16384 reward=-346.52 pi_loss=-0.0287 vf_loss=12.4702 entropy=33.9635 kl=0.0118
[Iter 9/488] steps=18432 reward=-392.63 pi_loss=-0.0259 vf_loss=19.6124 entropy=34.1109 kl=0.0105
[Iter 10/488] steps=20480 reward=-372.54 pi_loss=-0.0310 vf_loss=13.1929 entropy=34.1124 kl=0.0162
  [Eval] mean_return=-201.60 std_return=40.97
[Iter 11/488] steps=22528 reward=-434.78 pi_loss=-0.0307 vf_loss=11.6677 entropy=34.0565 kl=0.0167
[Iter 12/488] steps=24576 reward=-382.38 pi_loss=-0.0287 vf_loss=11.6839 entropy=34.1514 kl=0.0161
[Iter 13/488] steps=26624 reward=-396.48 pi_loss=-0.0331 vf_loss=11.6595 entropy=34.1940 kl=0.0158
[Iter 14/488] steps=28672 reward=-380.05 pi_loss=-0.0326 vf_loss=11.4768 entropy=34.0968 kl=0.0181
[Iter 15/488] steps=30720 reward=-401.15 pi_loss=-0.0317 vf_loss=11.8016 entropy=34.1693 kl=0.0182
  [Eval] mean_return=-201.22 std_return=22.77
[Iter 16/488] steps=32768 reward=-373.70 pi_loss=-0.0326 vf_loss=10.7845 entropy=34.0216 kl=0.0193
[Iter 17/488] steps=34816 reward=-355.30 pi_loss=-0.0330 vf_loss=14.6303 entropy=34.1069 kl=0.0166
[Iter 18/488] steps=36864 reward=-451.47 pi_loss=-0.0358 vf_loss=13.7497 entropy=34.3129 kl=0.0179
[Iter 19/488] steps=38912 reward=-358.57 pi_loss=-0.0331 vf_loss=12.2356 entropy=34.1848 kl=0.0171
[Iter 20/488] steps=40960 reward=-299.11 pi_loss=-0.0367 vf_loss=10.2530 entropy=34.1957 kl=0.0249
  [Eval] mean_return=-115.18 std_return=38.44
[Iter 21/488] steps=43008 reward=-326.04 pi_loss=-0.0364 vf_loss=14.3775 entropy=34.0818 kl=0.0186
[Iter 22/488] steps=45056 reward=-376.49 pi_loss=-0.0351 vf_loss=10.5200 entropy=34.0507 kl=0.0195
[Iter 23/488] steps=47104 reward=-291.01 pi_loss=-0.0346 vf_loss=13.9354 entropy=34.1592 kl=0.0175
[Iter 24/488] steps=49152 reward=-332.39 pi_loss=-0.0342 vf_loss=12.1253 entropy=34.0517 kl=0.0180
[Iter 25/488] steps=51200 reward=-266.18 pi_loss=-0.0365 vf_loss=13.8281 entropy=34.0997 kl=0.0185
  [Eval] mean_return=-131.98 std_return=43.60
[Iter 26/488] steps=53248 reward=-370.80 pi_loss=-0.0342 vf_loss=9.4955 entropy=34.1704 kl=0.0279
[Iter 27/488] steps=55296 reward=-305.05 pi_loss=-0.0403 vf_loss=8.8007 entropy=34.1547 kl=0.0278
[Iter 28/488] steps=57344 reward=-348.79 pi_loss=-0.0351 vf_loss=11.7492 entropy=34.0821 kl=0.0211
[Iter 29/488] steps=59392 reward=-283.46 pi_loss=-0.0380 vf_loss=8.4485 entropy=34.2462 kl=0.0304
[Iter 30/488] steps=61440 reward=-342.26 pi_loss=-0.0378 vf_loss=12.1388 entropy=34.1212 kl=0.0217
  [Eval] mean_return=-105.40 std_return=61.52
[Iter 31/488] steps=63488 reward=-243.47 pi_loss=-0.0376 vf_loss=11.1375 entropy=34.3827 kl=0.0250
[Iter 32/488] steps=65536 reward=-317.47 pi_loss=-0.0391 vf_loss=10.4822 entropy=34.0894 kl=0.0236
[Iter 33/488] steps=67584 reward=-232.58 pi_loss=-0.0360 vf_loss=14.8944 entropy=34.0608 kl=0.0165
[Iter 34/488] steps=69632 reward=-189.37 pi_loss=-0.0373 vf_loss=9.2946 entropy=34.1788 kl=0.0325
[Iter 35/488] steps=71680 reward=-296.68 pi_loss=-0.0408 vf_loss=10.1607 entropy=34.1099 kl=0.0244
  [Eval] mean_return=-78.19 std_return=62.52
[Iter 36/488] steps=73728 reward=-321.81 pi_loss=-0.0364 vf_loss=15.9488 entropy=34.1969 kl=0.0163
[Iter 37/488] steps=75776 reward=-234.07 pi_loss=-0.0405 vf_loss=7.9731 entropy=34.3120 kl=0.0304
[Iter 38/488] steps=77824 reward=-249.61 pi_loss=-0.0403 vf_loss=7.3467 entropy=34.1436 kl=0.0283
[Iter 39/488] steps=79872 reward=-203.01 pi_loss=-0.0407 vf_loss=6.6742 entropy=34.1482 kl=0.0331
[Iter 40/488] steps=81920 reward=-221.58 pi_loss=-0.0380 vf_loss=7.0472 entropy=34.1465 kl=0.0293
  [Eval] mean_return=42.18 std_return=36.01
[Iter 41/488] steps=83968 reward=-212.96 pi_loss=-0.0414 vf_loss=7.8421 entropy=34.2146 kl=0.0252
[Iter 42/488] steps=86016 reward=-210.01 pi_loss=-0.0407 vf_loss=8.1409 entropy=34.1292 kl=0.0255
[Iter 43/488] steps=88064 reward=-208.93 pi_loss=-0.0392 vf_loss=7.6198 entropy=34.0951 kl=0.0271
[Iter 44/488] steps=90112 reward=-153.62 pi_loss=-0.0394 vf_loss=6.5564 entropy=34.0924 kl=0.0360
  [Eval] mean_return=48.61 std_return=42.45
[Iter 45/488] steps=92160 reward=-206.82 pi_loss=-0.0413 vf_loss=7.6843 entropy=34.3267 kl=0.0265
[Iter 46/488] steps=94208 reward=-150.02 pi_loss=-0.0420 vf_loss=8.0820 entropy=34.2118 kl=0.0243
[Iter 47/488] steps=96256 reward=-256.91 pi_loss=-0.0405 vf_loss=9.9936 entropy=34.1009 kl=0.0217
[Iter 48/488] steps=98304 reward=-170.51 pi_loss=-0.0442 vf_loss=7.8621 entropy=34.1295 kl=0.0285
[Iter 49/488] steps=100352 reward=-146.33 pi_loss=-0.0444 vf_loss=8.3196 entropy=34.1265 kl=0.0285
  [Eval] mean_return=77.71 std_return=58.77
[Iter 50/488] steps=102400 reward=-206.65 pi_loss=-0.0419 vf_loss=11.0177 entropy=34.0475 kl=0.0195
[Iter 51/488] steps=104448 reward=-176.44 pi_loss=-0.0425 vf_loss=9.3214 entropy=34.1368 kl=0.0248
[Iter 52/488] steps=106496 reward=-259.48 pi_loss=-0.0403 vf_loss=13.5383 entropy=34.1813 kl=0.0199
[Iter 53/488] steps=108544 reward=-148.17 pi_loss=-0.0446 vf_loss=7.6456 entropy=34.1950 kl=0.0383
[Iter 54/488] steps=110592 reward=-148.09 pi_loss=-0.0444 vf_loss=7.7573 entropy=34.1878 kl=0.0330
  [Eval] mean_return=113.65 std_return=45.41
[Iter 55/488] steps=112640 reward=-114.92 pi_loss=-0.0398 vf_loss=7.2457 entropy=34.2510 kl=0.0349
[Iter 56/488] steps=114688 reward=-97.06 pi_loss=-0.0463 vf_loss=8.5835 entropy=34.0896 kl=0.0322
[Iter 57/488] steps=116736 reward=-64.02 pi_loss=-0.0451 vf_loss=6.5745 entropy=34.1260 kl=0.0374
[Iter 58/488] steps=118784 reward=-105.02 pi_loss=-0.0428 vf_loss=5.6975 entropy=34.2930 kl=0.0341
[Iter 59/488] steps=120832 reward=-45.18 pi_loss=-0.0457 vf_loss=6.6425 entropy=34.0415 kl=0.0315
  [Eval] mean_return=104.73 std_return=29.36
[Iter 60/488] steps=122880 reward=-151.73 pi_loss=-0.0449 vf_loss=6.5995 entropy=34.2042 kl=0.0341
[Iter 61/488] steps=124928 reward=-141.38 pi_loss=-0.0454 vf_loss=9.1177 entropy=34.1345 kl=0.0246
[Iter 62/488] steps=126976 reward=-103.15 pi_loss=-0.0435 vf_loss=6.8099 entropy=34.0580 kl=0.0310
[Iter 63/488] steps=129024 reward=-119.10 pi_loss=-0.0465 vf_loss=6.7771 entropy=34.1995 kl=0.0329
[Iter 64/488] steps=131072 reward=-78.78 pi_loss=-0.0431 vf_loss=8.6237 entropy=34.2800 kl=0.0269
  [Eval] mean_return=72.59 std_return=48.91
[Iter 65/488] steps=133120 reward=-71.41 pi_loss=-0.0443 vf_loss=9.2315 entropy=34.0947 kl=0.0246
[Iter 66/488] steps=135168 reward=-88.26 pi_loss=-0.0418 vf_loss=5.4124 entropy=34.2028 kl=0.0459
[Iter 67/488] steps=137216 reward=-178.66 pi_loss=-0.0431 vf_loss=11.4392 entropy=34.0823 kl=0.0197
[Iter 68/488] steps=139264 reward=-190.94 pi_loss=-0.0462 vf_loss=8.2852 entropy=34.0713 kl=0.0248
[Iter 69/488] steps=141312 reward=-70.02 pi_loss=-0.0414 vf_loss=7.9736 entropy=34.1098 kl=0.0362
  [Eval] mean_return=172.07 std_return=50.76
[Iter 70/488] steps=143360 reward=-51.68 pi_loss=-0.0440 vf_loss=7.9877 entropy=33.9901 kl=0.0310
[Iter 71/488] steps=145408 reward=-82.14 pi_loss=-0.0462 vf_loss=10.2144 entropy=34.1823 kl=0.0296
[Iter 72/488] steps=147456 reward=-96.75 pi_loss=-0.0426 vf_loss=8.8192 entropy=34.1390 kl=0.0269
[Iter 73/488] steps=149504 reward=-89.41 pi_loss=-0.0429 vf_loss=6.6117 entropy=34.2816 kl=0.0407
[Iter 74/488] steps=151552 reward=-80.47 pi_loss=-0.0456 vf_loss=8.4756 entropy=34.1927 kl=0.0320
  [Eval] mean_return=198.54 std_return=36.96
[Iter 75/488] steps=153600 reward=-74.93 pi_loss=-0.0404 vf_loss=7.0719 entropy=34.3003 kl=0.0359
[Iter 76/488] steps=155648 reward=-28.14 pi_loss=-0.0458 vf_loss=7.6698 entropy=34.1701 kl=0.0335
[Iter 77/488] steps=157696 reward=-20.93 pi_loss=-0.0425 vf_loss=11.2767 entropy=34.0976 kl=0.0246
[Iter 78/488] steps=159744 reward=-36.68 pi_loss=-0.0449 vf_loss=8.4613 entropy=34.2084 kl=0.0335
[Iter 79/488] steps=161792 reward=-29.67 pi_loss=-0.0445 vf_loss=6.9929 entropy=34.1777 kl=0.0374
  [Eval] mean_return=233.11 std_return=32.40
[Iter 80/488] steps=163840 reward=29.48 pi_loss=-0.0442 vf_loss=6.9245 entropy=34.2825 kl=0.0400
[Iter 81/488] steps=165888 reward=2.69 pi_loss=-0.0471 vf_loss=11.4849 entropy=34.0551 kl=0.0231
[Iter 82/488] steps=167936 reward=-35.61 pi_loss=-0.0448 vf_loss=7.5484 entropy=34.1846 kl=0.0373
[Iter 83/488] steps=169984 reward=-26.12 pi_loss=-0.0477 vf_loss=9.6628 entropy=34.2194 kl=0.0274
[Iter 84/488] steps=172032 reward=-42.17 pi_loss=-0.0461 vf_loss=12.6622 entropy=34.2302 kl=0.0246
  [Eval] mean_return=281.12 std_return=34.10
[Iter 85/488] steps=174080 reward=12.92 pi_loss=-0.0442 vf_loss=6.9027 entropy=34.1206 kl=0.0414
[Iter 86/488] steps=176128 reward=-70.34 pi_loss=-0.0454 vf_loss=9.5362 entropy=34.2676 kl=0.0271
[Iter 87/488] steps=178176 reward=65.22 pi_loss=-0.0416 vf_loss=6.3834 entropy=34.2712 kl=0.0476
[Iter 88/488] steps=180224 reward=0.16 pi_loss=-0.0463 vf_loss=5.8646 entropy=34.2043 kl=0.0428
  [Eval] mean_return=162.69 std_return=114.44
[Iter 89/488] steps=182272 reward=5.49 pi_loss=-0.0390 vf_loss=10.5641 entropy=34.1728 kl=0.0265
[Iter 90/488] steps=184320 reward=33.56 pi_loss=-0.0424 vf_loss=8.8308 entropy=34.3718 kl=0.0341
[Iter 91/488] steps=186368 reward=-43.38 pi_loss=-0.0455 vf_loss=11.9274 entropy=34.2189 kl=0.0223
[Iter 92/488] steps=188416 reward=26.02 pi_loss=-0.0466 vf_loss=12.8478 entropy=34.1673 kl=0.0240
[Iter 93/488] steps=190464 reward=-38.24 pi_loss=-0.0433 vf_loss=7.1301 entropy=34.2010 kl=0.0477
  [Eval] mean_return=267.72 std_return=35.34
[Iter 94/488] steps=192512 reward=64.09 pi_loss=-0.0440 vf_loss=8.1195 entropy=34.3478 kl=0.0388
[Iter 95/488] steps=194560 reward=23.75 pi_loss=-0.0473 vf_loss=9.2754 entropy=34.1882 kl=0.0305
[Iter 96/488] steps=196608 reward=-15.30 pi_loss=-0.0501 vf_loss=8.1216 entropy=34.2298 kl=0.0393
[Iter 97/488] steps=198656 reward=-26.10 pi_loss=-0.0485 vf_loss=7.7520 entropy=34.2342 kl=0.0443
[Iter 98/488] steps=200704 reward=45.93 pi_loss=-0.0438 vf_loss=9.1249 entropy=34.1332 kl=0.0318
  [Eval] mean_return=280.30 std_return=51.32
[Iter 99/488] steps=202752 reward=54.18 pi_loss=-0.0482 vf_loss=10.4175 entropy=34.1125 kl=0.0269
[Iter 100/488] steps=204800 reward=-7.25 pi_loss=-0.0458 vf_loss=6.3237 entropy=34.3075 kl=0.0507
[Iter 101/488] steps=206848 reward=-38.98 pi_loss=-0.0476 vf_loss=7.8578 entropy=34.1227 kl=0.0376
[Iter 102/488] steps=208896 reward=24.10 pi_loss=-0.0462 vf_loss=8.0245 entropy=34.2265 kl=0.0346
[Iter 103/488] steps=210944 reward=68.77 pi_loss=-0.0488 vf_loss=9.9762 entropy=34.0909 kl=0.0316
  [Eval] mean_return=280.56 std_return=32.25
[Iter 104/488] steps=212992 reward=123.31 pi_loss=-0.0478 vf_loss=7.2255 entropy=34.1089 kl=0.0358
[Iter 105/488] steps=215040 reward=10.22 pi_loss=-0.0495 vf_loss=10.6641 entropy=34.1727 kl=0.0275
[Iter 106/488] steps=217088 reward=100.82 pi_loss=-0.0459 vf_loss=7.5210 entropy=34.2375 kl=0.0435
[Iter 107/488] steps=219136 reward=132.61 pi_loss=-0.0455 vf_loss=10.3871 entropy=34.1608 kl=0.0265
[Iter 108/488] steps=221184 reward=95.89 pi_loss=-0.0444 vf_loss=7.4040 entropy=34.2389 kl=0.0441
  [Eval] mean_return=324.66 std_return=32.22
[Iter 109/488] steps=223232 reward=74.55 pi_loss=-0.0484 vf_loss=8.4145 entropy=34.0854 kl=0.0393
[Iter 110/488] steps=225280 reward=35.96 pi_loss=-0.0489 vf_loss=8.6362 entropy=34.3348 kl=0.0410
[Iter 111/488] steps=227328 reward=84.68 pi_loss=-0.0494 vf_loss=6.0546 entropy=34.2750 kl=0.0452
[Iter 112/488] steps=229376 reward=176.06 pi_loss=-0.0505 vf_loss=9.5773 entropy=34.2544 kl=0.0336
[Iter 113/488] steps=231424 reward=68.19 pi_loss=-0.0512 vf_loss=9.1360 entropy=34.1762 kl=0.0369
  [Eval] mean_return=299.33 std_return=50.85
[Iter 114/488] steps=233472 reward=106.85 pi_loss=-0.0471 vf_loss=10.1380 entropy=34.3036 kl=0.0330
[Iter 115/488] steps=235520 reward=79.02 pi_loss=-0.0479 vf_loss=9.3830 entropy=34.1681 kl=0.0385
[Iter 116/488] steps=237568 reward=75.60 pi_loss=-0.0476 vf_loss=8.6493 entropy=34.2565 kl=0.0427
[Iter 117/488] steps=239616 reward=118.88 pi_loss=-0.0456 vf_loss=13.7917 entropy=34.1464 kl=0.0257
[Iter 118/488] steps=241664 reward=63.67 pi_loss=-0.0471 vf_loss=11.3522 entropy=34.0535 kl=0.0310
  [Eval] mean_return=263.92 std_return=30.74
[Iter 119/488] steps=243712 reward=152.99 pi_loss=-0.0460 vf_loss=11.0269 entropy=34.2769 kl=0.0458
[Iter 120/488] steps=245760 reward=72.49 pi_loss=-0.0451 vf_loss=12.4068 entropy=34.1347 kl=0.0292
[Iter 121/488] steps=247808 reward=0.26 pi_loss=-0.0468 vf_loss=11.4181 entropy=34.1564 kl=0.0337
[Iter 122/488] steps=249856 reward=39.93 pi_loss=-0.0357 vf_loss=22.9313 entropy=34.1444 kl=0.0287
[Iter 123/488] steps=251904 reward=60.87 pi_loss=-0.0427 vf_loss=8.2515 entropy=34.1811 kl=0.0632
  [Eval] mean_return=282.22 std_return=123.92
[Iter 124/488] steps=253952 reward=95.55 pi_loss=-0.0473 vf_loss=6.7644 entropy=34.2689 kl=0.0608
[Iter 125/488] steps=256000 reward=176.25 pi_loss=-0.0476 vf_loss=10.0829 entropy=34.1786 kl=0.0359
[Iter 126/488] steps=258048 reward=75.66 pi_loss=-0.0439 vf_loss=6.4690 entropy=34.1583 kl=0.0539
[Iter 127/488] steps=260096 reward=49.91 pi_loss=-0.0483 vf_loss=6.1068 entropy=34.2485 kl=0.0554
  [Eval] mean_return=279.64 std_return=56.12
[Iter 128/488] steps=262144 reward=69.87 pi_loss=-0.0466 vf_loss=13.3974 entropy=34.1949 kl=0.0229
[Iter 129/488] steps=264192 reward=100.35 pi_loss=-0.0433 vf_loss=9.0879 entropy=34.0646 kl=0.0333
[Iter 130/488] steps=266240 reward=88.87 pi_loss=-0.0484 vf_loss=8.3569 entropy=34.2805 kl=0.0414
[Iter 131/488] steps=268288 reward=75.98 pi_loss=-0.0461 vf_loss=14.7663 entropy=34.0970 kl=0.0256
[Iter 132/488] steps=270336 reward=154.05 pi_loss=-0.0502 vf_loss=7.3402 entropy=34.2952 kl=0.0489
  [Eval] mean_return=317.22 std_return=84.34
[Iter 133/488] steps=272384 reward=-2.45 pi_loss=-0.0466 vf_loss=12.4294 entropy=34.0973 kl=0.0268
[Iter 134/488] steps=274432 reward=99.04 pi_loss=-0.0491 vf_loss=11.2397 entropy=34.1833 kl=0.0374
[Iter 135/488] steps=276480 reward=149.44 pi_loss=-0.0462 vf_loss=8.3372 entropy=34.2668 kl=0.0480
[Iter 136/488] steps=278528 reward=190.92 pi_loss=-0.0501 vf_loss=12.1261 entropy=34.2202 kl=0.0343
[Iter 137/488] steps=280576 reward=68.06 pi_loss=-0.0417 vf_loss=20.7104 entropy=34.2252 kl=0.0215
  [Eval] mean_return=307.37 std_return=64.52
[Iter 138/488] steps=282624 reward=11.17 pi_loss=-0.0489 vf_loss=10.4270 entropy=34.2561 kl=0.0426
[Iter 139/488] steps=284672 reward=31.58 pi_loss=-0.0445 vf_loss=10.5186 entropy=34.2672 kl=0.0509
[Iter 140/488] steps=286720 reward=121.96 pi_loss=-0.0507 vf_loss=9.2459 entropy=34.1394 kl=0.0469
[Iter 141/488] steps=288768 reward=55.51 pi_loss=-0.0483 vf_loss=13.2630 entropy=34.2537 kl=0.0318
[Iter 142/488] steps=290816 reward=146.01 pi_loss=-0.0530 vf_loss=9.7345 entropy=34.2512 kl=0.0408
  [Eval] mean_return=342.50 std_return=47.59
[Iter 143/488] steps=292864 reward=80.64 pi_loss=-0.0523 vf_loss=7.7180 entropy=34.1618 kl=0.0482
[Iter 144/488] steps=294912 reward=107.84 pi_loss=-0.0488 vf_loss=6.8252 entropy=34.1136 kl=0.0460
[Iter 145/488] steps=296960 reward=98.74 pi_loss=-0.0496 vf_loss=6.9944 entropy=34.2505 kl=0.0545
[Iter 146/488] steps=299008 reward=99.14 pi_loss=-0.0511 vf_loss=9.2888 entropy=34.2116 kl=0.0326
[Iter 147/488] steps=301056 reward=165.74 pi_loss=-0.0499 vf_loss=8.7637 entropy=34.1741 kl=0.0371
  [Eval] mean_return=346.61 std_return=78.26
[Iter 148/488] steps=303104 reward=76.61 pi_loss=-0.0459 vf_loss=13.5966 entropy=34.1733 kl=0.0273
[Iter 149/488] steps=305152 reward=80.60 pi_loss=-0.0515 vf_loss=7.6260 entropy=34.2629 kl=0.0407
[Iter 150/488] steps=307200 reward=158.18 pi_loss=-0.0529 vf_loss=9.3776 entropy=34.0631 kl=0.0433
[Iter 151/488] steps=309248 reward=84.47 pi_loss=-0.0446 vf_loss=15.5571 entropy=34.1757 kl=0.0270
[Iter 152/488] steps=311296 reward=-35.11 pi_loss=-0.0471 vf_loss=11.7197 entropy=34.0648 kl=0.0353
  [Eval] mean_return=373.98 std_return=45.95
[Iter 153/488] steps=313344 reward=92.40 pi_loss=-0.0476 vf_loss=9.9157 entropy=34.1696 kl=0.0434
[Iter 154/488] steps=315392 reward=98.25 pi_loss=-0.0512 vf_loss=9.4988 entropy=34.2285 kl=0.0389
[Iter 155/488] steps=317440 reward=84.12 pi_loss=-0.0433 vf_loss=15.8995 entropy=34.0715 kl=0.0266
[Iter 156/488] steps=319488 reward=213.58 pi_loss=-0.0497 vf_loss=12.7221 entropy=34.1439 kl=0.0374
[Iter 157/488] steps=321536 reward=92.24 pi_loss=-0.0481 vf_loss=10.0435 entropy=34.3086 kl=0.0457
  [Eval] mean_return=352.50 std_return=57.87
[Iter 158/488] steps=323584 reward=69.11 pi_loss=-0.0492 vf_loss=8.8380 entropy=34.2782 kl=0.0446
[Iter 159/488] steps=325632 reward=31.86 pi_loss=-0.0447 vf_loss=11.0159 entropy=34.2098 kl=0.0316
[Iter 160/488] steps=327680 reward=89.95 pi_loss=-0.0472 vf_loss=9.3957 entropy=34.1405 kl=0.0516
[Iter 161/488] steps=329728 reward=155.49 pi_loss=-0.0446 vf_loss=14.0884 entropy=34.1396 kl=0.0295
[Iter 162/488] steps=331776 reward=102.12 pi_loss=-0.0476 vf_loss=8.8606 entropy=34.4067 kl=0.0532
  [Eval] mean_return=348.38 std_return=68.81
[Iter 163/488] steps=333824 reward=131.80 pi_loss=-0.0525 vf_loss=10.1441 entropy=34.1937 kl=0.0360
[Iter 164/488] steps=335872 reward=200.76 pi_loss=-0.0523 vf_loss=10.5728 entropy=34.1875 kl=0.0407
[Iter 165/488] steps=337920 reward=137.63 pi_loss=-0.0489 vf_loss=9.0481 entropy=34.2921 kl=0.0469
[Iter 166/488] steps=339968 reward=55.06 pi_loss=-0.0450 vf_loss=17.5611 entropy=34.0399 kl=0.0273
[Iter 167/488] steps=342016 reward=193.40 pi_loss=-0.0477 vf_loss=9.5433 entropy=34.1784 kl=0.0489
  [Eval] mean_return=393.59 std_return=61.67
[Iter 168/488] steps=344064 reward=172.79 pi_loss=-0.0466 vf_loss=11.1879 entropy=34.1597 kl=0.0392
[Iter 169/488] steps=346112 reward=145.17 pi_loss=-0.0500 vf_loss=9.3473 entropy=34.2338 kl=0.0467
[Iter 170/488] steps=348160 reward=51.49 pi_loss=-0.0516 vf_loss=9.3983 entropy=34.2416 kl=0.0457
[Iter 171/488] steps=350208 reward=55.97 pi_loss=-0.0515 vf_loss=10.9919 entropy=34.2737 kl=0.0375
  [Eval] mean_return=375.50 std_return=68.81
[Iter 172/488] steps=352256 reward=73.50 pi_loss=-0.0494 vf_loss=12.2874 entropy=34.2232 kl=0.0351
[Iter 173/488] steps=354304 reward=172.25 pi_loss=-0.0454 vf_loss=19.9013 entropy=34.1011 kl=0.0247
[Iter 174/488] steps=356352 reward=74.84 pi_loss=-0.0454 vf_loss=8.1190 entropy=34.3090 kl=0.0641
[Iter 175/488] steps=358400 reward=100.95 pi_loss=-0.0451 vf_loss=12.7266 entropy=34.1312 kl=0.0352
[Iter 176/488] steps=360448 reward=72.02 pi_loss=-0.0503 vf_loss=9.1387 entropy=34.2376 kl=0.0489
  [Eval] mean_return=377.48 std_return=56.83
[Iter 177/488] steps=362496 reward=81.29 pi_loss=-0.0514 vf_loss=7.8432 entropy=34.3000 kl=0.0570
[Iter 178/488] steps=364544 reward=11.82 pi_loss=-0.0545 vf_loss=9.1362 entropy=34.1918 kl=0.0507
[Iter 179/488] steps=366592 reward=131.22 pi_loss=-0.0475 vf_loss=9.2590 entropy=34.1208 kl=0.0401
[Iter 180/488] steps=368640 reward=135.71 pi_loss=-0.0540 vf_loss=11.9269 entropy=34.2414 kl=0.0371
[Iter 181/488] steps=370688 reward=135.32 pi_loss=-0.0512 vf_loss=12.6811 entropy=34.2858 kl=0.0394
  [Eval] mean_return=407.85 std_return=54.18
[Iter 182/488] steps=372736 reward=97.87 pi_loss=-0.0505 vf_loss=10.4090 entropy=34.1301 kl=0.0377
[Iter 183/488] steps=374784 reward=98.07 pi_loss=-0.0517 vf_loss=12.4947 entropy=34.3089 kl=0.0384
[Iter 184/488] steps=376832 reward=127.49 pi_loss=-0.0510 vf_loss=10.0835 entropy=34.1686 kl=0.0475
[Iter 185/488] steps=378880 reward=202.79 pi_loss=-0.0492 vf_loss=10.2301 entropy=34.2338 kl=0.0487
[Iter 186/488] steps=380928 reward=85.49 pi_loss=-0.0519 vf_loss=10.7344 entropy=34.2655 kl=0.0452
  [Eval] mean_return=398.40 std_return=52.30
[Iter 187/488] steps=382976 reward=172.05 pi_loss=-0.0491 vf_loss=9.9438 entropy=34.2009 kl=0.0415
[Iter 188/488] steps=385024 reward=186.00 pi_loss=-0.0490 vf_loss=13.7091 entropy=34.3174 kl=0.0392
[Iter 189/488] steps=387072 reward=46.10 pi_loss=-0.0521 vf_loss=11.5038 entropy=34.0597 kl=0.0369
[Iter 190/488] steps=389120 reward=205.55 pi_loss=-0.0522 vf_loss=11.5497 entropy=34.3732 kl=0.0443
[Iter 191/488] steps=391168 reward=162.57 pi_loss=-0.0500 vf_loss=11.8437 entropy=34.1855 kl=0.0402
  [Eval] mean_return=378.86 std_return=70.19
[Iter 192/488] steps=393216 reward=140.38 pi_loss=-0.0488 vf_loss=9.1127 entropy=34.2723 kl=0.0566
[Iter 193/488] steps=395264 reward=174.67 pi_loss=-0.0514 vf_loss=10.1794 entropy=34.2598 kl=0.0488
[Iter 194/488] steps=397312 reward=112.96 pi_loss=-0.0527 vf_loss=11.2477 entropy=34.3847 kl=0.0415
[Iter 195/488] steps=399360 reward=177.15 pi_loss=-0.0520 vf_loss=11.0879 entropy=34.2442 kl=0.0452
[Iter 196/488] steps=401408 reward=84.38 pi_loss=-0.0498 vf_loss=9.7916 entropy=34.2252 kl=0.0468
  [Eval] mean_return=425.76 std_return=52.81
[Iter 197/488] steps=403456 reward=85.23 pi_loss=-0.0471 vf_loss=13.1148 entropy=34.3298 kl=0.0384
[Iter 198/488] steps=405504 reward=145.81 pi_loss=-0.0516 vf_loss=11.8972 entropy=34.2192 kl=0.0403
[Iter 199/488] steps=407552 reward=232.24 pi_loss=-0.0508 vf_loss=9.6408 entropy=34.1844 kl=0.0527
[Iter 200/488] steps=409600 reward=151.27 pi_loss=-0.0499 vf_loss=7.1610 entropy=34.4516 kl=0.0580
[Iter 201/488] steps=411648 reward=190.09 pi_loss=-0.0509 vf_loss=8.6183 entropy=34.2355 kl=0.0532
  [Eval] mean_return=395.06 std_return=29.38
[Iter 202/488] steps=413696 reward=231.18 pi_loss=-0.0507 vf_loss=11.4808 entropy=34.2734 kl=0.0393
[Iter 203/488] steps=415744 reward=88.38 pi_loss=-0.0480 vf_loss=16.1921 entropy=34.0855 kl=0.0257
[Iter 204/488] steps=417792 reward=129.75 pi_loss=-0.0468 vf_loss=17.1339 entropy=34.1101 kl=0.0304
[Iter 205/488] steps=419840 reward=224.47 pi_loss=-0.0473 vf_loss=8.9765 entropy=34.5078 kl=0.0618
[Iter 206/488] steps=421888 reward=155.75 pi_loss=-0.0513 vf_loss=11.5666 entropy=34.1332 kl=0.0399
  [Eval] mean_return=402.03 std_return=61.15
[Iter 207/488] steps=423936 reward=73.29 pi_loss=-0.0525 vf_loss=10.2832 entropy=34.1883 kl=0.0537
[Iter 208/488] steps=425984 reward=164.24 pi_loss=-0.0520 vf_loss=10.4461 entropy=34.1272 kl=0.0440
[Iter 209/488] steps=428032 reward=104.81 pi_loss=-0.0477 vf_loss=14.6719 entropy=34.1005 kl=0.0328
[Iter 210/488] steps=430080 reward=147.87 pi_loss=-0.0521 vf_loss=9.6733 entropy=34.1956 kl=0.0483
  [Eval] mean_return=344.35 std_return=65.59
[Iter 211/488] steps=432128 reward=174.24 pi_loss=-0.0461 vf_loss=9.3419 entropy=34.4249 kl=0.0604
[Iter 212/488] steps=434176 reward=158.09 pi_loss=-0.0496 vf_loss=12.0983 entropy=34.2853 kl=0.0411
[Iter 213/488] steps=436224 reward=137.02 pi_loss=-0.0509 vf_loss=10.2580 entropy=34.0897 kl=0.0429
[Iter 214/488] steps=438272 reward=144.36 pi_loss=-0.0479 vf_loss=9.3789 entropy=34.2632 kl=0.0544
[Iter 215/488] steps=440320 reward=192.40 pi_loss=-0.0489 vf_loss=9.0919 entropy=34.2673 kl=0.0527
  [Eval] mean_return=401.60 std_return=72.60
[Iter 216/488] steps=442368 reward=188.02 pi_loss=-0.0469 vf_loss=11.1751 entropy=34.1741 kl=0.0394
[Iter 217/488] steps=444416 reward=125.02 pi_loss=-0.0479 vf_loss=13.7319 entropy=34.1095 kl=0.0356
[Iter 218/488] steps=446464 reward=109.04 pi_loss=-0.0520 vf_loss=11.9534 entropy=34.1955 kl=0.0414
[Iter 219/488] steps=448512 reward=134.54 pi_loss=-0.0510 vf_loss=12.1042 entropy=34.1803 kl=0.0482
[Iter 220/488] steps=450560 reward=95.33 pi_loss=-0.0525 vf_loss=13.2741 entropy=34.0947 kl=0.0416
  [Eval] mean_return=373.95 std_return=60.28
[Iter 221/488] steps=452608 reward=86.54 pi_loss=-0.0506 vf_loss=11.6742 entropy=34.1905 kl=0.0446
[Iter 222/488] steps=454656 reward=138.83 pi_loss=-0.0519 vf_loss=9.6049 entropy=34.2193 kl=0.0531
[Iter 223/488] steps=456704 reward=162.31 pi_loss=-0.0487 vf_loss=9.2058 entropy=34.2217 kl=0.0522
[Iter 224/488] steps=458752 reward=147.49 pi_loss=-0.0494 vf_loss=12.7292 entropy=34.1225 kl=0.0352
[Iter 225/488] steps=460800 reward=150.93 pi_loss=-0.0523 vf_loss=10.8313 entropy=34.2551 kl=0.0466
  [Eval] mean_return=393.09 std_return=59.93
[Iter 226/488] steps=462848 reward=123.36 pi_loss=-0.0535 vf_loss=12.4460 entropy=34.3390 kl=0.0437
[Iter 227/488] steps=464896 reward=129.48 pi_loss=-0.0518 vf_loss=11.9378 entropy=34.0945 kl=0.0405
[Iter 228/488] steps=466944 reward=166.47 pi_loss=-0.0497 vf_loss=10.3069 entropy=34.2500 kl=0.0505
[Iter 229/488] steps=468992 reward=101.78 pi_loss=-0.0485 vf_loss=11.5453 entropy=34.1478 kl=0.0362
[Iter 230/488] steps=471040 reward=101.54 pi_loss=-0.0551 vf_loss=11.7523 entropy=34.3537 kl=0.0511
  [Eval] mean_return=378.63 std_return=55.33
[Iter 231/488] steps=473088 reward=178.15 pi_loss=-0.0518 vf_loss=12.8951 entropy=34.1149 kl=0.0378
[Iter 232/488] steps=475136 reward=157.93 pi_loss=-0.0485 vf_loss=12.1756 entropy=34.3945 kl=0.0617
[Iter 233/488] steps=477184 reward=168.97 pi_loss=-0.0527 vf_loss=9.4489 entropy=34.3015 kl=0.0504
[Iter 234/488] steps=479232 reward=188.39 pi_loss=-0.0518 vf_loss=10.5920 entropy=34.1472 kl=0.0461
[Iter 235/488] steps=481280 reward=133.50 pi_loss=-0.0544 vf_loss=10.8110 entropy=34.1212 kl=0.0424
  [Eval] mean_return=398.23 std_return=52.21
[Iter 236/488] steps=483328 reward=208.35 pi_loss=-0.0500 vf_loss=10.7835 entropy=34.2354 kl=0.0439
[Iter 237/488] steps=485376 reward=144.03 pi_loss=-0.0534 vf_loss=10.7947 entropy=34.2109 kl=0.0484
[Iter 238/488] steps=487424 reward=131.34 pi_loss=-0.0515 vf_loss=12.8165 entropy=34.3134 kl=0.0369
[Iter 239/488] steps=489472 reward=115.47 pi_loss=-0.0519 vf_loss=11.6688 entropy=34.3177 kl=0.0433
[Iter 240/488] steps=491520 reward=193.47 pi_loss=-0.0517 vf_loss=10.0527 entropy=34.2851 kl=0.0472
  [Eval] mean_return=398.43 std_return=83.49
[Iter 241/488] steps=493568 reward=135.34 pi_loss=-0.0514 vf_loss=8.9888 entropy=34.2454 kl=0.0480
[Iter 242/488] steps=495616 reward=158.69 pi_loss=-0.0533 vf_loss=9.5785 entropy=34.3103 kl=0.0466
[Iter 243/488] steps=497664 reward=161.20 pi_loss=-0.0518 vf_loss=14.7930 entropy=34.1854 kl=0.0302
[Iter 244/488] steps=499712 reward=51.69 pi_loss=-0.0506 vf_loss=15.9543 entropy=34.1444 kl=0.0305
[Iter 245/488] steps=501760 reward=206.91 pi_loss=-0.0508 vf_loss=13.2423 entropy=34.1402 kl=0.0486
  [Eval] mean_return=413.62 std_return=57.63
[Iter 246/488] steps=503808 reward=207.09 pi_loss=-0.0536 vf_loss=12.9814 entropy=34.2161 kl=0.0445
[Iter 247/488] steps=505856 reward=123.11 pi_loss=-0.0511 vf_loss=15.5950 entropy=34.1662 kl=0.0308
[Iter 248/488] steps=507904 reward=123.58 pi_loss=-0.0521 vf_loss=14.6454 entropy=34.1085 kl=0.0371
[Iter 249/488] steps=509952 reward=171.08 pi_loss=-0.0498 vf_loss=11.6790 entropy=34.1062 kl=0.0451
[Iter 250/488] steps=512000 reward=60.32 pi_loss=-0.0458 vf_loss=16.2631 entropy=34.1751 kl=0.0323
  [Eval] mean_return=372.87 std_return=75.08
[Iter 251/488] steps=514048 reward=129.13 pi_loss=-0.0508 vf_loss=11.6454 entropy=34.2244 kl=0.0479
[Iter 252/488] steps=516096 reward=202.34 pi_loss=-0.0420 vf_loss=9.2238 entropy=34.3528 kl=0.0723
[Iter 253/488] steps=518144 reward=195.79 pi_loss=-0.0533 vf_loss=9.7128 entropy=34.2147 kl=0.0506
[Iter 254/488] steps=520192 reward=194.41 pi_loss=-0.0498 vf_loss=10.9197 entropy=34.2470 kl=0.0471
  [Eval] mean_return=381.60 std_return=114.08
[Iter 255/488] steps=522240 reward=203.44 pi_loss=-0.0542 vf_loss=10.7461 entropy=34.2937 kl=0.0488
[Iter 256/488] steps=524288 reward=118.42 pi_loss=-0.0564 vf_loss=11.9941 entropy=34.1104 kl=0.0359
[Iter 257/488] steps=526336 reward=204.50 pi_loss=-0.0532 vf_loss=13.0003 entropy=34.2077 kl=0.0404
[Iter 258/488] steps=528384 reward=200.06 pi_loss=-0.0551 vf_loss=10.0573 entropy=34.3413 kl=0.0490
[Iter 259/488] steps=530432 reward=160.69 pi_loss=-0.0513 vf_loss=12.7319 entropy=34.2124 kl=0.0395
  [Eval] mean_return=418.20 std_return=61.36
[Iter 260/488] steps=532480 reward=82.61 pi_loss=-0.0515 vf_loss=13.4809 entropy=34.2602 kl=0.0350
[Iter 261/488] steps=534528 reward=126.91 pi_loss=-0.0492 vf_loss=7.9968 entropy=34.3103 kl=0.0536
[Iter 262/488] steps=536576 reward=60.69 pi_loss=-0.0510 vf_loss=15.6783 entropy=34.1364 kl=0.0293
[Iter 263/488] steps=538624 reward=159.19 pi_loss=-0.0517 vf_loss=9.1116 entropy=34.0967 kl=0.0423
[Iter 264/488] steps=540672 reward=156.03 pi_loss=-0.0501 vf_loss=13.8927 entropy=34.1290 kl=0.0332
  [Eval] mean_return=343.52 std_return=90.08
[Iter 265/488] steps=542720 reward=170.74 pi_loss=-0.0545 vf_loss=12.9187 entropy=34.2587 kl=0.0420
[Iter 266/488] steps=544768 reward=180.94 pi_loss=-0.0525 vf_loss=11.3373 entropy=34.1107 kl=0.0444
[Iter 267/488] steps=546816 reward=95.67 pi_loss=-0.0505 vf_loss=13.7740 entropy=34.1936 kl=0.0350
[Iter 268/488] steps=548864 reward=214.12 pi_loss=-0.0521 vf_loss=9.1670 entropy=34.3242 kl=0.0503
[Iter 269/488] steps=550912 reward=181.50 pi_loss=-0.0545 vf_loss=12.7806 entropy=34.3971 kl=0.0418
  [Eval] mean_return=389.97 std_return=53.00
[Iter 270/488] steps=552960 reward=232.99 pi_loss=-0.0521 vf_loss=12.7223 entropy=34.2295 kl=0.0373
[Iter 271/488] steps=555008 reward=54.68 pi_loss=-0.0493 vf_loss=22.1580 entropy=34.1403 kl=0.0271
[Iter 272/488] steps=557056 reward=189.72 pi_loss=-0.0482 vf_loss=10.7482 entropy=34.1827 kl=0.0447
[Iter 273/488] steps=559104 reward=101.27 pi_loss=-0.0488 vf_loss=14.7892 entropy=34.1289 kl=0.0318
[Iter 274/488] steps=561152 reward=147.32 pi_loss=-0.0496 vf_loss=9.4176 entropy=34.2732 kl=0.0546
  [Eval] mean_return=416.57 std_return=59.21
[Iter 275/488] steps=563200 reward=234.47 pi_loss=-0.0533 vf_loss=10.2845 entropy=34.1850 kl=0.0456
[Iter 276/488] steps=565248 reward=175.07 pi_loss=-0.0522 vf_loss=12.7459 entropy=34.3456 kl=0.0361
[Iter 277/488] steps=567296 reward=231.94 pi_loss=-0.0555 vf_loss=11.6871 entropy=34.1520 kl=0.0394
[Iter 278/488] steps=569344 reward=194.23 pi_loss=-0.0495 vf_loss=12.0809 entropy=34.2775 kl=0.0393
[Iter 279/488] steps=571392 reward=199.96 pi_loss=-0.0488 vf_loss=16.0466 entropy=34.3697 kl=0.0384
  [Eval] mean_return=352.64 std_return=62.73
[Iter 280/488] steps=573440 reward=87.81 pi_loss=-0.0453 vf_loss=23.0680 entropy=34.0801 kl=0.0234
[Iter 281/488] steps=575488 reward=181.65 pi_loss=-0.0523 vf_loss=13.3092 entropy=34.1646 kl=0.0367
[Iter 282/488] steps=577536 reward=147.18 pi_loss=-0.0513 vf_loss=13.4295 entropy=34.2448 kl=0.0437
[Iter 283/488] steps=579584 reward=116.08 pi_loss=-0.0527 vf_loss=11.4991 entropy=34.2801 kl=0.0466
[Iter 284/488] steps=581632 reward=160.20 pi_loss=-0.0517 vf_loss=11.0718 entropy=34.2452 kl=0.0441
  [Eval] mean_return=374.98 std_return=44.87
[Iter 285/488] steps=583680 reward=136.96 pi_loss=-0.0503 vf_loss=13.6164 entropy=34.0927 kl=0.0330
[Iter 286/488] steps=585728 reward=88.68 pi_loss=-0.0493 vf_loss=13.3213 entropy=34.2239 kl=0.0366
[Iter 287/488] steps=587776 reward=144.54 pi_loss=-0.0501 vf_loss=11.8061 entropy=34.1962 kl=0.0416
[Iter 288/488] steps=589824 reward=199.42 pi_loss=-0.0529 vf_loss=11.3646 entropy=34.1134 kl=0.0397
[Iter 289/488] steps=591872 reward=147.68 pi_loss=-0.0510 vf_loss=10.8524 entropy=34.1717 kl=0.0412
  [Eval] mean_return=418.85 std_return=75.68
[Iter 290/488] steps=593920 reward=146.64 pi_loss=-0.0507 vf_loss=11.8077 entropy=34.2695 kl=0.0398
[Iter 291/488] steps=595968 reward=98.83 pi_loss=-0.0448 vf_loss=14.9147 entropy=34.1309 kl=0.0281
[Iter 292/488] steps=598016 reward=108.70 pi_loss=-0.0445 vf_loss=22.7633 entropy=34.1162 kl=0.0235
[Iter 293/488] steps=600064 reward=185.80 pi_loss=-0.0501 vf_loss=12.2634 entropy=34.1054 kl=0.0424
  [Eval] mean_return=421.66 std_return=43.92
[Iter 294/488] steps=602112 reward=187.02 pi_loss=-0.0462 vf_loss=10.7531 entropy=34.2714 kl=0.0431
[Iter 295/488] steps=604160 reward=140.80 pi_loss=-0.0500 vf_loss=10.4766 entropy=34.2035 kl=0.0431
[Iter 296/488] steps=606208 reward=208.90 pi_loss=-0.0515 vf_loss=12.8464 entropy=34.1849 kl=0.0350
[Iter 297/488] steps=608256 reward=149.95 pi_loss=-0.0540 vf_loss=17.1495 entropy=34.1564 kl=0.0353
[Iter 298/488] steps=610304 reward=191.27 pi_loss=-0.0499 vf_loss=11.8017 entropy=34.1543 kl=0.0386
  [Eval] mean_return=374.43 std_return=41.24
[Iter 299/488] steps=612352 reward=163.33 pi_loss=-0.0519 vf_loss=9.9565 entropy=34.2757 kl=0.0503
[Iter 300/488] steps=614400 reward=182.41 pi_loss=-0.0450 vf_loss=19.6285 entropy=34.1333 kl=0.0226
[Iter 301/488] steps=616448 reward=19.52 pi_loss=-0.0479 vf_loss=13.6931 entropy=34.3279 kl=0.0318
[Iter 302/488] steps=618496 reward=178.42 pi_loss=-0.0485 vf_loss=14.0972 entropy=34.3049 kl=0.0419
[Iter 303/488] steps=620544 reward=218.71 pi_loss=-0.0520 vf_loss=11.4787 entropy=34.4038 kl=0.0474
  [Eval] mean_return=340.54 std_return=86.42
[Iter 304/488] steps=622592 reward=216.66 pi_loss=-0.0516 vf_loss=11.6006 entropy=34.2597 kl=0.0411
[Iter 305/488] steps=624640 reward=202.52 pi_loss=-0.0524 vf_loss=11.4001 entropy=34.2885 kl=0.0447
[Iter 306/488] steps=626688 reward=238.33 pi_loss=-0.0462 vf_loss=14.7092 entropy=34.1938 kl=0.0262
[Iter 307/488] steps=628736 reward=87.20 pi_loss=-0.0482 vf_loss=17.4831 entropy=34.1119 kl=0.0310
[Iter 308/488] steps=630784 reward=229.08 pi_loss=-0.0519 vf_loss=10.5756 entropy=34.1834 kl=0.0414
  [Eval] mean_return=357.63 std_return=66.79
[Iter 309/488] steps=632832 reward=107.59 pi_loss=-0.0498 vf_loss=14.9473 entropy=34.0838 kl=0.0289
[Iter 310/488] steps=634880 reward=162.44 pi_loss=-0.0455 vf_loss=15.9675 entropy=34.1973 kl=0.0284
[Iter 311/488] steps=636928 reward=170.95 pi_loss=-0.0464 vf_loss=15.7368 entropy=34.0534 kl=0.0332
[Iter 312/488] steps=638976 reward=210.88 pi_loss=-0.0496 vf_loss=11.1185 entropy=34.3266 kl=0.0456
[Iter 313/488] steps=641024 reward=210.49 pi_loss=-0.0524 vf_loss=12.5614 entropy=34.2658 kl=0.0396
  [Eval] mean_return=358.70 std_return=103.72
[Iter 314/488] steps=643072 reward=118.50 pi_loss=-0.0498 vf_loss=16.3936 entropy=34.1627 kl=0.0276
[Iter 315/488] steps=645120 reward=184.43 pi_loss=-0.0530 vf_loss=12.3190 entropy=34.0706 kl=0.0352
[Iter 316/488] steps=647168 reward=133.93 pi_loss=-0.0510 vf_loss=15.4102 entropy=34.1143 kl=0.0302
[Iter 317/488] steps=649216 reward=206.52 pi_loss=-0.0518 vf_loss=13.7985 entropy=34.3311 kl=0.0337
[Iter 318/488] steps=651264 reward=81.16 pi_loss=-0.0466 vf_loss=23.0777 entropy=34.0434 kl=0.0207
  [Eval] mean_return=373.27 std_return=62.96
[Iter 319/488] steps=653312 reward=138.57 pi_loss=-0.0497 vf_loss=13.0889 entropy=34.3526 kl=0.0356
[Iter 320/488] steps=655360 reward=124.64 pi_loss=-0.0469 vf_loss=20.8966 entropy=34.2256 kl=0.0266
[Iter 321/488] steps=657408 reward=122.68 pi_loss=-0.0534 vf_loss=10.9425 entropy=34.1767 kl=0.0488
[Iter 322/488] steps=659456 reward=200.44 pi_loss=-0.0502 vf_loss=15.7797 entropy=34.2531 kl=0.0300
[Iter 323/488] steps=661504 reward=154.27 pi_loss=-0.0527 vf_loss=11.7379 entropy=34.2320 kl=0.0429
  [Eval] mean_return=398.67 std_return=58.80
[Iter 324/488] steps=663552 reward=224.11 pi_loss=-0.0511 vf_loss=9.6003 entropy=34.2301 kl=0.0439
[Iter 325/488] steps=665600 reward=175.73 pi_loss=-0.0519 vf_loss=12.2591 entropy=34.0498 kl=0.0341
[Iter 326/488] steps=667648 reward=227.89 pi_loss=-0.0499 vf_loss=12.5922 entropy=34.1862 kl=0.0340
[Iter 327/488] steps=669696 reward=272.98 pi_loss=-0.0509 vf_loss=14.6161 entropy=34.1001 kl=0.0323
[Iter 328/488] steps=671744 reward=136.81 pi_loss=-0.0493 vf_loss=13.4870 entropy=34.2316 kl=0.0262
  [Eval] mean_return=394.59 std_return=57.84
[Iter 329/488] steps=673792 reward=199.99 pi_loss=-0.0538 vf_loss=13.7276 entropy=34.2580 kl=0.0339
[Iter 330/488] steps=675840 reward=251.78 pi_loss=-0.0491 vf_loss=13.5427 entropy=34.1640 kl=0.0358
[Iter 331/488] steps=677888 reward=131.90 pi_loss=-0.0535 vf_loss=11.3579 entropy=34.1279 kl=0.0350
[Iter 332/488] steps=679936 reward=206.89 pi_loss=-0.0501 vf_loss=16.7785 entropy=34.1363 kl=0.0236
[Iter 333/488] steps=681984 reward=177.24 pi_loss=-0.0504 vf_loss=15.6842 entropy=34.1280 kl=0.0295
  [Eval] mean_return=367.92 std_return=81.53
[Iter 334/488] steps=684032 reward=171.61 pi_loss=-0.0510 vf_loss=12.7966 entropy=34.0809 kl=0.0291
[Iter 335/488] steps=686080 reward=194.07 pi_loss=-0.0543 vf_loss=10.6675 entropy=34.3039 kl=0.0387
[Iter 336/488] steps=688128 reward=206.82 pi_loss=-0.0527 vf_loss=11.8319 entropy=34.2501 kl=0.0318
[Iter 337/488] steps=690176 reward=251.17 pi_loss=-0.0508 vf_loss=11.8366 entropy=34.0589 kl=0.0298
  [Eval] mean_return=366.86 std_return=91.92
[Iter 338/488] steps=692224 reward=188.26 pi_loss=-0.0458 vf_loss=18.1847 entropy=34.1332 kl=0.0235
[Iter 339/488] steps=694272 reward=238.83 pi_loss=-0.0523 vf_loss=14.4303 entropy=34.1334 kl=0.0316
[Iter 340/488] steps=696320 reward=231.64 pi_loss=-0.0476 vf_loss=16.7259 entropy=34.1003 kl=0.0237
[Iter 341/488] steps=698368 reward=168.32 pi_loss=-0.0524 vf_loss=11.4463 entropy=34.1860 kl=0.0353
[Iter 342/488] steps=700416 reward=204.87 pi_loss=-0.0495 vf_loss=12.5363 entropy=34.1737 kl=0.0336
  [Eval] mean_return=409.79 std_return=41.92
[Iter 343/488] steps=702464 reward=191.81 pi_loss=-0.0523 vf_loss=14.0404 entropy=34.1881 kl=0.0302
[Iter 344/488] steps=704512 reward=207.42 pi_loss=-0.0507 vf_loss=18.2215 entropy=34.1830 kl=0.0236
[Iter 345/488] steps=706560 reward=208.00 pi_loss=-0.0520 vf_loss=12.6498 entropy=34.1151 kl=0.0331
[Iter 346/488] steps=708608 reward=216.83 pi_loss=-0.0474 vf_loss=18.9305 entropy=34.2482 kl=0.0231
[Iter 347/488] steps=710656 reward=153.45 pi_loss=-0.0520 vf_loss=12.9833 entropy=34.1630 kl=0.0305
  [Eval] mean_return=351.99 std_return=131.81
[Iter 348/488] steps=712704 reward=247.70 pi_loss=-0.0466 vf_loss=15.8196 entropy=34.1023 kl=0.0277
[Iter 349/488] steps=714752 reward=179.41 pi_loss=-0.0526 vf_loss=12.8352 entropy=34.2573 kl=0.0342
[Iter 350/488] steps=716800 reward=206.02 pi_loss=-0.0513 vf_loss=14.7777 entropy=34.1176 kl=0.0263
[Iter 351/488] steps=718848 reward=115.85 pi_loss=-0.0525 vf_loss=13.9994 entropy=34.1376 kl=0.0287
[Iter 352/488] steps=720896 reward=211.26 pi_loss=-0.0551 vf_loss=10.6822 entropy=34.1481 kl=0.0326
  [Eval] mean_return=422.68 std_return=48.29
[Iter 353/488] steps=722944 reward=145.01 pi_loss=-0.0511 vf_loss=12.9786 entropy=34.1717 kl=0.0278
[Iter 354/488] steps=724992 reward=179.67 pi_loss=-0.0515 vf_loss=11.6387 entropy=34.3192 kl=0.0321
[Iter 355/488] steps=727040 reward=222.95 pi_loss=-0.0511 vf_loss=15.0528 entropy=34.1301 kl=0.0257
[Iter 356/488] steps=729088 reward=250.80 pi_loss=-0.0514 vf_loss=10.7581 entropy=34.1903 kl=0.0312
[Iter 357/488] steps=731136 reward=213.71 pi_loss=-0.0522 vf_loss=12.6631 entropy=34.2206 kl=0.0277
  [Eval] mean_return=368.79 std_return=66.25
[Iter 358/488] steps=733184 reward=218.29 pi_loss=-0.0519 vf_loss=14.4134 entropy=34.0415 kl=0.0249
[Iter 359/488] steps=735232 reward=263.82 pi_loss=-0.0528 vf_loss=12.7003 entropy=34.0551 kl=0.0278
[Iter 360/488] steps=737280 reward=220.83 pi_loss=-0.0489 vf_loss=12.6273 entropy=34.1108 kl=0.0240
[Iter 361/488] steps=739328 reward=261.74 pi_loss=-0.0484 vf_loss=12.3018 entropy=34.1664 kl=0.0261
[Iter 362/488] steps=741376 reward=148.96 pi_loss=-0.0512 vf_loss=17.5719 entropy=34.2017 kl=0.0266
  [Eval] mean_return=401.03 std_return=78.94
[Iter 363/488] steps=743424 reward=134.44 pi_loss=-0.0552 vf_loss=12.0395 entropy=34.0479 kl=0.0322
[Iter 364/488] steps=745472 reward=243.42 pi_loss=-0.0536 vf_loss=11.5515 entropy=34.0260 kl=0.0265
[Iter 365/488] steps=747520 reward=265.78 pi_loss=-0.0536 vf_loss=11.9236 entropy=34.1781 kl=0.0260
[Iter 366/488] steps=749568 reward=211.44 pi_loss=-0.0512 vf_loss=13.1368 entropy=34.2955 kl=0.0255
[Iter 367/488] steps=751616 reward=140.97 pi_loss=-0.0508 vf_loss=11.5541 entropy=34.1395 kl=0.0248
  [Eval] mean_return=395.64 std_return=65.83
[Iter 368/488] steps=753664 reward=237.44 pi_loss=-0.0481 vf_loss=12.5537 entropy=34.1136 kl=0.0243
[Iter 369/488] steps=755712 reward=187.90 pi_loss=-0.0469 vf_loss=15.4666 entropy=34.1963 kl=0.0220
[Iter 370/488] steps=757760 reward=146.78 pi_loss=-0.0477 vf_loss=12.2488 entropy=34.1151 kl=0.0251
[Iter 371/488] steps=759808 reward=159.94 pi_loss=-0.0508 vf_loss=11.9912 entropy=34.0808 kl=0.0241
[Iter 372/488] steps=761856 reward=89.82 pi_loss=-0.0521 vf_loss=11.1890 entropy=34.1968 kl=0.0258
  [Eval] mean_return=397.91 std_return=63.04
[Iter 373/488] steps=763904 reward=179.30 pi_loss=-0.0480 vf_loss=14.9325 entropy=34.1142 kl=0.0221
[Iter 374/488] steps=765952 reward=283.11 pi_loss=-0.0504 vf_loss=16.4678 entropy=34.1917 kl=0.0218
[Iter 375/488] steps=768000 reward=172.56 pi_loss=-0.0484 vf_loss=14.8824 entropy=34.1819 kl=0.0209
[Iter 376/488] steps=770048 reward=66.55 pi_loss=-0.0550 vf_loss=13.7773 entropy=34.2000 kl=0.0300
  [Eval] mean_return=357.56 std_return=104.50
[Iter 377/488] steps=772096 reward=240.24 pi_loss=-0.0490 vf_loss=11.4819 entropy=34.1927 kl=0.0243
[Iter 378/488] steps=774144 reward=155.08 pi_loss=-0.0520 vf_loss=10.7065 entropy=34.1472 kl=0.0250
[Iter 379/488] steps=776192 reward=227.65 pi_loss=-0.0509 vf_loss=9.7698 entropy=34.0544 kl=0.0248
[Iter 380/488] steps=778240 reward=279.65 pi_loss=-0.0486 vf_loss=14.0679 entropy=34.1402 kl=0.0216
[Iter 381/488] steps=780288 reward=299.12 pi_loss=-0.0493 vf_loss=12.2866 entropy=34.2612 kl=0.0242
  [Eval] mean_return=451.41 std_return=46.76
[Iter 382/488] steps=782336 reward=245.06 pi_loss=-0.0478 vf_loss=11.9613 entropy=34.1111 kl=0.0223
[Iter 383/488] steps=784384 reward=261.38 pi_loss=-0.0467 vf_loss=10.3085 entropy=34.0823 kl=0.0221
[Iter 384/488] steps=786432 reward=171.57 pi_loss=-0.0457 vf_loss=17.6148 entropy=34.0824 kl=0.0179
[Iter 385/488] steps=788480 reward=186.69 pi_loss=-0.0471 vf_loss=20.5002 entropy=34.0544 kl=0.0169
[Iter 386/488] steps=790528 reward=132.53 pi_loss=-0.0506 vf_loss=11.2141 entropy=34.1924 kl=0.0249
  [Eval] mean_return=400.91 std_return=31.38
[Iter 387/488] steps=792576 reward=283.33 pi_loss=-0.0473 vf_loss=12.6310 entropy=33.9572 kl=0.0226
[Iter 388/488] steps=794624 reward=222.00 pi_loss=-0.0490 vf_loss=13.8031 entropy=34.0968 kl=0.0204
[Iter 389/488] steps=796672 reward=196.15 pi_loss=-0.0485 vf_loss=14.1095 entropy=34.0753 kl=0.0210
[Iter 390/488] steps=798720 reward=201.15 pi_loss=-0.0485 vf_loss=13.5032 entropy=34.0940 kl=0.0223
[Iter 391/488] steps=800768 reward=268.32 pi_loss=-0.0461 vf_loss=12.7343 entropy=34.0297 kl=0.0187
  [Eval] mean_return=405.93 std_return=34.71
[Iter 392/488] steps=802816 reward=281.65 pi_loss=-0.0499 vf_loss=12.6337 entropy=34.1363 kl=0.0240
[Iter 393/488] steps=804864 reward=277.88 pi_loss=-0.0438 vf_loss=16.3125 entropy=34.0010 kl=0.0181
[Iter 394/488] steps=806912 reward=186.56 pi_loss=-0.0490 vf_loss=11.9937 entropy=34.0852 kl=0.0258
[Iter 395/488] steps=808960 reward=238.46 pi_loss=-0.0510 vf_loss=13.1555 entropy=34.1822 kl=0.0232
[Iter 396/488] steps=811008 reward=298.56 pi_loss=-0.0467 vf_loss=14.7419 entropy=34.0136 kl=0.0211
  [Eval] mean_return=386.96 std_return=42.44
[Iter 397/488] steps=813056 reward=237.09 pi_loss=-0.0478 vf_loss=14.2923 entropy=34.1011 kl=0.0190
[Iter 398/488] steps=815104 reward=262.52 pi_loss=-0.0468 vf_loss=13.4582 entropy=34.0816 kl=0.0209
[Iter 399/488] steps=817152 reward=179.86 pi_loss=-0.0412 vf_loss=19.2996 entropy=34.1715 kl=0.0153
[Iter 400/488] steps=819200 reward=268.58 pi_loss=-0.0468 vf_loss=15.2137 entropy=34.0067 kl=0.0192
[Iter 401/488] steps=821248 reward=255.55 pi_loss=-0.0466 vf_loss=14.9767 entropy=33.9617 kl=0.0188
  [Eval] mean_return=380.26 std_return=56.83
[Iter 402/488] steps=823296 reward=279.06 pi_loss=-0.0466 vf_loss=16.2012 entropy=33.9761 kl=0.0167
[Iter 403/488] steps=825344 reward=116.30 pi_loss=-0.0458 vf_loss=17.2759 entropy=34.0850 kl=0.0173
[Iter 404/488] steps=827392 reward=268.73 pi_loss=-0.0493 vf_loss=12.9349 entropy=34.0789 kl=0.0241
[Iter 405/488] steps=829440 reward=149.14 pi_loss=-0.0442 vf_loss=21.2883 entropy=34.0064 kl=0.0154
[Iter 406/488] steps=831488 reward=145.91 pi_loss=-0.0483 vf_loss=17.4721 entropy=34.0665 kl=0.0199
  [Eval] mean_return=419.07 std_return=85.93
[Iter 407/488] steps=833536 reward=43.96 pi_loss=-0.0483 vf_loss=11.5821 entropy=34.1579 kl=0.0213
[Iter 408/488] steps=835584 reward=301.17 pi_loss=-0.0448 vf_loss=16.0217 entropy=34.2415 kl=0.0184
[Iter 409/488] steps=837632 reward=250.13 pi_loss=-0.0473 vf_loss=13.3037 entropy=34.0944 kl=0.0191
[Iter 410/488] steps=839680 reward=212.35 pi_loss=-0.0459 vf_loss=12.5482 entropy=34.2386 kl=0.0177
[Iter 411/488] steps=841728 reward=311.41 pi_loss=-0.0477 vf_loss=12.5885 entropy=34.1313 kl=0.0207
  [Eval] mean_return=406.37 std_return=72.30
[Iter 412/488] steps=843776 reward=205.25 pi_loss=-0.0466 vf_loss=12.5443 entropy=34.2746 kl=0.0183
[Iter 413/488] steps=845824 reward=257.50 pi_loss=-0.0479 vf_loss=13.8551 entropy=34.2420 kl=0.0183
[Iter 414/488] steps=847872 reward=313.07 pi_loss=-0.0469 vf_loss=11.3670 entropy=34.1233 kl=0.0188
[Iter 415/488] steps=849920 reward=263.93 pi_loss=-0.0448 vf_loss=13.7806 entropy=34.0884 kl=0.0159
[Iter 416/488] steps=851968 reward=211.35 pi_loss=-0.0430 vf_loss=13.8830 entropy=34.0613 kl=0.0154
  [Eval] mean_return=437.68 std_return=40.17
[Iter 417/488] steps=854016 reward=227.41 pi_loss=-0.0381 vf_loss=23.2305 entropy=34.0512 kl=0.0118
[Iter 418/488] steps=856064 reward=197.18 pi_loss=-0.0527 vf_loss=12.0322 entropy=34.0551 kl=0.0216
[Iter 419/488] steps=858112 reward=260.18 pi_loss=-0.0438 vf_loss=11.1637 entropy=34.2886 kl=0.0182
[Iter 420/488] steps=860160 reward=237.03 pi_loss=-0.0440 vf_loss=15.0257 entropy=33.9044 kl=0.0164
  [Eval] mean_return=437.34 std_return=36.25
[Iter 421/488] steps=862208 reward=177.45 pi_loss=-0.0441 vf_loss=16.2159 entropy=34.0523 kl=0.0146
[Iter 422/488] steps=864256 reward=299.33 pi_loss=-0.0412 vf_loss=16.3583 entropy=34.0570 kl=0.0134
[Iter 423/488] steps=866304 reward=43.30 pi_loss=-0.0416 vf_loss=23.5650 entropy=34.0945 kl=0.0123
[Iter 424/488] steps=868352 reward=245.70 pi_loss=-0.0465 vf_loss=14.2002 entropy=34.1579 kl=0.0172
[Iter 425/488] steps=870400 reward=270.31 pi_loss=-0.0435 vf_loss=14.6386 entropy=34.0826 kl=0.0160
  [Eval] mean_return=409.84 std_return=55.19
[Iter 426/488] steps=872448 reward=275.99 pi_loss=-0.0447 vf_loss=14.2613 entropy=34.0033 kl=0.0161
[Iter 427/488] steps=874496 reward=232.80 pi_loss=-0.0459 vf_loss=12.1774 entropy=34.1325 kl=0.0183
[Iter 428/488] steps=876544 reward=248.20 pi_loss=-0.0421 vf_loss=14.2024 entropy=34.0900 kl=0.0138
[Iter 429/488] steps=878592 reward=302.53 pi_loss=-0.0446 vf_loss=14.8656 entropy=34.0647 kl=0.0162
[Iter 430/488] steps=880640 reward=211.89 pi_loss=-0.0428 vf_loss=15.2184 entropy=34.0745 kl=0.0146
  [Eval] mean_return=442.59 std_return=69.28
[Iter 431/488] steps=882688 reward=300.34 pi_loss=-0.0420 vf_loss=14.6637 entropy=33.9605 kl=0.0142
[Iter 432/488] steps=884736 reward=236.16 pi_loss=-0.0427 vf_loss=17.1375 entropy=34.0704 kl=0.0135
[Iter 433/488] steps=886784 reward=302.58 pi_loss=-0.0436 vf_loss=13.6562 entropy=34.1622 kl=0.0148
[Iter 434/488] steps=888832 reward=175.43 pi_loss=-0.0371 vf_loss=19.3421 entropy=34.0977 kl=0.0114
[Iter 435/488] steps=890880 reward=233.80 pi_loss=-0.0387 vf_loss=18.6257 entropy=34.1776 kl=0.0117
  [Eval] mean_return=432.58 std_return=65.04
[Iter 436/488] steps=892928 reward=263.46 pi_loss=-0.0441 vf_loss=12.2022 entropy=34.0929 kl=0.0168
[Iter 437/488] steps=894976 reward=292.52 pi_loss=-0.0420 vf_loss=11.7021 entropy=34.1510 kl=0.0146
[Iter 438/488] steps=897024 reward=190.94 pi_loss=-0.0466 vf_loss=15.7763 entropy=34.0130 kl=0.0150
[Iter 439/488] steps=899072 reward=256.39 pi_loss=-0.0363 vf_loss=18.0305 entropy=34.1532 kl=0.0106
[Iter 440/488] steps=901120 reward=70.93 pi_loss=-0.0341 vf_loss=26.2432 entropy=34.1311 kl=0.0091
  [Eval] mean_return=427.04 std_return=94.63
[Iter 441/488] steps=903168 reward=256.49 pi_loss=-0.0402 vf_loss=16.5810 entropy=34.1919 kl=0.0120
[Iter 442/488] steps=905216 reward=300.30 pi_loss=-0.0416 vf_loss=12.4968 entropy=34.1469 kl=0.0141
[Iter 443/488] steps=907264 reward=261.83 pi_loss=-0.0380 vf_loss=16.2332 entropy=34.0064 kl=0.0114
[Iter 444/488] steps=909312 reward=139.49 pi_loss=-0.0342 vf_loss=27.9606 entropy=34.1964 kl=0.0092
[Iter 445/488] steps=911360 reward=256.59 pi_loss=-0.0405 vf_loss=13.1510 entropy=34.1250 kl=0.0135
  [Eval] mean_return=451.43 std_return=48.07
[Iter 446/488] steps=913408 reward=264.83 pi_loss=-0.0387 vf_loss=17.5051 entropy=34.0066 kl=0.0112
[Iter 447/488] steps=915456 reward=216.65 pi_loss=-0.0324 vf_loss=32.8710 entropy=33.9893 kl=0.0085
[Iter 448/488] steps=917504 reward=100.78 pi_loss=-0.0445 vf_loss=13.8938 entropy=34.1785 kl=0.0137
[Iter 449/488] steps=919552 reward=286.30 pi_loss=-0.0400 vf_loss=16.0446 entropy=34.2129 kl=0.0124
[Iter 450/488] steps=921600 reward=287.39 pi_loss=-0.0383 vf_loss=12.0321 entropy=34.1040 kl=0.0119
  [Eval] mean_return=462.28 std_return=59.83
[Iter 451/488] steps=923648 reward=196.06 pi_loss=-0.0377 vf_loss=16.5842 entropy=34.0836 kl=0.0109
[Iter 452/488] steps=925696 reward=213.27 pi_loss=-0.0353 vf_loss=15.8161 entropy=34.1392 kl=0.0102
[Iter 453/488] steps=927744 reward=236.25 pi_loss=-0.0400 vf_loss=10.8967 entropy=34.0177 kl=0.0120
[Iter 454/488] steps=929792 reward=264.19 pi_loss=-0.0376 vf_loss=13.9180 entropy=34.1401 kl=0.0108
[Iter 455/488] steps=931840 reward=333.29 pi_loss=-0.0346 vf_loss=14.3488 entropy=34.1274 kl=0.0097
  [Eval] mean_return=462.75 std_return=48.62
[Iter 456/488] steps=933888 reward=268.73 pi_loss=-0.0343 vf_loss=11.5616 entropy=34.0247 kl=0.0094
[Iter 457/488] steps=935936 reward=226.96 pi_loss=-0.0352 vf_loss=15.0803 entropy=34.0025 kl=0.0093
[Iter 458/488] steps=937984 reward=281.63 pi_loss=-0.0300 vf_loss=22.8019 entropy=34.0500 kl=0.0073
[Iter 459/488] steps=940032 reward=225.10 pi_loss=-0.0333 vf_loss=16.3141 entropy=34.0188 kl=0.0083
  [Eval] mean_return=432.95 std_return=38.36
[Iter 460/488] steps=942080 reward=339.25 pi_loss=-0.0346 vf_loss=12.8489 entropy=34.1471 kl=0.0098
[Iter 461/488] steps=944128 reward=230.41 pi_loss=-0.0296 vf_loss=17.8103 entropy=33.9721 kl=0.0075
[Iter 462/488] steps=946176 reward=275.94 pi_loss=-0.0331 vf_loss=12.8377 entropy=34.1643 kl=0.0089
[Iter 463/488] steps=948224 reward=263.86 pi_loss=-0.0327 vf_loss=14.0993 entropy=34.0506 kl=0.0083
[Iter 464/488] steps=950272 reward=312.99 pi_loss=-0.0302 vf_loss=13.8556 entropy=34.0974 kl=0.0082
  [Eval] mean_return=379.96 std_return=120.88
[Iter 465/488] steps=952320 reward=290.36 pi_loss=-0.0308 vf_loss=16.4373 entropy=34.0984 kl=0.0083
[Iter 466/488] steps=954368 reward=299.49 pi_loss=-0.0284 vf_loss=13.7711 entropy=33.8262 kl=0.0074
[Iter 467/488] steps=956416 reward=274.01 pi_loss=-0.0279 vf_loss=16.1069 entropy=34.0215 kl=0.0072
[Iter 468/488] steps=958464 reward=298.57 pi_loss=-0.0285 vf_loss=13.5228 entropy=34.1340 kl=0.0069
[Iter 469/488] steps=960512 reward=174.89 pi_loss=-0.0229 vf_loss=23.5940 entropy=34.1232 kl=0.0059
  [Eval] mean_return=460.64 std_return=48.25
[Iter 470/488] steps=962560 reward=204.83 pi_loss=-0.0281 vf_loss=15.0672 entropy=33.9259 kl=0.0066
[Iter 471/488] steps=964608 reward=329.83 pi_loss=-0.0297 vf_loss=12.8475 entropy=34.0005 kl=0.0075
[Iter 472/488] steps=966656 reward=312.18 pi_loss=-0.0280 vf_loss=12.2281 entropy=34.1912 kl=0.0072
[Iter 473/488] steps=968704 reward=230.57 pi_loss=-0.0233 vf_loss=16.4091 entropy=34.0609 kl=0.0061
[Iter 474/488] steps=970752 reward=329.47 pi_loss=-0.0235 vf_loss=16.0191 entropy=34.0618 kl=0.0058
  [Eval] mean_return=408.32 std_return=53.13
[Iter 475/488] steps=972800 reward=300.09 pi_loss=-0.0241 vf_loss=16.4971 entropy=34.0794 kl=0.0060
[Iter 476/488] steps=974848 reward=209.28 pi_loss=-0.0235 vf_loss=17.7422 entropy=34.0592 kl=0.0055
[Iter 477/488] steps=976896 reward=150.61 pi_loss=-0.0234 vf_loss=16.6625 entropy=34.0798 kl=0.0051
[Iter 478/488] steps=978944 reward=225.44 pi_loss=-0.0206 vf_loss=15.0732 entropy=33.9781 kl=0.0047
[Iter 479/488] steps=980992 reward=265.12 pi_loss=-0.0196 vf_loss=14.7179 entropy=34.0993 kl=0.0047
  [Eval] mean_return=464.58 std_return=84.06
[Iter 480/488] steps=983040 reward=297.15 pi_loss=-0.0164 vf_loss=17.4759 entropy=34.0398 kl=0.0037
[Iter 481/488] steps=985088 reward=85.54 pi_loss=-0.0173 vf_loss=21.5185 entropy=34.1218 kl=0.0039
[Iter 482/488] steps=987136 reward=160.26 pi_loss=-0.0204 vf_loss=12.9757 entropy=34.1490 kl=0.0045
[Iter 483/488] steps=989184 reward=187.05 pi_loss=-0.0135 vf_loss=12.8917 entropy=34.1713 kl=0.0028
[Iter 484/488] steps=991232 reward=291.59 pi_loss=-0.0129 vf_loss=14.2073 entropy=34.0417 kl=0.0031
  [Eval] mean_return=448.42 std_return=53.08
[Iter 485/488] steps=993280 reward=343.01 pi_loss=-0.0100 vf_loss=15.1200 entropy=33.9404 kl=0.0021
[Iter 486/488] steps=995328 reward=314.44 pi_loss=-0.0068 vf_loss=19.4867 entropy=34.1573 kl=0.0010
[Iter 487/488] steps=997376 reward=143.53 pi_loss=-0.0037 vf_loss=27.0906 entropy=34.0964 kl=0.0004
[Iter 488/488] steps=999424 reward=237.51 pi_loss=-0.0037 vf_loss=16.2005 entropy=34.0406 kl=0.0005
Training complete. Logs saved to results/novel/K4_fisher/seed_42
