[Iter 1/488] steps=2048 reward=-388.70 pi_loss=-0.0102 vf_loss=13.0899 entropy=68.2222 kl=0.0199
[Iter 2/488] steps=4096 reward=-555.23 pi_loss=-0.0132 vf_loss=24.5547 entropy=68.1895 kl=0.0171
[Iter 3/488] steps=6144 reward=-495.17 pi_loss=-0.0173 vf_loss=14.9704 entropy=68.2958 kl=0.0288
[Iter 4/488] steps=8192 reward=-416.35 pi_loss=-0.0190 vf_loss=13.5386 entropy=68.4779 kl=0.0411
[Iter 5/488] steps=10240 reward=-403.03 pi_loss=-0.0215 vf_loss=10.9236 entropy=68.4817 kl=0.0462
  [Eval] mean_return=-349.74 std_return=66.29
[Iter 6/488] steps=12288 reward=-567.82 pi_loss=-0.0197 vf_loss=14.6736 entropy=68.4444 kl=0.0367
[Iter 7/488] steps=14336 reward=-481.00 pi_loss=0.0213 vf_loss=10.6753 entropy=161.0778 kl=4.3511
[Iter 8/488] steps=16384 reward=-471.78 pi_loss=-0.0089 vf_loss=14.4324 entropy=68.8620 kl=0.0997
[Iter 9/488] steps=18432 reward=-495.25 pi_loss=-0.0145 vf_loss=19.3861 entropy=68.7179 kl=0.0602
[Iter 10/488] steps=20480 reward=-511.78 pi_loss=0.0086 vf_loss=15.1128 entropy=75.4588 kl=0.8873
  [Eval] mean_return=-273.03 std_return=69.28
[Iter 11/488] steps=22528 reward=-396.94 pi_loss=-0.0018 vf_loss=16.5758 entropy=74.1813 kl=0.6881
[Iter 12/488] steps=24576 reward=-458.80 pi_loss=-0.0178 vf_loss=19.2609 entropy=68.3366 kl=0.0373
[Iter 13/488] steps=26624 reward=-288.58 pi_loss=-0.0186 vf_loss=14.9890 entropy=68.4052 kl=0.0403
[Iter 14/488] steps=28672 reward=-428.09 pi_loss=-0.0080 vf_loss=16.3932 entropy=71.3361 kl=0.3877
[Iter 15/488] steps=30720 reward=-309.65 pi_loss=-0.0190 vf_loss=20.8799 entropy=68.6018 kl=0.0633
  [Eval] mean_return=-249.71 std_return=76.46
[Iter 16/488] steps=32768 reward=-348.74 pi_loss=-0.0202 vf_loss=15.8619 entropy=68.5720 kl=0.0584
[Iter 17/488] steps=34816 reward=-235.80 pi_loss=-0.0198 vf_loss=18.8271 entropy=68.5316 kl=0.0471
[Iter 18/488] steps=36864 reward=-212.41 pi_loss=-0.0224 vf_loss=20.7341 entropy=68.4606 kl=0.0515
[Iter 19/488] steps=38912 reward=-382.10 pi_loss=-0.0199 vf_loss=17.8935 entropy=68.7439 kl=0.0569
[Iter 20/488] steps=40960 reward=-172.03 pi_loss=-0.0186 vf_loss=22.5338 entropy=68.9644 kl=0.1132
  [Eval] mean_return=-53.94 std_return=77.45
[Iter 21/488] steps=43008 reward=-290.47 pi_loss=-0.0233 vf_loss=19.2711 entropy=68.6378 kl=0.0633
[Iter 22/488] steps=45056 reward=-229.42 pi_loss=-0.0225 vf_loss=17.4843 entropy=68.6877 kl=0.0749
[Iter 23/488] steps=47104 reward=-196.60 pi_loss=-0.0255 vf_loss=18.9794 entropy=68.4350 kl=0.0603
[Iter 24/488] steps=49152 reward=-245.11 pi_loss=-0.0239 vf_loss=20.3863 entropy=68.7763 kl=0.0831
[Iter 25/488] steps=51200 reward=-152.34 pi_loss=-0.0225 vf_loss=19.8423 entropy=68.7012 kl=0.0668
  [Eval] mean_return=-42.24 std_return=170.25
[Iter 26/488] steps=53248 reward=-233.83 pi_loss=-0.0253 vf_loss=21.5285 entropy=68.5621 kl=0.0610
[Iter 27/488] steps=55296 reward=-394.61 pi_loss=-0.0217 vf_loss=25.7008 entropy=68.7168 kl=0.0787
[Iter 28/488] steps=57344 reward=-164.48 pi_loss=0.0214 vf_loss=10.1967 entropy=97.9730 kl=2.7571
[Iter 29/488] steps=59392 reward=-315.00 pi_loss=-0.0103 vf_loss=11.6444 entropy=74.8817 kl=0.6956
[Iter 30/488] steps=61440 reward=-383.03 pi_loss=-0.0213 vf_loss=16.5138 entropy=68.7078 kl=0.0787
  [Eval] mean_return=-238.94 std_return=70.08
[Iter 31/488] steps=63488 reward=-287.74 pi_loss=-0.0084 vf_loss=11.7375 entropy=70.9621 kl=0.3410
[Iter 32/488] steps=65536 reward=-326.62 pi_loss=-0.0236 vf_loss=14.5419 entropy=68.6376 kl=0.0786
[Iter 33/488] steps=67584 reward=-366.14 pi_loss=-0.0239 vf_loss=20.7217 entropy=68.5278 kl=0.0498
[Iter 34/488] steps=69632 reward=-450.22 pi_loss=-0.0227 vf_loss=17.2940 entropy=68.8414 kl=0.0908
[Iter 35/488] steps=71680 reward=-317.96 pi_loss=0.0143 vf_loss=13.1912 entropy=98.2119 kl=2.0742
  [Eval] mean_return=-428.10 std_return=135.77
[Iter 36/488] steps=73728 reward=-352.80 pi_loss=0.0055 vf_loss=12.9752 entropy=77.9174 kl=1.0543
[Iter 37/488] steps=75776 reward=-335.42 pi_loss=-0.0240 vf_loss=16.1291 entropy=68.7851 kl=0.0970
[Iter 38/488] steps=77824 reward=-437.09 pi_loss=-0.0228 vf_loss=18.1604 entropy=68.5190 kl=0.0584
[Iter 39/488] steps=79872 reward=-431.67 pi_loss=-0.0148 vf_loss=12.4770 entropy=69.4899 kl=0.1793
[Iter 40/488] steps=81920 reward=-439.69 pi_loss=0.0076 vf_loss=13.4376 entropy=89.9468 kl=2.0758
  [Eval] mean_return=-405.28 std_return=85.24
[Iter 41/488] steps=83968 reward=-404.96 pi_loss=-0.0196 vf_loss=12.8238 entropy=69.4288 kl=0.1521
[Iter 42/488] steps=86016 reward=-377.97 pi_loss=0.0027 vf_loss=10.6222 entropy=75.9268 kl=0.9817
[Iter 43/488] steps=88064 reward=-539.40 pi_loss=-0.0245 vf_loss=17.5163 entropy=68.8130 kl=0.0549
[Iter 44/488] steps=90112 reward=-547.49 pi_loss=-0.0243 vf_loss=18.6714 entropy=68.6153 kl=0.0697
  [Eval] mean_return=-390.11 std_return=122.97
[Iter 45/488] steps=92160 reward=-430.48 pi_loss=-0.0213 vf_loss=12.7545 entropy=68.7963 kl=0.0919
[Iter 46/488] steps=94208 reward=-364.34 pi_loss=-0.0058 vf_loss=10.1404 entropy=71.9968 kl=0.5285
[Iter 47/488] steps=96256 reward=-380.42 pi_loss=-0.0237 vf_loss=12.8114 entropy=69.3510 kl=0.1364
[Iter 48/488] steps=98304 reward=-505.11 pi_loss=-0.0267 vf_loss=15.0275 entropy=68.8072 kl=0.0778
[Iter 49/488] steps=100352 reward=-497.04 pi_loss=-0.0207 vf_loss=16.1398 entropy=68.7508 kl=0.0719
  [Eval] mean_return=-365.52 std_return=133.03
[Iter 50/488] steps=102400 reward=-291.24 pi_loss=-0.0144 vf_loss=11.0026 entropy=71.9400 kl=0.4122
[Iter 51/488] steps=104448 reward=-245.96 pi_loss=0.0213 vf_loss=12.4070 entropy=96.4819 kl=3.0103
[Iter 52/488] steps=106496 reward=-283.24 pi_loss=0.0033 vf_loss=9.8028 entropy=77.5727 kl=1.0875
[Iter 53/488] steps=108544 reward=-358.96 pi_loss=-0.0071 vf_loss=8.4255 entropy=73.0379 kl=0.5980
[Iter 54/488] steps=110592 reward=-342.93 pi_loss=-0.0157 vf_loss=9.6982 entropy=70.6661 kl=0.2857
  [Eval] mean_return=-316.07 std_return=26.93
[Iter 55/488] steps=112640 reward=-369.95 pi_loss=-0.0173 vf_loss=12.8882 entropy=70.6872 kl=0.3349
[Iter 56/488] steps=114688 reward=-348.11 pi_loss=0.0121 vf_loss=9.3252 entropy=97.1073 kl=2.9059
[Iter 57/488] steps=116736 reward=-372.91 pi_loss=-0.0150 vf_loss=11.3921 entropy=71.3237 kl=0.3872
[Iter 58/488] steps=118784 reward=-379.08 pi_loss=-0.0235 vf_loss=11.7399 entropy=70.8749 kl=0.3286
[Iter 59/488] steps=120832 reward=-317.28 pi_loss=0.0109 vf_loss=10.4035 entropy=95.1176 kl=2.1807
  [Eval] mean_return=-402.89 std_return=44.01
[Iter 60/488] steps=122880 reward=-431.63 pi_loss=0.0009 vf_loss=11.8416 entropy=91.6322 kl=2.2804
[Iter 61/488] steps=124928 reward=-357.52 pi_loss=-0.0197 vf_loss=13.0590 entropy=71.0685 kl=0.3621
[Iter 62/488] steps=126976 reward=-417.26 pi_loss=-0.0020 vf_loss=12.1190 entropy=85.7330 kl=1.9903
[Iter 63/488] steps=129024 reward=-388.59 pi_loss=0.0259 vf_loss=13.6514 entropy=121.4479 kl=4.0539
[Iter 64/488] steps=131072 reward=-427.38 pi_loss=0.0176 vf_loss=10.5006 entropy=111.1373 kl=3.3783
  [Eval] mean_return=-383.47 std_return=67.86
[Iter 65/488] steps=133120 reward=-424.94 pi_loss=0.0322 vf_loss=12.2782 entropy=114.5075 kl=4.5259
[Iter 66/488] steps=135168 reward=-401.19 pi_loss=-0.0060 vf_loss=10.2983 entropy=93.0993 kl=2.1389
[Iter 67/488] steps=137216 reward=-336.38 pi_loss=0.0052 vf_loss=12.6469 entropy=97.5019 kl=2.3669
[Iter 68/488] steps=139264 reward=-451.43 pi_loss=-0.0140 vf_loss=17.9337 entropy=71.0213 kl=0.3555
[Iter 69/488] steps=141312 reward=-400.70 pi_loss=0.0007 vf_loss=15.8744 entropy=78.8842 kl=1.3307
  [Eval] mean_return=-394.67 std_return=43.69
[Iter 70/488] steps=143360 reward=-381.85 pi_loss=0.0300 vf_loss=11.3625 entropy=95.2554 kl=3.1976
[Iter 71/488] steps=145408 reward=-335.14 pi_loss=0.0163 vf_loss=11.1235 entropy=89.6249 kl=2.1903
[Iter 72/488] steps=147456 reward=-358.65 pi_loss=0.0387 vf_loss=11.9921 entropy=141.3590 kl=4.4823
[Iter 73/488] steps=149504 reward=-385.44 pi_loss=0.0332 vf_loss=10.1707 entropy=135.4137 kl=5.4320
[Iter 74/488] steps=151552 reward=-402.76 pi_loss=0.0273 vf_loss=11.1494 entropy=86.5420 kl=2.1123
  [Eval] mean_return=-394.46 std_return=55.99
[Iter 75/488] steps=153600 reward=-424.31 pi_loss=-0.0057 vf_loss=13.7985 entropy=77.6854 kl=1.1185
[Iter 76/488] steps=155648 reward=-391.89 pi_loss=0.0344 vf_loss=12.5143 entropy=122.8698 kl=3.9220
[Iter 77/488] steps=157696 reward=-373.12 pi_loss=0.0468 vf_loss=13.3004 entropy=129.2482 kl=4.5426
[Iter 78/488] steps=159744 reward=-512.71 pi_loss=0.0272 vf_loss=13.1457 entropy=92.8235 kl=2.7606
[Iter 79/488] steps=161792 reward=-460.03 pi_loss=0.0365 vf_loss=7.2223 entropy=205.3914 kl=8.3612
  [Eval] mean_return=-402.50 std_return=27.82
[Iter 80/488] steps=163840 reward=-412.01 pi_loss=0.0510 vf_loss=6.2892 entropy=223.7572 kl=8.4841
[Iter 81/488] steps=165888 reward=-414.21 pi_loss=0.0649 vf_loss=9.7606 entropy=365.1179 kl=7.8462
[Iter 82/488] steps=167936 reward=-405.41 pi_loss=0.0816 vf_loss=8.3561 entropy=378.6198 kl=11.4783
[Iter 83/488] steps=169984 reward=-428.43 pi_loss=0.0679 vf_loss=12.4816 entropy=180.1413 kl=6.7058
[Iter 84/488] steps=172032 reward=-429.33 pi_loss=0.0679 vf_loss=13.3135 entropy=254.0425 kl=8.5287
  [Eval] mean_return=-407.30 std_return=17.71
[Iter 85/488] steps=174080 reward=-424.53 pi_loss=0.0958 vf_loss=8.7719 entropy=281.8056 kl=9.6782
[Iter 86/488] steps=176128 reward=-431.47 pi_loss=0.1442 vf_loss=9.2027 entropy=470.8811 kl=15.3574
[Iter 87/488] steps=178176 reward=-460.92 pi_loss=0.1073 vf_loss=8.5270 entropy=328.0446 kl=14.6412
[Iter 88/488] steps=180224 reward=-553.27 pi_loss=0.1309 vf_loss=9.1866 entropy=736.1286 kl=14.5757
  [Eval] mean_return=-359.89 std_return=15.86
[Iter 89/488] steps=182272 reward=-393.15 pi_loss=0.1265 vf_loss=2.8896 entropy=926.0292 kl=17.4932
[Iter 90/488] steps=184320 reward=-362.14 pi_loss=0.1000 vf_loss=7.6652 entropy=819.4977 kl=17.7060
[Iter 91/488] steps=186368 reward=-628.26 pi_loss=0.1239 vf_loss=11.1369 entropy=702.5337 kl=16.3464
[Iter 92/488] steps=188416 reward=-614.70 pi_loss=0.0755 vf_loss=11.5030 entropy=631.9801 kl=11.6836
[Iter 93/488] steps=190464 reward=-586.55 pi_loss=0.0941 vf_loss=8.1863 entropy=390.4827 kl=14.4564
  [Eval] mean_return=-574.69 std_return=146.20
[Iter 94/488] steps=192512 reward=-535.41 pi_loss=0.0547 vf_loss=7.9911 entropy=413.9151 kl=10.6064
[Iter 95/488] steps=194560 reward=-640.88 pi_loss=0.0838 vf_loss=14.9114 entropy=420.7175 kl=12.3303
[Iter 96/488] steps=196608 reward=-577.22 pi_loss=0.0933 vf_loss=11.6720 entropy=1026.3883 kl=10.6692
[Iter 97/488] steps=198656 reward=-648.14 pi_loss=0.0782 vf_loss=13.8490 entropy=296.2330 kl=8.2965
[Iter 98/488] steps=200704 reward=-356.30 pi_loss=0.1067 vf_loss=15.5034 entropy=750.6442 kl=8.8224
  [Eval] mean_return=-351.80 std_return=18.16
[Iter 99/488] steps=202752 reward=-436.11 pi_loss=0.0485 vf_loss=10.9817 entropy=357.9373 kl=7.3966
[Iter 100/488] steps=204800 reward=-277.97 pi_loss=0.0629 vf_loss=6.9094 entropy=731.3340 kl=8.0323
[Iter 101/488] steps=206848 reward=-309.52 pi_loss=0.0573 vf_loss=6.2912 entropy=448.5448 kl=8.8326
[Iter 102/488] steps=208896 reward=-316.53 pi_loss=0.0740 vf_loss=11.1381 entropy=425.1526 kl=7.0545
[Iter 103/488] steps=210944 reward=-282.89 pi_loss=0.0680 vf_loss=10.1873 entropy=205.8721 kl=6.1776
  [Eval] mean_return=-151.36 std_return=40.36
[Iter 104/488] steps=212992 reward=-247.54 pi_loss=0.0740 vf_loss=7.2890 entropy=320.5392 kl=6.2581
[Iter 105/488] steps=215040 reward=-318.85 pi_loss=0.0596 vf_loss=10.4822 entropy=362.3980 kl=6.8371
[Iter 106/488] steps=217088 reward=-342.07 pi_loss=0.0629 vf_loss=8.7205 entropy=347.9986 kl=6.3073
[Iter 107/488] steps=219136 reward=-393.31 pi_loss=0.0900 vf_loss=7.6576 entropy=396.2389 kl=8.2906
[Iter 108/488] steps=221184 reward=-312.95 pi_loss=0.0897 vf_loss=9.2285 entropy=378.7892 kl=7.1855
  [Eval] mean_return=-319.98 std_return=33.30
[Iter 109/488] steps=223232 reward=-338.55 pi_loss=0.0827 vf_loss=10.1749 entropy=446.8203 kl=6.6245
[Iter 110/488] steps=225280 reward=-343.52 pi_loss=0.0425 vf_loss=14.1280 entropy=187.8913 kl=5.8339
[Iter 111/488] steps=227328 reward=-358.12 pi_loss=0.0639 vf_loss=13.5371 entropy=227.3820 kl=5.1100
[Iter 112/488] steps=229376 reward=-468.80 pi_loss=0.0459 vf_loss=15.9918 entropy=165.7487 kl=4.5558
[Iter 113/488] steps=231424 reward=-278.96 pi_loss=0.0856 vf_loss=12.1652 entropy=310.4605 kl=7.3073
  [Eval] mean_return=-199.50 std_return=102.20
[Iter 114/488] steps=233472 reward=-137.97 pi_loss=0.0960 vf_loss=9.5514 entropy=355.5556 kl=7.7195
[Iter 115/488] steps=235520 reward=-177.77 pi_loss=0.0821 vf_loss=11.3942 entropy=518.0258 kl=6.7958
[Iter 116/488] steps=237568 reward=-177.12 pi_loss=0.0712 vf_loss=14.5072 entropy=258.7369 kl=4.8631
[Iter 117/488] steps=239616 reward=-276.56 pi_loss=0.0944 vf_loss=11.7786 entropy=520.6016 kl=10.0990
[Iter 118/488] steps=241664 reward=-356.93 pi_loss=0.0586 vf_loss=11.4801 entropy=384.0007 kl=6.4220
  [Eval] mean_return=-312.88 std_return=245.09
[Iter 119/488] steps=243712 reward=-180.07 pi_loss=0.0980 vf_loss=8.6472 entropy=619.7757 kl=9.1355
[Iter 120/488] steps=245760 reward=-387.20 pi_loss=0.0952 vf_loss=16.7950 entropy=606.6847 kl=8.3753
[Iter 121/488] steps=247808 reward=-412.92 pi_loss=0.0936 vf_loss=11.2189 entropy=671.0069 kl=10.4587
[Iter 122/488] steps=249856 reward=-362.70 pi_loss=0.0781 vf_loss=13.3420 entropy=433.9933 kl=7.6348
[Iter 123/488] steps=251904 reward=-111.73 pi_loss=0.1102 vf_loss=11.0488 entropy=823.8661 kl=8.4671
  [Eval] mean_return=163.40 std_return=196.16
[Iter 124/488] steps=253952 reward=-86.03 pi_loss=0.1258 vf_loss=13.7563 entropy=733.0648 kl=9.0743
[Iter 125/488] steps=256000 reward=56.50 pi_loss=0.1203 vf_loss=15.7185 entropy=564.7077 kl=10.8453
[Iter 126/488] steps=258048 reward=-81.47 pi_loss=0.1533 vf_loss=6.3099 entropy=620.2336 kl=12.1719
[Iter 127/488] steps=260096 reward=-123.57 pi_loss=0.1057 vf_loss=5.3374 entropy=340.2511 kl=8.9090
  [Eval] mean_return=-76.37 std_return=61.01
[Iter 128/488] steps=262144 reward=-111.79 pi_loss=0.0972 vf_loss=9.0076 entropy=847.6050 kl=9.2682
[Iter 129/488] steps=264192 reward=-113.93 pi_loss=0.1491 vf_loss=9.2460 entropy=944.0520 kl=9.7535
[Iter 130/488] steps=266240 reward=-245.95 pi_loss=0.0726 vf_loss=17.5475 entropy=503.1638 kl=7.2417
[Iter 131/488] steps=268288 reward=-214.69 pi_loss=0.1484 vf_loss=11.2911 entropy=3072.6813 kl=10.4701
[Iter 132/488] steps=270336 reward=-228.51 pi_loss=0.1362 vf_loss=29.5080 entropy=491.4996 kl=10.7912
  [Eval] mean_return=-241.56 std_return=263.17
[Iter 133/488] steps=272384 reward=67.89 pi_loss=0.1287 vf_loss=21.4500 entropy=496.6072 kl=10.6566
[Iter 134/488] steps=274432 reward=-245.17 pi_loss=0.0739 vf_loss=13.6917 entropy=275.5387 kl=7.2549
[Iter 135/488] steps=276480 reward=-9.29 pi_loss=0.1419 vf_loss=14.7993 entropy=657.5582 kl=11.3694
[Iter 136/488] steps=278528 reward=171.01 pi_loss=0.1472 vf_loss=16.6421 entropy=482.6744 kl=10.1553
[Iter 137/488] steps=280576 reward=-162.83 pi_loss=0.0657 vf_loss=15.4008 entropy=345.5593 kl=8.0202
  [Eval] mean_return=-72.88 std_return=167.32
[Iter 138/488] steps=282624 reward=-129.99 pi_loss=0.0983 vf_loss=17.6018 entropy=455.6950 kl=7.6392
[Iter 139/488] steps=284672 reward=-80.07 pi_loss=0.0705 vf_loss=17.0180 entropy=495.2256 kl=9.2093
[Iter 140/488] steps=286720 reward=-264.28 pi_loss=0.0973 vf_loss=20.1845 entropy=406.5448 kl=8.7111
[Iter 141/488] steps=288768 reward=89.72 pi_loss=0.1118 vf_loss=29.2046 entropy=299.4050 kl=8.6839
[Iter 142/488] steps=290816 reward=-198.73 pi_loss=0.0555 vf_loss=20.2848 entropy=187.0012 kl=6.6579
  [Eval] mean_return=-278.87 std_return=196.94
[Iter 143/488] steps=292864 reward=-552.06 pi_loss=0.0455 vf_loss=17.0378 entropy=308.9734 kl=6.3334
[Iter 144/488] steps=294912 reward=-417.70 pi_loss=0.0889 vf_loss=12.6873 entropy=243.0803 kl=7.5877
[Iter 145/488] steps=296960 reward=-271.36 pi_loss=0.0331 vf_loss=11.2039 entropy=154.6237 kl=5.0842
[Iter 146/488] steps=299008 reward=-147.83 pi_loss=0.0663 vf_loss=9.8216 entropy=200.3614 kl=6.5114
[Iter 147/488] steps=301056 reward=-323.32 pi_loss=0.0533 vf_loss=12.2850 entropy=190.3305 kl=6.3874
  [Eval] mean_return=-271.19 std_return=75.18
[Iter 148/488] steps=303104 reward=-336.09 pi_loss=0.0237 vf_loss=7.4036 entropy=124.8486 kl=4.0232
[Iter 149/488] steps=305152 reward=-149.05 pi_loss=0.0433 vf_loss=4.7076 entropy=99.6542 kl=2.9113
[Iter 150/488] steps=307200 reward=-192.17 pi_loss=0.0217 vf_loss=7.2885 entropy=99.9232 kl=2.7818
[Iter 151/488] steps=309248 reward=-404.69 pi_loss=0.0342 vf_loss=6.8965 entropy=127.2894 kl=3.6194
[Iter 152/488] steps=311296 reward=-331.07 pi_loss=0.0096 vf_loss=1.0943 entropy=202.7412 kl=9.2995
  [Eval] mean_return=-395.54 std_return=6.97
[Iter 153/488] steps=313344 reward=-381.93 pi_loss=0.0678 vf_loss=1.7325 entropy=230.0019 kl=9.1227
[Iter 154/488] steps=315392 reward=-435.02 pi_loss=0.0675 vf_loss=3.2563 entropy=193.9092 kl=7.6253
[Iter 155/488] steps=317440 reward=-432.04 pi_loss=-0.0018 vf_loss=9.6399 entropy=84.8837 kl=1.6520
[Iter 156/488] steps=319488 reward=-331.75 pi_loss=0.0064 vf_loss=7.8421 entropy=103.5707 kl=2.7161
[Iter 157/488] steps=321536 reward=-288.50 pi_loss=0.0066 vf_loss=6.7837 entropy=86.2719 kl=1.5470
  [Eval] mean_return=-159.10 std_return=26.75
[Iter 158/488] steps=323584 reward=-261.11 pi_loss=0.0279 vf_loss=7.2433 entropy=210.2041 kl=4.5133
[Iter 159/488] steps=325632 reward=-265.84 pi_loss=0.0217 vf_loss=6.5414 entropy=107.0206 kl=2.8440
[Iter 160/488] steps=327680 reward=-298.44 pi_loss=0.0040 vf_loss=13.0092 entropy=76.7362 kl=0.9638
[Iter 161/488] steps=329728 reward=-230.88 pi_loss=0.0222 vf_loss=7.3022 entropy=125.7322 kl=3.9178
[Iter 162/488] steps=331776 reward=-286.49 pi_loss=0.0212 vf_loss=10.1463 entropy=106.4519 kl=3.2136
  [Eval] mean_return=-300.85 std_return=209.73
[Iter 163/488] steps=333824 reward=-233.19 pi_loss=0.0698 vf_loss=10.4298 entropy=414.9465 kl=8.1959
[Iter 164/488] steps=335872 reward=-486.96 pi_loss=0.0393 vf_loss=13.1882 entropy=126.7741 kl=4.3782
[Iter 165/488] steps=337920 reward=-273.16 pi_loss=0.0117 vf_loss=14.6586 entropy=95.4371 kl=2.4228
[Iter 166/488] steps=339968 reward=-368.96 pi_loss=0.0361 vf_loss=15.7370 entropy=123.0901 kl=4.1097
[Iter 167/488] steps=342016 reward=-419.69 pi_loss=0.0803 vf_loss=13.9557 entropy=344.9976 kl=6.5495
  [Eval] mean_return=-521.03 std_return=102.14
[Iter 168/488] steps=344064 reward=-474.43 pi_loss=0.0262 vf_loss=9.3404 entropy=301.7686 kl=6.4146
[Iter 169/488] steps=346112 reward=-639.38 pi_loss=0.0872 vf_loss=25.4147 entropy=463.6689 kl=8.0260
[Iter 170/488] steps=348160 reward=-314.92 pi_loss=0.1337 vf_loss=11.0372 entropy=350.8822 kl=11.4708
[Iter 171/488] steps=350208 reward=-326.66 pi_loss=-0.0115 vf_loss=8.7617 entropy=170.3367 kl=5.3071
  [Eval] mean_return=-379.47 std_return=117.04
[Iter 172/488] steps=352256 reward=-252.31 pi_loss=0.0477 vf_loss=8.1831 entropy=300.9656 kl=7.7182
[Iter 173/488] steps=354304 reward=-368.72 pi_loss=0.0269 vf_loss=10.2224 entropy=191.5744 kl=6.2237
[Iter 174/488] steps=356352 reward=-435.11 pi_loss=0.0572 vf_loss=15.3972 entropy=187.8325 kl=7.7463
[Iter 175/488] steps=358400 reward=-579.53 pi_loss=0.1016 vf_loss=24.2128 entropy=280.5960 kl=9.0686
[Iter 176/488] steps=360448 reward=-382.09 pi_loss=0.0785 vf_loss=18.9775 entropy=224.2565 kl=7.4754
  [Eval] mean_return=-507.88 std_return=65.00
[Iter 177/488] steps=362496 reward=-452.19 pi_loss=0.0916 vf_loss=21.9450 entropy=307.7049 kl=8.0793
[Iter 178/488] steps=364544 reward=-604.01 pi_loss=0.0926 vf_loss=14.6094 entropy=642.9249 kl=10.8404
[Iter 179/488] steps=366592 reward=-484.45 pi_loss=0.1319 vf_loss=13.9473 entropy=291.6440 kl=11.2564
[Iter 180/488] steps=368640 reward=-524.15 pi_loss=0.0969 vf_loss=22.6130 entropy=254.8717 kl=8.9903
[Iter 181/488] steps=370688 reward=-608.54 pi_loss=0.1083 vf_loss=33.8405 entropy=237.2713 kl=8.5754
  [Eval] mean_return=-495.55 std_return=55.14
[Iter 182/488] steps=372736 reward=-471.37 pi_loss=0.0721 vf_loss=19.9932 entropy=215.4602 kl=7.6063
[Iter 183/488] steps=374784 reward=-487.12 pi_loss=0.0879 vf_loss=21.4250 entropy=215.6885 kl=7.6604
[Iter 184/488] steps=376832 reward=-548.71 pi_loss=0.0689 vf_loss=21.8161 entropy=149.1735 kl=7.3542
[Iter 185/488] steps=378880 reward=-518.80 pi_loss=0.1252 vf_loss=14.9713 entropy=308.4432 kl=10.8250
[Iter 186/488] steps=380928 reward=-463.69 pi_loss=0.1631 vf_loss=11.5730 entropy=585.1226 kl=15.2000
  [Eval] mean_return=-453.79 std_return=34.68
[Iter 187/488] steps=382976 reward=-519.41 pi_loss=0.0649 vf_loss=18.6308 entropy=243.1302 kl=7.5591
[Iter 188/488] steps=385024 reward=-406.98 pi_loss=0.1394 vf_loss=17.0167 entropy=356.6458 kl=13.8041
[Iter 189/488] steps=387072 reward=-511.94 pi_loss=0.0956 vf_loss=14.1695 entropy=220.5207 kl=8.4078
[Iter 190/488] steps=389120 reward=-403.34 pi_loss=0.1044 vf_loss=16.6264 entropy=362.6269 kl=10.5527
[Iter 191/488] steps=391168 reward=-556.16 pi_loss=0.0902 vf_loss=17.0920 entropy=395.4949 kl=10.5209
  [Eval] mean_return=-504.96 std_return=76.66
[Iter 192/488] steps=393216 reward=-513.04 pi_loss=0.0819 vf_loss=22.0618 entropy=218.2607 kl=6.8281
[Iter 193/488] steps=395264 reward=-604.16 pi_loss=0.1274 vf_loss=14.6596 entropy=401.0481 kl=11.9559
[Iter 194/488] steps=397312 reward=-463.80 pi_loss=0.1038 vf_loss=12.2584 entropy=303.7100 kl=11.5488
[Iter 195/488] steps=399360 reward=-501.23 pi_loss=0.1095 vf_loss=12.5672 entropy=363.8902 kl=11.5151
[Iter 196/488] steps=401408 reward=-633.54 pi_loss=0.0703 vf_loss=17.3012 entropy=179.4548 kl=7.7180
  [Eval] mean_return=-597.03 std_return=55.68
[Iter 197/488] steps=403456 reward=-583.67 pi_loss=0.0282 vf_loss=21.2722 entropy=122.6619 kl=4.3724
[Iter 198/488] steps=405504 reward=-612.69 pi_loss=0.0206 vf_loss=32.4330 entropy=93.2667 kl=2.5323
[Iter 199/488] steps=407552 reward=-697.13 pi_loss=0.0652 vf_loss=24.0341 entropy=165.0109 kl=6.2834
[Iter 200/488] steps=409600 reward=-705.14 pi_loss=0.0128 vf_loss=28.7049 entropy=93.5791 kl=2.4488
[Iter 201/488] steps=411648 reward=-605.55 pi_loss=0.0752 vf_loss=20.6335 entropy=215.5418 kl=8.1950
  [Eval] mean_return=-593.46 std_return=63.93
[Iter 202/488] steps=413696 reward=-543.95 pi_loss=0.0737 vf_loss=22.0048 entropy=205.6849 kl=8.0488
[Iter 203/488] steps=415744 reward=-536.85 pi_loss=0.1191 vf_loss=17.8834 entropy=337.0677 kl=12.3208
[Iter 204/488] steps=417792 reward=-563.86 pi_loss=0.1278 vf_loss=17.4730 entropy=347.1274 kl=12.2198
[Iter 205/488] steps=419840 reward=-576.57 pi_loss=0.0738 vf_loss=17.6826 entropy=175.4936 kl=7.2194
[Iter 206/488] steps=421888 reward=-587.74 pi_loss=0.0247 vf_loss=24.7894 entropy=128.2499 kl=4.0224
  [Eval] mean_return=-641.10 std_return=141.00
[Iter 207/488] steps=423936 reward=-597.77 pi_loss=0.0050 vf_loss=35.0408 entropy=81.1090 kl=1.2651
[Iter 208/488] steps=425984 reward=-496.11 pi_loss=0.0705 vf_loss=19.5526 entropy=271.5661 kl=7.8530
[Iter 209/488] steps=428032 reward=-474.16 pi_loss=0.1187 vf_loss=23.8936 entropy=347.9869 kl=10.3692
[Iter 210/488] steps=430080 reward=-381.25 pi_loss=0.0823 vf_loss=17.1318 entropy=192.5391 kl=7.6780
  [Eval] mean_return=-485.26 std_return=193.56
[Iter 211/488] steps=432128 reward=-393.34 pi_loss=0.0232 vf_loss=20.8732 entropy=110.3534 kl=2.9780
[Iter 212/488] steps=434176 reward=-555.12 pi_loss=0.0659 vf_loss=28.7629 entropy=173.5590 kl=10.2198
[Iter 213/488] steps=436224 reward=-406.03 pi_loss=0.1193 vf_loss=16.1824 entropy=331.8634 kl=11.3400
[Iter 214/488] steps=438272 reward=-439.14 pi_loss=0.1039 vf_loss=19.9252 entropy=714.0242 kl=10.2958
[Iter 215/488] steps=440320 reward=-443.93 pi_loss=0.0772 vf_loss=25.5498 entropy=404.1840 kl=6.9514
  [Eval] mean_return=-495.88 std_return=63.94
[Iter 216/488] steps=442368 reward=-471.98 pi_loss=0.1079 vf_loss=23.2214 entropy=303.4990 kl=9.0215
[Iter 217/488] steps=444416 reward=-577.78 pi_loss=0.0883 vf_loss=38.7045 entropy=331.7205 kl=7.9570
[Iter 218/488] steps=446464 reward=-556.97 pi_loss=0.0668 vf_loss=36.9581 entropy=170.6046 kl=5.5445
[Iter 219/488] steps=448512 reward=-594.01 pi_loss=0.0722 vf_loss=23.2308 entropy=209.1198 kl=6.9788
[Iter 220/488] steps=450560 reward=-456.94 pi_loss=0.0765 vf_loss=21.9203 entropy=284.7766 kl=6.7991
  [Eval] mean_return=-516.52 std_return=76.26
[Iter 221/488] steps=452608 reward=-529.44 pi_loss=0.1065 vf_loss=16.4334 entropy=265.4962 kl=9.4285
[Iter 222/488] steps=454656 reward=-476.01 pi_loss=0.0872 vf_loss=19.1961 entropy=274.9257 kl=7.5057
[Iter 223/488] steps=456704 reward=-519.78 pi_loss=0.0063 vf_loss=26.3624 entropy=89.0577 kl=1.7621
[Iter 224/488] steps=458752 reward=-492.50 pi_loss=-0.0031 vf_loss=32.0033 entropy=77.8742 kl=0.8975
[Iter 225/488] steps=460800 reward=-393.00 pi_loss=0.0123 vf_loss=29.7032 entropy=104.7899 kl=2.1595
  [Eval] mean_return=-493.27 std_return=76.67
[Iter 226/488] steps=462848 reward=-528.75 pi_loss=0.0504 vf_loss=22.8266 entropy=138.3259 kl=5.2992
[Iter 227/488] steps=464896 reward=-499.02 pi_loss=0.0180 vf_loss=24.8004 entropy=125.5905 kl=3.6582
[Iter 228/488] steps=466944 reward=-642.13 pi_loss=0.0102 vf_loss=24.9224 entropy=114.5402 kl=3.1469
[Iter 229/488] steps=468992 reward=-445.46 pi_loss=0.1477 vf_loss=11.7312 entropy=729.4040 kl=14.0233
[Iter 230/488] steps=471040 reward=-450.00 pi_loss=0.0720 vf_loss=19.7069 entropy=201.8244 kl=7.0112
  [Eval] mean_return=-461.17 std_return=46.77
[Iter 231/488] steps=473088 reward=-446.82 pi_loss=0.0164 vf_loss=24.7092 entropy=104.1342 kl=2.6480
[Iter 232/488] steps=475136 reward=-372.49 pi_loss=0.0272 vf_loss=16.6859 entropy=131.4292 kl=3.5412
[Iter 233/488] steps=477184 reward=-489.50 pi_loss=0.0506 vf_loss=23.8028 entropy=192.3024 kl=4.6750
[Iter 234/488] steps=479232 reward=-444.76 pi_loss=0.1127 vf_loss=12.3129 entropy=373.8900 kl=10.7348
[Iter 235/488] steps=481280 reward=-526.33 pi_loss=-0.0116 vf_loss=20.9814 entropy=74.3944 kl=0.6962
  [Eval] mean_return=-463.30 std_return=53.53
[Iter 236/488] steps=483328 reward=-441.43 pi_loss=0.0090 vf_loss=14.8914 entropy=95.5337 kl=1.9039
[Iter 237/488] steps=485376 reward=-371.42 pi_loss=-0.0093 vf_loss=19.0296 entropy=77.8122 kl=0.9708
[Iter 238/488] steps=487424 reward=-483.89 pi_loss=-0.0208 vf_loss=29.3211 entropy=69.6087 kl=0.1894
[Iter 239/488] steps=489472 reward=-491.06 pi_loss=-0.0070 vf_loss=22.9571 entropy=76.8861 kl=0.8457
[Iter 240/488] steps=491520 reward=-386.72 pi_loss=0.0735 vf_loss=17.6776 entropy=154.0573 kl=6.2416
  [Eval] mean_return=-464.94 std_return=53.66
[Iter 241/488] steps=493568 reward=-459.03 pi_loss=0.0982 vf_loss=13.2355 entropy=298.1072 kl=9.9499
[Iter 242/488] steps=495616 reward=-366.43 pi_loss=-0.0099 vf_loss=26.0182 entropy=82.1729 kl=1.3885
[Iter 243/488] steps=497664 reward=-451.03 pi_loss=-0.0126 vf_loss=18.3498 entropy=77.7437 kl=1.0027
[Iter 244/488] steps=499712 reward=-372.04 pi_loss=-0.0018 vf_loss=17.3456 entropy=76.7395 kl=0.8887
[Iter 245/488] steps=501760 reward=-416.17 pi_loss=-0.0155 vf_loss=24.6559 entropy=71.0990 kl=0.3458
  [Eval] mean_return=-382.09 std_return=59.81
[Iter 246/488] steps=503808 reward=-316.79 pi_loss=0.0142 vf_loss=12.2445 entropy=93.7455 kl=2.1317
[Iter 247/488] steps=505856 reward=-343.10 pi_loss=-0.0064 vf_loss=14.4170 entropy=84.2269 kl=1.5321
[Iter 248/488] steps=507904 reward=-411.95 pi_loss=-0.0051 vf_loss=15.2876 entropy=76.9432 kl=0.8542
[Iter 249/488] steps=509952 reward=-378.61 pi_loss=-0.0156 vf_loss=17.8701 entropy=71.4794 kl=0.3872
[Iter 250/488] steps=512000 reward=-308.39 pi_loss=0.0067 vf_loss=13.3095 entropy=101.9307 kl=2.4975
  [Eval] mean_return=-249.59 std_return=154.41
[Iter 251/488] steps=514048 reward=-524.24 pi_loss=-0.0090 vf_loss=24.5516 entropy=87.5275 kl=2.0732
[Iter 252/488] steps=516096 reward=-311.07 pi_loss=-0.0066 vf_loss=13.2700 entropy=71.4548 kl=0.4223
[Iter 253/488] steps=518144 reward=-406.52 pi_loss=-0.0225 vf_loss=15.9154 entropy=86.8219 kl=1.6794
[Iter 254/488] steps=520192 reward=-431.87 pi_loss=-0.0089 vf_loss=22.5975 entropy=76.3411 kl=0.8220
  [Eval] mean_return=-442.91 std_return=226.68
[Iter 255/488] steps=522240 reward=-171.35 pi_loss=-0.0089 vf_loss=15.1252 entropy=85.8932 kl=1.4585
[Iter 256/488] steps=524288 reward=-424.87 pi_loss=-0.0113 vf_loss=23.1816 entropy=72.5106 kl=0.4806
[Iter 257/488] steps=526336 reward=-522.15 pi_loss=-0.0130 vf_loss=25.6596 entropy=73.1059 kl=0.5597
[Iter 258/488] steps=528384 reward=-786.06 pi_loss=-0.0158 vf_loss=30.0649 entropy=69.7303 kl=0.1873
[Iter 259/488] steps=530432 reward=-191.71 pi_loss=0.0306 vf_loss=14.9696 entropy=237.4843 kl=5.9009
  [Eval] mean_return=-178.20 std_return=187.23
[Iter 260/488] steps=532480 reward=-137.56 pi_loss=0.0224 vf_loss=17.8346 entropy=105.2528 kl=2.6882
[Iter 261/488] steps=534528 reward=-516.61 pi_loss=0.0066 vf_loss=24.5254 entropy=88.8735 kl=1.4917
[Iter 262/488] steps=536576 reward=-183.26 pi_loss=-0.0073 vf_loss=18.7038 entropy=71.9191 kl=0.4691
[Iter 263/488] steps=538624 reward=-250.13 pi_loss=0.0161 vf_loss=14.3314 entropy=108.4287 kl=3.0265
[Iter 264/488] steps=540672 reward=-141.47 pi_loss=0.0300 vf_loss=13.3969 entropy=123.7548 kl=3.8267
  [Eval] mean_return=-194.38 std_return=267.06
[Iter 265/488] steps=542720 reward=-341.49 pi_loss=0.0015 vf_loss=24.5862 entropy=85.8477 kl=1.5786
[Iter 266/488] steps=544768 reward=-492.17 pi_loss=0.0019 vf_loss=20.5480 entropy=86.1663 kl=1.7145
[Iter 267/488] steps=546816 reward=-435.31 pi_loss=0.0020 vf_loss=20.6028 entropy=83.3757 kl=1.4846
[Iter 268/488] steps=548864 reward=-94.09 pi_loss=0.0069 vf_loss=17.7919 entropy=80.1799 kl=1.2950
[Iter 269/488] steps=550912 reward=-501.83 pi_loss=-0.0079 vf_loss=26.2694 entropy=76.3985 kl=0.9007
  [Eval] mean_return=-492.90 std_return=226.50
[Iter 270/488] steps=552960 reward=-472.85 pi_loss=-0.0067 vf_loss=21.4472 entropy=73.2494 kl=0.6130
[Iter 271/488] steps=555008 reward=-317.22 pi_loss=0.0120 vf_loss=14.6119 entropy=87.0559 kl=2.0044
[Iter 272/488] steps=557056 reward=-563.41 pi_loss=-0.0089 vf_loss=26.0174 entropy=86.7949 kl=1.4961
[Iter 273/488] steps=559104 reward=-427.64 pi_loss=0.0021 vf_loss=23.2328 entropy=86.6751 kl=1.3982
[Iter 274/488] steps=561152 reward=-132.89 pi_loss=0.0455 vf_loss=9.8189 entropy=191.2874 kl=4.8338
  [Eval] mean_return=-317.51 std_return=313.40
[Iter 275/488] steps=563200 reward=-366.87 pi_loss=-0.0010 vf_loss=23.8382 entropy=76.0535 kl=0.8336
[Iter 276/488] steps=565248 reward=-202.29 pi_loss=0.0064 vf_loss=13.2671 entropy=82.0296 kl=1.3754
[Iter 277/488] steps=567296 reward=-342.98 pi_loss=-0.0081 vf_loss=28.5606 entropy=72.1762 kl=0.5500
[Iter 278/488] steps=569344 reward=-429.83 pi_loss=-0.0046 vf_loss=22.3214 entropy=88.5321 kl=1.3992
[Iter 279/488] steps=571392 reward=-182.69 pi_loss=0.0132 vf_loss=16.3127 entropy=85.8837 kl=1.7535
  [Eval] mean_return=-223.91 std_return=233.21
[Iter 280/488] steps=573440 reward=-407.44 pi_loss=0.0135 vf_loss=21.3524 entropy=123.6158 kl=3.0078
[Iter 281/488] steps=575488 reward=-213.58 pi_loss=0.0333 vf_loss=10.4105 entropy=117.5154 kl=3.4166
[Iter 282/488] steps=577536 reward=-637.03 pi_loss=-0.0134 vf_loss=24.7308 entropy=72.0584 kl=0.4441
[Iter 283/488] steps=579584 reward=-185.35 pi_loss=0.0189 vf_loss=13.6202 entropy=99.0408 kl=2.5346
[Iter 284/488] steps=581632 reward=-162.87 pi_loss=0.0209 vf_loss=14.5118 entropy=102.9257 kl=2.8441
  [Eval] mean_return=-156.98 std_return=128.57
[Iter 285/488] steps=583680 reward=-541.18 pi_loss=-0.0127 vf_loss=28.1998 entropy=71.5371 kl=0.4261
[Iter 286/488] steps=585728 reward=-368.11 pi_loss=-0.0009 vf_loss=18.7548 entropy=84.8160 kl=1.8047
[Iter 287/488] steps=587776 reward=-92.19 pi_loss=0.0267 vf_loss=12.8512 entropy=124.6195 kl=4.8384
[Iter 288/488] steps=589824 reward=-143.10 pi_loss=-0.0134 vf_loss=21.2320 entropy=69.7643 kl=0.2044
[Iter 289/488] steps=591872 reward=-458.56 pi_loss=-0.0109 vf_loss=25.4308 entropy=70.8681 kl=0.3139
  [Eval] mean_return=-266.48 std_return=249.86
[Iter 290/488] steps=593920 reward=-51.02 pi_loss=0.0445 vf_loss=12.8560 entropy=150.8227 kl=5.1548
[Iter 291/488] steps=595968 reward=-220.28 pi_loss=0.0608 vf_loss=17.8190 entropy=176.6619 kl=5.5388
[Iter 292/488] steps=598016 reward=-502.89 pi_loss=-0.0096 vf_loss=21.9350 entropy=124.5359 kl=5.3215
[Iter 293/488] steps=600064 reward=-114.31 pi_loss=0.0494 vf_loss=10.8682 entropy=336.7670 kl=6.2562
  [Eval] mean_return=-142.25 std_return=59.48
[Iter 294/488] steps=602112 reward=-405.25 pi_loss=0.0147 vf_loss=28.2925 entropy=140.4025 kl=3.3008
[Iter 295/488] steps=604160 reward=-156.70 pi_loss=0.0282 vf_loss=11.7606 entropy=125.2436 kl=3.0840
[Iter 296/488] steps=606208 reward=-58.53 pi_loss=0.0466 vf_loss=14.3934 entropy=139.5104 kl=4.4261
[Iter 297/488] steps=608256 reward=-67.52 pi_loss=0.0525 vf_loss=7.5964 entropy=190.1397 kl=4.7043
[Iter 298/488] steps=610304 reward=-507.18 pi_loss=-0.0065 vf_loss=26.8369 entropy=72.7264 kl=0.5371
  [Eval] mean_return=-272.79 std_return=201.11
[Iter 299/488] steps=612352 reward=-24.94 pi_loss=0.0868 vf_loss=7.2366 entropy=234.0542 kl=8.4330
[Iter 300/488] steps=614400 reward=-94.44 pi_loss=0.0261 vf_loss=13.1654 entropy=116.1044 kl=3.8016
[Iter 301/488] steps=616448 reward=-227.77 pi_loss=0.0120 vf_loss=14.1641 entropy=85.7909 kl=1.5176
[Iter 302/488] steps=618496 reward=18.50 pi_loss=0.0334 vf_loss=9.0936 entropy=282.6887 kl=3.8865
[Iter 303/488] steps=620544 reward=-159.10 pi_loss=0.0170 vf_loss=13.0385 entropy=102.9732 kl=2.2147
  [Eval] mean_return=-442.16 std_return=237.22
[Iter 304/488] steps=622592 reward=-535.82 pi_loss=-0.0082 vf_loss=19.5994 entropy=70.8936 kl=0.2989
[Iter 305/488] steps=624640 reward=-603.49 pi_loss=0.0172 vf_loss=20.2672 entropy=98.3166 kl=1.8518
[Iter 306/488] steps=626688 reward=-164.30 pi_loss=0.0164 vf_loss=15.2285 entropy=116.1747 kl=2.6584
[Iter 307/488] steps=628736 reward=-336.06 pi_loss=-0.0532 vf_loss=8.3822 entropy=195.3288 kl=8.5903
[Iter 308/488] steps=630784 reward=-354.39 pi_loss=0.0061 vf_loss=22.1685 entropy=89.4384 kl=2.1608
  [Eval] mean_return=-491.28 std_return=133.41
[Iter 309/488] steps=632832 reward=-523.53 pi_loss=-0.0047 vf_loss=22.7118 entropy=70.7282 kl=0.3153
[Iter 310/488] steps=634880 reward=-531.76 pi_loss=0.0429 vf_loss=21.6157 entropy=111.6984 kl=3.5530
[Iter 311/488] steps=636928 reward=-601.47 pi_loss=-0.0120 vf_loss=22.8212 entropy=89.3542 kl=2.0578
[Iter 312/488] steps=638976 reward=-525.24 pi_loss=0.0060 vf_loss=17.1281 entropy=89.6116 kl=1.8892
[Iter 313/488] steps=641024 reward=-561.25 pi_loss=0.0055 vf_loss=12.9935 entropy=213.1211 kl=11.2346
  [Eval] mean_return=-483.29 std_return=151.17
[Iter 314/488] steps=643072 reward=-281.93 pi_loss=-0.0189 vf_loss=16.6923 entropy=127.3099 kl=3.9740
[Iter 315/488] steps=645120 reward=-409.31 pi_loss=-0.0043 vf_loss=19.2978 entropy=71.0339 kl=0.2967
[Iter 316/488] steps=647168 reward=-179.44 pi_loss=0.0272 vf_loss=9.7826 entropy=131.7906 kl=4.3030
[Iter 317/488] steps=649216 reward=-508.58 pi_loss=0.0037 vf_loss=21.3088 entropy=74.7368 kl=0.7374
[Iter 318/488] steps=651264 reward=-395.67 pi_loss=0.0014 vf_loss=23.0274 entropy=98.9614 kl=1.8714
  [Eval] mean_return=-423.15 std_return=161.49
[Iter 319/488] steps=653312 reward=-360.24 pi_loss=-0.0101 vf_loss=22.3742 entropy=100.2502 kl=3.2747
[Iter 320/488] steps=655360 reward=-536.56 pi_loss=-0.0079 vf_loss=12.5840 entropy=71.2827 kl=0.4163
[Iter 321/488] steps=657408 reward=-554.48 pi_loss=-0.0033 vf_loss=10.9165 entropy=92.0349 kl=1.5111
[Iter 322/488] steps=659456 reward=-266.65 pi_loss=-0.0099 vf_loss=21.0773 entropy=138.9778 kl=4.0223
[Iter 323/488] steps=661504 reward=-386.81 pi_loss=0.0039 vf_loss=16.4087 entropy=125.3387 kl=3.5169
  [Eval] mean_return=-502.29 std_return=148.03
[Iter 324/488] steps=663552 reward=-129.91 pi_loss=-0.0211 vf_loss=10.3594 entropy=112.8091 kl=4.0534
[Iter 325/488] steps=665600 reward=-574.47 pi_loss=0.0258 vf_loss=6.4753 entropy=171.8177 kl=9.8261
[Iter 326/488] steps=667648 reward=-606.81 pi_loss=-0.0362 vf_loss=15.2917 entropy=130.3161 kl=2.3449
[Iter 327/488] steps=669696 reward=-667.16 pi_loss=-0.0099 vf_loss=16.0508 entropy=101.5329 kl=1.5682
[Iter 328/488] steps=671744 reward=-557.14 pi_loss=0.0042 vf_loss=10.5085 entropy=73.6410 kl=0.5318
  [Eval] mean_return=-582.07 std_return=24.53
[Iter 329/488] steps=673792 reward=-577.44 pi_loss=-0.0027 vf_loss=12.5971 entropy=68.9883 kl=0.1082
[Iter 330/488] steps=675840 reward=-585.31 pi_loss=-0.0133 vf_loss=15.6581 entropy=90.0388 kl=1.5427
[Iter 331/488] steps=677888 reward=-609.29 pi_loss=-0.0031 vf_loss=16.2209 entropy=93.9030 kl=1.7240
[Iter 332/488] steps=679936 reward=-569.79 pi_loss=-0.0290 vf_loss=14.2966 entropy=109.4928 kl=4.4018
[Iter 333/488] steps=681984 reward=-549.91 pi_loss=0.0196 vf_loss=11.6717 entropy=127.7663 kl=6.6900
  [Eval] mean_return=-571.04 std_return=29.53
[Iter 334/488] steps=684032 reward=-650.00 pi_loss=-0.0399 vf_loss=21.5141 entropy=188.5367 kl=4.5101
[Iter 335/488] steps=686080 reward=-567.62 pi_loss=-0.0009 vf_loss=12.5555 entropy=70.9480 kl=0.2715
[Iter 336/488] steps=688128 reward=-559.83 pi_loss=-0.0054 vf_loss=14.4787 entropy=73.8730 kl=0.6535
[Iter 337/488] steps=690176 reward=-600.05 pi_loss=-0.0054 vf_loss=12.7448 entropy=73.0544 kl=0.4990
  [Eval] mean_return=-583.47 std_return=20.83
[Iter 338/488] steps=692224 reward=-575.56 pi_loss=-0.0023 vf_loss=13.0852 entropy=71.5650 kl=0.3716
[Iter 339/488] steps=694272 reward=-533.31 pi_loss=-0.0076 vf_loss=17.0234 entropy=68.8382 kl=0.0844
[Iter 340/488] steps=696320 reward=-564.68 pi_loss=-0.0025 vf_loss=13.4005 entropy=69.3647 kl=0.1720
[Iter 341/488] steps=698368 reward=-564.61 pi_loss=-0.0144 vf_loss=14.0231 entropy=89.1398 kl=1.7529
[Iter 342/488] steps=700416 reward=-592.98 pi_loss=-0.0064 vf_loss=13.6250 entropy=72.2303 kl=0.3944
  [Eval] mean_return=-572.22 std_return=30.18
[Iter 343/488] steps=702464 reward=-582.70 pi_loss=-0.0082 vf_loss=13.8908 entropy=100.0207 kl=1.7759
[Iter 344/488] steps=704512 reward=-661.11 pi_loss=-0.0111 vf_loss=14.6221 entropy=80.9249 kl=1.1093
[Iter 345/488] steps=706560 reward=-568.30 pi_loss=-0.0048 vf_loss=12.1310 entropy=69.2360 kl=0.1260
[Iter 346/488] steps=708608 reward=-574.43 pi_loss=-0.0267 vf_loss=12.1591 entropy=90.6832 kl=2.5964
[Iter 347/488] steps=710656 reward=-565.23 pi_loss=-0.0060 vf_loss=11.1793 entropy=70.5500 kl=0.2926
  [Eval] mean_return=-580.85 std_return=23.58
[Iter 348/488] steps=712704 reward=-559.62 pi_loss=-0.0026 vf_loss=12.1344 entropy=69.2906 kl=0.1289
[Iter 349/488] steps=714752 reward=-568.98 pi_loss=-0.0212 vf_loss=13.1359 entropy=84.1312 kl=1.0396
[Iter 350/488] steps=716800 reward=-594.83 pi_loss=-0.0047 vf_loss=11.9868 entropy=68.6705 kl=0.0799
[Iter 351/488] steps=718848 reward=-551.50 pi_loss=-0.0030 vf_loss=14.4917 entropy=72.5862 kl=0.4694
[Iter 352/488] steps=720896 reward=-510.07 pi_loss=-0.0103 vf_loss=14.8783 entropy=72.8146 kl=0.5390
  [Eval] mean_return=-557.15 std_return=23.98
[Iter 353/488] steps=722944 reward=-516.45 pi_loss=-0.0056 vf_loss=12.8832 entropy=85.7201 kl=1.6359
[Iter 354/488] steps=724992 reward=-531.57 pi_loss=-0.0033 vf_loss=11.8395 entropy=86.6021 kl=1.4987
[Iter 355/488] steps=727040 reward=-507.79 pi_loss=0.0031 vf_loss=14.2262 entropy=84.2330 kl=1.5234
[Iter 356/488] steps=729088 reward=-447.25 pi_loss=-0.0069 vf_loss=12.3834 entropy=69.6231 kl=0.1887
[Iter 357/488] steps=731136 reward=-466.82 pi_loss=-0.0042 vf_loss=10.4565 entropy=73.6687 kl=0.6319
  [Eval] mean_return=-430.91 std_return=33.16
[Iter 358/488] steps=733184 reward=-454.38 pi_loss=-0.0086 vf_loss=9.9574 entropy=94.3902 kl=2.5368
[Iter 359/488] steps=735232 reward=-335.34 pi_loss=-0.0005 vf_loss=9.3000 entropy=70.8901 kl=0.3269
[Iter 360/488] steps=737280 reward=-437.53 pi_loss=0.0314 vf_loss=9.7545 entropy=150.9610 kl=6.8563
[Iter 361/488] steps=739328 reward=-450.84 pi_loss=0.0729 vf_loss=8.3413 entropy=218.1367 kl=10.3853
[Iter 362/488] steps=741376 reward=-381.49 pi_loss=0.0774 vf_loss=6.1868 entropy=217.6866 kl=12.6447
  [Eval] mean_return=-366.86 std_return=3.40
[Iter 363/488] steps=743424 reward=-329.07 pi_loss=0.0259 vf_loss=6.0445 entropy=154.5562 kl=6.6289
[Iter 364/488] steps=745472 reward=-306.66 pi_loss=0.0125 vf_loss=5.4933 entropy=108.1045 kl=3.0745
[Iter 365/488] steps=747520 reward=-284.87 pi_loss=0.0116 vf_loss=4.9939 entropy=86.2228 kl=1.8746
[Iter 366/488] steps=749568 reward=-330.94 pi_loss=0.0362 vf_loss=4.7383 entropy=167.7128 kl=7.3154
[Iter 367/488] steps=751616 reward=-353.48 pi_loss=0.0409 vf_loss=4.7841 entropy=216.5509 kl=7.6887
  [Eval] mean_return=-377.70 std_return=4.97
[Iter 368/488] steps=753664 reward=-338.89 pi_loss=0.0085 vf_loss=4.6270 entropy=188.6708 kl=7.1476
[Iter 369/488] steps=755712 reward=-315.92 pi_loss=-0.0386 vf_loss=6.2582 entropy=103.5581 kl=2.8573
[Iter 370/488] steps=757760 reward=-412.24 pi_loss=-0.0132 vf_loss=7.8651 entropy=83.6460 kl=1.0915
[Iter 371/488] steps=759808 reward=-406.82 pi_loss=-0.0038 vf_loss=10.5353 entropy=78.1649 kl=0.8151
[Iter 372/488] steps=761856 reward=-548.92 pi_loss=-0.0034 vf_loss=9.7947 entropy=69.7853 kl=0.2132
  [Eval] mean_return=-374.61 std_return=43.55
[Iter 373/488] steps=763904 reward=-339.45 pi_loss=-0.0059 vf_loss=9.0215 entropy=71.1322 kl=0.3024
[Iter 374/488] steps=765952 reward=-381.98 pi_loss=-0.0034 vf_loss=7.8760 entropy=69.4963 kl=0.1628
[Iter 375/488] steps=768000 reward=-364.47 pi_loss=-0.0061 vf_loss=8.5945 entropy=77.4018 kl=1.0193
[Iter 376/488] steps=770048 reward=-337.33 pi_loss=-0.0001 vf_loss=4.6380 entropy=72.4090 kl=0.5104
  [Eval] mean_return=-391.68 std_return=50.81
[Iter 377/488] steps=772096 reward=-323.96 pi_loss=-0.0052 vf_loss=4.3153 entropy=69.0641 kl=0.1242
[Iter 378/488] steps=774144 reward=-327.74 pi_loss=-0.0025 vf_loss=5.7840 entropy=74.1244 kl=0.6624
[Iter 379/488] steps=776192 reward=-443.82 pi_loss=-0.0022 vf_loss=6.3260 entropy=72.5661 kl=0.4860
[Iter 380/488] steps=778240 reward=-291.96 pi_loss=-0.0047 vf_loss=4.3227 entropy=69.1062 kl=0.1503
[Iter 381/488] steps=780288 reward=-272.95 pi_loss=-0.0029 vf_loss=4.3903 entropy=69.3111 kl=0.1600
  [Eval] mean_return=-329.75 std_return=87.86
[Iter 382/488] steps=782336 reward=-393.73 pi_loss=-0.0059 vf_loss=6.2038 entropy=70.2342 kl=0.2394
[Iter 383/488] steps=784384 reward=-240.55 pi_loss=-0.0091 vf_loss=4.6627 entropy=73.0334 kl=0.4862
[Iter 384/488] steps=786432 reward=-257.45 pi_loss=-0.0067 vf_loss=3.8152 entropy=69.3599 kl=0.1388
[Iter 385/488] steps=788480 reward=-265.09 pi_loss=-0.0064 vf_loss=5.3506 entropy=69.0129 kl=0.1065
[Iter 386/488] steps=790528 reward=-305.30 pi_loss=-0.0062 vf_loss=7.4134 entropy=80.2974 kl=1.0383
  [Eval] mean_return=-192.62 std_return=8.72
[Iter 387/488] steps=792576 reward=-210.17 pi_loss=-0.0027 vf_loss=2.7295 entropy=70.2031 kl=0.2764
[Iter 388/488] steps=794624 reward=-232.84 pi_loss=0.0081 vf_loss=4.7170 entropy=144.4323 kl=5.4321
[Iter 389/488] steps=796672 reward=-223.43 pi_loss=0.0192 vf_loss=2.4852 entropy=155.3111 kl=4.2230
[Iter 390/488] steps=798720 reward=-314.53 pi_loss=-0.0075 vf_loss=3.5108 entropy=69.1221 kl=0.1186
[Iter 391/488] steps=800768 reward=-362.51 pi_loss=0.0127 vf_loss=3.2838 entropy=95.2284 kl=2.6400
  [Eval] mean_return=-379.87 std_return=84.61
[Iter 392/488] steps=802816 reward=-338.21 pi_loss=-0.0051 vf_loss=5.0889 entropy=70.7602 kl=0.2939
[Iter 393/488] steps=804864 reward=-292.54 pi_loss=-0.0192 vf_loss=4.0290 entropy=81.8026 kl=1.5078
[Iter 394/488] steps=806912 reward=-444.06 pi_loss=-0.0052 vf_loss=8.2591 entropy=69.1676 kl=0.1371
[Iter 395/488] steps=808960 reward=-454.08 pi_loss=-0.0019 vf_loss=8.1183 entropy=72.9715 kl=0.4904
[Iter 396/488] steps=811008 reward=-442.47 pi_loss=0.0001 vf_loss=10.6859 entropy=73.6103 kl=0.6979
  [Eval] mean_return=-380.61 std_return=3.84
[Iter 397/488] steps=813056 reward=-315.03 pi_loss=-0.0017 vf_loss=4.4469 entropy=72.7493 kl=0.5728
[Iter 398/488] steps=815104 reward=-445.83 pi_loss=-0.0071 vf_loss=9.2322 entropy=69.4496 kl=0.1706
[Iter 399/488] steps=817152 reward=-347.90 pi_loss=-0.0035 vf_loss=7.0133 entropy=73.1134 kl=0.5676
[Iter 400/488] steps=819200 reward=-380.09 pi_loss=-0.0011 vf_loss=7.8426 entropy=87.8169 kl=1.4909
[Iter 401/488] steps=821248 reward=-415.56 pi_loss=-0.0060 vf_loss=6.8207 entropy=69.1336 kl=0.1296
  [Eval] mean_return=-337.28 std_return=54.58
[Iter 402/488] steps=823296 reward=-279.76 pi_loss=-0.0075 vf_loss=5.6333 entropy=81.6204 kl=0.8946
[Iter 403/488] steps=825344 reward=-371.50 pi_loss=-0.0071 vf_loss=8.4183 entropy=70.2450 kl=0.2388
[Iter 404/488] steps=827392 reward=-434.90 pi_loss=-0.0088 vf_loss=10.7534 entropy=69.2213 kl=0.1365
[Iter 405/488] steps=829440 reward=-324.42 pi_loss=-0.0087 vf_loss=7.3078 entropy=70.3719 kl=0.2948
[Iter 406/488] steps=831488 reward=-427.34 pi_loss=-0.0037 vf_loss=7.3676 entropy=70.8695 kl=0.3040
  [Eval] mean_return=-330.08 std_return=103.36
[Iter 407/488] steps=833536 reward=-294.37 pi_loss=-0.0126 vf_loss=7.3271 entropy=73.5667 kl=0.5596
[Iter 408/488] steps=835584 reward=-312.77 pi_loss=-0.0086 vf_loss=5.7429 entropy=69.3684 kl=0.1480
[Iter 409/488] steps=837632 reward=-257.44 pi_loss=0.0006 vf_loss=3.7684 entropy=82.2771 kl=1.0786
[Iter 410/488] steps=839680 reward=-257.52 pi_loss=0.0106 vf_loss=3.3423 entropy=91.6075 kl=2.6190
[Iter 411/488] steps=841728 reward=-224.76 pi_loss=0.0038 vf_loss=3.2083 entropy=97.0177 kl=1.9359
  [Eval] mean_return=-312.57 std_return=94.10
[Iter 412/488] steps=843776 reward=-366.98 pi_loss=-0.0136 vf_loss=5.4825 entropy=81.0550 kl=1.5133
[Iter 413/488] steps=845824 reward=-329.17 pi_loss=-0.0119 vf_loss=7.7518 entropy=68.9368 kl=0.1150
[Iter 414/488] steps=847872 reward=-399.50 pi_loss=-0.0093 vf_loss=6.4788 entropy=68.8220 kl=0.0905
[Iter 415/488] steps=849920 reward=-449.94 pi_loss=-0.0075 vf_loss=8.4958 entropy=69.7724 kl=0.1896
[Iter 416/488] steps=851968 reward=-411.71 pi_loss=-0.0105 vf_loss=9.7598 entropy=68.9367 kl=0.0947
  [Eval] mean_return=-393.88 std_return=111.89
[Iter 417/488] steps=854016 reward=-430.49 pi_loss=-0.0073 vf_loss=12.9421 entropy=80.5949 kl=1.2015
[Iter 418/488] steps=856064 reward=-333.73 pi_loss=-0.0116 vf_loss=8.2050 entropy=69.1482 kl=0.1301
[Iter 419/488] steps=858112 reward=-202.77 pi_loss=-0.0087 vf_loss=5.0000 entropy=69.0867 kl=0.1519
[Iter 420/488] steps=860160 reward=-418.11 pi_loss=-0.0082 vf_loss=10.6918 entropy=70.7855 kl=0.2857
  [Eval] mean_return=-315.60 std_return=87.90
[Iter 421/488] steps=862208 reward=-420.36 pi_loss=-0.0091 vf_loss=11.3282 entropy=72.6403 kl=0.5685
[Iter 422/488] steps=864256 reward=-273.56 pi_loss=-0.0118 vf_loss=8.1385 entropy=68.8953 kl=0.0943
[Iter 423/488] steps=866304 reward=-327.69 pi_loss=-0.0079 vf_loss=7.7254 entropy=68.7431 kl=0.0861
[Iter 424/488] steps=868352 reward=-324.82 pi_loss=-0.0084 vf_loss=9.2476 entropy=71.7069 kl=0.3883
[Iter 425/488] steps=870400 reward=-305.24 pi_loss=-0.0078 vf_loss=7.4656 entropy=68.9201 kl=0.0940
  [Eval] mean_return=-253.98 std_return=146.16
[Iter 426/488] steps=872448 reward=-217.83 pi_loss=-0.0087 vf_loss=4.7758 entropy=68.9760 kl=0.1155
[Iter 427/488] steps=874496 reward=-494.70 pi_loss=-0.0101 vf_loss=13.6787 entropy=70.9768 kl=0.3347
[Iter 428/488] steps=876544 reward=-385.16 pi_loss=-0.0062 vf_loss=8.6891 entropy=71.2417 kl=0.3878
[Iter 429/488] steps=878592 reward=-211.61 pi_loss=-0.0079 vf_loss=4.3811 entropy=69.1400 kl=0.1398
[Iter 430/488] steps=880640 reward=-204.27 pi_loss=-0.0104 vf_loss=5.8726 entropy=68.4961 kl=0.0705
  [Eval] mean_return=-180.47 std_return=31.45
[Iter 431/488] steps=882688 reward=-509.76 pi_loss=-0.0091 vf_loss=12.7656 entropy=69.1024 kl=0.1220
[Iter 432/488] steps=884736 reward=-204.40 pi_loss=-0.0110 vf_loss=4.5781 entropy=71.0422 kl=0.3188
[Iter 433/488] steps=886784 reward=-298.95 pi_loss=-0.0094 vf_loss=8.4748 entropy=68.6901 kl=0.0818
[Iter 434/488] steps=888832 reward=-160.03 pi_loss=-0.0093 vf_loss=3.4365 entropy=71.9693 kl=0.4849
[Iter 435/488] steps=890880 reward=-299.11 pi_loss=-0.0071 vf_loss=7.6569 entropy=68.8291 kl=0.1010
  [Eval] mean_return=-147.65 std_return=6.34
[Iter 436/488] steps=892928 reward=-367.07 pi_loss=0.0111 vf_loss=5.9156 entropy=101.7391 kl=3.4197
[Iter 437/488] steps=894976 reward=-156.78 pi_loss=-0.0070 vf_loss=1.6203 entropy=68.7960 kl=0.0745
[Iter 438/488] steps=897024 reward=-152.94 pi_loss=-0.0064 vf_loss=1.9050 entropy=68.8089 kl=0.0944
[Iter 439/488] steps=899072 reward=-316.98 pi_loss=-0.0103 vf_loss=12.1693 entropy=69.7788 kl=0.1583
[Iter 440/488] steps=901120 reward=-168.86 pi_loss=-0.0082 vf_loss=1.8913 entropy=68.6732 kl=0.0688
  [Eval] mean_return=-152.77 std_return=9.91
[Iter 441/488] steps=903168 reward=-177.23 pi_loss=-0.0056 vf_loss=1.5820 entropy=69.0331 kl=0.1051
[Iter 442/488] steps=905216 reward=-147.98 pi_loss=-0.0061 vf_loss=1.3473 entropy=68.8843 kl=0.0983
[Iter 443/488] steps=907264 reward=-157.63 pi_loss=-0.0064 vf_loss=1.2956 entropy=68.4453 kl=0.0831
[Iter 444/488] steps=909312 reward=-157.10 pi_loss=-0.0040 vf_loss=1.4399 entropy=72.9692 kl=0.6077
[Iter 445/488] steps=911360 reward=-159.71 pi_loss=-0.0105 vf_loss=1.5015 entropy=68.6844 kl=0.0599
  [Eval] mean_return=-161.16 std_return=20.01
[Iter 446/488] steps=913408 reward=-165.96 pi_loss=-0.0118 vf_loss=1.6337 entropy=68.3487 kl=0.0588
[Iter 447/488] steps=915456 reward=-163.51 pi_loss=-0.0064 vf_loss=1.3080 entropy=68.7928 kl=0.0620
[Iter 448/488] steps=917504 reward=-150.24 pi_loss=-0.0059 vf_loss=1.1630 entropy=68.3463 kl=0.0531
[Iter 449/488] steps=919552 reward=-166.87 pi_loss=-0.0098 vf_loss=1.3906 entropy=68.5411 kl=0.0484
[Iter 450/488] steps=921600 reward=-175.08 pi_loss=-0.0088 vf_loss=1.8658 entropy=68.5582 kl=0.0602
  [Eval] mean_return=-148.58 std_return=9.88
[Iter 451/488] steps=923648 reward=-139.77 pi_loss=-0.0068 vf_loss=1.2851 entropy=68.6031 kl=0.0453
[Iter 452/488] steps=925696 reward=-168.55 pi_loss=-0.0095 vf_loss=1.4019 entropy=68.9855 kl=0.1108
[Iter 453/488] steps=927744 reward=-147.79 pi_loss=-0.0058 vf_loss=1.1465 entropy=68.4289 kl=0.0416
[Iter 454/488] steps=929792 reward=-147.53 pi_loss=-0.0072 vf_loss=1.8552 entropy=69.7463 kl=0.2010
[Iter 455/488] steps=931840 reward=-322.42 pi_loss=-0.0094 vf_loss=5.8014 entropy=68.4776 kl=0.0327
  [Eval] mean_return=-152.46 std_return=14.69
[Iter 456/488] steps=933888 reward=-157.35 pi_loss=-0.0094 vf_loss=1.3249 entropy=68.4994 kl=0.0552
[Iter 457/488] steps=935936 reward=-161.41 pi_loss=-0.0078 vf_loss=1.2773 entropy=68.4815 kl=0.0418
[Iter 458/488] steps=937984 reward=-157.84 pi_loss=-0.0085 vf_loss=1.8543 entropy=68.8052 kl=0.0935
[Iter 459/488] steps=940032 reward=-214.95 pi_loss=-0.0063 vf_loss=4.3710 entropy=68.5071 kl=0.0526
  [Eval] mean_return=-153.24 std_return=9.75
[Iter 460/488] steps=942080 reward=-167.62 pi_loss=-0.0091 vf_loss=4.0775 entropy=68.4036 kl=0.0390
[Iter 461/488] steps=944128 reward=-168.94 pi_loss=-0.0119 vf_loss=1.5094 entropy=68.4607 kl=0.0434
[Iter 462/488] steps=946176 reward=-160.09 pi_loss=-0.0086 vf_loss=1.6816 entropy=68.3835 kl=0.0348
[Iter 463/488] steps=948224 reward=-148.79 pi_loss=-0.0085 vf_loss=1.1875 entropy=68.3793 kl=0.0326
[Iter 464/488] steps=950272 reward=-160.40 pi_loss=-0.0080 vf_loss=1.4826 entropy=68.3261 kl=0.0290
  [Eval] mean_return=-154.54 std_return=8.13
[Iter 465/488] steps=952320 reward=-176.13 pi_loss=-0.0091 vf_loss=1.5007 entropy=68.4564 kl=0.0292
[Iter 466/488] steps=954368 reward=-222.59 pi_loss=-0.0110 vf_loss=4.6311 entropy=68.4012 kl=0.0246
[Iter 467/488] steps=956416 reward=-170.34 pi_loss=-0.0079 vf_loss=1.4057 entropy=68.3979 kl=0.0330
[Iter 468/488] steps=958464 reward=-148.31 pi_loss=-0.0083 vf_loss=1.5651 entropy=68.4403 kl=0.0314
[Iter 469/488] steps=960512 reward=-162.01 pi_loss=-0.0089 vf_loss=1.2005 entropy=68.4896 kl=0.0327
  [Eval] mean_return=-150.01 std_return=7.86
[Iter 470/488] steps=962560 reward=-161.18 pi_loss=-0.0090 vf_loss=1.8463 entropy=68.3074 kl=0.0256
[Iter 471/488] steps=964608 reward=-287.52 pi_loss=-0.0060 vf_loss=4.8688 entropy=68.2335 kl=0.0198
[Iter 472/488] steps=966656 reward=-172.54 pi_loss=-0.0101 vf_loss=1.3672 entropy=68.3475 kl=0.0266
[Iter 473/488] steps=968704 reward=-160.56 pi_loss=-0.0074 vf_loss=1.1452 entropy=68.3121 kl=0.0277
[Iter 474/488] steps=970752 reward=-250.38 pi_loss=-0.0081 vf_loss=5.8049 entropy=68.2921 kl=0.0184
  [Eval] mean_return=-148.47 std_return=9.20
[Iter 475/488] steps=972800 reward=-159.96 pi_loss=-0.0102 vf_loss=1.3778 entropy=68.2242 kl=0.0232
[Iter 476/488] steps=974848 reward=-165.34 pi_loss=-0.0086 vf_loss=1.1957 entropy=68.4178 kl=0.0281
[Iter 477/488] steps=976896 reward=-153.13 pi_loss=-0.0082 vf_loss=1.1588 entropy=68.5450 kl=0.0241
[Iter 478/488] steps=978944 reward=-142.59 pi_loss=-0.0061 vf_loss=2.0786 entropy=68.2563 kl=0.0141
[Iter 479/488] steps=980992 reward=-347.85 pi_loss=-0.0055 vf_loss=4.5680 entropy=68.2264 kl=0.0196
  [Eval] mean_return=-233.45 std_return=175.39
[Iter 480/488] steps=983040 reward=-158.37 pi_loss=-0.0075 vf_loss=1.7854 entropy=68.4915 kl=0.0176
[Iter 481/488] steps=985088 reward=-164.65 pi_loss=-0.0070 vf_loss=1.3534 entropy=68.3155 kl=0.0151
[Iter 482/488] steps=987136 reward=-159.34 pi_loss=-0.0071 vf_loss=1.9319 entropy=68.1407 kl=0.0132
[Iter 483/488] steps=989184 reward=-359.10 pi_loss=-0.0049 vf_loss=5.8979 entropy=68.2562 kl=0.0061
[Iter 484/488] steps=991232 reward=-170.94 pi_loss=-0.0078 vf_loss=1.9258 entropy=68.2730 kl=0.0139
  [Eval] mean_return=-148.63 std_return=9.07
[Iter 485/488] steps=993280 reward=-170.86 pi_loss=-0.0079 vf_loss=2.2099 entropy=68.1914 kl=0.0167
[Iter 486/488] steps=995328 reward=-169.63 pi_loss=-0.0048 vf_loss=1.4613 entropy=68.2824 kl=0.0096
[Iter 487/488] steps=997376 reward=-156.60 pi_loss=-0.0028 vf_loss=1.4149 entropy=68.1005 kl=0.0034
[Iter 488/488] steps=999424 reward=-158.25 pi_loss=-0.0027 vf_loss=1.4625 entropy=68.1214 kl=0.0048
Training complete. Logs saved to results/8hr/K8_kl_inverse/seed_42
