[Iter 1/488] steps=2048 reward=-525.63 pi_loss=-0.0233 vf_loss=33.9786 entropy=34.2915 kl=0.0278
[Iter 2/488] steps=4096 reward=-446.81 pi_loss=-0.0347 vf_loss=11.0749 entropy=34.1358 kl=0.0350
[Iter 3/488] steps=6144 reward=-634.56 pi_loss=-0.0327 vf_loss=38.2764 entropy=34.2556 kl=0.0301
[Iter 4/488] steps=8192 reward=-357.71 pi_loss=-0.0389 vf_loss=18.8357 entropy=34.1074 kl=0.0380
[Iter 5/488] steps=10240 reward=-510.40 pi_loss=-0.0441 vf_loss=26.4055 entropy=34.3424 kl=0.0415
  [Eval] mean_return=-472.24 std_return=136.79
[Iter 6/488] steps=12288 reward=-429.84 pi_loss=-0.0482 vf_loss=20.7896 entropy=34.2235 kl=0.0489
[Iter 7/488] steps=14336 reward=-447.00 pi_loss=-0.0454 vf_loss=19.7088 entropy=34.2559 kl=0.0499
[Iter 8/488] steps=16384 reward=-447.64 pi_loss=-0.0508 vf_loss=15.0822 entropy=34.4100 kl=0.0711
[Iter 9/488] steps=18432 reward=-401.68 pi_loss=-0.0576 vf_loss=12.6333 entropy=34.2313 kl=0.0664
[Iter 10/488] steps=20480 reward=-481.21 pi_loss=-0.0533 vf_loss=9.6367 entropy=34.3717 kl=0.0605
  [Eval] mean_return=-296.77 std_return=49.69
[Iter 11/488] steps=22528 reward=-386.27 pi_loss=-0.0566 vf_loss=9.6145 entropy=34.4377 kl=0.0854
[Iter 12/488] steps=24576 reward=-320.17 pi_loss=-0.0566 vf_loss=9.7903 entropy=34.2471 kl=0.0846
[Iter 13/488] steps=26624 reward=-348.16 pi_loss=-0.0561 vf_loss=7.8801 entropy=34.5041 kl=0.0888
[Iter 14/488] steps=28672 reward=-290.56 pi_loss=-0.0581 vf_loss=8.5791 entropy=34.4639 kl=0.0751
[Iter 15/488] steps=30720 reward=-317.98 pi_loss=-0.0565 vf_loss=15.2563 entropy=34.2179 kl=0.0505
  [Eval] mean_return=-249.94 std_return=77.36
[Iter 16/488] steps=32768 reward=-392.82 pi_loss=-0.0601 vf_loss=10.0255 entropy=34.5608 kl=0.0903
[Iter 17/488] steps=34816 reward=-335.58 pi_loss=-0.0626 vf_loss=9.9510 entropy=34.4296 kl=0.0870
[Iter 18/488] steps=36864 reward=-245.27 pi_loss=-0.0578 vf_loss=9.1534 entropy=34.4151 kl=0.0803
[Iter 19/488] steps=38912 reward=-282.50 pi_loss=-0.0637 vf_loss=10.5535 entropy=34.3514 kl=0.0778
[Iter 20/488] steps=40960 reward=-306.21 pi_loss=-0.0608 vf_loss=11.2739 entropy=34.2776 kl=0.0674
  [Eval] mean_return=-185.37 std_return=67.16
[Iter 21/488] steps=43008 reward=-297.69 pi_loss=-0.0608 vf_loss=15.7323 entropy=34.4363 kl=0.0583
[Iter 22/488] steps=45056 reward=-319.24 pi_loss=-0.0644 vf_loss=18.6182 entropy=34.3748 kl=0.0597
[Iter 23/488] steps=47104 reward=-243.82 pi_loss=-0.0618 vf_loss=11.9033 entropy=34.2432 kl=0.0832
[Iter 24/488] steps=49152 reward=-245.25 pi_loss=-0.0628 vf_loss=15.3651 entropy=34.2885 kl=0.0696
[Iter 25/488] steps=51200 reward=-250.65 pi_loss=-0.0596 vf_loss=9.1814 entropy=34.5717 kl=0.1216
  [Eval] mean_return=-158.69 std_return=43.59
[Iter 26/488] steps=53248 reward=-273.02 pi_loss=-0.0654 vf_loss=12.2781 entropy=34.3937 kl=0.0899
[Iter 27/488] steps=55296 reward=-303.09 pi_loss=-0.0641 vf_loss=13.1476 entropy=34.5484 kl=0.0934
[Iter 28/488] steps=57344 reward=-253.58 pi_loss=-0.0627 vf_loss=11.3692 entropy=34.2976 kl=0.0911
[Iter 29/488] steps=59392 reward=-280.13 pi_loss=-0.0590 vf_loss=7.7499 entropy=34.6529 kl=0.1573
[Iter 30/488] steps=61440 reward=-212.34 pi_loss=-0.0619 vf_loss=11.7311 entropy=34.4574 kl=0.0918
  [Eval] mean_return=-54.16 std_return=28.24
[Iter 31/488] steps=63488 reward=-293.09 pi_loss=-0.0632 vf_loss=7.8747 entropy=34.6860 kl=0.1381
[Iter 32/488] steps=65536 reward=-80.91 pi_loss=-0.0674 vf_loss=12.7282 entropy=34.4048 kl=0.0784
[Iter 33/488] steps=67584 reward=-169.80 pi_loss=-0.0709 vf_loss=10.4684 entropy=34.5289 kl=0.0870
[Iter 34/488] steps=69632 reward=-193.33 pi_loss=-0.0709 vf_loss=9.2886 entropy=34.5275 kl=0.1128
[Iter 35/488] steps=71680 reward=-106.19 pi_loss=-0.0683 vf_loss=8.4323 entropy=34.4906 kl=0.1254
  [Eval] mean_return=2.17 std_return=53.72
[Iter 36/488] steps=73728 reward=-129.56 pi_loss=-0.0689 vf_loss=6.7251 entropy=34.7409 kl=0.1567
[Iter 37/488] steps=75776 reward=-100.91 pi_loss=-0.0709 vf_loss=10.4302 entropy=34.3165 kl=0.0869
[Iter 38/488] steps=77824 reward=-128.45 pi_loss=-0.0663 vf_loss=8.7260 entropy=34.4215 kl=0.0935
[Iter 39/488] steps=79872 reward=-113.69 pi_loss=-0.0633 vf_loss=7.7085 entropy=34.7308 kl=0.1398
[Iter 40/488] steps=81920 reward=-53.79 pi_loss=-0.0663 vf_loss=6.3585 entropy=34.6568 kl=0.1482
  [Eval] mean_return=73.60 std_return=83.59
[Iter 41/488] steps=83968 reward=-43.14 pi_loss=-0.0723 vf_loss=7.9021 entropy=34.4622 kl=0.1182
[Iter 42/488] steps=86016 reward=-35.51 pi_loss=-0.0744 vf_loss=7.2577 entropy=34.4838 kl=0.1161
[Iter 43/488] steps=88064 reward=57.45 pi_loss=-0.0701 vf_loss=6.2312 entropy=34.5254 kl=0.1255
[Iter 44/488] steps=90112 reward=-2.81 pi_loss=-0.0706 vf_loss=9.0140 entropy=34.6288 kl=0.1124
  [Eval] mean_return=198.43 std_return=50.42
[Iter 45/488] steps=92160 reward=48.22 pi_loss=-0.0738 vf_loss=7.4470 entropy=34.6104 kl=0.1160
[Iter 46/488] steps=94208 reward=-23.81 pi_loss=-0.0611 vf_loss=6.6834 entropy=34.6554 kl=0.1454
[Iter 47/488] steps=96256 reward=41.57 pi_loss=-0.0632 vf_loss=7.2064 entropy=34.5249 kl=0.1169
[Iter 48/488] steps=98304 reward=19.77 pi_loss=-0.0742 vf_loss=11.1138 entropy=34.4877 kl=0.0859
[Iter 49/488] steps=100352 reward=21.45 pi_loss=-0.0758 vf_loss=9.4798 entropy=34.4642 kl=0.1070
  [Eval] mean_return=188.89 std_return=136.67
[Iter 50/488] steps=102400 reward=92.05 pi_loss=-0.0649 vf_loss=8.8606 entropy=34.5049 kl=0.1232
[Iter 51/488] steps=104448 reward=77.83 pi_loss=-0.0601 vf_loss=13.9400 entropy=34.6119 kl=0.1588
[Iter 52/488] steps=106496 reward=-119.81 pi_loss=-0.0784 vf_loss=8.5844 entropy=34.4531 kl=0.1128
[Iter 53/488] steps=108544 reward=-1.42 pi_loss=-0.0724 vf_loss=11.3254 entropy=34.5294 kl=0.0996
[Iter 54/488] steps=110592 reward=57.28 pi_loss=-0.0590 vf_loss=7.0481 entropy=35.0575 kl=0.2298
  [Eval] mean_return=258.39 std_return=36.67
[Iter 55/488] steps=112640 reward=51.02 pi_loss=-0.0602 vf_loss=8.9168 entropy=35.6304 kl=0.3412
[Iter 56/488] steps=114688 reward=114.24 pi_loss=-0.0713 vf_loss=12.4066 entropy=34.5596 kl=0.1109
[Iter 57/488] steps=116736 reward=105.27 pi_loss=-0.0766 vf_loss=10.9091 entropy=34.4569 kl=0.1021
[Iter 58/488] steps=118784 reward=4.01 pi_loss=-0.0733 vf_loss=11.8421 entropy=34.5147 kl=0.0903
[Iter 59/488] steps=120832 reward=44.19 pi_loss=-0.0708 vf_loss=9.0142 entropy=34.7273 kl=0.1449
  [Eval] mean_return=258.46 std_return=53.07
[Iter 60/488] steps=122880 reward=81.09 pi_loss=-0.0699 vf_loss=15.9422 entropy=34.5184 kl=0.1003
[Iter 61/488] steps=124928 reward=47.39 pi_loss=-0.0724 vf_loss=11.0105 entropy=34.6287 kl=0.1442
[Iter 62/488] steps=126976 reward=170.51 pi_loss=-0.0744 vf_loss=10.0628 entropy=34.6466 kl=0.1579
[Iter 63/488] steps=129024 reward=146.41 pi_loss=-0.0733 vf_loss=9.8873 entropy=34.7065 kl=0.1387
[Iter 64/488] steps=131072 reward=24.90 pi_loss=-0.0767 vf_loss=9.3973 entropy=34.5097 kl=0.1301
  [Eval] mean_return=217.58 std_return=94.29
[Iter 65/488] steps=133120 reward=52.82 pi_loss=-0.0781 vf_loss=9.5192 entropy=34.6418 kl=0.1229
[Iter 66/488] steps=135168 reward=119.00 pi_loss=-0.0824 vf_loss=12.5796 entropy=34.5605 kl=0.1139
[Iter 67/488] steps=137216 reward=93.20 pi_loss=-0.0709 vf_loss=7.5624 entropy=34.6764 kl=0.1806
[Iter 68/488] steps=139264 reward=116.51 pi_loss=-0.0764 vf_loss=12.5370 entropy=34.4074 kl=0.0991
[Iter 69/488] steps=141312 reward=80.93 pi_loss=-0.0706 vf_loss=8.3721 entropy=34.6981 kl=0.1570
  [Eval] mean_return=324.00 std_return=67.40
[Iter 70/488] steps=143360 reward=230.36 pi_loss=-0.0590 vf_loss=8.7893 entropy=34.9179 kl=0.1994
[Iter 71/488] steps=145408 reward=132.10 pi_loss=-0.0788 vf_loss=12.2521 entropy=34.5149 kl=0.1132
[Iter 72/488] steps=147456 reward=100.88 pi_loss=-0.0756 vf_loss=14.1860 entropy=34.5717 kl=0.1135
[Iter 73/488] steps=149504 reward=176.96 pi_loss=-0.0806 vf_loss=10.6926 entropy=34.5979 kl=0.1278
[Iter 74/488] steps=151552 reward=131.03 pi_loss=-0.0673 vf_loss=9.6231 entropy=34.8425 kl=0.1773
  [Eval] mean_return=329.92 std_return=93.55
[Iter 75/488] steps=153600 reward=273.54 pi_loss=-0.0773 vf_loss=10.0972 entropy=34.7012 kl=0.1539
[Iter 76/488] steps=155648 reward=130.30 pi_loss=-0.0803 vf_loss=12.6215 entropy=34.4120 kl=0.1255
[Iter 77/488] steps=157696 reward=-6.37 pi_loss=-0.0771 vf_loss=17.4570 entropy=34.5318 kl=0.1016
[Iter 78/488] steps=159744 reward=140.62 pi_loss=-0.0590 vf_loss=11.8459 entropy=34.8504 kl=0.1894
[Iter 79/488] steps=161792 reward=242.85 pi_loss=-0.0653 vf_loss=16.1415 entropy=34.7104 kl=0.1460
  [Eval] mean_return=343.33 std_return=100.49
[Iter 80/488] steps=163840 reward=38.35 pi_loss=-0.0675 vf_loss=10.3006 entropy=34.8414 kl=0.1920
[Iter 81/488] steps=165888 reward=115.62 pi_loss=-0.0493 vf_loss=9.3806 entropy=35.6373 kl=0.3686
[Iter 82/488] steps=167936 reward=162.27 pi_loss=-0.0747 vf_loss=10.3021 entropy=34.7870 kl=0.1647
[Iter 83/488] steps=169984 reward=149.95 pi_loss=-0.0845 vf_loss=13.8446 entropy=34.6384 kl=0.1261
[Iter 84/488] steps=172032 reward=212.30 pi_loss=-0.0776 vf_loss=12.3581 entropy=34.5814 kl=0.1397
  [Eval] mean_return=307.85 std_return=69.49
[Iter 85/488] steps=174080 reward=74.97 pi_loss=-0.0800 vf_loss=16.2726 entropy=34.5706 kl=0.1066
[Iter 86/488] steps=176128 reward=166.10 pi_loss=-0.0722 vf_loss=13.1714 entropy=34.5837 kl=0.1287
[Iter 87/488] steps=178176 reward=173.68 pi_loss=-0.0441 vf_loss=9.6857 entropy=35.4791 kl=0.3437
[Iter 88/488] steps=180224 reward=231.47 pi_loss=-0.0440 vf_loss=8.1389 entropy=35.8640 kl=0.4068
  [Eval] mean_return=376.52 std_return=33.88
[Iter 89/488] steps=182272 reward=160.06 pi_loss=-0.0791 vf_loss=13.1804 entropy=34.5586 kl=0.1224
[Iter 90/488] steps=184320 reward=244.58 pi_loss=-0.0700 vf_loss=9.3795 entropy=34.8058 kl=0.1535
[Iter 91/488] steps=186368 reward=222.99 pi_loss=-0.0568 vf_loss=7.7988 entropy=35.2008 kl=0.2330
[Iter 92/488] steps=188416 reward=231.91 pi_loss=-0.0721 vf_loss=8.9253 entropy=34.8462 kl=0.1623
[Iter 93/488] steps=190464 reward=193.65 pi_loss=-0.0787 vf_loss=11.9736 entropy=34.6139 kl=0.1201
  [Eval] mean_return=402.08 std_return=45.01
[Iter 94/488] steps=192512 reward=202.58 pi_loss=-0.0790 vf_loss=9.9126 entropy=34.6690 kl=0.1589
[Iter 95/488] steps=194560 reward=184.53 pi_loss=-0.0838 vf_loss=14.0104 entropy=34.6178 kl=0.1079
[Iter 96/488] steps=196608 reward=260.76 pi_loss=-0.0714 vf_loss=11.7742 entropy=34.6421 kl=0.1485
[Iter 97/488] steps=198656 reward=285.17 pi_loss=-0.0656 vf_loss=9.6778 entropy=34.9581 kl=0.2131
[Iter 98/488] steps=200704 reward=220.20 pi_loss=-0.0723 vf_loss=11.6493 entropy=34.7070 kl=0.1720
  [Eval] mean_return=380.41 std_return=90.09
[Iter 99/488] steps=202752 reward=226.68 pi_loss=-0.0819 vf_loss=18.8627 entropy=34.5658 kl=0.1329
[Iter 100/488] steps=204800 reward=188.99 pi_loss=-0.0782 vf_loss=11.7941 entropy=34.6324 kl=0.1602
[Iter 101/488] steps=206848 reward=139.39 pi_loss=-0.0810 vf_loss=12.2413 entropy=34.7575 kl=0.1567
[Iter 102/488] steps=208896 reward=233.56 pi_loss=-0.0793 vf_loss=13.1371 entropy=34.4998 kl=0.1462
[Iter 103/488] steps=210944 reward=179.35 pi_loss=-0.0755 vf_loss=12.8987 entropy=34.7081 kl=0.1523
  [Eval] mean_return=469.77 std_return=34.10
[Iter 104/488] steps=212992 reward=172.25 pi_loss=-0.0737 vf_loss=10.2107 entropy=34.7409 kl=0.1759
[Iter 105/488] steps=215040 reward=201.92 pi_loss=-0.0788 vf_loss=11.1708 entropy=34.6945 kl=0.1589
[Iter 106/488] steps=217088 reward=268.05 pi_loss=-0.0632 vf_loss=9.4667 entropy=34.9888 kl=0.2232
[Iter 107/488] steps=219136 reward=273.10 pi_loss=-0.0744 vf_loss=10.7693 entropy=34.7667 kl=0.1733
[Iter 108/488] steps=221184 reward=250.98 pi_loss=-0.0649 vf_loss=9.3175 entropy=34.9329 kl=0.2355
  [Eval] mean_return=439.95 std_return=74.72
[Iter 109/488] steps=223232 reward=282.56 pi_loss=-0.0666 vf_loss=10.2609 entropy=35.0272 kl=0.2093
[Iter 110/488] steps=225280 reward=167.26 pi_loss=-0.0731 vf_loss=13.6299 entropy=34.4165 kl=0.1118
[Iter 111/488] steps=227328 reward=259.69 pi_loss=-0.0653 vf_loss=10.1512 entropy=34.9003 kl=0.1999
[Iter 112/488] steps=229376 reward=228.72 pi_loss=-0.0832 vf_loss=14.1368 entropy=34.6559 kl=0.1449
[Iter 113/488] steps=231424 reward=219.61 pi_loss=-0.0713 vf_loss=11.4134 entropy=34.6912 kl=0.1722
  [Eval] mean_return=461.60 std_return=80.69
[Iter 114/488] steps=233472 reward=119.77 pi_loss=-0.0806 vf_loss=13.6407 entropy=34.6644 kl=0.1461
[Iter 115/488] steps=235520 reward=293.56 pi_loss=-0.0700 vf_loss=13.6714 entropy=34.5032 kl=0.1503
[Iter 116/488] steps=237568 reward=353.48 pi_loss=-0.0650 vf_loss=12.1244 entropy=34.9792 kl=0.2162
[Iter 117/488] steps=239616 reward=237.95 pi_loss=-0.0675 vf_loss=11.1337 entropy=34.9407 kl=0.2108
[Iter 118/488] steps=241664 reward=213.10 pi_loss=-0.0753 vf_loss=14.3109 entropy=34.8319 kl=0.1516
  [Eval] mean_return=492.95 std_return=94.98
[Iter 119/488] steps=243712 reward=304.26 pi_loss=-0.0721 vf_loss=15.7021 entropy=34.5402 kl=0.1300
[Iter 120/488] steps=245760 reward=268.43 pi_loss=-0.0701 vf_loss=11.2844 entropy=34.7698 kl=0.1828
[Iter 121/488] steps=247808 reward=272.69 pi_loss=-0.0560 vf_loss=10.2927 entropy=34.8262 kl=0.2277
[Iter 122/488] steps=249856 reward=295.26 pi_loss=-0.0818 vf_loss=13.1818 entropy=34.6196 kl=0.1476
[Iter 123/488] steps=251904 reward=255.41 pi_loss=-0.0747 vf_loss=15.0712 entropy=34.6206 kl=0.1377
  [Eval] mean_return=478.08 std_return=114.58
[Iter 124/488] steps=253952 reward=227.25 pi_loss=-0.0800 vf_loss=18.2209 entropy=34.6084 kl=0.1225
[Iter 125/488] steps=256000 reward=277.57 pi_loss=-0.0793 vf_loss=17.0840 entropy=34.5557 kl=0.1314
[Iter 126/488] steps=258048 reward=242.93 pi_loss=-0.0789 vf_loss=17.1412 entropy=34.4567 kl=0.1353
[Iter 127/488] steps=260096 reward=277.37 pi_loss=-0.0675 vf_loss=13.0987 entropy=34.7430 kl=0.1783
  [Eval] mean_return=473.11 std_return=74.82
[Iter 128/488] steps=262144 reward=232.34 pi_loss=-0.0859 vf_loss=15.6206 entropy=34.5544 kl=0.1410
[Iter 129/488] steps=264192 reward=169.66 pi_loss=-0.0755 vf_loss=14.2088 entropy=34.8641 kl=0.1868
[Iter 130/488] steps=266240 reward=272.04 pi_loss=-0.0769 vf_loss=10.9689 entropy=35.0068 kl=0.2125
[Iter 131/488] steps=268288 reward=274.02 pi_loss=-0.0794 vf_loss=15.0800 entropy=34.5714 kl=0.1372
[Iter 132/488] steps=270336 reward=311.65 pi_loss=-0.0721 vf_loss=11.8660 entropy=34.9220 kl=0.2108
  [Eval] mean_return=483.96 std_return=99.31
[Iter 133/488] steps=272384 reward=324.85 pi_loss=-0.0727 vf_loss=13.5681 entropy=34.6930 kl=0.1718
[Iter 134/488] steps=274432 reward=331.68 pi_loss=-0.0758 vf_loss=14.0385 entropy=34.7282 kl=0.1778
[Iter 135/488] steps=276480 reward=376.48 pi_loss=-0.0665 vf_loss=14.3677 entropy=34.8193 kl=0.1818
[Iter 136/488] steps=278528 reward=319.18 pi_loss=-0.0827 vf_loss=16.9845 entropy=34.8085 kl=0.1488
[Iter 137/488] steps=280576 reward=326.19 pi_loss=-0.0702 vf_loss=14.1803 entropy=34.6880 kl=0.1714
  [Eval] mean_return=498.76 std_return=47.01
[Iter 138/488] steps=282624 reward=269.07 pi_loss=-0.0629 vf_loss=14.6299 entropy=34.5041 kl=0.1409
[Iter 139/488] steps=284672 reward=283.53 pi_loss=-0.0828 vf_loss=17.1279 entropy=34.6900 kl=0.1426
[Iter 140/488] steps=286720 reward=269.06 pi_loss=-0.0667 vf_loss=14.1806 entropy=34.7029 kl=0.1634
[Iter 141/488] steps=288768 reward=403.06 pi_loss=-0.0693 vf_loss=17.0034 entropy=34.5735 kl=0.1431
[Iter 142/488] steps=290816 reward=353.24 pi_loss=-0.0656 vf_loss=16.3646 entropy=34.7547 kl=0.1547
  [Eval] mean_return=532.28 std_return=39.28
[Iter 143/488] steps=292864 reward=374.67 pi_loss=-0.0611 vf_loss=12.8169 entropy=34.6785 kl=0.1850
[Iter 144/488] steps=294912 reward=435.48 pi_loss=-0.0140 vf_loss=13.4499 entropy=38.2184 kl=0.9432
[Iter 145/488] steps=296960 reward=350.07 pi_loss=-0.0673 vf_loss=13.8034 entropy=34.7599 kl=0.2059
[Iter 146/488] steps=299008 reward=313.32 pi_loss=-0.0526 vf_loss=20.0284 entropy=35.5946 kl=0.3480
[Iter 147/488] steps=301056 reward=376.36 pi_loss=-0.0079 vf_loss=12.6021 entropy=42.6438 kl=1.5177
  [Eval] mean_return=456.78 std_return=58.27
[Iter 148/488] steps=303104 reward=385.27 pi_loss=-0.0706 vf_loss=15.8437 entropy=34.5798 kl=0.1579
[Iter 149/488] steps=305152 reward=299.34 pi_loss=-0.0764 vf_loss=14.0183 entropy=34.5967 kl=0.1440
[Iter 150/488] steps=307200 reward=340.37 pi_loss=-0.0670 vf_loss=16.3270 entropy=34.6331 kl=0.1482
[Iter 151/488] steps=309248 reward=391.39 pi_loss=-0.0638 vf_loss=17.2178 entropy=34.8707 kl=0.1830
[Iter 152/488] steps=311296 reward=385.09 pi_loss=-0.0533 vf_loss=13.0467 entropy=34.7689 kl=0.1747
  [Eval] mean_return=367.32 std_return=122.14
[Iter 153/488] steps=313344 reward=385.50 pi_loss=-0.0652 vf_loss=16.8165 entropy=34.6754 kl=0.1655
[Iter 154/488] steps=315392 reward=376.90 pi_loss=-0.0560 vf_loss=22.2603 entropy=34.9727 kl=0.2283
[Iter 155/488] steps=317440 reward=269.87 pi_loss=-0.0355 vf_loss=13.0765 entropy=35.8789 kl=0.4406
[Iter 156/488] steps=319488 reward=389.63 pi_loss=-0.0517 vf_loss=15.3759 entropy=34.9243 kl=0.1942
[Iter 157/488] steps=321536 reward=255.37 pi_loss=-0.0790 vf_loss=20.5550 entropy=34.5672 kl=0.1158
  [Eval] mean_return=459.82 std_return=67.03
[Iter 158/488] steps=323584 reward=261.67 pi_loss=-0.0793 vf_loss=17.3566 entropy=34.5994 kl=0.1324
[Iter 159/488] steps=325632 reward=342.03 pi_loss=-0.0544 vf_loss=14.5735 entropy=35.1701 kl=0.2865
[Iter 160/488] steps=327680 reward=352.75 pi_loss=-0.0569 vf_loss=19.4409 entropy=34.7109 kl=0.1447
[Iter 161/488] steps=329728 reward=410.55 pi_loss=-0.0479 vf_loss=13.9657 entropy=34.8267 kl=0.2210
[Iter 162/488] steps=331776 reward=512.71 pi_loss=-0.0760 vf_loss=16.2071 entropy=34.6931 kl=0.1646
  [Eval] mean_return=473.04 std_return=50.26
[Iter 163/488] steps=333824 reward=360.96 pi_loss=-0.0578 vf_loss=13.3204 entropy=34.6709 kl=0.1487
[Iter 164/488] steps=335872 reward=418.58 pi_loss=-0.0599 vf_loss=15.3179 entropy=34.7561 kl=0.1849
[Iter 165/488] steps=337920 reward=309.82 pi_loss=-0.0614 vf_loss=15.9035 entropy=34.6259 kl=0.1478
[Iter 166/488] steps=339968 reward=380.66 pi_loss=-0.0450 vf_loss=12.0506 entropy=35.1538 kl=0.3014
[Iter 167/488] steps=342016 reward=403.97 pi_loss=-0.0619 vf_loss=16.5607 entropy=34.8082 kl=0.1572
  [Eval] mean_return=487.59 std_return=49.10
[Iter 168/488] steps=344064 reward=363.39 pi_loss=-0.0614 vf_loss=14.0345 entropy=34.8686 kl=0.1714
[Iter 169/488] steps=346112 reward=452.76 pi_loss=-0.0064 vf_loss=11.3959 entropy=36.2150 kl=0.5652
[Iter 170/488] steps=348160 reward=457.88 pi_loss=-0.0707 vf_loss=13.3216 entropy=34.5918 kl=0.1554
[Iter 171/488] steps=350208 reward=374.27 pi_loss=-0.0361 vf_loss=11.2951 entropy=38.8922 kl=0.9899
  [Eval] mean_return=465.91 std_return=63.94
[Iter 172/488] steps=352256 reward=381.84 pi_loss=-0.0522 vf_loss=13.5304 entropy=35.5478 kl=0.3219
[Iter 173/488] steps=354304 reward=366.46 pi_loss=-0.0629 vf_loss=14.2950 entropy=34.8317 kl=0.1920
[Iter 174/488] steps=356352 reward=378.44 pi_loss=-0.0712 vf_loss=12.7476 entropy=34.7123 kl=0.1611
[Iter 175/488] steps=358400 reward=429.37 pi_loss=-0.0556 vf_loss=11.7918 entropy=34.7547 kl=0.1645
[Iter 176/488] steps=360448 reward=406.27 pi_loss=-0.0667 vf_loss=13.4406 entropy=34.7161 kl=0.1566
  [Eval] mean_return=471.92 std_return=32.23
[Iter 177/488] steps=362496 reward=237.32 pi_loss=-0.0929 vf_loss=18.5773 entropy=34.6586 kl=0.1285
[Iter 178/488] steps=364544 reward=392.12 pi_loss=-0.0484 vf_loss=15.8722 entropy=37.8662 kl=0.6528
[Iter 179/488] steps=366592 reward=325.93 pi_loss=-0.0390 vf_loss=13.1508 entropy=35.0385 kl=0.2399
[Iter 180/488] steps=368640 reward=405.55 pi_loss=-0.0684 vf_loss=14.3137 entropy=34.3839 kl=0.1337
[Iter 181/488] steps=370688 reward=372.38 pi_loss=-0.0689 vf_loss=16.9101 entropy=34.4240 kl=0.1147
  [Eval] mean_return=409.36 std_return=164.90
[Iter 182/488] steps=372736 reward=421.52 pi_loss=-0.0532 vf_loss=12.6664 entropy=34.7377 kl=0.1864
[Iter 183/488] steps=374784 reward=374.32 pi_loss=-0.0750 vf_loss=17.8839 entropy=34.4303 kl=0.1216
[Iter 184/488] steps=376832 reward=348.30 pi_loss=-0.0528 vf_loss=12.4299 entropy=34.8433 kl=0.1795
[Iter 185/488] steps=378880 reward=361.06 pi_loss=-0.0775 vf_loss=13.0547 entropy=34.8568 kl=0.1712
[Iter 186/488] steps=380928 reward=307.13 pi_loss=-0.0656 vf_loss=12.6219 entropy=34.8143 kl=0.1843
  [Eval] mean_return=434.62 std_return=113.17
[Iter 187/488] steps=382976 reward=337.97 pi_loss=-0.0656 vf_loss=12.5525 entropy=34.7519 kl=0.1846
[Iter 188/488] steps=385024 reward=353.23 pi_loss=-0.0762 vf_loss=17.0116 entropy=34.3249 kl=0.1200
[Iter 189/488] steps=387072 reward=359.21 pi_loss=-0.0738 vf_loss=11.7699 entropy=34.7806 kl=0.1717
[Iter 190/488] steps=389120 reward=329.30 pi_loss=-0.0645 vf_loss=12.7386 entropy=34.6460 kl=0.1714
[Iter 191/488] steps=391168 reward=368.01 pi_loss=-0.0457 vf_loss=11.3381 entropy=35.3619 kl=0.3067
  [Eval] mean_return=471.99 std_return=51.32
[Iter 192/488] steps=393216 reward=257.42 pi_loss=-0.0860 vf_loss=17.8747 entropy=34.8903 kl=0.1689
[Iter 193/488] steps=395264 reward=237.70 pi_loss=-0.0804 vf_loss=14.9943 entropy=34.3240 kl=0.1089
[Iter 194/488] steps=397312 reward=355.06 pi_loss=-0.0829 vf_loss=16.5177 entropy=34.5127 kl=0.1103
[Iter 195/488] steps=399360 reward=248.45 pi_loss=-0.0691 vf_loss=13.2423 entropy=34.6657 kl=0.1472
[Iter 196/488] steps=401408 reward=410.88 pi_loss=-0.0665 vf_loss=14.3093 entropy=34.8124 kl=0.1897
  [Eval] mean_return=445.61 std_return=87.84
[Iter 197/488] steps=403456 reward=344.04 pi_loss=-0.0753 vf_loss=13.3324 entropy=34.5102 kl=0.1448
[Iter 198/488] steps=405504 reward=317.47 pi_loss=-0.0652 vf_loss=12.0797 entropy=34.6607 kl=0.1356
[Iter 199/488] steps=407552 reward=329.48 pi_loss=-0.0666 vf_loss=13.7948 entropy=34.7880 kl=0.1815
[Iter 200/488] steps=409600 reward=398.92 pi_loss=-0.0605 vf_loss=10.5715 entropy=34.8301 kl=0.1799
[Iter 201/488] steps=411648 reward=414.02 pi_loss=-0.0554 vf_loss=12.5257 entropy=34.6755 kl=0.1683
  [Eval] mean_return=448.70 std_return=84.70
[Iter 202/488] steps=413696 reward=408.26 pi_loss=-0.0567 vf_loss=15.0129 entropy=34.8134 kl=0.1786
[Iter 203/488] steps=415744 reward=310.14 pi_loss=-0.0560 vf_loss=11.1589 entropy=34.5139 kl=0.1669
[Iter 204/488] steps=417792 reward=422.53 pi_loss=-0.0765 vf_loss=13.2766 entropy=34.5479 kl=0.1180
[Iter 205/488] steps=419840 reward=306.75 pi_loss=-0.0665 vf_loss=14.6043 entropy=34.6491 kl=0.1317
[Iter 206/488] steps=421888 reward=428.64 pi_loss=-0.0623 vf_loss=11.9864 entropy=34.6767 kl=0.1532
  [Eval] mean_return=411.62 std_return=134.22
[Iter 207/488] steps=423936 reward=459.33 pi_loss=-0.0763 vf_loss=18.4627 entropy=34.4420 kl=0.1007
[Iter 208/488] steps=425984 reward=279.05 pi_loss=-0.0860 vf_loss=28.8053 entropy=34.4415 kl=0.1072
[Iter 209/488] steps=428032 reward=183.66 pi_loss=-0.0807 vf_loss=19.2410 entropy=34.5116 kl=0.1099
[Iter 210/488] steps=430080 reward=363.37 pi_loss=-0.0787 vf_loss=23.0847 entropy=34.4246 kl=0.0920
  [Eval] mean_return=454.16 std_return=58.67
[Iter 211/488] steps=432128 reward=256.31 pi_loss=-0.0817 vf_loss=14.3057 entropy=34.5350 kl=0.1350
[Iter 212/488] steps=434176 reward=413.18 pi_loss=-0.0632 vf_loss=17.6635 entropy=34.5175 kl=0.1364
[Iter 213/488] steps=436224 reward=345.76 pi_loss=-0.0638 vf_loss=15.8749 entropy=34.5551 kl=0.1359
[Iter 214/488] steps=438272 reward=280.83 pi_loss=-0.0754 vf_loss=18.7786 entropy=34.5659 kl=0.1295
[Iter 215/488] steps=440320 reward=488.28 pi_loss=-0.0473 vf_loss=12.7471 entropy=34.7705 kl=0.1735
  [Eval] mean_return=449.85 std_return=51.00
[Iter 216/488] steps=442368 reward=379.96 pi_loss=-0.0660 vf_loss=14.1334 entropy=34.5354 kl=0.1448
[Iter 217/488] steps=444416 reward=408.47 pi_loss=-0.0504 vf_loss=11.5651 entropy=34.7025 kl=0.1697
[Iter 218/488] steps=446464 reward=377.56 pi_loss=-0.0508 vf_loss=13.3599 entropy=34.7665 kl=0.1835
[Iter 219/488] steps=448512 reward=258.70 pi_loss=-0.0794 vf_loss=18.1857 entropy=34.4532 kl=0.0984
[Iter 220/488] steps=450560 reward=420.93 pi_loss=-0.0540 vf_loss=13.1247 entropy=34.6342 kl=0.1598
  [Eval] mean_return=514.07 std_return=35.86
[Iter 221/488] steps=452608 reward=485.03 pi_loss=-0.0666 vf_loss=20.2268 entropy=34.2958 kl=0.0947
[Iter 222/488] steps=454656 reward=240.16 pi_loss=-0.0841 vf_loss=20.9636 entropy=34.6311 kl=0.1356
[Iter 223/488] steps=456704 reward=412.18 pi_loss=-0.0707 vf_loss=12.9864 entropy=34.4994 kl=0.1245
[Iter 224/488] steps=458752 reward=387.23 pi_loss=-0.0423 vf_loss=13.3595 entropy=35.3147 kl=0.3154
[Iter 225/488] steps=460800 reward=408.91 pi_loss=-0.0646 vf_loss=18.8725 entropy=34.7061 kl=0.1584
  [Eval] mean_return=420.66 std_return=68.49
[Iter 226/488] steps=462848 reward=430.83 pi_loss=-0.0601 vf_loss=24.3439 entropy=34.4559 kl=0.1127
[Iter 227/488] steps=464896 reward=482.40 pi_loss=-0.0626 vf_loss=16.0042 entropy=34.5426 kl=0.1346
[Iter 228/488] steps=466944 reward=277.60 pi_loss=-0.0740 vf_loss=19.0860 entropy=34.4192 kl=0.1132
[Iter 229/488] steps=468992 reward=361.85 pi_loss=-0.0609 vf_loss=18.6293 entropy=34.6341 kl=0.1261
[Iter 230/488] steps=471040 reward=452.52 pi_loss=-0.0637 vf_loss=22.7653 entropy=34.4928 kl=0.1319
  [Eval] mean_return=475.48 std_return=49.04
[Iter 231/488] steps=473088 reward=405.65 pi_loss=-0.0629 vf_loss=22.9653 entropy=34.7572 kl=0.1687
[Iter 232/488] steps=475136 reward=498.24 pi_loss=-0.0426 vf_loss=10.7818 entropy=34.4683 kl=0.1479
[Iter 233/488] steps=477184 reward=462.30 pi_loss=-0.0474 vf_loss=14.4238 entropy=34.5439 kl=0.1439
[Iter 234/488] steps=479232 reward=408.22 pi_loss=-0.0505 vf_loss=17.7694 entropy=34.8225 kl=0.1785
[Iter 235/488] steps=481280 reward=557.23 pi_loss=-0.0348 vf_loss=17.0992 entropy=35.9952 kl=0.4440
  [Eval] mean_return=479.56 std_return=66.14
[Iter 236/488] steps=483328 reward=384.20 pi_loss=-0.0676 vf_loss=19.0625 entropy=34.6491 kl=0.1475
[Iter 237/488] steps=485376 reward=388.03 pi_loss=-0.0352 vf_loss=13.0616 entropy=34.6947 kl=0.1874
[Iter 238/488] steps=487424 reward=385.97 pi_loss=-0.0629 vf_loss=17.4986 entropy=34.7161 kl=0.1466
[Iter 239/488] steps=489472 reward=522.32 pi_loss=-0.0645 vf_loss=15.5485 entropy=34.5662 kl=0.1217
[Iter 240/488] steps=491520 reward=429.28 pi_loss=-0.0701 vf_loss=20.3105 entropy=34.4680 kl=0.1092
  [Eval] mean_return=517.86 std_return=44.16
[Iter 241/488] steps=493568 reward=443.33 pi_loss=-0.0499 vf_loss=20.2733 entropy=34.5569 kl=0.1584
[Iter 242/488] steps=495616 reward=432.67 pi_loss=-0.0542 vf_loss=17.4427 entropy=34.4782 kl=0.1223
[Iter 243/488] steps=497664 reward=477.12 pi_loss=-0.0587 vf_loss=16.2705 entropy=34.5730 kl=0.1387
[Iter 244/488] steps=499712 reward=283.47 pi_loss=-0.0797 vf_loss=27.3496 entropy=34.5777 kl=0.1050
[Iter 245/488] steps=501760 reward=496.75 pi_loss=-0.0634 vf_loss=22.9466 entropy=34.5519 kl=0.1242
  [Eval] mean_return=482.42 std_return=121.90
[Iter 246/488] steps=503808 reward=419.68 pi_loss=-0.0540 vf_loss=14.8380 entropy=34.6748 kl=0.1741
[Iter 247/488] steps=505856 reward=447.81 pi_loss=-0.0590 vf_loss=20.5492 entropy=34.4824 kl=0.1150
[Iter 248/488] steps=507904 reward=322.84 pi_loss=-0.0710 vf_loss=24.8589 entropy=34.5732 kl=0.1240
[Iter 249/488] steps=509952 reward=517.18 pi_loss=-0.0477 vf_loss=18.0535 entropy=34.6908 kl=0.1429
[Iter 250/488] steps=512000 reward=453.80 pi_loss=-0.0541 vf_loss=19.8079 entropy=34.6423 kl=0.1457
  [Eval] mean_return=534.76 std_return=66.15
[Iter 251/488] steps=514048 reward=477.49 pi_loss=-0.0571 vf_loss=15.0236 entropy=34.8338 kl=0.1893
[Iter 252/488] steps=516096 reward=369.32 pi_loss=-0.0720 vf_loss=21.0938 entropy=34.5737 kl=0.1228
[Iter 253/488] steps=518144 reward=519.06 pi_loss=-0.0508 vf_loss=16.1751 entropy=34.5465 kl=0.1303
[Iter 254/488] steps=520192 reward=471.54 pi_loss=-0.0509 vf_loss=16.5716 entropy=34.6388 kl=0.1443
  [Eval] mean_return=539.59 std_return=83.01
[Iter 255/488] steps=522240 reward=534.79 pi_loss=-0.0731 vf_loss=28.2020 entropy=34.3852 kl=0.0779
[Iter 256/488] steps=524288 reward=359.75 pi_loss=-0.0594 vf_loss=21.1442 entropy=34.3128 kl=0.0913
[Iter 257/488] steps=526336 reward=421.01 pi_loss=-0.0653 vf_loss=25.0432 entropy=34.4501 kl=0.0974
[Iter 258/488] steps=528384 reward=477.50 pi_loss=-0.0671 vf_loss=20.5242 entropy=34.3610 kl=0.1099
[Iter 259/488] steps=530432 reward=410.26 pi_loss=-0.0657 vf_loss=22.9322 entropy=34.4799 kl=0.1033
  [Eval] mean_return=504.02 std_return=102.31
[Iter 260/488] steps=532480 reward=557.65 pi_loss=-0.0568 vf_loss=21.6401 entropy=34.6631 kl=0.1292
[Iter 261/488] steps=534528 reward=430.53 pi_loss=-0.0695 vf_loss=25.7909 entropy=34.4733 kl=0.0994
[Iter 262/488] steps=536576 reward=499.16 pi_loss=-0.0093 vf_loss=16.4381 entropy=38.2513 kl=0.9497
[Iter 263/488] steps=538624 reward=514.68 pi_loss=-0.0703 vf_loss=22.7399 entropy=34.4092 kl=0.0941
[Iter 264/488] steps=540672 reward=511.72 pi_loss=-0.0554 vf_loss=17.2831 entropy=34.4836 kl=0.1147
  [Eval] mean_return=530.42 std_return=102.08
[Iter 265/488] steps=542720 reward=389.50 pi_loss=-0.0694 vf_loss=21.1194 entropy=34.4213 kl=0.0951
[Iter 266/488] steps=544768 reward=536.38 pi_loss=-0.0603 vf_loss=22.1977 entropy=34.3352 kl=0.0905
[Iter 267/488] steps=546816 reward=397.82 pi_loss=-0.0582 vf_loss=23.0176 entropy=34.5046 kl=0.1046
[Iter 268/488] steps=548864 reward=517.71 pi_loss=-0.0556 vf_loss=18.2939 entropy=34.5280 kl=0.1444
[Iter 269/488] steps=550912 reward=498.47 pi_loss=-0.0517 vf_loss=18.8800 entropy=34.6530 kl=0.1405
  [Eval] mean_return=521.48 std_return=69.79
[Iter 270/488] steps=552960 reward=454.77 pi_loss=-0.0549 vf_loss=17.1657 entropy=34.5522 kl=0.1388
[Iter 271/488] steps=555008 reward=400.94 pi_loss=-0.0655 vf_loss=36.9116 entropy=34.3087 kl=0.0875
[Iter 272/488] steps=557056 reward=506.32 pi_loss=-0.0567 vf_loss=20.7878 entropy=34.4496 kl=0.0902
[Iter 273/488] steps=559104 reward=481.54 pi_loss=-0.0624 vf_loss=22.1696 entropy=34.4582 kl=0.1102
[Iter 274/488] steps=561152 reward=466.88 pi_loss=-0.0608 vf_loss=18.2577 entropy=34.5708 kl=0.1632
  [Eval] mean_return=527.89 std_return=74.83
[Iter 275/488] steps=563200 reward=420.06 pi_loss=-0.0633 vf_loss=21.0303 entropy=34.4109 kl=0.0860
[Iter 276/488] steps=565248 reward=488.15 pi_loss=-0.0539 vf_loss=17.1329 entropy=34.3100 kl=0.1120
[Iter 277/488] steps=567296 reward=514.77 pi_loss=-0.0486 vf_loss=16.6277 entropy=34.4366 kl=0.1331
[Iter 278/488] steps=569344 reward=501.95 pi_loss=-0.0662 vf_loss=26.6965 entropy=34.5734 kl=0.1020
[Iter 279/488] steps=571392 reward=426.17 pi_loss=-0.0452 vf_loss=18.4452 entropy=34.4735 kl=0.1191
  [Eval] mean_return=433.74 std_return=217.82
[Iter 280/488] steps=573440 reward=433.87 pi_loss=-0.0734 vf_loss=28.0724 entropy=34.3554 kl=0.0833
[Iter 281/488] steps=575488 reward=369.56 pi_loss=-0.0671 vf_loss=22.1719 entropy=34.5004 kl=0.0967
[Iter 282/488] steps=577536 reward=487.03 pi_loss=-0.0575 vf_loss=18.7051 entropy=34.4078 kl=0.1290
[Iter 283/488] steps=579584 reward=411.57 pi_loss=-0.0709 vf_loss=30.3841 entropy=34.3965 kl=0.0981
[Iter 284/488] steps=581632 reward=501.09 pi_loss=-0.0581 vf_loss=18.4957 entropy=34.4555 kl=0.1230
  [Eval] mean_return=514.67 std_return=86.41
[Iter 285/488] steps=583680 reward=494.36 pi_loss=-0.0513 vf_loss=17.9872 entropy=34.6811 kl=0.1398
[Iter 286/488] steps=585728 reward=413.64 pi_loss=-0.0764 vf_loss=38.5509 entropy=34.5038 kl=0.0862
[Iter 287/488] steps=587776 reward=326.35 pi_loss=-0.0526 vf_loss=20.0370 entropy=34.6410 kl=0.1335
[Iter 288/488] steps=589824 reward=460.96 pi_loss=-0.0525 vf_loss=17.8173 entropy=34.3290 kl=0.1150
[Iter 289/488] steps=591872 reward=458.22 pi_loss=-0.0648 vf_loss=28.2151 entropy=34.2069 kl=0.0717
  [Eval] mean_return=534.64 std_return=69.65
[Iter 290/488] steps=593920 reward=424.91 pi_loss=-0.0670 vf_loss=23.6442 entropy=34.3547 kl=0.1020
[Iter 291/488] steps=595968 reward=514.95 pi_loss=-0.0471 vf_loss=17.3110 entropy=34.6433 kl=0.1598
[Iter 292/488] steps=598016 reward=517.65 pi_loss=-0.0615 vf_loss=22.3330 entropy=34.4167 kl=0.1035
[Iter 293/488] steps=600064 reward=418.38 pi_loss=-0.0730 vf_loss=25.1557 entropy=34.4623 kl=0.1072
  [Eval] mean_return=536.30 std_return=79.37
[Iter 294/488] steps=602112 reward=407.79 pi_loss=-0.0689 vf_loss=22.8957 entropy=34.4956 kl=0.0923
[Iter 295/488] steps=604160 reward=483.95 pi_loss=-0.0523 vf_loss=16.8799 entropy=34.4872 kl=0.1157
[Iter 296/488] steps=606208 reward=519.04 pi_loss=-0.0512 vf_loss=16.4176 entropy=34.5301 kl=0.1260
[Iter 297/488] steps=608256 reward=520.34 pi_loss=-0.0502 vf_loss=15.2102 entropy=34.5696 kl=0.1133
[Iter 298/488] steps=610304 reward=518.01 pi_loss=-0.0715 vf_loss=25.0278 entropy=34.5596 kl=0.1091
  [Eval] mean_return=484.33 std_return=112.70
[Iter 299/488] steps=612352 reward=401.66 pi_loss=-0.0443 vf_loss=15.5679 entropy=34.5415 kl=0.1507
[Iter 300/488] steps=614400 reward=475.26 pi_loss=-0.0528 vf_loss=17.7431 entropy=34.4090 kl=0.0991
[Iter 301/488] steps=616448 reward=543.02 pi_loss=-0.0461 vf_loss=15.3625 entropy=34.4539 kl=0.1340
[Iter 302/488] steps=618496 reward=527.81 pi_loss=-0.0466 vf_loss=15.0916 entropy=34.5407 kl=0.0924
[Iter 303/488] steps=620544 reward=572.25 pi_loss=-0.0599 vf_loss=15.5395 entropy=34.5262 kl=0.1150
  [Eval] mean_return=435.47 std_return=104.34
[Iter 304/488] steps=622592 reward=502.74 pi_loss=-0.0608 vf_loss=18.0497 entropy=34.4002 kl=0.0911
[Iter 305/488] steps=624640 reward=494.02 pi_loss=-0.0803 vf_loss=30.9682 entropy=34.4595 kl=0.0773
[Iter 306/488] steps=626688 reward=285.03 pi_loss=-0.0720 vf_loss=13.9056 entropy=34.4489 kl=0.0979
[Iter 307/488] steps=628736 reward=503.51 pi_loss=-0.0554 vf_loss=17.0892 entropy=34.3704 kl=0.0880
[Iter 308/488] steps=630784 reward=483.16 pi_loss=-0.0814 vf_loss=26.7323 entropy=34.5055 kl=0.0750
  [Eval] mean_return=515.22 std_return=110.65
[Iter 309/488] steps=632832 reward=187.86 pi_loss=-0.0695 vf_loss=23.9963 entropy=34.3671 kl=0.0690
[Iter 310/488] steps=634880 reward=494.60 pi_loss=-0.0590 vf_loss=17.2567 entropy=34.2845 kl=0.1004
[Iter 311/488] steps=636928 reward=478.30 pi_loss=-0.0586 vf_loss=16.7666 entropy=34.4550 kl=0.1119
[Iter 312/488] steps=638976 reward=489.70 pi_loss=-0.0514 vf_loss=17.2147 entropy=34.4062 kl=0.1000
[Iter 313/488] steps=641024 reward=509.62 pi_loss=-0.0572 vf_loss=20.3536 entropy=34.3283 kl=0.0866
  [Eval] mean_return=505.98 std_return=49.63
[Iter 314/488] steps=643072 reward=509.10 pi_loss=-0.0574 vf_loss=16.8430 entropy=34.3859 kl=0.1025
[Iter 315/488] steps=645120 reward=363.55 pi_loss=-0.0690 vf_loss=22.2507 entropy=34.3493 kl=0.0689
[Iter 316/488] steps=647168 reward=244.02 pi_loss=-0.0802 vf_loss=26.3011 entropy=34.5414 kl=0.1096
[Iter 317/488] steps=649216 reward=392.48 pi_loss=-0.0688 vf_loss=18.9630 entropy=34.5221 kl=0.0903
[Iter 318/488] steps=651264 reward=343.89 pi_loss=-0.0735 vf_loss=27.6728 entropy=34.5359 kl=0.0870
  [Eval] mean_return=505.88 std_return=61.49
[Iter 319/488] steps=653312 reward=94.36 pi_loss=-0.0854 vf_loss=35.7995 entropy=34.4151 kl=0.0916
[Iter 320/488] steps=655360 reward=451.07 pi_loss=-0.0604 vf_loss=25.1853 entropy=34.4156 kl=0.0969
[Iter 321/488] steps=657408 reward=511.26 pi_loss=-0.0585 vf_loss=17.6671 entropy=34.5958 kl=0.1002
[Iter 322/488] steps=659456 reward=415.00 pi_loss=-0.0646 vf_loss=27.4944 entropy=34.4439 kl=0.0915
[Iter 323/488] steps=661504 reward=453.22 pi_loss=-0.0550 vf_loss=17.8973 entropy=34.3356 kl=0.1082
  [Eval] mean_return=503.96 std_return=71.65
[Iter 324/488] steps=663552 reward=528.81 pi_loss=-0.0595 vf_loss=21.7824 entropy=34.4389 kl=0.0912
[Iter 325/488] steps=665600 reward=492.43 pi_loss=-0.0535 vf_loss=16.0557 entropy=34.4510 kl=0.1149
[Iter 326/488] steps=667648 reward=352.80 pi_loss=-0.0721 vf_loss=31.8559 entropy=34.3989 kl=0.0701
[Iter 327/488] steps=669696 reward=302.67 pi_loss=-0.0729 vf_loss=24.0886 entropy=34.5567 kl=0.1050
[Iter 328/488] steps=671744 reward=481.84 pi_loss=-0.0609 vf_loss=22.9588 entropy=34.4845 kl=0.0749
  [Eval] mean_return=499.68 std_return=114.76
[Iter 329/488] steps=673792 reward=387.05 pi_loss=-0.0607 vf_loss=19.2799 entropy=34.4495 kl=0.1081
[Iter 330/488] steps=675840 reward=450.68 pi_loss=-0.0520 vf_loss=18.0401 entropy=34.4285 kl=0.1101
[Iter 331/488] steps=677888 reward=535.28 pi_loss=-0.0608 vf_loss=21.3702 entropy=34.4285 kl=0.1097
[Iter 332/488] steps=679936 reward=348.84 pi_loss=-0.0655 vf_loss=21.4097 entropy=34.5716 kl=0.0821
[Iter 333/488] steps=681984 reward=514.81 pi_loss=-0.0550 vf_loss=21.8641 entropy=34.3276 kl=0.1040
  [Eval] mean_return=362.10 std_return=282.13
[Iter 334/488] steps=684032 reward=549.32 pi_loss=-0.0465 vf_loss=21.6561 entropy=34.3861 kl=0.0974
[Iter 335/488] steps=686080 reward=517.05 pi_loss=-0.0575 vf_loss=17.1081 entropy=34.3868 kl=0.1031
[Iter 336/488] steps=688128 reward=397.28 pi_loss=-0.0676 vf_loss=20.4785 entropy=34.2887 kl=0.0859
[Iter 337/488] steps=690176 reward=472.81 pi_loss=-0.0670 vf_loss=22.1979 entropy=34.3586 kl=0.0868
  [Eval] mean_return=486.20 std_return=137.94
[Iter 338/488] steps=692224 reward=393.57 pi_loss=-0.0590 vf_loss=14.3779 entropy=34.4613 kl=0.1143
[Iter 339/488] steps=694272 reward=501.97 pi_loss=-0.0652 vf_loss=19.7444 entropy=34.3587 kl=0.0798
[Iter 340/488] steps=696320 reward=431.08 pi_loss=-0.0663 vf_loss=25.1567 entropy=34.5322 kl=0.0965
[Iter 341/488] steps=698368 reward=491.49 pi_loss=-0.0649 vf_loss=28.0407 entropy=34.2226 kl=0.0599
[Iter 342/488] steps=700416 reward=385.88 pi_loss=-0.0750 vf_loss=27.4688 entropy=34.3596 kl=0.0837
  [Eval] mean_return=479.06 std_return=106.24
[Iter 343/488] steps=702464 reward=346.86 pi_loss=-0.0575 vf_loss=18.3874 entropy=34.5688 kl=0.1071
[Iter 344/488] steps=704512 reward=412.15 pi_loss=-0.0679 vf_loss=30.0365 entropy=34.1778 kl=0.0636
[Iter 345/488] steps=706560 reward=511.39 pi_loss=-0.0813 vf_loss=35.8703 entropy=34.2603 kl=0.0679
[Iter 346/488] steps=708608 reward=102.59 pi_loss=-0.0865 vf_loss=24.5501 entropy=34.4091 kl=0.0898
[Iter 347/488] steps=710656 reward=495.66 pi_loss=-0.0543 vf_loss=17.1957 entropy=34.4525 kl=0.1144
  [Eval] mean_return=538.45 std_return=45.83
[Iter 348/488] steps=712704 reward=503.40 pi_loss=-0.0532 vf_loss=19.8021 entropy=34.2934 kl=0.0834
[Iter 349/488] steps=714752 reward=521.29 pi_loss=-0.0573 vf_loss=18.8123 entropy=34.4633 kl=0.0917
[Iter 350/488] steps=716800 reward=517.32 pi_loss=-0.0504 vf_loss=17.8495 entropy=34.3964 kl=0.0848
[Iter 351/488] steps=718848 reward=395.97 pi_loss=-0.0764 vf_loss=24.4956 entropy=34.4572 kl=0.0926
[Iter 352/488] steps=720896 reward=495.49 pi_loss=-0.0628 vf_loss=20.0223 entropy=34.3021 kl=0.0759
  [Eval] mean_return=504.46 std_return=106.02
[Iter 353/488] steps=722944 reward=491.46 pi_loss=-0.0595 vf_loss=17.6822 entropy=34.4485 kl=0.0892
[Iter 354/488] steps=724992 reward=520.22 pi_loss=-0.0531 vf_loss=16.8882 entropy=34.4405 kl=0.0971
[Iter 355/488] steps=727040 reward=479.76 pi_loss=-0.0588 vf_loss=20.4443 entropy=34.3358 kl=0.0837
[Iter 356/488] steps=729088 reward=440.68 pi_loss=-0.0687 vf_loss=18.5248 entropy=34.4179 kl=0.0710
[Iter 357/488] steps=731136 reward=460.03 pi_loss=-0.0690 vf_loss=22.9311 entropy=34.3912 kl=0.0779
  [Eval] mean_return=527.80 std_return=35.86
[Iter 358/488] steps=733184 reward=477.83 pi_loss=-0.0716 vf_loss=22.3931 entropy=34.4493 kl=0.0880
[Iter 359/488] steps=735232 reward=448.73 pi_loss=-0.0534 vf_loss=16.4250 entropy=34.2827 kl=0.0843
[Iter 360/488] steps=737280 reward=55.14 pi_loss=-0.0828 vf_loss=17.1240 entropy=38.6781 kl=0.9931
[Iter 361/488] steps=739328 reward=412.36 pi_loss=-0.0637 vf_loss=22.0223 entropy=34.3340 kl=0.0639
[Iter 362/488] steps=741376 reward=560.13 pi_loss=-0.0516 vf_loss=18.7524 entropy=34.2306 kl=0.0741
  [Eval] mean_return=430.51 std_return=127.91
[Iter 363/488] steps=743424 reward=523.86 pi_loss=-0.0524 vf_loss=16.7586 entropy=34.2897 kl=0.0767
[Iter 364/488] steps=745472 reward=481.09 pi_loss=-0.0561 vf_loss=17.6296 entropy=34.2191 kl=0.0718
[Iter 365/488] steps=747520 reward=537.88 pi_loss=-0.0614 vf_loss=18.9425 entropy=34.2909 kl=0.0706
[Iter 366/488] steps=749568 reward=509.28 pi_loss=-0.0601 vf_loss=19.4737 entropy=34.3401 kl=0.0722
[Iter 367/488] steps=751616 reward=433.44 pi_loss=-0.0592 vf_loss=18.5990 entropy=34.3771 kl=0.0742
  [Eval] mean_return=539.48 std_return=45.29
[Iter 368/488] steps=753664 reward=295.73 pi_loss=-0.0706 vf_loss=32.1941 entropy=34.4042 kl=0.0671
[Iter 369/488] steps=755712 reward=407.36 pi_loss=-0.0622 vf_loss=20.0996 entropy=34.3669 kl=0.0814
[Iter 370/488] steps=757760 reward=500.38 pi_loss=-0.0549 vf_loss=17.0174 entropy=34.3526 kl=0.0746
[Iter 371/488] steps=759808 reward=513.75 pi_loss=-0.0584 vf_loss=15.2524 entropy=34.3659 kl=0.0803
[Iter 372/488] steps=761856 reward=481.41 pi_loss=-0.0583 vf_loss=16.7811 entropy=34.3500 kl=0.0630
  [Eval] mean_return=535.60 std_return=78.95
[Iter 373/488] steps=763904 reward=366.17 pi_loss=-0.0717 vf_loss=26.8194 entropy=34.2712 kl=0.0693
[Iter 374/488] steps=765952 reward=499.68 pi_loss=-0.0615 vf_loss=19.5540 entropy=34.2136 kl=0.0639
[Iter 375/488] steps=768000 reward=476.23 pi_loss=-0.0621 vf_loss=24.5281 entropy=34.2827 kl=0.0732
[Iter 376/488] steps=770048 reward=363.16 pi_loss=-0.0725 vf_loss=25.9590 entropy=34.2812 kl=0.0703
  [Eval] mean_return=519.32 std_return=52.22
[Iter 377/488] steps=772096 reward=454.11 pi_loss=-0.0618 vf_loss=18.5139 entropy=34.3599 kl=0.0853
[Iter 378/488] steps=774144 reward=392.83 pi_loss=-0.0688 vf_loss=27.6168 entropy=34.1537 kl=0.0597
[Iter 379/488] steps=776192 reward=529.33 pi_loss=-0.0604 vf_loss=21.1625 entropy=34.1971 kl=0.0643
[Iter 380/488] steps=778240 reward=384.30 pi_loss=-0.0735 vf_loss=26.8370 entropy=34.3719 kl=0.0662
[Iter 381/488] steps=780288 reward=400.49 pi_loss=-0.0534 vf_loss=17.5841 entropy=34.3650 kl=0.0897
  [Eval] mean_return=535.82 std_return=68.86
[Iter 382/488] steps=782336 reward=546.06 pi_loss=-0.0663 vf_loss=20.8746 entropy=34.4208 kl=0.0736
[Iter 383/488] steps=784384 reward=349.57 pi_loss=-0.0572 vf_loss=29.9087 entropy=34.2797 kl=0.0506
[Iter 384/488] steps=786432 reward=365.63 pi_loss=-0.0613 vf_loss=29.6234 entropy=34.1781 kl=0.0541
[Iter 385/488] steps=788480 reward=424.75 pi_loss=-0.0641 vf_loss=23.8909 entropy=34.3149 kl=0.0746
[Iter 386/488] steps=790528 reward=399.38 pi_loss=-0.0628 vf_loss=32.3609 entropy=34.3224 kl=0.0516
  [Eval] mean_return=438.84 std_return=140.61
[Iter 387/488] steps=792576 reward=452.77 pi_loss=-0.0604 vf_loss=19.6476 entropy=34.2310 kl=0.0715
[Iter 388/488] steps=794624 reward=479.06 pi_loss=-0.0566 vf_loss=21.1690 entropy=34.2640 kl=0.0631
[Iter 389/488] steps=796672 reward=508.75 pi_loss=-0.0576 vf_loss=17.8472 entropy=34.3704 kl=0.0760
[Iter 390/488] steps=798720 reward=484.21 pi_loss=-0.0564 vf_loss=17.2176 entropy=34.3725 kl=0.0762
[Iter 391/488] steps=800768 reward=568.25 pi_loss=-0.0586 vf_loss=21.9959 entropy=34.2343 kl=0.0648
  [Eval] mean_return=455.30 std_return=97.71
[Iter 392/488] steps=802816 reward=451.92 pi_loss=-0.0685 vf_loss=25.2438 entropy=34.4942 kl=0.0648
[Iter 393/488] steps=804864 reward=326.48 pi_loss=-0.0562 vf_loss=17.7181 entropy=34.2013 kl=0.0707
[Iter 394/488] steps=806912 reward=497.01 pi_loss=-0.0575 vf_loss=16.8771 entropy=34.2275 kl=0.0647
[Iter 395/488] steps=808960 reward=507.46 pi_loss=-0.0595 vf_loss=20.9117 entropy=34.2344 kl=0.0586
[Iter 396/488] steps=811008 reward=490.05 pi_loss=-0.0574 vf_loss=21.8390 entropy=34.2569 kl=0.0657
  [Eval] mean_return=492.66 std_return=94.84
[Iter 397/488] steps=813056 reward=373.69 pi_loss=-0.0692 vf_loss=32.6558 entropy=34.2319 kl=0.0517
[Iter 398/488] steps=815104 reward=264.90 pi_loss=-0.0652 vf_loss=31.5839 entropy=34.2974 kl=0.0507
[Iter 399/488] steps=817152 reward=335.42 pi_loss=-0.0704 vf_loss=26.3324 entropy=34.4843 kl=0.0729
[Iter 400/488] steps=819200 reward=473.09 pi_loss=-0.0509 vf_loss=19.6673 entropy=34.1511 kl=0.0706
[Iter 401/488] steps=821248 reward=494.87 pi_loss=-0.0501 vf_loss=15.0765 entropy=34.2890 kl=0.0675
  [Eval] mean_return=470.13 std_return=95.15
[Iter 402/488] steps=823296 reward=527.09 pi_loss=-0.0570 vf_loss=23.5151 entropy=34.1341 kl=0.0616
[Iter 403/488] steps=825344 reward=505.66 pi_loss=-0.0614 vf_loss=29.0021 entropy=34.2187 kl=0.0489
[Iter 404/488] steps=827392 reward=421.40 pi_loss=-0.0605 vf_loss=26.6652 entropy=34.2634 kl=0.0501
[Iter 405/488] steps=829440 reward=449.52 pi_loss=-0.0645 vf_loss=26.8879 entropy=34.3494 kl=0.0590
[Iter 406/488] steps=831488 reward=432.30 pi_loss=-0.0556 vf_loss=20.8295 entropy=34.2717 kl=0.0659
  [Eval] mean_return=499.91 std_return=122.90
[Iter 407/488] steps=833536 reward=536.85 pi_loss=-0.0622 vf_loss=31.3255 entropy=34.2833 kl=0.0501
[Iter 408/488] steps=835584 reward=367.47 pi_loss=-0.0602 vf_loss=24.7259 entropy=34.2172 kl=0.0539
[Iter 409/488] steps=837632 reward=378.40 pi_loss=-0.0623 vf_loss=26.3483 entropy=34.0970 kl=0.0538
[Iter 410/488] steps=839680 reward=512.90 pi_loss=-0.0523 vf_loss=17.7356 entropy=34.3966 kl=0.0749
[Iter 411/488] steps=841728 reward=532.45 pi_loss=-0.0505 vf_loss=19.0074 entropy=34.2969 kl=0.0664
  [Eval] mean_return=447.02 std_return=129.06
[Iter 412/488] steps=843776 reward=531.88 pi_loss=-0.0619 vf_loss=44.8390 entropy=34.3115 kl=0.0400
[Iter 413/488] steps=845824 reward=-10.04 pi_loss=-0.0679 vf_loss=35.0315 entropy=34.2100 kl=0.0470
[Iter 414/488] steps=847872 reward=362.31 pi_loss=-0.0540 vf_loss=18.4695 entropy=34.3360 kl=0.0558
[Iter 415/488] steps=849920 reward=459.32 pi_loss=-0.0559 vf_loss=19.9102 entropy=34.2862 kl=0.0590
[Iter 416/488] steps=851968 reward=399.20 pi_loss=-0.0614 vf_loss=32.5786 entropy=34.2610 kl=0.0445
  [Eval] mean_return=521.63 std_return=84.31
[Iter 417/488] steps=854016 reward=368.13 pi_loss=-0.0637 vf_loss=43.3101 entropy=34.1569 kl=0.0393
[Iter 418/488] steps=856064 reward=409.55 pi_loss=-0.0659 vf_loss=23.2200 entropy=34.2836 kl=0.0649
[Iter 419/488] steps=858112 reward=273.48 pi_loss=-0.0762 vf_loss=33.4172 entropy=34.2658 kl=0.0537
[Iter 420/488] steps=860160 reward=401.23 pi_loss=-0.0563 vf_loss=18.5835 entropy=34.1956 kl=0.0625
  [Eval] mean_return=363.51 std_return=256.50
[Iter 421/488] steps=862208 reward=547.29 pi_loss=-0.0665 vf_loss=23.4137 entropy=34.3224 kl=0.0581
[Iter 422/488] steps=864256 reward=287.34 pi_loss=-0.0655 vf_loss=31.1948 entropy=34.3092 kl=0.0488
[Iter 423/488] steps=866304 reward=340.12 pi_loss=-0.0571 vf_loss=24.6191 entropy=34.3323 kl=0.0510
[Iter 424/488] steps=868352 reward=462.86 pi_loss=-0.0617 vf_loss=21.1424 entropy=34.3443 kl=0.0656
[Iter 425/488] steps=870400 reward=372.39 pi_loss=-0.0667 vf_loss=41.0185 entropy=34.1964 kl=0.0437
  [Eval] mean_return=491.72 std_return=75.40
[Iter 426/488] steps=872448 reward=223.44 pi_loss=-0.0600 vf_loss=22.6480 entropy=34.3450 kl=0.0492
[Iter 427/488] steps=874496 reward=456.83 pi_loss=-0.0606 vf_loss=26.1908 entropy=34.2670 kl=0.0510
[Iter 428/488] steps=876544 reward=404.89 pi_loss=-0.0653 vf_loss=26.2131 entropy=34.0726 kl=0.0492
[Iter 429/488] steps=878592 reward=199.70 pi_loss=-0.0637 vf_loss=39.5692 entropy=34.2171 kl=0.0403
[Iter 430/488] steps=880640 reward=303.79 pi_loss=-0.0599 vf_loss=40.0161 entropy=34.1949 kl=0.0380
  [Eval] mean_return=504.31 std_return=83.53
[Iter 431/488] steps=882688 reward=450.03 pi_loss=-0.0573 vf_loss=23.7243 entropy=34.2069 kl=0.0536
[Iter 432/488] steps=884736 reward=476.50 pi_loss=-0.0608 vf_loss=17.6120 entropy=34.2530 kl=0.0529
[Iter 433/488] steps=886784 reward=456.55 pi_loss=-0.0552 vf_loss=29.7587 entropy=34.2488 kl=0.0420
[Iter 434/488] steps=888832 reward=457.38 pi_loss=-0.0580 vf_loss=23.5590 entropy=34.1414 kl=0.0432
[Iter 435/488] steps=890880 reward=261.83 pi_loss=-0.0655 vf_loss=42.6697 entropy=34.3338 kl=0.0397
  [Eval] mean_return=483.18 std_return=76.42
[Iter 436/488] steps=892928 reward=286.74 pi_loss=-0.0570 vf_loss=15.1579 entropy=34.2830 kl=0.0557
[Iter 437/488] steps=894976 reward=570.49 pi_loss=-0.0530 vf_loss=17.8445 entropy=34.2818 kl=0.0527
[Iter 438/488] steps=897024 reward=394.45 pi_loss=-0.0589 vf_loss=34.3627 entropy=34.2349 kl=0.0405
[Iter 439/488] steps=899072 reward=472.56 pi_loss=-0.0552 vf_loss=25.0355 entropy=34.1071 kl=0.0395
[Iter 440/488] steps=901120 reward=289.18 pi_loss=-0.0586 vf_loss=35.9268 entropy=34.2474 kl=0.0348
  [Eval] mean_return=489.39 std_return=69.78
[Iter 441/488] steps=903168 reward=310.48 pi_loss=-0.0604 vf_loss=32.8088 entropy=34.2155 kl=0.0360
[Iter 442/488] steps=905216 reward=324.51 pi_loss=-0.0544 vf_loss=30.6413 entropy=34.1634 kl=0.0344
[Iter 443/488] steps=907264 reward=532.92 pi_loss=-0.0628 vf_loss=20.6129 entropy=34.2956 kl=0.0488
[Iter 444/488] steps=909312 reward=403.91 pi_loss=-0.0608 vf_loss=37.6551 entropy=34.1697 kl=0.0396
[Iter 445/488] steps=911360 reward=345.01 pi_loss=-0.0557 vf_loss=24.9657 entropy=34.3098 kl=0.0414
  [Eval] mean_return=509.10 std_return=115.43
[Iter 446/488] steps=913408 reward=465.37 pi_loss=-0.0588 vf_loss=28.6818 entropy=34.2581 kl=0.0349
[Iter 447/488] steps=915456 reward=411.91 pi_loss=-0.0455 vf_loss=20.4801 entropy=34.2662 kl=0.0437
[Iter 448/488] steps=917504 reward=534.48 pi_loss=-0.0467 vf_loss=18.3896 entropy=34.1606 kl=0.0417
[Iter 449/488] steps=919552 reward=317.85 pi_loss=-0.0434 vf_loss=41.0123 entropy=34.1144 kl=0.0241
[Iter 450/488] steps=921600 reward=511.24 pi_loss=-0.0525 vf_loss=27.9722 entropy=34.2307 kl=0.0320
  [Eval] mean_return=454.89 std_return=80.87
[Iter 451/488] steps=923648 reward=480.94 pi_loss=-0.0465 vf_loss=18.0073 entropy=34.1671 kl=0.0370
[Iter 452/488] steps=925696 reward=465.04 pi_loss=-0.0458 vf_loss=21.3123 entropy=34.1690 kl=0.0325
[Iter 453/488] steps=927744 reward=479.24 pi_loss=-0.0472 vf_loss=25.9586 entropy=34.0896 kl=0.0273
[Iter 454/488] steps=929792 reward=460.33 pi_loss=-0.0440 vf_loss=19.4252 entropy=34.2060 kl=0.0343
[Iter 455/488] steps=931840 reward=472.89 pi_loss=-0.0477 vf_loss=21.6279 entropy=34.1036 kl=0.0357
  [Eval] mean_return=482.87 std_return=97.30
[Iter 456/488] steps=933888 reward=554.29 pi_loss=-0.0477 vf_loss=25.6183 entropy=34.1150 kl=0.0276
[Iter 457/488] steps=935936 reward=442.80 pi_loss=-0.0479 vf_loss=18.8431 entropy=34.3247 kl=0.0333
[Iter 458/488] steps=937984 reward=393.24 pi_loss=-0.0474 vf_loss=21.5079 entropy=34.2073 kl=0.0325
[Iter 459/488] steps=940032 reward=503.89 pi_loss=-0.0416 vf_loss=31.6591 entropy=34.1842 kl=0.0245
  [Eval] mean_return=511.69 std_return=86.10
[Iter 460/488] steps=942080 reward=292.46 pi_loss=-0.0482 vf_loss=40.5132 entropy=34.1908 kl=0.0245
[Iter 461/488] steps=944128 reward=330.87 pi_loss=-0.0522 vf_loss=28.8684 entropy=34.1626 kl=0.0272
[Iter 462/488] steps=946176 reward=463.49 pi_loss=-0.0445 vf_loss=35.9766 entropy=34.1575 kl=0.0235
[Iter 463/488] steps=948224 reward=488.67 pi_loss=-0.0435 vf_loss=27.3196 entropy=34.1448 kl=0.0298
[Iter 464/488] steps=950272 reward=468.60 pi_loss=-0.0434 vf_loss=37.8862 entropy=34.2350 kl=0.0243
  [Eval] mean_return=402.16 std_return=136.77
[Iter 465/488] steps=952320 reward=250.77 pi_loss=-0.0434 vf_loss=21.9220 entropy=34.1567 kl=0.0308
[Iter 466/488] steps=954368 reward=481.55 pi_loss=-0.0405 vf_loss=20.9317 entropy=34.2150 kl=0.0312
[Iter 467/488] steps=956416 reward=488.74 pi_loss=-0.0389 vf_loss=29.8428 entropy=34.2458 kl=0.0237
[Iter 468/488] steps=958464 reward=493.15 pi_loss=-0.0375 vf_loss=22.0890 entropy=34.1586 kl=0.0262
[Iter 469/488] steps=960512 reward=514.51 pi_loss=-0.0420 vf_loss=27.0105 entropy=34.2662 kl=0.0253
  [Eval] mean_return=528.89 std_return=96.66
[Iter 470/488] steps=962560 reward=453.44 pi_loss=-0.0376 vf_loss=19.3973 entropy=33.9813 kl=0.0245
[Iter 471/488] steps=964608 reward=433.51 pi_loss=-0.0377 vf_loss=25.0850 entropy=34.1749 kl=0.0224
[Iter 472/488] steps=966656 reward=526.69 pi_loss=-0.0354 vf_loss=22.6387 entropy=34.0684 kl=0.0228
[Iter 473/488] steps=968704 reward=477.38 pi_loss=-0.0347 vf_loss=23.2895 entropy=34.1401 kl=0.0185
[Iter 474/488] steps=970752 reward=465.27 pi_loss=-0.0331 vf_loss=21.6475 entropy=34.2141 kl=0.0186
  [Eval] mean_return=535.49 std_return=66.94
[Iter 475/488] steps=972800 reward=472.15 pi_loss=-0.0333 vf_loss=27.8232 entropy=34.0894 kl=0.0171
[Iter 476/488] steps=974848 reward=412.33 pi_loss=-0.0344 vf_loss=20.4671 entropy=34.0530 kl=0.0168
[Iter 477/488] steps=976896 reward=464.12 pi_loss=-0.0305 vf_loss=22.2683 entropy=34.1742 kl=0.0148
[Iter 478/488] steps=978944 reward=452.48 pi_loss=-0.0299 vf_loss=23.2760 entropy=34.1425 kl=0.0174
[Iter 479/488] steps=980992 reward=548.75 pi_loss=-0.0306 vf_loss=21.1819 entropy=34.0856 kl=0.0219
  [Eval] mean_return=517.52 std_return=103.50
[Iter 480/488] steps=983040 reward=495.14 pi_loss=-0.0257 vf_loss=27.6056 entropy=34.1007 kl=0.0154
[Iter 481/488] steps=985088 reward=228.04 pi_loss=-0.0203 vf_loss=45.5695 entropy=34.1485 kl=0.0088
[Iter 482/488] steps=987136 reward=494.00 pi_loss=-0.0249 vf_loss=23.1228 entropy=34.1149 kl=0.0138
[Iter 483/488] steps=989184 reward=588.30 pi_loss=-0.0184 vf_loss=20.2778 entropy=34.0561 kl=0.0114
[Iter 484/488] steps=991232 reward=516.34 pi_loss=-0.0207 vf_loss=20.4974 entropy=34.0424 kl=0.0120
  [Eval] mean_return=478.38 std_return=141.22
[Iter 485/488] steps=993280 reward=522.89 pi_loss=-0.0140 vf_loss=32.4590 entropy=34.0876 kl=0.0053
[Iter 486/488] steps=995328 reward=389.95 pi_loss=-0.0154 vf_loss=27.6566 entropy=34.1112 kl=0.0062
[Iter 487/488] steps=997376 reward=426.86 pi_loss=-0.0089 vf_loss=28.8088 entropy=34.1591 kl=0.0022
[Iter 488/488] steps=999424 reward=581.91 pi_loss=-0.0058 vf_loss=17.1352 entropy=34.0886 kl=0.0013
Training complete. Logs saved to results/8hr/K4_hierarchical/seed_123
