[Iter 1/488] steps=2048 reward=-518.99 pi_loss=-0.3292 vf_loss=14.4282 entropy=137.3100 kl=0.0806
[Iter 2/488] steps=4096 reward=-568.12 pi_loss=-0.2278 vf_loss=19.6082 entropy=137.6030 kl=0.0715
[Iter 3/488] steps=6144 reward=-638.30 pi_loss=-0.3821 vf_loss=18.8322 entropy=137.9399 kl=0.0954
[Iter 4/488] steps=8192 reward=-747.99 pi_loss=-0.3808 vf_loss=17.7456 entropy=137.7512 kl=0.1043
[Iter 5/488] steps=10240 reward=-669.93 pi_loss=-0.4157 vf_loss=10.2756 entropy=137.7275 kl=0.1067
  [Eval] mean_return=-599.81 std_return=0.65
[Iter 6/488] steps=12288 reward=-594.77 pi_loss=-0.4561 vf_loss=6.3210 entropy=138.1719 kl=0.1169
[Iter 7/488] steps=14336 reward=-598.53 pi_loss=-0.4482 vf_loss=7.1630 entropy=137.8581 kl=0.1204
[Iter 8/488] steps=16384 reward=-598.51 pi_loss=-0.4506 vf_loss=7.9243 entropy=138.0106 kl=0.1108
[Iter 9/488] steps=18432 reward=-593.81 pi_loss=-0.4756 vf_loss=8.4907 entropy=138.0878 kl=0.1242
[Iter 10/488] steps=20480 reward=-591.03 pi_loss=-0.5233 vf_loss=9.0887 entropy=137.9762 kl=0.1235
  [Eval] mean_return=-616.52 std_return=8.42
[Iter 11/488] steps=22528 reward=-576.18 pi_loss=-0.4640 vf_loss=13.0961 entropy=137.8177 kl=0.1047
[Iter 12/488] steps=24576 reward=-420.66 pi_loss=-0.4631 vf_loss=11.6102 entropy=137.7255 kl=0.1030
[Iter 13/488] steps=26624 reward=-487.36 pi_loss=-0.4717 vf_loss=11.1614 entropy=138.1035 kl=0.1094
[Iter 14/488] steps=28672 reward=-632.50 pi_loss=-0.4779 vf_loss=14.7301 entropy=137.9065 kl=0.1131
[Iter 15/488] steps=30720 reward=-711.17 pi_loss=-0.4754 vf_loss=18.3486 entropy=138.1640 kl=0.1129
  [Eval] mean_return=-604.75 std_return=2.69
[Iter 16/488] steps=32768 reward=-609.01 pi_loss=-0.4880 vf_loss=14.7400 entropy=138.2489 kl=0.1298
[Iter 17/488] steps=34816 reward=-578.91 pi_loss=-0.4767 vf_loss=12.7253 entropy=137.9736 kl=0.1134
[Iter 18/488] steps=36864 reward=-578.77 pi_loss=-0.4954 vf_loss=12.3596 entropy=138.2205 kl=0.1229
[Iter 19/488] steps=38912 reward=-542.83 pi_loss=-0.4500 vf_loss=11.6885 entropy=138.2460 kl=0.1265
[Iter 20/488] steps=40960 reward=-524.53 pi_loss=-0.5105 vf_loss=11.9568 entropy=138.3874 kl=0.1413
  [Eval] mean_return=-592.83 std_return=3.44
[Iter 21/488] steps=43008 reward=-620.81 pi_loss=-0.5360 vf_loss=18.1559 entropy=138.2494 kl=0.1443
[Iter 22/488] steps=45056 reward=-658.94 pi_loss=-0.4936 vf_loss=18.4583 entropy=138.7382 kl=0.1593
[Iter 23/488] steps=47104 reward=-638.74 pi_loss=-0.4397 vf_loss=14.3415 entropy=138.2517 kl=0.1415
[Iter 24/488] steps=49152 reward=-658.77 pi_loss=-0.4484 vf_loss=17.8748 entropy=138.3609 kl=0.1495
[Iter 25/488] steps=51200 reward=-427.20 pi_loss=-0.5077 vf_loss=10.1343 entropy=139.1051 kl=0.1946
  [Eval] mean_return=-602.18 std_return=12.68
[Iter 26/488] steps=53248 reward=-636.87 pi_loss=-0.4785 vf_loss=11.1002 entropy=138.8113 kl=0.1534
[Iter 27/488] steps=55296 reward=-645.50 pi_loss=-0.4931 vf_loss=12.0536 entropy=138.5516 kl=0.1641
[Iter 28/488] steps=57344 reward=-617.58 pi_loss=-0.5330 vf_loss=11.0806 entropy=138.5522 kl=0.1517
[Iter 29/488] steps=59392 reward=-596.11 pi_loss=-0.5607 vf_loss=11.5239 entropy=139.0498 kl=0.1621
[Iter 30/488] steps=61440 reward=-573.32 pi_loss=-0.5367 vf_loss=11.4514 entropy=139.4014 kl=0.1765
  [Eval] mean_return=-529.21 std_return=4.81
[Iter 31/488] steps=63488 reward=-545.38 pi_loss=-0.5331 vf_loss=11.3035 entropy=139.1711 kl=0.1866
[Iter 32/488] steps=65536 reward=-581.06 pi_loss=-0.5374 vf_loss=11.6944 entropy=138.9486 kl=0.1698
[Iter 33/488] steps=67584 reward=-721.24 pi_loss=-0.5596 vf_loss=14.1570 entropy=141.6504 kl=0.3218
[Iter 34/488] steps=69632 reward=-576.90 pi_loss=-0.5505 vf_loss=12.8946 entropy=138.4479 kl=0.1557
[Iter 35/488] steps=71680 reward=-546.88 pi_loss=-0.5395 vf_loss=20.4283 entropy=139.6867 kl=0.2269
  [Eval] mean_return=-555.27 std_return=6.60
[Iter 36/488] steps=73728 reward=-652.23 pi_loss=-0.4769 vf_loss=15.0058 entropy=139.0681 kl=0.1783
[Iter 37/488] steps=75776 reward=-595.95 pi_loss=-0.5346 vf_loss=13.7251 entropy=139.4986 kl=0.2101
[Iter 38/488] steps=77824 reward=-589.52 pi_loss=-0.4859 vf_loss=13.6483 entropy=139.8098 kl=0.2183
[Iter 39/488] steps=79872 reward=-587.33 pi_loss=-0.4688 vf_loss=13.2098 entropy=138.0644 kl=0.1212
[Iter 40/488] steps=81920 reward=-595.79 pi_loss=-0.5401 vf_loss=13.0790 entropy=138.7522 kl=0.1509
  [Eval] mean_return=-596.07 std_return=1.80
[Iter 41/488] steps=83968 reward=-596.33 pi_loss=-0.5107 vf_loss=12.9455 entropy=138.5939 kl=0.1434
[Iter 42/488] steps=86016 reward=-596.83 pi_loss=-0.4675 vf_loss=18.7033 entropy=138.0923 kl=0.1424
[Iter 43/488] steps=88064 reward=-623.36 pi_loss=-0.5256 vf_loss=13.0258 entropy=138.7872 kl=0.1561
[Iter 44/488] steps=90112 reward=-849.94 pi_loss=-0.4736 vf_loss=16.7171 entropy=139.3049 kl=0.1786
  [Eval] mean_return=-524.75 std_return=10.63
[Iter 45/488] steps=92160 reward=-530.73 pi_loss=-0.4474 vf_loss=16.5183 entropy=139.1104 kl=0.1729
[Iter 46/488] steps=94208 reward=-514.47 pi_loss=-0.4721 vf_loss=12.6470 entropy=139.4404 kl=0.1875
[Iter 47/488] steps=96256 reward=-609.76 pi_loss=-0.4838 vf_loss=12.2970 entropy=139.1627 kl=0.1856
[Iter 48/488] steps=98304 reward=-957.59 pi_loss=-0.4113 vf_loss=24.7502 entropy=139.7387 kl=0.2185
[Iter 49/488] steps=100352 reward=-741.06 pi_loss=-0.3621 vf_loss=37.6235 entropy=138.7840 kl=0.1646
  [Eval] mean_return=-359.23 std_return=29.52
[Iter 50/488] steps=102400 reward=-264.91 pi_loss=-0.3557 vf_loss=18.4125 entropy=139.1609 kl=0.1894
[Iter 51/488] steps=104448 reward=-540.15 pi_loss=-0.4596 vf_loss=11.9041 entropy=138.2701 kl=0.1343
[Iter 52/488] steps=106496 reward=-636.33 pi_loss=-0.4476 vf_loss=12.3607 entropy=138.3345 kl=0.1252
[Iter 53/488] steps=108544 reward=-738.79 pi_loss=-0.4677 vf_loss=16.2313 entropy=139.5634 kl=0.2097
[Iter 54/488] steps=110592 reward=-731.84 pi_loss=-0.4258 vf_loss=17.5513 entropy=138.5460 kl=0.1483
  [Eval] mean_return=-530.47 std_return=19.22
[Iter 55/488] steps=112640 reward=-646.40 pi_loss=-0.4565 vf_loss=22.3806 entropy=138.6199 kl=0.1559
[Iter 56/488] steps=114688 reward=-379.18 pi_loss=-0.4134 vf_loss=28.7356 entropy=138.2690 kl=0.1382
[Iter 57/488] steps=116736 reward=-432.57 pi_loss=-0.5309 vf_loss=21.2701 entropy=139.1244 kl=0.1817
[Iter 58/488] steps=118784 reward=-539.47 pi_loss=-0.5952 vf_loss=13.1432 entropy=139.0944 kl=0.1870
[Iter 59/488] steps=120832 reward=-652.00 pi_loss=-0.4182 vf_loss=24.9254 entropy=138.7398 kl=0.1610
  [Eval] mean_return=-582.54 std_return=3.26
[Iter 60/488] steps=122880 reward=-558.84 pi_loss=-0.5241 vf_loss=21.7080 entropy=139.9162 kl=0.2280
[Iter 61/488] steps=124928 reward=-742.66 pi_loss=-0.4192 vf_loss=19.3980 entropy=138.5828 kl=0.1461
[Iter 62/488] steps=126976 reward=-747.06 pi_loss=-0.3850 vf_loss=15.7343 entropy=138.7288 kl=0.1466
[Iter 63/488] steps=129024 reward=-639.57 pi_loss=-0.4082 vf_loss=25.9621 entropy=138.3659 kl=0.1434
[Iter 64/488] steps=131072 reward=-547.53 pi_loss=-0.3934 vf_loss=10.0402 entropy=138.5322 kl=0.1308
  [Eval] mean_return=-599.96 std_return=0.72
[Iter 65/488] steps=133120 reward=-586.93 pi_loss=-0.4220 vf_loss=10.2901 entropy=138.2737 kl=0.1391
[Iter 66/488] steps=135168 reward=-600.28 pi_loss=-0.3975 vf_loss=10.7005 entropy=138.6378 kl=0.1512
[Iter 67/488] steps=137216 reward=-602.13 pi_loss=-0.3839 vf_loss=10.9527 entropy=138.9902 kl=0.1690
[Iter 68/488] steps=139264 reward=-600.00 pi_loss=-0.3781 vf_loss=11.1161 entropy=138.5644 kl=0.1529
[Iter 69/488] steps=141312 reward=-596.44 pi_loss=-0.4044 vf_loss=11.2876 entropy=139.2228 kl=0.1874
  [Eval] mean_return=-570.33 std_return=1.20
[Iter 70/488] steps=143360 reward=-578.91 pi_loss=-0.3591 vf_loss=11.4597 entropy=138.9271 kl=0.1702
[Iter 71/488] steps=145408 reward=-605.28 pi_loss=-0.4658 vf_loss=11.9192 entropy=139.2031 kl=0.1894
[Iter 72/488] steps=147456 reward=-600.73 pi_loss=-0.4775 vf_loss=12.2145 entropy=139.0959 kl=0.1815
[Iter 73/488] steps=149504 reward=-573.31 pi_loss=-0.4631 vf_loss=11.9355 entropy=142.2330 kl=0.3538
[Iter 74/488] steps=151552 reward=-455.94 pi_loss=-0.0796 vf_loss=12.5011 entropy=139.3813 kl=0.1928
  [Eval] mean_return=-601.32 std_return=5.59
[Iter 75/488] steps=153600 reward=-658.30 pi_loss=-0.3412 vf_loss=18.5099 entropy=139.7040 kl=0.2113
[Iter 76/488] steps=155648 reward=-1134.58 pi_loss=-0.3823 vf_loss=30.3484 entropy=147.0170 kl=0.6936
[Iter 77/488] steps=157696 reward=-725.09 pi_loss=-0.3043 vf_loss=16.6533 entropy=139.1043 kl=0.1767
[Iter 78/488] steps=159744 reward=-482.41 pi_loss=-0.4324 vf_loss=14.2993 entropy=138.6733 kl=0.1557
[Iter 79/488] steps=161792 reward=-552.35 pi_loss=-0.5168 vf_loss=13.6310 entropy=139.1844 kl=0.1817
  [Eval] mean_return=-684.52 std_return=20.19
[Iter 80/488] steps=163840 reward=-639.13 pi_loss=-0.4897 vf_loss=15.7919 entropy=139.5257 kl=0.2040
[Iter 81/488] steps=165888 reward=-591.98 pi_loss=-0.4709 vf_loss=12.7308 entropy=138.0023 kl=0.1315
[Iter 82/488] steps=167936 reward=-546.04 pi_loss=-0.5316 vf_loss=13.5892 entropy=141.2905 kl=0.3055
[Iter 83/488] steps=169984 reward=-694.01 pi_loss=-0.4168 vf_loss=15.6691 entropy=140.5308 kl=0.2584
[Iter 84/488] steps=172032 reward=-676.12 pi_loss=-0.4895 vf_loss=19.9705 entropy=139.5409 kl=0.1846
  [Eval] mean_return=-504.16 std_return=3.74
[Iter 85/488] steps=174080 reward=-514.49 pi_loss=-0.7673 vf_loss=12.8075 entropy=168.6834 kl=1.6033
[Iter 86/488] steps=176128 reward=-738.13 pi_loss=-0.1506 vf_loss=16.5231 entropy=139.1648 kl=0.1962
[Iter 87/488] steps=178176 reward=-632.71 pi_loss=-0.6692 vf_loss=14.6090 entropy=167.8436 kl=1.5359
[Iter 88/488] steps=180224 reward=-603.11 pi_loss=-1.6763 vf_loss=13.7399 entropy=1055.2715 kl=8.1639
  [Eval] mean_return=-600.15 std_return=0.45
[Iter 89/488] steps=182272 reward=-599.86 pi_loss=0.0735 vf_loss=13.5985 entropy=138.1551 kl=0.1218
[Iter 90/488] steps=184320 reward=-600.52 pi_loss=-0.7222 vf_loss=13.3779 entropy=182.5144 kl=2.0613
[Iter 91/488] steps=186368 reward=-612.56 pi_loss=-0.7654 vf_loss=14.1132 entropy=186.2307 kl=2.4109
[Iter 92/488] steps=188416 reward=-604.01 pi_loss=-0.9848 vf_loss=13.1432 entropy=221.2996 kl=3.3942
[Iter 93/488] steps=190464 reward=-723.11 pi_loss=-0.8717 vf_loss=16.2308 entropy=281.1292 kl=4.7417
  [Eval] mean_return=-599.19 std_return=1.13
[Iter 94/488] steps=192512 reward=-603.81 pi_loss=-0.8317 vf_loss=13.4341 entropy=250.1009 kl=3.5255
[Iter 95/488] steps=194560 reward=-652.52 pi_loss=0.0829 vf_loss=19.2012 entropy=163.6272 kl=1.2294
[Iter 96/488] steps=196608 reward=-673.90 pi_loss=-0.1300 vf_loss=17.7360 entropy=170.1798 kl=1.2415
[Iter 97/488] steps=198656 reward=-251.47 pi_loss=-0.3126 vf_loss=21.5125 entropy=212.8226 kl=2.1855
[Iter 98/488] steps=200704 reward=-70.72 pi_loss=-0.5803 vf_loss=17.9930 entropy=775.2880 kl=6.5862
  [Eval] mean_return=-158.04 std_return=59.97
[Iter 99/488] steps=202752 reward=-240.51 pi_loss=-0.9368 vf_loss=18.7181 entropy=1078.6207 kl=8.2042
[Iter 100/488] steps=204800 reward=-133.86 pi_loss=-1.3045 vf_loss=20.3573 entropy=1111.9519 kl=8.7618
[Iter 101/488] steps=206848 reward=-120.41 pi_loss=-1.5883 vf_loss=12.8206 entropy=1625.4042 kl=9.2435
[Iter 102/488] steps=208896 reward=-161.26 pi_loss=-1.3776 vf_loss=14.0987 entropy=1383.0878 kl=8.9057
[Iter 103/488] steps=210944 reward=-167.07 pi_loss=-1.3699 vf_loss=13.9631 entropy=1766.4813 kl=8.9188
  [Eval] mean_return=-127.75 std_return=81.24
[Iter 104/488] steps=212992 reward=-289.97 pi_loss=-1.4822 vf_loss=11.9033 entropy=1245.5923 kl=8.8822
[Iter 105/488] steps=215040 reward=-171.33 pi_loss=-1.4803 vf_loss=21.3002 entropy=1454.3991 kl=9.2972
[Iter 106/488] steps=217088 reward=-226.88 pi_loss=-1.1087 vf_loss=16.1661 entropy=2280.5386 kl=9.7365
[Iter 107/488] steps=219136 reward=-192.39 pi_loss=-1.4806 vf_loss=16.4520 entropy=1411.7442 kl=8.9680
[Iter 108/488] steps=221184 reward=-152.08 pi_loss=-1.6185 vf_loss=12.7840 entropy=2172.1410 kl=9.6204
  [Eval] mean_return=-161.99 std_return=99.69
[Iter 109/488] steps=223232 reward=-242.14 pi_loss=-1.6040 vf_loss=12.8100 entropy=1114.7704 kl=8.9017
[Iter 110/488] steps=225280 reward=-193.58 pi_loss=-1.4295 vf_loss=10.6564 entropy=1612.4614 kl=8.8492
[Iter 111/488] steps=227328 reward=-94.87 pi_loss=-1.5537 vf_loss=6.8070 entropy=2195.3241 kl=9.2252
[Iter 112/488] steps=229376 reward=-294.37 pi_loss=-1.6604 vf_loss=5.0254 entropy=2008.5542 kl=8.8897
[Iter 113/488] steps=231424 reward=-119.21 pi_loss=-1.6726 vf_loss=3.8815 entropy=2135.8366 kl=9.3770
  [Eval] mean_return=-110.91 std_return=88.53
[Iter 114/488] steps=233472 reward=-205.11 pi_loss=-1.6389 vf_loss=7.9521 entropy=2531.9943 kl=9.2322
[Iter 115/488] steps=235520 reward=-179.29 pi_loss=-1.4965 vf_loss=15.6545 entropy=1004.2302 kl=8.4155
[Iter 116/488] steps=237568 reward=-264.66 pi_loss=-1.6083 vf_loss=10.6922 entropy=1439.0403 kl=8.4682
[Iter 117/488] steps=239616 reward=-152.15 pi_loss=-1.5260 vf_loss=11.0962 entropy=1318.8234 kl=8.8452
[Iter 118/488] steps=241664 reward=-218.01 pi_loss=-1.6423 vf_loss=6.7634 entropy=1689.4212 kl=9.2181
  [Eval] mean_return=-142.01 std_return=39.92
[Iter 119/488] steps=243712 reward=-147.30 pi_loss=-1.7173 vf_loss=4.7690 entropy=1809.4831 kl=9.2752
[Iter 120/488] steps=245760 reward=-358.25 pi_loss=-1.5622 vf_loss=8.5226 entropy=2181.5576 kl=10.1783
[Iter 121/488] steps=247808 reward=-464.42 pi_loss=0.1312 vf_loss=5.6720 entropy=138.3503 kl=0.1249
[Iter 122/488] steps=249856 reward=-548.73 pi_loss=-0.9644 vf_loss=3.3616 entropy=840.5641 kl=4.9063
[Iter 123/488] steps=251904 reward=-557.30 pi_loss=0.0686 vf_loss=4.6567 entropy=148.7372 kl=0.3281
  [Eval] mean_return=-464.04 std_return=8.88
[Iter 124/488] steps=253952 reward=-493.32 pi_loss=-1.1356 vf_loss=4.9384 entropy=964.9643 kl=5.5051
[Iter 125/488] steps=256000 reward=-486.34 pi_loss=-1.4079 vf_loss=7.7686 entropy=1058.5065 kl=8.6840
[Iter 126/488] steps=258048 reward=-409.21 pi_loss=-1.2730 vf_loss=5.2462 entropy=1307.6411 kl=7.5480
[Iter 127/488] steps=260096 reward=-389.49 pi_loss=-1.5467 vf_loss=5.6488 entropy=1836.7609 kl=9.0626
  [Eval] mean_return=-599.94 std_return=1.12
[Iter 128/488] steps=262144 reward=-564.67 pi_loss=-1.0126 vf_loss=6.1138 entropy=770.2333 kl=5.1506
[Iter 129/488] steps=264192 reward=-418.71 pi_loss=-1.1863 vf_loss=6.1757 entropy=1507.5800 kl=9.4595
[Iter 130/488] steps=266240 reward=-392.92 pi_loss=-1.3903 vf_loss=15.3637 entropy=1283.7609 kl=9.2177
[Iter 131/488] steps=268288 reward=-198.42 pi_loss=-1.2901 vf_loss=7.6849 entropy=1379.6798 kl=8.8317
[Iter 132/488] steps=270336 reward=-191.65 pi_loss=-1.5613 vf_loss=10.5078 entropy=1281.4784 kl=9.3329
  [Eval] mean_return=-302.13 std_return=151.69
[Iter 133/488] steps=272384 reward=-215.83 pi_loss=-0.2372 vf_loss=11.0177 entropy=1113.6719 kl=8.6045
[Iter 134/488] steps=274432 reward=-548.12 pi_loss=-1.1907 vf_loss=13.6212 entropy=931.6644 kl=7.2260
[Iter 135/488] steps=276480 reward=-411.49 pi_loss=-1.3876 vf_loss=4.4548 entropy=670.8033 kl=8.7940
[Iter 136/488] steps=278528 reward=-501.38 pi_loss=-0.0649 vf_loss=4.9503 entropy=339.9470 kl=1.4627
[Iter 137/488] steps=280576 reward=-403.26 pi_loss=1.1184 vf_loss=13.0712 entropy=1424.4365 kl=6.1867
  [Eval] mean_return=-580.01 std_return=53.67
[Iter 138/488] steps=282624 reward=-250.74 pi_loss=-0.8763 vf_loss=17.1647 entropy=1011.6465 kl=6.5275
[Iter 139/488] steps=284672 reward=344.28 pi_loss=-0.4292 vf_loss=16.7752 entropy=760.4485 kl=3.3509
[Iter 140/488] steps=286720 reward=-546.44 pi_loss=-1.3684 vf_loss=20.0352 entropy=906.5176 kl=6.0805
[Iter 141/488] steps=288768 reward=-683.79 pi_loss=-1.4136 vf_loss=16.9327 entropy=4238.9828 kl=7.2740
[Iter 142/488] steps=290816 reward=-752.67 pi_loss=-1.1290 vf_loss=15.5479 entropy=2619.6024 kl=6.2479
  [Eval] mean_return=-658.26 std_return=85.95
[Iter 143/488] steps=292864 reward=-621.37 pi_loss=-1.4744 vf_loss=15.3876 entropy=2485.1892 kl=7.4187
[Iter 144/488] steps=294912 reward=-582.45 pi_loss=-0.5282 vf_loss=10.8583 entropy=488.4547 kl=3.2292
[Iter 145/488] steps=296960 reward=-674.26 pi_loss=-1.4093 vf_loss=11.2703 entropy=1880.4509 kl=7.4505
[Iter 146/488] steps=299008 reward=-639.62 pi_loss=0.1303 vf_loss=15.7393 entropy=137.9325 kl=0.0945
[Iter 147/488] steps=301056 reward=-754.84 pi_loss=-0.9050 vf_loss=12.1627 entropy=636.2862 kl=4.3372
  [Eval] mean_return=-682.58 std_return=64.92
[Iter 148/488] steps=303104 reward=-602.29 pi_loss=-0.1587 vf_loss=8.9879 entropy=149.7925 kl=0.7327
[Iter 149/488] steps=305152 reward=-605.48 pi_loss=-0.0286 vf_loss=13.4521 entropy=137.7210 kl=0.0884
[Iter 150/488] steps=307200 reward=-595.62 pi_loss=-0.4659 vf_loss=13.1758 entropy=168.3147 kl=1.4303
[Iter 151/488] steps=309248 reward=-596.14 pi_loss=0.0275 vf_loss=13.1278 entropy=137.4836 kl=0.0852
[Iter 152/488] steps=311296 reward=-596.85 pi_loss=-0.0097 vf_loss=12.9860 entropy=137.9262 kl=0.1140
  [Eval] mean_return=-595.86 std_return=1.59
[Iter 153/488] steps=313344 reward=-595.98 pi_loss=-0.0496 vf_loss=12.8889 entropy=138.0882 kl=0.1210
[Iter 154/488] steps=315392 reward=-594.22 pi_loss=-0.0783 vf_loss=12.7803 entropy=138.1971 kl=0.1178
[Iter 155/488] steps=317440 reward=-595.96 pi_loss=-0.1082 vf_loss=12.6711 entropy=138.3837 kl=0.1371
[Iter 156/488] steps=319488 reward=-595.15 pi_loss=-0.1664 vf_loss=12.6694 entropy=140.2121 kl=0.2550
[Iter 157/488] steps=321536 reward=-597.21 pi_loss=-0.1334 vf_loss=12.5464 entropy=138.4380 kl=0.1490
  [Eval] mean_return=-596.71 std_return=0.96
[Iter 158/488] steps=323584 reward=-596.03 pi_loss=-0.1485 vf_loss=12.5420 entropy=140.1119 kl=0.2334
[Iter 159/488] steps=325632 reward=-594.97 pi_loss=-1.0918 vf_loss=12.4879 entropy=268.2395 kl=4.6729
[Iter 160/488] steps=327680 reward=-597.98 pi_loss=-0.3587 vf_loss=12.4725 entropy=392.6799 kl=2.6064
[Iter 161/488] steps=329728 reward=-595.55 pi_loss=-1.4765 vf_loss=12.4410 entropy=1380.5095 kl=8.4362
[Iter 162/488] steps=331776 reward=-593.92 pi_loss=-1.5686 vf_loss=12.4107 entropy=1298.8794 kl=8.4896
  [Eval] mean_return=-596.03 std_return=1.37
[Iter 163/488] steps=333824 reward=-597.24 pi_loss=-1.7607 vf_loss=12.3849 entropy=2092.8577 kl=9.0923
[Iter 164/488] steps=335872 reward=-594.43 pi_loss=-1.7422 vf_loss=12.3325 entropy=1807.2157 kl=8.8392
[Iter 165/488] steps=337920 reward=-596.69 pi_loss=-1.4541 vf_loss=12.4010 entropy=1329.1929 kl=8.3097
[Iter 166/488] steps=339968 reward=-597.07 pi_loss=-0.6620 vf_loss=12.3108 entropy=2224.8775 kl=9.6712
[Iter 167/488] steps=342016 reward=-594.84 pi_loss=-1.4235 vf_loss=18.2394 entropy=2054.2897 kl=9.8491
  [Eval] mean_return=-595.89 std_return=1.29
[Iter 168/488] steps=344064 reward=-595.63 pi_loss=-1.7947 vf_loss=12.1948 entropy=2547.2126 kl=10.3378
[Iter 169/488] steps=346112 reward=-595.48 pi_loss=-2.0078 vf_loss=12.2307 entropy=4532.0736 kl=10.9733
[Iter 170/488] steps=348160 reward=-594.88 pi_loss=-1.5717 vf_loss=12.2502 entropy=3013.7332 kl=10.2609
[Iter 171/488] steps=350208 reward=-595.43 pi_loss=30.0714 vf_loss=12.2782 entropy=4295.3446 kl=12.9393
  [Eval] mean_return=-595.90 std_return=1.54
[Iter 172/488] steps=352256 reward=-597.00 pi_loss=-1.4159 vf_loss=12.2907 entropy=5995.6922 kl=11.2728
[Iter 173/488] steps=354304 reward=-596.13 pi_loss=-1.4657 vf_loss=12.3074 entropy=3235.5084 kl=10.9281
[Iter 174/488] steps=356352 reward=-596.89 pi_loss=-1.7121 vf_loss=12.3653 entropy=3771.4117 kl=10.9766
[Iter 175/488] steps=358400 reward=-594.76 pi_loss=-1.8412 vf_loss=12.3355 entropy=3118.3083 kl=11.2149
[Iter 176/488] steps=360448 reward=-596.62 pi_loss=-1.5470 vf_loss=12.3504 entropy=3434.1767 kl=9.8696
  [Eval] mean_return=-596.37 std_return=1.52
[Iter 177/488] steps=362496 reward=-594.74 pi_loss=-1.6625 vf_loss=12.3979 entropy=5776.2966 kl=11.0334
[Iter 178/488] steps=364544 reward=-597.16 pi_loss=-1.7208 vf_loss=12.3991 entropy=9084.5476 kl=11.4878
[Iter 179/488] steps=366592 reward=-596.69 pi_loss=-1.9267 vf_loss=12.3841 entropy=5364.2445 kl=10.9626
[Iter 180/488] steps=368640 reward=-594.75 pi_loss=-1.7405 vf_loss=12.3776 entropy=6281.0281 kl=10.6796
[Iter 181/488] steps=370688 reward=-597.13 pi_loss=-2.0557 vf_loss=12.3798 entropy=3702.1028 kl=10.0962
  [Eval] mean_return=-595.45 std_return=0.97
[Iter 182/488] steps=372736 reward=-595.73 pi_loss=-2.1219 vf_loss=12.3440 entropy=3871.5749 kl=10.2788
[Iter 183/488] steps=374784 reward=-595.37 pi_loss=-1.9343 vf_loss=12.3385 entropy=3636.6447 kl=10.0905
[Iter 184/488] steps=376832 reward=-596.89 pi_loss=-2.2078 vf_loss=12.3358 entropy=2985.7711 kl=10.2194
[Iter 185/488] steps=378880 reward=-597.11 pi_loss=-1.7961 vf_loss=12.3858 entropy=2323.5604 kl=9.9862
[Iter 186/488] steps=380928 reward=-596.39 pi_loss=-1.8729 vf_loss=12.3962 entropy=4594.4049 kl=10.5065
  [Eval] mean_return=-595.42 std_return=1.22
[Iter 187/488] steps=382976 reward=-595.30 pi_loss=-1.5984 vf_loss=12.4134 entropy=1599.2725 kl=9.6913
[Iter 188/488] steps=385024 reward=-595.36 pi_loss=-1.3529 vf_loss=18.1116 entropy=1873.1765 kl=8.8332
[Iter 189/488] steps=387072 reward=-595.68 pi_loss=-1.7333 vf_loss=12.2227 entropy=2119.9314 kl=10.8157
[Iter 190/488] steps=389120 reward=-597.57 pi_loss=-1.5337 vf_loss=12.2263 entropy=2295.6223 kl=9.4472
[Iter 191/488] steps=391168 reward=-597.40 pi_loss=-2.0359 vf_loss=12.1772 entropy=3953.8210 kl=10.3435
  [Eval] mean_return=-596.43 std_return=0.84
[Iter 192/488] steps=393216 reward=-596.54 pi_loss=-1.4907 vf_loss=12.1764 entropy=3273.8238 kl=10.2747
[Iter 193/488] steps=395264 reward=-596.69 pi_loss=-1.3697 vf_loss=12.2721 entropy=3221.8519 kl=9.9912
[Iter 194/488] steps=397312 reward=-594.73 pi_loss=-1.4523 vf_loss=12.2524 entropy=4696.9801 kl=10.6235
[Iter 195/488] steps=399360 reward=-594.77 pi_loss=-1.7118 vf_loss=12.2448 entropy=5204.7221 kl=11.9202
[Iter 196/488] steps=401408 reward=-596.67 pi_loss=-1.6564 vf_loss=12.2434 entropy=7786.7091 kl=10.8908
  [Eval] mean_return=-596.09 std_return=0.70
[Iter 197/488] steps=403456 reward=-593.90 pi_loss=-1.7868 vf_loss=12.2714 entropy=3880.5566 kl=10.5872
[Iter 198/488] steps=405504 reward=-597.00 pi_loss=-1.3669 vf_loss=12.2709 entropy=4462.8269 kl=11.0086
[Iter 199/488] steps=407552 reward=-596.34 pi_loss=-1.4317 vf_loss=12.2837 entropy=5244.8428 kl=11.1918
[Iter 200/488] steps=409600 reward=-595.42 pi_loss=-1.7077 vf_loss=12.2700 entropy=5444.8188 kl=10.7020
[Iter 201/488] steps=411648 reward=-595.34 pi_loss=-1.7155 vf_loss=12.2797 entropy=4838.6699 kl=11.3496
  [Eval] mean_return=-621.23 std_return=2.43
[Iter 202/488] steps=413696 reward=-612.73 pi_loss=-1.5100 vf_loss=12.4624 entropy=15269.6395 kl=11.3786
[Iter 203/488] steps=415744 reward=-610.37 pi_loss=-1.6422 vf_loss=12.4004 entropy=4572.7477 kl=10.2937
[Iter 204/488] steps=417792 reward=-596.03 pi_loss=-1.6549 vf_loss=12.3147 entropy=4710.7738 kl=10.8864
[Iter 205/488] steps=419840 reward=-594.66 pi_loss=-1.6570 vf_loss=12.3192 entropy=4302.9213 kl=11.1144
[Iter 206/488] steps=421888 reward=-597.13 pi_loss=-1.6591 vf_loss=12.3543 entropy=8045.4125 kl=11.7042
  [Eval] mean_return=-595.86 std_return=0.57
[Iter 207/488] steps=423936 reward=-594.80 pi_loss=-1.2796 vf_loss=12.3403 entropy=5565.2591 kl=10.6522
[Iter 208/488] steps=425984 reward=-610.70 pi_loss=-1.7460 vf_loss=12.7591 entropy=10894.2149 kl=11.5182
[Iter 209/488] steps=428032 reward=-603.88 pi_loss=-1.8662 vf_loss=17.2473 entropy=6515.1809 kl=10.2881
[Iter 210/488] steps=430080 reward=-596.72 pi_loss=-1.9598 vf_loss=12.1660 entropy=9681.6037 kl=10.1987
  [Eval] mean_return=-594.17 std_return=1.29
[Iter 211/488] steps=432128 reward=-612.95 pi_loss=-1.8388 vf_loss=12.1473 entropy=18914.3865 kl=10.6779
[Iter 212/488] steps=434176 reward=-597.42 pi_loss=-1.9410 vf_loss=12.2235 entropy=5145.5599 kl=9.3435
[Iter 213/488] steps=436224 reward=-595.88 pi_loss=-1.9818 vf_loss=12.2362 entropy=5562.9818 kl=9.3995
[Iter 214/488] steps=438272 reward=-597.79 pi_loss=-2.0900 vf_loss=12.2899 entropy=7296.1710 kl=9.4078
[Iter 215/488] steps=440320 reward=-595.89 pi_loss=-1.6971 vf_loss=12.3086 entropy=10660.9752 kl=10.0984
  [Eval] mean_return=-618.34 std_return=5.83
[Iter 216/488] steps=442368 reward=-615.76 pi_loss=-1.8434 vf_loss=13.0050 entropy=9920.3971 kl=10.6843
[Iter 217/488] steps=444416 reward=-599.24 pi_loss=-2.0114 vf_loss=12.3272 entropy=5448.4873 kl=9.6203
[Iter 218/488] steps=446464 reward=-594.02 pi_loss=-2.0227 vf_loss=12.3253 entropy=3815.5869 kl=8.9611
[Iter 219/488] steps=448512 reward=-596.24 pi_loss=-0.8799 vf_loss=12.2871 entropy=7197.3970 kl=9.6572
[Iter 220/488] steps=450560 reward=-593.43 pi_loss=-1.8841 vf_loss=12.2976 entropy=6751.6749 kl=9.2891
  [Eval] mean_return=-596.10 std_return=1.48
[Iter 221/488] steps=452608 reward=-597.19 pi_loss=-1.9354 vf_loss=12.2888 entropy=10984.2918 kl=9.7005
[Iter 222/488] steps=454656 reward=-594.21 pi_loss=-2.0429 vf_loss=12.3200 entropy=12907.5378 kl=9.7084
[Iter 223/488] steps=456704 reward=-596.14 pi_loss=-2.0263 vf_loss=12.3240 entropy=17494.6598 kl=9.4693
[Iter 224/488] steps=458752 reward=-592.81 pi_loss=-2.0910 vf_loss=12.2928 entropy=9636.6546 kl=9.4839
[Iter 225/488] steps=460800 reward=-593.62 pi_loss=-2.1354 vf_loss=12.3164 entropy=9935.6136 kl=9.7261
  [Eval] mean_return=-595.72 std_return=1.20
[Iter 226/488] steps=462848 reward=-602.45 pi_loss=-2.1110 vf_loss=12.3543 entropy=19819.7880 kl=10.3407
[Iter 227/488] steps=464896 reward=-599.93 pi_loss=-2.0795 vf_loss=12.5175 entropy=17815.2724 kl=10.1702
[Iter 228/488] steps=466944 reward=-608.14 pi_loss=-1.9056 vf_loss=12.4169 entropy=28931.2994 kl=10.8318
[Iter 229/488] steps=468992 reward=-599.84 pi_loss=-1.8599 vf_loss=12.1507 entropy=14651.3451 kl=10.6853
[Iter 230/488] steps=471040 reward=-596.71 pi_loss=-1.7651 vf_loss=15.9463 entropy=7342.0289 kl=10.4386
  [Eval] mean_return=-619.38 std_return=5.24
[Iter 231/488] steps=473088 reward=-618.59 pi_loss=-1.8186 vf_loss=12.8508 entropy=15420.9900 kl=11.5349
[Iter 232/488] steps=475136 reward=-598.99 pi_loss=-1.9839 vf_loss=12.3409 entropy=8228.8730 kl=10.5367
[Iter 233/488] steps=477184 reward=-599.82 pi_loss=-2.0404 vf_loss=12.4032 entropy=14310.1926 kl=10.9620
[Iter 234/488] steps=479232 reward=-597.00 pi_loss=-1.8165 vf_loss=12.2763 entropy=9917.8396 kl=10.6238
[Iter 235/488] steps=481280 reward=-596.36 pi_loss=-2.0318 vf_loss=12.2729 entropy=11906.9461 kl=10.5427
  [Eval] mean_return=-595.44 std_return=0.93
[Iter 236/488] steps=483328 reward=-597.38 pi_loss=-2.0213 vf_loss=12.2757 entropy=17305.6269 kl=10.4380
[Iter 237/488] steps=485376 reward=-595.42 pi_loss=-2.0556 vf_loss=12.2969 entropy=21449.0531 kl=10.3717
[Iter 238/488] steps=487424 reward=-595.42 pi_loss=-1.9938 vf_loss=12.2573 entropy=15242.9019 kl=10.3150
[Iter 239/488] steps=489472 reward=-595.36 pi_loss=-1.9514 vf_loss=12.2970 entropy=27169.0694 kl=10.2360
[Iter 240/488] steps=491520 reward=-595.16 pi_loss=-1.9106 vf_loss=12.2988 entropy=8122.5117 kl=9.4040
  [Eval] mean_return=-595.88 std_return=1.45
[Iter 241/488] steps=493568 reward=-596.79 pi_loss=-2.0880 vf_loss=12.2933 entropy=14642.4012 kl=9.4100
[Iter 242/488] steps=495616 reward=-597.71 pi_loss=-1.9315 vf_loss=12.3005 entropy=13023.7054 kl=9.1278
[Iter 243/488] steps=497664 reward=-595.93 pi_loss=-2.0803 vf_loss=12.3118 entropy=16475.8830 kl=9.2544
[Iter 244/488] steps=499712 reward=-596.36 pi_loss=-0.9507 vf_loss=12.3406 entropy=7365.3469 kl=8.1586
[Iter 245/488] steps=501760 reward=-596.18 pi_loss=-1.9547 vf_loss=12.3279 entropy=9619.0788 kl=8.5379
  [Eval] mean_return=-595.88 std_return=1.71
[Iter 246/488] steps=503808 reward=-596.19 pi_loss=-2.0782 vf_loss=12.3247 entropy=12307.4884 kl=8.4650
[Iter 247/488] steps=505856 reward=-596.94 pi_loss=-2.1699 vf_loss=12.2928 entropy=23549.1926 kl=9.0717
[Iter 248/488] steps=507904 reward=-593.75 pi_loss=-2.2173 vf_loss=12.1943 entropy=18647.2802 kl=9.1498
[Iter 249/488] steps=509952 reward=-594.58 pi_loss=-1.7242 vf_loss=12.2887 entropy=26381.5263 kl=9.6851
[Iter 250/488] steps=512000 reward=-596.00 pi_loss=-1.8643 vf_loss=18.1311 entropy=16695.7941 kl=9.6011
  [Eval] mean_return=-595.46 std_return=0.69
[Iter 251/488] steps=514048 reward=-596.25 pi_loss=-2.0584 vf_loss=12.1371 entropy=13238.4997 kl=9.5008
[Iter 252/488] steps=516096 reward=-594.97 pi_loss=-2.0814 vf_loss=12.1698 entropy=22999.2584 kl=9.5277
[Iter 253/488] steps=518144 reward=-597.00 pi_loss=-2.1102 vf_loss=12.2220 entropy=16272.1280 kl=9.3594
[Iter 254/488] steps=520192 reward=-596.87 pi_loss=-2.1149 vf_loss=12.2393 entropy=19687.7018 kl=9.4240
  [Eval] mean_return=-596.22 std_return=1.10
[Iter 255/488] steps=522240 reward=-595.56 pi_loss=-2.1338 vf_loss=12.2549 entropy=13223.4871 kl=9.7976
[Iter 256/488] steps=524288 reward=-597.06 pi_loss=-2.1088 vf_loss=12.2972 entropy=12108.1585 kl=9.5908
[Iter 257/488] steps=526336 reward=-597.47 pi_loss=-1.9581 vf_loss=12.3107 entropy=9137.9941 kl=9.5098
[Iter 258/488] steps=528384 reward=-595.59 pi_loss=-2.2107 vf_loss=12.3571 entropy=12747.8682 kl=9.7588
[Iter 259/488] steps=530432 reward=-598.06 pi_loss=-2.0147 vf_loss=12.3941 entropy=7525.5370 kl=9.1281
  [Eval] mean_return=-595.91 std_return=1.06
[Iter 260/488] steps=532480 reward=-595.95 pi_loss=-1.8984 vf_loss=12.3527 entropy=5088.5283 kl=9.1451
[Iter 261/488] steps=534528 reward=-595.50 pi_loss=-1.9257 vf_loss=12.3747 entropy=10596.3022 kl=10.0509
[Iter 262/488] steps=536576 reward=-594.65 pi_loss=-1.9495 vf_loss=12.3546 entropy=12491.6658 kl=10.2557
[Iter 263/488] steps=538624 reward=-596.73 pi_loss=-1.9171 vf_loss=12.3603 entropy=18445.8569 kl=10.8071
[Iter 264/488] steps=540672 reward=-595.07 pi_loss=-2.0154 vf_loss=12.3563 entropy=9886.5889 kl=10.6079
  [Eval] mean_return=-596.39 std_return=1.31
[Iter 265/488] steps=542720 reward=-597.83 pi_loss=-1.8113 vf_loss=12.3383 entropy=4193.3625 kl=10.4343
[Iter 266/488] steps=544768 reward=-594.69 pi_loss=-1.8349 vf_loss=12.3223 entropy=10955.4579 kl=10.5423
[Iter 267/488] steps=546816 reward=-597.33 pi_loss=-2.0108 vf_loss=12.3066 entropy=12322.9692 kl=10.7795
[Iter 268/488] steps=548864 reward=-595.31 pi_loss=-1.8882 vf_loss=12.2984 entropy=8545.0616 kl=10.3212
[Iter 269/488] steps=550912 reward=-594.94 pi_loss=-2.0594 vf_loss=12.2265 entropy=12617.9478 kl=10.8922
  [Eval] mean_return=-595.19 std_return=1.42
[Iter 270/488] steps=552960 reward=-595.87 pi_loss=-1.8426 vf_loss=12.2555 entropy=5107.9695 kl=9.9545
[Iter 271/488] steps=555008 reward=-595.86 pi_loss=-2.0971 vf_loss=18.0685 entropy=13611.2757 kl=11.0345
[Iter 272/488] steps=557056 reward=-596.48 pi_loss=-1.9961 vf_loss=12.0658 entropy=20112.0158 kl=11.0552
[Iter 273/488] steps=559104 reward=-594.87 pi_loss=-1.7824 vf_loss=12.1167 entropy=20113.9441 kl=11.1730
[Iter 274/488] steps=561152 reward=-595.98 pi_loss=-1.6913 vf_loss=12.1561 entropy=6586.1349 kl=10.4825
  [Eval] mean_return=-596.58 std_return=1.09
[Iter 275/488] steps=563200 reward=-595.08 pi_loss=-1.8963 vf_loss=12.1925 entropy=13644.2143 kl=11.2930
[Iter 276/488] steps=565248 reward=-596.87 pi_loss=-1.9017 vf_loss=12.1981 entropy=14163.5424 kl=10.7463
[Iter 277/488] steps=567296 reward=-596.15 pi_loss=-1.7991 vf_loss=12.2291 entropy=10607.6216 kl=10.5822
[Iter 278/488] steps=569344 reward=-596.27 pi_loss=-1.8744 vf_loss=12.2546 entropy=11265.5248 kl=10.0582
[Iter 279/488] steps=571392 reward=-596.10 pi_loss=-1.4209 vf_loss=12.2574 entropy=13324.0202 kl=10.2563
  [Eval] mean_return=-596.77 std_return=1.30
[Iter 280/488] steps=573440 reward=-597.41 pi_loss=-1.2070 vf_loss=12.2887 entropy=16580.5799 kl=10.9607
[Iter 281/488] steps=575488 reward=-596.22 pi_loss=-1.8427 vf_loss=12.2711 entropy=6679.6807 kl=10.3009
[Iter 282/488] steps=577536 reward=-596.08 pi_loss=-1.7290 vf_loss=12.3370 entropy=5065.4336 kl=9.8112
[Iter 283/488] steps=579584 reward=-595.73 pi_loss=-1.5348 vf_loss=12.3036 entropy=3500.2576 kl=9.2520
[Iter 284/488] steps=581632 reward=-596.00 pi_loss=-1.6627 vf_loss=12.3945 entropy=3420.1758 kl=9.5617
  [Eval] mean_return=-595.81 std_return=0.92
[Iter 285/488] steps=583680 reward=-597.34 pi_loss=-1.7049 vf_loss=12.3879 entropy=3227.7377 kl=9.6806
[Iter 286/488] steps=585728 reward=-594.91 pi_loss=-1.0544 vf_loss=12.3303 entropy=2312.6685 kl=8.7411
[Iter 287/488] steps=587776 reward=-597.13 pi_loss=-1.4800 vf_loss=12.3230 entropy=5073.2493 kl=10.3020
[Iter 288/488] steps=589824 reward=-595.86 pi_loss=-2.0195 vf_loss=12.3243 entropy=4004.0082 kl=9.9407
[Iter 289/488] steps=591872 reward=-594.71 pi_loss=13.4137 vf_loss=12.3416 entropy=4790.3954 kl=10.7253
  [Eval] mean_return=-596.38 std_return=1.04
[Iter 290/488] steps=593920 reward=-597.85 pi_loss=-1.8492 vf_loss=12.3085 entropy=3816.6033 kl=9.4528
[Iter 291/488] steps=595968 reward=-596.40 pi_loss=-1.9782 vf_loss=12.3076 entropy=6393.5940 kl=9.7123
[Iter 292/488] steps=598016 reward=-596.40 pi_loss=-1.9884 vf_loss=18.1386 entropy=7594.9312 kl=9.8720
[Iter 293/488] steps=600064 reward=-596.22 pi_loss=-2.1104 vf_loss=12.1902 entropy=5970.3321 kl=9.9410
  [Eval] mean_return=-596.20 std_return=1.05
[Iter 294/488] steps=602112 reward=-596.14 pi_loss=-2.0450 vf_loss=12.1850 entropy=8272.3397 kl=10.0200
[Iter 295/488] steps=604160 reward=-597.96 pi_loss=-2.0992 vf_loss=12.2051 entropy=4292.2764 kl=9.9173
[Iter 296/488] steps=606208 reward=-596.28 pi_loss=-2.1332 vf_loss=12.2084 entropy=6596.6564 kl=10.1921
[Iter 297/488] steps=608256 reward=-596.91 pi_loss=-2.0263 vf_loss=12.2548 entropy=4913.1814 kl=9.8022
[Iter 298/488] steps=610304 reward=-594.79 pi_loss=3.0363 vf_loss=12.2396 entropy=8016.2912 kl=10.4019
  [Eval] mean_return=-597.07 std_return=1.50
[Iter 299/488] steps=612352 reward=-594.51 pi_loss=-2.0525 vf_loss=12.2549 entropy=9139.2457 kl=9.8278
[Iter 300/488] steps=614400 reward=-595.44 pi_loss=-1.6738 vf_loss=12.2525 entropy=6613.9623 kl=9.8457
[Iter 301/488] steps=616448 reward=-594.83 pi_loss=-2.0072 vf_loss=12.2550 entropy=4491.2842 kl=8.9990
[Iter 302/488] steps=618496 reward=-596.13 pi_loss=-2.1031 vf_loss=12.3125 entropy=4375.0674 kl=8.9336
[Iter 303/488] steps=620544 reward=-595.93 pi_loss=-1.9136 vf_loss=12.3007 entropy=4787.5323 kl=9.5619
  [Eval] mean_return=-596.50 std_return=0.98
[Iter 304/488] steps=622592 reward=-596.70 pi_loss=-1.9728 vf_loss=12.2709 entropy=5512.1236 kl=9.8473
[Iter 305/488] steps=624640 reward=-596.28 pi_loss=-1.9531 vf_loss=12.2639 entropy=4465.1914 kl=9.9712
[Iter 306/488] steps=626688 reward=-594.76 pi_loss=-1.9080 vf_loss=12.2562 entropy=5087.9939 kl=10.1109
[Iter 307/488] steps=628736 reward=-594.64 pi_loss=-1.3182 vf_loss=12.2440 entropy=3649.5283 kl=9.0636
[Iter 308/488] steps=630784 reward=-597.14 pi_loss=-1.0512 vf_loss=12.3144 entropy=2904.9311 kl=8.2089
  [Eval] mean_return=-595.88 std_return=1.44
[Iter 309/488] steps=632832 reward=-596.43 pi_loss=-1.1551 vf_loss=12.2015 entropy=4479.2101 kl=9.2264
[Iter 310/488] steps=634880 reward=-594.88 pi_loss=-1.6588 vf_loss=12.2258 entropy=5273.1141 kl=9.8778
[Iter 311/488] steps=636928 reward=-594.49 pi_loss=-1.2392 vf_loss=12.2369 entropy=2939.8448 kl=9.0590
[Iter 312/488] steps=638976 reward=-595.45 pi_loss=-1.2711 vf_loss=12.2856 entropy=2269.3562 kl=9.0295
[Iter 313/488] steps=641024 reward=-596.03 pi_loss=0.3481 vf_loss=17.9201 entropy=137.2579 kl=0.0636
  [Eval] mean_return=-595.73 std_return=0.94
[Iter 314/488] steps=643072 reward=-597.11 pi_loss=-0.0417 vf_loss=12.1371 entropy=137.1080 kl=0.0692
[Iter 315/488] steps=645120 reward=-597.07 pi_loss=-0.1507 vf_loss=12.1827 entropy=137.5945 kl=0.0837
[Iter 316/488] steps=647168 reward=-594.76 pi_loss=-0.2212 vf_loss=12.2267 entropy=138.2324 kl=0.1123
[Iter 317/488] steps=649216 reward=-596.13 pi_loss=-0.2249 vf_loss=12.1956 entropy=138.0495 kl=0.1099
[Iter 318/488] steps=651264 reward=-595.24 pi_loss=-0.2256 vf_loss=12.2078 entropy=138.1435 kl=0.1172
  [Eval] mean_return=-596.68 std_return=1.39
[Iter 319/488] steps=653312 reward=-597.05 pi_loss=-0.2485 vf_loss=12.2877 entropy=138.5147 kl=0.1448
[Iter 320/488] steps=655360 reward=-596.39 pi_loss=-0.2253 vf_loss=12.2377 entropy=138.2548 kl=0.1137
[Iter 321/488] steps=657408 reward=-597.33 pi_loss=-0.2515 vf_loss=12.2390 entropy=138.3300 kl=0.1297
[Iter 322/488] steps=659456 reward=-597.07 pi_loss=-0.2852 vf_loss=12.2612 entropy=137.9409 kl=0.1113
[Iter 323/488] steps=661504 reward=-596.29 pi_loss=-0.2943 vf_loss=12.2564 entropy=137.6716 kl=0.1108
  [Eval] mean_return=-595.26 std_return=1.09
[Iter 324/488] steps=663552 reward=-595.98 pi_loss=-0.2874 vf_loss=12.3237 entropy=138.3249 kl=0.1201
[Iter 325/488] steps=665600 reward=-596.25 pi_loss=-0.3145 vf_loss=12.2799 entropy=138.3808 kl=0.1517
[Iter 326/488] steps=667648 reward=-596.15 pi_loss=-0.3022 vf_loss=12.4241 entropy=139.0866 kl=0.1629
[Iter 327/488] steps=669696 reward=-595.30 pi_loss=-0.3029 vf_loss=12.3299 entropy=143.7441 kl=0.4896
[Iter 328/488] steps=671744 reward=-593.91 pi_loss=-0.1902 vf_loss=12.2417 entropy=138.5636 kl=0.1435
  [Eval] mean_return=-596.08 std_return=1.47
[Iter 329/488] steps=673792 reward=-596.62 pi_loss=-0.2686 vf_loss=12.3044 entropy=140.0556 kl=0.2583
[Iter 330/488] steps=675840 reward=-596.98 pi_loss=-0.8240 vf_loss=12.2631 entropy=212.2016 kl=2.7938
[Iter 331/488] steps=677888 reward=-596.01 pi_loss=-1.0116 vf_loss=12.2635 entropy=235.6258 kl=3.4233
[Iter 332/488] steps=679936 reward=-576.86 pi_loss=-1.3959 vf_loss=17.4997 entropy=2651.3804 kl=12.2748
[Iter 333/488] steps=681984 reward=-664.31 pi_loss=0.0553 vf_loss=9.6501 entropy=137.1005 kl=0.0608
  [Eval] mean_return=-599.15 std_return=0.64
[Iter 334/488] steps=684032 reward=-598.47 pi_loss=-0.1554 vf_loss=14.3574 entropy=138.1424 kl=0.1313
[Iter 335/488] steps=686080 reward=-514.64 pi_loss=-0.1156 vf_loss=10.1318 entropy=137.2572 kl=0.0768
[Iter 336/488] steps=688128 reward=-542.43 pi_loss=-0.0801 vf_loss=12.1710 entropy=137.0474 kl=0.0730
[Iter 337/488] steps=690176 reward=-594.69 pi_loss=-0.0927 vf_loss=11.9217 entropy=137.6816 kl=0.0851
  [Eval] mean_return=-724.33 std_return=7.74
[Iter 338/488] steps=692224 reward=-706.64 pi_loss=-0.0742 vf_loss=13.9608 entropy=137.6886 kl=0.0856
[Iter 339/488] steps=694272 reward=-763.79 pi_loss=-0.0845 vf_loss=15.9743 entropy=137.6894 kl=0.0788
[Iter 340/488] steps=696320 reward=-781.76 pi_loss=-0.0938 vf_loss=16.4500 entropy=137.8792 kl=0.0835
[Iter 341/488] steps=698368 reward=-751.18 pi_loss=-0.1477 vf_loss=16.9191 entropy=141.5133 kl=0.3109
[Iter 342/488] steps=700416 reward=-626.09 pi_loss=-0.5369 vf_loss=15.0285 entropy=167.6186 kl=1.4593
  [Eval] mean_return=-596.45 std_return=1.05
[Iter 343/488] steps=702464 reward=-595.63 pi_loss=0.0266 vf_loss=14.5201 entropy=137.0004 kl=0.0526
[Iter 344/488] steps=704512 reward=-595.71 pi_loss=-0.1409 vf_loss=14.1301 entropy=138.1044 kl=0.1341
[Iter 345/488] steps=706560 reward=-595.97 pi_loss=-0.2253 vf_loss=13.7666 entropy=139.5003 kl=0.1973
[Iter 346/488] steps=708608 reward=-597.47 pi_loss=-0.1445 vf_loss=13.4920 entropy=219.4773 kl=3.0774
[Iter 347/488] steps=710656 reward=-594.66 pi_loss=-0.0209 vf_loss=15.2664 entropy=138.6713 kl=0.1343
  [Eval] mean_return=-646.12 std_return=7.82
[Iter 348/488] steps=712704 reward=-678.91 pi_loss=-0.8041 vf_loss=15.5451 entropy=211.3194 kl=2.6822
[Iter 349/488] steps=714752 reward=-635.35 pi_loss=-0.5130 vf_loss=13.9966 entropy=180.9350 kl=1.8304
[Iter 350/488] steps=716800 reward=-641.11 pi_loss=-1.1683 vf_loss=15.7627 entropy=292.3758 kl=4.4183
[Iter 351/488] steps=718848 reward=-623.79 pi_loss=-0.7828 vf_loss=13.7544 entropy=213.7280 kl=2.8996
[Iter 352/488] steps=720896 reward=-595.80 pi_loss=-0.9696 vf_loss=13.4801 entropy=226.0402 kl=3.1939
  [Eval] mean_return=-595.86 std_return=1.42
[Iter 353/488] steps=722944 reward=-595.41 pi_loss=-0.0591 vf_loss=13.2471 entropy=137.8275 kl=0.1026
[Iter 354/488] steps=724992 reward=-595.61 pi_loss=-0.4758 vf_loss=13.0936 entropy=163.5366 kl=1.3118
[Iter 355/488] steps=727040 reward=-595.94 pi_loss=-0.8038 vf_loss=16.9342 entropy=200.5398 kl=2.6551
[Iter 356/488] steps=729088 reward=-595.56 pi_loss=-0.7757 vf_loss=12.7448 entropy=197.3620 kl=2.3808
[Iter 357/488] steps=731136 reward=-595.91 pi_loss=-0.7694 vf_loss=12.6855 entropy=235.0571 kl=3.5959
  [Eval] mean_return=-596.21 std_return=1.16
[Iter 358/488] steps=733184 reward=-593.30 pi_loss=-0.0458 vf_loss=12.6002 entropy=138.1052 kl=0.0947
[Iter 359/488] steps=735232 reward=-596.70 pi_loss=-0.2097 vf_loss=12.5489 entropy=138.8568 kl=0.1451
[Iter 360/488] steps=737280 reward=-595.44 pi_loss=-0.2338 vf_loss=12.5106 entropy=138.9289 kl=0.1658
[Iter 361/488] steps=739328 reward=-595.21 pi_loss=-0.8451 vf_loss=12.4838 entropy=190.3663 kl=2.2420
[Iter 362/488] steps=741376 reward=-595.72 pi_loss=-0.6291 vf_loss=12.4386 entropy=206.1744 kl=2.7707
  [Eval] mean_return=-595.95 std_return=1.40
[Iter 363/488] steps=743424 reward=-596.20 pi_loss=-0.1825 vf_loss=12.4605 entropy=144.8447 kl=0.5006
[Iter 364/488] steps=745472 reward=-596.95 pi_loss=-0.1048 vf_loss=12.4023 entropy=138.6190 kl=0.1524
[Iter 365/488] steps=747520 reward=-596.77 pi_loss=-0.3300 vf_loss=12.3888 entropy=152.4290 kl=0.8095
[Iter 366/488] steps=749568 reward=-593.82 pi_loss=-0.1122 vf_loss=12.3594 entropy=138.3894 kl=0.1282
[Iter 367/488] steps=751616 reward=-596.79 pi_loss=-0.2238 vf_loss=12.3670 entropy=138.0821 kl=0.1204
  [Eval] mean_return=-596.06 std_return=1.51
[Iter 368/488] steps=753664 reward=-597.69 pi_loss=-0.5221 vf_loss=12.3464 entropy=166.3988 kl=1.3523
[Iter 369/488] steps=755712 reward=-597.83 pi_loss=-0.0980 vf_loss=12.4271 entropy=138.0576 kl=0.1206
[Iter 370/488] steps=757760 reward=-596.46 pi_loss=-1.1336 vf_loss=12.3918 entropy=222.1026 kl=3.3858
[Iter 371/488] steps=759808 reward=-596.11 pi_loss=-0.3281 vf_loss=12.3461 entropy=153.2503 kl=0.9007
[Iter 372/488] steps=761856 reward=-604.93 pi_loss=-0.0980 vf_loss=12.6713 entropy=138.0809 kl=0.1078
  [Eval] mean_return=-595.71 std_return=1.72
[Iter 373/488] steps=763904 reward=-609.18 pi_loss=-0.5027 vf_loss=12.6827 entropy=175.3332 kl=1.6544
[Iter 374/488] steps=765952 reward=-600.63 pi_loss=-0.1248 vf_loss=12.3528 entropy=138.2501 kl=0.1192
[Iter 375/488] steps=768000 reward=-605.27 pi_loss=-0.3482 vf_loss=18.5002 entropy=166.3269 kl=1.3918
[Iter 376/488] steps=770048 reward=-637.04 pi_loss=0.0124 vf_loss=13.2566 entropy=138.1351 kl=0.1153
  [Eval] mean_return=-634.65 std_return=8.02
[Iter 377/488] steps=772096 reward=-628.48 pi_loss=-0.0918 vf_loss=13.1221 entropy=138.3231 kl=0.1135
[Iter 378/488] steps=774144 reward=-629.07 pi_loss=-1.0824 vf_loss=13.4424 entropy=269.5388 kl=3.4563
[Iter 379/488] steps=776192 reward=-616.89 pi_loss=-0.0320 vf_loss=13.2073 entropy=137.7978 kl=0.0894
[Iter 380/488] steps=778240 reward=-610.92 pi_loss=-0.1376 vf_loss=13.2346 entropy=138.5049 kl=0.1311
[Iter 381/488] steps=780288 reward=-628.83 pi_loss=-0.1595 vf_loss=13.3398 entropy=140.8364 kl=0.2759
  [Eval] mean_return=-596.48 std_return=3.22
[Iter 382/488] steps=782336 reward=-602.89 pi_loss=-0.2179 vf_loss=12.8825 entropy=141.7354 kl=0.3553
[Iter 383/488] steps=784384 reward=-593.27 pi_loss=-0.1302 vf_loss=12.7534 entropy=137.9472 kl=0.1068
[Iter 384/488] steps=786432 reward=-596.94 pi_loss=-0.2398 vf_loss=12.6658 entropy=138.4228 kl=0.1302
[Iter 385/488] steps=788480 reward=-592.79 pi_loss=-0.5378 vf_loss=12.6247 entropy=166.8640 kl=1.4089
[Iter 386/488] steps=790528 reward=-594.55 pi_loss=-0.1182 vf_loss=12.5642 entropy=138.4281 kl=0.1340
  [Eval] mean_return=-595.50 std_return=1.39
[Iter 387/488] steps=792576 reward=-596.02 pi_loss=-0.2864 vf_loss=12.5225 entropy=138.3495 kl=0.1421
[Iter 388/488] steps=794624 reward=-595.28 pi_loss=-0.3165 vf_loss=12.5079 entropy=139.4732 kl=0.2078
[Iter 389/488] steps=796672 reward=-596.39 pi_loss=-0.2633 vf_loss=12.4880 entropy=138.3518 kl=0.1302
[Iter 390/488] steps=798720 reward=-595.17 pi_loss=-0.3418 vf_loss=12.4537 entropy=139.0934 kl=0.1704
[Iter 391/488] steps=800768 reward=-596.00 pi_loss=-0.3186 vf_loss=12.4319 entropy=138.5883 kl=0.1573
  [Eval] mean_return=-594.86 std_return=1.14
[Iter 392/488] steps=802816 reward=-595.12 pi_loss=-0.8672 vf_loss=12.4369 entropy=193.1488 kl=2.5324
[Iter 393/488] steps=804864 reward=-595.38 pi_loss=0.4674 vf_loss=12.4327 entropy=138.2901 kl=0.1182
[Iter 394/488] steps=806912 reward=-593.72 pi_loss=-0.2232 vf_loss=12.4375 entropy=138.5714 kl=0.1453
[Iter 395/488] steps=808960 reward=-596.24 pi_loss=-0.6749 vf_loss=12.4191 entropy=192.5222 kl=2.4331
[Iter 396/488] steps=811008 reward=-596.76 pi_loss=-1.0483 vf_loss=18.3092 entropy=200.5972 kl=3.2280
  [Eval] mean_return=-595.95 std_return=1.89
[Iter 397/488] steps=813056 reward=-594.79 pi_loss=-0.2663 vf_loss=12.2426 entropy=150.4834 kl=0.9566
[Iter 398/488] steps=815104 reward=-593.89 pi_loss=-0.2824 vf_loss=12.2714 entropy=138.4757 kl=0.1469
[Iter 399/488] steps=817152 reward=-594.69 pi_loss=-0.6245 vf_loss=12.2808 entropy=166.1499 kl=1.4877
[Iter 400/488] steps=819200 reward=-593.93 pi_loss=-0.6398 vf_loss=12.2929 entropy=203.4075 kl=2.9064
[Iter 401/488] steps=821248 reward=-594.71 pi_loss=-0.1181 vf_loss=12.2790 entropy=140.0842 kl=0.2353
  [Eval] mean_return=-595.84 std_return=1.89
[Iter 402/488] steps=823296 reward=-595.43 pi_loss=-0.2622 vf_loss=12.2640 entropy=139.4432 kl=0.1905
[Iter 403/488] steps=825344 reward=-595.50 pi_loss=-0.6598 vf_loss=12.2833 entropy=171.0946 kl=1.6968
[Iter 404/488] steps=827392 reward=-596.34 pi_loss=0.0669 vf_loss=12.2923 entropy=139.9328 kl=0.2295
[Iter 405/488] steps=829440 reward=-596.30 pi_loss=-0.4968 vf_loss=12.3192 entropy=164.2818 kl=1.4163
[Iter 406/488] steps=831488 reward=-594.38 pi_loss=-0.3479 vf_loss=12.3302 entropy=150.2216 kl=0.8028
  [Eval] mean_return=-595.11 std_return=1.32
[Iter 407/488] steps=833536 reward=-595.28 pi_loss=-0.9378 vf_loss=12.3424 entropy=197.2254 kl=2.6518
[Iter 408/488] steps=835584 reward=-597.42 pi_loss=-0.6275 vf_loss=12.3410 entropy=189.7267 kl=2.3769
[Iter 409/488] steps=837632 reward=-592.42 pi_loss=-0.2091 vf_loss=12.3270 entropy=139.4340 kl=0.1988
[Iter 410/488] steps=839680 reward=-599.54 pi_loss=-0.5284 vf_loss=12.3438 entropy=171.4305 kl=1.8096
[Iter 411/488] steps=841728 reward=-597.86 pi_loss=-0.1207 vf_loss=12.3341 entropy=139.4089 kl=0.1942
  [Eval] mean_return=-595.63 std_return=1.10
[Iter 412/488] steps=843776 reward=-594.75 pi_loss=-0.3072 vf_loss=12.3479 entropy=141.6646 kl=0.3671
[Iter 413/488] steps=845824 reward=-595.48 pi_loss=-0.1901 vf_loss=12.3357 entropy=139.3231 kl=0.1838
[Iter 414/488] steps=847872 reward=-594.98 pi_loss=-0.2322 vf_loss=12.3426 entropy=140.1267 kl=0.2418
[Iter 415/488] steps=849920 reward=-596.11 pi_loss=-0.3964 vf_loss=12.3513 entropy=153.9806 kl=1.0111
[Iter 416/488] steps=851968 reward=-592.89 pi_loss=-0.7597 vf_loss=12.3611 entropy=176.9608 kl=2.1169
  [Eval] mean_return=-595.49 std_return=1.94
[Iter 417/488] steps=854016 reward=-595.80 pi_loss=-0.3061 vf_loss=18.1758 entropy=140.0757 kl=0.2363
[Iter 418/488] steps=856064 reward=-596.33 pi_loss=-0.3820 vf_loss=12.1953 entropy=148.7267 kl=0.7187
[Iter 419/488] steps=858112 reward=-596.02 pi_loss=-0.2783 vf_loss=12.2301 entropy=142.3450 kl=0.3515
[Iter 420/488] steps=860160 reward=-594.07 pi_loss=-0.1777 vf_loss=12.2449 entropy=139.2447 kl=0.1672
  [Eval] mean_return=-595.18 std_return=1.51
[Iter 421/488] steps=862208 reward=-594.72 pi_loss=-0.2719 vf_loss=12.2600 entropy=142.4899 kl=0.3945
[Iter 422/488] steps=864256 reward=-594.68 pi_loss=-0.2583 vf_loss=12.2884 entropy=140.2586 kl=0.2400
[Iter 423/488] steps=866304 reward=-594.49 pi_loss=-0.7978 vf_loss=12.3017 entropy=177.1613 kl=2.2067
[Iter 424/488] steps=868352 reward=-599.73 pi_loss=0.0608 vf_loss=12.3285 entropy=138.0779 kl=0.1078
[Iter 425/488] steps=870400 reward=-595.48 pi_loss=-0.2918 vf_loss=12.3202 entropy=141.7334 kl=0.3358
  [Eval] mean_return=-595.29 std_return=1.84
[Iter 426/488] steps=872448 reward=-595.20 pi_loss=-0.2858 vf_loss=12.3201 entropy=142.6771 kl=0.3966
[Iter 427/488] steps=874496 reward=-596.97 pi_loss=-0.2144 vf_loss=12.3245 entropy=138.3332 kl=0.1212
[Iter 428/488] steps=876544 reward=-596.38 pi_loss=-0.3285 vf_loss=12.3181 entropy=139.6968 kl=0.2189
[Iter 429/488] steps=878592 reward=-594.91 pi_loss=-0.2065 vf_loss=12.3395 entropy=139.7354 kl=0.2185
[Iter 430/488] steps=880640 reward=-594.51 pi_loss=-0.2779 vf_loss=12.3314 entropy=139.2583 kl=0.1762
  [Eval] mean_return=-596.39 std_return=1.43
[Iter 431/488] steps=882688 reward=-595.53 pi_loss=-0.2979 vf_loss=12.3364 entropy=138.9609 kl=0.1840
[Iter 432/488] steps=884736 reward=-594.39 pi_loss=-0.2796 vf_loss=12.3216 entropy=138.1822 kl=0.1320
[Iter 433/488] steps=886784 reward=-594.51 pi_loss=-0.7916 vf_loss=12.3282 entropy=170.4165 kl=1.8668
[Iter 434/488] steps=888832 reward=-596.25 pi_loss=0.1572 vf_loss=12.3175 entropy=138.3481 kl=0.1233
[Iter 435/488] steps=890880 reward=-595.91 pi_loss=-0.3062 vf_loss=12.3336 entropy=139.4005 kl=0.1947
  [Eval] mean_return=-594.58 std_return=1.40
[Iter 436/488] steps=892928 reward=-595.29 pi_loss=-0.3270 vf_loss=12.3489 entropy=138.8693 kl=0.1599
[Iter 437/488] steps=894976 reward=-596.74 pi_loss=-0.4002 vf_loss=12.3402 entropy=144.6700 kl=0.5406
[Iter 438/488] steps=897024 reward=-596.46 pi_loss=-0.2116 vf_loss=17.9984 entropy=138.6023 kl=0.1410
[Iter 439/488] steps=899072 reward=-596.21 pi_loss=-0.2922 vf_loss=12.1886 entropy=138.2144 kl=0.1347
[Iter 440/488] steps=901120 reward=-596.33 pi_loss=-0.3228 vf_loss=12.2122 entropy=139.2441 kl=0.1851
  [Eval] mean_return=-595.06 std_return=1.04
[Iter 441/488] steps=903168 reward=-597.49 pi_loss=-0.2622 vf_loss=12.2313 entropy=138.8362 kl=0.1596
[Iter 442/488] steps=905216 reward=-594.86 pi_loss=-0.3129 vf_loss=12.2555 entropy=138.5494 kl=0.1380
[Iter 443/488] steps=907264 reward=-595.57 pi_loss=-0.3501 vf_loss=12.2669 entropy=140.5280 kl=0.2598
[Iter 444/488] steps=909312 reward=-596.20 pi_loss=-0.1857 vf_loss=12.2873 entropy=137.9638 kl=0.1091
[Iter 445/488] steps=911360 reward=-596.21 pi_loss=-0.5893 vf_loss=12.3088 entropy=158.5508 kl=1.2604
  [Eval] mean_return=-595.80 std_return=2.31
[Iter 446/488] steps=913408 reward=-594.29 pi_loss=0.0731 vf_loss=12.3126 entropy=138.0587 kl=0.1116
[Iter 447/488] steps=915456 reward=-593.59 pi_loss=-0.4229 vf_loss=12.3188 entropy=151.2273 kl=0.8739
[Iter 448/488] steps=917504 reward=-597.01 pi_loss=-0.2441 vf_loss=12.3254 entropy=139.2087 kl=0.2014
[Iter 449/488] steps=919552 reward=-598.47 pi_loss=-0.2975 vf_loss=12.3283 entropy=139.1275 kl=0.1775
[Iter 450/488] steps=921600 reward=-595.41 pi_loss=-0.3120 vf_loss=12.3205 entropy=137.9650 kl=0.1191
  [Eval] mean_return=-596.53 std_return=2.04
[Iter 451/488] steps=923648 reward=-595.11 pi_loss=-0.3586 vf_loss=12.3243 entropy=138.8708 kl=0.1602
[Iter 452/488] steps=925696 reward=-595.95 pi_loss=-0.3232 vf_loss=12.3168 entropy=138.1698 kl=0.1227
[Iter 453/488] steps=927744 reward=-594.28 pi_loss=-0.3498 vf_loss=12.3254 entropy=138.2644 kl=0.1382
[Iter 454/488] steps=929792 reward=-594.27 pi_loss=-0.3622 vf_loss=12.3157 entropy=138.8246 kl=0.1454
[Iter 455/488] steps=931840 reward=-595.04 pi_loss=-0.3304 vf_loss=12.3206 entropy=138.6230 kl=0.1444
  [Eval] mean_return=-595.64 std_return=1.67
[Iter 456/488] steps=933888 reward=-593.22 pi_loss=-0.3222 vf_loss=12.3225 entropy=138.3167 kl=0.1355
[Iter 457/488] steps=935936 reward=-594.35 pi_loss=-0.3433 vf_loss=12.3320 entropy=138.6844 kl=0.1449
[Iter 458/488] steps=937984 reward=-595.29 pi_loss=-0.3160 vf_loss=12.3442 entropy=138.4861 kl=0.1339
[Iter 459/488] steps=940032 reward=-596.27 pi_loss=-0.2977 vf_loss=17.5624 entropy=138.2989 kl=0.1184
  [Eval] mean_return=-598.38 std_return=3.72
[Iter 460/488] steps=942080 reward=-616.93 pi_loss=-0.0671 vf_loss=13.1564 entropy=137.4644 kl=0.0671
[Iter 461/488] steps=944128 reward=-629.80 pi_loss=-0.0951 vf_loss=13.1590 entropy=137.2254 kl=0.0665
[Iter 462/488] steps=946176 reward=-614.33 pi_loss=-0.1726 vf_loss=13.2517 entropy=137.6325 kl=0.0932
[Iter 463/488] steps=948224 reward=-621.15 pi_loss=-0.2076 vf_loss=13.3617 entropy=137.5772 kl=0.0955
[Iter 464/488] steps=950272 reward=-618.39 pi_loss=-0.2248 vf_loss=13.1579 entropy=137.7813 kl=0.1025
  [Eval] mean_return=-596.56 std_return=1.20
[Iter 465/488] steps=952320 reward=-605.99 pi_loss=-0.2592 vf_loss=12.9254 entropy=138.1587 kl=0.1095
[Iter 466/488] steps=954368 reward=-595.88 pi_loss=-0.2785 vf_loss=12.6882 entropy=138.0997 kl=0.1106
[Iter 467/488] steps=956416 reward=-596.23 pi_loss=-0.2812 vf_loss=12.6094 entropy=137.7079 kl=0.1117
[Iter 468/488] steps=958464 reward=-596.07 pi_loss=-0.2535 vf_loss=12.5249 entropy=137.9877 kl=0.1098
[Iter 469/488] steps=960512 reward=-595.57 pi_loss=-0.2753 vf_loss=12.5007 entropy=138.1170 kl=0.1141
  [Eval] mean_return=-595.17 std_return=1.18
[Iter 470/488] steps=962560 reward=-596.39 pi_loss=-0.2390 vf_loss=12.4481 entropy=137.8360 kl=0.0997
[Iter 471/488] steps=964608 reward=-595.80 pi_loss=-0.2507 vf_loss=12.4305 entropy=138.2122 kl=0.1160
[Iter 472/488] steps=966656 reward=-595.50 pi_loss=-0.2254 vf_loss=12.4160 entropy=137.8716 kl=0.0979
[Iter 473/488] steps=968704 reward=-597.13 pi_loss=-0.2207 vf_loss=12.3858 entropy=137.6820 kl=0.0919
[Iter 474/488] steps=970752 reward=-596.32 pi_loss=-0.2110 vf_loss=12.4002 entropy=137.8399 kl=0.1035
  [Eval] mean_return=-595.29 std_return=0.98
[Iter 475/488] steps=972800 reward=-596.60 pi_loss=-0.2068 vf_loss=12.3549 entropy=137.8827 kl=0.0948
[Iter 476/488] steps=974848 reward=-596.73 pi_loss=-0.1926 vf_loss=12.3834 entropy=137.4783 kl=0.0869
[Iter 477/488] steps=976896 reward=-597.23 pi_loss=-0.1798 vf_loss=12.3437 entropy=137.8270 kl=0.0852
[Iter 478/488] steps=978944 reward=-597.57 pi_loss=-0.1737 vf_loss=12.3440 entropy=137.5659 kl=0.0898
[Iter 479/488] steps=980992 reward=-596.10 pi_loss=-0.1410 vf_loss=12.3472 entropy=137.3243 kl=0.0693
  [Eval] mean_return=-596.46 std_return=1.14
[Iter 480/488] steps=983040 reward=-596.13 pi_loss=-0.1565 vf_loss=16.1762 entropy=137.5339 kl=0.0762
[Iter 481/488] steps=985088 reward=-594.86 pi_loss=-0.1480 vf_loss=12.2982 entropy=137.3427 kl=0.0770
[Iter 482/488] steps=987136 reward=-595.67 pi_loss=-0.1370 vf_loss=12.3016 entropy=137.3470 kl=0.0711
[Iter 483/488] steps=989184 reward=-594.73 pi_loss=-0.1293 vf_loss=12.2991 entropy=137.2114 kl=0.0658
[Iter 484/488] steps=991232 reward=-594.62 pi_loss=-0.1255 vf_loss=12.3011 entropy=137.2625 kl=0.0654
  [Eval] mean_return=-595.72 std_return=1.23
[Iter 485/488] steps=993280 reward=-596.83 pi_loss=-0.1151 vf_loss=12.2981 entropy=137.0618 kl=0.0613
[Iter 486/488] steps=995328 reward=-596.40 pi_loss=-0.1051 vf_loss=12.3021 entropy=136.9352 kl=0.0536
[Iter 487/488] steps=997376 reward=-595.34 pi_loss=-0.0880 vf_loss=12.2900 entropy=136.7720 kl=0.0456
[Iter 488/488] steps=999424 reward=-596.92 pi_loss=-0.0444 vf_loss=12.2916 entropy=136.6904 kl=0.0279
Training complete. Logs saved to results/8hr/K16_hier_medreg/seed_42
