[Iter 1/488] steps=2048 reward=-471.25 pi_loss=-0.0331 vf_loss=11.9734 entropy=68.0852 kl=0.0103
[Iter 2/488] steps=4096 reward=-543.72 pi_loss=-0.0360 vf_loss=19.1321 entropy=68.0634 kl=0.0090
[Iter 3/488] steps=6144 reward=-504.86 pi_loss=-0.0511 vf_loss=12.9387 entropy=68.0865 kl=0.0173
[Iter 4/488] steps=8192 reward=-463.52 pi_loss=-0.0539 vf_loss=10.5646 entropy=68.1240 kl=0.0219
[Iter 5/488] steps=10240 reward=-499.16 pi_loss=-0.0508 vf_loss=17.0620 entropy=68.0807 kl=0.0176
  [Eval] mean_return=-263.85 std_return=88.56
[Iter 6/488] steps=12288 reward=-495.03 pi_loss=-0.0577 vf_loss=12.8854 entropy=68.1532 kl=0.0229
[Iter 7/488] steps=14336 reward=-513.03 pi_loss=-0.0563 vf_loss=13.5559 entropy=68.2640 kl=0.0281
[Iter 8/488] steps=16384 reward=-495.34 pi_loss=-0.0466 vf_loss=24.9068 entropy=68.0788 kl=0.0143
[Iter 9/488] steps=18432 reward=-402.42 pi_loss=-0.0637 vf_loss=12.3739 entropy=68.2157 kl=0.0345
[Iter 10/488] steps=20480 reward=-483.16 pi_loss=-0.0620 vf_loss=13.2103 entropy=68.2831 kl=0.0339
  [Eval] mean_return=-257.01 std_return=76.35
[Iter 11/488] steps=22528 reward=-537.74 pi_loss=-0.0636 vf_loss=25.4827 entropy=68.1611 kl=0.0210
[Iter 12/488] steps=24576 reward=-457.98 pi_loss=-0.0638 vf_loss=20.5167 entropy=68.0631 kl=0.0269
[Iter 13/488] steps=26624 reward=-378.17 pi_loss=-0.0688 vf_loss=13.1611 entropy=68.0928 kl=0.0409
[Iter 14/488] steps=28672 reward=-419.25 pi_loss=-0.0626 vf_loss=14.7323 entropy=67.9737 kl=0.0327
[Iter 15/488] steps=30720 reward=-409.93 pi_loss=-0.0610 vf_loss=14.3110 entropy=68.1097 kl=0.0337
  [Eval] mean_return=-187.98 std_return=54.28
[Iter 16/488] steps=32768 reward=-380.70 pi_loss=-0.0615 vf_loss=12.3974 entropy=68.1202 kl=0.0415
[Iter 17/488] steps=34816 reward=-417.36 pi_loss=-0.0679 vf_loss=15.2173 entropy=68.1453 kl=0.0415
[Iter 18/488] steps=36864 reward=-451.46 pi_loss=-0.0633 vf_loss=16.4246 entropy=68.0864 kl=0.0409
[Iter 19/488] steps=38912 reward=-484.27 pi_loss=-0.0688 vf_loss=17.1384 entropy=68.3020 kl=0.0304
[Iter 20/488] steps=40960 reward=-300.74 pi_loss=-0.0742 vf_loss=21.2881 entropy=68.0514 kl=0.0426
  [Eval] mean_return=-249.00 std_return=51.53
[Iter 21/488] steps=43008 reward=-486.35 pi_loss=-0.0663 vf_loss=17.0295 entropy=68.1772 kl=0.0430
[Iter 22/488] steps=45056 reward=-424.29 pi_loss=-0.0671 vf_loss=14.4742 entropy=68.1219 kl=0.0516
[Iter 23/488] steps=47104 reward=-433.08 pi_loss=-0.0664 vf_loss=15.9590 entropy=67.9485 kl=0.0521
[Iter 24/488] steps=49152 reward=-481.71 pi_loss=-0.0677 vf_loss=20.7487 entropy=68.0954 kl=0.0356
[Iter 25/488] steps=51200 reward=-467.40 pi_loss=-0.0741 vf_loss=18.0684 entropy=68.1694 kl=0.0383
  [Eval] mean_return=-201.46 std_return=41.58
[Iter 26/488] steps=53248 reward=-495.77 pi_loss=-0.0750 vf_loss=29.4975 entropy=68.0784 kl=0.0339
[Iter 27/488] steps=55296 reward=-502.23 pi_loss=-0.0644 vf_loss=15.7672 entropy=68.1483 kl=0.0694
[Iter 28/488] steps=57344 reward=-407.63 pi_loss=-0.0720 vf_loss=13.3023 entropy=68.1410 kl=0.0624
[Iter 29/488] steps=59392 reward=-509.99 pi_loss=-0.0770 vf_loss=17.3123 entropy=68.2730 kl=0.0572
[Iter 30/488] steps=61440 reward=-451.99 pi_loss=-0.0708 vf_loss=14.5449 entropy=68.0956 kl=0.0743
  [Eval] mean_return=-229.25 std_return=115.84
[Iter 31/488] steps=63488 reward=-420.39 pi_loss=-0.0740 vf_loss=19.0968 entropy=68.1839 kl=0.0429
[Iter 32/488] steps=65536 reward=-433.60 pi_loss=-0.0763 vf_loss=23.4912 entropy=68.0038 kl=0.0396
[Iter 33/488] steps=67584 reward=-467.77 pi_loss=-0.0750 vf_loss=21.8348 entropy=68.1762 kl=0.0453
[Iter 34/488] steps=69632 reward=-429.69 pi_loss=-0.0737 vf_loss=13.8899 entropy=68.1555 kl=0.0895
[Iter 35/488] steps=71680 reward=-346.38 pi_loss=-0.0623 vf_loss=12.0578 entropy=68.1958 kl=0.0859
  [Eval] mean_return=-169.10 std_return=52.19
[Iter 36/488] steps=73728 reward=-416.30 pi_loss=-0.0700 vf_loss=15.8450 entropy=68.1653 kl=0.0596
[Iter 37/488] steps=75776 reward=-373.38 pi_loss=-0.0734 vf_loss=15.5318 entropy=68.0647 kl=0.0686
[Iter 38/488] steps=77824 reward=-428.24 pi_loss=-0.0703 vf_loss=13.2393 entropy=68.1202 kl=0.0801
[Iter 39/488] steps=79872 reward=-349.01 pi_loss=-0.0799 vf_loss=19.9259 entropy=68.0270 kl=0.0465
[Iter 40/488] steps=81920 reward=-370.85 pi_loss=-0.0800 vf_loss=14.8998 entropy=68.1361 kl=0.0765
  [Eval] mean_return=-144.36 std_return=38.14
[Iter 41/488] steps=83968 reward=-362.57 pi_loss=-0.0695 vf_loss=9.6311 entropy=68.2484 kl=0.1228
[Iter 42/488] steps=86016 reward=-382.20 pi_loss=-0.0744 vf_loss=15.8720 entropy=68.0520 kl=0.0575
[Iter 43/488] steps=88064 reward=-352.53 pi_loss=-0.0790 vf_loss=23.4005 entropy=68.3879 kl=0.0422
[Iter 44/488] steps=90112 reward=-446.58 pi_loss=-0.0723 vf_loss=15.7935 entropy=68.0523 kl=0.0613
  [Eval] mean_return=-161.88 std_return=39.65
[Iter 45/488] steps=92160 reward=-382.71 pi_loss=-0.0771 vf_loss=13.8313 entropy=68.1189 kl=0.0863
[Iter 46/488] steps=94208 reward=-327.57 pi_loss=-0.0778 vf_loss=14.7362 entropy=68.2037 kl=0.0771
[Iter 47/488] steps=96256 reward=-358.10 pi_loss=-0.0775 vf_loss=8.7226 entropy=68.3861 kl=0.1117
[Iter 48/488] steps=98304 reward=-288.37 pi_loss=-0.0790 vf_loss=12.3630 entropy=68.1988 kl=0.0794
[Iter 49/488] steps=100352 reward=-356.16 pi_loss=-0.0771 vf_loss=15.3099 entropy=68.2375 kl=0.0565
  [Eval] mean_return=-145.68 std_return=58.70
[Iter 50/488] steps=102400 reward=-289.70 pi_loss=-0.0804 vf_loss=9.3755 entropy=68.5058 kl=0.0809
[Iter 51/488] steps=104448 reward=-411.22 pi_loss=-0.0629 vf_loss=12.4682 entropy=68.3948 kl=0.1330
[Iter 52/488] steps=106496 reward=-317.78 pi_loss=-0.0828 vf_loss=12.6513 entropy=68.1625 kl=0.0738
[Iter 53/488] steps=108544 reward=-331.60 pi_loss=-0.0791 vf_loss=14.4530 entropy=68.4100 kl=0.0829
[Iter 54/488] steps=110592 reward=-304.55 pi_loss=-0.0772 vf_loss=11.8229 entropy=68.2939 kl=0.0807
  [Eval] mean_return=-105.72 std_return=47.11
[Iter 55/488] steps=112640 reward=-273.85 pi_loss=-0.0828 vf_loss=14.5471 entropy=68.2817 kl=0.0732
[Iter 56/488] steps=114688 reward=-398.90 pi_loss=-0.0749 vf_loss=11.4649 entropy=68.1061 kl=0.1014
[Iter 57/488] steps=116736 reward=-358.95 pi_loss=-0.0764 vf_loss=11.1432 entropy=68.0814 kl=0.0933
[Iter 58/488] steps=118784 reward=-344.98 pi_loss=-0.0734 vf_loss=10.9358 entropy=68.1845 kl=0.1278
[Iter 59/488] steps=120832 reward=-383.14 pi_loss=-0.0799 vf_loss=16.7513 entropy=68.2785 kl=0.0571
  [Eval] mean_return=-80.94 std_return=34.26
[Iter 60/488] steps=122880 reward=-407.91 pi_loss=-0.0827 vf_loss=12.0166 entropy=68.1548 kl=0.0829
[Iter 61/488] steps=124928 reward=-316.64 pi_loss=-0.0802 vf_loss=10.1422 entropy=68.2255 kl=0.1002
[Iter 62/488] steps=126976 reward=-263.57 pi_loss=-0.0780 vf_loss=12.5263 entropy=68.2481 kl=0.0715
[Iter 63/488] steps=129024 reward=-248.81 pi_loss=-0.0797 vf_loss=11.1977 entropy=68.1957 kl=0.1044
[Iter 64/488] steps=131072 reward=-302.32 pi_loss=-0.0766 vf_loss=8.9819 entropy=68.2547 kl=0.1337
  [Eval] mean_return=-55.58 std_return=40.81
[Iter 65/488] steps=133120 reward=-359.41 pi_loss=-0.0802 vf_loss=11.5860 entropy=68.1617 kl=0.0745
[Iter 66/488] steps=135168 reward=-356.63 pi_loss=-0.0765 vf_loss=11.2323 entropy=68.2516 kl=0.1102
[Iter 67/488] steps=137216 reward=-262.67 pi_loss=-0.0754 vf_loss=10.9622 entropy=68.1146 kl=0.0986
[Iter 68/488] steps=139264 reward=-242.35 pi_loss=-0.0739 vf_loss=10.0932 entropy=68.2478 kl=0.1217
[Iter 69/488] steps=141312 reward=-392.04 pi_loss=-0.0766 vf_loss=15.5366 entropy=68.2779 kl=0.0732
  [Eval] mean_return=-84.63 std_return=44.69
[Iter 70/488] steps=143360 reward=-251.08 pi_loss=-0.0768 vf_loss=9.2936 entropy=68.0963 kl=0.1791
[Iter 71/488] steps=145408 reward=-282.42 pi_loss=-0.0797 vf_loss=13.0126 entropy=68.0258 kl=0.0763
[Iter 72/488] steps=147456 reward=-322.62 pi_loss=-0.0826 vf_loss=9.9072 entropy=68.2183 kl=0.1159
[Iter 73/488] steps=149504 reward=-281.82 pi_loss=-0.0832 vf_loss=10.1404 entropy=68.3356 kl=0.1184
[Iter 74/488] steps=151552 reward=-239.60 pi_loss=-0.0748 vf_loss=11.3703 entropy=67.9550 kl=0.1195
  [Eval] mean_return=-38.07 std_return=24.21
[Iter 75/488] steps=153600 reward=-300.20 pi_loss=-0.0781 vf_loss=10.1126 entropy=68.2132 kl=0.1063
[Iter 76/488] steps=155648 reward=-320.46 pi_loss=-0.0754 vf_loss=18.4103 entropy=68.2700 kl=0.0530
[Iter 77/488] steps=157696 reward=-337.87 pi_loss=-0.0777 vf_loss=12.0970 entropy=68.1608 kl=0.0940
[Iter 78/488] steps=159744 reward=-322.39 pi_loss=-0.0790 vf_loss=9.8490 entropy=68.2434 kl=0.1125
[Iter 79/488] steps=161792 reward=-334.71 pi_loss=-0.0794 vf_loss=10.8282 entropy=68.1280 kl=0.0961
  [Eval] mean_return=-67.91 std_return=45.79
[Iter 80/488] steps=163840 reward=-225.38 pi_loss=-0.0680 vf_loss=8.7683 entropy=68.1319 kl=0.1671
[Iter 81/488] steps=165888 reward=-254.13 pi_loss=-0.0737 vf_loss=9.3250 entropy=68.1146 kl=0.1228
[Iter 82/488] steps=167936 reward=-246.84 pi_loss=-0.0721 vf_loss=14.6534 entropy=68.2695 kl=0.0827
[Iter 83/488] steps=169984 reward=-216.85 pi_loss=-0.0805 vf_loss=13.4319 entropy=68.1490 kl=0.0861
[Iter 84/488] steps=172032 reward=-235.34 pi_loss=-0.0811 vf_loss=11.1929 entropy=68.3120 kl=0.0968
  [Eval] mean_return=-34.38 std_return=48.20
[Iter 85/488] steps=174080 reward=-223.90 pi_loss=-0.0501 vf_loss=9.3292 entropy=68.3855 kl=0.2463
[Iter 86/488] steps=176128 reward=-171.52 pi_loss=-0.0772 vf_loss=9.0111 entropy=68.0610 kl=0.1288
[Iter 87/488] steps=178176 reward=-256.66 pi_loss=-0.0746 vf_loss=12.6975 entropy=68.1503 kl=0.0737
[Iter 88/488] steps=180224 reward=-228.01 pi_loss=-0.0610 vf_loss=8.9803 entropy=68.1753 kl=0.2188
  [Eval] mean_return=-21.06 std_return=62.70
[Iter 89/488] steps=182272 reward=-251.60 pi_loss=-0.0823 vf_loss=11.4862 entropy=68.1793 kl=0.0737
[Iter 90/488] steps=184320 reward=-188.11 pi_loss=-0.0774 vf_loss=8.5903 entropy=68.0463 kl=0.1524
[Iter 91/488] steps=186368 reward=-240.06 pi_loss=-0.0797 vf_loss=7.6896 entropy=68.3214 kl=0.1399
[Iter 92/488] steps=188416 reward=-408.97 pi_loss=-0.0786 vf_loss=15.6737 entropy=68.1482 kl=0.0615
[Iter 93/488] steps=190464 reward=-214.04 pi_loss=-0.0746 vf_loss=7.2065 entropy=68.2135 kl=0.1800
  [Eval] mean_return=-50.69 std_return=70.35
[Iter 94/488] steps=192512 reward=-283.44 pi_loss=-0.0761 vf_loss=10.2783 entropy=68.1328 kl=0.0999
[Iter 95/488] steps=194560 reward=-216.75 pi_loss=-0.0808 vf_loss=8.6437 entropy=68.3490 kl=0.1175
[Iter 96/488] steps=196608 reward=-249.26 pi_loss=-0.0793 vf_loss=19.3728 entropy=68.0308 kl=0.0621
[Iter 97/488] steps=198656 reward=-161.99 pi_loss=-0.0761 vf_loss=10.9030 entropy=68.2147 kl=0.0983
[Iter 98/488] steps=200704 reward=-237.43 pi_loss=-0.0750 vf_loss=8.7855 entropy=68.2573 kl=0.1305
  [Eval] mean_return=-20.72 std_return=46.05
[Iter 99/488] steps=202752 reward=-177.91 pi_loss=-0.0768 vf_loss=7.8230 entropy=68.2729 kl=0.1568
[Iter 100/488] steps=204800 reward=-260.47 pi_loss=-0.0851 vf_loss=8.9174 entropy=68.1616 kl=0.1415
[Iter 101/488] steps=206848 reward=-252.25 pi_loss=-0.0823 vf_loss=8.8170 entropy=68.1652 kl=0.1257
[Iter 102/488] steps=208896 reward=-216.92 pi_loss=-0.0851 vf_loss=8.6597 entropy=68.2202 kl=0.1437
[Iter 103/488] steps=210944 reward=-230.90 pi_loss=-0.0763 vf_loss=8.9644 entropy=68.2224 kl=0.1503
  [Eval] mean_return=38.99 std_return=42.78
[Iter 104/488] steps=212992 reward=-248.42 pi_loss=-0.0792 vf_loss=8.8708 entropy=68.0696 kl=0.1046
[Iter 105/488] steps=215040 reward=-192.63 pi_loss=-0.0783 vf_loss=10.3946 entropy=68.1939 kl=0.1164
[Iter 106/488] steps=217088 reward=-238.54 pi_loss=-0.0833 vf_loss=10.9348 entropy=68.2144 kl=0.1085
[Iter 107/488] steps=219136 reward=-247.68 pi_loss=-0.0841 vf_loss=11.7999 entropy=68.1893 kl=0.0916
[Iter 108/488] steps=221184 reward=-292.42 pi_loss=-0.0785 vf_loss=12.2417 entropy=68.3493 kl=0.0963
  [Eval] mean_return=32.39 std_return=68.34
[Iter 109/488] steps=223232 reward=-245.70 pi_loss=-0.0816 vf_loss=11.9816 entropy=67.9375 kl=0.1007
[Iter 110/488] steps=225280 reward=-203.32 pi_loss=-0.0837 vf_loss=9.8084 entropy=68.1325 kl=0.1385
[Iter 111/488] steps=227328 reward=-306.39 pi_loss=-0.0767 vf_loss=9.7100 entropy=68.3542 kl=0.1530
[Iter 112/488] steps=229376 reward=-263.78 pi_loss=-0.0818 vf_loss=16.1233 entropy=68.1028 kl=0.0864
[Iter 113/488] steps=231424 reward=-178.56 pi_loss=-0.0835 vf_loss=10.6688 entropy=68.3011 kl=0.1491
  [Eval] mean_return=77.74 std_return=36.18
[Iter 114/488] steps=233472 reward=-203.47 pi_loss=-0.0772 vf_loss=9.5401 entropy=68.2830 kl=0.1730
[Iter 115/488] steps=235520 reward=-175.24 pi_loss=-0.0791 vf_loss=9.9848 entropy=68.3079 kl=0.1498
[Iter 116/488] steps=237568 reward=-248.95 pi_loss=-0.0845 vf_loss=9.1402 entropy=68.1230 kl=0.0950
[Iter 117/488] steps=239616 reward=-152.97 pi_loss=-0.0851 vf_loss=8.2483 entropy=68.0589 kl=0.1343
[Iter 118/488] steps=241664 reward=-154.96 pi_loss=-0.0782 vf_loss=10.9405 entropy=68.0484 kl=0.1164
  [Eval] mean_return=99.88 std_return=74.54
[Iter 119/488] steps=243712 reward=-211.82 pi_loss=-0.0807 vf_loss=7.0786 entropy=68.1550 kl=0.1624
[Iter 120/488] steps=245760 reward=-201.30 pi_loss=-0.0882 vf_loss=8.4951 entropy=68.2605 kl=0.1235
[Iter 121/488] steps=247808 reward=-212.22 pi_loss=-0.0914 vf_loss=10.7478 entropy=67.9543 kl=0.0914
[Iter 122/488] steps=249856 reward=-208.46 pi_loss=-0.0831 vf_loss=10.8474 entropy=68.1337 kl=0.0922
[Iter 123/488] steps=251904 reward=-81.32 pi_loss=-0.0706 vf_loss=9.4973 entropy=68.2455 kl=0.2059
  [Eval] mean_return=56.55 std_return=45.74
[Iter 124/488] steps=253952 reward=-123.59 pi_loss=-0.0852 vf_loss=8.9897 entropy=68.1992 kl=0.1583
[Iter 125/488] steps=256000 reward=-190.72 pi_loss=-0.0856 vf_loss=11.1780 entropy=68.1450 kl=0.1116
[Iter 126/488] steps=258048 reward=-149.56 pi_loss=-0.0872 vf_loss=8.8150 entropy=68.0762 kl=0.1293
[Iter 127/488] steps=260096 reward=-186.69 pi_loss=-0.0830 vf_loss=12.1106 entropy=68.4896 kl=0.0914
  [Eval] mean_return=119.81 std_return=50.67
[Iter 128/488] steps=262144 reward=-146.33 pi_loss=-0.0791 vf_loss=8.7282 entropy=68.3543 kl=0.1672
[Iter 129/488] steps=264192 reward=-70.08 pi_loss=-0.0806 vf_loss=7.6973 entropy=68.1571 kl=0.1861
[Iter 130/488] steps=266240 reward=-96.45 pi_loss=-0.0869 vf_loss=13.6682 entropy=68.1599 kl=0.0884
[Iter 131/488] steps=268288 reward=-135.29 pi_loss=-0.0891 vf_loss=7.6826 entropy=68.0696 kl=0.1220
[Iter 132/488] steps=270336 reward=-110.09 pi_loss=-0.0783 vf_loss=9.2639 entropy=67.9857 kl=0.1503
  [Eval] mean_return=137.62 std_return=36.26
[Iter 133/488] steps=272384 reward=-37.08 pi_loss=-0.0862 vf_loss=8.0551 entropy=68.2832 kl=0.1385
[Iter 134/488] steps=274432 reward=-147.70 pi_loss=-0.0835 vf_loss=8.8652 entropy=68.1122 kl=0.1107
[Iter 135/488] steps=276480 reward=-76.03 pi_loss=-0.0886 vf_loss=9.9516 entropy=68.0932 kl=0.1097
[Iter 136/488] steps=278528 reward=-90.91 pi_loss=-0.0926 vf_loss=10.9999 entropy=68.2439 kl=0.0928
[Iter 137/488] steps=280576 reward=-183.64 pi_loss=-0.0826 vf_loss=16.8888 entropy=68.1965 kl=0.0776
  [Eval] mean_return=148.43 std_return=75.42
[Iter 138/488] steps=282624 reward=-89.82 pi_loss=-0.0861 vf_loss=10.0196 entropy=68.0636 kl=0.1072
[Iter 139/488] steps=284672 reward=-115.10 pi_loss=-0.0783 vf_loss=14.1195 entropy=68.2461 kl=0.0929
[Iter 140/488] steps=286720 reward=-130.48 pi_loss=-0.0819 vf_loss=10.5983 entropy=68.1572 kl=0.1271
[Iter 141/488] steps=288768 reward=-90.95 pi_loss=-0.0759 vf_loss=12.9158 entropy=68.1996 kl=0.1165
[Iter 142/488] steps=290816 reward=-92.35 pi_loss=-0.0717 vf_loss=7.0208 entropy=68.3233 kl=0.2107
  [Eval] mean_return=115.88 std_return=149.76
[Iter 143/488] steps=292864 reward=-118.99 pi_loss=-0.0831 vf_loss=11.4315 entropy=68.3768 kl=0.0969
[Iter 144/488] steps=294912 reward=-237.15 pi_loss=-0.0798 vf_loss=15.2380 entropy=68.2195 kl=0.0840
[Iter 145/488] steps=296960 reward=-142.24 pi_loss=-0.0827 vf_loss=16.6838 entropy=68.0186 kl=0.0690
[Iter 146/488] steps=299008 reward=-27.05 pi_loss=-0.0840 vf_loss=14.2908 entropy=68.2612 kl=0.1063
[Iter 147/488] steps=301056 reward=-44.57 pi_loss=-0.0815 vf_loss=9.5510 entropy=68.1793 kl=0.1758
  [Eval] mean_return=143.65 std_return=126.93
[Iter 148/488] steps=303104 reward=-29.38 pi_loss=-0.0870 vf_loss=13.6477 entropy=68.1214 kl=0.1263
[Iter 149/488] steps=305152 reward=14.29 pi_loss=-0.0809 vf_loss=11.2634 entropy=68.3556 kl=0.1400
[Iter 150/488] steps=307200 reward=-26.48 pi_loss=-0.0759 vf_loss=9.4769 entropy=68.2590 kl=0.1448
[Iter 151/488] steps=309248 reward=-41.19 pi_loss=-0.0730 vf_loss=7.1115 entropy=68.2804 kl=0.1927
[Iter 152/488] steps=311296 reward=101.46 pi_loss=-0.0750 vf_loss=10.3164 entropy=68.2979 kl=0.1964
  [Eval] mean_return=196.44 std_return=117.88
[Iter 153/488] steps=313344 reward=-50.33 pi_loss=-0.0782 vf_loss=8.7048 entropy=68.2840 kl=0.1887
[Iter 154/488] steps=315392 reward=-73.06 pi_loss=-0.0885 vf_loss=12.8215 entropy=68.3946 kl=0.0850
[Iter 155/488] steps=317440 reward=-30.56 pi_loss=-0.0506 vf_loss=7.2179 entropy=68.4305 kl=0.3203
[Iter 156/488] steps=319488 reward=60.68 pi_loss=-0.0873 vf_loss=9.0853 entropy=68.3496 kl=0.1380
[Iter 157/488] steps=321536 reward=-16.39 pi_loss=-0.0799 vf_loss=10.0631 entropy=68.4932 kl=0.1064
  [Eval] mean_return=204.79 std_return=79.39
[Iter 158/488] steps=323584 reward=-49.31 pi_loss=-0.0785 vf_loss=12.1652 entropy=68.1991 kl=0.0915
[Iter 159/488] steps=325632 reward=-41.21 pi_loss=-0.0541 vf_loss=13.7587 entropy=68.3202 kl=0.2041
[Iter 160/488] steps=327680 reward=-47.76 pi_loss=-0.0779 vf_loss=18.7846 entropy=68.1391 kl=0.0737
[Iter 161/488] steps=329728 reward=95.65 pi_loss=-0.0831 vf_loss=12.8073 entropy=68.0554 kl=0.1299
[Iter 162/488] steps=331776 reward=11.73 pi_loss=-0.0868 vf_loss=11.0276 entropy=68.0959 kl=0.1223
  [Eval] mean_return=199.37 std_return=98.34
[Iter 163/488] steps=333824 reward=98.07 pi_loss=-0.0750 vf_loss=8.8220 entropy=68.2703 kl=0.1958
[Iter 164/488] steps=335872 reward=53.12 pi_loss=-0.0803 vf_loss=9.4508 entropy=68.1637 kl=0.1394
[Iter 165/488] steps=337920 reward=-37.12 pi_loss=-0.0858 vf_loss=10.1508 entropy=68.3175 kl=0.1091
[Iter 166/488] steps=339968 reward=47.14 pi_loss=-0.0753 vf_loss=10.4751 entropy=68.2650 kl=0.1450
[Iter 167/488] steps=342016 reward=1.73 pi_loss=-0.0826 vf_loss=13.0931 entropy=67.9284 kl=0.0759
  [Eval] mean_return=292.47 std_return=38.58
[Iter 168/488] steps=344064 reward=103.39 pi_loss=-0.0533 vf_loss=15.8716 entropy=68.4692 kl=0.1851
[Iter 169/488] steps=346112 reward=-7.93 pi_loss=-0.0873 vf_loss=11.4067 entropy=68.1472 kl=0.0937
[Iter 170/488] steps=348160 reward=74.47 pi_loss=-0.0860 vf_loss=12.9536 entropy=67.9480 kl=0.0950
[Iter 171/488] steps=350208 reward=114.52 pi_loss=-0.0713 vf_loss=11.0248 entropy=68.2311 kl=0.1570
  [Eval] mean_return=340.64 std_return=57.54
[Iter 172/488] steps=352256 reward=84.03 pi_loss=-0.0816 vf_loss=11.8367 entropy=68.0930 kl=0.1203
[Iter 173/488] steps=354304 reward=-46.25 pi_loss=-0.0846 vf_loss=14.1942 entropy=68.1559 kl=0.1038
[Iter 174/488] steps=356352 reward=40.14 pi_loss=-0.0863 vf_loss=12.2248 entropy=68.2966 kl=0.1249
[Iter 175/488] steps=358400 reward=108.47 pi_loss=-0.0794 vf_loss=12.6675 entropy=68.1785 kl=0.1222
[Iter 176/488] steps=360448 reward=86.34 pi_loss=-0.0723 vf_loss=8.9378 entropy=68.2959 kl=0.1895
  [Eval] mean_return=379.55 std_return=71.22
[Iter 177/488] steps=362496 reward=152.98 pi_loss=-0.0739 vf_loss=12.6336 entropy=68.2412 kl=0.0994
[Iter 178/488] steps=364544 reward=122.91 pi_loss=-0.0708 vf_loss=9.8657 entropy=68.4037 kl=0.1860
[Iter 179/488] steps=366592 reward=161.78 pi_loss=-0.0812 vf_loss=12.8665 entropy=68.2861 kl=0.1367
[Iter 180/488] steps=368640 reward=197.01 pi_loss=-0.0750 vf_loss=12.1029 entropy=68.2580 kl=0.1394
[Iter 181/488] steps=370688 reward=33.28 pi_loss=-0.0800 vf_loss=18.1673 entropy=67.9572 kl=0.0688
  [Eval] mean_return=351.55 std_return=104.63
[Iter 182/488] steps=372736 reward=218.25 pi_loss=-0.0767 vf_loss=10.9530 entropy=68.2948 kl=0.1670
[Iter 183/488] steps=374784 reward=138.62 pi_loss=-0.0771 vf_loss=9.3335 entropy=68.5465 kl=0.1519
[Iter 184/488] steps=376832 reward=86.45 pi_loss=-0.0724 vf_loss=22.7563 entropy=68.1416 kl=0.0622
[Iter 185/488] steps=378880 reward=127.32 pi_loss=-0.0773 vf_loss=14.0817 entropy=68.2439 kl=0.1148
[Iter 186/488] steps=380928 reward=211.58 pi_loss=-0.0773 vf_loss=14.0055 entropy=68.2267 kl=0.1350
  [Eval] mean_return=384.68 std_return=70.92
[Iter 187/488] steps=382976 reward=134.32 pi_loss=-0.0823 vf_loss=15.1908 entropy=68.3260 kl=0.1054
[Iter 188/488] steps=385024 reward=-83.61 pi_loss=-0.0838 vf_loss=30.9083 entropy=68.2687 kl=0.0455
[Iter 189/488] steps=387072 reward=166.28 pi_loss=-0.0739 vf_loss=13.9299 entropy=68.2546 kl=0.1576
[Iter 190/488] steps=389120 reward=55.53 pi_loss=-0.0808 vf_loss=13.3536 entropy=68.1619 kl=0.1242
[Iter 191/488] steps=391168 reward=-36.77 pi_loss=-0.0833 vf_loss=31.8711 entropy=68.1671 kl=0.0561
  [Eval] mean_return=430.83 std_return=76.25
[Iter 192/488] steps=393216 reward=195.79 pi_loss=-0.0806 vf_loss=13.8618 entropy=68.3473 kl=0.1417
[Iter 193/488] steps=395264 reward=0.50 pi_loss=-0.0831 vf_loss=24.6474 entropy=67.9462 kl=0.0851
[Iter 194/488] steps=397312 reward=247.29 pi_loss=-0.0792 vf_loss=23.6382 entropy=68.2004 kl=0.1073
[Iter 195/488] steps=399360 reward=213.49 pi_loss=-0.0768 vf_loss=19.5670 entropy=68.2127 kl=0.1160
[Iter 196/488] steps=401408 reward=263.95 pi_loss=-0.0710 vf_loss=15.1804 entropy=68.1807 kl=0.1761
  [Eval] mean_return=394.80 std_return=116.64
[Iter 197/488] steps=403456 reward=208.81 pi_loss=-0.0725 vf_loss=21.3387 entropy=68.2574 kl=0.1277
[Iter 198/488] steps=405504 reward=235.43 pi_loss=-0.0618 vf_loss=14.3465 entropy=68.2495 kl=0.2035
[Iter 199/488] steps=407552 reward=221.74 pi_loss=-0.0721 vf_loss=16.3785 entropy=68.2264 kl=0.1376
[Iter 200/488] steps=409600 reward=210.55 pi_loss=-0.0682 vf_loss=14.1502 entropy=68.3077 kl=0.1780
[Iter 201/488] steps=411648 reward=241.88 pi_loss=-0.0626 vf_loss=18.0138 entropy=68.2307 kl=0.1184
  [Eval] mean_return=437.67 std_return=67.51
[Iter 202/488] steps=413696 reward=114.43 pi_loss=-0.0775 vf_loss=21.0722 entropy=67.8185 kl=0.0739
[Iter 203/488] steps=415744 reward=267.80 pi_loss=-0.0802 vf_loss=21.0314 entropy=67.9055 kl=0.0783
[Iter 204/488] steps=417792 reward=183.86 pi_loss=-0.0793 vf_loss=19.3246 entropy=68.3501 kl=0.1164
[Iter 205/488] steps=419840 reward=279.80 pi_loss=-0.0575 vf_loss=18.9104 entropy=68.3009 kl=0.2222
[Iter 206/488] steps=421888 reward=223.00 pi_loss=-0.0700 vf_loss=17.6221 entropy=68.1199 kl=0.1157
  [Eval] mean_return=489.50 std_return=79.69
[Iter 207/488] steps=423936 reward=220.33 pi_loss=-0.0830 vf_loss=25.5807 entropy=68.2121 kl=0.0763
[Iter 208/488] steps=425984 reward=411.62 pi_loss=-0.0712 vf_loss=14.8816 entropy=68.2991 kl=0.1690
[Iter 209/488] steps=428032 reward=218.84 pi_loss=-0.0745 vf_loss=20.6743 entropy=68.1922 kl=0.1128
[Iter 210/488] steps=430080 reward=296.73 pi_loss=-0.0688 vf_loss=17.7644 entropy=68.2572 kl=0.1158
  [Eval] mean_return=441.95 std_return=134.53
[Iter 211/488] steps=432128 reward=318.52 pi_loss=-0.0456 vf_loss=15.4046 entropy=68.2843 kl=0.2818
[Iter 212/488] steps=434176 reward=374.25 pi_loss=-0.0645 vf_loss=15.2168 entropy=68.2898 kl=0.1428
[Iter 213/488] steps=436224 reward=372.57 pi_loss=-0.0776 vf_loss=14.4828 entropy=68.3015 kl=0.1204
[Iter 214/488] steps=438272 reward=285.57 pi_loss=-0.0745 vf_loss=18.4980 entropy=68.2371 kl=0.1018
[Iter 215/488] steps=440320 reward=293.87 pi_loss=-0.0753 vf_loss=19.4892 entropy=68.1022 kl=0.1057
  [Eval] mean_return=427.93 std_return=175.28
[Iter 216/488] steps=442368 reward=24.22 pi_loss=-0.0885 vf_loss=22.4937 entropy=68.1328 kl=0.0756
[Iter 217/488] steps=444416 reward=294.30 pi_loss=-0.0718 vf_loss=17.9619 entropy=67.9484 kl=0.1118
[Iter 218/488] steps=446464 reward=362.31 pi_loss=-0.0752 vf_loss=17.4379 entropy=68.1248 kl=0.1039
[Iter 219/488] steps=448512 reward=381.45 pi_loss=-0.0736 vf_loss=17.7460 entropy=68.1345 kl=0.1239
[Iter 220/488] steps=450560 reward=344.16 pi_loss=-0.0648 vf_loss=14.8837 entropy=68.4339 kl=0.1668
  [Eval] mean_return=445.37 std_return=130.30
[Iter 221/488] steps=452608 reward=168.96 pi_loss=-0.0787 vf_loss=22.8501 entropy=68.0622 kl=0.0729
[Iter 222/488] steps=454656 reward=329.68 pi_loss=-0.0698 vf_loss=21.2883 entropy=68.2208 kl=0.1062
[Iter 223/488] steps=456704 reward=318.47 pi_loss=-0.0695 vf_loss=18.3643 entropy=67.9463 kl=0.1238
[Iter 224/488] steps=458752 reward=197.39 pi_loss=-0.0791 vf_loss=28.0330 entropy=68.2387 kl=0.0895
[Iter 225/488] steps=460800 reward=236.38 pi_loss=-0.0815 vf_loss=24.3403 entropy=68.0560 kl=0.0896
  [Eval] mean_return=462.53 std_return=124.09
[Iter 226/488] steps=462848 reward=381.10 pi_loss=-0.0617 vf_loss=13.5137 entropy=68.0643 kl=0.1751
[Iter 227/488] steps=464896 reward=139.39 pi_loss=-0.0811 vf_loss=31.9043 entropy=68.1808 kl=0.0590
[Iter 228/488] steps=466944 reward=380.19 pi_loss=-0.0617 vf_loss=15.6947 entropy=68.3104 kl=0.1874
[Iter 229/488] steps=468992 reward=391.70 pi_loss=-0.0699 vf_loss=21.4715 entropy=68.1295 kl=0.1142
[Iter 230/488] steps=471040 reward=175.73 pi_loss=-0.0758 vf_loss=24.1590 entropy=68.2282 kl=0.0754
  [Eval] mean_return=440.97 std_return=126.52
[Iter 231/488] steps=473088 reward=277.32 pi_loss=-0.0650 vf_loss=16.9022 entropy=68.2936 kl=0.1482
[Iter 232/488] steps=475136 reward=126.11 pi_loss=-0.0758 vf_loss=18.4974 entropy=68.0886 kl=0.0892
[Iter 233/488] steps=477184 reward=87.56 pi_loss=-0.0771 vf_loss=34.2233 entropy=68.0234 kl=0.0577
[Iter 234/488] steps=479232 reward=326.02 pi_loss=-0.0667 vf_loss=19.8117 entropy=68.3274 kl=0.1407
[Iter 235/488] steps=481280 reward=366.96 pi_loss=-0.0690 vf_loss=19.6239 entropy=68.0345 kl=0.1198
  [Eval] mean_return=477.15 std_return=144.91
[Iter 236/488] steps=483328 reward=378.41 pi_loss=-0.0698 vf_loss=19.3745 entropy=68.2879 kl=0.1436
[Iter 237/488] steps=485376 reward=236.96 pi_loss=-0.0711 vf_loss=20.2240 entropy=68.0426 kl=0.0939
[Iter 238/488] steps=487424 reward=337.69 pi_loss=-0.0687 vf_loss=15.4021 entropy=68.0827 kl=0.1562
[Iter 239/488] steps=489472 reward=334.06 pi_loss=-0.0622 vf_loss=18.1378 entropy=68.2582 kl=0.1165
[Iter 240/488] steps=491520 reward=251.31 pi_loss=-0.0773 vf_loss=22.2287 entropy=68.2160 kl=0.0758
  [Eval] mean_return=432.05 std_return=136.88
[Iter 241/488] steps=493568 reward=409.86 pi_loss=-0.0631 vf_loss=16.7247 entropy=68.2909 kl=0.1551
[Iter 242/488] steps=495616 reward=341.08 pi_loss=-0.0403 vf_loss=18.7659 entropy=68.3763 kl=0.3096
[Iter 243/488] steps=497664 reward=384.03 pi_loss=-0.0735 vf_loss=15.6603 entropy=68.1115 kl=0.1178
[Iter 244/488] steps=499712 reward=410.90 pi_loss=-0.0394 vf_loss=14.0324 entropy=68.4242 kl=0.2711
[Iter 245/488] steps=501760 reward=302.71 pi_loss=-0.0829 vf_loss=22.4286 entropy=68.1517 kl=0.0795
  [Eval] mean_return=446.00 std_return=245.08
[Iter 246/488] steps=503808 reward=358.17 pi_loss=-0.0834 vf_loss=21.2802 entropy=68.1220 kl=0.0868
[Iter 247/488] steps=505856 reward=188.81 pi_loss=-0.0740 vf_loss=26.6507 entropy=68.1578 kl=0.0565
[Iter 248/488] steps=507904 reward=36.51 pi_loss=-0.0763 vf_loss=41.3082 entropy=68.1072 kl=0.0449
[Iter 249/488] steps=509952 reward=272.27 pi_loss=-0.0708 vf_loss=22.7520 entropy=68.2470 kl=0.0927
[Iter 250/488] steps=512000 reward=223.82 pi_loss=-0.0690 vf_loss=33.5482 entropy=68.1264 kl=0.0663
  [Eval] mean_return=521.13 std_return=96.36
[Iter 251/488] steps=514048 reward=339.30 pi_loss=-0.0631 vf_loss=25.2766 entropy=68.1276 kl=0.1110
[Iter 252/488] steps=516096 reward=354.76 pi_loss=-0.0665 vf_loss=28.2287 entropy=67.9414 kl=0.0752
[Iter 253/488] steps=518144 reward=401.54 pi_loss=-0.0645 vf_loss=19.8524 entropy=68.2150 kl=0.1706
[Iter 254/488] steps=520192 reward=259.28 pi_loss=-0.0710 vf_loss=30.9917 entropy=68.1541 kl=0.0659
  [Eval] mean_return=547.04 std_return=53.85
[Iter 255/488] steps=522240 reward=439.53 pi_loss=-0.0526 vf_loss=22.7808 entropy=68.3235 kl=0.1596
[Iter 256/488] steps=524288 reward=319.84 pi_loss=-0.0688 vf_loss=23.6036 entropy=67.9928 kl=0.0995
[Iter 257/488] steps=526336 reward=401.91 pi_loss=-0.0662 vf_loss=24.5759 entropy=68.1615 kl=0.1096
[Iter 258/488] steps=528384 reward=288.30 pi_loss=-0.0683 vf_loss=31.9554 entropy=68.3144 kl=0.0960
[Iter 259/488] steps=530432 reward=457.19 pi_loss=-0.0318 vf_loss=22.2328 entropy=68.3397 kl=0.2247
  [Eval] mean_return=600.12 std_return=61.94
[Iter 260/488] steps=532480 reward=341.83 pi_loss=-0.0710 vf_loss=23.5233 entropy=68.1896 kl=0.0783
[Iter 261/488] steps=534528 reward=350.88 pi_loss=-0.0412 vf_loss=21.2242 entropy=68.1388 kl=0.2154
[Iter 262/488] steps=536576 reward=426.35 pi_loss=-0.0632 vf_loss=25.0094 entropy=68.0527 kl=0.1030
[Iter 263/488] steps=538624 reward=207.70 pi_loss=-0.0724 vf_loss=39.2113 entropy=67.9804 kl=0.0484
[Iter 264/488] steps=540672 reward=292.54 pi_loss=-0.0757 vf_loss=32.8408 entropy=68.2406 kl=0.0630
  [Eval] mean_return=562.26 std_return=119.63
[Iter 265/488] steps=542720 reward=333.48 pi_loss=-0.0700 vf_loss=26.2092 entropy=67.9980 kl=0.0905
[Iter 266/488] steps=544768 reward=359.15 pi_loss=-0.0657 vf_loss=28.6430 entropy=68.2389 kl=0.0825
[Iter 267/488] steps=546816 reward=324.81 pi_loss=-0.0505 vf_loss=23.5161 entropy=68.0685 kl=0.1992
[Iter 268/488] steps=548864 reward=512.97 pi_loss=-0.0505 vf_loss=17.4944 entropy=68.2570 kl=0.2170
[Iter 269/488] steps=550912 reward=439.74 pi_loss=-0.0574 vf_loss=17.0884 entropy=68.0908 kl=0.1205
  [Eval] mean_return=630.82 std_return=98.31
[Iter 270/488] steps=552960 reward=377.36 pi_loss=-0.0645 vf_loss=28.5816 entropy=68.1443 kl=0.0858
[Iter 271/488] steps=555008 reward=368.34 pi_loss=-0.0490 vf_loss=17.8458 entropy=68.2788 kl=0.2038
[Iter 272/488] steps=557056 reward=360.45 pi_loss=-0.0645 vf_loss=27.0731 entropy=68.0842 kl=0.0665
[Iter 273/488] steps=559104 reward=420.56 pi_loss=-0.0653 vf_loss=22.7136 entropy=68.3742 kl=0.0963
[Iter 274/488] steps=561152 reward=327.16 pi_loss=-0.0638 vf_loss=25.7219 entropy=68.1578 kl=0.0860
  [Eval] mean_return=526.16 std_return=139.05
[Iter 275/488] steps=563200 reward=332.27 pi_loss=-0.0714 vf_loss=31.2682 entropy=68.3492 kl=0.0624
[Iter 276/488] steps=565248 reward=448.38 pi_loss=-0.0461 vf_loss=19.6772 entropy=68.0692 kl=0.1907
[Iter 277/488] steps=567296 reward=345.73 pi_loss=-0.0690 vf_loss=27.0513 entropy=68.0542 kl=0.0739
[Iter 278/488] steps=569344 reward=392.76 pi_loss=-0.0641 vf_loss=26.2634 entropy=68.1937 kl=0.0780
[Iter 279/488] steps=571392 reward=413.84 pi_loss=-0.0520 vf_loss=20.5888 entropy=68.4575 kl=0.1681
  [Eval] mean_return=621.35 std_return=66.07
[Iter 280/488] steps=573440 reward=336.92 pi_loss=-0.0680 vf_loss=28.0137 entropy=68.1872 kl=0.0897
[Iter 281/488] steps=575488 reward=432.63 pi_loss=-0.0363 vf_loss=19.4242 entropy=68.2817 kl=0.1764
[Iter 282/488] steps=577536 reward=262.77 pi_loss=-0.0736 vf_loss=30.3597 entropy=68.1721 kl=0.0533
[Iter 283/488] steps=579584 reward=490.29 pi_loss=-0.0660 vf_loss=20.8089 entropy=68.1835 kl=0.1207
[Iter 284/488] steps=581632 reward=437.71 pi_loss=-0.0682 vf_loss=24.2795 entropy=68.0685 kl=0.1008
  [Eval] mean_return=604.56 std_return=69.86
[Iter 285/488] steps=583680 reward=383.97 pi_loss=-0.0692 vf_loss=23.1493 entropy=67.9781 kl=0.0630
[Iter 286/488] steps=585728 reward=414.59 pi_loss=-0.0621 vf_loss=30.5337 entropy=68.0881 kl=0.0643
[Iter 287/488] steps=587776 reward=471.23 pi_loss=-0.0612 vf_loss=19.8228 entropy=67.9895 kl=0.1484
[Iter 288/488] steps=589824 reward=425.45 pi_loss=-0.0697 vf_loss=26.0520 entropy=68.1084 kl=0.0965
[Iter 289/488] steps=591872 reward=472.60 pi_loss=-0.0594 vf_loss=20.5939 entropy=68.2521 kl=0.1290
  [Eval] mean_return=674.50 std_return=72.09
[Iter 290/488] steps=593920 reward=563.09 pi_loss=-0.0539 vf_loss=16.7881 entropy=68.1583 kl=0.1328
[Iter 291/488] steps=595968 reward=465.63 pi_loss=-0.0647 vf_loss=19.0643 entropy=68.1179 kl=0.0904
[Iter 292/488] steps=598016 reward=432.78 pi_loss=-0.0534 vf_loss=21.8768 entropy=68.1528 kl=0.0928
[Iter 293/488] steps=600064 reward=497.11 pi_loss=-0.0645 vf_loss=20.9055 entropy=68.0768 kl=0.0859
  [Eval] mean_return=703.32 std_return=75.33
[Iter 294/488] steps=602112 reward=483.38 pi_loss=-0.0622 vf_loss=26.4211 entropy=68.0122 kl=0.0774
[Iter 295/488] steps=604160 reward=395.15 pi_loss=-0.0672 vf_loss=36.3950 entropy=68.3727 kl=0.0458
[Iter 296/488] steps=606208 reward=485.30 pi_loss=-0.0564 vf_loss=21.1543 entropy=68.0620 kl=0.1112
[Iter 297/488] steps=608256 reward=485.27 pi_loss=-0.0615 vf_loss=22.4552 entropy=68.2790 kl=0.1028
[Iter 298/488] steps=610304 reward=505.41 pi_loss=-0.0610 vf_loss=29.8662 entropy=68.1125 kl=0.0607
  [Eval] mean_return=637.65 std_return=64.25
[Iter 299/488] steps=612352 reward=464.46 pi_loss=-0.0570 vf_loss=22.0363 entropy=68.1043 kl=0.0964
[Iter 300/488] steps=614400 reward=555.91 pi_loss=-0.0497 vf_loss=20.6577 entropy=68.0191 kl=0.1441
[Iter 301/488] steps=616448 reward=514.57 pi_loss=-0.0596 vf_loss=20.8222 entropy=68.3807 kl=0.0841
[Iter 302/488] steps=618496 reward=520.91 pi_loss=-0.0496 vf_loss=21.6045 entropy=68.2790 kl=0.1305
[Iter 303/488] steps=620544 reward=479.86 pi_loss=-0.0664 vf_loss=26.1262 entropy=68.2535 kl=0.0615
  [Eval] mean_return=663.53 std_return=108.36
[Iter 304/488] steps=622592 reward=438.21 pi_loss=-0.0679 vf_loss=25.6696 entropy=68.2061 kl=0.0732
[Iter 305/488] steps=624640 reward=495.38 pi_loss=-0.0637 vf_loss=27.0394 entropy=68.4298 kl=0.0588
[Iter 306/488] steps=626688 reward=438.24 pi_loss=-0.0578 vf_loss=19.8580 entropy=68.1544 kl=0.0995
[Iter 307/488] steps=628736 reward=500.24 pi_loss=-0.0602 vf_loss=23.8819 entropy=68.3505 kl=0.0856
[Iter 308/488] steps=630784 reward=411.07 pi_loss=-0.0674 vf_loss=33.5328 entropy=68.0557 kl=0.0467
  [Eval] mean_return=711.13 std_return=43.20
[Iter 309/488] steps=632832 reward=317.95 pi_loss=-0.0714 vf_loss=41.4013 entropy=68.1283 kl=0.0390
[Iter 310/488] steps=634880 reward=486.09 pi_loss=-0.0572 vf_loss=25.2120 entropy=68.1572 kl=0.0978
[Iter 311/488] steps=636928 reward=565.78 pi_loss=-0.0533 vf_loss=22.6236 entropy=68.2437 kl=0.1145
[Iter 312/488] steps=638976 reward=449.70 pi_loss=-0.0583 vf_loss=32.2631 entropy=68.0590 kl=0.0686
[Iter 313/488] steps=641024 reward=547.04 pi_loss=-0.0535 vf_loss=22.0538 entropy=68.1532 kl=0.1269
  [Eval] mean_return=654.23 std_return=63.98
[Iter 314/488] steps=643072 reward=549.49 pi_loss=-0.0598 vf_loss=25.5323 entropy=68.2380 kl=0.0707
[Iter 315/488] steps=645120 reward=391.00 pi_loss=-0.0715 vf_loss=40.5682 entropy=68.1361 kl=0.0379
[Iter 316/488] steps=647168 reward=590.09 pi_loss=-0.0522 vf_loss=24.1398 entropy=68.2256 kl=0.1054
[Iter 317/488] steps=649216 reward=631.67 pi_loss=-0.0422 vf_loss=22.4337 entropy=68.2675 kl=0.1494
[Iter 318/488] steps=651264 reward=469.59 pi_loss=-0.0555 vf_loss=30.3008 entropy=68.2220 kl=0.0591
  [Eval] mean_return=553.99 std_return=261.90
[Iter 319/488] steps=653312 reward=475.13 pi_loss=-0.0648 vf_loss=28.2028 entropy=68.1434 kl=0.0727
[Iter 320/488] steps=655360 reward=440.31 pi_loss=-0.0367 vf_loss=35.8602 entropy=68.1020 kl=0.2865
[Iter 321/488] steps=657408 reward=545.43 pi_loss=-0.0576 vf_loss=25.7127 entropy=68.0710 kl=0.0785
[Iter 322/488] steps=659456 reward=517.10 pi_loss=-0.0614 vf_loss=32.3771 entropy=68.0443 kl=0.0510
[Iter 323/488] steps=661504 reward=547.92 pi_loss=-0.0558 vf_loss=24.4755 entropy=68.2713 kl=0.1155
  [Eval] mean_return=684.83 std_return=80.02
[Iter 324/488] steps=663552 reward=637.45 pi_loss=-0.0506 vf_loss=22.0983 entropy=68.0496 kl=0.1043
[Iter 325/488] steps=665600 reward=614.93 pi_loss=-0.0488 vf_loss=23.0120 entropy=68.2045 kl=0.1139
[Iter 326/488] steps=667648 reward=416.37 pi_loss=-0.0661 vf_loss=39.4668 entropy=68.3155 kl=0.0358
[Iter 327/488] steps=669696 reward=527.79 pi_loss=-0.0609 vf_loss=27.2108 entropy=68.2627 kl=0.0667
[Iter 328/488] steps=671744 reward=547.63 pi_loss=-0.0547 vf_loss=26.6546 entropy=68.1608 kl=0.0704
  [Eval] mean_return=597.34 std_return=124.85
[Iter 329/488] steps=673792 reward=250.63 pi_loss=-0.0695 vf_loss=39.9447 entropy=68.1825 kl=0.0391
[Iter 330/488] steps=675840 reward=340.75 pi_loss=-0.0670 vf_loss=36.4468 entropy=68.0728 kl=0.0555
[Iter 331/488] steps=677888 reward=623.82 pi_loss=-0.0521 vf_loss=29.0489 entropy=68.4094 kl=0.0771
[Iter 332/488] steps=679936 reward=184.54 pi_loss=-0.0759 vf_loss=50.1239 entropy=68.3365 kl=0.0367
[Iter 333/488] steps=681984 reward=617.63 pi_loss=-0.0506 vf_loss=26.2933 entropy=68.1055 kl=0.0904
  [Eval] mean_return=565.57 std_return=225.83
[Iter 334/488] steps=684032 reward=418.18 pi_loss=-0.0658 vf_loss=43.8869 entropy=68.2767 kl=0.0489
[Iter 335/488] steps=686080 reward=616.38 pi_loss=-0.0478 vf_loss=20.8996 entropy=68.2258 kl=0.1073
[Iter 336/488] steps=688128 reward=390.88 pi_loss=-0.0620 vf_loss=47.7116 entropy=68.0517 kl=0.0386
[Iter 337/488] steps=690176 reward=474.42 pi_loss=-0.0613 vf_loss=38.5293 entropy=68.2183 kl=0.0519
  [Eval] mean_return=607.78 std_return=222.42
[Iter 338/488] steps=692224 reward=676.93 pi_loss=-0.0376 vf_loss=23.1987 entropy=68.2777 kl=0.1452
[Iter 339/488] steps=694272 reward=522.75 pi_loss=-0.0555 vf_loss=38.7678 entropy=68.2152 kl=0.0628
[Iter 340/488] steps=696320 reward=666.75 pi_loss=-0.0352 vf_loss=23.0475 entropy=68.1347 kl=0.1775
[Iter 341/488] steps=698368 reward=541.43 pi_loss=-0.0569 vf_loss=41.6712 entropy=68.1825 kl=0.0321
[Iter 342/488] steps=700416 reward=681.18 pi_loss=-0.0408 vf_loss=26.0050 entropy=68.2528 kl=0.1113
  [Eval] mean_return=666.32 std_return=151.15
[Iter 343/488] steps=702464 reward=587.28 pi_loss=-0.0511 vf_loss=25.2425 entropy=68.2091 kl=0.0762
[Iter 344/488] steps=704512 reward=399.67 pi_loss=-0.0606 vf_loss=41.0218 entropy=68.2041 kl=0.0423
[Iter 345/488] steps=706560 reward=662.59 pi_loss=-0.0485 vf_loss=26.6494 entropy=68.2708 kl=0.0790
[Iter 346/488] steps=708608 reward=577.74 pi_loss=-0.0588 vf_loss=30.2639 entropy=68.0719 kl=0.0676
[Iter 347/488] steps=710656 reward=549.65 pi_loss=-0.0549 vf_loss=35.0756 entropy=68.0114 kl=0.0564
  [Eval] mean_return=656.49 std_return=118.02
[Iter 348/488] steps=712704 reward=557.44 pi_loss=-0.0570 vf_loss=37.9508 entropy=68.1514 kl=0.0392
[Iter 349/488] steps=714752 reward=541.18 pi_loss=-0.0514 vf_loss=39.8406 entropy=68.0923 kl=0.0362
[Iter 350/488] steps=716800 reward=560.54 pi_loss=-0.0616 vf_loss=34.3566 entropy=68.1625 kl=0.0667
[Iter 351/488] steps=718848 reward=607.46 pi_loss=-0.0612 vf_loss=38.0445 entropy=68.1329 kl=0.0418
[Iter 352/488] steps=720896 reward=511.92 pi_loss=-0.0576 vf_loss=39.8179 entropy=68.1344 kl=0.0521
  [Eval] mean_return=660.96 std_return=113.03
[Iter 353/488] steps=722944 reward=494.47 pi_loss=-0.0565 vf_loss=48.5007 entropy=68.1072 kl=0.0400
[Iter 354/488] steps=724992 reward=281.01 pi_loss=-0.0725 vf_loss=66.2892 entropy=68.2760 kl=0.0917
[Iter 355/488] steps=727040 reward=605.75 pi_loss=-0.0481 vf_loss=26.7809 entropy=68.3964 kl=0.1327
[Iter 356/488] steps=729088 reward=366.52 pi_loss=-0.0676 vf_loss=36.7421 entropy=68.1475 kl=0.0715
[Iter 357/488] steps=731136 reward=570.92 pi_loss=-0.0534 vf_loss=43.2735 entropy=68.2436 kl=0.0570
  [Eval] mean_return=658.94 std_return=131.38
[Iter 358/488] steps=733184 reward=630.42 pi_loss=-0.0522 vf_loss=32.9963 entropy=68.3179 kl=0.0683
[Iter 359/488] steps=735232 reward=682.54 pi_loss=-0.0437 vf_loss=26.1578 entropy=68.1837 kl=0.1165
[Iter 360/488] steps=737280 reward=610.19 pi_loss=-0.0556 vf_loss=32.6305 entropy=68.1501 kl=0.0552
[Iter 361/488] steps=739328 reward=427.10 pi_loss=-0.0558 vf_loss=43.7080 entropy=68.1547 kl=0.0382
[Iter 362/488] steps=741376 reward=682.63 pi_loss=-0.0455 vf_loss=24.6799 entropy=67.9148 kl=0.0852
  [Eval] mean_return=689.86 std_return=61.30
[Iter 363/488] steps=743424 reward=567.67 pi_loss=-0.0524 vf_loss=41.0608 entropy=68.2139 kl=0.0350
[Iter 364/488] steps=745472 reward=668.62 pi_loss=-0.0492 vf_loss=27.2318 entropy=67.9413 kl=0.0703
[Iter 365/488] steps=747520 reward=642.90 pi_loss=-0.0494 vf_loss=24.9755 entropy=67.9459 kl=0.0782
[Iter 366/488] steps=749568 reward=697.77 pi_loss=-0.0465 vf_loss=27.7797 entropy=68.1913 kl=0.0786
[Iter 367/488] steps=751616 reward=647.69 pi_loss=-0.0442 vf_loss=28.8754 entropy=68.2055 kl=0.0710
  [Eval] mean_return=606.75 std_return=177.55
[Iter 368/488] steps=753664 reward=703.50 pi_loss=-0.0399 vf_loss=23.7422 entropy=68.0083 kl=0.0957
[Iter 369/488] steps=755712 reward=584.60 pi_loss=-0.0495 vf_loss=28.5578 entropy=67.9748 kl=0.0394
[Iter 370/488] steps=757760 reward=618.46 pi_loss=-0.0519 vf_loss=30.2260 entropy=68.0209 kl=0.0362
[Iter 371/488] steps=759808 reward=573.93 pi_loss=-0.0564 vf_loss=34.4811 entropy=68.1299 kl=0.0303
[Iter 372/488] steps=761856 reward=739.33 pi_loss=-0.0371 vf_loss=23.3563 entropy=68.0909 kl=0.1066
  [Eval] mean_return=718.06 std_return=40.19
[Iter 373/488] steps=763904 reward=670.10 pi_loss=-0.0486 vf_loss=25.6745 entropy=68.1847 kl=0.0657
[Iter 374/488] steps=765952 reward=648.89 pi_loss=-0.0485 vf_loss=26.1730 entropy=68.2619 kl=0.0567
[Iter 375/488] steps=768000 reward=632.00 pi_loss=-0.0508 vf_loss=36.5109 entropy=68.3583 kl=0.0251
[Iter 376/488] steps=770048 reward=609.33 pi_loss=-0.0563 vf_loss=33.8395 entropy=68.1874 kl=0.0327
  [Eval] mean_return=737.07 std_return=37.83
[Iter 377/488] steps=772096 reward=660.21 pi_loss=-0.0445 vf_loss=24.2302 entropy=68.0946 kl=0.0962
[Iter 378/488] steps=774144 reward=708.49 pi_loss=-0.0486 vf_loss=26.9087 entropy=68.1144 kl=0.0352
[Iter 379/488] steps=776192 reward=704.34 pi_loss=-0.0463 vf_loss=24.8321 entropy=68.1706 kl=0.0629
[Iter 380/488] steps=778240 reward=710.65 pi_loss=-0.0460 vf_loss=24.0532 entropy=68.0569 kl=0.0485
[Iter 381/488] steps=780288 reward=662.81 pi_loss=-0.0498 vf_loss=28.0877 entropy=68.1317 kl=0.0387
  [Eval] mean_return=650.69 std_return=121.65
[Iter 382/488] steps=782336 reward=573.70 pi_loss=-0.0554 vf_loss=32.9535 entropy=68.2888 kl=0.0333
[Iter 383/488] steps=784384 reward=636.37 pi_loss=-0.0504 vf_loss=28.2727 entropy=68.0274 kl=0.0377
[Iter 384/488] steps=786432 reward=555.73 pi_loss=-0.0603 vf_loss=45.1700 entropy=68.2120 kl=0.0240
[Iter 385/488] steps=788480 reward=682.31 pi_loss=-0.0475 vf_loss=27.1499 entropy=68.1635 kl=0.0599
[Iter 386/488] steps=790528 reward=591.96 pi_loss=-0.0478 vf_loss=33.8458 entropy=68.1512 kl=0.0369
  [Eval] mean_return=710.90 std_return=42.22
[Iter 387/488] steps=792576 reward=701.97 pi_loss=-0.0462 vf_loss=25.6779 entropy=68.0230 kl=0.0587
[Iter 388/488] steps=794624 reward=581.30 pi_loss=-0.0503 vf_loss=35.1555 entropy=68.1158 kl=0.0294
[Iter 389/488] steps=796672 reward=473.59 pi_loss=-0.0594 vf_loss=43.8690 entropy=68.2556 kl=0.0319
[Iter 390/488] steps=798720 reward=688.71 pi_loss=-0.0369 vf_loss=26.6443 entropy=68.2415 kl=0.0702
[Iter 391/488] steps=800768 reward=678.34 pi_loss=-0.0554 vf_loss=35.6923 entropy=67.8629 kl=0.0339
  [Eval] mean_return=563.02 std_return=337.92
[Iter 392/488] steps=802816 reward=720.47 pi_loss=-0.0469 vf_loss=30.6568 entropy=68.1648 kl=0.0456
[Iter 393/488] steps=804864 reward=491.21 pi_loss=-0.0556 vf_loss=43.6636 entropy=68.1598 kl=0.0220
[Iter 394/488] steps=806912 reward=735.51 pi_loss=-0.0464 vf_loss=29.4597 entropy=68.0491 kl=0.0538
[Iter 395/488] steps=808960 reward=571.76 pi_loss=-0.0499 vf_loss=41.6138 entropy=68.2092 kl=0.0277
[Iter 396/488] steps=811008 reward=688.99 pi_loss=-0.0448 vf_loss=32.3224 entropy=68.2388 kl=0.0453
  [Eval] mean_return=761.65 std_return=33.37
[Iter 397/488] steps=813056 reward=657.46 pi_loss=-0.0509 vf_loss=41.3741 entropy=68.1288 kl=0.0302
[Iter 398/488] steps=815104 reward=771.51 pi_loss=-0.0420 vf_loss=29.5284 entropy=68.0362 kl=0.0593
[Iter 399/488] steps=817152 reward=759.62 pi_loss=-0.0490 vf_loss=29.6688 entropy=68.2462 kl=0.0434
[Iter 400/488] steps=819200 reward=601.10 pi_loss=-0.0507 vf_loss=43.2860 entropy=68.0840 kl=0.0219
[Iter 401/488] steps=821248 reward=723.98 pi_loss=-0.0489 vf_loss=40.1809 entropy=68.0553 kl=0.0340
  [Eval] mean_return=764.01 std_return=27.99
[Iter 402/488] steps=823296 reward=698.17 pi_loss=-0.0383 vf_loss=26.9648 entropy=67.9552 kl=0.0517
[Iter 403/488] steps=825344 reward=382.43 pi_loss=-0.0562 vf_loss=64.3402 entropy=68.2216 kl=0.0162
[Iter 404/488] steps=827392 reward=714.34 pi_loss=-0.0465 vf_loss=31.1049 entropy=68.1193 kl=0.0448
[Iter 405/488] steps=829440 reward=740.18 pi_loss=-0.0463 vf_loss=43.1773 entropy=67.8986 kl=0.0282
[Iter 406/488] steps=831488 reward=479.32 pi_loss=-0.0570 vf_loss=49.0128 entropy=68.2490 kl=0.0230
  [Eval] mean_return=715.32 std_return=123.37
[Iter 407/488] steps=833536 reward=687.11 pi_loss=-0.0484 vf_loss=41.7660 entropy=68.1446 kl=0.0390
[Iter 408/488] steps=835584 reward=710.04 pi_loss=-0.0454 vf_loss=30.9432 entropy=68.1748 kl=0.0416
[Iter 409/488] steps=837632 reward=652.11 pi_loss=-0.0537 vf_loss=37.5512 entropy=67.9160 kl=0.0331
[Iter 410/488] steps=839680 reward=783.89 pi_loss=-0.0420 vf_loss=29.7693 entropy=68.0096 kl=0.0556
[Iter 411/488] steps=841728 reward=762.59 pi_loss=-0.0427 vf_loss=29.2609 entropy=68.1284 kl=0.0516
  [Eval] mean_return=674.28 std_return=260.98
[Iter 412/488] steps=843776 reward=759.15 pi_loss=-0.0467 vf_loss=31.2211 entropy=68.2223 kl=0.0494
[Iter 413/488] steps=845824 reward=507.57 pi_loss=-0.0518 vf_loss=53.7859 entropy=67.9867 kl=0.0167
[Iter 414/488] steps=847872 reward=676.89 pi_loss=-0.0516 vf_loss=41.1660 entropy=68.1524 kl=0.0244
[Iter 415/488] steps=849920 reward=753.82 pi_loss=-0.0475 vf_loss=29.6886 entropy=68.1838 kl=0.0353
[Iter 416/488] steps=851968 reward=650.49 pi_loss=-0.0486 vf_loss=35.2497 entropy=68.1843 kl=0.0360
  [Eval] mean_return=734.74 std_return=86.96
[Iter 417/488] steps=854016 reward=719.13 pi_loss=-0.0464 vf_loss=40.0425 entropy=68.0757 kl=0.0236
[Iter 418/488] steps=856064 reward=631.89 pi_loss=-0.0537 vf_loss=46.0044 entropy=68.0243 kl=0.0214
[Iter 419/488] steps=858112 reward=529.77 pi_loss=-0.0556 vf_loss=49.7233 entropy=67.9068 kl=0.0201
[Iter 420/488] steps=860160 reward=669.06 pi_loss=-0.0490 vf_loss=40.0681 entropy=68.1519 kl=0.0258
  [Eval] mean_return=831.53 std_return=24.27
[Iter 421/488] steps=862208 reward=791.13 pi_loss=-0.0511 vf_loss=39.7877 entropy=68.0072 kl=0.0336
[Iter 422/488] steps=864256 reward=381.44 pi_loss=-0.0510 vf_loss=69.3887 entropy=68.1113 kl=0.0141
[Iter 423/488] steps=866304 reward=554.24 pi_loss=-0.0553 vf_loss=61.7529 entropy=68.0407 kl=0.0192
[Iter 424/488] steps=868352 reward=694.58 pi_loss=-0.0483 vf_loss=35.4012 entropy=68.2064 kl=0.0390
[Iter 425/488] steps=870400 reward=697.11 pi_loss=-0.0493 vf_loss=41.0902 entropy=68.1756 kl=0.0273
  [Eval] mean_return=787.54 std_return=120.03
[Iter 426/488] steps=872448 reward=673.63 pi_loss=-0.0533 vf_loss=43.7095 entropy=68.0419 kl=0.0257
[Iter 427/488] steps=874496 reward=772.26 pi_loss=-0.0444 vf_loss=41.8056 entropy=68.0446 kl=0.0259
[Iter 428/488] steps=876544 reward=615.75 pi_loss=-0.0504 vf_loss=48.7064 entropy=67.9963 kl=0.0244
[Iter 429/488] steps=878592 reward=753.76 pi_loss=-0.0483 vf_loss=30.2484 entropy=68.0107 kl=0.0459
[Iter 430/488] steps=880640 reward=736.28 pi_loss=-0.0451 vf_loss=31.9485 entropy=67.9259 kl=0.0323
  [Eval] mean_return=781.91 std_return=66.98
[Iter 431/488] steps=882688 reward=549.11 pi_loss=-0.0541 vf_loss=67.4945 entropy=68.0805 kl=0.0148
[Iter 432/488] steps=884736 reward=785.13 pi_loss=-0.0431 vf_loss=32.4577 entropy=68.1544 kl=0.0375
[Iter 433/488] steps=886784 reward=794.47 pi_loss=-0.0477 vf_loss=36.3991 entropy=68.0156 kl=0.0256
[Iter 434/488] steps=888832 reward=582.19 pi_loss=-0.0494 vf_loss=53.6115 entropy=68.0059 kl=0.0134
[Iter 435/488] steps=890880 reward=643.54 pi_loss=-0.0484 vf_loss=43.7823 entropy=68.0097 kl=0.0190
  [Eval] mean_return=723.40 std_return=140.41
[Iter 436/488] steps=892928 reward=445.88 pi_loss=-0.0541 vf_loss=55.4051 entropy=68.2386 kl=0.0153
[Iter 437/488] steps=894976 reward=661.99 pi_loss=-0.0501 vf_loss=44.7923 entropy=68.2104 kl=0.0207
[Iter 438/488] steps=897024 reward=716.86 pi_loss=-0.0489 vf_loss=47.6657 entropy=68.0990 kl=0.0182
[Iter 439/488] steps=899072 reward=628.97 pi_loss=-0.0483 vf_loss=40.0561 entropy=68.3067 kl=0.0203
[Iter 440/488] steps=901120 reward=715.82 pi_loss=-0.0436 vf_loss=37.6979 entropy=68.1221 kl=0.0242
  [Eval] mean_return=837.61 std_return=28.65
[Iter 441/488] steps=903168 reward=546.92 pi_loss=-0.0477 vf_loss=55.4044 entropy=68.1584 kl=0.0153
[Iter 442/488] steps=905216 reward=802.60 pi_loss=-0.0433 vf_loss=34.3965 entropy=68.1365 kl=0.0287
[Iter 443/488] steps=907264 reward=626.08 pi_loss=-0.0488 vf_loss=48.7755 entropy=67.8254 kl=0.0173
[Iter 444/488] steps=909312 reward=796.78 pi_loss=-0.0397 vf_loss=31.2795 entropy=68.0167 kl=0.0367
[Iter 445/488] steps=911360 reward=797.57 pi_loss=-0.0427 vf_loss=32.6921 entropy=68.2134 kl=0.0241
  [Eval] mean_return=795.81 std_return=110.54
[Iter 446/488] steps=913408 reward=832.02 pi_loss=-0.0448 vf_loss=33.8299 entropy=67.8974 kl=0.0253
[Iter 447/488] steps=915456 reward=502.35 pi_loss=-0.0439 vf_loss=68.6095 entropy=68.2755 kl=0.0108
[Iter 448/488] steps=917504 reward=627.99 pi_loss=-0.0464 vf_loss=60.5892 entropy=67.9226 kl=0.0121
[Iter 449/488] steps=919552 reward=613.93 pi_loss=-0.0512 vf_loss=55.2438 entropy=68.1747 kl=0.0141
[Iter 450/488] steps=921600 reward=772.47 pi_loss=-0.0444 vf_loss=36.9580 entropy=68.0581 kl=0.0196
  [Eval] mean_return=833.73 std_return=43.57
[Iter 451/488] steps=923648 reward=643.57 pi_loss=-0.0398 vf_loss=64.0852 entropy=68.2563 kl=0.0110
[Iter 452/488] steps=925696 reward=727.35 pi_loss=-0.0463 vf_loss=45.4855 entropy=68.3717 kl=0.0131
[Iter 453/488] steps=927744 reward=791.06 pi_loss=-0.0451 vf_loss=35.7788 entropy=68.0966 kl=0.0194
[Iter 454/488] steps=929792 reward=756.36 pi_loss=-0.0465 vf_loss=36.9877 entropy=68.0505 kl=0.0220
[Iter 455/488] steps=931840 reward=726.61 pi_loss=-0.0418 vf_loss=43.7288 entropy=68.2143 kl=0.0132
  [Eval] mean_return=880.27 std_return=34.89
[Iter 456/488] steps=933888 reward=713.64 pi_loss=-0.0490 vf_loss=43.3774 entropy=68.0609 kl=0.0136
[Iter 457/488] steps=935936 reward=781.47 pi_loss=-0.0444 vf_loss=35.8833 entropy=68.1788 kl=0.0188
[Iter 458/488] steps=937984 reward=842.29 pi_loss=-0.0445 vf_loss=39.0092 entropy=68.0296 kl=0.0168
[Iter 459/488] steps=940032 reward=734.89 pi_loss=-0.0402 vf_loss=38.9005 entropy=68.0439 kl=0.0142
  [Eval] mean_return=718.48 std_return=303.16
[Iter 460/488] steps=942080 reward=712.75 pi_loss=-0.0409 vf_loss=43.9347 entropy=68.0734 kl=0.0123
[Iter 461/488] steps=944128 reward=702.71 pi_loss=-0.0392 vf_loss=49.8695 entropy=68.1192 kl=0.0103
[Iter 462/488] steps=946176 reward=776.20 pi_loss=-0.0398 vf_loss=34.7093 entropy=68.1148 kl=0.0164
[Iter 463/488] steps=948224 reward=790.27 pi_loss=-0.0438 vf_loss=38.7100 entropy=68.1146 kl=0.0144
[Iter 464/488] steps=950272 reward=632.64 pi_loss=-0.0397 vf_loss=67.6306 entropy=68.1015 kl=0.0101
  [Eval] mean_return=860.61 std_return=55.79
[Iter 465/488] steps=952320 reward=574.08 pi_loss=-0.0386 vf_loss=56.7413 entropy=68.2169 kl=0.0107
[Iter 466/488] steps=954368 reward=545.54 pi_loss=-0.0408 vf_loss=67.8086 entropy=68.2101 kl=0.0091
[Iter 467/488] steps=956416 reward=620.67 pi_loss=-0.0406 vf_loss=61.8542 entropy=68.1169 kl=0.0097
[Iter 468/488] steps=958464 reward=782.46 pi_loss=-0.0411 vf_loss=38.6235 entropy=68.1713 kl=0.0126
[Iter 469/488] steps=960512 reward=608.67 pi_loss=-0.0403 vf_loss=53.7840 entropy=68.2497 kl=0.0082
  [Eval] mean_return=808.79 std_return=165.57
[Iter 470/488] steps=962560 reward=712.85 pi_loss=-0.0398 vf_loss=42.9526 entropy=68.1274 kl=0.0116
[Iter 471/488] steps=964608 reward=827.18 pi_loss=-0.0351 vf_loss=35.1211 entropy=68.0482 kl=0.0131
[Iter 472/488] steps=966656 reward=722.58 pi_loss=-0.0396 vf_loss=34.7321 entropy=68.1278 kl=0.0119
[Iter 473/488] steps=968704 reward=818.12 pi_loss=-0.0346 vf_loss=39.3169 entropy=68.0806 kl=0.0083
[Iter 474/488] steps=970752 reward=506.99 pi_loss=-0.0257 vf_loss=64.7144 entropy=68.1527 kl=0.0052
  [Eval] mean_return=854.41 std_return=134.13
[Iter 475/488] steps=972800 reward=656.77 pi_loss=-0.0323 vf_loss=56.8162 entropy=68.0446 kl=0.0074
[Iter 476/488] steps=974848 reward=832.00 pi_loss=-0.0319 vf_loss=38.1454 entropy=68.1808 kl=0.0074
[Iter 477/488] steps=976896 reward=788.47 pi_loss=-0.0336 vf_loss=33.2595 entropy=68.3747 kl=0.0082
[Iter 478/488] steps=978944 reward=748.53 pi_loss=-0.0294 vf_loss=48.4019 entropy=68.1427 kl=0.0073
[Iter 479/488] steps=980992 reward=576.01 pi_loss=-0.0221 vf_loss=73.0628 entropy=68.0657 kl=0.0042
  [Eval] mean_return=847.39 std_return=136.34
[Iter 480/488] steps=983040 reward=761.88 pi_loss=-0.0266 vf_loss=36.5756 entropy=68.3509 kl=0.0074
[Iter 481/488] steps=985088 reward=824.94 pi_loss=-0.0266 vf_loss=34.6855 entropy=68.1996 kl=0.0078
[Iter 482/488] steps=987136 reward=772.49 pi_loss=-0.0235 vf_loss=41.1933 entropy=68.0418 kl=0.0050
[Iter 483/488] steps=989184 reward=784.04 pi_loss=-0.0235 vf_loss=37.2302 entropy=68.2101 kl=0.0054
[Iter 484/488] steps=991232 reward=671.11 pi_loss=-0.0132 vf_loss=59.8259 entropy=68.1347 kl=0.0025
  [Eval] mean_return=873.52 std_return=44.06
[Iter 485/488] steps=993280 reward=561.06 pi_loss=-0.0101 vf_loss=78.1550 entropy=68.0650 kl=0.0019
[Iter 486/488] steps=995328 reward=833.41 pi_loss=-0.0153 vf_loss=38.5740 entropy=68.2159 kl=0.0034
[Iter 487/488] steps=997376 reward=616.76 pi_loss=-0.0067 vf_loss=56.9302 entropy=68.0645 kl=0.0007
[Iter 488/488] steps=999424 reward=815.65 pi_loss=-0.0075 vf_loss=37.7662 entropy=68.0867 kl=0.0011
Training complete. Logs saved to results/K_ablation/K8_holistic/seed_42
