[Iter 1/488] steps=2048 reward=-327.34 pi_loss=-0.0401 vf_loss=17.7079 entropy=18.1869 kl=0.0142
[Iter 2/488] steps=4096 reward=-457.32 pi_loss=-0.0501 vf_loss=16.6171 entropy=18.1597 kl=0.0151
[Iter 3/488] steps=6144 reward=-373.39 pi_loss=-0.0615 vf_loss=10.5993 entropy=18.1767 kl=0.0235
[Iter 4/488] steps=8192 reward=-330.30 pi_loss=-0.0622 vf_loss=16.0306 entropy=18.2096 kl=0.0217
[Iter 5/488] steps=10240 reward=-323.90 pi_loss=-0.0645 vf_loss=19.6654 entropy=18.1761 kl=0.0212
  [Eval] mean_return=-228.56 std_return=76.36
[Iter 6/488] steps=12288 reward=-391.07 pi_loss=-0.0668 vf_loss=11.7071 entropy=18.2471 kl=0.0324
[Iter 7/488] steps=14336 reward=-287.95 pi_loss=-0.0669 vf_loss=8.3137 entropy=18.3648 kl=0.0439
[Iter 8/488] steps=16384 reward=-362.35 pi_loss=-0.0682 vf_loss=11.4524 entropy=18.2053 kl=0.0358
[Iter 9/488] steps=18432 reward=-273.52 pi_loss=-0.0676 vf_loss=17.8941 entropy=18.2915 kl=0.0266
[Iter 10/488] steps=20480 reward=-381.30 pi_loss=-0.0699 vf_loss=20.2559 entropy=18.3534 kl=0.0249
  [Eval] mean_return=-207.16 std_return=54.50
[Iter 11/488] steps=22528 reward=-260.88 pi_loss=-0.0733 vf_loss=23.8151 entropy=18.2611 kl=0.0254
[Iter 12/488] steps=24576 reward=-328.87 pi_loss=-0.0696 vf_loss=11.3019 entropy=18.1900 kl=0.0596
[Iter 13/488] steps=26624 reward=-281.42 pi_loss=-0.0703 vf_loss=9.1985 entropy=18.2041 kl=0.0534
[Iter 14/488] steps=28672 reward=-235.96 pi_loss=-0.0762 vf_loss=12.2214 entropy=18.0713 kl=0.0465
[Iter 15/488] steps=30720 reward=-302.29 pi_loss=-0.0762 vf_loss=16.0860 entropy=18.1876 kl=0.0344
  [Eval] mean_return=-180.82 std_return=37.79
[Iter 16/488] steps=32768 reward=-256.57 pi_loss=-0.0731 vf_loss=9.7277 entropy=18.2353 kl=0.0677
[Iter 17/488] steps=34816 reward=-291.85 pi_loss=-0.0712 vf_loss=6.9380 entropy=18.2986 kl=0.0723
[Iter 18/488] steps=36864 reward=-330.08 pi_loss=-0.0768 vf_loss=13.0113 entropy=18.1721 kl=0.0423
[Iter 19/488] steps=38912 reward=-184.99 pi_loss=-0.0782 vf_loss=12.8866 entropy=18.4198 kl=0.0418
[Iter 20/488] steps=40960 reward=-287.26 pi_loss=-0.0713 vf_loss=9.4264 entropy=18.1544 kl=0.0693
  [Eval] mean_return=-129.04 std_return=64.45
[Iter 21/488] steps=43008 reward=-195.80 pi_loss=-0.0829 vf_loss=12.5425 entropy=18.2850 kl=0.0500
[Iter 22/488] steps=45056 reward=-271.86 pi_loss=-0.0736 vf_loss=11.3821 entropy=18.2161 kl=0.0548
[Iter 23/488] steps=47104 reward=-266.23 pi_loss=-0.0798 vf_loss=8.6105 entropy=18.0533 kl=0.0775
[Iter 24/488] steps=49152 reward=-238.70 pi_loss=-0.0795 vf_loss=11.7195 entropy=18.2097 kl=0.0545
[Iter 25/488] steps=51200 reward=-281.11 pi_loss=-0.0710 vf_loss=6.9723 entropy=18.3498 kl=0.1138
  [Eval] mean_return=-145.59 std_return=60.01
[Iter 26/488] steps=53248 reward=-221.62 pi_loss=-0.0783 vf_loss=14.4011 entropy=18.1899 kl=0.0462
[Iter 27/488] steps=55296 reward=-303.02 pi_loss=-0.0859 vf_loss=14.5731 entropy=18.2288 kl=0.0472
[Iter 28/488] steps=57344 reward=-243.57 pi_loss=-0.0743 vf_loss=7.5726 entropy=18.2688 kl=0.1006
[Iter 29/488] steps=59392 reward=-300.77 pi_loss=-0.0834 vf_loss=14.6342 entropy=18.3501 kl=0.0501
[Iter 30/488] steps=61440 reward=-226.88 pi_loss=-0.0734 vf_loss=7.3847 entropy=18.2478 kl=0.1525
  [Eval] mean_return=-129.24 std_return=28.98
[Iter 31/488] steps=63488 reward=-247.08 pi_loss=-0.0713 vf_loss=7.3317 entropy=18.3169 kl=0.1043
[Iter 32/488] steps=65536 reward=-265.91 pi_loss=-0.0817 vf_loss=24.9576 entropy=18.0926 kl=0.0273
[Iter 33/488] steps=67584 reward=-249.39 pi_loss=-0.0853 vf_loss=11.9460 entropy=18.2739 kl=0.0554
[Iter 34/488] steps=69632 reward=-184.06 pi_loss=-0.0861 vf_loss=12.2170 entropy=18.2315 kl=0.0639
[Iter 35/488] steps=71680 reward=-233.59 pi_loss=-0.0834 vf_loss=10.9620 entropy=18.2581 kl=0.0771
  [Eval] mean_return=-116.81 std_return=51.39
[Iter 36/488] steps=73728 reward=-263.62 pi_loss=-0.0639 vf_loss=5.5090 entropy=18.3843 kl=0.2002
[Iter 37/488] steps=75776 reward=-178.24 pi_loss=-0.0775 vf_loss=10.0276 entropy=18.1477 kl=0.0665
[Iter 38/488] steps=77824 reward=-185.39 pi_loss=-0.0826 vf_loss=11.5862 entropy=18.1706 kl=0.0535
[Iter 39/488] steps=79872 reward=-215.78 pi_loss=-0.0826 vf_loss=10.0498 entropy=18.1434 kl=0.0699
[Iter 40/488] steps=81920 reward=-288.20 pi_loss=-0.0836 vf_loss=21.8659 entropy=18.2019 kl=0.0341
  [Eval] mean_return=-114.19 std_return=64.51
[Iter 41/488] steps=83968 reward=-162.68 pi_loss=-0.0818 vf_loss=12.1150 entropy=18.2651 kl=0.0659
[Iter 42/488] steps=86016 reward=-175.97 pi_loss=-0.0856 vf_loss=12.8576 entropy=18.1556 kl=0.0703
[Iter 43/488] steps=88064 reward=-180.62 pi_loss=-0.0805 vf_loss=11.9230 entropy=18.4853 kl=0.0834
[Iter 44/488] steps=90112 reward=-208.36 pi_loss=-0.0867 vf_loss=16.9149 entropy=18.1404 kl=0.0589
  [Eval] mean_return=-33.10 std_return=32.73
[Iter 45/488] steps=92160 reward=-163.38 pi_loss=-0.0645 vf_loss=6.6699 entropy=18.3221 kl=0.2206
[Iter 46/488] steps=94208 reward=-192.38 pi_loss=-0.0867 vf_loss=13.8881 entropy=18.2919 kl=0.0635
[Iter 47/488] steps=96256 reward=-128.49 pi_loss=-0.0824 vf_loss=11.8463 entropy=18.4555 kl=0.0886
[Iter 48/488] steps=98304 reward=-180.19 pi_loss=-0.0767 vf_loss=9.7894 entropy=18.3307 kl=0.1356
[Iter 49/488] steps=100352 reward=-237.22 pi_loss=-0.0844 vf_loss=13.4517 entropy=18.3075 kl=0.0668
  [Eval] mean_return=-13.57 std_return=75.71
[Iter 50/488] steps=102400 reward=-165.83 pi_loss=-0.0897 vf_loss=15.8192 entropy=18.5772 kl=0.0605
[Iter 51/488] steps=104448 reward=-224.43 pi_loss=-0.0904 vf_loss=13.1406 entropy=18.4259 kl=0.0936
[Iter 52/488] steps=106496 reward=-158.75 pi_loss=-0.0865 vf_loss=14.1728 entropy=18.2435 kl=0.0915
[Iter 53/488] steps=108544 reward=-148.79 pi_loss=-0.0899 vf_loss=15.1520 entropy=18.5225 kl=0.1005
[Iter 54/488] steps=110592 reward=-180.48 pi_loss=-0.0799 vf_loss=10.3615 entropy=18.4318 kl=0.1387
  [Eval] mean_return=14.39 std_return=57.70
[Iter 55/488] steps=112640 reward=-175.62 pi_loss=-0.0795 vf_loss=9.5116 entropy=18.4217 kl=0.1422
[Iter 56/488] steps=114688 reward=-62.88 pi_loss=-0.0750 vf_loss=6.9944 entropy=18.3222 kl=0.2312
[Iter 57/488] steps=116736 reward=-238.54 pi_loss=-0.0940 vf_loss=13.0519 entropy=18.1474 kl=0.0709
[Iter 58/488] steps=118784 reward=-181.44 pi_loss=-0.0771 vf_loss=5.7550 entropy=18.2894 kl=0.2012
[Iter 59/488] steps=120832 reward=-152.92 pi_loss=-0.0929 vf_loss=22.8987 entropy=18.3655 kl=0.0403
  [Eval] mean_return=45.95 std_return=46.78
[Iter 60/488] steps=122880 reward=-172.66 pi_loss=-0.0875 vf_loss=8.0990 entropy=18.2632 kl=0.1165
[Iter 61/488] steps=124928 reward=-162.84 pi_loss=-0.0819 vf_loss=5.8463 entropy=18.3395 kl=0.1516
[Iter 62/488] steps=126976 reward=-90.14 pi_loss=-0.0856 vf_loss=15.2756 entropy=18.3189 kl=0.0579
[Iter 63/488] steps=129024 reward=-85.69 pi_loss=-0.0879 vf_loss=14.3630 entropy=18.2579 kl=0.0658
[Iter 64/488] steps=131072 reward=-165.79 pi_loss=-0.0951 vf_loss=13.6021 entropy=18.2808 kl=0.0806
  [Eval] mean_return=45.93 std_return=93.15
[Iter 65/488] steps=133120 reward=-80.24 pi_loss=-0.0942 vf_loss=15.2659 entropy=18.2600 kl=0.0920
[Iter 66/488] steps=135168 reward=-152.75 pi_loss=-0.0748 vf_loss=7.6299 entropy=18.4127 kl=0.1891
[Iter 67/488] steps=137216 reward=-69.69 pi_loss=-0.0943 vf_loss=11.1948 entropy=18.1662 kl=0.0743
[Iter 68/488] steps=139264 reward=3.78 pi_loss=-0.0868 vf_loss=7.6909 entropy=18.3403 kl=0.1324
[Iter 69/488] steps=141312 reward=-100.64 pi_loss=-0.0774 vf_loss=7.0667 entropy=18.3999 kl=0.1387
  [Eval] mean_return=85.62 std_return=73.85
[Iter 70/488] steps=143360 reward=-41.69 pi_loss=-0.0753 vf_loss=4.9066 entropy=18.2517 kl=0.2464
[Iter 71/488] steps=145408 reward=-15.02 pi_loss=-0.0769 vf_loss=6.2357 entropy=18.1861 kl=0.1551
[Iter 72/488] steps=147456 reward=-68.01 pi_loss=-0.0935 vf_loss=7.4614 entropy=18.2884 kl=0.1069
[Iter 73/488] steps=149504 reward=-17.34 pi_loss=-0.0973 vf_loss=12.5920 entropy=18.3769 kl=0.0598
[Iter 74/488] steps=151552 reward=30.99 pi_loss=-0.0858 vf_loss=8.2311 entropy=18.0464 kl=0.1182
  [Eval] mean_return=129.40 std_return=52.11
[Iter 75/488] steps=153600 reward=-29.00 pi_loss=-0.0849 vf_loss=5.5800 entropy=18.3610 kl=0.2035
[Iter 76/488] steps=155648 reward=-69.70 pi_loss=-0.0919 vf_loss=8.6517 entropy=18.3974 kl=0.0922
[Iter 77/488] steps=157696 reward=-66.67 pi_loss=-0.0801 vf_loss=6.7144 entropy=18.3115 kl=0.1623
[Iter 78/488] steps=159744 reward=-34.91 pi_loss=-0.0937 vf_loss=7.1866 entropy=18.2929 kl=0.0840
[Iter 79/488] steps=161792 reward=-117.12 pi_loss=-0.0961 vf_loss=12.3024 entropy=18.1676 kl=0.0676
  [Eval] mean_return=53.13 std_return=94.49
[Iter 80/488] steps=163840 reward=-60.28 pi_loss=-0.0921 vf_loss=7.7944 entropy=18.1549 kl=0.1167
[Iter 81/488] steps=165888 reward=38.53 pi_loss=-0.0809 vf_loss=5.7645 entropy=18.2838 kl=0.2073
[Iter 82/488] steps=167936 reward=-43.94 pi_loss=-0.0883 vf_loss=11.7488 entropy=18.3715 kl=0.0731
[Iter 83/488] steps=169984 reward=-49.56 pi_loss=-0.0900 vf_loss=11.7130 entropy=18.1981 kl=0.0797
[Iter 84/488] steps=172032 reward=-91.09 pi_loss=-0.0887 vf_loss=14.1158 entropy=18.3571 kl=0.0809
  [Eval] mean_return=157.35 std_return=72.66
[Iter 85/488] steps=174080 reward=-24.55 pi_loss=-0.0839 vf_loss=7.4007 entropy=18.3883 kl=0.1756
[Iter 86/488] steps=176128 reward=-22.22 pi_loss=-0.0857 vf_loss=7.9545 entropy=18.1295 kl=0.1307
[Iter 87/488] steps=178176 reward=19.94 pi_loss=-0.0696 vf_loss=5.4324 entropy=18.3441 kl=0.2702
[Iter 88/488] steps=180224 reward=92.24 pi_loss=-0.0869 vf_loss=7.9562 entropy=18.1578 kl=0.1338
  [Eval] mean_return=161.75 std_return=66.60
[Iter 89/488] steps=182272 reward=-91.12 pi_loss=-0.0991 vf_loss=19.6954 entropy=18.2373 kl=0.0510
[Iter 90/488] steps=184320 reward=61.00 pi_loss=-0.0884 vf_loss=14.5421 entropy=18.1025 kl=0.0997
[Iter 91/488] steps=186368 reward=-15.46 pi_loss=-0.0886 vf_loss=11.1213 entropy=18.3875 kl=0.1063
[Iter 92/488] steps=188416 reward=53.62 pi_loss=-0.0782 vf_loss=6.8757 entropy=18.3892 kl=0.2423
[Iter 93/488] steps=190464 reward=22.15 pi_loss=-0.0850 vf_loss=7.8673 entropy=18.2885 kl=0.1708
  [Eval] mean_return=112.66 std_return=88.11
[Iter 94/488] steps=192512 reward=14.42 pi_loss=-0.0907 vf_loss=11.9106 entropy=18.2047 kl=0.0836
[Iter 95/488] steps=194560 reward=71.77 pi_loss=-0.0860 vf_loss=7.2292 entropy=18.4784 kl=0.1770
[Iter 96/488] steps=196608 reward=32.17 pi_loss=-0.0765 vf_loss=9.9105 entropy=18.1605 kl=0.1363
[Iter 97/488] steps=198656 reward=25.37 pi_loss=-0.0878 vf_loss=14.2184 entropy=18.2851 kl=0.0821
[Iter 98/488] steps=200704 reward=-17.51 pi_loss=-0.0892 vf_loss=15.9088 entropy=18.3121 kl=0.0896
  [Eval] mean_return=206.47 std_return=78.07
[Iter 99/488] steps=202752 reward=134.68 pi_loss=-0.0932 vf_loss=9.9142 entropy=18.3427 kl=0.1479
[Iter 100/488] steps=204800 reward=162.76 pi_loss=-0.0887 vf_loss=12.7058 entropy=18.2206 kl=0.1392
[Iter 101/488] steps=206848 reward=62.03 pi_loss=-0.0874 vf_loss=14.1479 entropy=18.2266 kl=0.0982
[Iter 102/488] steps=208896 reward=72.44 pi_loss=-0.0803 vf_loss=7.4341 entropy=18.3313 kl=0.2085
[Iter 103/488] steps=210944 reward=74.04 pi_loss=-0.0763 vf_loss=8.2679 entropy=18.2915 kl=0.2043
  [Eval] mean_return=207.73 std_return=109.28
[Iter 104/488] steps=212992 reward=125.41 pi_loss=-0.0904 vf_loss=13.2391 entropy=18.1569 kl=0.1060
[Iter 105/488] steps=215040 reward=59.67 pi_loss=-0.0858 vf_loss=9.0142 entropy=18.3287 kl=0.1996
[Iter 106/488] steps=217088 reward=184.31 pi_loss=-0.0892 vf_loss=13.6647 entropy=18.2905 kl=0.0963
[Iter 107/488] steps=219136 reward=16.73 pi_loss=-0.0842 vf_loss=10.7668 entropy=18.2770 kl=0.1315
[Iter 108/488] steps=221184 reward=146.74 pi_loss=-0.0715 vf_loss=8.1797 entropy=18.5856 kl=0.2967
  [Eval] mean_return=277.68 std_return=42.83
[Iter 109/488] steps=223232 reward=71.24 pi_loss=-0.0750 vf_loss=8.4290 entropy=18.1277 kl=0.2322
[Iter 110/488] steps=225280 reward=51.59 pi_loss=-0.0883 vf_loss=9.7425 entropy=18.1827 kl=0.1369
[Iter 111/488] steps=227328 reward=233.20 pi_loss=-0.0857 vf_loss=8.2035 entropy=18.4757 kl=0.2042
[Iter 112/488] steps=229376 reward=31.91 pi_loss=-0.0940 vf_loss=17.7547 entropy=18.1831 kl=0.0788
[Iter 113/488] steps=231424 reward=138.44 pi_loss=-0.0887 vf_loss=11.6321 entropy=18.3535 kl=0.1139
  [Eval] mean_return=228.73 std_return=140.24
[Iter 114/488] steps=233472 reward=124.66 pi_loss=-0.0800 vf_loss=8.6522 entropy=18.3610 kl=0.2087
[Iter 115/488] steps=235520 reward=153.75 pi_loss=-0.0832 vf_loss=8.5394 entropy=18.4343 kl=0.1944
[Iter 116/488] steps=237568 reward=268.30 pi_loss=-0.0936 vf_loss=15.3386 entropy=18.2113 kl=0.0888
[Iter 117/488] steps=239616 reward=113.73 pi_loss=-0.0879 vf_loss=7.6095 entropy=18.1769 kl=0.1909
[Iter 118/488] steps=241664 reward=113.03 pi_loss=-0.0878 vf_loss=10.1934 entropy=18.1704 kl=0.2046
  [Eval] mean_return=262.16 std_return=95.46
[Iter 119/488] steps=243712 reward=118.06 pi_loss=-0.0706 vf_loss=8.1331 entropy=18.4040 kl=0.3712
[Iter 120/488] steps=245760 reward=197.64 pi_loss=-0.0850 vf_loss=6.8236 entropy=18.3863 kl=0.1999
[Iter 121/488] steps=247808 reward=176.95 pi_loss=-0.0923 vf_loss=11.5955 entropy=18.0392 kl=0.0807
[Iter 122/488] steps=249856 reward=119.70 pi_loss=-0.0954 vf_loss=14.4587 entropy=18.1711 kl=0.0634
[Iter 123/488] steps=251904 reward=189.49 pi_loss=-0.0978 vf_loss=9.5218 entropy=18.2113 kl=0.1223
  [Eval] mean_return=280.56 std_return=56.51
[Iter 124/488] steps=253952 reward=181.97 pi_loss=-0.0940 vf_loss=9.1516 entropy=18.2409 kl=0.1236
[Iter 125/488] steps=256000 reward=146.70 pi_loss=-0.0840 vf_loss=9.0686 entropy=18.2714 kl=0.1483
[Iter 126/488] steps=258048 reward=199.20 pi_loss=-0.0942 vf_loss=11.3333 entropy=18.1097 kl=0.0892
[Iter 127/488] steps=260096 reward=149.22 pi_loss=-0.0834 vf_loss=6.2577 entropy=18.6656 kl=0.2409
  [Eval] mean_return=316.86 std_return=66.21
[Iter 128/488] steps=262144 reward=187.75 pi_loss=-0.0806 vf_loss=11.0493 entropy=18.3772 kl=0.1100
[Iter 129/488] steps=264192 reward=150.56 pi_loss=-0.0970 vf_loss=21.8700 entropy=18.1337 kl=0.0559
[Iter 130/488] steps=266240 reward=191.67 pi_loss=-0.0836 vf_loss=11.2503 entropy=18.3001 kl=0.1916
[Iter 131/488] steps=268288 reward=158.56 pi_loss=-0.0804 vf_loss=9.9927 entropy=18.2130 kl=0.2117
[Iter 132/488] steps=270336 reward=203.23 pi_loss=-0.0906 vf_loss=11.6383 entropy=18.0365 kl=0.1109
  [Eval] mean_return=351.44 std_return=98.28
[Iter 133/488] steps=272384 reward=209.86 pi_loss=-0.0923 vf_loss=10.0991 entropy=18.3773 kl=0.1635
[Iter 134/488] steps=274432 reward=165.35 pi_loss=-0.0784 vf_loss=11.1482 entropy=18.2279 kl=0.1645
[Iter 135/488] steps=276480 reward=188.80 pi_loss=-0.0924 vf_loss=11.4156 entropy=18.2014 kl=0.1664
[Iter 136/488] steps=278528 reward=180.89 pi_loss=-0.0868 vf_loss=9.7451 entropy=18.4121 kl=0.2445
[Iter 137/488] steps=280576 reward=165.66 pi_loss=-0.0911 vf_loss=12.4268 entropy=18.3129 kl=0.1266
  [Eval] mean_return=350.75 std_return=118.90
[Iter 138/488] steps=282624 reward=209.77 pi_loss=-0.0948 vf_loss=16.0444 entropy=18.1207 kl=0.0812
[Iter 139/488] steps=284672 reward=194.45 pi_loss=-0.0935 vf_loss=14.5424 entropy=18.3242 kl=0.0939
[Iter 140/488] steps=286720 reward=140.17 pi_loss=-0.0878 vf_loss=12.7383 entropy=18.2056 kl=0.1145
[Iter 141/488] steps=288768 reward=235.12 pi_loss=-0.0898 vf_loss=12.6725 entropy=18.2888 kl=0.1344
[Iter 142/488] steps=290816 reward=204.63 pi_loss=-0.0921 vf_loss=11.7032 entropy=18.3506 kl=0.1464
  [Eval] mean_return=396.98 std_return=113.51
[Iter 143/488] steps=292864 reward=307.02 pi_loss=-0.0918 vf_loss=14.9783 entropy=18.5087 kl=0.1300
[Iter 144/488] steps=294912 reward=301.46 pi_loss=-0.0765 vf_loss=11.4139 entropy=18.4365 kl=0.2363
[Iter 145/488] steps=296960 reward=199.69 pi_loss=-0.0872 vf_loss=15.6849 entropy=18.1479 kl=0.1118
[Iter 146/488] steps=299008 reward=267.40 pi_loss=-0.0882 vf_loss=17.5608 entropy=18.3107 kl=0.1001
[Iter 147/488] steps=301056 reward=179.22 pi_loss=-0.0810 vf_loss=12.3022 entropy=18.2473 kl=0.1853
  [Eval] mean_return=411.51 std_return=60.80
[Iter 148/488] steps=303104 reward=343.63 pi_loss=-0.0644 vf_loss=10.5254 entropy=18.3151 kl=0.2538
[Iter 149/488] steps=305152 reward=279.87 pi_loss=-0.0806 vf_loss=17.1133 entropy=18.4293 kl=0.1683
[Iter 150/488] steps=307200 reward=343.62 pi_loss=-0.0971 vf_loss=17.8347 entropy=18.3264 kl=0.1210
[Iter 151/488] steps=309248 reward=339.53 pi_loss=-0.0940 vf_loss=20.4112 entropy=18.2425 kl=0.0878
[Iter 152/488] steps=311296 reward=342.77 pi_loss=-0.0914 vf_loss=20.0629 entropy=18.3033 kl=0.1177
  [Eval] mean_return=541.26 std_return=74.58
[Iter 153/488] steps=313344 reward=263.26 pi_loss=-0.0605 vf_loss=12.9192 entropy=18.4247 kl=0.2888
[Iter 154/488] steps=315392 reward=257.27 pi_loss=-0.0917 vf_loss=30.3758 entropy=18.4611 kl=0.0741
[Iter 155/488] steps=317440 reward=201.44 pi_loss=-0.0914 vf_loss=19.8591 entropy=18.2852 kl=0.1242
[Iter 156/488] steps=319488 reward=214.87 pi_loss=-0.0856 vf_loss=21.7684 entropy=18.4102 kl=0.1249
[Iter 157/488] steps=321536 reward=401.51 pi_loss=-0.0811 vf_loss=17.7428 entropy=18.5989 kl=0.1449
  [Eval] mean_return=470.03 std_return=124.18
[Iter 158/488] steps=323584 reward=232.56 pi_loss=-0.0895 vf_loss=27.0527 entropy=18.2798 kl=0.0973
[Iter 159/488] steps=325632 reward=410.25 pi_loss=-0.0790 vf_loss=15.3473 entropy=18.3417 kl=0.1783
[Iter 160/488] steps=327680 reward=301.82 pi_loss=-0.0832 vf_loss=26.6512 entropy=18.2668 kl=0.1236
[Iter 161/488] steps=329728 reward=231.55 pi_loss=-0.0349 vf_loss=13.0097 entropy=18.3485 kl=0.3811
[Iter 162/488] steps=331776 reward=300.24 pi_loss=-0.0632 vf_loss=11.4862 entropy=18.2375 kl=0.2138
  [Eval] mean_return=579.65 std_return=51.60
[Iter 163/488] steps=333824 reward=345.90 pi_loss=-0.0776 vf_loss=12.2232 entropy=18.3000 kl=0.1925
[Iter 164/488] steps=335872 reward=203.89 pi_loss=-0.0986 vf_loss=38.7585 entropy=18.1977 kl=0.0582
[Iter 165/488] steps=337920 reward=338.76 pi_loss=-0.0993 vf_loss=25.3055 entropy=18.3587 kl=0.0836
[Iter 166/488] steps=339968 reward=297.68 pi_loss=-0.0897 vf_loss=24.2153 entropy=18.2807 kl=0.0900
[Iter 167/488] steps=342016 reward=431.82 pi_loss=-0.0815 vf_loss=17.2054 entropy=18.0843 kl=0.1643
  [Eval] mean_return=598.77 std_return=94.79
[Iter 168/488] steps=344064 reward=363.86 pi_loss=-0.0900 vf_loss=23.9282 entropy=18.4574 kl=0.0881
[Iter 169/488] steps=346112 reward=393.24 pi_loss=-0.0790 vf_loss=23.5279 entropy=18.2628 kl=0.1477
[Iter 170/488] steps=348160 reward=462.14 pi_loss=-0.0830 vf_loss=18.1840 entropy=18.0729 kl=0.1512
[Iter 171/488] steps=350208 reward=368.00 pi_loss=-0.0971 vf_loss=31.2943 entropy=18.2642 kl=0.1083
  [Eval] mean_return=647.34 std_return=93.50
[Iter 172/488] steps=352256 reward=403.30 pi_loss=-0.0751 vf_loss=24.6290 entropy=18.2303 kl=0.1827
[Iter 173/488] steps=354304 reward=487.67 pi_loss=-0.0755 vf_loss=13.2787 entropy=18.3443 kl=0.2435
[Iter 174/488] steps=356352 reward=336.07 pi_loss=-0.0791 vf_loss=23.9913 entropy=18.4160 kl=0.1821
[Iter 175/488] steps=358400 reward=346.79 pi_loss=-0.0970 vf_loss=37.6379 entropy=18.2333 kl=0.0918
[Iter 176/488] steps=360448 reward=326.36 pi_loss=-0.0987 vf_loss=28.5081 entropy=18.2981 kl=0.1101
  [Eval] mean_return=608.17 std_return=186.87
[Iter 177/488] steps=362496 reward=412.42 pi_loss=-0.0520 vf_loss=22.0001 entropy=18.4954 kl=0.2627
[Iter 178/488] steps=364544 reward=412.08 pi_loss=-0.0776 vf_loss=15.0178 entropy=18.4573 kl=0.1963
[Iter 179/488] steps=366592 reward=351.25 pi_loss=-0.0869 vf_loss=25.4262 entropy=18.3056 kl=0.0989
[Iter 180/488] steps=368640 reward=500.43 pi_loss=-0.0795 vf_loss=18.4769 entropy=18.3595 kl=0.1677
[Iter 181/488] steps=370688 reward=626.64 pi_loss=-0.0855 vf_loss=30.5493 entropy=18.0895 kl=0.1228
  [Eval] mean_return=627.55 std_return=50.06
[Iter 182/488] steps=372736 reward=480.54 pi_loss=-0.0836 vf_loss=32.1853 entropy=18.3311 kl=0.1008
[Iter 183/488] steps=374784 reward=351.11 pi_loss=-0.0818 vf_loss=26.1303 entropy=18.6066 kl=0.1323
[Iter 184/488] steps=376832 reward=567.46 pi_loss=-0.0977 vf_loss=28.2249 entropy=18.2781 kl=0.1112
[Iter 185/488] steps=378880 reward=407.81 pi_loss=-0.0900 vf_loss=33.8893 entropy=18.3197 kl=0.1178
[Iter 186/488] steps=380928 reward=529.53 pi_loss=-0.0868 vf_loss=25.0281 entropy=18.3011 kl=0.1486
  [Eval] mean_return=717.56 std_return=136.67
[Iter 187/488] steps=382976 reward=402.06 pi_loss=-0.0549 vf_loss=17.7982 entropy=18.5642 kl=0.2868
[Iter 188/488] steps=385024 reward=579.74 pi_loss=-0.0812 vf_loss=25.3903 entropy=18.4388 kl=0.1454
[Iter 189/488] steps=387072 reward=371.46 pi_loss=-0.0881 vf_loss=30.2778 entropy=18.3064 kl=0.1181
[Iter 190/488] steps=389120 reward=596.81 pi_loss=-0.0925 vf_loss=34.3723 entropy=18.2531 kl=0.1318
[Iter 191/488] steps=391168 reward=499.14 pi_loss=-0.0838 vf_loss=28.8280 entropy=18.3423 kl=0.1361
  [Eval] mean_return=671.06 std_return=112.70
[Iter 192/488] steps=393216 reward=466.84 pi_loss=-0.0635 vf_loss=17.2577 entropy=18.4830 kl=0.2480
[Iter 193/488] steps=395264 reward=526.04 pi_loss=-0.0271 vf_loss=17.7235 entropy=18.5766 kl=0.6237
[Iter 194/488] steps=397312 reward=570.52 pi_loss=-0.0775 vf_loss=21.8079 entropy=18.3382 kl=0.1723
[Iter 195/488] steps=399360 reward=387.13 pi_loss=-0.0864 vf_loss=38.6154 entropy=18.2518 kl=0.0676
[Iter 196/488] steps=401408 reward=646.99 pi_loss=-0.0873 vf_loss=26.8007 entropy=18.2326 kl=0.1264
  [Eval] mean_return=835.41 std_return=228.12
[Iter 197/488] steps=403456 reward=490.00 pi_loss=-0.0775 vf_loss=19.2257 entropy=18.3544 kl=0.2041
[Iter 198/488] steps=405504 reward=725.77 pi_loss=-0.0879 vf_loss=47.7644 entropy=18.1966 kl=0.0661
[Iter 199/488] steps=407552 reward=679.21 pi_loss=-0.0690 vf_loss=19.0191 entropy=18.3897 kl=0.2187
[Iter 200/488] steps=409600 reward=599.79 pi_loss=-0.0919 vf_loss=45.4624 entropy=18.2988 kl=0.0640
[Iter 201/488] steps=411648 reward=624.60 pi_loss=-0.0826 vf_loss=27.1776 entropy=18.2953 kl=0.1162
  [Eval] mean_return=820.13 std_return=180.06
[Iter 202/488] steps=413696 reward=478.58 pi_loss=-0.0578 vf_loss=14.6633 entropy=18.0653 kl=0.3088
[Iter 203/488] steps=415744 reward=551.94 pi_loss=-0.0845 vf_loss=29.8319 entropy=17.9733 kl=0.0827
[Iter 204/488] steps=417792 reward=663.92 pi_loss=-0.0781 vf_loss=19.0232 entropy=18.4764 kl=0.1831
[Iter 205/488] steps=419840 reward=499.80 pi_loss=-0.0803 vf_loss=29.5917 entropy=18.2433 kl=0.1103
[Iter 206/488] steps=421888 reward=692.89 pi_loss=-0.0859 vf_loss=43.7425 entropy=18.1700 kl=0.0839
  [Eval] mean_return=850.86 std_return=177.39
[Iter 207/488] steps=423936 reward=518.79 pi_loss=-0.0772 vf_loss=29.9886 entropy=18.3544 kl=0.1628
[Iter 208/488] steps=425984 reward=663.98 pi_loss=-0.0820 vf_loss=31.1055 entropy=18.3522 kl=0.1203
[Iter 209/488] steps=428032 reward=661.87 pi_loss=-0.0719 vf_loss=21.3931 entropy=18.3517 kl=0.2107
[Iter 210/488] steps=430080 reward=704.73 pi_loss=-0.0883 vf_loss=30.8653 entropy=18.3250 kl=0.1025
  [Eval] mean_return=932.48 std_return=239.23
[Iter 211/488] steps=432128 reward=631.74 pi_loss=-0.0793 vf_loss=25.9387 entropy=18.2217 kl=0.1503
[Iter 212/488] steps=434176 reward=597.09 pi_loss=-0.0513 vf_loss=16.1288 entropy=18.4908 kl=0.3094
[Iter 213/488] steps=436224 reward=687.60 pi_loss=-0.0807 vf_loss=28.4356 entropy=18.4448 kl=0.1456
[Iter 214/488] steps=438272 reward=551.84 pi_loss=-0.0648 vf_loss=16.7844 entropy=18.4032 kl=0.2108
[Iter 215/488] steps=440320 reward=588.58 pi_loss=-0.0685 vf_loss=19.8478 entropy=18.2325 kl=0.1493
  [Eval] mean_return=857.53 std_return=156.39
[Iter 216/488] steps=442368 reward=976.00 pi_loss=-0.0848 vf_loss=59.9887 entropy=18.1989 kl=0.0538
[Iter 217/488] steps=444416 reward=498.20 pi_loss=-0.0820 vf_loss=31.0327 entropy=18.0031 kl=0.0781
[Iter 218/488] steps=446464 reward=722.57 pi_loss=-0.0763 vf_loss=25.5145 entropy=18.2094 kl=0.1159
[Iter 219/488] steps=448512 reward=602.68 pi_loss=-0.0760 vf_loss=31.8040 entropy=18.2667 kl=0.1743
[Iter 220/488] steps=450560 reward=567.97 pi_loss=-0.0746 vf_loss=22.7821 entropy=18.5000 kl=0.1796
  [Eval] mean_return=796.92 std_return=155.99
[Iter 221/488] steps=452608 reward=723.17 pi_loss=-0.0828 vf_loss=33.3916 entropy=18.1609 kl=0.0989
[Iter 222/488] steps=454656 reward=745.58 pi_loss=-0.0731 vf_loss=29.4632 entropy=18.3471 kl=0.1846
[Iter 223/488] steps=456704 reward=849.70 pi_loss=-0.0867 vf_loss=60.8447 entropy=17.9708 kl=0.0625
[Iter 224/488] steps=458752 reward=796.59 pi_loss=-0.0906 vf_loss=41.5189 entropy=18.3440 kl=0.1027
[Iter 225/488] steps=460800 reward=830.04 pi_loss=-0.0775 vf_loss=38.7816 entropy=18.1626 kl=0.1252
  [Eval] mean_return=916.52 std_return=223.56
[Iter 226/488] steps=462848 reward=608.39 pi_loss=-0.0689 vf_loss=29.8677 entropy=18.0783 kl=0.1424
[Iter 227/488] steps=464896 reward=672.04 pi_loss=-0.0628 vf_loss=27.2148 entropy=18.4161 kl=0.2415
[Iter 228/488] steps=466944 reward=720.09 pi_loss=-0.0737 vf_loss=39.1391 entropy=18.3654 kl=0.1332
[Iter 229/488] steps=468992 reward=848.81 pi_loss=-0.0687 vf_loss=49.2715 entropy=18.2031 kl=0.1037
[Iter 230/488] steps=471040 reward=706.02 pi_loss=-0.0713 vf_loss=33.4831 entropy=18.3964 kl=0.1768
  [Eval] mean_return=953.25 std_return=249.67
[Iter 231/488] steps=473088 reward=620.83 pi_loss=-0.0510 vf_loss=27.0261 entropy=18.4363 kl=0.2460
[Iter 232/488] steps=475136 reward=751.07 pi_loss=-0.0647 vf_loss=24.9194 entropy=18.2556 kl=0.2405
[Iter 233/488] steps=477184 reward=762.53 pi_loss=-0.0689 vf_loss=37.7829 entropy=18.1736 kl=0.1230
[Iter 234/488] steps=479232 reward=913.17 pi_loss=-0.0702 vf_loss=59.2320 entropy=18.3637 kl=0.0937
[Iter 235/488] steps=481280 reward=676.04 pi_loss=-0.0726 vf_loss=40.9353 entropy=18.1220 kl=0.1322
  [Eval] mean_return=1031.93 std_return=265.49
[Iter 236/488] steps=483328 reward=872.76 pi_loss=-0.0656 vf_loss=43.9578 entropy=18.3752 kl=0.1369
[Iter 237/488] steps=485376 reward=760.79 pi_loss=-0.0696 vf_loss=31.8220 entropy=18.1776 kl=0.1790
[Iter 238/488] steps=487424 reward=971.53 pi_loss=-0.0842 vf_loss=50.1609 entropy=18.1117 kl=0.0979
[Iter 239/488] steps=489472 reward=1105.53 pi_loss=-0.0743 vf_loss=53.9264 entropy=18.3287 kl=0.0935
[Iter 240/488] steps=491520 reward=1056.90 pi_loss=-0.0800 vf_loss=96.5858 entropy=18.3049 kl=0.0642
  [Eval] mean_return=1176.54 std_return=242.39
[Iter 241/488] steps=493568 reward=878.06 pi_loss=-0.0650 vf_loss=36.2431 entropy=18.3651 kl=0.2277
[Iter 242/488] steps=495616 reward=764.08 pi_loss=-0.0678 vf_loss=45.8625 entropy=18.2441 kl=0.1117
[Iter 243/488] steps=497664 reward=914.36 pi_loss=-0.0588 vf_loss=32.0718 entropy=18.2526 kl=0.2047
[Iter 244/488] steps=499712 reward=764.67 pi_loss=-0.0628 vf_loss=46.6635 entropy=18.3752 kl=0.1433
[Iter 245/488] steps=501760 reward=768.01 pi_loss=-0.0178 vf_loss=28.6615 entropy=18.5334 kl=0.4145
  [Eval] mean_return=1130.08 std_return=263.34
[Iter 246/488] steps=503808 reward=830.30 pi_loss=-0.0752 vf_loss=51.7311 entropy=18.1927 kl=0.0950
[Iter 247/488] steps=505856 reward=763.23 pi_loss=-0.0719 vf_loss=50.2700 entropy=18.3060 kl=0.1337
[Iter 248/488] steps=507904 reward=1273.37 pi_loss=-0.0739 vf_loss=69.2084 entropy=18.2325 kl=0.0955
[Iter 249/488] steps=509952 reward=1188.00 pi_loss=-0.0738 vf_loss=43.8366 entropy=18.3435 kl=0.1626
[Iter 250/488] steps=512000 reward=862.63 pi_loss=-0.0470 vf_loss=32.5264 entropy=18.3592 kl=0.2541
  [Eval] mean_return=1280.65 std_return=329.19
[Iter 251/488] steps=514048 reward=955.29 pi_loss=-0.0723 vf_loss=34.8095 entropy=18.2104 kl=0.1508
[Iter 252/488] steps=516096 reward=1173.99 pi_loss=-0.0704 vf_loss=71.1348 entropy=18.0304 kl=0.0802
[Iter 253/488] steps=518144 reward=809.82 pi_loss=-0.0606 vf_loss=47.2516 entropy=18.3519 kl=0.2052
[Iter 254/488] steps=520192 reward=797.86 pi_loss=-0.0569 vf_loss=29.5690 entropy=18.3214 kl=0.2188
  [Eval] mean_return=1167.76 std_return=263.65
[Iter 255/488] steps=522240 reward=946.81 pi_loss=-0.0777 vf_loss=73.8174 entropy=18.3271 kl=0.0536
[Iter 256/488] steps=524288 reward=998.52 pi_loss=-0.0728 vf_loss=70.0927 entropy=18.0311 kl=0.0694
[Iter 257/488] steps=526336 reward=990.51 pi_loss=-0.0769 vf_loss=100.9919 entropy=18.1821 kl=0.0539
[Iter 258/488] steps=528384 reward=1054.86 pi_loss=-0.0699 vf_loss=47.3569 entropy=18.3987 kl=0.1044
[Iter 259/488] steps=530432 reward=1043.32 pi_loss=-0.0718 vf_loss=49.6223 entropy=18.3694 kl=0.1649
  [Eval] mean_return=1242.35 std_return=248.89
[Iter 260/488] steps=532480 reward=819.96 pi_loss=-0.0313 vf_loss=32.5271 entropy=18.4920 kl=0.3383
[Iter 261/488] steps=534528 reward=714.18 pi_loss=-0.0686 vf_loss=58.4379 entropy=18.0347 kl=0.0830
[Iter 262/488] steps=536576 reward=887.98 pi_loss=-0.0619 vf_loss=34.1328 entropy=18.1797 kl=0.1812
[Iter 263/488] steps=538624 reward=823.64 pi_loss=-0.0604 vf_loss=41.1217 entropy=18.1191 kl=0.1280
[Iter 264/488] steps=540672 reward=1206.79 pi_loss=-0.0625 vf_loss=46.3318 entropy=18.3787 kl=0.1388
  [Eval] mean_return=1235.99 std_return=408.04
[Iter 265/488] steps=542720 reward=1119.06 pi_loss=-0.0732 vf_loss=51.8071 entropy=18.1073 kl=0.1133
[Iter 266/488] steps=544768 reward=794.08 pi_loss=-0.0653 vf_loss=53.6964 entropy=18.3274 kl=0.1030
[Iter 267/488] steps=546816 reward=1376.13 pi_loss=-0.0651 vf_loss=74.0840 entropy=18.0627 kl=0.1027
[Iter 268/488] steps=548864 reward=959.79 pi_loss=-0.0802 vf_loss=97.4370 entropy=18.1790 kl=0.0675
[Iter 269/488] steps=550912 reward=1097.22 pi_loss=-0.0771 vf_loss=62.0106 entropy=18.1321 kl=0.0928
  [Eval] mean_return=1131.43 std_return=291.23
[Iter 270/488] steps=552960 reward=843.46 pi_loss=-0.0653 vf_loss=62.1983 entropy=18.2720 kl=0.1335
[Iter 271/488] steps=555008 reward=943.11 pi_loss=-0.0533 vf_loss=50.1335 entropy=18.2932 kl=0.1609
[Iter 272/488] steps=557056 reward=1225.11 pi_loss=-0.0736 vf_loss=62.1132 entropy=18.2190 kl=0.1534
[Iter 273/488] steps=559104 reward=864.82 pi_loss=-0.0369 vf_loss=39.5557 entropy=18.6103 kl=0.2520
[Iter 274/488] steps=561152 reward=1139.58 pi_loss=-0.0640 vf_loss=83.7863 entropy=18.2541 kl=0.1075
  [Eval] mean_return=1425.64 std_return=301.60
[Iter 275/488] steps=563200 reward=713.56 pi_loss=-0.0768 vf_loss=91.2966 entropy=18.4152 kl=0.0548
[Iter 276/488] steps=565248 reward=1495.87 pi_loss=-0.0578 vf_loss=80.3534 entropy=18.0336 kl=0.0965
[Iter 277/488] steps=567296 reward=1116.57 pi_loss=-0.0467 vf_loss=47.0829 entropy=18.2728 kl=0.2149
[Iter 278/488] steps=569344 reward=984.32 pi_loss=-0.0727 vf_loss=107.8283 entropy=18.2402 kl=0.0470
[Iter 279/488] steps=571392 reward=956.32 pi_loss=-0.0454 vf_loss=46.4804 entropy=18.5430 kl=0.2483
  [Eval] mean_return=1145.33 std_return=287.71
[Iter 280/488] steps=573440 reward=988.49 pi_loss=-0.0277 vf_loss=40.5666 entropy=18.4887 kl=0.3425
[Iter 281/488] steps=575488 reward=1337.67 pi_loss=-0.0643 vf_loss=79.7792 entropy=18.2651 kl=0.0870
[Iter 282/488] steps=577536 reward=1166.20 pi_loss=-0.0600 vf_loss=52.7052 entropy=18.2983 kl=0.1184
[Iter 283/488] steps=579584 reward=1054.73 pi_loss=-0.0795 vf_loss=70.9767 entropy=18.1950 kl=0.0619
[Iter 284/488] steps=581632 reward=770.09 pi_loss=-0.0503 vf_loss=42.8708 entropy=18.1797 kl=0.1361
  [Eval] mean_return=1152.60 std_return=399.92
[Iter 285/488] steps=583680 reward=1072.57 pi_loss=-0.0559 vf_loss=45.2872 entropy=18.1272 kl=0.1312
[Iter 286/488] steps=585728 reward=1143.66 pi_loss=-0.0603 vf_loss=48.8304 entropy=18.2282 kl=0.1314
[Iter 287/488] steps=587776 reward=1424.60 pi_loss=-0.0662 vf_loss=104.5873 entropy=18.0217 kl=0.0753
[Iter 288/488] steps=589824 reward=1180.32 pi_loss=-0.0672 vf_loss=116.8794 entropy=18.1678 kl=0.0701
[Iter 289/488] steps=591872 reward=754.52 pi_loss=-0.0735 vf_loss=79.0351 entropy=18.2914 kl=0.0790
  [Eval] mean_return=1399.87 std_return=454.59
[Iter 290/488] steps=593920 reward=1438.90 pi_loss=-0.0772 vf_loss=109.7746 entropy=18.1749 kl=0.0538
[Iter 291/488] steps=595968 reward=1082.38 pi_loss=-0.0602 vf_loss=55.2316 entropy=18.1812 kl=0.1175
[Iter 292/488] steps=598016 reward=1307.81 pi_loss=-0.0522 vf_loss=55.4903 entropy=18.3031 kl=0.1750
[Iter 293/488] steps=600064 reward=961.10 pi_loss=-0.0366 vf_loss=50.9008 entropy=18.3201 kl=0.2671
  [Eval] mean_return=1370.19 std_return=267.29
[Iter 294/488] steps=602112 reward=1192.93 pi_loss=-0.0648 vf_loss=63.5046 entropy=18.0806 kl=0.0795
[Iter 295/488] steps=604160 reward=1444.25 pi_loss=-0.0573 vf_loss=87.0743 entropy=18.5085 kl=0.0969
[Iter 296/488] steps=606208 reward=1430.76 pi_loss=-0.0738 vf_loss=80.0583 entropy=18.1329 kl=0.0860
[Iter 297/488] steps=608256 reward=1016.49 pi_loss=-0.0244 vf_loss=54.2951 entropy=18.5973 kl=0.3437
[Iter 298/488] steps=610304 reward=1645.21 pi_loss=-0.0612 vf_loss=142.4707 entropy=18.1911 kl=0.0613
  [Eval] mean_return=1487.46 std_return=351.24
[Iter 299/488] steps=612352 reward=1366.42 pi_loss=-0.0721 vf_loss=115.6663 entropy=18.1564 kl=0.0561
[Iter 300/488] steps=614400 reward=1586.05 pi_loss=-0.0642 vf_loss=101.1590 entropy=18.0465 kl=0.0895
[Iter 301/488] steps=616448 reward=998.42 pi_loss=-0.0531 vf_loss=54.6201 entropy=18.5100 kl=0.1744
[Iter 302/488] steps=618496 reward=1345.21 pi_loss=-0.0563 vf_loss=85.0003 entropy=18.3019 kl=0.1132
[Iter 303/488] steps=620544 reward=1301.58 pi_loss=-0.0344 vf_loss=52.7638 entropy=18.5461 kl=0.3123
  [Eval] mean_return=1554.21 std_return=610.58
[Iter 304/488] steps=622592 reward=1032.77 pi_loss=-0.0440 vf_loss=51.7697 entropy=18.3673 kl=0.1718
[Iter 305/488] steps=624640 reward=1360.64 pi_loss=-0.0330 vf_loss=102.5193 entropy=18.6765 kl=0.2485
[Iter 306/488] steps=626688 reward=1535.06 pi_loss=-0.0724 vf_loss=158.4768 entropy=18.2021 kl=0.0386
[Iter 307/488] steps=628736 reward=1002.09 pi_loss=-0.0480 vf_loss=49.3699 entropy=18.4732 kl=0.1572
[Iter 308/488] steps=630784 reward=1464.31 pi_loss=-0.0615 vf_loss=117.6158 entropy=18.1381 kl=0.0582
  [Eval] mean_return=1331.31 std_return=407.29
[Iter 309/488] steps=632832 reward=1490.47 pi_loss=-0.0538 vf_loss=70.6354 entropy=18.2724 kl=0.1273
[Iter 310/488] steps=634880 reward=1109.87 pi_loss=-0.0552 vf_loss=70.1617 entropy=18.2086 kl=0.1000
[Iter 311/488] steps=636928 reward=734.78 pi_loss=-0.0697 vf_loss=71.4278 entropy=18.3016 kl=0.0755
[Iter 312/488] steps=638976 reward=1954.22 pi_loss=-0.0631 vf_loss=107.2680 entropy=18.1504 kl=0.0819
[Iter 313/488] steps=641024 reward=1204.26 pi_loss=-0.0706 vf_loss=109.3182 entropy=18.1660 kl=0.0598
  [Eval] mean_return=1616.12 std_return=477.88
[Iter 314/488] steps=643072 reward=1714.70 pi_loss=-0.0491 vf_loss=109.4584 entropy=18.3707 kl=0.1418
[Iter 315/488] steps=645120 reward=987.62 pi_loss=-0.0489 vf_loss=63.8522 entropy=18.2772 kl=0.1268
[Iter 316/488] steps=647168 reward=1078.73 pi_loss=-0.0671 vf_loss=189.0490 entropy=18.2450 kl=0.0346
[Iter 317/488] steps=649216 reward=1142.41 pi_loss=-0.0585 vf_loss=71.1459 entropy=18.2700 kl=0.0891
[Iter 318/488] steps=651264 reward=1131.71 pi_loss=-0.0628 vf_loss=65.1774 entropy=18.3335 kl=0.1057
  [Eval] mean_return=1259.72 std_return=285.39
[Iter 319/488] steps=653312 reward=1889.68 pi_loss=-0.0529 vf_loss=113.3744 entropy=18.2370 kl=0.0776
[Iter 320/488] steps=655360 reward=1558.81 pi_loss=-0.0360 vf_loss=100.8894 entropy=18.1639 kl=0.2565
[Iter 321/488] steps=657408 reward=1476.35 pi_loss=-0.0469 vf_loss=71.7472 entropy=18.2010 kl=0.1576
[Iter 322/488] steps=659456 reward=1360.93 pi_loss=-0.0570 vf_loss=91.6620 entropy=18.1675 kl=0.1227
[Iter 323/488] steps=661504 reward=2153.54 pi_loss=-0.0435 vf_loss=155.4396 entropy=18.3105 kl=0.0741
  [Eval] mean_return=1545.79 std_return=467.99
[Iter 324/488] steps=663552 reward=2150.64 pi_loss=-0.0405 vf_loss=162.3233 entropy=18.1031 kl=0.0923
[Iter 325/488] steps=665600 reward=1319.57 pi_loss=-0.0509 vf_loss=103.7592 entropy=18.2696 kl=0.0973
[Iter 326/488] steps=667648 reward=1430.67 pi_loss=-0.0586 vf_loss=80.8895 entropy=18.4645 kl=0.1295
[Iter 327/488] steps=669696 reward=2181.50 pi_loss=-0.0471 vf_loss=122.9753 entropy=18.3560 kl=0.0914
[Iter 328/488] steps=671744 reward=1839.41 pi_loss=-0.0493 vf_loss=125.6863 entropy=18.2382 kl=0.0869
  [Eval] mean_return=1809.81 std_return=703.85
[Iter 329/488] steps=673792 reward=2091.65 pi_loss=-0.0274 vf_loss=125.2989 entropy=18.5483 kl=0.3032
[Iter 330/488] steps=675840 reward=1079.28 pi_loss=-0.0519 vf_loss=94.9554 entropy=18.1674 kl=0.0734
[Iter 331/488] steps=677888 reward=1948.23 pi_loss=-0.0401 vf_loss=174.8757 entropy=18.5472 kl=0.1228
[Iter 332/488] steps=679936 reward=2045.46 pi_loss=-0.0514 vf_loss=114.5653 entropy=18.4608 kl=0.0873
[Iter 333/488] steps=681984 reward=1419.73 pi_loss=-0.0211 vf_loss=176.1139 entropy=18.6875 kl=0.5151
  [Eval] mean_return=1635.29 std_return=450.80
[Iter 334/488] steps=684032 reward=1269.87 pi_loss=-0.0633 vf_loss=122.3217 entropy=18.3593 kl=0.0640
[Iter 335/488] steps=686080 reward=2271.68 pi_loss=-0.0348 vf_loss=156.7787 entropy=18.3025 kl=0.1125
[Iter 336/488] steps=688128 reward=1366.32 pi_loss=-0.0417 vf_loss=86.6567 entropy=18.1989 kl=0.1269
[Iter 337/488] steps=690176 reward=1182.05 pi_loss=-0.0534 vf_loss=118.4199 entropy=18.3250 kl=0.0867
  [Eval] mean_return=1615.52 std_return=497.45
[Iter 338/488] steps=692224 reward=1142.82 pi_loss=-0.0528 vf_loss=121.3413 entropy=18.2647 kl=0.0710
[Iter 339/488] steps=694272 reward=2279.72 pi_loss=-0.0490 vf_loss=201.5383 entropy=18.3089 kl=0.0488
[Iter 340/488] steps=696320 reward=1164.65 pi_loss=-0.0471 vf_loss=74.1975 entropy=18.1715 kl=0.1476
[Iter 341/488] steps=698368 reward=1425.98 pi_loss=-0.0463 vf_loss=91.3218 entropy=18.3231 kl=0.1106
[Iter 342/488] steps=700416 reward=1667.26 pi_loss=-0.0465 vf_loss=117.2081 entropy=18.2896 kl=0.0850
  [Eval] mean_return=2117.87 std_return=559.82
[Iter 343/488] steps=702464 reward=2139.39 pi_loss=-0.0484 vf_loss=135.9328 entropy=18.2964 kl=0.0836
[Iter 344/488] steps=704512 reward=1314.27 pi_loss=-0.0552 vf_loss=79.2036 entropy=18.3850 kl=0.1437
[Iter 345/488] steps=706560 reward=1480.96 pi_loss=-0.0449 vf_loss=82.4112 entropy=18.3801 kl=0.1293
[Iter 346/488] steps=708608 reward=2256.19 pi_loss=-0.0520 vf_loss=137.0919 entropy=18.1361 kl=0.0611
[Iter 347/488] steps=710656 reward=2216.20 pi_loss=-0.0440 vf_loss=218.8562 entropy=18.1118 kl=0.0711
  [Eval] mean_return=2062.77 std_return=713.79
[Iter 348/488] steps=712704 reward=1611.29 pi_loss=-0.0563 vf_loss=104.3945 entropy=18.2672 kl=0.0841
[Iter 349/488] steps=714752 reward=1324.81 pi_loss=-0.0371 vf_loss=84.0371 entropy=18.2651 kl=0.1334
[Iter 350/488] steps=716800 reward=1791.17 pi_loss=-0.0439 vf_loss=143.6777 entropy=18.2346 kl=0.0700
[Iter 351/488] steps=718848 reward=1488.04 pi_loss=-0.0503 vf_loss=93.5161 entropy=18.2418 kl=0.0895
[Iter 352/488] steps=720896 reward=1530.32 pi_loss=-0.0386 vf_loss=84.0952 entropy=18.3044 kl=0.1390
  [Eval] mean_return=2549.39 std_return=370.41
[Iter 353/488] steps=722944 reward=2072.73 pi_loss=-0.0529 vf_loss=109.5434 entropy=18.1727 kl=0.0545
[Iter 354/488] steps=724992 reward=2592.12 pi_loss=-0.0421 vf_loss=214.9375 entropy=18.3603 kl=0.0532
[Iter 355/488] steps=727040 reward=2211.89 pi_loss=-0.0515 vf_loss=178.4428 entropy=18.4345 kl=0.0501
[Iter 356/488] steps=729088 reward=2155.54 pi_loss=-0.0455 vf_loss=93.7320 entropy=18.2510 kl=0.1032
[Iter 357/488] steps=731136 reward=1221.59 pi_loss=-0.0565 vf_loss=93.8398 entropy=18.2982 kl=0.0566
  [Eval] mean_return=2081.23 std_return=811.16
[Iter 358/488] steps=733184 reward=1695.53 pi_loss=-0.0461 vf_loss=206.6219 entropy=18.3854 kl=0.0456
[Iter 359/488] steps=735232 reward=1023.86 pi_loss=-0.0656 vf_loss=115.6305 entropy=18.2043 kl=0.0493
[Iter 360/488] steps=737280 reward=1358.09 pi_loss=-0.0462 vf_loss=107.0609 entropy=18.2440 kl=0.0742
[Iter 361/488] steps=739328 reward=1945.47 pi_loss=-0.0434 vf_loss=162.1102 entropy=18.2507 kl=0.0650
[Iter 362/488] steps=741376 reward=1842.52 pi_loss=-0.0495 vf_loss=103.8872 entropy=18.0395 kl=0.1300
  [Eval] mean_return=1936.76 std_return=762.50
[Iter 363/488] steps=743424 reward=1640.48 pi_loss=-0.0522 vf_loss=108.3742 entropy=18.3222 kl=0.0710
[Iter 364/488] steps=745472 reward=1854.59 pi_loss=-0.0453 vf_loss=183.8180 entropy=18.0045 kl=0.0532
[Iter 365/488] steps=747520 reward=2224.35 pi_loss=-0.0500 vf_loss=236.7383 entropy=18.0040 kl=0.0371
[Iter 366/488] steps=749568 reward=2291.55 pi_loss=-0.0405 vf_loss=274.9011 entropy=18.2629 kl=0.0473
[Iter 367/488] steps=751616 reward=2097.00 pi_loss=-0.0498 vf_loss=135.7257 entropy=18.2668 kl=0.0568
  [Eval] mean_return=2432.22 std_return=564.47
[Iter 368/488] steps=753664 reward=1565.35 pi_loss=-0.0608 vf_loss=199.2568 entropy=18.0355 kl=0.0292
[Iter 369/488] steps=755712 reward=1976.12 pi_loss=-0.0453 vf_loss=184.6855 entropy=18.0801 kl=0.0611
[Iter 370/488] steps=757760 reward=1913.86 pi_loss=-0.0573 vf_loss=145.7723 entropy=18.1180 kl=0.0617
[Iter 371/488] steps=759808 reward=1797.29 pi_loss=-0.0405 vf_loss=166.1794 entropy=18.2318 kl=0.0863
[Iter 372/488] steps=761856 reward=1388.92 pi_loss=-0.0500 vf_loss=104.8974 entropy=18.1262 kl=0.0944
  [Eval] mean_return=2750.32 std_return=468.73
[Iter 373/488] steps=763904 reward=2094.95 pi_loss=-0.0449 vf_loss=178.2273 entropy=18.2799 kl=0.0596
[Iter 374/488] steps=765952 reward=2529.43 pi_loss=-0.0381 vf_loss=286.8477 entropy=18.3498 kl=0.0704
[Iter 375/488] steps=768000 reward=2250.32 pi_loss=-0.0498 vf_loss=227.6167 entropy=18.4582 kl=0.0449
[Iter 376/488] steps=770048 reward=2320.96 pi_loss=-0.0473 vf_loss=134.0336 entropy=18.3262 kl=0.0928
  [Eval] mean_return=2255.83 std_return=868.31
[Iter 377/488] steps=772096 reward=2398.59 pi_loss=-0.0366 vf_loss=180.6340 entropy=18.1624 kl=0.0942
[Iter 378/488] steps=774144 reward=2004.35 pi_loss=-0.0468 vf_loss=225.7594 entropy=18.1981 kl=0.0593
[Iter 379/488] steps=776192 reward=1832.20 pi_loss=-0.0500 vf_loss=125.7070 entropy=18.2540 kl=0.0618
[Iter 380/488] steps=778240 reward=2173.54 pi_loss=-0.0382 vf_loss=184.3347 entropy=18.1576 kl=0.0806
[Iter 381/488] steps=780288 reward=2195.98 pi_loss=-0.0402 vf_loss=186.7105 entropy=18.2345 kl=0.0744
  [Eval] mean_return=2799.78 std_return=529.91
[Iter 382/488] steps=782336 reward=1902.83 pi_loss=-0.0477 vf_loss=131.9304 entropy=18.3895 kl=0.0535
[Iter 383/488] steps=784384 reward=2132.09 pi_loss=-0.0408 vf_loss=191.7575 entropy=18.1207 kl=0.0442
[Iter 384/488] steps=786432 reward=1343.23 pi_loss=-0.0437 vf_loss=117.3087 entropy=18.3019 kl=0.0642
[Iter 385/488] steps=788480 reward=1753.01 pi_loss=-0.0493 vf_loss=128.6185 entropy=18.2469 kl=0.0466
[Iter 386/488] steps=790528 reward=1750.34 pi_loss=-0.0456 vf_loss=117.6591 entropy=18.2457 kl=0.0776
  [Eval] mean_return=2802.90 std_return=481.19
[Iter 387/488] steps=792576 reward=1927.61 pi_loss=-0.0544 vf_loss=192.3598 entropy=18.0871 kl=0.0332
[Iter 388/488] steps=794624 reward=1982.15 pi_loss=-0.0451 vf_loss=122.5549 entropy=18.2277 kl=0.0766
[Iter 389/488] steps=796672 reward=1965.46 pi_loss=-0.0515 vf_loss=132.9276 entropy=18.3305 kl=0.0541
[Iter 390/488] steps=798720 reward=1700.07 pi_loss=-0.0255 vf_loss=117.9257 entropy=18.3741 kl=0.1231
[Iter 391/488] steps=800768 reward=2746.65 pi_loss=-0.0383 vf_loss=279.1724 entropy=17.9543 kl=0.0435
  [Eval] mean_return=2628.10 std_return=648.77
[Iter 392/488] steps=802816 reward=2713.08 pi_loss=-0.0378 vf_loss=266.8918 entropy=18.2523 kl=0.0705
[Iter 393/488] steps=804864 reward=2628.69 pi_loss=-0.0382 vf_loss=201.0454 entropy=18.2805 kl=0.0694
[Iter 394/488] steps=806912 reward=1847.54 pi_loss=-0.0390 vf_loss=131.3732 entropy=18.1604 kl=0.0809
[Iter 395/488] steps=808960 reward=2406.41 pi_loss=-0.0426 vf_loss=220.5093 entropy=18.2998 kl=0.0363
[Iter 396/488] steps=811008 reward=1334.63 pi_loss=-0.0420 vf_loss=126.5797 entropy=18.3183 kl=0.0597
  [Eval] mean_return=3150.22 std_return=75.99
[Iter 397/488] steps=813056 reward=1586.71 pi_loss=-0.0469 vf_loss=127.9400 entropy=18.2127 kl=0.0427
[Iter 398/488] steps=815104 reward=1192.06 pi_loss=-0.0447 vf_loss=105.6684 entropy=18.1013 kl=0.0507
[Iter 399/488] steps=817152 reward=2092.24 pi_loss=-0.0417 vf_loss=207.0454 entropy=18.3196 kl=0.0286
[Iter 400/488] steps=819200 reward=1724.21 pi_loss=-0.0420 vf_loss=116.9582 entropy=18.1834 kl=0.0521
[Iter 401/488] steps=821248 reward=2189.97 pi_loss=-0.0400 vf_loss=192.5249 entropy=18.1469 kl=0.0452
  [Eval] mean_return=3070.28 std_return=450.03
[Iter 402/488] steps=823296 reward=2250.33 pi_loss=-0.0397 vf_loss=122.5220 entropy=18.0812 kl=0.0881
[Iter 403/488] steps=825344 reward=1215.56 pi_loss=-0.0391 vf_loss=105.5280 entropy=18.3283 kl=0.0667
[Iter 404/488] steps=827392 reward=2853.18 pi_loss=-0.0342 vf_loss=226.7729 entropy=18.1955 kl=0.0354
[Iter 405/488] steps=829440 reward=1874.60 pi_loss=-0.0436 vf_loss=271.9581 entropy=17.9848 kl=0.0285
[Iter 406/488] steps=831488 reward=1828.83 pi_loss=-0.0448 vf_loss=266.3095 entropy=18.3311 kl=0.0274
  [Eval] mean_return=3142.05 std_return=195.29
[Iter 407/488] steps=833536 reward=2835.91 pi_loss=-0.0355 vf_loss=280.7981 entropy=18.2133 kl=0.0306
[Iter 408/488] steps=835584 reward=1898.56 pi_loss=-0.0306 vf_loss=210.8668 entropy=18.3095 kl=0.0829
[Iter 409/488] steps=837632 reward=2855.51 pi_loss=-0.0306 vf_loss=284.9759 entropy=18.0178 kl=0.0454
[Iter 410/488] steps=839680 reward=2468.50 pi_loss=-0.0430 vf_loss=287.4655 entropy=18.0802 kl=0.0272
[Iter 411/488] steps=841728 reward=2168.01 pi_loss=-0.0432 vf_loss=216.6465 entropy=18.1901 kl=0.0404
  [Eval] mean_return=3054.35 std_return=499.54
[Iter 412/488] steps=843776 reward=2542.21 pi_loss=-0.0418 vf_loss=210.7180 entropy=18.3037 kl=0.0498
[Iter 413/488] steps=845824 reward=2068.45 pi_loss=-0.0392 vf_loss=205.2010 entropy=18.0734 kl=0.0478
[Iter 414/488] steps=847872 reward=2862.71 pi_loss=-0.0321 vf_loss=282.6056 entropy=18.2630 kl=0.0635
[Iter 415/488] steps=849920 reward=1538.50 pi_loss=-0.0443 vf_loss=129.0330 entropy=18.2646 kl=0.0539
[Iter 416/488] steps=851968 reward=2118.31 pi_loss=-0.0415 vf_loss=294.6437 entropy=18.2615 kl=0.0185
  [Eval] mean_return=3154.76 std_return=264.59
[Iter 417/488] steps=854016 reward=2901.21 pi_loss=-0.0261 vf_loss=218.7636 entropy=18.2365 kl=0.0965
[Iter 418/488] steps=856064 reward=2212.15 pi_loss=-0.0509 vf_loss=163.3837 entropy=18.1092 kl=0.0283
[Iter 419/488] steps=858112 reward=2717.74 pi_loss=-0.0306 vf_loss=408.0201 entropy=18.0134 kl=0.0372
[Iter 420/488] steps=860160 reward=2910.85 pi_loss=-0.0363 vf_loss=310.5185 entropy=18.2331 kl=0.0266
  [Eval] mean_return=3270.96 std_return=42.52
[Iter 421/488] steps=862208 reward=2186.59 pi_loss=-0.0385 vf_loss=220.5838 entropy=18.0707 kl=0.0344
[Iter 422/488] steps=864256 reward=2912.45 pi_loss=-0.0340 vf_loss=291.2445 entropy=18.2153 kl=0.0556
[Iter 423/488] steps=866304 reward=2864.56 pi_loss=-0.0378 vf_loss=301.4472 entropy=18.1249 kl=0.0390
[Iter 424/488] steps=868352 reward=2292.27 pi_loss=-0.0457 vf_loss=148.9510 entropy=18.2671 kl=0.0310
[Iter 425/488] steps=870400 reward=2389.53 pi_loss=-0.0406 vf_loss=278.8908 entropy=18.2582 kl=0.0200
  [Eval] mean_return=3351.70 std_return=58.47
[Iter 426/488] steps=872448 reward=3014.06 pi_loss=-0.0277 vf_loss=313.0709 entropy=18.1525 kl=0.0681
[Iter 427/488] steps=874496 reward=2362.54 pi_loss=-0.0365 vf_loss=229.1021 entropy=18.1279 kl=0.0441
[Iter 428/488] steps=876544 reward=3125.29 pi_loss=-0.0259 vf_loss=313.1527 entropy=18.0959 kl=0.0474
[Iter 429/488] steps=878592 reward=2990.62 pi_loss=-0.0357 vf_loss=322.8560 entropy=18.0859 kl=0.0302
[Iter 430/488] steps=880640 reward=2470.30 pi_loss=-0.0364 vf_loss=232.1619 entropy=18.0053 kl=0.0304
  [Eval] mean_return=3240.38 std_return=204.95
[Iter 431/488] steps=882688 reward=2915.59 pi_loss=-0.0350 vf_loss=248.5025 entropy=18.1708 kl=0.0240
[Iter 432/488] steps=884736 reward=1324.36 pi_loss=-0.0440 vf_loss=132.0446 entropy=18.2289 kl=0.0290
[Iter 433/488] steps=886784 reward=3043.87 pi_loss=-0.0317 vf_loss=313.7878 entropy=18.0965 kl=0.0201
[Iter 434/488] steps=888832 reward=3092.45 pi_loss=-0.0338 vf_loss=312.0214 entropy=18.0949 kl=0.0382
[Iter 435/488] steps=890880 reward=3037.61 pi_loss=-0.0250 vf_loss=332.8917 entropy=18.1227 kl=0.0484
  [Eval] mean_return=3274.88 std_return=104.31
[Iter 436/488] steps=892928 reward=2358.36 pi_loss=-0.0421 vf_loss=158.5710 entropy=18.3233 kl=0.0304
[Iter 437/488] steps=894976 reward=2890.63 pi_loss=-0.0348 vf_loss=259.1515 entropy=18.2928 kl=0.0163
[Iter 438/488] steps=897024 reward=3062.00 pi_loss=-0.0313 vf_loss=325.8505 entropy=18.1881 kl=0.0376
[Iter 439/488] steps=899072 reward=2426.48 pi_loss=-0.0350 vf_loss=274.7126 entropy=18.3941 kl=0.0196
[Iter 440/488] steps=901120 reward=2377.79 pi_loss=-0.0343 vf_loss=247.3633 entropy=18.1941 kl=0.0258
  [Eval] mean_return=3322.16 std_return=57.80
[Iter 441/488] steps=903168 reward=2803.23 pi_loss=-0.0308 vf_loss=439.5224 entropy=18.2564 kl=0.0158
[Iter 442/488] steps=905216 reward=2143.77 pi_loss=-0.0422 vf_loss=177.1298 entropy=18.2165 kl=0.0200
[Iter 443/488] steps=907264 reward=3051.34 pi_loss=-0.0322 vf_loss=327.3065 entropy=17.9102 kl=0.0275
[Iter 444/488] steps=909312 reward=2486.36 pi_loss=-0.0314 vf_loss=237.3779 entropy=18.1035 kl=0.0401
[Iter 445/488] steps=911360 reward=3123.82 pi_loss=-0.0287 vf_loss=350.4181 entropy=18.3055 kl=0.0263
  [Eval] mean_return=3397.51 std_return=41.77
[Iter 446/488] steps=913408 reward=3095.02 pi_loss=-0.0315 vf_loss=339.5416 entropy=17.9706 kl=0.0274
[Iter 447/488] steps=915456 reward=2819.96 pi_loss=-0.0334 vf_loss=246.6331 entropy=18.3664 kl=0.0302
[Iter 448/488] steps=917504 reward=3115.54 pi_loss=-0.0329 vf_loss=341.2117 entropy=18.0094 kl=0.0309
[Iter 449/488] steps=919552 reward=3126.96 pi_loss=-0.0324 vf_loss=341.4789 entropy=18.2605 kl=0.0179
[Iter 450/488] steps=921600 reward=3130.14 pi_loss=-0.0304 vf_loss=349.1826 entropy=18.1391 kl=0.0158
  [Eval] mean_return=3360.32 std_return=58.19
[Iter 451/488] steps=923648 reward=2208.81 pi_loss=-0.0394 vf_loss=328.6546 entropy=18.3491 kl=0.0110
[Iter 452/488] steps=925696 reward=3190.06 pi_loss=-0.0300 vf_loss=341.0484 entropy=18.4610 kl=0.0218
[Iter 453/488] steps=927744 reward=3128.22 pi_loss=-0.0309 vf_loss=341.5162 entropy=18.1670 kl=0.0123
[Iter 454/488] steps=929792 reward=2957.36 pi_loss=-0.0313 vf_loss=259.9545 entropy=18.1385 kl=0.0203
[Iter 455/488] steps=931840 reward=3122.61 pi_loss=-0.0305 vf_loss=355.8647 entropy=18.3019 kl=0.0176
  [Eval] mean_return=3409.71 std_return=32.44
[Iter 456/488] steps=933888 reward=2560.69 pi_loss=-0.0327 vf_loss=267.1494 entropy=18.1472 kl=0.0175
[Iter 457/488] steps=935936 reward=3189.91 pi_loss=-0.0302 vf_loss=357.3121 entropy=18.2534 kl=0.0142
[Iter 458/488] steps=937984 reward=3189.05 pi_loss=-0.0297 vf_loss=352.1390 entropy=18.1162 kl=0.0165
[Iter 459/488] steps=940032 reward=2956.24 pi_loss=-0.0299 vf_loss=282.1454 entropy=18.1299 kl=0.0105
  [Eval] mean_return=3413.94 std_return=61.42
[Iter 460/488] steps=942080 reward=3152.88 pi_loss=-0.0310 vf_loss=356.7709 entropy=18.1525 kl=0.0144
[Iter 461/488] steps=944128 reward=3255.72 pi_loss=-0.0297 vf_loss=355.1987 entropy=18.2023 kl=0.0169
[Iter 462/488] steps=946176 reward=3118.55 pi_loss=-0.0309 vf_loss=362.8394 entropy=18.1956 kl=0.0140
[Iter 463/488] steps=948224 reward=3237.99 pi_loss=-0.0311 vf_loss=352.8167 entropy=18.2062 kl=0.0167
[Iter 464/488] steps=950272 reward=3233.75 pi_loss=-0.0269 vf_loss=353.2434 entropy=18.1936 kl=0.0250
  [Eval] mean_return=3428.55 std_return=53.19
[Iter 465/488] steps=952320 reward=3257.04 pi_loss=-0.0294 vf_loss=356.4816 entropy=18.3084 kl=0.0200
[Iter 466/488] steps=954368 reward=2287.63 pi_loss=-0.0316 vf_loss=271.1698 entropy=18.2940 kl=0.0114
[Iter 467/488] steps=956416 reward=3222.40 pi_loss=-0.0285 vf_loss=357.5607 entropy=18.2045 kl=0.0138
[Iter 468/488] steps=958464 reward=3104.57 pi_loss=-0.0272 vf_loss=361.7725 entropy=18.2667 kl=0.0127
[Iter 469/488] steps=960512 reward=3214.46 pi_loss=-0.0291 vf_loss=363.4137 entropy=18.3311 kl=0.0128
  [Eval] mean_return=3434.81 std_return=43.12
[Iter 470/488] steps=962560 reward=2402.85 pi_loss=-0.0268 vf_loss=294.0188 entropy=18.2112 kl=0.0087
[Iter 471/488] steps=964608 reward=3186.89 pi_loss=-0.0261 vf_loss=359.7755 entropy=18.1377 kl=0.0122
[Iter 472/488] steps=966656 reward=3191.19 pi_loss=-0.0242 vf_loss=368.8224 entropy=18.2138 kl=0.0083
[Iter 473/488] steps=968704 reward=3152.75 pi_loss=-0.0185 vf_loss=354.0317 entropy=18.1718 kl=0.0099
[Iter 474/488] steps=970752 reward=3252.06 pi_loss=-0.0253 vf_loss=371.1181 entropy=18.2441 kl=0.0093
  [Eval] mean_return=3430.47 std_return=41.83
[Iter 475/488] steps=972800 reward=3262.76 pi_loss=-0.0251 vf_loss=363.9750 entropy=18.1364 kl=0.0120
[Iter 476/488] steps=974848 reward=3181.67 pi_loss=-0.0265 vf_loss=357.6900 entropy=18.2671 kl=0.0111
[Iter 477/488] steps=976896 reward=3286.58 pi_loss=-0.0230 vf_loss=372.5084 entropy=18.4647 kl=0.0076
[Iter 478/488] steps=978944 reward=3229.97 pi_loss=-0.0247 vf_loss=362.6208 entropy=18.2341 kl=0.0090
[Iter 479/488] steps=980992 reward=3331.15 pi_loss=-0.0242 vf_loss=368.4025 entropy=18.1602 kl=0.0098
  [Eval] mean_return=3438.78 std_return=41.31
[Iter 480/488] steps=983040 reward=3275.22 pi_loss=-0.0243 vf_loss=368.1283 entropy=18.4439 kl=0.0082
[Iter 481/488] steps=985088 reward=3339.14 pi_loss=-0.0218 vf_loss=372.6541 entropy=18.2921 kl=0.0087
[Iter 482/488] steps=987136 reward=2955.71 pi_loss=-0.0193 vf_loss=285.5770 entropy=18.1359 kl=0.0060
[Iter 483/488] steps=989184 reward=3208.69 pi_loss=-0.0194 vf_loss=379.1857 entropy=18.3048 kl=0.0063
[Iter 484/488] steps=991232 reward=3244.40 pi_loss=-0.0165 vf_loss=367.3018 entropy=18.2278 kl=0.0049
  [Eval] mean_return=3431.53 std_return=53.64
[Iter 485/488] steps=993280 reward=3235.34 pi_loss=-0.0118 vf_loss=375.2948 entropy=18.1574 kl=0.0030
[Iter 486/488] steps=995328 reward=3271.77 pi_loss=-0.0149 vf_loss=368.9480 entropy=18.3120 kl=0.0051
[Iter 487/488] steps=997376 reward=3263.60 pi_loss=-0.0112 vf_loss=369.2289 entropy=18.1600 kl=0.0023
[Iter 488/488] steps=999424 reward=2147.74 pi_loss=-0.0027 vf_loss=292.1438 entropy=18.1782 kl=0.0002
Training complete. Logs saved to results/sde_fix/K8_denoise_disc/seed_42
