[Iter 1/488] steps=2048 reward=-471.98 pi_loss=-0.0064 vf_loss=26.1186 entropy=136.2278 kl=0.0081
[Iter 2/488] steps=4096 reward=-512.80 pi_loss=-0.0114 vf_loss=14.2193 entropy=136.4464 kl=0.0152
[Iter 3/488] steps=6144 reward=-631.93 pi_loss=-0.0100 vf_loss=30.4964 entropy=136.4413 kl=0.0128
[Iter 4/488] steps=8192 reward=-461.89 pi_loss=-0.0154 vf_loss=11.8368 entropy=136.5453 kl=0.0200
[Iter 5/488] steps=10240 reward=-386.43 pi_loss=-0.0138 vf_loss=13.3073 entropy=136.5380 kl=0.0184
  [Eval] mean_return=-93.26 std_return=64.39
[Iter 6/488] steps=12288 reward=-423.55 pi_loss=-0.0140 vf_loss=17.1516 entropy=136.7087 kl=0.0172
[Iter 7/488] steps=14336 reward=-424.11 pi_loss=-0.0154 vf_loss=11.3383 entropy=136.3152 kl=0.0195
[Iter 8/488] steps=16384 reward=-414.09 pi_loss=-0.0197 vf_loss=11.6720 entropy=136.6856 kl=0.0282
[Iter 9/488] steps=18432 reward=-318.18 pi_loss=-0.0171 vf_loss=17.9216 entropy=136.6761 kl=0.0207
[Iter 10/488] steps=20480 reward=-259.71 pi_loss=-0.0182 vf_loss=15.1744 entropy=136.6119 kl=0.0237
  [Eval] mean_return=8.42 std_return=57.53
[Iter 11/488] steps=22528 reward=-293.36 pi_loss=-0.0195 vf_loss=12.8283 entropy=136.9007 kl=0.0261
[Iter 12/488] steps=24576 reward=-348.29 pi_loss=-0.0199 vf_loss=15.9412 entropy=136.6922 kl=0.0255
[Iter 13/488] steps=26624 reward=-314.65 pi_loss=-0.0201 vf_loss=9.1453 entropy=136.4285 kl=0.0298
[Iter 14/488] steps=28672 reward=-226.09 pi_loss=-0.0200 vf_loss=10.7880 entropy=136.6870 kl=0.0254
[Iter 15/488] steps=30720 reward=-184.52 pi_loss=-0.0189 vf_loss=15.6566 entropy=136.2340 kl=0.0230
  [Eval] mean_return=38.69 std_return=100.52
[Iter 16/488] steps=32768 reward=-186.09 pi_loss=-0.0205 vf_loss=10.4245 entropy=136.6189 kl=0.0285
[Iter 17/488] steps=34816 reward=-95.32 pi_loss=-0.0221 vf_loss=10.9405 entropy=137.0411 kl=0.0289
[Iter 18/488] steps=36864 reward=-181.20 pi_loss=-0.0205 vf_loss=9.0074 entropy=136.6466 kl=0.0311
[Iter 19/488] steps=38912 reward=-173.97 pi_loss=-0.0203 vf_loss=13.9306 entropy=136.6819 kl=0.0239
[Iter 20/488] steps=40960 reward=-47.22 pi_loss=-0.0232 vf_loss=8.6042 entropy=136.5556 kl=0.0299
  [Eval] mean_return=108.11 std_return=71.47
[Iter 21/488] steps=43008 reward=-33.91 pi_loss=-0.0227 vf_loss=11.3824 entropy=136.5406 kl=0.0261
[Iter 22/488] steps=45056 reward=-151.11 pi_loss=-0.0198 vf_loss=15.4680 entropy=136.5783 kl=0.0229
[Iter 23/488] steps=47104 reward=-9.43 pi_loss=-0.0222 vf_loss=15.2490 entropy=136.6795 kl=0.0274
[Iter 24/488] steps=49152 reward=-100.95 pi_loss=-0.0209 vf_loss=17.0926 entropy=136.7763 kl=0.0254
[Iter 25/488] steps=51200 reward=38.92 pi_loss=-0.0218 vf_loss=10.4684 entropy=136.7190 kl=0.0455
  [Eval] mean_return=57.49 std_return=93.28
[Iter 26/488] steps=53248 reward=-71.83 pi_loss=-0.0214 vf_loss=9.9780 entropy=136.7906 kl=0.0342
[Iter 27/488] steps=55296 reward=19.39 pi_loss=-0.0231 vf_loss=6.4475 entropy=137.1613 kl=0.0503
[Iter 28/488] steps=57344 reward=51.25 pi_loss=-0.0253 vf_loss=7.5663 entropy=137.1167 kl=0.0375
[Iter 29/488] steps=59392 reward=112.67 pi_loss=-0.0228 vf_loss=8.8221 entropy=136.8118 kl=0.0274
[Iter 30/488] steps=61440 reward=37.39 pi_loss=-0.0251 vf_loss=6.5019 entropy=137.1041 kl=0.0387
  [Eval] mean_return=257.29 std_return=57.97
[Iter 31/488] steps=63488 reward=-7.83 pi_loss=-0.0223 vf_loss=11.6010 entropy=136.9554 kl=0.0255
[Iter 32/488] steps=65536 reward=91.37 pi_loss=-0.0245 vf_loss=8.5708 entropy=136.7107 kl=0.0345
[Iter 33/488] steps=67584 reward=109.71 pi_loss=-0.0233 vf_loss=9.7125 entropy=136.8684 kl=0.0335
[Iter 34/488] steps=69632 reward=81.26 pi_loss=-0.0249 vf_loss=11.3719 entropy=136.7605 kl=0.0350
[Iter 35/488] steps=71680 reward=72.47 pi_loss=-0.0234 vf_loss=17.7963 entropy=136.6737 kl=0.0250
  [Eval] mean_return=282.51 std_return=64.11
[Iter 36/488] steps=73728 reward=173.01 pi_loss=-0.0249 vf_loss=11.0757 entropy=136.8128 kl=0.0355
[Iter 37/488] steps=75776 reward=153.22 pi_loss=-0.0264 vf_loss=9.8756 entropy=136.8968 kl=0.0453
[Iter 38/488] steps=77824 reward=135.76 pi_loss=-0.0297 vf_loss=7.5701 entropy=137.2798 kl=0.0434
[Iter 39/488] steps=79872 reward=116.83 pi_loss=-0.0291 vf_loss=10.5003 entropy=136.5751 kl=0.0356
[Iter 40/488] steps=81920 reward=174.82 pi_loss=-0.0241 vf_loss=11.5481 entropy=136.4841 kl=0.0341
  [Eval] mean_return=348.46 std_return=67.22
[Iter 41/488] steps=83968 reward=134.94 pi_loss=-0.0283 vf_loss=13.4408 entropy=136.9983 kl=0.0433
[Iter 42/488] steps=86016 reward=229.29 pi_loss=-0.0280 vf_loss=16.3285 entropy=136.7964 kl=0.0316
[Iter 43/488] steps=88064 reward=218.39 pi_loss=-0.0283 vf_loss=14.3820 entropy=136.9085 kl=0.0378
[Iter 44/488] steps=90112 reward=202.82 pi_loss=-0.0283 vf_loss=12.7299 entropy=137.0595 kl=0.0419
  [Eval] mean_return=414.11 std_return=70.83
[Iter 45/488] steps=92160 reward=288.82 pi_loss=-0.0313 vf_loss=10.6389 entropy=137.0063 kl=0.0531
[Iter 46/488] steps=94208 reward=295.98 pi_loss=-0.0297 vf_loss=13.9623 entropy=136.6974 kl=0.0383
[Iter 47/488] steps=96256 reward=255.62 pi_loss=-0.0333 vf_loss=10.6990 entropy=137.1366 kl=0.0523
[Iter 48/488] steps=98304 reward=318.70 pi_loss=-0.0317 vf_loss=9.0301 entropy=137.0156 kl=0.0614
[Iter 49/488] steps=100352 reward=458.90 pi_loss=-0.0318 vf_loss=10.9573 entropy=137.3796 kl=0.0527
  [Eval] mean_return=433.98 std_return=117.27
[Iter 50/488] steps=102400 reward=315.79 pi_loss=-0.0352 vf_loss=16.5920 entropy=136.7064 kl=0.0369
[Iter 51/488] steps=104448 reward=244.00 pi_loss=-0.0380 vf_loss=14.7876 entropy=136.8743 kl=0.0405
[Iter 52/488] steps=106496 reward=284.53 pi_loss=-0.0405 vf_loss=15.4847 entropy=137.0660 kl=0.0475
[Iter 53/488] steps=108544 reward=365.89 pi_loss=-0.0390 vf_loss=16.3848 entropy=136.8180 kl=0.0464
[Iter 54/488] steps=110592 reward=285.31 pi_loss=-0.0421 vf_loss=17.8600 entropy=136.8820 kl=0.0403
  [Eval] mean_return=459.84 std_return=77.37
[Iter 55/488] steps=112640 reward=219.26 pi_loss=-0.0440 vf_loss=17.1947 entropy=136.9202 kl=0.0462
[Iter 56/488] steps=114688 reward=342.07 pi_loss=-0.0430 vf_loss=22.4925 entropy=136.7401 kl=0.0419
[Iter 57/488] steps=116736 reward=247.36 pi_loss=-0.0464 vf_loss=13.1354 entropy=137.1337 kl=0.0594
[Iter 58/488] steps=118784 reward=278.51 pi_loss=-0.0449 vf_loss=11.3810 entropy=137.4064 kl=0.0702
[Iter 59/488] steps=120832 reward=334.69 pi_loss=-0.0445 vf_loss=14.5492 entropy=137.4205 kl=0.0693
  [Eval] mean_return=343.43 std_return=107.41
[Iter 60/488] steps=122880 reward=378.62 pi_loss=-0.0474 vf_loss=19.4617 entropy=137.1611 kl=0.0511
[Iter 61/488] steps=124928 reward=196.86 pi_loss=-0.0495 vf_loss=22.3874 entropy=137.1619 kl=0.0498
[Iter 62/488] steps=126976 reward=437.14 pi_loss=-0.0501 vf_loss=15.2796 entropy=137.2781 kl=0.0600
[Iter 63/488] steps=129024 reward=424.54 pi_loss=-0.0478 vf_loss=20.9088 entropy=137.1471 kl=0.0731
[Iter 64/488] steps=131072 reward=363.48 pi_loss=-0.0515 vf_loss=14.5871 entropy=137.5542 kl=0.0819
  [Eval] mean_return=547.20 std_return=57.10
[Iter 65/488] steps=133120 reward=450.70 pi_loss=-0.0510 vf_loss=13.5787 entropy=137.4903 kl=0.0816
[Iter 66/488] steps=135168 reward=416.24 pi_loss=-0.0604 vf_loss=21.6597 entropy=137.0714 kl=0.0546
[Iter 67/488] steps=137216 reward=249.36 pi_loss=-0.0608 vf_loss=23.2674 entropy=137.0348 kl=0.0575
[Iter 68/488] steps=139264 reward=406.40 pi_loss=-0.0557 vf_loss=18.8133 entropy=137.4534 kl=0.0853
[Iter 69/488] steps=141312 reward=468.76 pi_loss=-0.0501 vf_loss=15.4293 entropy=137.9883 kl=0.0953
  [Eval] mean_return=594.64 std_return=71.23
[Iter 70/488] steps=143360 reward=535.05 pi_loss=-0.0511 vf_loss=16.6512 entropy=137.8628 kl=0.1001
[Iter 71/488] steps=145408 reward=462.61 pi_loss=-0.0562 vf_loss=16.5769 entropy=137.6558 kl=0.0835
[Iter 72/488] steps=147456 reward=429.76 pi_loss=-0.0658 vf_loss=19.0176 entropy=137.2972 kl=0.0545
[Iter 73/488] steps=149504 reward=477.54 pi_loss=-0.0673 vf_loss=18.9339 entropy=137.0024 kl=0.0688
[Iter 74/488] steps=151552 reward=474.01 pi_loss=-0.0706 vf_loss=19.1469 entropy=137.2065 kl=0.0594
  [Eval] mean_return=559.98 std_return=90.58
[Iter 75/488] steps=153600 reward=378.53 pi_loss=-0.0663 vf_loss=26.1735 entropy=137.0140 kl=0.0526
[Iter 76/488] steps=155648 reward=500.26 pi_loss=-0.0614 vf_loss=27.9311 entropy=137.1187 kl=0.0575
[Iter 77/488] steps=157696 reward=357.00 pi_loss=-0.0617 vf_loss=21.4992 entropy=137.4347 kl=0.0869
[Iter 78/488] steps=159744 reward=535.45 pi_loss=-0.0652 vf_loss=18.1694 entropy=138.1259 kl=0.1054
[Iter 79/488] steps=161792 reward=424.60 pi_loss=-0.0771 vf_loss=24.3052 entropy=137.1231 kl=0.0630
  [Eval] mean_return=550.32 std_return=58.31
[Iter 80/488] steps=163840 reward=429.69 pi_loss=-0.0614 vf_loss=18.6408 entropy=138.1225 kl=0.1090
[Iter 81/488] steps=165888 reward=518.66 pi_loss=-0.0491 vf_loss=22.3619 entropy=138.5515 kl=0.1465
[Iter 82/488] steps=167936 reward=412.77 pi_loss=-0.0724 vf_loss=19.2788 entropy=137.5763 kl=0.0815
[Iter 83/488] steps=169984 reward=467.34 pi_loss=-0.0789 vf_loss=21.2433 entropy=137.6483 kl=0.0814
[Iter 84/488] steps=172032 reward=462.61 pi_loss=-0.0795 vf_loss=19.7323 entropy=137.6556 kl=0.0762
  [Eval] mean_return=598.43 std_return=29.12
[Iter 85/488] steps=174080 reward=386.65 pi_loss=-0.0909 vf_loss=21.5737 entropy=137.3767 kl=0.0765
[Iter 86/488] steps=176128 reward=379.47 pi_loss=-0.0887 vf_loss=18.8678 entropy=137.1617 kl=0.0824
[Iter 87/488] steps=178176 reward=494.78 pi_loss=-0.0801 vf_loss=21.5709 entropy=137.3385 kl=0.0710
[Iter 88/488] steps=180224 reward=502.71 pi_loss=-0.0713 vf_loss=18.8997 entropy=138.2439 kl=0.1317
  [Eval] mean_return=574.65 std_return=47.24
[Iter 89/488] steps=182272 reward=497.64 pi_loss=-0.0801 vf_loss=18.7970 entropy=138.0579 kl=0.0980
[Iter 90/488] steps=184320 reward=243.47 pi_loss=-0.0841 vf_loss=30.2272 entropy=136.8240 kl=0.0512
[Iter 91/488] steps=186368 reward=501.50 pi_loss=-0.0768 vf_loss=19.3263 entropy=137.6376 kl=0.0846
[Iter 92/488] steps=188416 reward=462.39 pi_loss=-0.0932 vf_loss=21.2466 entropy=137.6231 kl=0.1006
[Iter 93/488] steps=190464 reward=479.84 pi_loss=-0.0767 vf_loss=17.4435 entropy=138.0193 kl=0.1158
  [Eval] mean_return=538.91 std_return=55.75
[Iter 94/488] steps=192512 reward=417.48 pi_loss=-0.0940 vf_loss=20.4765 entropy=137.9235 kl=0.1058
[Iter 95/488] steps=194560 reward=362.03 pi_loss=-0.0983 vf_loss=23.3394 entropy=137.6269 kl=0.0772
[Iter 96/488] steps=196608 reward=469.02 pi_loss=-0.0788 vf_loss=18.2160 entropy=137.9594 kl=0.1174
[Iter 97/488] steps=198656 reward=462.97 pi_loss=-0.0735 vf_loss=16.5727 entropy=138.3927 kl=0.1369
[Iter 98/488] steps=200704 reward=372.03 pi_loss=-0.0915 vf_loss=18.0182 entropy=137.7599 kl=0.1021
  [Eval] mean_return=481.11 std_return=75.65
[Iter 99/488] steps=202752 reward=311.71 pi_loss=-0.1032 vf_loss=29.9930 entropy=137.1956 kl=0.0530
[Iter 100/488] steps=204800 reward=428.90 pi_loss=-0.0934 vf_loss=20.3926 entropy=138.3250 kl=0.1228
[Iter 101/488] steps=206848 reward=370.24 pi_loss=-0.0970 vf_loss=27.5979 entropy=137.3235 kl=0.0648
[Iter 102/488] steps=208896 reward=424.47 pi_loss=-0.0857 vf_loss=18.5096 entropy=138.3611 kl=0.1314
[Iter 103/488] steps=210944 reward=457.35 pi_loss=-0.0991 vf_loss=16.8436 entropy=137.7938 kl=0.0905
  [Eval] mean_return=524.92 std_return=41.24
[Iter 104/488] steps=212992 reward=442.88 pi_loss=-0.0868 vf_loss=16.9928 entropy=137.6771 kl=0.1122
[Iter 105/488] steps=215040 reward=467.03 pi_loss=-0.1043 vf_loss=32.1109 entropy=137.6647 kl=0.0861
[Iter 106/488] steps=217088 reward=401.71 pi_loss=-0.0955 vf_loss=18.2757 entropy=138.0271 kl=0.1100
[Iter 107/488] steps=219136 reward=540.24 pi_loss=-0.0932 vf_loss=24.7846 entropy=138.2132 kl=0.1159
[Iter 108/488] steps=221184 reward=485.01 pi_loss=-0.1075 vf_loss=18.0701 entropy=137.4571 kl=0.0931
  [Eval] mean_return=540.94 std_return=69.13
[Iter 109/488] steps=223232 reward=304.98 pi_loss=-0.0991 vf_loss=15.4315 entropy=138.1794 kl=0.1140
[Iter 110/488] steps=225280 reward=410.69 pi_loss=-0.1014 vf_loss=16.4543 entropy=137.5853 kl=0.0986
[Iter 111/488] steps=227328 reward=454.28 pi_loss=-0.1175 vf_loss=19.1329 entropy=137.7057 kl=0.0886
[Iter 112/488] steps=229376 reward=346.68 pi_loss=-0.1126 vf_loss=31.6804 entropy=137.5319 kl=0.0767
[Iter 113/488] steps=231424 reward=420.43 pi_loss=-0.1189 vf_loss=19.3278 entropy=137.7648 kl=0.1070
  [Eval] mean_return=536.73 std_return=82.58
[Iter 114/488] steps=233472 reward=389.00 pi_loss=-0.1082 vf_loss=19.3375 entropy=137.7988 kl=0.1038
[Iter 115/488] steps=235520 reward=439.72 pi_loss=-0.1028 vf_loss=14.2603 entropy=137.9661 kl=0.1299
[Iter 116/488] steps=237568 reward=402.14 pi_loss=-0.1098 vf_loss=13.8025 entropy=137.7723 kl=0.1019
[Iter 117/488] steps=239616 reward=499.08 pi_loss=-0.0936 vf_loss=16.0705 entropy=137.9177 kl=0.1181
[Iter 118/488] steps=241664 reward=518.22 pi_loss=-0.0923 vf_loss=18.5574 entropy=138.2703 kl=0.1165
  [Eval] mean_return=692.17 std_return=64.41
[Iter 119/488] steps=243712 reward=468.77 pi_loss=-0.1059 vf_loss=26.7635 entropy=136.8817 kl=0.0693
[Iter 120/488] steps=245760 reward=504.49 pi_loss=-0.1040 vf_loss=20.2688 entropy=137.6570 kl=0.1071
[Iter 121/488] steps=247808 reward=495.52 pi_loss=-0.1092 vf_loss=24.1528 entropy=137.4383 kl=0.0819
[Iter 122/488] steps=249856 reward=489.82 pi_loss=-0.0899 vf_loss=18.2712 entropy=138.7965 kl=0.1530
[Iter 123/488] steps=251904 reward=511.62 pi_loss=-0.1080 vf_loss=16.7470 entropy=138.0853 kl=0.1222
  [Eval] mean_return=525.87 std_return=66.37
[Iter 124/488] steps=253952 reward=431.47 pi_loss=-0.0944 vf_loss=18.9181 entropy=138.4711 kl=0.1517
[Iter 125/488] steps=256000 reward=477.19 pi_loss=-0.1194 vf_loss=28.9937 entropy=137.5368 kl=0.0777
[Iter 126/488] steps=258048 reward=521.36 pi_loss=-0.0927 vf_loss=18.0246 entropy=138.0199 kl=0.1224
[Iter 127/488] steps=260096 reward=489.25 pi_loss=-0.1041 vf_loss=20.7402 entropy=137.9679 kl=0.0969
  [Eval] mean_return=633.65 std_return=54.94
[Iter 128/488] steps=262144 reward=634.90 pi_loss=-0.0933 vf_loss=18.5261 entropy=138.0009 kl=0.1182
[Iter 129/488] steps=264192 reward=478.55 pi_loss=-0.0964 vf_loss=17.6693 entropy=138.0149 kl=0.1071
[Iter 130/488] steps=266240 reward=504.60 pi_loss=-0.0937 vf_loss=17.2492 entropy=137.8434 kl=0.1012
[Iter 131/488] steps=268288 reward=451.94 pi_loss=-0.1047 vf_loss=25.0727 entropy=137.4135 kl=0.0712
[Iter 132/488] steps=270336 reward=603.94 pi_loss=-0.0825 vf_loss=17.0621 entropy=138.0162 kl=0.1222
  [Eval] mean_return=616.75 std_return=58.76
[Iter 133/488] steps=272384 reward=433.51 pi_loss=-0.0944 vf_loss=22.0554 entropy=137.6116 kl=0.0919
[Iter 134/488] steps=274432 reward=542.08 pi_loss=-0.0861 vf_loss=19.4708 entropy=138.3654 kl=0.1397
[Iter 135/488] steps=276480 reward=472.87 pi_loss=-0.1100 vf_loss=22.0294 entropy=137.5082 kl=0.0776
[Iter 136/488] steps=278528 reward=400.42 pi_loss=-0.1060 vf_loss=22.0499 entropy=137.5486 kl=0.0901
[Iter 137/488] steps=280576 reward=430.60 pi_loss=-0.1033 vf_loss=24.2013 entropy=137.3846 kl=0.0859
  [Eval] mean_return=552.72 std_return=71.58
[Iter 138/488] steps=282624 reward=464.92 pi_loss=-0.1016 vf_loss=20.5290 entropy=137.8669 kl=0.1007
[Iter 139/488] steps=284672 reward=391.54 pi_loss=-0.1064 vf_loss=21.9012 entropy=137.7981 kl=0.1170
[Iter 140/488] steps=286720 reward=403.35 pi_loss=-0.1128 vf_loss=21.0377 entropy=137.6500 kl=0.0983
[Iter 141/488] steps=288768 reward=402.95 pi_loss=-0.1073 vf_loss=24.6645 entropy=138.0234 kl=0.1092
[Iter 142/488] steps=290816 reward=357.49 pi_loss=-0.1170 vf_loss=20.7164 entropy=137.3995 kl=0.0897
  [Eval] mean_return=333.60 std_return=32.22
[Iter 143/488] steps=292864 reward=350.73 pi_loss=-0.1162 vf_loss=26.7874 entropy=137.5535 kl=0.0863
[Iter 144/488] steps=294912 reward=375.37 pi_loss=-0.0999 vf_loss=16.7319 entropy=138.4260 kl=0.1405
[Iter 145/488] steps=296960 reward=488.73 pi_loss=-0.1106 vf_loss=12.3982 entropy=138.8560 kl=0.1595
[Iter 146/488] steps=299008 reward=319.38 pi_loss=-0.1039 vf_loss=24.7954 entropy=137.8397 kl=0.0855
[Iter 147/488] steps=301056 reward=304.42 pi_loss=-0.1104 vf_loss=24.6190 entropy=137.3744 kl=0.0752
  [Eval] mean_return=519.57 std_return=127.53
[Iter 148/488] steps=303104 reward=410.73 pi_loss=-0.1147 vf_loss=20.5596 entropy=138.3712 kl=0.1340
[Iter 149/488] steps=305152 reward=364.81 pi_loss=-0.1153 vf_loss=25.7295 entropy=137.7069 kl=0.0959
[Iter 150/488] steps=307200 reward=304.35 pi_loss=-0.1058 vf_loss=22.1116 entropy=137.7685 kl=0.1010
[Iter 151/488] steps=309248 reward=424.35 pi_loss=-0.1045 vf_loss=21.7671 entropy=137.8769 kl=0.1105
[Iter 152/488] steps=311296 reward=268.15 pi_loss=-0.1172 vf_loss=19.9563 entropy=138.5474 kl=0.1389
  [Eval] mean_return=466.59 std_return=87.46
[Iter 153/488] steps=313344 reward=290.03 pi_loss=-0.1072 vf_loss=24.4237 entropy=137.3013 kl=0.0808
[Iter 154/488] steps=315392 reward=446.69 pi_loss=-0.0940 vf_loss=22.2098 entropy=138.2843 kl=0.1278
[Iter 155/488] steps=317440 reward=427.32 pi_loss=-0.0885 vf_loss=17.8387 entropy=139.0241 kl=0.1754
[Iter 156/488] steps=319488 reward=437.78 pi_loss=-0.1014 vf_loss=18.2595 entropy=137.9686 kl=0.1176
[Iter 157/488] steps=321536 reward=386.09 pi_loss=-0.0984 vf_loss=19.3174 entropy=138.5407 kl=0.1431
  [Eval] mean_return=555.27 std_return=57.00
[Iter 158/488] steps=323584 reward=465.90 pi_loss=-0.0994 vf_loss=20.7424 entropy=137.6161 kl=0.0934
[Iter 159/488] steps=325632 reward=472.50 pi_loss=-0.0971 vf_loss=19.1771 entropy=138.0999 kl=0.1069
[Iter 160/488] steps=327680 reward=426.94 pi_loss=-0.0974 vf_loss=21.8197 entropy=137.5530 kl=0.1100
[Iter 161/488] steps=329728 reward=365.49 pi_loss=-0.1008 vf_loss=19.4164 entropy=138.6633 kl=0.1268
[Iter 162/488] steps=331776 reward=401.34 pi_loss=-0.1082 vf_loss=19.7513 entropy=138.1758 kl=0.1231
  [Eval] mean_return=519.71 std_return=59.72
[Iter 163/488] steps=333824 reward=411.03 pi_loss=-0.1067 vf_loss=18.2736 entropy=138.4456 kl=0.1323
[Iter 164/488] steps=335872 reward=430.42 pi_loss=-0.1038 vf_loss=20.9991 entropy=138.5636 kl=0.1354
[Iter 165/488] steps=337920 reward=466.27 pi_loss=-0.0944 vf_loss=17.5809 entropy=138.3765 kl=0.1410
[Iter 166/488] steps=339968 reward=559.63 pi_loss=-0.1110 vf_loss=21.9630 entropy=137.7576 kl=0.1008
[Iter 167/488] steps=342016 reward=379.07 pi_loss=-0.1056 vf_loss=25.1938 entropy=137.7180 kl=0.0974
  [Eval] mean_return=554.04 std_return=56.16
[Iter 168/488] steps=344064 reward=421.66 pi_loss=-0.1047 vf_loss=21.7196 entropy=138.0985 kl=0.1162
[Iter 169/488] steps=346112 reward=416.45 pi_loss=-0.0999 vf_loss=21.1328 entropy=137.9750 kl=0.0897
[Iter 170/488] steps=348160 reward=506.38 pi_loss=-0.0921 vf_loss=17.3406 entropy=138.6033 kl=0.1439
[Iter 171/488] steps=350208 reward=516.35 pi_loss=-0.0911 vf_loss=18.7202 entropy=137.7264 kl=0.1052
  [Eval] mean_return=620.59 std_return=41.76
[Iter 172/488] steps=352256 reward=600.55 pi_loss=-0.0771 vf_loss=19.2959 entropy=137.9244 kl=0.0929
[Iter 173/488] steps=354304 reward=559.98 pi_loss=-0.0722 vf_loss=16.1787 entropy=138.4294 kl=0.1346
[Iter 174/488] steps=356352 reward=505.53 pi_loss=-0.0911 vf_loss=20.2573 entropy=137.8650 kl=0.0913
[Iter 175/488] steps=358400 reward=537.55 pi_loss=-0.0942 vf_loss=31.8900 entropy=137.4305 kl=0.0717
[Iter 176/488] steps=360448 reward=442.34 pi_loss=-0.0935 vf_loss=18.4147 entropy=138.0373 kl=0.1028
  [Eval] mean_return=703.87 std_return=70.72
[Iter 177/488] steps=362496 reward=537.90 pi_loss=-0.0885 vf_loss=18.7543 entropy=137.8155 kl=0.1025
[Iter 178/488] steps=364544 reward=625.77 pi_loss=-0.0963 vf_loss=22.8827 entropy=137.5539 kl=0.0918
[Iter 179/488] steps=366592 reward=493.17 pi_loss=-0.0930 vf_loss=23.8963 entropy=137.4102 kl=0.0777
[Iter 180/488] steps=368640 reward=596.41 pi_loss=-0.0713 vf_loss=21.8930 entropy=137.2159 kl=0.0776
[Iter 181/488] steps=370688 reward=575.29 pi_loss=-0.0809 vf_loss=24.2658 entropy=137.6517 kl=0.0858
  [Eval] mean_return=710.64 std_return=39.74
[Iter 182/488] steps=372736 reward=592.96 pi_loss=-0.0838 vf_loss=19.7510 entropy=137.7598 kl=0.0910
[Iter 183/488] steps=374784 reward=546.34 pi_loss=-0.0966 vf_loss=25.9383 entropy=137.3406 kl=0.0682
[Iter 184/488] steps=376832 reward=619.90 pi_loss=-0.0912 vf_loss=32.0660 entropy=137.1957 kl=0.0750
[Iter 185/488] steps=378880 reward=496.55 pi_loss=-0.0759 vf_loss=23.6069 entropy=137.6804 kl=0.0922
[Iter 186/488] steps=380928 reward=561.82 pi_loss=-0.0795 vf_loss=19.3046 entropy=138.0578 kl=0.1105
  [Eval] mean_return=662.85 std_return=48.86
[Iter 187/488] steps=382976 reward=554.82 pi_loss=-0.0896 vf_loss=27.3403 entropy=137.4224 kl=0.0694
[Iter 188/488] steps=385024 reward=618.13 pi_loss=-0.0908 vf_loss=29.8994 entropy=137.7455 kl=0.0880
[Iter 189/488] steps=387072 reward=527.75 pi_loss=-0.0984 vf_loss=24.9641 entropy=137.7525 kl=0.0911
[Iter 190/488] steps=389120 reward=605.04 pi_loss=-0.0727 vf_loss=23.0905 entropy=138.4020 kl=0.1348
[Iter 191/488] steps=391168 reward=562.88 pi_loss=-0.0756 vf_loss=20.2631 entropy=137.8691 kl=0.1003
  [Eval] mean_return=615.36 std_return=48.89
[Iter 192/488] steps=393216 reward=486.31 pi_loss=-0.0921 vf_loss=21.5565 entropy=137.4498 kl=0.0765
[Iter 193/488] steps=395264 reward=476.54 pi_loss=-0.0880 vf_loss=24.6919 entropy=137.5833 kl=0.0694
[Iter 194/488] steps=397312 reward=442.12 pi_loss=-0.0949 vf_loss=20.9637 entropy=137.2964 kl=0.0917
[Iter 195/488] steps=399360 reward=476.21 pi_loss=-0.0874 vf_loss=20.6872 entropy=138.2119 kl=0.1297
[Iter 196/488] steps=401408 reward=457.07 pi_loss=-0.1080 vf_loss=21.0506 entropy=137.8026 kl=0.0847
  [Eval] mean_return=512.25 std_return=98.03
[Iter 197/488] steps=403456 reward=429.01 pi_loss=-0.1036 vf_loss=25.3850 entropy=137.0465 kl=0.0685
[Iter 198/488] steps=405504 reward=433.87 pi_loss=-0.0964 vf_loss=25.3711 entropy=137.5683 kl=0.0884
[Iter 199/488] steps=407552 reward=471.39 pi_loss=-0.0988 vf_loss=20.6345 entropy=137.7236 kl=0.0931
[Iter 200/488] steps=409600 reward=471.26 pi_loss=-0.1057 vf_loss=23.0916 entropy=138.1008 kl=0.0899
[Iter 201/488] steps=411648 reward=457.64 pi_loss=-0.1055 vf_loss=19.8351 entropy=138.0062 kl=0.1188
  [Eval] mean_return=559.98 std_return=48.13
[Iter 202/488] steps=413696 reward=481.21 pi_loss=-0.1020 vf_loss=22.7300 entropy=137.6037 kl=0.0955
[Iter 203/488] steps=415744 reward=472.25 pi_loss=-0.1049 vf_loss=21.1451 entropy=137.8350 kl=0.1016
[Iter 204/488] steps=417792 reward=523.47 pi_loss=-0.0838 vf_loss=19.5042 entropy=138.0791 kl=0.1090
[Iter 205/488] steps=419840 reward=525.50 pi_loss=-0.1024 vf_loss=27.6649 entropy=137.9274 kl=0.1001
[Iter 206/488] steps=421888 reward=585.94 pi_loss=-0.1011 vf_loss=18.8540 entropy=137.8016 kl=0.1064
  [Eval] mean_return=561.05 std_return=90.34
[Iter 207/488] steps=423936 reward=500.72 pi_loss=-0.1026 vf_loss=19.5283 entropy=137.5073 kl=0.0904
[Iter 208/488] steps=425984 reward=525.54 pi_loss=-0.1068 vf_loss=22.3499 entropy=137.7565 kl=0.0963
[Iter 209/488] steps=428032 reward=521.69 pi_loss=-0.0964 vf_loss=23.3511 entropy=137.5408 kl=0.0990
[Iter 210/488] steps=430080 reward=549.48 pi_loss=-0.0932 vf_loss=22.9923 entropy=137.6464 kl=0.0830
  [Eval] mean_return=585.32 std_return=83.22
[Iter 211/488] steps=432128 reward=544.78 pi_loss=-0.1035 vf_loss=21.1377 entropy=137.7548 kl=0.0906
[Iter 212/488] steps=434176 reward=499.31 pi_loss=-0.0824 vf_loss=18.6768 entropy=138.0746 kl=0.1182
[Iter 213/488] steps=436224 reward=556.23 pi_loss=-0.0879 vf_loss=19.5431 entropy=137.8831 kl=0.1007
[Iter 214/488] steps=438272 reward=480.92 pi_loss=-0.0944 vf_loss=19.6936 entropy=137.8614 kl=0.0951
[Iter 215/488] steps=440320 reward=581.99 pi_loss=-0.0983 vf_loss=22.2720 entropy=137.6664 kl=0.0953
  [Eval] mean_return=596.88 std_return=128.75
[Iter 216/488] steps=442368 reward=535.38 pi_loss=-0.0925 vf_loss=21.0684 entropy=137.6147 kl=0.0922
[Iter 217/488] steps=444416 reward=519.22 pi_loss=-0.0934 vf_loss=22.5287 entropy=137.6102 kl=0.0955
[Iter 218/488] steps=446464 reward=569.63 pi_loss=-0.0786 vf_loss=21.5721 entropy=137.7075 kl=0.0963
[Iter 219/488] steps=448512 reward=573.07 pi_loss=-0.0943 vf_loss=24.5348 entropy=137.7256 kl=0.0909
[Iter 220/488] steps=450560 reward=446.18 pi_loss=-0.1000 vf_loss=15.9032 entropy=138.8380 kl=0.1554
  [Eval] mean_return=540.53 std_return=55.96
[Iter 221/488] steps=452608 reward=554.57 pi_loss=-0.1009 vf_loss=24.0224 entropy=137.4829 kl=0.0826
[Iter 222/488] steps=454656 reward=535.86 pi_loss=-0.0931 vf_loss=19.8854 entropy=137.3173 kl=0.1031
[Iter 223/488] steps=456704 reward=562.04 pi_loss=-0.0977 vf_loss=21.0688 entropy=137.7289 kl=0.1115
[Iter 224/488] steps=458752 reward=525.29 pi_loss=-0.1019 vf_loss=22.1793 entropy=137.4536 kl=0.0926
[Iter 225/488] steps=460800 reward=483.82 pi_loss=-0.1013 vf_loss=24.0546 entropy=137.6983 kl=0.0782
  [Eval] mean_return=622.00 std_return=42.82
[Iter 226/488] steps=462848 reward=407.48 pi_loss=-0.1105 vf_loss=19.7643 entropy=137.3215 kl=0.0867
[Iter 227/488] steps=464896 reward=574.90 pi_loss=-0.0943 vf_loss=19.8199 entropy=137.7035 kl=0.1025
[Iter 228/488] steps=466944 reward=594.10 pi_loss=-0.0956 vf_loss=21.3965 entropy=137.4147 kl=0.0949
[Iter 229/488] steps=468992 reward=578.83 pi_loss=-0.0882 vf_loss=22.7571 entropy=137.8839 kl=0.1028
[Iter 230/488] steps=471040 reward=654.89 pi_loss=-0.0973 vf_loss=45.5100 entropy=136.9379 kl=0.0472
  [Eval] mean_return=677.45 std_return=44.47
[Iter 231/488] steps=473088 reward=653.67 pi_loss=-0.0774 vf_loss=22.4605 entropy=137.7567 kl=0.1013
[Iter 232/488] steps=475136 reward=561.65 pi_loss=-0.0896 vf_loss=27.4690 entropy=137.6590 kl=0.0891
[Iter 233/488] steps=477184 reward=546.58 pi_loss=-0.0972 vf_loss=25.1349 entropy=138.1894 kl=0.1123
[Iter 234/488] steps=479232 reward=693.15 pi_loss=-0.0910 vf_loss=21.8649 entropy=137.9720 kl=0.1099
[Iter 235/488] steps=481280 reward=584.00 pi_loss=-0.0857 vf_loss=20.3057 entropy=137.6840 kl=0.0953
  [Eval] mean_return=689.56 std_return=51.59
[Iter 236/488] steps=483328 reward=585.11 pi_loss=-0.0911 vf_loss=24.9654 entropy=137.7542 kl=0.0849
[Iter 237/488] steps=485376 reward=515.51 pi_loss=-0.0911 vf_loss=23.5790 entropy=137.5655 kl=0.0947
[Iter 238/488] steps=487424 reward=599.27 pi_loss=-0.0910 vf_loss=21.8616 entropy=137.5726 kl=0.0910
[Iter 239/488] steps=489472 reward=566.90 pi_loss=-0.0936 vf_loss=26.4539 entropy=137.4464 kl=0.0693
[Iter 240/488] steps=491520 reward=583.66 pi_loss=-0.1067 vf_loss=22.1724 entropy=137.7059 kl=0.0955
  [Eval] mean_return=593.15 std_return=22.63
[Iter 241/488] steps=493568 reward=472.11 pi_loss=-0.0809 vf_loss=17.7947 entropy=137.8731 kl=0.1081
[Iter 242/488] steps=495616 reward=628.72 pi_loss=-0.0882 vf_loss=19.9684 entropy=137.7079 kl=0.0957
[Iter 243/488] steps=497664 reward=602.80 pi_loss=-0.1027 vf_loss=23.7926 entropy=137.7805 kl=0.0931
[Iter 244/488] steps=499712 reward=469.28 pi_loss=-0.0972 vf_loss=20.2319 entropy=137.6681 kl=0.0955
[Iter 245/488] steps=501760 reward=465.34 pi_loss=-0.0969 vf_loss=18.5031 entropy=138.1335 kl=0.1275
  [Eval] mean_return=556.23 std_return=65.25
[Iter 246/488] steps=503808 reward=283.80 pi_loss=-0.1071 vf_loss=15.7100 entropy=138.0460 kl=0.1225
[Iter 247/488] steps=505856 reward=493.43 pi_loss=-0.0953 vf_loss=21.1727 entropy=137.7498 kl=0.0780
[Iter 248/488] steps=507904 reward=524.62 pi_loss=-0.0988 vf_loss=20.5289 entropy=137.5188 kl=0.0811
[Iter 249/488] steps=509952 reward=566.58 pi_loss=-0.0987 vf_loss=23.7406 entropy=137.3267 kl=0.0666
[Iter 250/488] steps=512000 reward=569.73 pi_loss=-0.0808 vf_loss=26.4479 entropy=137.5005 kl=0.0754
  [Eval] mean_return=595.86 std_return=211.46
[Iter 251/488] steps=514048 reward=532.19 pi_loss=-0.0978 vf_loss=24.9492 entropy=137.5081 kl=0.0725
[Iter 252/488] steps=516096 reward=591.23 pi_loss=-0.1041 vf_loss=26.5707 entropy=137.3327 kl=0.0699
[Iter 253/488] steps=518144 reward=598.06 pi_loss=-0.0855 vf_loss=24.1042 entropy=137.5951 kl=0.0772
[Iter 254/488] steps=520192 reward=666.18 pi_loss=-0.0885 vf_loss=25.1326 entropy=137.7903 kl=0.0804
  [Eval] mean_return=594.47 std_return=345.95
[Iter 255/488] steps=522240 reward=738.81 pi_loss=-0.0945 vf_loss=26.6163 entropy=137.1911 kl=0.0723
[Iter 256/488] steps=524288 reward=728.36 pi_loss=-0.0806 vf_loss=25.3007 entropy=137.7946 kl=0.0921
[Iter 257/488] steps=526336 reward=267.80 pi_loss=-0.0881 vf_loss=19.6220 entropy=137.3280 kl=0.0661
[Iter 258/488] steps=528384 reward=676.34 pi_loss=-0.0863 vf_loss=27.7700 entropy=137.3659 kl=0.0759
[Iter 259/488] steps=530432 reward=646.78 pi_loss=-0.0998 vf_loss=46.9884 entropy=137.5094 kl=0.0836
  [Eval] mean_return=614.47 std_return=50.17
[Iter 260/488] steps=532480 reward=565.49 pi_loss=-0.0892 vf_loss=26.9052 entropy=138.3529 kl=0.1293
[Iter 261/488] steps=534528 reward=641.95 pi_loss=-0.0729 vf_loss=22.9115 entropy=137.6932 kl=0.0993
[Iter 262/488] steps=536576 reward=664.52 pi_loss=-0.0801 vf_loss=34.0052 entropy=137.3364 kl=0.0708
[Iter 263/488] steps=538624 reward=647.18 pi_loss=-0.0841 vf_loss=23.3824 entropy=137.5199 kl=0.0774
[Iter 264/488] steps=540672 reward=594.67 pi_loss=-0.0800 vf_loss=24.0921 entropy=137.4864 kl=0.0791
  [Eval] mean_return=570.74 std_return=293.01
[Iter 265/488] steps=542720 reward=615.40 pi_loss=-0.0904 vf_loss=23.6048 entropy=137.2603 kl=0.0800
[Iter 266/488] steps=544768 reward=612.65 pi_loss=-0.0870 vf_loss=27.0000 entropy=137.4160 kl=0.0926
[Iter 267/488] steps=546816 reward=646.11 pi_loss=-0.0959 vf_loss=26.3086 entropy=137.3890 kl=0.0788
[Iter 268/488] steps=548864 reward=576.36 pi_loss=-0.0996 vf_loss=29.0624 entropy=136.9718 kl=0.0713
[Iter 269/488] steps=550912 reward=572.35 pi_loss=-0.0919 vf_loss=31.3985 entropy=137.5228 kl=0.0791
  [Eval] mean_return=661.12 std_return=310.21
[Iter 270/488] steps=552960 reward=677.06 pi_loss=-0.1062 vf_loss=33.2728 entropy=137.5445 kl=0.0864
[Iter 271/488] steps=555008 reward=646.41 pi_loss=-0.0910 vf_loss=31.6009 entropy=137.3928 kl=0.0763
[Iter 272/488] steps=557056 reward=850.37 pi_loss=-0.0963 vf_loss=31.8525 entropy=137.6632 kl=0.1148
[Iter 273/488] steps=559104 reward=836.60 pi_loss=-0.1007 vf_loss=59.5775 entropy=137.2950 kl=0.0931
[Iter 274/488] steps=561152 reward=508.30 pi_loss=-0.1044 vf_loss=29.5998 entropy=137.5851 kl=0.1038
  [Eval] mean_return=631.82 std_return=239.47
[Iter 275/488] steps=563200 reward=546.78 pi_loss=-0.0894 vf_loss=30.5238 entropy=137.8051 kl=0.0950
[Iter 276/488] steps=565248 reward=460.85 pi_loss=-0.1084 vf_loss=33.9182 entropy=137.3778 kl=0.0728
[Iter 277/488] steps=567296 reward=567.82 pi_loss=-0.0982 vf_loss=30.4413 entropy=137.6996 kl=0.0740
[Iter 278/488] steps=569344 reward=436.66 pi_loss=-0.1011 vf_loss=35.0112 entropy=137.4196 kl=0.0713
[Iter 279/488] steps=571392 reward=669.03 pi_loss=-0.1028 vf_loss=41.6581 entropy=137.3624 kl=0.0738
  [Eval] mean_return=969.19 std_return=210.60
[Iter 280/488] steps=573440 reward=620.17 pi_loss=-0.1088 vf_loss=55.7318 entropy=137.5027 kl=0.0629
[Iter 281/488] steps=575488 reward=843.85 pi_loss=-0.0910 vf_loss=43.9965 entropy=137.9192 kl=0.1128
[Iter 282/488] steps=577536 reward=1039.74 pi_loss=-0.0968 vf_loss=65.8340 entropy=137.1888 kl=0.0684
[Iter 283/488] steps=579584 reward=734.17 pi_loss=-0.0978 vf_loss=34.2422 entropy=137.6584 kl=0.0853
[Iter 284/488] steps=581632 reward=565.83 pi_loss=-0.0809 vf_loss=25.8566 entropy=137.6717 kl=0.0997
  [Eval] mean_return=798.08 std_return=294.00
[Iter 285/488] steps=583680 reward=455.34 pi_loss=-0.0963 vf_loss=22.6730 entropy=137.7827 kl=0.1005
[Iter 286/488] steps=585728 reward=537.48 pi_loss=-0.0967 vf_loss=28.3702 entropy=137.2788 kl=0.0775
[Iter 287/488] steps=587776 reward=486.35 pi_loss=-0.1032 vf_loss=50.2463 entropy=137.0168 kl=0.0616
[Iter 288/488] steps=589824 reward=1236.86 pi_loss=-0.1033 vf_loss=51.7036 entropy=137.2431 kl=0.0698
[Iter 289/488] steps=591872 reward=727.59 pi_loss=-0.0925 vf_loss=41.6563 entropy=138.8364 kl=0.1653
  [Eval] mean_return=698.56 std_return=198.39
[Iter 290/488] steps=593920 reward=422.75 pi_loss=-0.0933 vf_loss=30.1625 entropy=137.5940 kl=0.0849
[Iter 291/488] steps=595968 reward=441.40 pi_loss=-0.0991 vf_loss=30.0909 entropy=137.4849 kl=0.0912
[Iter 292/488] steps=598016 reward=601.55 pi_loss=-0.1072 vf_loss=50.2496 entropy=137.4176 kl=0.0660
[Iter 293/488] steps=600064 reward=551.50 pi_loss=-0.0960 vf_loss=32.5526 entropy=137.6002 kl=0.0895
  [Eval] mean_return=651.90 std_return=158.56
[Iter 294/488] steps=602112 reward=391.37 pi_loss=-0.0911 vf_loss=26.5447 entropy=137.6602 kl=0.0939
[Iter 295/488] steps=604160 reward=349.46 pi_loss=-0.0994 vf_loss=24.1140 entropy=137.6638 kl=0.0898
[Iter 296/488] steps=606208 reward=542.16 pi_loss=-0.1056 vf_loss=30.3469 entropy=137.6063 kl=0.0883
[Iter 297/488] steps=608256 reward=546.37 pi_loss=-0.1057 vf_loss=27.2780 entropy=137.7048 kl=0.1031
[Iter 298/488] steps=610304 reward=427.76 pi_loss=-0.0931 vf_loss=33.2753 entropy=137.6445 kl=0.0766
  [Eval] mean_return=543.03 std_return=140.13
[Iter 299/488] steps=612352 reward=546.00 pi_loss=-0.0957 vf_loss=16.9751 entropy=138.9675 kl=0.1694
[Iter 300/488] steps=614400 reward=378.87 pi_loss=-0.1109 vf_loss=19.9015 entropy=137.7187 kl=0.1053
[Iter 301/488] steps=616448 reward=459.00 pi_loss=-0.1049 vf_loss=24.4914 entropy=137.6556 kl=0.0875
[Iter 302/488] steps=618496 reward=428.45 pi_loss=-0.1001 vf_loss=31.0000 entropy=137.4214 kl=0.0852
[Iter 303/488] steps=620544 reward=547.22 pi_loss=-0.0824 vf_loss=17.8144 entropy=138.1447 kl=0.1224
  [Eval] mean_return=584.35 std_return=128.55
[Iter 304/488] steps=622592 reward=419.27 pi_loss=-0.1039 vf_loss=35.7672 entropy=137.7230 kl=0.0731
[Iter 305/488] steps=624640 reward=701.74 pi_loss=-0.1031 vf_loss=23.8670 entropy=137.7069 kl=0.0801
[Iter 306/488] steps=626688 reward=364.36 pi_loss=-0.1061 vf_loss=24.2708 entropy=137.7484 kl=0.0801
[Iter 307/488] steps=628736 reward=461.28 pi_loss=-0.1048 vf_loss=22.2633 entropy=137.6384 kl=0.0841
[Iter 308/488] steps=630784 reward=445.41 pi_loss=-0.1161 vf_loss=29.7443 entropy=137.4077 kl=0.0718
  [Eval] mean_return=502.40 std_return=78.05
[Iter 309/488] steps=632832 reward=814.14 pi_loss=-0.0872 vf_loss=26.9711 entropy=138.7038 kl=0.1630
[Iter 310/488] steps=634880 reward=477.00 pi_loss=-0.1035 vf_loss=21.1640 entropy=137.4585 kl=0.0861
[Iter 311/488] steps=636928 reward=480.05 pi_loss=-0.0919 vf_loss=17.5985 entropy=138.0243 kl=0.1108
[Iter 312/488] steps=638976 reward=527.14 pi_loss=-0.0927 vf_loss=20.1148 entropy=137.8291 kl=0.0987
[Iter 313/488] steps=641024 reward=509.48 pi_loss=-0.0915 vf_loss=22.0598 entropy=137.8316 kl=0.0957
  [Eval] mean_return=742.34 std_return=106.38
[Iter 314/488] steps=643072 reward=555.10 pi_loss=-0.0973 vf_loss=19.5131 entropy=137.7213 kl=0.0894
[Iter 315/488] steps=645120 reward=589.06 pi_loss=-0.0923 vf_loss=29.8062 entropy=136.9297 kl=0.0510
[Iter 316/488] steps=647168 reward=607.39 pi_loss=-0.0619 vf_loss=19.5404 entropy=138.6434 kl=0.1550
[Iter 317/488] steps=649216 reward=842.11 pi_loss=-0.1006 vf_loss=37.5833 entropy=137.3408 kl=0.0731
[Iter 318/488] steps=651264 reward=530.21 pi_loss=-0.0847 vf_loss=23.7863 entropy=137.5724 kl=0.0843
  [Eval] mean_return=667.78 std_return=137.16
[Iter 319/488] steps=653312 reward=610.28 pi_loss=-0.0966 vf_loss=28.6802 entropy=137.2785 kl=0.0594
[Iter 320/488] steps=655360 reward=476.04 pi_loss=-0.0987 vf_loss=30.7089 entropy=137.3453 kl=0.0689
[Iter 321/488] steps=657408 reward=569.94 pi_loss=-0.1005 vf_loss=42.4381 entropy=137.2487 kl=0.0679
[Iter 322/488] steps=659456 reward=656.11 pi_loss=-0.0927 vf_loss=34.0014 entropy=137.4535 kl=0.0636
[Iter 323/488] steps=661504 reward=531.78 pi_loss=-0.1028 vf_loss=25.8364 entropy=137.8944 kl=0.0958
  [Eval] mean_return=575.20 std_return=89.55
[Iter 324/488] steps=663552 reward=581.37 pi_loss=-0.0964 vf_loss=23.4178 entropy=137.7653 kl=0.1116
[Iter 325/488] steps=665600 reward=503.85 pi_loss=-0.0954 vf_loss=24.6527 entropy=137.6507 kl=0.0873
[Iter 326/488] steps=667648 reward=513.86 pi_loss=-0.1081 vf_loss=24.5560 entropy=137.7701 kl=0.0929
[Iter 327/488] steps=669696 reward=460.62 pi_loss=-0.0959 vf_loss=21.5075 entropy=137.4404 kl=0.0952
[Iter 328/488] steps=671744 reward=498.68 pi_loss=-0.0994 vf_loss=40.1367 entropy=137.0782 kl=0.0494
  [Eval] mean_return=535.85 std_return=54.96
[Iter 329/488] steps=673792 reward=498.41 pi_loss=-0.1009 vf_loss=17.9486 entropy=137.7452 kl=0.0992
[Iter 330/488] steps=675840 reward=520.78 pi_loss=-0.0891 vf_loss=26.4621 entropy=137.8959 kl=0.0866
[Iter 331/488] steps=677888 reward=487.59 pi_loss=-0.0960 vf_loss=19.6200 entropy=137.3084 kl=0.0911
[Iter 332/488] steps=679936 reward=554.47 pi_loss=-0.0972 vf_loss=19.3811 entropy=137.7985 kl=0.1018
[Iter 333/488] steps=681984 reward=509.54 pi_loss=-0.0978 vf_loss=29.3449 entropy=136.9909 kl=0.0585
  [Eval] mean_return=505.27 std_return=224.47
[Iter 334/488] steps=684032 reward=496.86 pi_loss=-0.1057 vf_loss=33.3096 entropy=137.2173 kl=0.0711
[Iter 335/488] steps=686080 reward=462.64 pi_loss=-0.0938 vf_loss=18.6840 entropy=137.7326 kl=0.0991
[Iter 336/488] steps=688128 reward=432.88 pi_loss=-0.1059 vf_loss=22.4558 entropy=137.0386 kl=0.0662
[Iter 337/488] steps=690176 reward=421.69 pi_loss=-0.1018 vf_loss=31.6451 entropy=137.1293 kl=0.0557
  [Eval] mean_return=611.65 std_return=96.20
[Iter 338/488] steps=692224 reward=600.64 pi_loss=-0.1022 vf_loss=37.1183 entropy=136.9661 kl=0.0566
[Iter 339/488] steps=694272 reward=427.90 pi_loss=-0.1008 vf_loss=23.6041 entropy=137.9538 kl=0.0949
[Iter 340/488] steps=696320 reward=762.18 pi_loss=-0.1086 vf_loss=44.6623 entropy=137.1848 kl=0.0537
[Iter 341/488] steps=698368 reward=598.28 pi_loss=-0.0977 vf_loss=32.0939 entropy=137.1513 kl=0.0665
[Iter 342/488] steps=700416 reward=496.29 pi_loss=-0.1025 vf_loss=20.2559 entropy=137.9111 kl=0.1098
  [Eval] mean_return=686.63 std_return=130.33
[Iter 343/488] steps=702464 reward=480.17 pi_loss=-0.1031 vf_loss=22.2104 entropy=137.9253 kl=0.0947
[Iter 344/488] steps=704512 reward=602.77 pi_loss=-0.1048 vf_loss=38.9135 entropy=137.0140 kl=0.0614
[Iter 345/488] steps=706560 reward=733.32 pi_loss=-0.1099 vf_loss=30.4421 entropy=137.0496 kl=0.0682
[Iter 346/488] steps=708608 reward=553.72 pi_loss=-0.0979 vf_loss=24.0038 entropy=137.1956 kl=0.0749
[Iter 347/488] steps=710656 reward=532.03 pi_loss=-0.0971 vf_loss=24.9663 entropy=137.3001 kl=0.0808
  [Eval] mean_return=673.88 std_return=125.91
[Iter 348/488] steps=712704 reward=570.46 pi_loss=-0.1052 vf_loss=27.6529 entropy=137.2216 kl=0.0723
[Iter 349/488] steps=714752 reward=560.96 pi_loss=-0.0905 vf_loss=23.6340 entropy=137.5340 kl=0.0798
[Iter 350/488] steps=716800 reward=543.67 pi_loss=-0.0958 vf_loss=25.7422 entropy=137.1838 kl=0.0726
[Iter 351/488] steps=718848 reward=499.22 pi_loss=-0.0991 vf_loss=25.7178 entropy=137.4739 kl=0.0766
[Iter 352/488] steps=720896 reward=747.61 pi_loss=-0.0924 vf_loss=23.9356 entropy=137.4590 kl=0.0785
  [Eval] mean_return=757.29 std_return=179.62
[Iter 353/488] steps=722944 reward=762.60 pi_loss=-0.0995 vf_loss=28.5450 entropy=137.4763 kl=0.0704
[Iter 354/488] steps=724992 reward=564.00 pi_loss=-0.1100 vf_loss=36.3710 entropy=136.9805 kl=0.0526
[Iter 355/488] steps=727040 reward=622.92 pi_loss=-0.0889 vf_loss=34.4446 entropy=137.3445 kl=0.0674
[Iter 356/488] steps=729088 reward=685.59 pi_loss=-0.1026 vf_loss=38.1497 entropy=137.0497 kl=0.0656
[Iter 357/488] steps=731136 reward=596.18 pi_loss=-0.0949 vf_loss=42.6457 entropy=137.2667 kl=0.0571
  [Eval] mean_return=719.82 std_return=124.13
[Iter 358/488] steps=733184 reward=814.32 pi_loss=-0.1067 vf_loss=48.0188 entropy=137.2523 kl=0.0600
[Iter 359/488] steps=735232 reward=922.07 pi_loss=-0.0983 vf_loss=60.4711 entropy=137.0027 kl=0.0534
[Iter 360/488] steps=737280 reward=724.67 pi_loss=-0.0956 vf_loss=36.7544 entropy=137.3080 kl=0.0815
[Iter 361/488] steps=739328 reward=598.81 pi_loss=-0.0921 vf_loss=42.3313 entropy=136.9591 kl=0.0585
[Iter 362/488] steps=741376 reward=654.66 pi_loss=-0.0652 vf_loss=23.4198 entropy=138.4028 kl=0.1302
  [Eval] mean_return=777.58 std_return=128.55
[Iter 363/488] steps=743424 reward=902.98 pi_loss=-0.1060 vf_loss=69.5298 entropy=137.3095 kl=0.0606
[Iter 364/488] steps=745472 reward=841.13 pi_loss=-0.0887 vf_loss=24.3967 entropy=137.6356 kl=0.1060
[Iter 365/488] steps=747520 reward=777.48 pi_loss=-0.0964 vf_loss=31.5907 entropy=137.2664 kl=0.0740
[Iter 366/488] steps=749568 reward=678.52 pi_loss=-0.0809 vf_loss=25.7118 entropy=137.8646 kl=0.1062
[Iter 367/488] steps=751616 reward=756.29 pi_loss=-0.0766 vf_loss=32.2070 entropy=137.5934 kl=0.0797
  [Eval] mean_return=854.60 std_return=169.97
[Iter 368/488] steps=753664 reward=759.13 pi_loss=-0.0843 vf_loss=33.2965 entropy=137.1641 kl=0.0723
[Iter 369/488] steps=755712 reward=709.56 pi_loss=-0.0833 vf_loss=35.5583 entropy=136.8947 kl=0.0512
[Iter 370/488] steps=757760 reward=615.11 pi_loss=-0.0562 vf_loss=26.4723 entropy=137.8581 kl=0.1037
[Iter 371/488] steps=759808 reward=610.60 pi_loss=-0.0797 vf_loss=30.9427 entropy=137.2636 kl=0.0605
[Iter 372/488] steps=761856 reward=639.64 pi_loss=-0.0751 vf_loss=26.8841 entropy=137.1535 kl=0.0791
  [Eval] mean_return=773.83 std_return=89.30
[Iter 373/488] steps=763904 reward=758.11 pi_loss=-0.0803 vf_loss=25.7716 entropy=137.5237 kl=0.0757
[Iter 374/488] steps=765952 reward=726.28 pi_loss=-0.0802 vf_loss=30.5028 entropy=137.2632 kl=0.0671
[Iter 375/488] steps=768000 reward=806.10 pi_loss=-0.0826 vf_loss=41.3510 entropy=136.9027 kl=0.0594
[Iter 376/488] steps=770048 reward=983.56 pi_loss=-0.0933 vf_loss=50.8251 entropy=137.3956 kl=0.0594
  [Eval] mean_return=840.67 std_return=176.78
[Iter 377/488] steps=772096 reward=745.43 pi_loss=-0.0744 vf_loss=30.9587 entropy=137.5538 kl=0.0754
[Iter 378/488] steps=774144 reward=848.69 pi_loss=-0.0911 vf_loss=55.1954 entropy=136.6990 kl=0.0490
[Iter 379/488] steps=776192 reward=878.99 pi_loss=-0.0905 vf_loss=61.8756 entropy=136.8695 kl=0.0530
[Iter 380/488] steps=778240 reward=826.52 pi_loss=-0.0846 vf_loss=44.6486 entropy=137.0182 kl=0.0458
[Iter 381/488] steps=780288 reward=696.61 pi_loss=-0.0983 vf_loss=52.9077 entropy=136.7107 kl=0.0519
  [Eval] mean_return=804.08 std_return=271.86
[Iter 382/488] steps=782336 reward=934.01 pi_loss=-0.0916 vf_loss=52.8763 entropy=137.0851 kl=0.0544
[Iter 383/488] steps=784384 reward=849.56 pi_loss=-0.0771 vf_loss=37.8001 entropy=137.4985 kl=0.0750
[Iter 384/488] steps=786432 reward=912.46 pi_loss=-0.0920 vf_loss=44.6583 entropy=137.3788 kl=0.0727
[Iter 385/488] steps=788480 reward=688.27 pi_loss=-0.0796 vf_loss=38.3175 entropy=137.4025 kl=0.0631
[Iter 386/488] steps=790528 reward=666.76 pi_loss=-0.0736 vf_loss=34.1016 entropy=137.3359 kl=0.0734
  [Eval] mean_return=776.47 std_return=114.61
[Iter 387/488] steps=792576 reward=690.54 pi_loss=-0.0948 vf_loss=45.1345 entropy=137.2575 kl=0.0656
[Iter 388/488] steps=794624 reward=949.51 pi_loss=-0.0911 vf_loss=48.7893 entropy=137.0786 kl=0.0490
[Iter 389/488] steps=796672 reward=751.77 pi_loss=-0.0761 vf_loss=33.3954 entropy=137.4472 kl=0.0722
[Iter 390/488] steps=798720 reward=688.56 pi_loss=-0.0802 vf_loss=37.0136 entropy=136.8117 kl=0.0563
[Iter 391/488] steps=800768 reward=754.60 pi_loss=-0.0878 vf_loss=39.3678 entropy=137.0999 kl=0.0571
  [Eval] mean_return=728.17 std_return=110.97
[Iter 392/488] steps=802816 reward=639.15 pi_loss=-0.0839 vf_loss=42.8372 entropy=136.9541 kl=0.0436
[Iter 393/488] steps=804864 reward=813.19 pi_loss=-0.0762 vf_loss=34.5009 entropy=137.8092 kl=0.0792
[Iter 394/488] steps=806912 reward=645.83 pi_loss=-0.0771 vf_loss=40.8432 entropy=137.2533 kl=0.0613
[Iter 395/488] steps=808960 reward=702.08 pi_loss=-0.0842 vf_loss=39.6727 entropy=137.4219 kl=0.0590
[Iter 396/488] steps=811008 reward=737.66 pi_loss=-0.0941 vf_loss=43.0842 entropy=137.2106 kl=0.0565
  [Eval] mean_return=787.19 std_return=145.88
[Iter 397/488] steps=813056 reward=684.51 pi_loss=-0.0655 vf_loss=31.8490 entropy=137.1465 kl=0.0718
[Iter 398/488] steps=815104 reward=688.95 pi_loss=-0.0848 vf_loss=35.8488 entropy=136.8179 kl=0.0457
[Iter 399/488] steps=817152 reward=614.45 pi_loss=-0.0666 vf_loss=27.2154 entropy=137.5301 kl=0.0901
[Iter 400/488] steps=819200 reward=431.73 pi_loss=-0.0953 vf_loss=31.0601 entropy=136.7984 kl=0.0401
[Iter 401/488] steps=821248 reward=823.04 pi_loss=-0.0815 vf_loss=30.8846 entropy=137.0095 kl=0.0505
  [Eval] mean_return=639.58 std_return=174.62
[Iter 402/488] steps=823296 reward=634.96 pi_loss=-0.0692 vf_loss=26.7807 entropy=137.3028 kl=0.0659
[Iter 403/488] steps=825344 reward=626.85 pi_loss=-0.0826 vf_loss=27.2070 entropy=137.2530 kl=0.0588
[Iter 404/488] steps=827392 reward=852.70 pi_loss=-0.0831 vf_loss=45.0807 entropy=137.0090 kl=0.0374
[Iter 405/488] steps=829440 reward=744.88 pi_loss=-0.0823 vf_loss=39.1406 entropy=137.0214 kl=0.0462
[Iter 406/488] steps=831488 reward=830.56 pi_loss=-0.0693 vf_loss=30.1235 entropy=137.3954 kl=0.0553
  [Eval] mean_return=814.20 std_return=116.75
[Iter 407/488] steps=833536 reward=675.13 pi_loss=-0.0807 vf_loss=35.7864 entropy=136.6006 kl=0.0424
[Iter 408/488] steps=835584 reward=715.77 pi_loss=-0.0730 vf_loss=30.7694 entropy=137.0458 kl=0.0430
[Iter 409/488] steps=837632 reward=699.06 pi_loss=-0.0746 vf_loss=27.6130 entropy=137.0179 kl=0.0513
[Iter 410/488] steps=839680 reward=777.34 pi_loss=-0.0717 vf_loss=27.6115 entropy=137.2147 kl=0.0624
[Iter 411/488] steps=841728 reward=747.52 pi_loss=-0.0794 vf_loss=33.7530 entropy=136.8934 kl=0.0467
  [Eval] mean_return=756.68 std_return=41.58
[Iter 412/488] steps=843776 reward=687.89 pi_loss=-0.0741 vf_loss=27.3067 entropy=136.9991 kl=0.0476
[Iter 413/488] steps=845824 reward=657.10 pi_loss=-0.0803 vf_loss=29.7201 entropy=136.7187 kl=0.0512
[Iter 414/488] steps=847872 reward=694.66 pi_loss=-0.0714 vf_loss=24.7427 entropy=136.9241 kl=0.0512
[Iter 415/488] steps=849920 reward=644.71 pi_loss=-0.0763 vf_loss=27.0720 entropy=136.9449 kl=0.0433
[Iter 416/488] steps=851968 reward=743.91 pi_loss=-0.0738 vf_loss=30.0501 entropy=136.9304 kl=0.0538
  [Eval] mean_return=754.87 std_return=80.23
[Iter 417/488] steps=854016 reward=707.60 pi_loss=-0.0597 vf_loss=33.4962 entropy=137.0542 kl=0.0448
[Iter 418/488] steps=856064 reward=687.09 pi_loss=-0.0742 vf_loss=30.6383 entropy=136.5728 kl=0.0440
[Iter 419/488] steps=858112 reward=689.40 pi_loss=-0.0772 vf_loss=30.0033 entropy=137.1203 kl=0.0467
[Iter 420/488] steps=860160 reward=726.63 pi_loss=-0.0761 vf_loss=31.5144 entropy=136.9671 kl=0.0464
  [Eval] mean_return=711.90 std_return=59.61
[Iter 421/488] steps=862208 reward=578.56 pi_loss=-0.0793 vf_loss=31.5083 entropy=136.9576 kl=0.0413
[Iter 422/488] steps=864256 reward=577.67 pi_loss=-0.0722 vf_loss=28.4845 entropy=137.1537 kl=0.0474
[Iter 423/488] steps=866304 reward=700.76 pi_loss=-0.0764 vf_loss=30.1712 entropy=137.0266 kl=0.0550
[Iter 424/488] steps=868352 reward=619.04 pi_loss=-0.0758 vf_loss=25.4280 entropy=137.0828 kl=0.0470
[Iter 425/488] steps=870400 reward=626.38 pi_loss=-0.0736 vf_loss=29.5716 entropy=136.7414 kl=0.0353
  [Eval] mean_return=711.86 std_return=104.33
[Iter 426/488] steps=872448 reward=678.08 pi_loss=-0.0751 vf_loss=24.7413 entropy=136.8007 kl=0.0415
[Iter 427/488] steps=874496 reward=674.20 pi_loss=-0.0775 vf_loss=25.1863 entropy=137.2100 kl=0.0528
[Iter 428/488] steps=876544 reward=721.00 pi_loss=-0.0756 vf_loss=37.5059 entropy=136.6795 kl=0.0329
[Iter 429/488] steps=878592 reward=560.70 pi_loss=-0.0782 vf_loss=29.5417 entropy=136.9059 kl=0.0484
[Iter 430/488] steps=880640 reward=816.61 pi_loss=-0.0789 vf_loss=45.5472 entropy=137.0059 kl=0.0341
  [Eval] mean_return=725.38 std_return=99.71
[Iter 431/488] steps=882688 reward=584.80 pi_loss=-0.0695 vf_loss=28.9206 entropy=136.7995 kl=0.0364
[Iter 432/488] steps=884736 reward=594.76 pi_loss=-0.0763 vf_loss=38.8873 entropy=136.7898 kl=0.0347
[Iter 433/488] steps=886784 reward=780.39 pi_loss=-0.0747 vf_loss=29.0501 entropy=136.6250 kl=0.0349
[Iter 434/488] steps=888832 reward=611.70 pi_loss=-0.0780 vf_loss=34.6964 entropy=136.7835 kl=0.0329
[Iter 435/488] steps=890880 reward=559.08 pi_loss=-0.0808 vf_loss=29.7915 entropy=136.9710 kl=0.0370
  [Eval] mean_return=677.48 std_return=94.26
[Iter 436/488] steps=892928 reward=782.74 pi_loss=-0.0791 vf_loss=39.8961 entropy=136.8827 kl=0.0349
[Iter 437/488] steps=894976 reward=661.15 pi_loss=-0.0742 vf_loss=42.8392 entropy=136.7261 kl=0.0278
[Iter 438/488] steps=897024 reward=548.62 pi_loss=-0.0798 vf_loss=75.4201 entropy=136.7732 kl=0.0305
[Iter 439/488] steps=899072 reward=660.55 pi_loss=-0.0779 vf_loss=22.6758 entropy=137.0841 kl=0.0434
[Iter 440/488] steps=901120 reward=554.66 pi_loss=-0.0722 vf_loss=34.9858 entropy=136.7349 kl=0.0344
  [Eval] mean_return=645.79 std_return=100.83
[Iter 441/488] steps=903168 reward=567.78 pi_loss=-0.0795 vf_loss=35.1454 entropy=136.7140 kl=0.0352
[Iter 442/488] steps=905216 reward=656.39 pi_loss=-0.0788 vf_loss=24.6166 entropy=137.1373 kl=0.0416
[Iter 443/488] steps=907264 reward=642.87 pi_loss=-0.0766 vf_loss=30.9303 entropy=136.4893 kl=0.0385
[Iter 444/488] steps=909312 reward=650.63 pi_loss=-0.0694 vf_loss=28.0560 entropy=136.9105 kl=0.0294
[Iter 445/488] steps=911360 reward=796.47 pi_loss=-0.0725 vf_loss=29.4257 entropy=136.7265 kl=0.0383
  [Eval] mean_return=629.54 std_return=327.33
[Iter 446/488] steps=913408 reward=804.45 pi_loss=-0.0716 vf_loss=31.7048 entropy=136.9553 kl=0.0353
[Iter 447/488] steps=915456 reward=647.88 pi_loss=-0.0718 vf_loss=37.6290 entropy=136.7457 kl=0.0301
[Iter 448/488] steps=917504 reward=736.90 pi_loss=-0.0657 vf_loss=29.9566 entropy=136.7742 kl=0.0351
[Iter 449/488] steps=919552 reward=585.76 pi_loss=-0.0663 vf_loss=31.8135 entropy=136.6610 kl=0.0312
[Iter 450/488] steps=921600 reward=768.26 pi_loss=-0.0684 vf_loss=41.2075 entropy=136.6597 kl=0.0225
  [Eval] mean_return=669.46 std_return=183.86
[Iter 451/488] steps=923648 reward=621.97 pi_loss=-0.0684 vf_loss=32.3162 entropy=136.8865 kl=0.0294
[Iter 452/488] steps=925696 reward=698.11 pi_loss=-0.0701 vf_loss=33.8596 entropy=136.6375 kl=0.0314
[Iter 453/488] steps=927744 reward=776.79 pi_loss=-0.0622 vf_loss=33.0757 entropy=136.7976 kl=0.0302
[Iter 454/488] steps=929792 reward=683.32 pi_loss=-0.0611 vf_loss=40.5953 entropy=136.8620 kl=0.0267
[Iter 455/488] steps=931840 reward=647.28 pi_loss=-0.0624 vf_loss=33.5491 entropy=136.6466 kl=0.0229
  [Eval] mean_return=594.39 std_return=233.17
[Iter 456/488] steps=933888 reward=723.69 pi_loss=-0.0639 vf_loss=32.1862 entropy=136.9558 kl=0.0269
[Iter 457/488] steps=935936 reward=666.59 pi_loss=-0.0598 vf_loss=35.0279 entropy=136.7336 kl=0.0237
[Iter 458/488] steps=937984 reward=674.56 pi_loss=-0.0613 vf_loss=59.5172 entropy=136.2977 kl=0.0229
[Iter 459/488] steps=940032 reward=834.59 pi_loss=-0.0587 vf_loss=47.1330 entropy=136.5038 kl=0.0243
  [Eval] mean_return=735.84 std_return=145.73
[Iter 460/488] steps=942080 reward=370.53 pi_loss=-0.0663 vf_loss=41.3598 entropy=136.6469 kl=0.0196
[Iter 461/488] steps=944128 reward=616.08 pi_loss=-0.0575 vf_loss=42.5188 entropy=136.6964 kl=0.0236
[Iter 462/488] steps=946176 reward=723.32 pi_loss=-0.0622 vf_loss=46.0345 entropy=136.3697 kl=0.0213
[Iter 463/488] steps=948224 reward=778.82 pi_loss=-0.0586 vf_loss=44.1515 entropy=136.6489 kl=0.0209
[Iter 464/488] steps=950272 reward=791.73 pi_loss=-0.0591 vf_loss=48.5461 entropy=136.4767 kl=0.0223
  [Eval] mean_return=713.60 std_return=59.45
[Iter 465/488] steps=952320 reward=769.85 pi_loss=-0.0651 vf_loss=46.0427 entropy=136.6696 kl=0.0279
[Iter 466/488] steps=954368 reward=832.02 pi_loss=-0.0609 vf_loss=40.5480 entropy=136.5892 kl=0.0226
[Iter 467/488] steps=956416 reward=733.49 pi_loss=-0.0644 vf_loss=43.6151 entropy=136.4946 kl=0.0219
[Iter 468/488] steps=958464 reward=689.35 pi_loss=-0.0551 vf_loss=64.3273 entropy=136.5811 kl=0.0161
[Iter 469/488] steps=960512 reward=1143.26 pi_loss=-0.0608 vf_loss=72.8790 entropy=136.8726 kl=0.0195
  [Eval] mean_return=660.91 std_return=229.21
[Iter 470/488] steps=962560 reward=811.12 pi_loss=-0.0586 vf_loss=38.5260 entropy=136.6764 kl=0.0245
[Iter 471/488] steps=964608 reward=647.57 pi_loss=-0.0532 vf_loss=45.4063 entropy=136.7206 kl=0.0227
[Iter 472/488] steps=966656 reward=717.42 pi_loss=-0.0524 vf_loss=33.7060 entropy=136.4975 kl=0.0221
[Iter 473/488] steps=968704 reward=674.03 pi_loss=-0.0491 vf_loss=37.8891 entropy=136.5395 kl=0.0177
[Iter 474/488] steps=970752 reward=634.04 pi_loss=-0.0496 vf_loss=35.5854 entropy=136.5572 kl=0.0197
  [Eval] mean_return=743.04 std_return=65.65
[Iter 475/488] steps=972800 reward=682.11 pi_loss=-0.0434 vf_loss=48.7119 entropy=136.4730 kl=0.0140
[Iter 476/488] steps=974848 reward=805.58 pi_loss=-0.0500 vf_loss=32.5918 entropy=136.5124 kl=0.0203
[Iter 477/488] steps=976896 reward=659.14 pi_loss=-0.0434 vf_loss=38.0561 entropy=136.5307 kl=0.0142
[Iter 478/488] steps=978944 reward=670.52 pi_loss=-0.0404 vf_loss=37.2329 entropy=136.5980 kl=0.0133
[Iter 479/488] steps=980992 reward=671.47 pi_loss=-0.0362 vf_loss=33.1960 entropy=136.5550 kl=0.0129
  [Eval] mean_return=716.83 std_return=118.73
[Iter 480/488] steps=983040 reward=811.43 pi_loss=-0.0332 vf_loss=107.7076 entropy=136.1758 kl=0.0076
[Iter 481/488] steps=985088 reward=619.39 pi_loss=-0.0391 vf_loss=40.4129 entropy=136.5839 kl=0.0127
[Iter 482/488] steps=987136 reward=822.36 pi_loss=-0.0311 vf_loss=45.8494 entropy=136.4213 kl=0.0100
[Iter 483/488] steps=989184 reward=728.46 pi_loss=-0.0320 vf_loss=33.4337 entropy=136.2154 kl=0.0107
[Iter 484/488] steps=991232 reward=803.65 pi_loss=-0.0317 vf_loss=46.5938 entropy=136.4252 kl=0.0088
  [Eval] mean_return=813.37 std_return=137.64
[Iter 485/488] steps=993280 reward=612.37 pi_loss=-0.0221 vf_loss=41.0813 entropy=135.9873 kl=0.0067
[Iter 486/488] steps=995328 reward=277.72 pi_loss=-0.0145 vf_loss=64.7471 entropy=136.2603 kl=0.0022
[Iter 487/488] steps=997376 reward=629.63 pi_loss=-0.0119 vf_loss=66.0764 entropy=136.1594 kl=0.0014
[Iter 488/488] steps=999424 reward=747.98 pi_loss=-0.0073 vf_loss=36.6519 entropy=136.3039 kl=0.0006
Training complete. Logs saved to results/K_ablation/K16_perstep_learned/seed_42
