[Iter 1/488] steps=2048 reward=-518.99 pi_loss=-0.0327 vf_loss=14.4246 entropy=136.8623 kl=0.0508
[Iter 2/488] steps=4096 reward=-439.77 pi_loss=-0.0300 vf_loss=10.2309 entropy=137.3996 kl=0.0597
[Iter 3/488] steps=6144 reward=-494.09 pi_loss=-0.0271 vf_loss=16.2270 entropy=137.1465 kl=0.0506
[Iter 4/488] steps=8192 reward=-306.33 pi_loss=-0.0334 vf_loss=14.9629 entropy=136.9004 kl=0.0582
[Iter 5/488] steps=10240 reward=-265.43 pi_loss=-0.0312 vf_loss=15.1114 entropy=136.9146 kl=0.0544
  [Eval] mean_return=-527.23 std_return=7.15
[Iter 6/488] steps=12288 reward=-684.99 pi_loss=-0.0380 vf_loss=16.3018 entropy=137.3843 kl=0.0639
[Iter 7/488] steps=14336 reward=-604.42 pi_loss=-0.0417 vf_loss=14.8275 entropy=136.9857 kl=0.0640
[Iter 8/488] steps=16384 reward=-485.64 pi_loss=-0.0442 vf_loss=10.4621 entropy=137.4481 kl=0.0741
[Iter 9/488] steps=18432 reward=-408.79 pi_loss=-0.0372 vf_loss=10.2353 entropy=137.0956 kl=0.0622
[Iter 10/488] steps=20480 reward=-653.68 pi_loss=-0.0411 vf_loss=12.8750 entropy=137.1369 kl=0.0729
  [Eval] mean_return=-598.73 std_return=1.70
[Iter 11/488] steps=22528 reward=-741.55 pi_loss=-0.0434 vf_loss=13.5224 entropy=137.5429 kl=0.0864
[Iter 12/488] steps=24576 reward=-654.58 pi_loss=-0.0440 vf_loss=12.5415 entropy=137.5404 kl=0.0921
[Iter 13/488] steps=26624 reward=-572.85 pi_loss=-0.0421 vf_loss=12.1556 entropy=137.8037 kl=0.0908
[Iter 14/488] steps=28672 reward=-532.71 pi_loss=-0.0441 vf_loss=12.4933 entropy=137.4667 kl=0.0845
[Iter 15/488] steps=30720 reward=-707.18 pi_loss=-0.0441 vf_loss=18.2805 entropy=137.8758 kl=0.0960
  [Eval] mean_return=-301.80 std_return=35.40
[Iter 16/488] steps=32768 reward=-686.60 pi_loss=-0.0410 vf_loss=18.0229 entropy=137.2297 kl=0.0721
[Iter 17/488] steps=34816 reward=-517.13 pi_loss=-0.0359 vf_loss=24.0820 entropy=137.1107 kl=0.0576
[Iter 18/488] steps=36864 reward=-449.95 pi_loss=-0.0465 vf_loss=12.0690 entropy=137.3712 kl=0.0698
[Iter 19/488] steps=38912 reward=-484.31 pi_loss=-0.0500 vf_loss=8.4682 entropy=137.7534 kl=0.0991
[Iter 20/488] steps=40960 reward=-596.83 pi_loss=-0.0527 vf_loss=8.2645 entropy=137.8160 kl=0.1040
  [Eval] mean_return=-449.00 std_return=21.46
[Iter 21/488] steps=43008 reward=-524.66 pi_loss=-0.0519 vf_loss=12.6130 entropy=137.5765 kl=0.0938
[Iter 22/488] steps=45056 reward=7.80 pi_loss=-0.0396 vf_loss=17.7454 entropy=137.2326 kl=0.0680
[Iter 23/488] steps=47104 reward=-230.41 pi_loss=-0.0409 vf_loss=18.7150 entropy=137.2217 kl=0.0775
[Iter 24/488] steps=49152 reward=-546.70 pi_loss=-0.0393 vf_loss=11.8924 entropy=137.4149 kl=0.0906
[Iter 25/488] steps=51200 reward=-602.96 pi_loss=-0.0421 vf_loss=8.3370 entropy=137.4696 kl=0.0992
  [Eval] mean_return=-598.52 std_return=0.71
[Iter 26/488] steps=53248 reward=-582.68 pi_loss=-0.0374 vf_loss=8.7969 entropy=137.9830 kl=0.0983
[Iter 27/488] steps=55296 reward=-500.75 pi_loss=-0.0414 vf_loss=9.7782 entropy=137.4145 kl=0.0897
[Iter 28/488] steps=57344 reward=-354.71 pi_loss=-0.0443 vf_loss=10.2821 entropy=137.4887 kl=0.0849
[Iter 29/488] steps=59392 reward=-348.27 pi_loss=-0.0543 vf_loss=8.8959 entropy=138.0614 kl=0.0997
[Iter 30/488] steps=61440 reward=-542.30 pi_loss=-0.0480 vf_loss=12.8167 entropy=137.8916 kl=0.0832
  [Eval] mean_return=-879.07 std_return=28.04
[Iter 31/488] steps=63488 reward=-848.93 pi_loss=-0.0481 vf_loss=19.2105 entropy=137.4997 kl=0.0861
[Iter 32/488] steps=65536 reward=-894.44 pi_loss=-0.0487 vf_loss=21.2830 entropy=137.7427 kl=0.0960
[Iter 33/488] steps=67584 reward=-683.41 pi_loss=-0.0427 vf_loss=16.2935 entropy=138.4062 kl=0.1306
[Iter 34/488] steps=69632 reward=-574.39 pi_loss=-0.0477 vf_loss=15.0825 entropy=137.6824 kl=0.1045
[Iter 35/488] steps=71680 reward=-546.81 pi_loss=-0.0477 vf_loss=15.3710 entropy=137.4594 kl=0.0929
  [Eval] mean_return=-550.06 std_return=27.35
[Iter 36/488] steps=73728 reward=-549.61 pi_loss=-0.0419 vf_loss=19.7515 entropy=137.7391 kl=0.0961
[Iter 37/488] steps=75776 reward=-482.85 pi_loss=-0.0426 vf_loss=19.0987 entropy=137.3155 kl=0.0800
[Iter 38/488] steps=77824 reward=-525.40 pi_loss=-0.0395 vf_loss=20.1881 entropy=137.3363 kl=0.0676
[Iter 39/488] steps=79872 reward=-296.78 pi_loss=-0.0418 vf_loss=13.7238 entropy=137.3661 kl=0.0731
[Iter 40/488] steps=81920 reward=-340.59 pi_loss=-0.0406 vf_loss=8.2653 entropy=137.6950 kl=0.0848
  [Eval] mean_return=-603.23 std_return=1.29
[Iter 41/488] steps=83968 reward=-510.96 pi_loss=-0.0411 vf_loss=7.7226 entropy=137.7367 kl=0.0934
[Iter 42/488] steps=86016 reward=-560.91 pi_loss=-0.0493 vf_loss=11.9198 entropy=137.2640 kl=0.0891
[Iter 43/488] steps=88064 reward=-498.41 pi_loss=-0.0422 vf_loss=10.5101 entropy=137.4315 kl=0.0765
[Iter 44/488] steps=90112 reward=-620.54 pi_loss=-0.0243 vf_loss=19.1976 entropy=137.2156 kl=0.0492
  [Eval] mean_return=-497.20 std_return=113.46
[Iter 45/488] steps=92160 reward=-567.63 pi_loss=-0.0322 vf_loss=21.0889 entropy=137.1279 kl=0.0504
[Iter 46/488] steps=94208 reward=-383.61 pi_loss=-0.0290 vf_loss=36.4974 entropy=137.1863 kl=0.0487
[Iter 47/488] steps=96256 reward=-630.69 pi_loss=-0.0295 vf_loss=32.7603 entropy=136.9634 kl=0.0522
[Iter 48/488] steps=98304 reward=-722.92 pi_loss=-0.0375 vf_loss=17.2715 entropy=137.4811 kl=0.0712
[Iter 49/488] steps=100352 reward=-625.29 pi_loss=-0.0347 vf_loss=17.0823 entropy=137.4627 kl=0.0777
  [Eval] mean_return=-575.93 std_return=2.39
[Iter 50/488] steps=102400 reward=-516.99 pi_loss=-0.0306 vf_loss=12.3434 entropy=137.5686 kl=0.0856
[Iter 51/488] steps=104448 reward=-391.96 pi_loss=-0.0356 vf_loss=10.5579 entropy=137.4311 kl=0.0857
[Iter 52/488] steps=106496 reward=-372.80 pi_loss=-0.0356 vf_loss=9.5186 entropy=137.6563 kl=0.0849
[Iter 53/488] steps=108544 reward=-386.40 pi_loss=-0.0403 vf_loss=9.2310 entropy=137.5013 kl=0.0860
[Iter 54/488] steps=110592 reward=-379.32 pi_loss=-0.0433 vf_loss=9.4875 entropy=137.4272 kl=0.0788
  [Eval] mean_return=-536.78 std_return=21.80
[Iter 55/488] steps=112640 reward=-384.78 pi_loss=-0.0477 vf_loss=10.8469 entropy=137.4934 kl=0.0856
[Iter 56/488] steps=114688 reward=-497.07 pi_loss=-0.0472 vf_loss=16.2764 entropy=137.1888 kl=0.0701
[Iter 57/488] steps=116736 reward=-668.30 pi_loss=-0.0457 vf_loss=19.9452 entropy=137.4973 kl=0.0738
[Iter 58/488] steps=118784 reward=-591.26 pi_loss=-0.0452 vf_loss=11.3777 entropy=137.1861 kl=0.0716
[Iter 59/488] steps=120832 reward=-491.01 pi_loss=-0.0476 vf_loss=13.5589 entropy=137.4504 kl=0.0793
  [Eval] mean_return=-607.43 std_return=61.21
[Iter 60/488] steps=122880 reward=-488.09 pi_loss=-0.0411 vf_loss=27.4804 entropy=137.4175 kl=0.0656
[Iter 61/488] steps=124928 reward=-622.26 pi_loss=-0.0463 vf_loss=11.5927 entropy=137.6982 kl=0.0920
[Iter 62/488] steps=126976 reward=-391.44 pi_loss=-0.0442 vf_loss=11.2006 entropy=137.8941 kl=0.0901
[Iter 63/488] steps=129024 reward=-267.81 pi_loss=-0.0389 vf_loss=10.9723 entropy=137.3282 kl=0.0790
[Iter 64/488] steps=131072 reward=-461.58 pi_loss=-0.0397 vf_loss=10.9445 entropy=137.6803 kl=0.0761
  [Eval] mean_return=-579.13 std_return=4.99
[Iter 65/488] steps=133120 reward=-471.40 pi_loss=-0.0353 vf_loss=11.3680 entropy=137.3207 kl=0.0775
[Iter 66/488] steps=135168 reward=-609.96 pi_loss=-0.0343 vf_loss=10.0271 entropy=137.5598 kl=0.0809
[Iter 67/488] steps=137216 reward=-615.69 pi_loss=-0.0360 vf_loss=9.7269 entropy=137.7862 kl=0.0919
[Iter 68/488] steps=139264 reward=-615.63 pi_loss=-0.0375 vf_loss=9.6083 entropy=137.7816 kl=0.0991
[Iter 69/488] steps=141312 reward=-608.01 pi_loss=-0.0381 vf_loss=10.0803 entropy=137.7521 kl=0.0959
  [Eval] mean_return=-602.03 std_return=0.66
[Iter 70/488] steps=143360 reward=-590.70 pi_loss=-0.0364 vf_loss=10.2729 entropy=137.7191 kl=0.0955
[Iter 71/488] steps=145408 reward=-517.71 pi_loss=-0.0434 vf_loss=13.3703 entropy=137.6238 kl=0.0939
[Iter 72/488] steps=147456 reward=-479.33 pi_loss=-0.0487 vf_loss=14.5351 entropy=137.6647 kl=0.0853
[Iter 73/488] steps=149504 reward=-600.42 pi_loss=-0.0475 vf_loss=11.5739 entropy=138.4913 kl=0.1248
[Iter 74/488] steps=151552 reward=-758.90 pi_loss=-0.0443 vf_loss=14.0792 entropy=138.3351 kl=0.1192
  [Eval] mean_return=-597.28 std_return=1.29
[Iter 75/488] steps=153600 reward=-684.83 pi_loss=-0.0466 vf_loss=13.3173 entropy=138.1964 kl=0.1205
[Iter 76/488] steps=155648 reward=-610.85 pi_loss=-0.0456 vf_loss=12.6942 entropy=138.0365 kl=0.1112
[Iter 77/488] steps=157696 reward=-596.46 pi_loss=-0.0469 vf_loss=12.5744 entropy=137.9063 kl=0.1057
[Iter 78/488] steps=159744 reward=-525.28 pi_loss=-0.0386 vf_loss=15.3438 entropy=137.5378 kl=0.0844
[Iter 79/488] steps=161792 reward=-507.35 pi_loss=-0.0401 vf_loss=12.7683 entropy=137.8250 kl=0.1029
  [Eval] mean_return=-600.09 std_return=0.98
[Iter 80/488] steps=163840 reward=-569.48 pi_loss=-0.0410 vf_loss=12.0008 entropy=137.7898 kl=0.0956
[Iter 81/488] steps=165888 reward=-600.31 pi_loss=-0.0392 vf_loss=12.1431 entropy=137.5912 kl=0.0966
[Iter 82/488] steps=167936 reward=-599.33 pi_loss=-0.0441 vf_loss=12.2228 entropy=137.9469 kl=0.0999
[Iter 83/488] steps=169984 reward=-600.66 pi_loss=-0.0438 vf_loss=12.3738 entropy=138.0961 kl=0.1050
[Iter 84/488] steps=172032 reward=-488.62 pi_loss=-0.0447 vf_loss=17.2799 entropy=137.8421 kl=0.0852
  [Eval] mean_return=-374.08 std_return=28.35
[Iter 85/488] steps=174080 reward=-457.08 pi_loss=-0.0479 vf_loss=12.9794 entropy=137.4460 kl=0.0819
[Iter 86/488] steps=176128 reward=-460.70 pi_loss=-0.0515 vf_loss=15.8910 entropy=137.4352 kl=0.0843
[Iter 87/488] steps=178176 reward=-325.95 pi_loss=-0.0431 vf_loss=24.4364 entropy=137.3941 kl=0.0663
[Iter 88/488] steps=180224 reward=-413.32 pi_loss=-0.0480 vf_loss=15.5964 entropy=137.3388 kl=0.0776
  [Eval] mean_return=-599.59 std_return=2.15
[Iter 89/488] steps=182272 reward=-549.98 pi_loss=-0.0480 vf_loss=7.1047 entropy=138.0478 kl=0.1151
[Iter 90/488] steps=184320 reward=-478.05 pi_loss=-0.0520 vf_loss=10.1439 entropy=138.1239 kl=0.1129
[Iter 91/488] steps=186368 reward=-684.60 pi_loss=-0.0526 vf_loss=13.7204 entropy=138.1927 kl=0.1025
[Iter 92/488] steps=188416 reward=-680.00 pi_loss=-0.0546 vf_loss=13.8860 entropy=138.1236 kl=0.1207
[Iter 93/488] steps=190464 reward=-584.89 pi_loss=-0.0527 vf_loss=13.4245 entropy=137.9207 kl=0.1288
  [Eval] mean_return=-853.69 std_return=37.62
[Iter 94/488] steps=192512 reward=-782.89 pi_loss=-0.0464 vf_loss=19.0052 entropy=137.9860 kl=0.1103
[Iter 95/488] steps=194560 reward=-842.40 pi_loss=-0.0444 vf_loss=25.9397 entropy=137.6826 kl=0.0814
[Iter 96/488] steps=196608 reward=-711.83 pi_loss=-0.0536 vf_loss=16.7426 entropy=138.2054 kl=0.1165
[Iter 97/488] steps=198656 reward=-466.27 pi_loss=-0.0441 vf_loss=15.4896 entropy=137.7109 kl=0.1000
[Iter 98/488] steps=200704 reward=-389.55 pi_loss=-0.0467 vf_loss=17.5028 entropy=137.4612 kl=0.0970
  [Eval] mean_return=-600.83 std_return=2.19
[Iter 99/488] steps=202752 reward=-492.64 pi_loss=-0.0490 vf_loss=13.2330 entropy=138.1099 kl=0.1208
[Iter 100/488] steps=204800 reward=-598.12 pi_loss=-0.0482 vf_loss=12.5357 entropy=138.7969 kl=0.1402
[Iter 101/488] steps=206848 reward=-456.03 pi_loss=-0.0358 vf_loss=14.3347 entropy=137.5973 kl=0.0907
[Iter 102/488] steps=208896 reward=-242.48 pi_loss=-0.0384 vf_loss=19.3917 entropy=137.2362 kl=0.0651
[Iter 103/488] steps=210944 reward=-393.65 pi_loss=-0.0429 vf_loss=20.7294 entropy=137.5512 kl=0.0805
  [Eval] mean_return=-844.40 std_return=28.54
[Iter 104/488] steps=212992 reward=-771.36 pi_loss=-0.0449 vf_loss=16.1357 entropy=137.9756 kl=0.1202
[Iter 105/488] steps=215040 reward=-710.39 pi_loss=-0.0528 vf_loss=17.2312 entropy=138.4945 kl=0.1362
[Iter 106/488] steps=217088 reward=-598.56 pi_loss=-0.0517 vf_loss=12.6204 entropy=138.4094 kl=0.1223
[Iter 107/488] steps=219136 reward=-542.92 pi_loss=-0.0539 vf_loss=12.1087 entropy=138.0328 kl=0.1160
[Iter 108/488] steps=221184 reward=-371.44 pi_loss=-0.0472 vf_loss=21.2197 entropy=137.4813 kl=0.0755
  [Eval] mean_return=-464.11 std_return=20.47
[Iter 109/488] steps=223232 reward=-473.83 pi_loss=-0.0502 vf_loss=13.7497 entropy=137.7202 kl=0.0970
[Iter 110/488] steps=225280 reward=-582.59 pi_loss=-0.0559 vf_loss=12.2420 entropy=138.1323 kl=0.1129
[Iter 111/488] steps=227328 reward=-535.51 pi_loss=-0.0495 vf_loss=13.3872 entropy=138.0339 kl=0.0982
[Iter 112/488] steps=229376 reward=-541.92 pi_loss=-0.0493 vf_loss=13.0869 entropy=138.1866 kl=0.0989
[Iter 113/488] steps=231424 reward=-587.00 pi_loss=-0.0468 vf_loss=19.2118 entropy=137.5303 kl=0.0843
  [Eval] mean_return=-465.14 std_return=30.43
[Iter 114/488] steps=233472 reward=-434.32 pi_loss=-0.0518 vf_loss=16.9356 entropy=137.9072 kl=0.0973
[Iter 115/488] steps=235520 reward=-468.56 pi_loss=-0.0541 vf_loss=13.3653 entropy=138.0931 kl=0.1227
[Iter 116/488] steps=237568 reward=-588.22 pi_loss=-0.0528 vf_loss=13.2389 entropy=138.1735 kl=0.1279
[Iter 117/488] steps=239616 reward=-683.37 pi_loss=-0.0556 vf_loss=14.9384 entropy=137.9883 kl=0.1179
[Iter 118/488] steps=241664 reward=-633.14 pi_loss=-0.0626 vf_loss=13.8900 entropy=138.5786 kl=0.1341
  [Eval] mean_return=-668.02 std_return=20.53
[Iter 119/488] steps=243712 reward=-672.77 pi_loss=-0.0545 vf_loss=18.4766 entropy=138.4279 kl=0.1295
[Iter 120/488] steps=245760 reward=-813.13 pi_loss=-0.0507 vf_loss=21.9007 entropy=137.9051 kl=0.1015
[Iter 121/488] steps=247808 reward=-738.58 pi_loss=-0.0530 vf_loss=22.0629 entropy=138.0048 kl=0.1038
[Iter 122/488] steps=249856 reward=-643.15 pi_loss=-0.0497 vf_loss=20.8641 entropy=137.8313 kl=0.0994
[Iter 123/488] steps=251904 reward=-477.70 pi_loss=-0.0463 vf_loss=20.0723 entropy=137.5800 kl=0.0817
  [Eval] mean_return=-597.83 std_return=7.64
[Iter 124/488] steps=253952 reward=-539.65 pi_loss=-0.0476 vf_loss=18.1685 entropy=137.4501 kl=0.0833
[Iter 125/488] steps=256000 reward=-694.31 pi_loss=-0.0478 vf_loss=24.1702 entropy=137.8056 kl=0.0922
[Iter 126/488] steps=258048 reward=-998.11 pi_loss=-0.0422 vf_loss=20.3388 entropy=138.3057 kl=0.1165
[Iter 127/488] steps=260096 reward=-1016.89 pi_loss=-0.0428 vf_loss=22.6226 entropy=137.9728 kl=0.1046
  [Eval] mean_return=-630.37 std_return=27.33
[Iter 128/488] steps=262144 reward=-845.64 pi_loss=-0.0442 vf_loss=22.1891 entropy=137.9280 kl=0.0964
[Iter 129/488] steps=264192 reward=-612.54 pi_loss=-0.0429 vf_loss=17.5562 entropy=137.8958 kl=0.1067
[Iter 130/488] steps=266240 reward=-560.28 pi_loss=-0.0426 vf_loss=17.2751 entropy=137.8041 kl=0.0943
[Iter 131/488] steps=268288 reward=-509.19 pi_loss=-0.0399 vf_loss=16.1342 entropy=137.7538 kl=0.0930
[Iter 132/488] steps=270336 reward=-670.48 pi_loss=-0.0414 vf_loss=16.6940 entropy=137.8486 kl=0.0908
  [Eval] mean_return=-730.41 std_return=15.37
[Iter 133/488] steps=272384 reward=-776.52 pi_loss=-0.0393 vf_loss=21.6341 entropy=137.7094 kl=0.0800
[Iter 134/488] steps=274432 reward=-830.80 pi_loss=-0.0324 vf_loss=34.9802 entropy=137.0858 kl=0.0588
[Iter 135/488] steps=276480 reward=-586.95 pi_loss=-0.0365 vf_loss=30.1592 entropy=137.0516 kl=0.0609
[Iter 136/488] steps=278528 reward=-555.56 pi_loss=-0.0421 vf_loss=10.3544 entropy=138.1531 kl=0.1032
[Iter 137/488] steps=280576 reward=-554.07 pi_loss=-0.0450 vf_loss=15.7485 entropy=137.6805 kl=0.0910
  [Eval] mean_return=-558.13 std_return=11.52
[Iter 138/488] steps=282624 reward=-526.00 pi_loss=-0.0428 vf_loss=12.8686 entropy=137.1080 kl=0.0686
[Iter 139/488] steps=284672 reward=-451.76 pi_loss=-0.0347 vf_loss=22.8292 entropy=137.2485 kl=0.0591
[Iter 140/488] steps=286720 reward=-631.51 pi_loss=-0.0412 vf_loss=8.7862 entropy=137.5631 kl=0.0697
[Iter 141/488] steps=288768 reward=-557.57 pi_loss=-0.0404 vf_loss=16.6255 entropy=137.2541 kl=0.0775
[Iter 142/488] steps=290816 reward=-672.92 pi_loss=-0.0379 vf_loss=19.9983 entropy=137.5154 kl=0.0834
  [Eval] mean_return=-603.95 std_return=2.06
[Iter 143/488] steps=292864 reward=-604.40 pi_loss=-0.0420 vf_loss=21.3697 entropy=137.2249 kl=0.0671
[Iter 144/488] steps=294912 reward=-83.19 pi_loss=-0.0297 vf_loss=32.3974 entropy=137.1750 kl=0.0522
[Iter 145/488] steps=296960 reward=-4.05 pi_loss=-0.0297 vf_loss=41.6676 entropy=137.0542 kl=0.0514
[Iter 146/488] steps=299008 reward=-319.47 pi_loss=-0.0339 vf_loss=13.3959 entropy=137.5013 kl=0.0741
[Iter 147/488] steps=301056 reward=-602.45 pi_loss=-0.0289 vf_loss=6.7555 entropy=137.7694 kl=0.0972
  [Eval] mean_return=-600.69 std_return=0.74
[Iter 148/488] steps=303104 reward=-601.07 pi_loss=-0.0291 vf_loss=7.6435 entropy=137.4877 kl=0.0840
[Iter 149/488] steps=305152 reward=-605.26 pi_loss=-0.0306 vf_loss=8.5107 entropy=137.5768 kl=0.0818
[Iter 150/488] steps=307200 reward=-617.56 pi_loss=-0.0350 vf_loss=9.4059 entropy=137.3675 kl=0.0817
[Iter 151/488] steps=309248 reward=-603.72 pi_loss=-0.0315 vf_loss=9.9416 entropy=137.4753 kl=0.0861
[Iter 152/488] steps=311296 reward=-599.77 pi_loss=-0.0312 vf_loss=10.3072 entropy=137.3961 kl=0.0842
  [Eval] mean_return=-600.98 std_return=1.07
[Iter 153/488] steps=313344 reward=-601.74 pi_loss=-0.0343 vf_loss=10.6584 entropy=137.6414 kl=0.0902
[Iter 154/488] steps=315392 reward=-600.52 pi_loss=-0.0346 vf_loss=11.0374 entropy=137.6373 kl=0.0857
[Iter 155/488] steps=317440 reward=-599.80 pi_loss=-0.0326 vf_loss=11.2989 entropy=137.6604 kl=0.0944
[Iter 156/488] steps=319488 reward=-600.82 pi_loss=-0.0337 vf_loss=11.5130 entropy=137.6241 kl=0.0968
[Iter 157/488] steps=321536 reward=-601.34 pi_loss=-0.0372 vf_loss=11.7293 entropy=137.7491 kl=0.1076
  [Eval] mean_return=-600.75 std_return=0.82
[Iter 158/488] steps=323584 reward=-600.50 pi_loss=-0.0428 vf_loss=11.8194 entropy=138.0906 kl=0.1084
[Iter 159/488] steps=325632 reward=-601.56 pi_loss=-0.0443 vf_loss=11.9429 entropy=137.8968 kl=0.1095
[Iter 160/488] steps=327680 reward=-595.44 pi_loss=-0.0491 vf_loss=11.9234 entropy=138.4005 kl=0.1422
[Iter 161/488] steps=329728 reward=-526.50 pi_loss=-0.0192 vf_loss=24.0386 entropy=137.1129 kl=0.0638
[Iter 162/488] steps=331776 reward=-277.07 pi_loss=-0.0369 vf_loss=28.4947 entropy=137.1766 kl=0.0674
  [Eval] mean_return=155.86 std_return=76.26
[Iter 163/488] steps=333824 reward=127.69 pi_loss=-0.0349 vf_loss=19.4018 entropy=137.3792 kl=0.0721
[Iter 164/488] steps=335872 reward=128.47 pi_loss=-0.0322 vf_loss=13.1089 entropy=137.6751 kl=0.0751
[Iter 165/488] steps=337920 reward=-194.69 pi_loss=-0.0429 vf_loss=4.4283 entropy=137.9752 kl=0.1089
[Iter 166/488] steps=339968 reward=-491.85 pi_loss=-0.0520 vf_loss=4.5451 entropy=138.1889 kl=0.1299
[Iter 167/488] steps=342016 reward=-593.16 pi_loss=-0.0538 vf_loss=7.7913 entropy=138.4170 kl=0.1371
  [Eval] mean_return=-602.87 std_return=0.99
[Iter 168/488] steps=344064 reward=-603.06 pi_loss=-0.0526 vf_loss=6.3115 entropy=137.9026 kl=0.1174
[Iter 169/488] steps=346112 reward=-831.06 pi_loss=-0.0197 vf_loss=18.6796 entropy=137.7458 kl=0.0966
[Iter 170/488] steps=348160 reward=-752.60 pi_loss=-0.0467 vf_loss=17.2885 entropy=137.9729 kl=0.1137
[Iter 171/488] steps=350208 reward=-565.10 pi_loss=-0.0451 vf_loss=15.4355 entropy=138.2725 kl=0.1224
  [Eval] mean_return=-594.59 std_return=1.22
[Iter 172/488] steps=352256 reward=-560.38 pi_loss=-0.0509 vf_loss=10.4693 entropy=138.0088 kl=0.1177
[Iter 173/488] steps=354304 reward=-590.93 pi_loss=-0.0461 vf_loss=10.5472 entropy=137.9601 kl=0.1231
[Iter 174/488] steps=356352 reward=-594.97 pi_loss=-0.0497 vf_loss=10.9614 entropy=138.2468 kl=0.1258
[Iter 175/488] steps=358400 reward=-593.87 pi_loss=-0.0484 vf_loss=11.2111 entropy=138.0356 kl=0.1128
[Iter 176/488] steps=360448 reward=-596.45 pi_loss=-0.0527 vf_loss=11.4354 entropy=137.8202 kl=0.1193
  [Eval] mean_return=-596.99 std_return=1.63
[Iter 177/488] steps=362496 reward=-591.00 pi_loss=-0.0485 vf_loss=11.5372 entropy=138.3839 kl=0.1246
[Iter 178/488] steps=364544 reward=-648.28 pi_loss=-0.0429 vf_loss=14.5562 entropy=138.2312 kl=0.0940
[Iter 179/488] steps=366592 reward=-437.25 pi_loss=-0.0465 vf_loss=13.1580 entropy=137.6165 kl=0.0891
[Iter 180/488] steps=368640 reward=-300.76 pi_loss=-0.0473 vf_loss=7.1313 entropy=137.9018 kl=0.1056
[Iter 181/488] steps=370688 reward=-338.48 pi_loss=-0.0492 vf_loss=6.9457 entropy=137.9877 kl=0.1159
  [Eval] mean_return=-597.38 std_return=0.73
[Iter 182/488] steps=372736 reward=-477.64 pi_loss=-0.0490 vf_loss=6.6267 entropy=138.2522 kl=0.1253
[Iter 183/488] steps=374784 reward=-557.53 pi_loss=-0.0496 vf_loss=7.1404 entropy=138.2768 kl=0.1193
[Iter 184/488] steps=376832 reward=-595.05 pi_loss=-0.0478 vf_loss=7.9398 entropy=138.2959 kl=0.1231
[Iter 185/488] steps=378880 reward=-594.25 pi_loss=-0.0537 vf_loss=8.5588 entropy=138.1217 kl=0.1220
[Iter 186/488] steps=380928 reward=-596.21 pi_loss=-0.0478 vf_loss=9.3418 entropy=138.1408 kl=0.1218
  [Eval] mean_return=-597.56 std_return=0.64
[Iter 187/488] steps=382976 reward=-597.96 pi_loss=-0.0460 vf_loss=9.8896 entropy=138.1696 kl=0.1240
[Iter 188/488] steps=385024 reward=-597.82 pi_loss=-0.0445 vf_loss=15.1276 entropy=138.1157 kl=0.1249
[Iter 189/488] steps=387072 reward=-598.52 pi_loss=-0.0436 vf_loss=10.6011 entropy=138.5809 kl=0.1208
[Iter 190/488] steps=389120 reward=-598.07 pi_loss=-0.0433 vf_loss=10.9434 entropy=138.3429 kl=0.1297
[Iter 191/488] steps=391168 reward=-597.58 pi_loss=-0.0417 vf_loss=11.2074 entropy=138.4324 kl=0.1461
  [Eval] mean_return=-597.26 std_return=0.83
[Iter 192/488] steps=393216 reward=-598.56 pi_loss=-0.0398 vf_loss=11.4263 entropy=138.5071 kl=0.1364
[Iter 193/488] steps=395264 reward=-582.87 pi_loss=-0.0365 vf_loss=11.6079 entropy=138.5901 kl=0.1422
[Iter 194/488] steps=397312 reward=-546.18 pi_loss=-0.0340 vf_loss=12.4435 entropy=138.7622 kl=0.1500
[Iter 195/488] steps=399360 reward=-548.01 pi_loss=-0.0401 vf_loss=11.8626 entropy=138.6968 kl=0.1509
[Iter 196/488] steps=401408 reward=-570.00 pi_loss=-0.0419 vf_loss=11.4434 entropy=140.6630 kl=0.2880
  [Eval] mean_return=-596.14 std_return=1.28
[Iter 197/488] steps=403456 reward=-581.64 pi_loss=-0.0399 vf_loss=11.4228 entropy=156.2283 kl=1.0746
[Iter 198/488] steps=405504 reward=-604.08 pi_loss=-0.0974 vf_loss=10.5385 entropy=1848.8381 kl=7.9869
[Iter 199/488] steps=407552 reward=-480.04 pi_loss=-0.1458 vf_loss=10.5264 entropy=1633.1290 kl=7.6589
[Iter 200/488] steps=409600 reward=-510.93 pi_loss=-0.1215 vf_loss=12.3296 entropy=928.5309 kl=6.8428
[Iter 201/488] steps=411648 reward=-479.40 pi_loss=-0.1181 vf_loss=11.3801 entropy=1740.1163 kl=8.2476
  [Eval] mean_return=-475.44 std_return=13.60
[Iter 202/488] steps=413696 reward=-486.46 pi_loss=-0.1466 vf_loss=9.1889 entropy=1536.5648 kl=7.3999
[Iter 203/488] steps=415744 reward=-471.18 pi_loss=-0.1135 vf_loss=8.9789 entropy=1778.4930 kl=8.0006
[Iter 204/488] steps=417792 reward=-485.25 pi_loss=0.0087 vf_loss=8.7013 entropy=927.5203 kl=5.9590
[Iter 205/488] steps=419840 reward=-539.00 pi_loss=-0.1552 vf_loss=9.0925 entropy=980.4088 kl=6.4564
[Iter 206/488] steps=421888 reward=-577.89 pi_loss=-0.1272 vf_loss=9.4333 entropy=725.5629 kl=5.6865
  [Eval] mean_return=-601.30 std_return=0.72
[Iter 207/488] steps=423936 reward=-602.08 pi_loss=-0.1394 vf_loss=10.2771 entropy=918.6404 kl=6.1658
[Iter 208/488] steps=425984 reward=-602.74 pi_loss=-0.1115 vf_loss=10.5692 entropy=693.8859 kl=4.6093
[Iter 209/488] steps=428032 reward=-601.58 pi_loss=-0.1025 vf_loss=15.4953 entropy=547.2609 kl=4.0687
[Iter 210/488] steps=430080 reward=-601.22 pi_loss=-0.0663 vf_loss=11.1166 entropy=738.5466 kl=5.4331
  [Eval] mean_return=-600.44 std_return=0.52
[Iter 211/488] steps=432128 reward=-599.31 pi_loss=-0.0924 vf_loss=11.3277 entropy=1078.1031 kl=6.2939
[Iter 212/488] steps=434176 reward=-601.37 pi_loss=-0.1663 vf_loss=11.4906 entropy=1134.6625 kl=6.5110
[Iter 213/488] steps=436224 reward=-600.03 pi_loss=-0.1389 vf_loss=11.6592 entropy=1107.2839 kl=7.0586
[Iter 214/488] steps=438272 reward=-601.17 pi_loss=-0.1458 vf_loss=11.8027 entropy=1403.5280 kl=6.2571
[Iter 215/488] steps=440320 reward=-600.46 pi_loss=-0.1320 vf_loss=11.9199 entropy=1155.1174 kl=5.6318
  [Eval] mean_return=-601.01 std_return=0.73
[Iter 216/488] steps=442368 reward=-600.17 pi_loss=-0.1253 vf_loss=11.8914 entropy=1324.2511 kl=7.1715
[Iter 217/488] steps=444416 reward=-599.74 pi_loss=0.0111 vf_loss=12.0246 entropy=193.9908 kl=1.0828
[Iter 218/488] steps=446464 reward=-598.93 pi_loss=-0.0986 vf_loss=12.1114 entropy=1058.6643 kl=5.9378
[Iter 219/488] steps=448512 reward=-601.03 pi_loss=-0.1365 vf_loss=12.1121 entropy=1042.4488 kl=6.3405
[Iter 220/488] steps=450560 reward=-600.76 pi_loss=-0.1489 vf_loss=12.1945 entropy=1309.3432 kl=8.1062
  [Eval] mean_return=-599.93 std_return=1.20
[Iter 221/488] steps=452608 reward=-600.17 pi_loss=-0.1515 vf_loss=12.2410 entropy=1205.4087 kl=8.2869
[Iter 222/488] steps=454656 reward=-600.65 pi_loss=-0.1553 vf_loss=12.2743 entropy=1383.8835 kl=7.9953
[Iter 223/488] steps=456704 reward=-601.31 pi_loss=-0.1209 vf_loss=12.3116 entropy=931.8148 kl=6.7619
[Iter 224/488] steps=458752 reward=-601.64 pi_loss=-0.0557 vf_loss=12.3399 entropy=1224.8682 kl=8.3152
[Iter 225/488] steps=460800 reward=-590.82 pi_loss=-0.1453 vf_loss=12.4833 entropy=1881.9152 kl=8.2805
  [Eval] mean_return=-579.35 std_return=2.21
[Iter 226/488] steps=462848 reward=-585.94 pi_loss=-0.1456 vf_loss=12.4095 entropy=957.8135 kl=6.2999
[Iter 227/488] steps=464896 reward=-581.64 pi_loss=0.0158 vf_loss=12.2847 entropy=137.9686 kl=0.0916
[Iter 228/488] steps=466944 reward=-582.20 pi_loss=0.0047 vf_loss=12.2478 entropy=137.5205 kl=0.0826
[Iter 229/488] steps=468992 reward=-582.68 pi_loss=0.0049 vf_loss=12.1618 entropy=137.2522 kl=0.0735
[Iter 230/488] steps=471040 reward=-584.27 pi_loss=0.0043 vf_loss=15.9441 entropy=137.4695 kl=0.0811
  [Eval] mean_return=-590.15 std_return=1.30
[Iter 231/488] steps=473088 reward=-585.94 pi_loss=0.0007 vf_loss=12.1337 entropy=137.6941 kl=0.0916
[Iter 232/488] steps=475136 reward=-587.89 pi_loss=-0.0117 vf_loss=12.1406 entropy=137.7086 kl=0.0961
[Iter 233/488] steps=477184 reward=-598.05 pi_loss=-0.0312 vf_loss=12.2073 entropy=139.0844 kl=0.1858
[Iter 234/488] steps=479232 reward=-601.11 pi_loss=-0.0397 vf_loss=12.2689 entropy=142.7460 kl=0.3861
[Iter 235/488] steps=481280 reward=-327.88 pi_loss=0.0005 vf_loss=18.8828 entropy=138.1389 kl=0.1205
  [Eval] mean_return=-515.42 std_return=90.81
[Iter 236/488] steps=483328 reward=-338.77 pi_loss=-0.0067 vf_loss=19.3431 entropy=138.0675 kl=0.1069
[Iter 237/488] steps=485376 reward=-501.70 pi_loss=-0.0213 vf_loss=17.8005 entropy=138.5409 kl=0.1362
[Iter 238/488] steps=487424 reward=-537.13 pi_loss=-0.0302 vf_loss=12.6726 entropy=139.0759 kl=0.1854
[Iter 239/488] steps=489472 reward=-570.76 pi_loss=-0.0343 vf_loss=11.6286 entropy=139.2943 kl=0.1832
[Iter 240/488] steps=491520 reward=-552.37 pi_loss=-0.0403 vf_loss=11.3939 entropy=139.1674 kl=0.1878
  [Eval] mean_return=-572.29 std_return=2.82
[Iter 241/488] steps=493568 reward=-547.96 pi_loss=-0.0335 vf_loss=11.4793 entropy=139.3977 kl=0.1908
[Iter 242/488] steps=495616 reward=-579.82 pi_loss=-0.0418 vf_loss=11.4634 entropy=138.8749 kl=0.1580
[Iter 243/488] steps=497664 reward=-511.50 pi_loss=-0.0338 vf_loss=11.5028 entropy=139.2630 kl=0.1755
[Iter 244/488] steps=499712 reward=-278.21 pi_loss=-0.0320 vf_loss=8.4883 entropy=138.9769 kl=0.1647
[Iter 245/488] steps=501760 reward=-294.60 pi_loss=-0.0361 vf_loss=11.4283 entropy=138.4794 kl=0.1473
  [Eval] mean_return=-600.57 std_return=1.44
[Iter 246/488] steps=503808 reward=-565.52 pi_loss=-0.0426 vf_loss=9.4999 entropy=138.8482 kl=0.1632
[Iter 247/488] steps=505856 reward=-595.57 pi_loss=-0.0421 vf_loss=8.3127 entropy=140.7081 kl=0.2722
[Iter 248/488] steps=507904 reward=-600.23 pi_loss=-0.0480 vf_loss=8.9215 entropy=143.8327 kl=0.4504
[Iter 249/488] steps=509952 reward=-585.61 pi_loss=-0.0286 vf_loss=9.6974 entropy=139.6596 kl=0.2091
[Iter 250/488] steps=512000 reward=-625.80 pi_loss=-0.0258 vf_loss=20.2488 entropy=138.1712 kl=0.1263
  [Eval] mean_return=-626.15 std_return=5.27
[Iter 251/488] steps=514048 reward=-701.57 pi_loss=-0.0474 vf_loss=14.2074 entropy=138.6179 kl=0.1576
[Iter 252/488] steps=516096 reward=-605.28 pi_loss=-0.0456 vf_loss=13.8048 entropy=139.4759 kl=0.2039
[Iter 253/488] steps=518144 reward=-603.11 pi_loss=-0.0372 vf_loss=13.5496 entropy=138.8648 kl=0.1601
[Iter 254/488] steps=520192 reward=-596.47 pi_loss=-0.0391 vf_loss=13.2613 entropy=138.3131 kl=0.1340
  [Eval] mean_return=-594.95 std_return=1.11
[Iter 255/488] steps=522240 reward=-596.65 pi_loss=-0.0422 vf_loss=13.1307 entropy=138.8707 kl=0.1550
[Iter 256/488] steps=524288 reward=-595.31 pi_loss=-0.0352 vf_loss=13.0348 entropy=138.7919 kl=0.1674
[Iter 257/488] steps=526336 reward=-596.62 pi_loss=-0.0527 vf_loss=12.9467 entropy=147.5533 kl=0.6670
[Iter 258/488] steps=528384 reward=-594.79 pi_loss=0.0147 vf_loss=12.9005 entropy=138.1395 kl=0.1302
[Iter 259/488] steps=530432 reward=-596.07 pi_loss=-0.0161 vf_loss=12.8371 entropy=138.5674 kl=0.1380
  [Eval] mean_return=-595.32 std_return=1.39
[Iter 260/488] steps=532480 reward=-595.01 pi_loss=-0.0229 vf_loss=12.8155 entropy=139.1235 kl=0.1796
[Iter 261/488] steps=534528 reward=-596.61 pi_loss=-0.0179 vf_loss=12.7127 entropy=138.5159 kl=0.1474
[Iter 262/488] steps=536576 reward=-596.46 pi_loss=-0.0132 vf_loss=12.6597 entropy=139.0969 kl=0.1715
[Iter 263/488] steps=538624 reward=-595.42 pi_loss=-0.0389 vf_loss=12.6324 entropy=301.9260 kl=1.8040
[Iter 264/488] steps=540672 reward=-594.05 pi_loss=-0.0749 vf_loss=12.6894 entropy=619.2492 kl=4.6985
  [Eval] mean_return=-595.55 std_return=1.78
[Iter 265/488] steps=542720 reward=-595.97 pi_loss=-0.1231 vf_loss=12.5762 entropy=1051.2600 kl=6.3413
[Iter 266/488] steps=544768 reward=-594.44 pi_loss=-0.1415 vf_loss=12.5731 entropy=1446.2591 kl=7.0260
[Iter 267/488] steps=546816 reward=-595.56 pi_loss=-0.0746 vf_loss=12.4860 entropy=760.7417 kl=4.9190
[Iter 268/488] steps=548864 reward=-594.45 pi_loss=-0.1525 vf_loss=12.5219 entropy=1270.6406 kl=7.1851
[Iter 269/488] steps=550912 reward=-594.25 pi_loss=-0.1460 vf_loss=12.4547 entropy=1608.6123 kl=7.2242
  [Eval] mean_return=-594.53 std_return=1.02
[Iter 270/488] steps=552960 reward=-594.37 pi_loss=0.0272 vf_loss=12.4738 entropy=138.5790 kl=0.1435
[Iter 271/488] steps=555008 reward=-595.59 pi_loss=0.0114 vf_loss=18.4205 entropy=138.0996 kl=0.1200
[Iter 272/488] steps=557056 reward=-595.77 pi_loss=0.0100 vf_loss=12.3768 entropy=138.3202 kl=0.1250
[Iter 273/488] steps=559104 reward=-595.37 pi_loss=0.0080 vf_loss=12.4935 entropy=138.0515 kl=0.1121
[Iter 274/488] steps=561152 reward=-595.81 pi_loss=0.0086 vf_loss=12.5616 entropy=138.1608 kl=0.1156
  [Eval] mean_return=-595.15 std_return=1.40
[Iter 275/488] steps=563200 reward=-594.05 pi_loss=0.0107 vf_loss=12.6444 entropy=137.9892 kl=0.1179
[Iter 276/488] steps=565248 reward=-595.12 pi_loss=0.0092 vf_loss=12.6852 entropy=138.0878 kl=0.1049
[Iter 277/488] steps=567296 reward=-595.42 pi_loss=0.0111 vf_loss=12.7551 entropy=138.2397 kl=0.1316
[Iter 278/488] steps=569344 reward=-595.06 pi_loss=0.0068 vf_loss=12.8435 entropy=137.6311 kl=0.1038
[Iter 279/488] steps=571392 reward=-595.94 pi_loss=0.0095 vf_loss=12.8390 entropy=138.1537 kl=0.1200
  [Eval] mean_return=-595.66 std_return=1.43
[Iter 280/488] steps=573440 reward=-595.23 pi_loss=0.0065 vf_loss=12.8393 entropy=137.6833 kl=0.0989
[Iter 281/488] steps=575488 reward=-595.02 pi_loss=0.0095 vf_loss=12.8341 entropy=138.1959 kl=0.1170
[Iter 282/488] steps=577536 reward=-594.72 pi_loss=0.0057 vf_loss=12.8493 entropy=137.6966 kl=0.0975
[Iter 283/488] steps=579584 reward=-595.79 pi_loss=0.0088 vf_loss=12.8745 entropy=138.2318 kl=0.1173
[Iter 284/488] steps=581632 reward=-594.98 pi_loss=0.0067 vf_loss=12.8943 entropy=137.9811 kl=0.1088
  [Eval] mean_return=-594.71 std_return=1.23
[Iter 285/488] steps=583680 reward=-595.98 pi_loss=0.0064 vf_loss=12.9053 entropy=137.9536 kl=0.1021
[Iter 286/488] steps=585728 reward=-593.83 pi_loss=0.0085 vf_loss=12.9114 entropy=138.2499 kl=0.1252
[Iter 287/488] steps=587776 reward=-595.99 pi_loss=0.0092 vf_loss=12.9253 entropy=137.9740 kl=0.1050
[Iter 288/488] steps=589824 reward=-595.96 pi_loss=0.0099 vf_loss=12.9636 entropy=137.8968 kl=0.1115
[Iter 289/488] steps=591872 reward=-593.97 pi_loss=0.0060 vf_loss=12.9384 entropy=137.9563 kl=0.1031
  [Eval] mean_return=-595.37 std_return=1.00
[Iter 290/488] steps=593920 reward=-597.37 pi_loss=0.0067 vf_loss=12.9156 entropy=137.8761 kl=0.1046
[Iter 291/488] steps=595968 reward=-595.18 pi_loss=0.0026 vf_loss=12.9137 entropy=137.6983 kl=0.0957
[Iter 292/488] steps=598016 reward=-596.71 pi_loss=0.0047 vf_loss=18.9676 entropy=137.7656 kl=0.0926
[Iter 293/488] steps=600064 reward=-596.48 pi_loss=-0.0034 vf_loss=12.7148 entropy=137.9132 kl=0.1008
  [Eval] mean_return=-595.55 std_return=2.36
[Iter 294/488] steps=602112 reward=-594.34 pi_loss=-0.0028 vf_loss=12.6844 entropy=137.6937 kl=0.0966
[Iter 295/488] steps=604160 reward=-595.95 pi_loss=-0.0082 vf_loss=12.6829 entropy=137.9773 kl=0.1067
[Iter 296/488] steps=606208 reward=-595.12 pi_loss=-0.0081 vf_loss=12.6572 entropy=138.0200 kl=0.1174
[Iter 297/488] steps=608256 reward=-595.66 pi_loss=-0.0164 vf_loss=12.6456 entropy=137.8961 kl=0.1003
[Iter 298/488] steps=610304 reward=-594.06 pi_loss=-0.0170 vf_loss=12.6479 entropy=137.5511 kl=0.1008
  [Eval] mean_return=-595.81 std_return=1.62
[Iter 299/488] steps=612352 reward=-594.07 pi_loss=-0.0202 vf_loss=12.6400 entropy=138.1403 kl=0.1343
[Iter 300/488] steps=614400 reward=-595.85 pi_loss=-0.0417 vf_loss=12.6293 entropy=146.3801 kl=0.5844
[Iter 301/488] steps=616448 reward=-597.11 pi_loss=-0.0336 vf_loss=12.9807 entropy=1398.4194 kl=5.0550
[Iter 302/488] steps=618496 reward=-591.30 pi_loss=-0.0174 vf_loss=12.8792 entropy=203.3426 kl=1.5558
[Iter 303/488] steps=620544 reward=-606.54 pi_loss=-0.0189 vf_loss=13.2887 entropy=140.5018 kl=0.2681
  [Eval] mean_return=-712.93 std_return=11.70
[Iter 304/488] steps=622592 reward=-675.37 pi_loss=-0.0821 vf_loss=13.6336 entropy=803.3060 kl=4.8595
[Iter 305/488] steps=624640 reward=-702.19 pi_loss=-0.1116 vf_loss=15.1376 entropy=991.1030 kl=6.7970
[Iter 306/488] steps=626688 reward=-720.05 pi_loss=-0.0455 vf_loss=15.2312 entropy=361.1686 kl=2.6213
[Iter 307/488] steps=628736 reward=-687.66 pi_loss=-0.0041 vf_loss=15.9540 entropy=138.1187 kl=0.1274
[Iter 308/488] steps=630784 reward=-610.71 pi_loss=-0.0304 vf_loss=14.7818 entropy=138.3310 kl=0.1300
  [Eval] mean_return=-600.64 std_return=1.07
[Iter 309/488] steps=632832 reward=-595.70 pi_loss=-0.0370 vf_loss=12.9669 entropy=138.3130 kl=0.1390
[Iter 310/488] steps=634880 reward=-599.67 pi_loss=-0.0356 vf_loss=12.7000 entropy=138.4103 kl=0.1397
[Iter 311/488] steps=636928 reward=-598.89 pi_loss=-0.0343 vf_loss=12.6874 entropy=139.2758 kl=0.1955
[Iter 312/488] steps=638976 reward=-600.94 pi_loss=-0.0291 vf_loss=12.6695 entropy=139.4240 kl=0.1922
[Iter 313/488] steps=641024 reward=-599.52 pi_loss=-0.0218 vf_loss=18.5097 entropy=138.9919 kl=0.1720
  [Eval] mean_return=-600.27 std_return=0.83
[Iter 314/488] steps=643072 reward=-600.38 pi_loss=-0.0324 vf_loss=12.5272 entropy=138.9215 kl=0.1818
[Iter 315/488] steps=645120 reward=-600.15 pi_loss=-0.0371 vf_loss=12.5276 entropy=138.8167 kl=0.1593
[Iter 316/488] steps=647168 reward=-600.09 pi_loss=-0.0400 vf_loss=12.5705 entropy=139.6814 kl=0.1971
[Iter 317/488] steps=649216 reward=-600.84 pi_loss=-0.0360 vf_loss=12.5561 entropy=140.1193 kl=0.2448
[Iter 318/488] steps=651264 reward=-591.51 pi_loss=-0.0200 vf_loss=12.5403 entropy=139.5788 kl=0.2021
  [Eval] mean_return=-568.71 std_return=26.38
[Iter 319/488] steps=653312 reward=-559.01 pi_loss=-0.0243 vf_loss=13.9001 entropy=140.7850 kl=0.2836
[Iter 320/488] steps=655360 reward=-603.38 pi_loss=-0.0815 vf_loss=14.1780 entropy=869.3545 kl=5.1060
[Iter 321/488] steps=657408 reward=-574.73 pi_loss=-0.1400 vf_loss=13.7418 entropy=1767.3645 kl=9.0744
[Iter 322/488] steps=659456 reward=-518.00 pi_loss=-0.1267 vf_loss=11.1044 entropy=1963.0459 kl=9.4355
[Iter 323/488] steps=661504 reward=-555.91 pi_loss=-0.1267 vf_loss=10.9664 entropy=1903.1273 kl=9.3995
  [Eval] mean_return=-548.57 std_return=2.47
[Iter 324/488] steps=663552 reward=-549.94 pi_loss=-0.0922 vf_loss=10.6350 entropy=2804.3532 kl=9.4965
[Iter 325/488] steps=665600 reward=-543.89 pi_loss=-0.1335 vf_loss=10.6138 entropy=2864.5242 kl=9.1347
[Iter 326/488] steps=667648 reward=-562.52 pi_loss=-0.1597 vf_loss=10.6590 entropy=2380.6613 kl=8.6105
[Iter 327/488] steps=669696 reward=-585.45 pi_loss=-0.1327 vf_loss=10.5344 entropy=2100.1801 kl=7.2501
[Iter 328/488] steps=671744 reward=-587.76 pi_loss=-0.1405 vf_loss=11.1037 entropy=1829.7929 kl=8.0578
  [Eval] mean_return=-593.05 std_return=2.02
[Iter 329/488] steps=673792 reward=-581.36 pi_loss=-0.1218 vf_loss=11.0140 entropy=975.6531 kl=7.7727
[Iter 330/488] steps=675840 reward=-585.10 pi_loss=-0.1278 vf_loss=11.1322 entropy=1446.9400 kl=8.4434
[Iter 331/488] steps=677888 reward=-583.57 pi_loss=-0.1158 vf_loss=11.6904 entropy=1991.3285 kl=7.9745
[Iter 332/488] steps=679936 reward=-583.91 pi_loss=-0.1590 vf_loss=11.5815 entropy=1624.9090 kl=7.7463
[Iter 333/488] steps=681984 reward=-570.41 pi_loss=-0.0804 vf_loss=11.5439 entropy=1019.6875 kl=7.5194
  [Eval] mean_return=-570.90 std_return=1.83
[Iter 334/488] steps=684032 reward=-557.65 pi_loss=-0.1400 vf_loss=16.2332 entropy=1630.3411 kl=7.7447
[Iter 335/488] steps=686080 reward=-573.97 pi_loss=-0.1565 vf_loss=11.3999 entropy=2384.2747 kl=8.6700
[Iter 336/488] steps=688128 reward=-645.93 pi_loss=-0.1438 vf_loss=13.2430 entropy=1918.7715 kl=8.7526
[Iter 337/488] steps=690176 reward=-578.49 pi_loss=-0.1264 vf_loss=12.4762 entropy=1461.5852 kl=7.8572
  [Eval] mean_return=-563.05 std_return=3.68
[Iter 338/488] steps=692224 reward=-562.08 pi_loss=-0.1145 vf_loss=12.1760 entropy=1675.3805 kl=8.6229
[Iter 339/488] steps=694272 reward=-637.66 pi_loss=0.0217 vf_loss=16.6625 entropy=996.7172 kl=8.6425
[Iter 340/488] steps=696320 reward=-608.77 pi_loss=-0.0957 vf_loss=14.7669 entropy=622.0913 kl=4.4731
[Iter 341/488] steps=698368 reward=-657.16 pi_loss=-0.0611 vf_loss=22.8160 entropy=389.9436 kl=3.7117
[Iter 342/488] steps=700416 reward=-564.72 pi_loss=-0.1012 vf_loss=27.9163 entropy=401.0947 kl=4.5210
  [Eval] mean_return=-473.25 std_return=97.80
[Iter 343/488] steps=702464 reward=-443.26 pi_loss=0.0135 vf_loss=34.9067 entropy=154.5830 kl=0.7077
[Iter 344/488] steps=704512 reward=-354.84 pi_loss=-0.0420 vf_loss=38.1086 entropy=409.0985 kl=3.7799
[Iter 345/488] steps=706560 reward=-459.69 pi_loss=0.0160 vf_loss=43.0875 entropy=137.4465 kl=0.0689
[Iter 346/488] steps=708608 reward=-6.62 pi_loss=0.0025 vf_loss=37.6793 entropy=137.2996 kl=0.0696
[Iter 347/488] steps=710656 reward=35.17 pi_loss=0.0046 vf_loss=35.8877 entropy=137.5446 kl=0.0669
  [Eval] mean_return=178.20 std_return=129.36
[Iter 348/488] steps=712704 reward=154.29 pi_loss=-0.0030 vf_loss=28.3946 entropy=137.1967 kl=0.0544
[Iter 349/488] steps=714752 reward=54.16 pi_loss=-0.0032 vf_loss=24.8050 entropy=137.3164 kl=0.0631
[Iter 350/488] steps=716800 reward=204.67 pi_loss=0.0025 vf_loss=13.5285 entropy=138.0537 kl=0.1022
[Iter 351/488] steps=718848 reward=-37.92 pi_loss=0.0004 vf_loss=10.9986 entropy=137.8497 kl=0.1071
[Iter 352/488] steps=720896 reward=-264.21 pi_loss=-0.0128 vf_loss=6.6512 entropy=138.0705 kl=0.1112
  [Eval] mean_return=-599.59 std_return=1.18
[Iter 353/488] steps=722944 reward=-473.56 pi_loss=-0.0304 vf_loss=3.6473 entropy=141.0163 kl=0.2891
[Iter 354/488] steps=724992 reward=-592.28 pi_loss=-0.0075 vf_loss=3.9774 entropy=138.9475 kl=0.1593
[Iter 355/488] steps=727040 reward=-599.84 pi_loss=-0.0128 vf_loss=6.2506 entropy=138.8271 kl=0.1633
[Iter 356/488] steps=729088 reward=-600.66 pi_loss=-0.0154 vf_loss=5.8929 entropy=138.2183 kl=0.1261
[Iter 357/488] steps=731136 reward=-599.83 pi_loss=-0.0151 vf_loss=6.8019 entropy=138.1260 kl=0.1176
  [Eval] mean_return=-599.62 std_return=0.72
[Iter 358/488] steps=733184 reward=-598.70 pi_loss=-0.0161 vf_loss=7.6267 entropy=138.4520 kl=0.1151
[Iter 359/488] steps=735232 reward=-600.19 pi_loss=-0.0201 vf_loss=8.4046 entropy=138.3751 kl=0.1177
[Iter 360/488] steps=737280 reward=-600.09 pi_loss=-0.0160 vf_loss=9.0515 entropy=138.2200 kl=0.1211
[Iter 361/488] steps=739328 reward=-600.20 pi_loss=-0.0167 vf_loss=9.6210 entropy=137.6586 kl=0.0969
[Iter 362/488] steps=741376 reward=-600.40 pi_loss=-0.0186 vf_loss=10.1152 entropy=138.4409 kl=0.1281
  [Eval] mean_return=-600.12 std_return=0.95
[Iter 363/488] steps=743424 reward=-600.25 pi_loss=-0.0147 vf_loss=10.5271 entropy=137.5709 kl=0.0996
[Iter 364/488] steps=745472 reward=-600.04 pi_loss=-0.0276 vf_loss=10.8873 entropy=141.2749 kl=0.3056
[Iter 365/488] steps=747520 reward=-601.15 pi_loss=-0.0196 vf_loss=11.1471 entropy=137.6438 kl=0.0980
[Iter 366/488] steps=749568 reward=-599.24 pi_loss=-0.0279 vf_loss=11.4094 entropy=137.8295 kl=0.0960
[Iter 367/488] steps=751616 reward=-600.21 pi_loss=-0.0269 vf_loss=11.6612 entropy=137.8200 kl=0.1064
  [Eval] mean_return=-600.31 std_return=1.20
[Iter 368/488] steps=753664 reward=-599.83 pi_loss=-0.0355 vf_loss=11.8244 entropy=138.8848 kl=0.1617
[Iter 369/488] steps=755712 reward=-601.31 pi_loss=-0.0324 vf_loss=11.9357 entropy=137.8757 kl=0.1122
[Iter 370/488] steps=757760 reward=-599.19 pi_loss=-0.0574 vf_loss=12.0642 entropy=149.6198 kl=0.7634
[Iter 371/488] steps=759808 reward=-599.38 pi_loss=-0.0242 vf_loss=12.1581 entropy=137.9099 kl=0.0995
[Iter 372/488] steps=761856 reward=-599.82 pi_loss=-0.0624 vf_loss=12.2046 entropy=148.8878 kl=0.7465
  [Eval] mean_return=-672.68 std_return=10.18
[Iter 373/488] steps=763904 reward=-638.86 pi_loss=0.0240 vf_loss=12.2349 entropy=138.5029 kl=0.1445
[Iter 374/488] steps=765952 reward=-661.55 pi_loss=-0.0041 vf_loss=13.1846 entropy=137.5742 kl=0.0807
[Iter 375/488] steps=768000 reward=-656.15 pi_loss=-0.0088 vf_loss=19.8261 entropy=137.3648 kl=0.0809
[Iter 376/488] steps=770048 reward=-677.02 pi_loss=-0.0080 vf_loss=13.9238 entropy=137.8515 kl=0.0972
  [Eval] mean_return=-660.41 std_return=9.02
[Iter 377/488] steps=772096 reward=-666.25 pi_loss=-0.0100 vf_loss=14.6619 entropy=138.7420 kl=0.1374
[Iter 378/488] steps=774144 reward=-701.67 pi_loss=-0.0005 vf_loss=16.2069 entropy=137.2567 kl=0.0612
[Iter 379/488] steps=776192 reward=-699.19 pi_loss=-0.0077 vf_loss=15.7027 entropy=137.4536 kl=0.0685
[Iter 380/488] steps=778240 reward=-639.31 pi_loss=-0.0090 vf_loss=15.3148 entropy=137.6172 kl=0.0746
[Iter 381/488] steps=780288 reward=-605.21 pi_loss=-0.0130 vf_loss=15.4051 entropy=137.4152 kl=0.0699
  [Eval] mean_return=-573.89 std_return=9.70
[Iter 382/488] steps=782336 reward=-551.85 pi_loss=-0.0217 vf_loss=13.6432 entropy=137.7892 kl=0.0854
[Iter 383/488] steps=784384 reward=-587.78 pi_loss=-0.0371 vf_loss=13.6193 entropy=138.0166 kl=0.1118
[Iter 384/488] steps=786432 reward=-598.66 pi_loss=-0.0436 vf_loss=13.4296 entropy=138.5261 kl=0.1346
[Iter 385/488] steps=788480 reward=-600.11 pi_loss=-0.0442 vf_loss=13.2850 entropy=138.8569 kl=0.1434
[Iter 386/488] steps=790528 reward=-600.65 pi_loss=-0.0363 vf_loss=13.1318 entropy=138.0312 kl=0.1083
  [Eval] mean_return=-600.43 std_return=0.79
[Iter 387/488] steps=792576 reward=-598.76 pi_loss=-0.0330 vf_loss=13.0057 entropy=137.8558 kl=0.1042
[Iter 388/488] steps=794624 reward=-579.52 pi_loss=-0.0211 vf_loss=12.6909 entropy=137.5778 kl=0.0880
[Iter 389/488] steps=796672 reward=-534.87 pi_loss=-0.0310 vf_loss=12.2885 entropy=137.7143 kl=0.0913
[Iter 390/488] steps=798720 reward=-443.56 pi_loss=-0.0266 vf_loss=11.2906 entropy=137.6134 kl=0.0859
[Iter 391/488] steps=800768 reward=-417.60 pi_loss=-0.0321 vf_loss=10.0661 entropy=137.4673 kl=0.0914
  [Eval] mean_return=-598.08 std_return=2.23
[Iter 392/488] steps=802816 reward=-484.94 pi_loss=-0.0361 vf_loss=9.8712 entropy=137.8417 kl=0.0948
[Iter 393/488] steps=804864 reward=-574.97 pi_loss=-0.0395 vf_loss=10.2796 entropy=137.8386 kl=0.1032
[Iter 394/488] steps=806912 reward=-599.57 pi_loss=-0.0408 vf_loss=10.7038 entropy=137.7478 kl=0.1005
[Iter 395/488] steps=808960 reward=-600.75 pi_loss=-0.0438 vf_loss=11.0141 entropy=137.8914 kl=0.1023
[Iter 396/488] steps=811008 reward=-538.21 pi_loss=-0.0386 vf_loss=16.3166 entropy=137.5660 kl=0.0922
  [Eval] mean_return=-342.48 std_return=38.81
[Iter 397/488] steps=813056 reward=-124.25 pi_loss=-0.0253 vf_loss=16.9047 entropy=137.2791 kl=0.0668
[Iter 398/488] steps=815104 reward=256.78 pi_loss=-0.0164 vf_loss=18.0573 entropy=137.0054 kl=0.0535
[Iter 399/488] steps=817152 reward=125.92 pi_loss=-0.0280 vf_loss=15.0402 entropy=137.4518 kl=0.0569
[Iter 400/488] steps=819200 reward=-84.75 pi_loss=-0.0356 vf_loss=7.6811 entropy=137.6120 kl=0.0710
[Iter 401/488] steps=821248 reward=-273.76 pi_loss=-0.0370 vf_loss=7.2494 entropy=137.3271 kl=0.0749
  [Eval] mean_return=-601.82 std_return=1.44
[Iter 402/488] steps=823296 reward=-533.04 pi_loss=-0.0437 vf_loss=5.3229 entropy=137.9151 kl=0.0963
[Iter 403/488] steps=825344 reward=-599.08 pi_loss=-0.0478 vf_loss=5.5932 entropy=137.6501 kl=0.0968
[Iter 404/488] steps=827392 reward=-603.36 pi_loss=-0.0429 vf_loss=6.4509 entropy=137.7361 kl=0.0973
[Iter 405/488] steps=829440 reward=-603.27 pi_loss=-0.0454 vf_loss=7.3795 entropy=137.8154 kl=0.0925
[Iter 406/488] steps=831488 reward=-603.32 pi_loss=-0.0429 vf_loss=8.1877 entropy=137.4190 kl=0.0870
  [Eval] mean_return=-603.21 std_return=1.18
[Iter 407/488] steps=833536 reward=-602.23 pi_loss=-0.0444 vf_loss=8.8406 entropy=137.7653 kl=0.0899
[Iter 408/488] steps=835584 reward=-603.84 pi_loss=-0.0462 vf_loss=9.4651 entropy=137.8335 kl=0.0952
[Iter 409/488] steps=837632 reward=-602.35 pi_loss=-0.0487 vf_loss=9.9610 entropy=137.8395 kl=0.0999
[Iter 410/488] steps=839680 reward=-604.19 pi_loss=-0.0493 vf_loss=10.3759 entropy=137.5724 kl=0.0943
[Iter 411/488] steps=841728 reward=-604.52 pi_loss=-0.0462 vf_loss=10.7136 entropy=137.7672 kl=0.0933
  [Eval] mean_return=-602.72 std_return=0.91
[Iter 412/488] steps=843776 reward=-602.96 pi_loss=-0.0441 vf_loss=11.0545 entropy=137.8876 kl=0.1038
[Iter 413/488] steps=845824 reward=-604.01 pi_loss=-0.0471 vf_loss=11.3191 entropy=137.8699 kl=0.0967
[Iter 414/488] steps=847872 reward=-603.03 pi_loss=-0.0479 vf_loss=11.5476 entropy=137.9870 kl=0.1090
[Iter 415/488] steps=849920 reward=-602.64 pi_loss=-0.0507 vf_loss=11.7261 entropy=138.2702 kl=0.1356
[Iter 416/488] steps=851968 reward=-634.97 pi_loss=-0.0359 vf_loss=12.5285 entropy=137.9416 kl=0.1071
  [Eval] mean_return=-1005.36 std_return=26.75
[Iter 417/488] steps=854016 reward=-815.47 pi_loss=-0.0033 vf_loss=26.3475 entropy=137.0643 kl=0.0491
[Iter 418/488] steps=856064 reward=-945.40 pi_loss=-0.0119 vf_loss=22.2526 entropy=137.0066 kl=0.0492
[Iter 419/488] steps=858112 reward=-856.62 pi_loss=-0.0131 vf_loss=21.7018 entropy=137.2296 kl=0.0530
[Iter 420/488] steps=860160 reward=-731.88 pi_loss=-0.0106 vf_loss=22.1356 entropy=137.2040 kl=0.0409
  [Eval] mean_return=-797.54 std_return=110.44
[Iter 421/488] steps=862208 reward=-771.80 pi_loss=-0.0068 vf_loss=29.0918 entropy=136.7558 kl=0.0365
[Iter 422/488] steps=864256 reward=-819.25 pi_loss=-0.0102 vf_loss=26.6087 entropy=137.0061 kl=0.0400
[Iter 423/488] steps=866304 reward=-870.00 pi_loss=-0.0075 vf_loss=31.2973 entropy=136.8744 kl=0.0351
[Iter 424/488] steps=868352 reward=-643.84 pi_loss=-0.0064 vf_loss=42.9121 entropy=136.7719 kl=0.0289
[Iter 425/488] steps=870400 reward=-768.93 pi_loss=-0.0090 vf_loss=34.9092 entropy=136.8751 kl=0.0345
  [Eval] mean_return=-761.97 std_return=210.10
[Iter 426/488] steps=872448 reward=-681.24 pi_loss=-0.0070 vf_loss=47.6288 entropy=136.6508 kl=0.0283
[Iter 427/488] steps=874496 reward=-635.21 pi_loss=-0.0074 vf_loss=60.5158 entropy=136.8948 kl=0.0267
[Iter 428/488] steps=876544 reward=-598.70 pi_loss=-0.0064 vf_loss=43.7739 entropy=136.5161 kl=0.0270
[Iter 429/488] steps=878592 reward=-523.38 pi_loss=-0.0068 vf_loss=68.6218 entropy=136.5775 kl=0.0235
[Iter 430/488] steps=880640 reward=-413.33 pi_loss=-0.0073 vf_loss=50.2579 entropy=136.7767 kl=0.0252
  [Eval] mean_return=-694.74 std_return=112.71
[Iter 431/488] steps=882688 reward=-668.94 pi_loss=-0.0096 vf_loss=61.5998 entropy=136.4488 kl=0.0273
[Iter 432/488] steps=884736 reward=-617.91 pi_loss=-0.0100 vf_loss=38.2764 entropy=136.5452 kl=0.0334
[Iter 433/488] steps=886784 reward=-438.59 pi_loss=-0.0089 vf_loss=31.2009 entropy=136.7199 kl=0.0297
[Iter 434/488] steps=888832 reward=-462.58 pi_loss=-0.0079 vf_loss=35.3336 entropy=136.7964 kl=0.0261
[Iter 435/488] steps=890880 reward=-419.05 pi_loss=-0.0106 vf_loss=36.7561 entropy=136.8526 kl=0.0300
  [Eval] mean_return=-496.03 std_return=67.38
[Iter 436/488] steps=892928 reward=-474.60 pi_loss=-0.0130 vf_loss=15.0457 entropy=136.9379 kl=0.0402
[Iter 437/488] steps=894976 reward=-515.46 pi_loss=-0.0128 vf_loss=16.7069 entropy=136.9283 kl=0.0382
[Iter 438/488] steps=897024 reward=-508.80 pi_loss=-0.0094 vf_loss=19.7234 entropy=136.9503 kl=0.0363
[Iter 439/488] steps=899072 reward=-432.08 pi_loss=-0.0090 vf_loss=24.8585 entropy=136.6024 kl=0.0323
[Iter 440/488] steps=901120 reward=-401.18 pi_loss=-0.0097 vf_loss=21.1567 entropy=136.9531 kl=0.0346
  [Eval] mean_return=-461.13 std_return=63.30
[Iter 441/488] steps=903168 reward=-468.12 pi_loss=-0.0088 vf_loss=24.2212 entropy=136.7328 kl=0.0276
[Iter 442/488] steps=905216 reward=-445.36 pi_loss=-0.0121 vf_loss=27.2504 entropy=136.8878 kl=0.0305
[Iter 443/488] steps=907264 reward=-344.22 pi_loss=-0.0088 vf_loss=45.1816 entropy=136.7231 kl=0.0249
[Iter 444/488] steps=909312 reward=-420.60 pi_loss=-0.0120 vf_loss=27.3209 entropy=136.7545 kl=0.0338
[Iter 445/488] steps=911360 reward=-345.98 pi_loss=-0.0106 vf_loss=21.4051 entropy=136.9230 kl=0.0364
  [Eval] mean_return=-410.89 std_return=125.88
[Iter 446/488] steps=913408 reward=-391.58 pi_loss=-0.0128 vf_loss=10.1507 entropy=136.9216 kl=0.0383
[Iter 447/488] steps=915456 reward=-460.20 pi_loss=-0.0095 vf_loss=11.5702 entropy=136.9070 kl=0.0396
[Iter 448/488] steps=917504 reward=-528.23 pi_loss=-0.0091 vf_loss=31.0378 entropy=136.4317 kl=0.0308
[Iter 449/488] steps=919552 reward=-356.57 pi_loss=-0.0110 vf_loss=15.6394 entropy=136.9180 kl=0.0397
[Iter 450/488] steps=921600 reward=-432.17 pi_loss=-0.0085 vf_loss=10.1369 entropy=136.6213 kl=0.0338
  [Eval] mean_return=-410.49 std_return=49.18
[Iter 451/488] steps=923648 reward=-432.72 pi_loss=-0.0070 vf_loss=13.2452 entropy=136.8594 kl=0.0349
[Iter 452/488] steps=925696 reward=-448.29 pi_loss=-0.0070 vf_loss=27.9650 entropy=136.6692 kl=0.0260
[Iter 453/488] steps=927744 reward=-351.26 pi_loss=-0.0080 vf_loss=31.4747 entropy=136.5039 kl=0.0276
[Iter 454/488] steps=929792 reward=-366.05 pi_loss=-0.0099 vf_loss=13.0800 entropy=137.0476 kl=0.0362
[Iter 455/488] steps=931840 reward=-398.86 pi_loss=-0.0092 vf_loss=16.9100 entropy=136.8131 kl=0.0310
  [Eval] mean_return=-479.65 std_return=51.21
[Iter 456/488] steps=933888 reward=-490.21 pi_loss=-0.0106 vf_loss=10.3723 entropy=136.7954 kl=0.0374
[Iter 457/488] steps=935936 reward=-367.67 pi_loss=-0.0074 vf_loss=31.7369 entropy=136.8290 kl=0.0291
[Iter 458/488] steps=937984 reward=-520.21 pi_loss=-0.0100 vf_loss=10.6926 entropy=137.0135 kl=0.0409
[Iter 459/488] steps=940032 reward=-492.55 pi_loss=-0.0082 vf_loss=15.9395 entropy=136.8844 kl=0.0331
  [Eval] mean_return=-456.83 std_return=87.32
[Iter 460/488] steps=942080 reward=-433.22 pi_loss=-0.0091 vf_loss=23.5716 entropy=136.8721 kl=0.0304
[Iter 461/488] steps=944128 reward=-551.72 pi_loss=-0.0082 vf_loss=16.1259 entropy=136.6985 kl=0.0341
[Iter 462/488] steps=946176 reward=-418.04 pi_loss=-0.0066 vf_loss=13.1068 entropy=136.5739 kl=0.0300
[Iter 463/488] steps=948224 reward=-480.27 pi_loss=-0.0094 vf_loss=16.3778 entropy=136.5182 kl=0.0303
[Iter 464/488] steps=950272 reward=-421.40 pi_loss=-0.0092 vf_loss=11.4401 entropy=136.5470 kl=0.0318
  [Eval] mean_return=-409.81 std_return=60.07
[Iter 465/488] steps=952320 reward=-425.12 pi_loss=-0.0107 vf_loss=13.5421 entropy=136.9717 kl=0.0348
[Iter 466/488] steps=954368 reward=-538.60 pi_loss=-0.0053 vf_loss=20.3922 entropy=136.8040 kl=0.0260
[Iter 467/488] steps=956416 reward=-439.50 pi_loss=-0.0019 vf_loss=24.3145 entropy=136.3237 kl=0.0200
[Iter 468/488] steps=958464 reward=-531.81 pi_loss=-0.0009 vf_loss=22.9561 entropy=136.5256 kl=0.0206
[Iter 469/488] steps=960512 reward=-528.82 pi_loss=-0.0023 vf_loss=31.7253 entropy=136.5741 kl=0.0190
  [Eval] mean_return=-530.13 std_return=67.17
[Iter 470/488] steps=962560 reward=-490.50 pi_loss=-0.0034 vf_loss=22.6214 entropy=136.5826 kl=0.0205
[Iter 471/488] steps=964608 reward=-494.93 pi_loss=-0.0052 vf_loss=19.6658 entropy=136.7979 kl=0.0276
[Iter 472/488] steps=966656 reward=-563.52 pi_loss=-0.0039 vf_loss=23.2170 entropy=136.6932 kl=0.0193
[Iter 473/488] steps=968704 reward=-547.62 pi_loss=-0.0025 vf_loss=19.8683 entropy=136.5195 kl=0.0189
[Iter 474/488] steps=970752 reward=-499.75 pi_loss=-0.0052 vf_loss=25.4366 entropy=136.5480 kl=0.0202
  [Eval] mean_return=-570.49 std_return=71.35
[Iter 475/488] steps=972800 reward=-531.68 pi_loss=0.0005 vf_loss=34.0277 entropy=136.5741 kl=0.0134
[Iter 476/488] steps=974848 reward=-578.42 pi_loss=-0.0035 vf_loss=21.5809 entropy=136.4008 kl=0.0178
[Iter 477/488] steps=976896 reward=-553.13 pi_loss=-0.0038 vf_loss=21.8563 entropy=136.7282 kl=0.0184
[Iter 478/488] steps=978944 reward=-495.30 pi_loss=-0.0035 vf_loss=20.7304 entropy=136.4296 kl=0.0198
[Iter 479/488] steps=980992 reward=-541.80 pi_loss=-0.0033 vf_loss=26.7401 entropy=136.5718 kl=0.0163
  [Eval] mean_return=-517.12 std_return=100.60
[Iter 480/488] steps=983040 reward=-603.46 pi_loss=-0.0030 vf_loss=26.2661 entropy=136.5911 kl=0.0166
[Iter 481/488] steps=985088 reward=-481.12 pi_loss=-0.0033 vf_loss=30.7926 entropy=136.2925 kl=0.0147
[Iter 482/488] steps=987136 reward=-788.18 pi_loss=-0.0027 vf_loss=60.7895 entropy=136.3415 kl=0.0115
[Iter 483/488] steps=989184 reward=-614.88 pi_loss=-0.0022 vf_loss=29.7127 entropy=136.3479 kl=0.0123
[Iter 484/488] steps=991232 reward=-560.55 pi_loss=-0.0020 vf_loss=20.6106 entropy=136.4182 kl=0.0130
  [Eval] mean_return=-581.35 std_return=75.59
[Iter 485/488] steps=993280 reward=-598.83 pi_loss=-0.0016 vf_loss=47.5053 entropy=136.2514 kl=0.0105
[Iter 486/488] steps=995328 reward=-577.20 pi_loss=0.0006 vf_loss=27.2922 entropy=136.2140 kl=0.0068
[Iter 487/488] steps=997376 reward=-544.46 pi_loss=0.0006 vf_loss=19.6077 entropy=136.1485 kl=0.0075
[Iter 488/488] steps=999424 reward=-615.13 pi_loss=-0.0003 vf_loss=31.0044 entropy=136.3315 kl=0.0065
Training complete. Logs saved to results/8hr/K16_hierarchical/seed_42
