[Iter 1/488] steps=2048 reward=-473.01 pi_loss=-0.0218 vf_loss=16.9601 entropy=34.2384 kl=0.0222
[Iter 2/488] steps=4096 reward=-391.67 pi_loss=-0.0284 vf_loss=12.1346 entropy=34.1628 kl=0.0294
[Iter 3/488] steps=6144 reward=-474.97 pi_loss=-0.0405 vf_loss=8.7928 entropy=34.1656 kl=0.0425
[Iter 4/488] steps=8192 reward=-319.01 pi_loss=-0.0414 vf_loss=9.3904 entropy=34.2733 kl=0.0392
[Iter 5/488] steps=10240 reward=-370.38 pi_loss=-0.0482 vf_loss=7.3742 entropy=34.3708 kl=0.0535
  [Eval] mean_return=-243.18 std_return=40.25
[Iter 6/488] steps=12288 reward=-354.66 pi_loss=-0.0426 vf_loss=17.4018 entropy=34.2632 kl=0.0386
[Iter 7/488] steps=14336 reward=-312.18 pi_loss=-0.0382 vf_loss=19.4496 entropy=34.3395 kl=0.0331
[Iter 8/488] steps=16384 reward=-287.31 pi_loss=-0.0414 vf_loss=14.5056 entropy=34.0885 kl=0.0388
[Iter 9/488] steps=18432 reward=-284.47 pi_loss=-0.0470 vf_loss=15.9856 entropy=34.2642 kl=0.0452
[Iter 10/488] steps=20480 reward=-395.96 pi_loss=-0.0532 vf_loss=14.8022 entropy=34.2941 kl=0.0605
  [Eval] mean_return=-183.19 std_return=43.45
[Iter 11/488] steps=22528 reward=-393.54 pi_loss=-0.0498 vf_loss=17.7964 entropy=34.2278 kl=0.0539
[Iter 12/488] steps=24576 reward=-400.24 pi_loss=-0.0452 vf_loss=15.2040 entropy=34.3607 kl=0.0623
[Iter 13/488] steps=26624 reward=-376.68 pi_loss=-0.0505 vf_loss=14.8413 entropy=34.4444 kl=0.0698
[Iter 14/488] steps=28672 reward=-364.71 pi_loss=-0.0511 vf_loss=11.9817 entropy=34.4011 kl=0.0847
[Iter 15/488] steps=30720 reward=-349.48 pi_loss=-0.0508 vf_loss=17.2848 entropy=34.3833 kl=0.0633
  [Eval] mean_return=-163.59 std_return=48.83
[Iter 16/488] steps=32768 reward=-315.36 pi_loss=-0.0560 vf_loss=14.7226 entropy=34.3068 kl=0.0849
[Iter 17/488] steps=34816 reward=-381.99 pi_loss=-0.0526 vf_loss=13.0874 entropy=34.4044 kl=0.0864
[Iter 18/488] steps=36864 reward=-188.10 pi_loss=-0.0541 vf_loss=14.4530 entropy=34.5328 kl=0.0686
[Iter 19/488] steps=38912 reward=-316.43 pi_loss=-0.0570 vf_loss=9.1293 entropy=34.5718 kl=0.1138
[Iter 20/488] steps=40960 reward=-225.61 pi_loss=-0.0538 vf_loss=12.3877 entropy=34.3708 kl=0.0702
  [Eval] mean_return=-116.53 std_return=70.92
[Iter 21/488] steps=43008 reward=-236.18 pi_loss=-0.0563 vf_loss=10.7145 entropy=34.4271 kl=0.0976
[Iter 22/488] steps=45056 reward=-165.50 pi_loss=-0.0590 vf_loss=9.7719 entropy=34.3298 kl=0.0871
[Iter 23/488] steps=47104 reward=-230.09 pi_loss=-0.0595 vf_loss=17.0032 entropy=34.3643 kl=0.0642
[Iter 24/488] steps=49152 reward=-154.85 pi_loss=-0.0535 vf_loss=12.5438 entropy=34.2896 kl=0.0800
[Iter 25/488] steps=51200 reward=-217.17 pi_loss=-0.0593 vf_loss=10.1833 entropy=34.4757 kl=0.1046
  [Eval] mean_return=-102.55 std_return=119.10
[Iter 26/488] steps=53248 reward=-198.85 pi_loss=-0.0610 vf_loss=11.4673 entropy=34.4337 kl=0.0879
[Iter 27/488] steps=55296 reward=-332.95 pi_loss=-0.0552 vf_loss=27.4159 entropy=34.2784 kl=0.0588
[Iter 28/488] steps=57344 reward=-116.86 pi_loss=-0.0551 vf_loss=11.6031 entropy=34.3267 kl=0.0815
[Iter 29/488] steps=59392 reward=-145.85 pi_loss=-0.0450 vf_loss=7.0391 entropy=34.8458 kl=0.1652
[Iter 30/488] steps=61440 reward=-150.05 pi_loss=-0.0594 vf_loss=9.2748 entropy=34.4978 kl=0.1088
  [Eval] mean_return=-100.01 std_return=125.99
[Iter 31/488] steps=63488 reward=-149.36 pi_loss=-0.0626 vf_loss=9.9981 entropy=34.7266 kl=0.1047
[Iter 32/488] steps=65536 reward=-209.56 pi_loss=-0.0547 vf_loss=9.8626 entropy=34.4052 kl=0.1046
[Iter 33/488] steps=67584 reward=-103.85 pi_loss=-0.0653 vf_loss=11.0001 entropy=34.4254 kl=0.1000
[Iter 34/488] steps=69632 reward=-225.02 pi_loss=-0.0653 vf_loss=9.6034 entropy=34.4742 kl=0.1006
[Iter 35/488] steps=71680 reward=-92.20 pi_loss=-0.0565 vf_loss=9.1208 entropy=34.4778 kl=0.1201
  [Eval] mean_return=-12.50 std_return=60.38
[Iter 36/488] steps=73728 reward=-114.82 pi_loss=-0.0628 vf_loss=12.4865 entropy=34.4501 kl=0.0791
[Iter 37/488] steps=75776 reward=-200.35 pi_loss=-0.0633 vf_loss=12.9554 entropy=34.4960 kl=0.0772
[Iter 38/488] steps=77824 reward=-165.11 pi_loss=-0.0614 vf_loss=9.3610 entropy=34.5292 kl=0.1198
[Iter 39/488] steps=79872 reward=-89.36 pi_loss=-0.0601 vf_loss=9.0070 entropy=34.4981 kl=0.1259
[Iter 40/488] steps=81920 reward=-185.66 pi_loss=-0.0588 vf_loss=11.5322 entropy=34.3778 kl=0.0913
  [Eval] mean_return=-6.65 std_return=100.75
[Iter 41/488] steps=83968 reward=-45.75 pi_loss=-0.0552 vf_loss=13.0829 entropy=34.4848 kl=0.0918
[Iter 42/488] steps=86016 reward=-64.63 pi_loss=-0.0558 vf_loss=7.9187 entropy=34.8529 kl=0.2001
[Iter 43/488] steps=88064 reward=-45.32 pi_loss=-0.0631 vf_loss=13.0835 entropy=34.3626 kl=0.0861
[Iter 44/488] steps=90112 reward=-176.49 pi_loss=-0.0601 vf_loss=19.7215 entropy=34.2519 kl=0.0727
  [Eval] mean_return=44.52 std_return=109.34
[Iter 45/488] steps=92160 reward=-87.50 pi_loss=-0.0638 vf_loss=12.3925 entropy=34.7318 kl=0.1265
[Iter 46/488] steps=94208 reward=-33.86 pi_loss=-0.0621 vf_loss=12.2822 entropy=34.5335 kl=0.1039
[Iter 47/488] steps=96256 reward=-161.66 pi_loss=-0.0629 vf_loss=25.1460 entropy=34.3911 kl=0.0782
[Iter 48/488] steps=98304 reward=-129.18 pi_loss=-0.0565 vf_loss=14.8422 entropy=34.6585 kl=0.1524
[Iter 49/488] steps=100352 reward=14.32 pi_loss=-0.0444 vf_loss=12.1511 entropy=34.9558 kl=0.2274
  [Eval] mean_return=39.67 std_return=130.66
[Iter 50/488] steps=102400 reward=-9.30 pi_loss=-0.0553 vf_loss=9.7181 entropy=34.8079 kl=0.1880
[Iter 51/488] steps=104448 reward=11.73 pi_loss=-0.0550 vf_loss=11.2383 entropy=34.5216 kl=0.1290
[Iter 52/488] steps=106496 reward=-99.69 pi_loss=-0.0643 vf_loss=12.1156 entropy=34.5238 kl=0.1070
[Iter 53/488] steps=108544 reward=40.10 pi_loss=-0.0558 vf_loss=12.0761 entropy=34.5901 kl=0.1384
[Iter 54/488] steps=110592 reward=-28.12 pi_loss=-0.0623 vf_loss=17.3761 entropy=34.4209 kl=0.0908
  [Eval] mean_return=143.89 std_return=166.46
[Iter 55/488] steps=112640 reward=28.54 pi_loss=-0.0384 vf_loss=10.8880 entropy=34.9124 kl=0.1864
[Iter 56/488] steps=114688 reward=81.40 pi_loss=-0.0527 vf_loss=12.0507 entropy=34.5798 kl=0.1553
[Iter 57/488] steps=116736 reward=75.00 pi_loss=-0.0620 vf_loss=9.3311 entropy=34.7166 kl=0.1785
[Iter 58/488] steps=118784 reward=2.82 pi_loss=-0.0626 vf_loss=11.8040 entropy=34.5975 kl=0.1104
[Iter 59/488] steps=120832 reward=85.55 pi_loss=-0.0597 vf_loss=11.1831 entropy=34.5072 kl=0.1418
  [Eval] mean_return=105.17 std_return=95.36
[Iter 60/488] steps=122880 reward=29.13 pi_loss=-0.0684 vf_loss=11.7426 entropy=34.5007 kl=0.1060
[Iter 61/488] steps=124928 reward=-23.88 pi_loss=-0.0578 vf_loss=14.1159 entropy=34.6051 kl=0.1284
[Iter 62/488] steps=126976 reward=90.11 pi_loss=-0.0637 vf_loss=21.0396 entropy=34.2583 kl=0.0763
[Iter 63/488] steps=129024 reward=-43.58 pi_loss=-0.0491 vf_loss=10.3576 entropy=35.2722 kl=0.2833
[Iter 64/488] steps=131072 reward=-107.85 pi_loss=-0.0653 vf_loss=17.9055 entropy=34.5203 kl=0.0851
  [Eval] mean_return=125.65 std_return=105.88
[Iter 65/488] steps=133120 reward=-151.78 pi_loss=-0.0616 vf_loss=14.3450 entropy=34.3814 kl=0.0948
[Iter 66/488] steps=135168 reward=13.52 pi_loss=0.0063 vf_loss=5.9300 entropy=39.7281 kl=1.2688
[Iter 67/488] steps=137216 reward=83.99 pi_loss=-0.0663 vf_loss=8.8648 entropy=34.6190 kl=0.1482
[Iter 68/488] steps=139264 reward=95.37 pi_loss=-0.0682 vf_loss=14.9929 entropy=34.3525 kl=0.0880
[Iter 69/488] steps=141312 reward=32.70 pi_loss=-0.0628 vf_loss=10.2244 entropy=34.5307 kl=0.1334
  [Eval] mean_return=184.87 std_return=59.27
[Iter 70/488] steps=143360 reward=138.30 pi_loss=-0.0687 vf_loss=8.6529 entropy=34.5052 kl=0.1608
[Iter 71/488] steps=145408 reward=25.41 pi_loss=-0.0673 vf_loss=9.5464 entropy=34.6804 kl=0.1433
[Iter 72/488] steps=147456 reward=58.19 pi_loss=-0.0635 vf_loss=11.4634 entropy=34.5677 kl=0.1245
[Iter 73/488] steps=149504 reward=69.67 pi_loss=-0.0521 vf_loss=8.3060 entropy=34.9740 kl=0.2186
[Iter 74/488] steps=151552 reward=124.72 pi_loss=-0.0668 vf_loss=9.5140 entropy=34.6368 kl=0.1412
  [Eval] mean_return=259.44 std_return=59.15
[Iter 75/488] steps=153600 reward=147.61 pi_loss=-0.0609 vf_loss=24.1269 entropy=34.3789 kl=0.0641
[Iter 76/488] steps=155648 reward=2.03 pi_loss=-0.0705 vf_loss=11.6462 entropy=34.5780 kl=0.1288
[Iter 77/488] steps=157696 reward=183.73 pi_loss=-0.0608 vf_loss=13.0501 entropy=34.4928 kl=0.1235
[Iter 78/488] steps=159744 reward=67.11 pi_loss=-0.0676 vf_loss=10.3365 entropy=34.7977 kl=0.1832
[Iter 79/488] steps=161792 reward=107.62 pi_loss=-0.0618 vf_loss=14.9700 entropy=34.4552 kl=0.1139
  [Eval] mean_return=268.87 std_return=116.44
[Iter 80/488] steps=163840 reward=182.24 pi_loss=-0.0653 vf_loss=12.0070 entropy=34.7055 kl=0.1437
[Iter 81/488] steps=165888 reward=180.83 pi_loss=-0.0625 vf_loss=12.9177 entropy=34.5149 kl=0.1343
[Iter 82/488] steps=167936 reward=179.42 pi_loss=-0.0653 vf_loss=14.2934 entropy=34.5558 kl=0.1315
[Iter 83/488] steps=169984 reward=239.02 pi_loss=-0.0676 vf_loss=19.3023 entropy=34.5377 kl=0.1047
[Iter 84/488] steps=172032 reward=206.41 pi_loss=-0.0545 vf_loss=10.7406 entropy=35.0308 kl=0.2368
  [Eval] mean_return=321.39 std_return=94.41
[Iter 85/488] steps=174080 reward=211.85 pi_loss=-0.0545 vf_loss=11.0111 entropy=34.7812 kl=0.2020
[Iter 86/488] steps=176128 reward=98.86 pi_loss=-0.0670 vf_loss=34.0566 entropy=34.4075 kl=0.0676
[Iter 87/488] steps=178176 reward=256.23 pi_loss=-0.0658 vf_loss=16.7268 entropy=34.5648 kl=0.1200
[Iter 88/488] steps=180224 reward=200.38 pi_loss=-0.0682 vf_loss=18.5665 entropy=34.5408 kl=0.1228
  [Eval] mean_return=376.41 std_return=72.90
[Iter 89/488] steps=182272 reward=215.38 pi_loss=-0.0547 vf_loss=10.2247 entropy=35.0206 kl=0.2364
[Iter 90/488] steps=184320 reward=201.84 pi_loss=-0.0537 vf_loss=10.4690 entropy=35.2356 kl=0.2489
[Iter 91/488] steps=186368 reward=226.92 pi_loss=-0.0717 vf_loss=21.0908 entropy=34.4829 kl=0.0978
[Iter 92/488] steps=188416 reward=209.33 pi_loss=-0.0700 vf_loss=14.7737 entropy=34.5474 kl=0.1190
[Iter 93/488] steps=190464 reward=108.13 pi_loss=-0.0707 vf_loss=15.6865 entropy=34.5492 kl=0.1361
  [Eval] mean_return=417.73 std_return=69.42
[Iter 94/488] steps=192512 reward=133.67 pi_loss=-0.0726 vf_loss=19.9042 entropy=34.6874 kl=0.1346
[Iter 95/488] steps=194560 reward=213.58 pi_loss=-0.0410 vf_loss=11.8976 entropy=35.4062 kl=0.3331
[Iter 96/488] steps=196608 reward=232.03 pi_loss=-0.0648 vf_loss=14.2889 entropy=34.7824 kl=0.1753
[Iter 97/488] steps=198656 reward=246.21 pi_loss=-0.0559 vf_loss=15.2610 entropy=34.7807 kl=0.1800
[Iter 98/488] steps=200704 reward=249.68 pi_loss=-0.0564 vf_loss=14.6241 entropy=34.8843 kl=0.2281
  [Eval] mean_return=446.80 std_return=105.21
[Iter 99/488] steps=202752 reward=252.50 pi_loss=-0.0683 vf_loss=32.6065 entropy=34.4235 kl=0.1076
[Iter 100/488] steps=204800 reward=85.60 pi_loss=-0.0713 vf_loss=19.2950 entropy=34.7304 kl=0.1564
[Iter 101/488] steps=206848 reward=242.08 pi_loss=-0.0533 vf_loss=13.4134 entropy=34.9182 kl=0.2389
[Iter 102/488] steps=208896 reward=219.50 pi_loss=-0.0710 vf_loss=20.9119 entropy=34.5170 kl=0.1105
[Iter 103/488] steps=210944 reward=25.48 pi_loss=-0.0667 vf_loss=15.8943 entropy=34.4970 kl=0.1268
  [Eval] mean_return=420.95 std_return=77.26
[Iter 104/488] steps=212992 reward=231.21 pi_loss=-0.0603 vf_loss=20.7425 entropy=34.4486 kl=0.1369
[Iter 105/488] steps=215040 reward=225.92 pi_loss=-0.0691 vf_loss=18.4477 entropy=34.6465 kl=0.1434
[Iter 106/488] steps=217088 reward=275.90 pi_loss=-0.0620 vf_loss=18.8461 entropy=34.6090 kl=0.1445
[Iter 107/488] steps=219136 reward=248.41 pi_loss=-0.0460 vf_loss=12.7650 entropy=35.0959 kl=0.2618
[Iter 108/488] steps=221184 reward=176.38 pi_loss=-0.0701 vf_loss=25.9646 entropy=34.4598 kl=0.1101
  [Eval] mean_return=457.43 std_return=74.52
[Iter 109/488] steps=223232 reward=177.55 pi_loss=-0.0694 vf_loss=17.8286 entropy=34.4750 kl=0.1480
[Iter 110/488] steps=225280 reward=161.43 pi_loss=-0.0712 vf_loss=19.1955 entropy=34.7848 kl=0.1545
[Iter 111/488] steps=227328 reward=169.02 pi_loss=-0.0736 vf_loss=20.7939 entropy=34.7185 kl=0.1499
[Iter 112/488] steps=229376 reward=167.98 pi_loss=-0.0685 vf_loss=21.3451 entropy=34.7536 kl=0.1547
[Iter 113/488] steps=231424 reward=200.15 pi_loss=-0.0659 vf_loss=16.5523 entropy=34.9797 kl=0.2378
  [Eval] mean_return=503.71 std_return=118.57
[Iter 114/488] steps=233472 reward=233.73 pi_loss=-0.0679 vf_loss=18.7115 entropy=34.8962 kl=0.1944
[Iter 115/488] steps=235520 reward=249.07 pi_loss=-0.0673 vf_loss=23.7119 entropy=34.5632 kl=0.1418
[Iter 116/488] steps=237568 reward=226.84 pi_loss=-0.0646 vf_loss=15.3703 entropy=35.0890 kl=0.2511
[Iter 117/488] steps=239616 reward=307.23 pi_loss=-0.0518 vf_loss=13.2801 entropy=35.1829 kl=0.2977
[Iter 118/488] steps=241664 reward=297.67 pi_loss=-0.0716 vf_loss=21.7161 entropy=34.4034 kl=0.1161
  [Eval] mean_return=483.29 std_return=96.87
[Iter 119/488] steps=243712 reward=174.32 pi_loss=-0.0733 vf_loss=17.5298 entropy=34.6320 kl=0.1417
[Iter 120/488] steps=245760 reward=368.30 pi_loss=-0.0742 vf_loss=16.4096 entropy=34.7019 kl=0.1673
[Iter 121/488] steps=247808 reward=282.31 pi_loss=-0.0535 vf_loss=12.3862 entropy=35.2214 kl=0.3033
[Iter 122/488] steps=249856 reward=295.89 pi_loss=-0.0686 vf_loss=17.5023 entropy=34.8921 kl=0.2039
[Iter 123/488] steps=251904 reward=307.70 pi_loss=-0.0684 vf_loss=17.9671 entropy=34.4170 kl=0.1265
  [Eval] mean_return=557.19 std_return=80.21
[Iter 124/488] steps=253952 reward=109.16 pi_loss=-0.0743 vf_loss=16.6386 entropy=34.6528 kl=0.1526
[Iter 125/488] steps=256000 reward=256.93 pi_loss=-0.0735 vf_loss=21.9083 entropy=34.5431 kl=0.1244
[Iter 126/488] steps=258048 reward=83.80 pi_loss=-0.0766 vf_loss=25.5417 entropy=34.3781 kl=0.1041
[Iter 127/488] steps=260096 reward=206.63 pi_loss=-0.0732 vf_loss=25.6937 entropy=34.5624 kl=0.1312
  [Eval] mean_return=512.51 std_return=97.59
[Iter 128/488] steps=262144 reward=310.67 pi_loss=-0.0652 vf_loss=19.2683 entropy=34.9442 kl=0.2177
[Iter 129/488] steps=264192 reward=214.89 pi_loss=-0.0721 vf_loss=30.0411 entropy=34.4399 kl=0.1216
[Iter 130/488] steps=266240 reward=95.63 pi_loss=-0.0594 vf_loss=17.8417 entropy=35.0603 kl=0.2365
[Iter 131/488] steps=268288 reward=215.04 pi_loss=-0.0665 vf_loss=23.5897 entropy=34.6951 kl=0.1703
[Iter 132/488] steps=270336 reward=134.34 pi_loss=-0.0742 vf_loss=29.7065 entropy=34.6245 kl=0.1298
  [Eval] mean_return=560.42 std_return=79.92
[Iter 133/488] steps=272384 reward=274.72 pi_loss=-0.0668 vf_loss=17.9518 entropy=34.8597 kl=0.2157
[Iter 134/488] steps=274432 reward=226.30 pi_loss=-0.0694 vf_loss=22.8131 entropy=34.6634 kl=0.1559
[Iter 135/488] steps=276480 reward=328.93 pi_loss=-0.0788 vf_loss=22.8576 entropy=34.7864 kl=0.1744
[Iter 136/488] steps=278528 reward=62.49 pi_loss=-0.0631 vf_loss=19.7674 entropy=34.8318 kl=0.1859
[Iter 137/488] steps=280576 reward=286.36 pi_loss=-0.0737 vf_loss=25.2216 entropy=34.8537 kl=0.1734
  [Eval] mean_return=472.56 std_return=174.14
[Iter 138/488] steps=282624 reward=202.32 pi_loss=-0.0717 vf_loss=18.4233 entropy=34.8718 kl=0.2055
[Iter 139/488] steps=284672 reward=259.05 pi_loss=-0.0428 vf_loss=12.7466 entropy=36.0114 kl=0.4914
[Iter 140/488] steps=286720 reward=261.26 pi_loss=-0.0650 vf_loss=15.2472 entropy=34.9234 kl=0.2374
[Iter 141/488] steps=288768 reward=172.64 pi_loss=-0.0727 vf_loss=16.6083 entropy=34.7182 kl=0.1535
[Iter 142/488] steps=290816 reward=132.08 pi_loss=-0.0776 vf_loss=22.2546 entropy=34.6045 kl=0.1255
  [Eval] mean_return=472.74 std_return=116.07
[Iter 143/488] steps=292864 reward=163.52 pi_loss=-0.0742 vf_loss=16.8778 entropy=34.6768 kl=0.1800
[Iter 144/488] steps=294912 reward=114.19 pi_loss=-0.0751 vf_loss=18.4548 entropy=34.4873 kl=0.1298
[Iter 145/488] steps=296960 reward=191.58 pi_loss=-0.0647 vf_loss=12.3426 entropy=35.1738 kl=0.2810
[Iter 146/488] steps=299008 reward=215.33 pi_loss=-0.0736 vf_loss=23.5729 entropy=34.5498 kl=0.1139
[Iter 147/488] steps=301056 reward=51.90 pi_loss=-0.0688 vf_loss=12.9881 entropy=47.8962 kl=2.7258
  [Eval] mean_return=474.12 std_return=71.80
[Iter 148/488] steps=303104 reward=230.24 pi_loss=-0.0710 vf_loss=18.0700 entropy=34.7260 kl=0.1534
[Iter 149/488] steps=305152 reward=87.02 pi_loss=-0.0767 vf_loss=27.3370 entropy=34.5193 kl=0.1072
[Iter 150/488] steps=307200 reward=183.49 pi_loss=-0.0741 vf_loss=15.4418 entropy=34.5396 kl=0.1598
[Iter 151/488] steps=309248 reward=205.76 pi_loss=-0.0634 vf_loss=13.7372 entropy=35.1727 kl=0.2728
[Iter 152/488] steps=311296 reward=173.67 pi_loss=-0.0801 vf_loss=16.4308 entropy=34.6344 kl=0.1680
  [Eval] mean_return=540.23 std_return=94.32
[Iter 153/488] steps=313344 reward=170.50 pi_loss=-0.0713 vf_loss=15.9875 entropy=34.6775 kl=0.1692
[Iter 154/488] steps=315392 reward=249.62 pi_loss=-0.0693 vf_loss=17.2482 entropy=34.9601 kl=0.2166
[Iter 155/488] steps=317440 reward=153.35 pi_loss=-0.0719 vf_loss=13.5467 entropy=34.8299 kl=0.2058
[Iter 156/488] steps=319488 reward=184.70 pi_loss=-0.0790 vf_loss=23.7650 entropy=34.5342 kl=0.1333
[Iter 157/488] steps=321536 reward=205.80 pi_loss=-0.0724 vf_loss=19.3284 entropy=34.7995 kl=0.1795
  [Eval] mean_return=534.06 std_return=43.54
[Iter 158/488] steps=323584 reward=204.70 pi_loss=-0.0714 vf_loss=29.1207 entropy=34.7591 kl=0.1605
[Iter 159/488] steps=325632 reward=150.88 pi_loss=-0.0650 vf_loss=16.2670 entropy=35.0747 kl=0.2412
[Iter 160/488] steps=327680 reward=158.20 pi_loss=-0.0798 vf_loss=25.1064 entropy=34.6507 kl=0.1752
[Iter 161/488] steps=329728 reward=243.83 pi_loss=-0.0782 vf_loss=24.3922 entropy=34.6568 kl=0.1613
[Iter 162/488] steps=331776 reward=261.80 pi_loss=-0.0661 vf_loss=15.2293 entropy=35.1974 kl=0.2589
  [Eval] mean_return=574.67 std_return=80.11
[Iter 163/488] steps=333824 reward=198.54 pi_loss=-0.0662 vf_loss=15.1930 entropy=35.0437 kl=0.2551
[Iter 164/488] steps=335872 reward=265.90 pi_loss=-0.0690 vf_loss=18.8616 entropy=34.7238 kl=0.1817
[Iter 165/488] steps=337920 reward=312.67 pi_loss=-0.0801 vf_loss=17.7806 entropy=34.8301 kl=0.1701
[Iter 166/488] steps=339968 reward=276.85 pi_loss=-0.0728 vf_loss=16.5129 entropy=34.7069 kl=0.1818
[Iter 167/488] steps=342016 reward=265.27 pi_loss=-0.0747 vf_loss=24.9082 entropy=34.4455 kl=0.1260
  [Eval] mean_return=503.37 std_return=108.73
[Iter 168/488] steps=344064 reward=279.48 pi_loss=-0.0688 vf_loss=17.8420 entropy=34.7603 kl=0.1934
[Iter 169/488] steps=346112 reward=197.02 pi_loss=-0.0782 vf_loss=18.0698 entropy=34.7120 kl=0.1713
[Iter 170/488] steps=348160 reward=399.97 pi_loss=-0.0563 vf_loss=16.2977 entropy=34.9892 kl=0.2323
[Iter 171/488] steps=350208 reward=326.10 pi_loss=-0.0796 vf_loss=25.8362 entropy=34.6090 kl=0.1234
  [Eval] mean_return=556.05 std_return=111.87
[Iter 172/488] steps=352256 reward=270.60 pi_loss=-0.0748 vf_loss=17.7366 entropy=34.8659 kl=0.1911
[Iter 173/488] steps=354304 reward=263.04 pi_loss=-0.0712 vf_loss=19.0231 entropy=34.7517 kl=0.1823
[Iter 174/488] steps=356352 reward=243.21 pi_loss=-0.0681 vf_loss=16.4968 entropy=34.9861 kl=0.2312
[Iter 175/488] steps=358400 reward=296.72 pi_loss=-0.0782 vf_loss=21.9448 entropy=34.5177 kl=0.1326
[Iter 176/488] steps=360448 reward=193.16 pi_loss=-0.0784 vf_loss=19.3924 entropy=34.6563 kl=0.1569
  [Eval] mean_return=539.34 std_return=89.62
[Iter 177/488] steps=362496 reward=171.62 pi_loss=-0.0787 vf_loss=19.7869 entropy=34.7447 kl=0.1657
[Iter 178/488] steps=364544 reward=232.57 pi_loss=-0.0728 vf_loss=22.0452 entropy=34.6374 kl=0.1582
[Iter 179/488] steps=366592 reward=332.62 pi_loss=-0.0697 vf_loss=16.0384 entropy=34.9505 kl=0.2367
[Iter 180/488] steps=368640 reward=305.31 pi_loss=-0.0819 vf_loss=19.9836 entropy=34.7504 kl=0.1658
[Iter 181/488] steps=370688 reward=134.52 pi_loss=-0.0725 vf_loss=14.0341 entropy=35.1141 kl=0.2488
  [Eval] mean_return=557.58 std_return=170.20
[Iter 182/488] steps=372736 reward=282.48 pi_loss=-0.0762 vf_loss=19.4001 entropy=34.6613 kl=0.1641
[Iter 183/488] steps=374784 reward=294.99 pi_loss=-0.0708 vf_loss=15.9478 entropy=35.0248 kl=0.2210
[Iter 184/488] steps=376832 reward=349.16 pi_loss=-0.0776 vf_loss=22.1390 entropy=34.6493 kl=0.1695
[Iter 185/488] steps=378880 reward=275.39 pi_loss=-0.0823 vf_loss=18.4418 entropy=34.7122 kl=0.1739
[Iter 186/488] steps=380928 reward=280.11 pi_loss=-0.0783 vf_loss=19.3977 entropy=34.7997 kl=0.1767
  [Eval] mean_return=666.65 std_return=137.42
[Iter 187/488] steps=382976 reward=352.72 pi_loss=-0.0675 vf_loss=16.5583 entropy=35.0561 kl=0.2629
[Iter 188/488] steps=385024 reward=399.36 pi_loss=-0.0810 vf_loss=25.8515 entropy=34.6383 kl=0.1262
[Iter 189/488] steps=387072 reward=232.80 pi_loss=-0.0807 vf_loss=25.3439 entropy=34.3925 kl=0.1206
[Iter 190/488] steps=389120 reward=390.59 pi_loss=-0.0741 vf_loss=17.8513 entropy=35.0819 kl=0.2264
[Iter 191/488] steps=391168 reward=208.17 pi_loss=-0.0773 vf_loss=20.6874 entropy=34.7594 kl=0.1875
  [Eval] mean_return=751.05 std_return=79.57
[Iter 192/488] steps=393216 reward=455.25 pi_loss=-0.0784 vf_loss=26.3234 entropy=34.6197 kl=0.1389
[Iter 193/488] steps=395264 reward=231.74 pi_loss=-0.0801 vf_loss=26.4933 entropy=34.5984 kl=0.1371
[Iter 194/488] steps=397312 reward=411.30 pi_loss=-0.0788 vf_loss=56.0805 entropy=34.5969 kl=0.0980
[Iter 195/488] steps=399360 reward=557.53 pi_loss=-0.0711 vf_loss=30.4708 entropy=34.6990 kl=0.1578
[Iter 196/488] steps=401408 reward=402.08 pi_loss=-0.0764 vf_loss=21.2988 entropy=35.0531 kl=0.2409
  [Eval] mean_return=669.65 std_return=101.84
[Iter 197/488] steps=403456 reward=303.38 pi_loss=-0.0566 vf_loss=20.4442 entropy=35.6405 kl=0.3667
[Iter 198/488] steps=405504 reward=243.98 pi_loss=-0.0795 vf_loss=22.0763 entropy=34.8033 kl=0.1805
[Iter 199/488] steps=407552 reward=425.08 pi_loss=-0.0414 vf_loss=16.3228 entropy=36.0876 kl=0.5103
[Iter 200/488] steps=409600 reward=401.13 pi_loss=-0.0670 vf_loss=16.5100 entropy=35.2607 kl=0.2489
[Iter 201/488] steps=411648 reward=395.32 pi_loss=-0.0727 vf_loss=22.4882 entropy=34.6013 kl=0.1474
  [Eval] mean_return=695.25 std_return=116.01
[Iter 202/488] steps=413696 reward=264.09 pi_loss=-0.0798 vf_loss=28.5943 entropy=34.6875 kl=0.1358
[Iter 203/488] steps=415744 reward=383.28 pi_loss=-0.0661 vf_loss=19.6164 entropy=34.8796 kl=0.2196
[Iter 204/488] steps=417792 reward=408.34 pi_loss=-0.0829 vf_loss=28.3768 entropy=34.5081 kl=0.1359
[Iter 205/488] steps=419840 reward=160.25 pi_loss=-0.0596 vf_loss=23.6720 entropy=34.9658 kl=0.1937
[Iter 206/488] steps=421888 reward=576.07 pi_loss=-0.0768 vf_loss=28.6451 entropy=34.5467 kl=0.1418
  [Eval] mean_return=648.85 std_return=82.92
[Iter 207/488] steps=423936 reward=299.51 pi_loss=-0.0774 vf_loss=24.4601 entropy=34.4925 kl=0.1454
[Iter 208/488] steps=425984 reward=415.77 pi_loss=-0.0780 vf_loss=24.3290 entropy=34.5803 kl=0.1656
[Iter 209/488] steps=428032 reward=346.76 pi_loss=-0.0678 vf_loss=21.2701 entropy=34.8196 kl=0.2125
[Iter 210/488] steps=430080 reward=405.67 pi_loss=-0.0608 vf_loss=17.9865 entropy=35.1570 kl=0.2768
  [Eval] mean_return=702.19 std_return=62.56
[Iter 211/488] steps=432128 reward=392.30 pi_loss=-0.0773 vf_loss=25.3860 entropy=34.7704 kl=0.1537
[Iter 212/488] steps=434176 reward=285.23 pi_loss=-0.0712 vf_loss=20.3690 entropy=34.7445 kl=0.1947
[Iter 213/488] steps=436224 reward=427.71 pi_loss=-0.0796 vf_loss=21.4983 entropy=34.5142 kl=0.1507
[Iter 214/488] steps=438272 reward=446.02 pi_loss=-0.0744 vf_loss=21.9790 entropy=34.7634 kl=0.1827
[Iter 215/488] steps=440320 reward=316.24 pi_loss=-0.0834 vf_loss=18.0605 entropy=34.8703 kl=0.2058
  [Eval] mean_return=655.42 std_return=61.07
[Iter 216/488] steps=442368 reward=429.03 pi_loss=-0.0677 vf_loss=20.2168 entropy=34.7702 kl=0.1935
[Iter 217/488] steps=444416 reward=456.84 pi_loss=-0.0649 vf_loss=16.2953 entropy=34.8675 kl=0.2301
[Iter 218/488] steps=446464 reward=470.85 pi_loss=-0.0756 vf_loss=30.5786 entropy=34.4735 kl=0.1044
[Iter 219/488] steps=448512 reward=342.72 pi_loss=-0.0786 vf_loss=29.0679 entropy=34.4866 kl=0.1214
[Iter 220/488] steps=450560 reward=489.28 pi_loss=-0.0759 vf_loss=19.8044 entropy=34.7499 kl=0.1926
  [Eval] mean_return=667.65 std_return=91.90
[Iter 221/488] steps=452608 reward=395.42 pi_loss=-0.0747 vf_loss=20.8042 entropy=34.7748 kl=0.1863
[Iter 222/488] steps=454656 reward=470.06 pi_loss=-0.0789 vf_loss=23.8349 entropy=34.5595 kl=0.1424
[Iter 223/488] steps=456704 reward=260.47 pi_loss=-0.0695 vf_loss=18.7269 entropy=34.8644 kl=0.2154
[Iter 224/488] steps=458752 reward=488.59 pi_loss=-0.0745 vf_loss=21.8575 entropy=34.6330 kl=0.1650
[Iter 225/488] steps=460800 reward=491.36 pi_loss=-0.0751 vf_loss=27.3211 entropy=34.6304 kl=0.1352
  [Eval] mean_return=709.88 std_return=56.43
[Iter 226/488] steps=462848 reward=404.66 pi_loss=-0.0797 vf_loss=29.3810 entropy=34.7041 kl=0.1271
[Iter 227/488] steps=464896 reward=199.96 pi_loss=-0.0761 vf_loss=27.9085 entropy=34.5974 kl=0.1642
[Iter 228/488] steps=466944 reward=526.16 pi_loss=-0.0691 vf_loss=18.6458 entropy=35.3805 kl=0.3112
[Iter 229/488] steps=468992 reward=413.82 pi_loss=-0.0628 vf_loss=18.6808 entropy=34.8628 kl=0.2228
[Iter 230/488] steps=471040 reward=450.15 pi_loss=-0.0788 vf_loss=25.9402 entropy=34.6936 kl=0.1465
  [Eval] mean_return=676.35 std_return=77.30
[Iter 231/488] steps=473088 reward=460.48 pi_loss=-0.0787 vf_loss=31.4933 entropy=34.4338 kl=0.1247
[Iter 232/488] steps=475136 reward=501.26 pi_loss=-0.0832 vf_loss=26.2592 entropy=34.6312 kl=0.1439
[Iter 233/488] steps=477184 reward=373.98 pi_loss=-0.0781 vf_loss=25.5304 entropy=34.6503 kl=0.1359
[Iter 234/488] steps=479232 reward=523.77 pi_loss=-0.0664 vf_loss=24.8741 entropy=34.6966 kl=0.1946
[Iter 235/488] steps=481280 reward=462.64 pi_loss=-0.0680 vf_loss=22.5217 entropy=34.7944 kl=0.2107
  [Eval] mean_return=712.13 std_return=112.68
[Iter 236/488] steps=483328 reward=405.01 pi_loss=-0.0664 vf_loss=19.9505 entropy=34.8300 kl=0.2003
[Iter 237/488] steps=485376 reward=514.55 pi_loss=-0.0493 vf_loss=16.8223 entropy=35.7226 kl=0.4368
[Iter 238/488] steps=487424 reward=494.62 pi_loss=-0.0822 vf_loss=24.2494 entropy=34.6460 kl=0.1311
[Iter 239/488] steps=489472 reward=398.44 pi_loss=-0.0727 vf_loss=23.7385 entropy=34.6336 kl=0.1287
[Iter 240/488] steps=491520 reward=473.00 pi_loss=-0.0749 vf_loss=23.0095 entropy=34.6348 kl=0.1504
  [Eval] mean_return=763.46 std_return=76.61
[Iter 241/488] steps=493568 reward=526.94 pi_loss=-0.0765 vf_loss=27.0644 entropy=34.5994 kl=0.1374
[Iter 242/488] steps=495616 reward=545.26 pi_loss=-0.0788 vf_loss=32.7056 entropy=34.5017 kl=0.1121
[Iter 243/488] steps=497664 reward=363.96 pi_loss=-0.0810 vf_loss=35.0970 entropy=34.5213 kl=0.1127
[Iter 244/488] steps=499712 reward=404.66 pi_loss=-0.0794 vf_loss=29.2364 entropy=34.5684 kl=0.1334
[Iter 245/488] steps=501760 reward=548.27 pi_loss=-0.0691 vf_loss=25.4898 entropy=34.7854 kl=0.2104
  [Eval] mean_return=764.85 std_return=55.87
[Iter 246/488] steps=503808 reward=364.89 pi_loss=-0.0824 vf_loss=36.6135 entropy=34.5453 kl=0.1254
[Iter 247/488] steps=505856 reward=394.65 pi_loss=-0.0645 vf_loss=24.6215 entropy=34.8801 kl=0.2055
[Iter 248/488] steps=507904 reward=547.24 pi_loss=-0.0664 vf_loss=22.5448 entropy=34.8414 kl=0.2213
[Iter 249/488] steps=509952 reward=419.29 pi_loss=-0.0629 vf_loss=22.4287 entropy=34.7839 kl=0.2112
[Iter 250/488] steps=512000 reward=522.29 pi_loss=-0.0654 vf_loss=24.0420 entropy=35.0576 kl=0.2438
  [Eval] mean_return=783.94 std_return=74.77
[Iter 251/488] steps=514048 reward=569.93 pi_loss=-0.0712 vf_loss=23.7283 entropy=34.5875 kl=0.1527
[Iter 252/488] steps=516096 reward=437.64 pi_loss=-0.0716 vf_loss=24.9677 entropy=34.9305 kl=0.2055
[Iter 253/488] steps=518144 reward=493.82 pi_loss=-0.0686 vf_loss=20.8213 entropy=34.6842 kl=0.1605
[Iter 254/488] steps=520192 reward=429.04 pi_loss=-0.0768 vf_loss=22.2661 entropy=34.6419 kl=0.1465
  [Eval] mean_return=826.97 std_return=58.50
[Iter 255/488] steps=522240 reward=531.12 pi_loss=-0.0704 vf_loss=21.5722 entropy=34.8814 kl=0.1930
[Iter 256/488] steps=524288 reward=531.69 pi_loss=-0.0769 vf_loss=28.9977 entropy=34.4621 kl=0.1265
[Iter 257/488] steps=526336 reward=637.87 pi_loss=-0.0667 vf_loss=22.9313 entropy=34.7387 kl=0.1674
[Iter 258/488] steps=528384 reward=431.17 pi_loss=-0.0677 vf_loss=26.9441 entropy=34.6692 kl=0.1410
[Iter 259/488] steps=530432 reward=473.66 pi_loss=-0.0752 vf_loss=27.5250 entropy=34.4606 kl=0.1105
  [Eval] mean_return=762.28 std_return=53.37
[Iter 260/488] steps=532480 reward=462.09 pi_loss=-0.0657 vf_loss=27.4367 entropy=34.6592 kl=0.1408
[Iter 261/488] steps=534528 reward=523.73 pi_loss=-0.0728 vf_loss=31.1076 entropy=34.5665 kl=0.1229
[Iter 262/488] steps=536576 reward=607.36 pi_loss=-0.0644 vf_loss=22.9931 entropy=34.7859 kl=0.1837
[Iter 263/488] steps=538624 reward=562.82 pi_loss=-0.0699 vf_loss=26.1994 entropy=34.5318 kl=0.1608
[Iter 264/488] steps=540672 reward=557.76 pi_loss=-0.0682 vf_loss=28.0754 entropy=34.5403 kl=0.1318
  [Eval] mean_return=766.31 std_return=57.76
[Iter 265/488] steps=542720 reward=501.49 pi_loss=-0.0738 vf_loss=36.7900 entropy=34.4769 kl=0.1037
[Iter 266/488] steps=544768 reward=517.87 pi_loss=-0.0703 vf_loss=29.2047 entropy=34.4323 kl=0.1351
[Iter 267/488] steps=546816 reward=611.30 pi_loss=-0.0758 vf_loss=41.3114 entropy=34.4821 kl=0.1080
[Iter 268/488] steps=548864 reward=502.69 pi_loss=-0.0716 vf_loss=29.2264 entropy=34.7003 kl=0.1479
[Iter 269/488] steps=550912 reward=524.56 pi_loss=-0.0613 vf_loss=19.8363 entropy=35.3593 kl=0.2873
  [Eval] mean_return=742.58 std_return=119.08
[Iter 270/488] steps=552960 reward=462.55 pi_loss=-0.0768 vf_loss=28.0375 entropy=34.6207 kl=0.1359
[Iter 271/488] steps=555008 reward=502.93 pi_loss=-0.0846 vf_loss=31.7576 entropy=34.5576 kl=0.1370
[Iter 272/488] steps=557056 reward=525.49 pi_loss=-0.0744 vf_loss=27.8234 entropy=34.6040 kl=0.1532
[Iter 273/488] steps=559104 reward=496.98 pi_loss=-0.0775 vf_loss=35.2247 entropy=34.5563 kl=0.1274
[Iter 274/488] steps=561152 reward=633.99 pi_loss=-0.0755 vf_loss=33.5255 entropy=34.5831 kl=0.1466
  [Eval] mean_return=834.52 std_return=64.73
[Iter 275/488] steps=563200 reward=494.95 pi_loss=-0.0644 vf_loss=24.8732 entropy=35.1382 kl=0.2818
[Iter 276/488] steps=565248 reward=595.71 pi_loss=-0.0782 vf_loss=34.7308 entropy=34.7083 kl=0.1325
[Iter 277/488] steps=567296 reward=576.40 pi_loss=-0.0806 vf_loss=31.3900 entropy=34.5639 kl=0.1363
[Iter 278/488] steps=569344 reward=592.63 pi_loss=-0.0637 vf_loss=24.4671 entropy=34.8024 kl=0.1697
[Iter 279/488] steps=571392 reward=534.98 pi_loss=-0.0758 vf_loss=40.2247 entropy=34.6210 kl=0.1063
  [Eval] mean_return=898.03 std_return=77.73
[Iter 280/488] steps=573440 reward=570.34 pi_loss=-0.0788 vf_loss=38.6166 entropy=34.4973 kl=0.1241
[Iter 281/488] steps=575488 reward=539.32 pi_loss=-0.0755 vf_loss=40.6040 entropy=34.5494 kl=0.1252
[Iter 282/488] steps=577536 reward=396.40 pi_loss=-0.0781 vf_loss=30.8938 entropy=34.6416 kl=0.1448
[Iter 283/488] steps=579584 reward=594.32 pi_loss=-0.0644 vf_loss=34.5665 entropy=34.8778 kl=0.1958
[Iter 284/488] steps=581632 reward=582.69 pi_loss=-0.0791 vf_loss=32.2453 entropy=34.6641 kl=0.1429
  [Eval] mean_return=872.72 std_return=66.85
[Iter 285/488] steps=583680 reward=433.68 pi_loss=-0.0779 vf_loss=28.3721 entropy=34.6426 kl=0.1664
[Iter 286/488] steps=585728 reward=312.39 pi_loss=-0.0771 vf_loss=38.5891 entropy=34.5463 kl=0.1167
[Iter 287/488] steps=587776 reward=497.45 pi_loss=-0.0661 vf_loss=31.8370 entropy=34.6473 kl=0.1574
[Iter 288/488] steps=589824 reward=585.37 pi_loss=-0.0815 vf_loss=36.9254 entropy=34.4254 kl=0.1157
[Iter 289/488] steps=591872 reward=438.78 pi_loss=-0.0743 vf_loss=35.0991 entropy=34.5251 kl=0.1309
  [Eval] mean_return=899.57 std_return=117.53
[Iter 290/488] steps=593920 reward=465.87 pi_loss=-0.0761 vf_loss=32.6661 entropy=34.7089 kl=0.1543
[Iter 291/488] steps=595968 reward=565.80 pi_loss=-0.0632 vf_loss=26.1917 entropy=34.7473 kl=0.1826
[Iter 292/488] steps=598016 reward=507.08 pi_loss=-0.0721 vf_loss=33.4955 entropy=34.5806 kl=0.1508
[Iter 293/488] steps=600064 reward=473.05 pi_loss=-0.0648 vf_loss=27.8683 entropy=34.5113 kl=0.1560
  [Eval] mean_return=807.33 std_return=126.52
[Iter 294/488] steps=602112 reward=412.02 pi_loss=-0.0766 vf_loss=43.4378 entropy=34.5052 kl=0.1115
[Iter 295/488] steps=604160 reward=582.74 pi_loss=-0.0816 vf_loss=33.3776 entropy=34.5097 kl=0.1177
[Iter 296/488] steps=606208 reward=505.41 pi_loss=-0.0737 vf_loss=28.1901 entropy=34.7333 kl=0.1698
[Iter 297/488] steps=608256 reward=552.52 pi_loss=-0.0721 vf_loss=30.8424 entropy=34.5306 kl=0.1378
[Iter 298/488] steps=610304 reward=566.61 pi_loss=-0.0764 vf_loss=30.6084 entropy=34.5065 kl=0.1263
  [Eval] mean_return=831.56 std_return=91.13
[Iter 299/488] steps=612352 reward=548.15 pi_loss=-0.0642 vf_loss=25.5525 entropy=34.8007 kl=0.1925
[Iter 300/488] steps=614400 reward=579.94 pi_loss=-0.0684 vf_loss=29.0306 entropy=34.6391 kl=0.1450
[Iter 301/488] steps=616448 reward=440.49 pi_loss=-0.0763 vf_loss=34.3474 entropy=34.7234 kl=0.1212
[Iter 302/488] steps=618496 reward=437.93 pi_loss=-0.0749 vf_loss=25.6438 entropy=34.7090 kl=0.1466
[Iter 303/488] steps=620544 reward=547.61 pi_loss=-0.0724 vf_loss=30.8564 entropy=34.7934 kl=0.1467
  [Eval] mean_return=782.87 std_return=134.08
[Iter 304/488] steps=622592 reward=575.71 pi_loss=-0.0720 vf_loss=33.4812 entropy=34.5951 kl=0.1273
[Iter 305/488] steps=624640 reward=522.40 pi_loss=-0.0798 vf_loss=41.8043 entropy=34.5306 kl=0.1062
[Iter 306/488] steps=626688 reward=491.53 pi_loss=-0.0595 vf_loss=25.7438 entropy=34.7914 kl=0.1847
[Iter 307/488] steps=628736 reward=541.98 pi_loss=-0.0754 vf_loss=41.8075 entropy=34.3818 kl=0.0969
[Iter 308/488] steps=630784 reward=672.05 pi_loss=-0.0751 vf_loss=50.5418 entropy=34.3776 kl=0.0926
  [Eval] mean_return=822.29 std_return=125.87
[Iter 309/488] steps=632832 reward=534.91 pi_loss=-0.0805 vf_loss=46.3975 entropy=34.3496 kl=0.1072
[Iter 310/488] steps=634880 reward=440.00 pi_loss=-0.0800 vf_loss=36.1601 entropy=34.6624 kl=0.1365
[Iter 311/488] steps=636928 reward=612.77 pi_loss=-0.0743 vf_loss=34.5379 entropy=34.4876 kl=0.1446
[Iter 312/488] steps=638976 reward=602.31 pi_loss=-0.0693 vf_loss=38.6645 entropy=34.7150 kl=0.1420
[Iter 313/488] steps=641024 reward=499.57 pi_loss=-0.0778 vf_loss=40.3849 entropy=34.5650 kl=0.1133
  [Eval] mean_return=863.48 std_return=141.61
[Iter 314/488] steps=643072 reward=451.24 pi_loss=-0.0759 vf_loss=40.8799 entropy=34.5345 kl=0.1123
[Iter 315/488] steps=645120 reward=446.11 pi_loss=-0.0881 vf_loss=58.9380 entropy=34.3379 kl=0.1005
[Iter 316/488] steps=647168 reward=499.89 pi_loss=-0.0785 vf_loss=34.8823 entropy=34.6714 kl=0.1568
[Iter 317/488] steps=649216 reward=545.34 pi_loss=-0.0740 vf_loss=32.8946 entropy=34.7795 kl=0.1477
[Iter 318/488] steps=651264 reward=562.63 pi_loss=-0.0682 vf_loss=28.0188 entropy=34.6591 kl=0.1791
  [Eval] mean_return=899.32 std_return=85.85
[Iter 319/488] steps=653312 reward=679.18 pi_loss=-0.0669 vf_loss=29.5891 entropy=34.7038 kl=0.1295
[Iter 320/488] steps=655360 reward=670.53 pi_loss=-0.0692 vf_loss=39.3166 entropy=34.5632 kl=0.1155
[Iter 321/488] steps=657408 reward=630.11 pi_loss=-0.0761 vf_loss=36.0541 entropy=34.4137 kl=0.1117
[Iter 322/488] steps=659456 reward=581.76 pi_loss=-0.0840 vf_loss=41.0167 entropy=34.5110 kl=0.1104
[Iter 323/488] steps=661504 reward=666.06 pi_loss=-0.0753 vf_loss=44.1322 entropy=34.4666 kl=0.1008
  [Eval] mean_return=938.18 std_return=99.91
[Iter 324/488] steps=663552 reward=571.42 pi_loss=-0.0838 vf_loss=47.2204 entropy=34.4531 kl=0.0960
[Iter 325/488] steps=665600 reward=518.83 pi_loss=-0.0735 vf_loss=27.6945 entropy=34.4522 kl=0.1548
[Iter 326/488] steps=667648 reward=651.06 pi_loss=-0.0748 vf_loss=35.4910 entropy=34.4954 kl=0.1257
[Iter 327/488] steps=669696 reward=579.15 pi_loss=-0.0771 vf_loss=41.2167 entropy=34.3847 kl=0.1036
[Iter 328/488] steps=671744 reward=639.85 pi_loss=-0.0790 vf_loss=34.3228 entropy=34.7125 kl=0.1465
  [Eval] mean_return=951.90 std_return=81.86
[Iter 329/488] steps=673792 reward=572.48 pi_loss=-0.0761 vf_loss=37.6884 entropy=34.5905 kl=0.1365
[Iter 330/488] steps=675840 reward=582.03 pi_loss=-0.0735 vf_loss=40.5668 entropy=34.4728 kl=0.1094
[Iter 331/488] steps=677888 reward=622.48 pi_loss=-0.0629 vf_loss=35.2834 entropy=34.4800 kl=0.1207
[Iter 332/488] steps=679936 reward=571.02 pi_loss=-0.0801 vf_loss=39.5973 entropy=34.4747 kl=0.1023
[Iter 333/488] steps=681984 reward=639.70 pi_loss=-0.0587 vf_loss=33.3174 entropy=34.5466 kl=0.1477
  [Eval] mean_return=882.54 std_return=136.54
[Iter 334/488] steps=684032 reward=671.87 pi_loss=-0.0662 vf_loss=38.1356 entropy=34.4142 kl=0.1169
[Iter 335/488] steps=686080 reward=655.96 pi_loss=-0.0667 vf_loss=35.1303 entropy=34.7033 kl=0.1404
[Iter 336/488] steps=688128 reward=674.97 pi_loss=-0.0625 vf_loss=34.8468 entropy=34.6817 kl=0.1423
[Iter 337/488] steps=690176 reward=486.53 pi_loss=-0.0797 vf_loss=34.9456 entropy=34.3193 kl=0.1007
  [Eval] mean_return=889.70 std_return=129.11
[Iter 338/488] steps=692224 reward=578.75 pi_loss=-0.0700 vf_loss=38.5156 entropy=34.4891 kl=0.1161
[Iter 339/488] steps=694272 reward=587.85 pi_loss=-0.0724 vf_loss=38.8570 entropy=34.4476 kl=0.1115
[Iter 340/488] steps=696320 reward=659.23 pi_loss=-0.0699 vf_loss=36.8635 entropy=34.4199 kl=0.1026
[Iter 341/488] steps=698368 reward=590.07 pi_loss=-0.0708 vf_loss=40.4000 entropy=34.4060 kl=0.0880
[Iter 342/488] steps=700416 reward=754.13 pi_loss=-0.0623 vf_loss=36.5567 entropy=34.5877 kl=0.1155
  [Eval] mean_return=921.19 std_return=123.93
[Iter 343/488] steps=702464 reward=686.63 pi_loss=-0.0697 vf_loss=43.9807 entropy=34.5236 kl=0.1091
[Iter 344/488] steps=704512 reward=683.76 pi_loss=-0.0662 vf_loss=39.3014 entropy=34.4715 kl=0.1047
[Iter 345/488] steps=706560 reward=746.54 pi_loss=-0.0617 vf_loss=40.9561 entropy=34.3756 kl=0.0996
[Iter 346/488] steps=708608 reward=664.15 pi_loss=-0.0699 vf_loss=39.3426 entropy=34.5237 kl=0.0957
[Iter 347/488] steps=710656 reward=766.00 pi_loss=-0.0716 vf_loss=37.8511 entropy=34.5318 kl=0.1277
  [Eval] mean_return=951.03 std_return=79.50
[Iter 348/488] steps=712704 reward=766.11 pi_loss=-0.0602 vf_loss=34.6244 entropy=34.5798 kl=0.1476
[Iter 349/488] steps=714752 reward=707.08 pi_loss=-0.0636 vf_loss=36.8218 entropy=34.6361 kl=0.1252
[Iter 350/488] steps=716800 reward=666.48 pi_loss=-0.0747 vf_loss=41.5381 entropy=34.3584 kl=0.0898
[Iter 351/488] steps=718848 reward=647.82 pi_loss=-0.0651 vf_loss=36.9595 entropy=34.4303 kl=0.1022
[Iter 352/488] steps=720896 reward=690.13 pi_loss=-0.0572 vf_loss=34.8305 entropy=34.3988 kl=0.1070
  [Eval] mean_return=994.01 std_return=73.39
[Iter 353/488] steps=722944 reward=743.19 pi_loss=-0.0716 vf_loss=38.2672 entropy=34.4704 kl=0.0996
[Iter 354/488] steps=724992 reward=752.36 pi_loss=-0.0661 vf_loss=35.2442 entropy=34.5891 kl=0.1046
[Iter 355/488] steps=727040 reward=667.87 pi_loss=-0.0708 vf_loss=54.1852 entropy=34.3625 kl=0.0811
[Iter 356/488] steps=729088 reward=639.69 pi_loss=-0.0690 vf_loss=50.7971 entropy=34.3640 kl=0.0738
[Iter 357/488] steps=731136 reward=751.74 pi_loss=-0.0716 vf_loss=46.6343 entropy=34.5037 kl=0.0857
  [Eval] mean_return=943.13 std_return=104.60
[Iter 358/488] steps=733184 reward=707.18 pi_loss=-0.0679 vf_loss=39.1478 entropy=34.3094 kl=0.0969
[Iter 359/488] steps=735232 reward=687.63 pi_loss=-0.0699 vf_loss=52.2848 entropy=34.2910 kl=0.0848
[Iter 360/488] steps=737280 reward=690.91 pi_loss=-0.0724 vf_loss=43.3181 entropy=34.5092 kl=0.1147
[Iter 361/488] steps=739328 reward=496.42 pi_loss=-0.0660 vf_loss=40.0767 entropy=34.4876 kl=0.1022
[Iter 362/488] steps=741376 reward=653.82 pi_loss=-0.0671 vf_loss=36.9375 entropy=34.5662 kl=0.1180
  [Eval] mean_return=924.66 std_return=106.36
[Iter 363/488] steps=743424 reward=675.75 pi_loss=-0.0647 vf_loss=38.9405 entropy=34.4013 kl=0.1092
[Iter 364/488] steps=745472 reward=714.05 pi_loss=-0.0546 vf_loss=34.2617 entropy=34.3734 kl=0.1168
[Iter 365/488] steps=747520 reward=810.23 pi_loss=-0.0716 vf_loss=38.7620 entropy=34.4632 kl=0.0969
[Iter 366/488] steps=749568 reward=777.47 pi_loss=-0.0579 vf_loss=38.2034 entropy=34.5586 kl=0.1080
[Iter 367/488] steps=751616 reward=772.28 pi_loss=-0.0624 vf_loss=44.9705 entropy=34.3192 kl=0.0739
  [Eval] mean_return=958.34 std_return=75.67
[Iter 368/488] steps=753664 reward=661.53 pi_loss=-0.0663 vf_loss=52.7845 entropy=34.3040 kl=0.0744
[Iter 369/488] steps=755712 reward=805.83 pi_loss=-0.0670 vf_loss=45.2169 entropy=34.4937 kl=0.0993
[Iter 370/488] steps=757760 reward=827.50 pi_loss=-0.0681 vf_loss=38.7750 entropy=34.3743 kl=0.0963
[Iter 371/488] steps=759808 reward=720.65 pi_loss=-0.0717 vf_loss=54.8470 entropy=34.2683 kl=0.0706
[Iter 372/488] steps=761856 reward=702.96 pi_loss=-0.0610 vf_loss=38.6273 entropy=34.4205 kl=0.0821
  [Eval] mean_return=992.75 std_return=116.36
[Iter 373/488] steps=763904 reward=671.99 pi_loss=-0.0585 vf_loss=40.3160 entropy=34.3802 kl=0.0859
[Iter 374/488] steps=765952 reward=795.24 pi_loss=-0.0630 vf_loss=38.5001 entropy=34.4642 kl=0.1033
[Iter 375/488] steps=768000 reward=717.33 pi_loss=-0.0623 vf_loss=54.2314 entropy=34.3778 kl=0.0744
[Iter 376/488] steps=770048 reward=866.36 pi_loss=-0.0636 vf_loss=45.8984 entropy=34.3958 kl=0.0865
  [Eval] mean_return=955.16 std_return=89.89
[Iter 377/488] steps=772096 reward=722.40 pi_loss=-0.0631 vf_loss=42.4675 entropy=34.4017 kl=0.0772
[Iter 378/488] steps=774144 reward=755.71 pi_loss=-0.0646 vf_loss=50.1638 entropy=34.3994 kl=0.0836
[Iter 379/488] steps=776192 reward=723.28 pi_loss=-0.0646 vf_loss=49.0602 entropy=34.2417 kl=0.0722
[Iter 380/488] steps=778240 reward=758.20 pi_loss=-0.0576 vf_loss=42.2404 entropy=34.3642 kl=0.0858
[Iter 381/488] steps=780288 reward=685.49 pi_loss=-0.0637 vf_loss=52.0418 entropy=34.4412 kl=0.0691
  [Eval] mean_return=933.54 std_return=76.30
[Iter 382/488] steps=782336 reward=774.26 pi_loss=-0.0652 vf_loss=57.6521 entropy=34.3526 kl=0.0695
[Iter 383/488] steps=784384 reward=612.91 pi_loss=-0.0661 vf_loss=51.3158 entropy=34.2525 kl=0.0702
[Iter 384/488] steps=786432 reward=633.00 pi_loss=-0.0637 vf_loss=41.6447 entropy=34.3037 kl=0.0824
[Iter 385/488] steps=788480 reward=666.76 pi_loss=-0.0632 vf_loss=43.9744 entropy=34.3294 kl=0.0801
[Iter 386/488] steps=790528 reward=794.82 pi_loss=-0.0690 vf_loss=48.6970 entropy=34.4356 kl=0.0830
  [Eval] mean_return=972.34 std_return=115.82
[Iter 387/488] steps=792576 reward=761.75 pi_loss=-0.0601 vf_loss=51.0882 entropy=34.1223 kl=0.0715
[Iter 388/488] steps=794624 reward=736.50 pi_loss=-0.0660 vf_loss=45.1788 entropy=34.3508 kl=0.0832
[Iter 389/488] steps=796672 reward=689.20 pi_loss=-0.0703 vf_loss=46.5403 entropy=34.2483 kl=0.0742
[Iter 390/488] steps=798720 reward=825.74 pi_loss=-0.0655 vf_loss=50.1166 entropy=34.3585 kl=0.0843
[Iter 391/488] steps=800768 reward=541.25 pi_loss=-0.0710 vf_loss=44.9669 entropy=34.2715 kl=0.0825
  [Eval] mean_return=993.77 std_return=75.58
[Iter 392/488] steps=802816 reward=655.11 pi_loss=-0.0601 vf_loss=39.0222 entropy=34.3710 kl=0.0854
[Iter 393/488] steps=804864 reward=753.51 pi_loss=-0.0641 vf_loss=47.2435 entropy=34.2407 kl=0.0778
[Iter 394/488] steps=806912 reward=668.01 pi_loss=-0.0673 vf_loss=38.9895 entropy=34.2756 kl=0.0775
[Iter 395/488] steps=808960 reward=611.76 pi_loss=-0.0648 vf_loss=58.5908 entropy=34.3408 kl=0.0620
[Iter 396/488] steps=811008 reward=732.39 pi_loss=-0.0545 vf_loss=58.4920 entropy=34.1823 kl=0.0636
  [Eval] mean_return=991.60 std_return=136.88
[Iter 397/488] steps=813056 reward=725.41 pi_loss=-0.0774 vf_loss=49.3151 entropy=34.3949 kl=0.0885
[Iter 398/488] steps=815104 reward=911.78 pi_loss=-0.0610 vf_loss=47.2502 entropy=34.3789 kl=0.0870
[Iter 399/488] steps=817152 reward=666.03 pi_loss=-0.0618 vf_loss=50.0411 entropy=34.3874 kl=0.0684
[Iter 400/488] steps=819200 reward=778.49 pi_loss=-0.0692 vf_loss=47.9414 entropy=34.2257 kl=0.0707
[Iter 401/488] steps=821248 reward=756.82 pi_loss=-0.0584 vf_loss=49.1548 entropy=34.1864 kl=0.0791
  [Eval] mean_return=996.51 std_return=79.14
[Iter 402/488] steps=823296 reward=760.80 pi_loss=-0.0587 vf_loss=54.0489 entropy=34.1676 kl=0.0649
[Iter 403/488] steps=825344 reward=635.10 pi_loss=-0.0663 vf_loss=61.0192 entropy=34.2373 kl=0.0555
[Iter 404/488] steps=827392 reward=806.30 pi_loss=-0.0604 vf_loss=54.6626 entropy=34.2155 kl=0.0589
[Iter 405/488] steps=829440 reward=746.06 pi_loss=-0.0602 vf_loss=48.5925 entropy=34.2333 kl=0.0657
[Iter 406/488] steps=831488 reward=746.66 pi_loss=-0.0617 vf_loss=50.6645 entropy=34.2935 kl=0.0673
  [Eval] mean_return=1022.35 std_return=80.22
[Iter 407/488] steps=833536 reward=736.87 pi_loss=-0.0662 vf_loss=59.9038 entropy=34.3015 kl=0.0565
[Iter 408/488] steps=835584 reward=925.42 pi_loss=-0.0615 vf_loss=48.1977 entropy=34.4623 kl=0.0739
[Iter 409/488] steps=837632 reward=719.11 pi_loss=-0.0685 vf_loss=68.3855 entropy=34.2262 kl=0.0518
[Iter 410/488] steps=839680 reward=808.52 pi_loss=-0.0568 vf_loss=49.6615 entropy=34.4275 kl=0.0650
[Iter 411/488] steps=841728 reward=692.42 pi_loss=-0.0618 vf_loss=66.8521 entropy=34.3322 kl=0.0578
  [Eval] mean_return=980.28 std_return=74.04
[Iter 412/488] steps=843776 reward=785.04 pi_loss=-0.0561 vf_loss=54.3637 entropy=34.3875 kl=0.0554
[Iter 413/488] steps=845824 reward=825.46 pi_loss=-0.0693 vf_loss=61.5601 entropy=34.3830 kl=0.0573
[Iter 414/488] steps=847872 reward=820.57 pi_loss=-0.0557 vf_loss=57.2089 entropy=34.3160 kl=0.0592
[Iter 415/488] steps=849920 reward=702.24 pi_loss=-0.0593 vf_loss=57.2000 entropy=34.2843 kl=0.0616
[Iter 416/488] steps=851968 reward=766.23 pi_loss=-0.0737 vf_loss=57.0118 entropy=34.2385 kl=0.0592
  [Eval] mean_return=1004.57 std_return=95.52
[Iter 417/488] steps=854016 reward=754.54 pi_loss=-0.0558 vf_loss=51.3161 entropy=34.2888 kl=0.0587
[Iter 418/488] steps=856064 reward=652.68 pi_loss=-0.0649 vf_loss=55.9118 entropy=34.2013 kl=0.0590
[Iter 419/488] steps=858112 reward=703.70 pi_loss=-0.0672 vf_loss=56.2795 entropy=34.4160 kl=0.0558
[Iter 420/488] steps=860160 reward=711.06 pi_loss=-0.0586 vf_loss=50.8142 entropy=34.0597 kl=0.0578
  [Eval] mean_return=981.48 std_return=73.16
[Iter 421/488] steps=862208 reward=890.66 pi_loss=-0.0574 vf_loss=43.2280 entropy=34.2238 kl=0.0645
[Iter 422/488] steps=864256 reward=739.04 pi_loss=-0.0582 vf_loss=52.7056 entropy=34.2093 kl=0.0503
[Iter 423/488] steps=866304 reward=714.73 pi_loss=-0.0596 vf_loss=46.7422 entropy=34.2939 kl=0.0587
[Iter 424/488] steps=868352 reward=791.96 pi_loss=-0.0590 vf_loss=50.2531 entropy=34.3027 kl=0.0563
[Iter 425/488] steps=870400 reward=738.76 pi_loss=-0.0578 vf_loss=46.4369 entropy=34.2088 kl=0.0513
  [Eval] mean_return=1001.94 std_return=116.15
[Iter 426/488] steps=872448 reward=836.50 pi_loss=-0.0592 vf_loss=50.4968 entropy=34.1381 kl=0.0505
[Iter 427/488] steps=874496 reward=857.05 pi_loss=-0.0638 vf_loss=60.2805 entropy=34.3025 kl=0.0512
[Iter 428/488] steps=876544 reward=822.87 pi_loss=-0.0606 vf_loss=51.7394 entropy=34.2795 kl=0.0538
[Iter 429/488] steps=878592 reward=683.43 pi_loss=-0.0561 vf_loss=54.7349 entropy=34.2095 kl=0.0500
[Iter 430/488] steps=880640 reward=735.23 pi_loss=-0.0518 vf_loss=47.3175 entropy=34.2171 kl=0.0534
  [Eval] mean_return=1032.67 std_return=32.53
[Iter 431/488] steps=882688 reward=903.25 pi_loss=-0.0564 vf_loss=50.8319 entropy=34.1220 kl=0.0503
[Iter 432/488] steps=884736 reward=755.08 pi_loss=-0.0613 vf_loss=47.5308 entropy=34.2028 kl=0.0440
[Iter 433/488] steps=886784 reward=829.41 pi_loss=-0.0503 vf_loss=52.5615 entropy=34.2921 kl=0.0469
[Iter 434/488] steps=888832 reward=806.11 pi_loss=-0.0531 vf_loss=57.3834 entropy=34.2925 kl=0.0470
[Iter 435/488] steps=890880 reward=823.20 pi_loss=-0.0491 vf_loss=58.9014 entropy=34.3014 kl=0.0437
  [Eval] mean_return=981.64 std_return=80.01
[Iter 436/488] steps=892928 reward=805.24 pi_loss=-0.0500 vf_loss=48.0011 entropy=34.2399 kl=0.0559
[Iter 437/488] steps=894976 reward=944.41 pi_loss=-0.0565 vf_loss=65.0769 entropy=34.2344 kl=0.0413
[Iter 438/488] steps=897024 reward=904.40 pi_loss=-0.0478 vf_loss=69.1168 entropy=34.0968 kl=0.0436
[Iter 439/488] steps=899072 reward=680.76 pi_loss=-0.0570 vf_loss=67.3489 entropy=34.2335 kl=0.0376
[Iter 440/488] steps=901120 reward=704.40 pi_loss=-0.0581 vf_loss=64.7472 entropy=34.2461 kl=0.0393
  [Eval] mean_return=999.20 std_return=75.20
[Iter 441/488] steps=903168 reward=857.64 pi_loss=-0.0512 vf_loss=61.2920 entropy=34.3044 kl=0.0444
[Iter 442/488] steps=905216 reward=773.55 pi_loss=-0.0548 vf_loss=65.2420 entropy=34.2660 kl=0.0415
[Iter 443/488] steps=907264 reward=704.12 pi_loss=-0.0493 vf_loss=58.2597 entropy=34.1316 kl=0.0395
[Iter 444/488] steps=909312 reward=830.68 pi_loss=-0.0538 vf_loss=59.4557 entropy=34.3423 kl=0.0429
[Iter 445/488] steps=911360 reward=867.43 pi_loss=-0.0438 vf_loss=51.4318 entropy=34.2190 kl=0.0426
  [Eval] mean_return=1049.51 std_return=83.84
[Iter 446/488] steps=913408 reward=1017.31 pi_loss=-0.0560 vf_loss=73.4877 entropy=34.1204 kl=0.0376
[Iter 447/488] steps=915456 reward=895.31 pi_loss=-0.0415 vf_loss=49.1375 entropy=34.1492 kl=0.0477
[Iter 448/488] steps=917504 reward=857.53 pi_loss=-0.0529 vf_loss=64.1038 entropy=34.2672 kl=0.0373
[Iter 449/488] steps=919552 reward=788.84 pi_loss=-0.0462 vf_loss=58.4726 entropy=34.3429 kl=0.0434
[Iter 450/488] steps=921600 reward=805.41 pi_loss=-0.0502 vf_loss=50.0856 entropy=34.2450 kl=0.0398
  [Eval] mean_return=920.03 std_return=118.61
[Iter 451/488] steps=923648 reward=749.68 pi_loss=-0.0460 vf_loss=57.1997 entropy=34.2257 kl=0.0373
[Iter 452/488] steps=925696 reward=796.39 pi_loss=-0.0474 vf_loss=61.1210 entropy=34.2251 kl=0.0368
[Iter 453/488] steps=927744 reward=797.88 pi_loss=-0.0418 vf_loss=52.2925 entropy=34.1168 kl=0.0346
[Iter 454/488] steps=929792 reward=754.20 pi_loss=-0.0473 vf_loss=57.6835 entropy=34.2113 kl=0.0334
[Iter 455/488] steps=931840 reward=865.07 pi_loss=-0.0458 vf_loss=63.6906 entropy=34.2067 kl=0.0301
  [Eval] mean_return=939.89 std_return=107.41
[Iter 456/488] steps=933888 reward=532.75 pi_loss=-0.0504 vf_loss=87.0548 entropy=34.1033 kl=0.0310
[Iter 457/488] steps=935936 reward=830.49 pi_loss=-0.0413 vf_loss=57.8899 entropy=34.0682 kl=0.0294
[Iter 458/488] steps=937984 reward=873.20 pi_loss=-0.0457 vf_loss=55.3764 entropy=34.1616 kl=0.0338
[Iter 459/488] steps=940032 reward=924.18 pi_loss=-0.0393 vf_loss=62.2335 entropy=34.1033 kl=0.0343
  [Eval] mean_return=950.01 std_return=173.87
[Iter 460/488] steps=942080 reward=924.11 pi_loss=-0.0433 vf_loss=67.0122 entropy=34.2140 kl=0.0287
[Iter 461/488] steps=944128 reward=781.12 pi_loss=-0.0424 vf_loss=69.3287 entropy=34.0638 kl=0.0297
[Iter 462/488] steps=946176 reward=860.14 pi_loss=-0.0418 vf_loss=52.9516 entropy=34.2639 kl=0.0339
[Iter 463/488] steps=948224 reward=756.04 pi_loss=-0.0424 vf_loss=44.5735 entropy=34.1454 kl=0.0333
[Iter 464/488] steps=950272 reward=979.69 pi_loss=-0.0419 vf_loss=63.5127 entropy=34.2014 kl=0.0277
  [Eval] mean_return=1021.69 std_return=96.59
[Iter 465/488] steps=952320 reward=752.03 pi_loss=-0.0396 vf_loss=43.7578 entropy=34.1806 kl=0.0299
[Iter 466/488] steps=954368 reward=1042.61 pi_loss=-0.0346 vf_loss=51.5793 entropy=33.9218 kl=0.0318
[Iter 467/488] steps=956416 reward=934.34 pi_loss=-0.0312 vf_loss=59.0995 entropy=34.0841 kl=0.0255
[Iter 468/488] steps=958464 reward=906.86 pi_loss=-0.0349 vf_loss=54.9426 entropy=34.2134 kl=0.0268
[Iter 469/488] steps=960512 reward=883.42 pi_loss=-0.0318 vf_loss=60.0425 entropy=34.1872 kl=0.0218
  [Eval] mean_return=1027.41 std_return=68.95
[Iter 470/488] steps=962560 reward=879.70 pi_loss=-0.0301 vf_loss=51.8132 entropy=34.0173 kl=0.0278
[Iter 471/488] steps=964608 reward=956.11 pi_loss=-0.0319 vf_loss=55.0227 entropy=34.0623 kl=0.0285
[Iter 472/488] steps=966656 reward=945.97 pi_loss=-0.0326 vf_loss=54.7296 entropy=34.2502 kl=0.0255
[Iter 473/488] steps=968704 reward=967.23 pi_loss=-0.0320 vf_loss=62.6546 entropy=34.1153 kl=0.0209
[Iter 474/488] steps=970752 reward=720.69 pi_loss=-0.0302 vf_loss=58.8325 entropy=34.1195 kl=0.0192
  [Eval] mean_return=992.24 std_return=96.22
[Iter 475/488] steps=972800 reward=802.75 pi_loss=-0.0262 vf_loss=73.6930 entropy=34.1186 kl=0.0155
[Iter 476/488] steps=974848 reward=714.05 pi_loss=-0.0266 vf_loss=57.5584 entropy=34.1278 kl=0.0224
[Iter 477/488] steps=976896 reward=928.11 pi_loss=-0.0246 vf_loss=52.8688 entropy=34.1296 kl=0.0207
[Iter 478/488] steps=978944 reward=987.53 pi_loss=-0.0218 vf_loss=58.1579 entropy=34.0273 kl=0.0165
[Iter 479/488] steps=980992 reward=889.16 pi_loss=-0.0237 vf_loss=51.4906 entropy=34.1509 kl=0.0184
  [Eval] mean_return=1016.96 std_return=84.50
[Iter 480/488] steps=983040 reward=857.69 pi_loss=-0.0195 vf_loss=62.1496 entropy=34.0861 kl=0.0155
[Iter 481/488] steps=985088 reward=652.01 pi_loss=-0.0226 vf_loss=76.9971 entropy=34.1580 kl=0.0115
[Iter 482/488] steps=987136 reward=805.13 pi_loss=-0.0185 vf_loss=57.7798 entropy=34.1672 kl=0.0148
[Iter 483/488] steps=989184 reward=921.46 pi_loss=-0.0184 vf_loss=69.7536 entropy=34.1982 kl=0.0105
[Iter 484/488] steps=991232 reward=1041.28 pi_loss=-0.0172 vf_loss=67.0751 entropy=34.0586 kl=0.0107
  [Eval] mean_return=986.46 std_return=66.58
[Iter 485/488] steps=993280 reward=814.00 pi_loss=-0.0122 vf_loss=51.6837 entropy=33.9651 kl=0.0098
[Iter 486/488] steps=995328 reward=857.00 pi_loss=-0.0132 vf_loss=63.9460 entropy=34.1720 kl=0.0062
[Iter 487/488] steps=997376 reward=910.38 pi_loss=-0.0072 vf_loss=52.0518 entropy=34.1092 kl=0.0041
[Iter 488/488] steps=999424 reward=1016.53 pi_loss=-0.0046 vf_loss=59.0730 entropy=34.0459 kl=0.0016
Training complete. Logs saved to results/8hr/K4_kl_beta1/seed_42
