[Iter 1/488] steps=2048 reward=-473.01 pi_loss=-0.0394 vf_loss=16.9610 entropy=34.1918 kl=0.0409
[Iter 2/488] steps=4096 reward=-443.81 pi_loss=-0.0530 vf_loss=16.1946 entropy=34.0607 kl=0.0498
[Iter 3/488] steps=6144 reward=-471.51 pi_loss=-0.0498 vf_loss=30.5939 entropy=34.0049 kl=0.0350
[Iter 4/488] steps=8192 reward=-372.24 pi_loss=-0.0712 vf_loss=9.8492 entropy=34.1746 kl=0.0846
[Iter 5/488] steps=10240 reward=-429.95 pi_loss=-0.0789 vf_loss=7.5487 entropy=34.2092 kl=0.1020
  [Eval] mean_return=-296.20 std_return=108.71
[Iter 6/488] steps=12288 reward=-462.47 pi_loss=-0.0685 vf_loss=14.9935 entropy=34.1537 kl=0.0625
[Iter 7/488] steps=14336 reward=-374.89 pi_loss=-0.0715 vf_loss=16.4221 entropy=34.2486 kl=0.0675
[Iter 8/488] steps=16384 reward=-318.21 pi_loss=-0.0683 vf_loss=14.6919 entropy=33.9746 kl=0.0735
[Iter 9/488] steps=18432 reward=-444.32 pi_loss=-0.0732 vf_loss=19.7087 entropy=34.1317 kl=0.0734
[Iter 10/488] steps=20480 reward=-390.13 pi_loss=-0.0767 vf_loss=14.8776 entropy=34.1463 kl=0.1061
  [Eval] mean_return=-219.95 std_return=67.71
[Iter 11/488] steps=22528 reward=-402.77 pi_loss=-0.0752 vf_loss=12.1040 entropy=34.0504 kl=0.0907
[Iter 12/488] steps=24576 reward=-337.92 pi_loss=-0.0908 vf_loss=13.7941 entropy=34.1850 kl=0.1134
[Iter 13/488] steps=26624 reward=-368.03 pi_loss=-0.0814 vf_loss=13.4442 entropy=34.2487 kl=0.1312
[Iter 14/488] steps=28672 reward=-312.59 pi_loss=-0.0833 vf_loss=16.1802 entropy=34.1101 kl=0.0887
[Iter 15/488] steps=30720 reward=-303.75 pi_loss=-0.0846 vf_loss=15.8105 entropy=34.2104 kl=0.1155
  [Eval] mean_return=-168.26 std_return=42.05
[Iter 16/488] steps=32768 reward=-342.39 pi_loss=-0.0863 vf_loss=11.9539 entropy=34.0647 kl=0.1409
[Iter 17/488] steps=34816 reward=-363.49 pi_loss=-0.0868 vf_loss=14.8164 entropy=34.1623 kl=0.1466
[Iter 18/488] steps=36864 reward=-370.32 pi_loss=-0.0862 vf_loss=9.1859 entropy=34.4409 kl=0.1963
[Iter 19/488] steps=38912 reward=-327.12 pi_loss=-0.0890 vf_loss=12.5731 entropy=34.2415 kl=0.1533
[Iter 20/488] steps=40960 reward=-400.73 pi_loss=-0.0830 vf_loss=19.2534 entropy=34.1650 kl=0.0969
  [Eval] mean_return=-243.55 std_return=52.81
[Iter 21/488] steps=43008 reward=-406.29 pi_loss=-0.0898 vf_loss=23.2761 entropy=34.0855 kl=0.1014
[Iter 22/488] steps=45056 reward=-326.84 pi_loss=-0.0881 vf_loss=22.5005 entropy=34.0442 kl=0.1032
[Iter 23/488] steps=47104 reward=-378.84 pi_loss=-0.0849 vf_loss=12.8501 entropy=34.2433 kl=0.1995
[Iter 24/488] steps=49152 reward=-284.59 pi_loss=-0.0938 vf_loss=17.3804 entropy=34.0843 kl=0.1196
[Iter 25/488] steps=51200 reward=-322.60 pi_loss=-0.0926 vf_loss=13.5297 entropy=34.1802 kl=0.1757
  [Eval] mean_return=-181.20 std_return=25.02
[Iter 26/488] steps=53248 reward=-388.95 pi_loss=-0.0917 vf_loss=12.4678 entropy=34.2285 kl=0.1921
[Iter 27/488] steps=55296 reward=-335.06 pi_loss=-0.0930 vf_loss=11.7316 entropy=34.1961 kl=0.1855
[Iter 28/488] steps=57344 reward=-320.82 pi_loss=-0.0874 vf_loss=13.9961 entropy=34.1653 kl=0.1917
[Iter 29/488] steps=59392 reward=-397.81 pi_loss=-0.0870 vf_loss=11.2630 entropy=34.3369 kl=0.2331
[Iter 30/488] steps=61440 reward=-327.65 pi_loss=-0.0966 vf_loss=10.9692 entropy=34.1636 kl=0.1482
  [Eval] mean_return=-238.22 std_return=36.47
[Iter 31/488] steps=63488 reward=-261.97 pi_loss=-0.0974 vf_loss=14.9644 entropy=34.3997 kl=0.1495
[Iter 32/488] steps=65536 reward=-322.90 pi_loss=-0.1005 vf_loss=14.0117 entropy=34.1118 kl=0.1551
[Iter 33/488] steps=67584 reward=-284.55 pi_loss=-0.0918 vf_loss=10.5318 entropy=34.1904 kl=0.2334
[Iter 34/488] steps=69632 reward=-281.15 pi_loss=-0.1018 vf_loss=19.5844 entropy=34.1616 kl=0.1359
[Iter 35/488] steps=71680 reward=-179.46 pi_loss=-0.0990 vf_loss=14.3383 entropy=34.1563 kl=0.1893
  [Eval] mean_return=-187.05 std_return=63.65
[Iter 36/488] steps=73728 reward=-367.44 pi_loss=-0.1016 vf_loss=13.5909 entropy=34.2727 kl=0.1547
[Iter 37/488] steps=75776 reward=-345.83 pi_loss=-0.1045 vf_loss=18.4509 entropy=34.2969 kl=0.1570
[Iter 38/488] steps=77824 reward=-367.84 pi_loss=-0.0756 vf_loss=10.5156 entropy=34.4960 kl=0.4809
[Iter 39/488] steps=79872 reward=-279.41 pi_loss=-0.1028 vf_loss=15.9629 entropy=34.1251 kl=0.1559
[Iter 40/488] steps=81920 reward=-203.60 pi_loss=-0.0909 vf_loss=8.4594 entropy=34.3101 kl=0.3272
  [Eval] mean_return=-81.79 std_return=44.36
[Iter 41/488] steps=83968 reward=-334.74 pi_loss=-0.0977 vf_loss=20.4261 entropy=34.2046 kl=0.1318
[Iter 42/488] steps=86016 reward=-192.84 pi_loss=-0.0960 vf_loss=24.8749 entropy=34.1210 kl=0.1271
[Iter 43/488] steps=88064 reward=-376.36 pi_loss=-0.1035 vf_loss=10.8293 entropy=34.2103 kl=0.2883
[Iter 44/488] steps=90112 reward=-291.50 pi_loss=-0.1009 vf_loss=11.5543 entropy=34.1867 kl=0.2661
  [Eval] mean_return=-181.12 std_return=47.36
[Iter 45/488] steps=92160 reward=-236.52 pi_loss=-0.0975 vf_loss=12.3705 entropy=34.4569 kl=0.2863
[Iter 46/488] steps=94208 reward=-223.65 pi_loss=-0.1028 vf_loss=21.5493 entropy=34.2278 kl=0.1551
[Iter 47/488] steps=96256 reward=-321.35 pi_loss=-0.0965 vf_loss=11.1181 entropy=34.2354 kl=0.2571
[Iter 48/488] steps=98304 reward=-331.58 pi_loss=-0.0814 vf_loss=10.4992 entropy=34.3145 kl=0.3579
[Iter 49/488] steps=100352 reward=-271.95 pi_loss=-0.0882 vf_loss=11.1101 entropy=34.2424 kl=0.2673
  [Eval] mean_return=-135.15 std_return=41.17
[Iter 50/488] steps=102400 reward=-341.18 pi_loss=-0.0472 vf_loss=7.5833 entropy=34.6827 kl=0.7098
[Iter 51/488] steps=104448 reward=-238.60 pi_loss=-0.0887 vf_loss=7.2644 entropy=34.4400 kl=0.4394
[Iter 52/488] steps=106496 reward=-261.76 pi_loss=-0.0976 vf_loss=7.2557 entropy=34.4014 kl=0.3256
[Iter 53/488] steps=108544 reward=-267.15 pi_loss=-0.1071 vf_loss=8.2602 entropy=34.2338 kl=0.2304
[Iter 54/488] steps=110592 reward=-235.92 pi_loss=-0.1046 vf_loss=9.2690 entropy=34.3014 kl=0.2807
  [Eval] mean_return=-156.39 std_return=52.05
[Iter 55/488] steps=112640 reward=-314.73 pi_loss=-0.1157 vf_loss=9.9980 entropy=34.2831 kl=0.1910
[Iter 56/488] steps=114688 reward=-262.09 pi_loss=-0.1133 vf_loss=12.2397 entropy=34.0839 kl=0.1721
[Iter 57/488] steps=116736 reward=-348.60 pi_loss=-0.1099 vf_loss=11.5487 entropy=34.1421 kl=0.1770
[Iter 58/488] steps=118784 reward=-183.96 pi_loss=-0.1122 vf_loss=17.6278 entropy=34.2682 kl=0.1562
[Iter 59/488] steps=120832 reward=-233.97 pi_loss=-0.1074 vf_loss=8.8027 entropy=34.1509 kl=0.2800
  [Eval] mean_return=-119.11 std_return=50.93
[Iter 60/488] steps=122880 reward=-206.66 pi_loss=-0.1067 vf_loss=13.2598 entropy=34.2169 kl=0.1963
[Iter 61/488] steps=124928 reward=-238.29 pi_loss=-0.1007 vf_loss=9.0339 entropy=34.2939 kl=0.3692
[Iter 62/488] steps=126976 reward=-261.28 pi_loss=-0.0813 vf_loss=6.9494 entropy=34.4160 kl=0.5598
[Iter 63/488] steps=129024 reward=-224.15 pi_loss=-0.1097 vf_loss=11.4604 entropy=34.2659 kl=0.2182
[Iter 64/488] steps=131072 reward=-217.21 pi_loss=-0.0968 vf_loss=11.6222 entropy=34.3943 kl=0.2468
  [Eval] mean_return=-91.00 std_return=49.75
[Iter 65/488] steps=133120 reward=-235.70 pi_loss=-0.1008 vf_loss=18.3425 entropy=34.1049 kl=0.1436
[Iter 66/488] steps=135168 reward=-188.26 pi_loss=-0.1041 vf_loss=9.1302 entropy=34.2658 kl=0.2829
[Iter 67/488] steps=137216 reward=-325.37 pi_loss=-0.0861 vf_loss=8.9206 entropy=34.3546 kl=0.4073
[Iter 68/488] steps=139264 reward=-167.64 pi_loss=-0.1085 vf_loss=9.3336 entropy=34.2206 kl=0.2781
[Iter 69/488] steps=141312 reward=-212.06 pi_loss=-0.1055 vf_loss=19.2143 entropy=34.1078 kl=0.1726
  [Eval] mean_return=-83.88 std_return=64.59
[Iter 70/488] steps=143360 reward=-298.91 pi_loss=-0.1050 vf_loss=8.1980 entropy=34.1313 kl=0.3159
[Iter 71/488] steps=145408 reward=-262.56 pi_loss=-0.1032 vf_loss=8.3585 entropy=34.3153 kl=0.2953
[Iter 72/488] steps=147456 reward=-235.08 pi_loss=-0.1037 vf_loss=11.8173 entropy=34.2359 kl=0.2351
[Iter 73/488] steps=149504 reward=-189.82 pi_loss=-0.1131 vf_loss=9.4124 entropy=34.3923 kl=0.3354
[Iter 74/488] steps=151552 reward=-231.51 pi_loss=-0.1027 vf_loss=10.2069 entropy=34.3264 kl=0.3231
  [Eval] mean_return=-100.02 std_return=51.69
[Iter 75/488] steps=153600 reward=-256.84 pi_loss=-0.0886 vf_loss=8.7494 entropy=34.5018 kl=0.3860
[Iter 76/488] steps=155648 reward=-252.71 pi_loss=-0.1175 vf_loss=10.6067 entropy=34.2123 kl=0.2251
[Iter 77/488] steps=157696 reward=-234.13 pi_loss=-0.1115 vf_loss=15.2812 entropy=34.1491 kl=0.2218
[Iter 78/488] steps=159744 reward=-185.59 pi_loss=-0.1034 vf_loss=10.4855 entropy=34.3462 kl=0.3257
[Iter 79/488] steps=161792 reward=-260.61 pi_loss=-0.1099 vf_loss=12.7785 entropy=34.2322 kl=0.2536
  [Eval] mean_return=-110.45 std_return=71.18
[Iter 80/488] steps=163840 reward=-359.95 pi_loss=-0.1053 vf_loss=8.9525 entropy=34.4153 kl=0.3581
[Iter 81/488] steps=165888 reward=-186.03 pi_loss=-0.1134 vf_loss=17.7022 entropy=34.1080 kl=0.1994
[Iter 82/488] steps=167936 reward=-182.90 pi_loss=-0.1197 vf_loss=18.1071 entropy=34.2085 kl=0.1930
[Iter 83/488] steps=169984 reward=-185.36 pi_loss=-0.1103 vf_loss=15.6627 entropy=34.2654 kl=0.2199
[Iter 84/488] steps=172032 reward=-235.27 pi_loss=-0.0980 vf_loss=10.3958 entropy=34.4874 kl=0.4025
  [Eval] mean_return=-101.84 std_return=73.22
[Iter 85/488] steps=174080 reward=-324.41 pi_loss=-0.1009 vf_loss=18.1118 entropy=34.1597 kl=0.2341
[Iter 86/488] steps=176128 reward=-213.57 pi_loss=-0.1192 vf_loss=20.3472 entropy=34.3019 kl=0.1777
[Iter 87/488] steps=178176 reward=-178.15 pi_loss=-0.1059 vf_loss=13.1070 entropy=34.3387 kl=0.3214
[Iter 88/488] steps=180224 reward=-247.91 pi_loss=-0.1165 vf_loss=12.0583 entropy=34.2668 kl=0.3048
  [Eval] mean_return=-57.87 std_return=77.11
[Iter 89/488] steps=182272 reward=-217.11 pi_loss=-0.1094 vf_loss=16.0629 entropy=34.3184 kl=0.3196
[Iter 90/488] steps=184320 reward=-265.19 pi_loss=-0.1028 vf_loss=8.0542 entropy=34.7248 kl=0.5725
[Iter 91/488] steps=186368 reward=-155.99 pi_loss=-0.1202 vf_loss=12.8438 entropy=34.3462 kl=0.2684
[Iter 92/488] steps=188416 reward=-223.78 pi_loss=-0.1160 vf_loss=14.3311 entropy=34.3029 kl=0.2604
[Iter 93/488] steps=190464 reward=-141.89 pi_loss=-0.1079 vf_loss=12.0568 entropy=34.2410 kl=0.2962
  [Eval] mean_return=-58.23 std_return=62.36
[Iter 94/488] steps=192512 reward=-246.98 pi_loss=-0.0847 vf_loss=13.0276 entropy=34.5751 kl=0.4777
[Iter 95/488] steps=194560 reward=-231.54 pi_loss=-0.1176 vf_loss=13.1159 entropy=34.2542 kl=0.2523
[Iter 96/488] steps=196608 reward=-264.28 pi_loss=-0.0948 vf_loss=8.9067 entropy=34.5756 kl=0.5801
[Iter 97/488] steps=198656 reward=-185.40 pi_loss=-0.1153 vf_loss=15.6732 entropy=34.2515 kl=0.2338
[Iter 98/488] steps=200704 reward=-274.38 pi_loss=-0.0907 vf_loss=7.3899 entropy=34.4819 kl=0.5813
  [Eval] mean_return=-41.89 std_return=61.57
[Iter 99/488] steps=202752 reward=-108.44 pi_loss=-0.1151 vf_loss=13.3742 entropy=34.2060 kl=0.2236
[Iter 100/488] steps=204800 reward=-203.76 pi_loss=-0.1153 vf_loss=9.6699 entropy=34.3087 kl=0.2646
[Iter 101/488] steps=206848 reward=-158.20 pi_loss=-0.1192 vf_loss=13.1270 entropy=34.1751 kl=0.2412
[Iter 102/488] steps=208896 reward=-137.02 pi_loss=-0.1127 vf_loss=11.6494 entropy=34.3039 kl=0.2845
[Iter 103/488] steps=210944 reward=-147.00 pi_loss=-0.0945 vf_loss=7.6031 entropy=34.5303 kl=0.6542
  [Eval] mean_return=-34.15 std_return=43.81
[Iter 104/488] steps=212992 reward=-175.94 pi_loss=-0.1128 vf_loss=8.9980 entropy=34.2111 kl=0.3334
[Iter 105/488] steps=215040 reward=-214.61 pi_loss=-0.1130 vf_loss=16.6794 entropy=34.2467 kl=0.2162
[Iter 106/488] steps=217088 reward=-218.14 pi_loss=-0.1119 vf_loss=11.2755 entropy=34.3490 kl=0.3616
[Iter 107/488] steps=219136 reward=-246.38 pi_loss=-0.1117 vf_loss=13.3581 entropy=34.3061 kl=0.3230
[Iter 108/488] steps=221184 reward=-251.93 pi_loss=-0.1126 vf_loss=13.3013 entropy=34.2908 kl=0.2864
  [Eval] mean_return=-49.13 std_return=75.28
[Iter 109/488] steps=223232 reward=-206.15 pi_loss=-0.1222 vf_loss=11.9794 entropy=34.2007 kl=0.2907
[Iter 110/488] steps=225280 reward=-181.36 pi_loss=-0.1002 vf_loss=7.7376 entropy=34.6128 kl=0.6380
[Iter 111/488] steps=227328 reward=-169.63 pi_loss=-0.1134 vf_loss=10.9938 entropy=34.3113 kl=0.2659
[Iter 112/488] steps=229376 reward=-187.46 pi_loss=-0.1070 vf_loss=7.2457 entropy=34.4488 kl=0.4266
[Iter 113/488] steps=231424 reward=-192.53 pi_loss=-0.1127 vf_loss=11.2270 entropy=34.2313 kl=0.2891
  [Eval] mean_return=7.98 std_return=48.27
[Iter 114/488] steps=233472 reward=-190.39 pi_loss=-0.1125 vf_loss=13.5617 entropy=34.3593 kl=0.2484
[Iter 115/488] steps=235520 reward=-124.69 pi_loss=-0.1169 vf_loss=9.3041 entropy=34.2544 kl=0.4915
[Iter 116/488] steps=237568 reward=-157.99 pi_loss=-0.1138 vf_loss=12.3781 entropy=34.2913 kl=0.2557
[Iter 117/488] steps=239616 reward=-317.97 pi_loss=-0.1168 vf_loss=9.3603 entropy=34.3472 kl=0.3646
[Iter 118/488] steps=241664 reward=-205.45 pi_loss=-0.1184 vf_loss=16.5922 entropy=34.0908 kl=0.2113
  [Eval] mean_return=68.90 std_return=51.02
[Iter 119/488] steps=243712 reward=-64.92 pi_loss=-0.1235 vf_loss=13.4069 entropy=34.2680 kl=0.2492
[Iter 120/488] steps=245760 reward=-166.26 pi_loss=-0.0787 vf_loss=9.9932 entropy=34.5919 kl=0.6759
[Iter 121/488] steps=247808 reward=-143.82 pi_loss=-0.1146 vf_loss=11.2167 entropy=34.3091 kl=0.3705
[Iter 122/488] steps=249856 reward=-142.85 pi_loss=-0.1185 vf_loss=15.1924 entropy=34.2837 kl=0.3055
[Iter 123/488] steps=251904 reward=-147.71 pi_loss=-0.1216 vf_loss=18.5289 entropy=34.1051 kl=0.2291
  [Eval] mean_return=110.20 std_return=67.56
[Iter 124/488] steps=253952 reward=-108.48 pi_loss=-0.1160 vf_loss=14.6932 entropy=34.2663 kl=0.2782
[Iter 125/488] steps=256000 reward=-152.61 pi_loss=-0.1250 vf_loss=13.5860 entropy=34.2449 kl=0.3167
[Iter 126/488] steps=258048 reward=-149.67 pi_loss=-0.1142 vf_loss=15.1198 entropy=34.2482 kl=0.3901
[Iter 127/488] steps=260096 reward=-84.02 pi_loss=-0.1244 vf_loss=18.8010 entropy=34.2541 kl=0.2802
  [Eval] mean_return=137.45 std_return=71.63
[Iter 128/488] steps=262144 reward=-106.72 pi_loss=-0.1215 vf_loss=13.6595 entropy=34.3579 kl=0.3301
[Iter 129/488] steps=264192 reward=-170.44 pi_loss=-0.1127 vf_loss=14.8287 entropy=34.2143 kl=0.3386
[Iter 130/488] steps=266240 reward=-47.04 pi_loss=-0.0855 vf_loss=9.3802 entropy=34.6660 kl=0.6568
[Iter 131/488] steps=268288 reward=-110.04 pi_loss=-0.1006 vf_loss=12.7977 entropy=34.4570 kl=0.5044
[Iter 132/488] steps=270336 reward=-77.55 pi_loss=-0.1084 vf_loss=12.7660 entropy=34.4289 kl=0.4487
  [Eval] mean_return=237.16 std_return=27.22
[Iter 133/488] steps=272384 reward=-131.96 pi_loss=-0.1135 vf_loss=14.1702 entropy=34.3013 kl=0.3673
[Iter 134/488] steps=274432 reward=-122.69 pi_loss=-0.1149 vf_loss=11.5156 entropy=34.3010 kl=0.3706
[Iter 135/488] steps=276480 reward=48.30 pi_loss=-0.1194 vf_loss=14.3613 entropy=34.3080 kl=0.3426
[Iter 136/488] steps=278528 reward=-7.45 pi_loss=-0.1178 vf_loss=13.2226 entropy=34.3854 kl=0.3725
[Iter 137/488] steps=280576 reward=-19.97 pi_loss=-0.1045 vf_loss=11.1390 entropy=34.5529 kl=0.4698
  [Eval] mean_return=238.15 std_return=105.89
[Iter 138/488] steps=282624 reward=-13.55 pi_loss=-0.1220 vf_loss=20.1310 entropy=34.3025 kl=0.2678
[Iter 139/488] steps=284672 reward=0.35 pi_loss=-0.1108 vf_loss=11.7420 entropy=34.3656 kl=0.4043
[Iter 140/488] steps=286720 reward=-4.04 pi_loss=-0.1039 vf_loss=13.8931 entropy=34.3373 kl=0.4539
[Iter 141/488] steps=288768 reward=-48.85 pi_loss=-0.1239 vf_loss=14.1481 entropy=34.3665 kl=0.3550
[Iter 142/488] steps=290816 reward=-46.52 pi_loss=-0.1125 vf_loss=16.3321 entropy=34.3707 kl=0.3742
  [Eval] mean_return=294.35 std_return=121.17
[Iter 143/488] steps=292864 reward=-29.18 pi_loss=-0.1122 vf_loss=11.7300 entropy=34.3691 kl=0.4944
[Iter 144/488] steps=294912 reward=97.32 pi_loss=-0.0844 vf_loss=16.3255 entropy=34.5347 kl=0.6485
[Iter 145/488] steps=296960 reward=-89.85 pi_loss=-0.0557 vf_loss=8.2120 entropy=35.1196 kl=1.2310
[Iter 146/488] steps=299008 reward=-69.62 pi_loss=-0.1257 vf_loss=12.6232 entropy=34.3644 kl=0.3353
[Iter 147/488] steps=301056 reward=-106.78 pi_loss=-0.0859 vf_loss=9.9634 entropy=34.5145 kl=0.5864
  [Eval] mean_return=420.43 std_return=112.43
[Iter 148/488] steps=303104 reward=72.87 pi_loss=-0.1226 vf_loss=11.4590 entropy=34.3037 kl=0.2882
[Iter 149/488] steps=305152 reward=25.64 pi_loss=-0.1188 vf_loss=9.7234 entropy=34.4230 kl=0.3632
[Iter 150/488] steps=307200 reward=12.72 pi_loss=-0.1225 vf_loss=14.3680 entropy=34.0922 kl=0.2566
[Iter 151/488] steps=309248 reward=78.96 pi_loss=-0.1263 vf_loss=15.0610 entropy=34.2734 kl=0.2540
[Iter 152/488] steps=311296 reward=16.76 pi_loss=-0.1119 vf_loss=10.3149 entropy=34.3069 kl=0.4540
  [Eval] mean_return=389.12 std_return=113.28
[Iter 153/488] steps=313344 reward=-85.30 pi_loss=-0.1157 vf_loss=12.4706 entropy=34.2121 kl=0.3214
[Iter 154/488] steps=315392 reward=-22.00 pi_loss=-0.1145 vf_loss=15.5567 entropy=34.3768 kl=0.3393
[Iter 155/488] steps=317440 reward=59.48 pi_loss=-0.1211 vf_loss=15.9742 entropy=34.1673 kl=0.2948
[Iter 156/488] steps=319488 reward=2.98 pi_loss=-0.1144 vf_loss=23.8585 entropy=34.2399 kl=0.2922
[Iter 157/488] steps=321536 reward=-67.09 pi_loss=-0.1200 vf_loss=21.7812 entropy=34.2937 kl=0.2540
  [Eval] mean_return=381.51 std_return=64.95
[Iter 158/488] steps=323584 reward=67.83 pi_loss=-0.1159 vf_loss=18.8677 entropy=34.3079 kl=0.2803
[Iter 159/488] steps=325632 reward=107.17 pi_loss=-0.1128 vf_loss=19.9793 entropy=34.3541 kl=0.3016
[Iter 160/488] steps=327680 reward=-19.39 pi_loss=-0.0543 vf_loss=9.1710 entropy=34.9393 kl=1.0697
[Iter 161/488] steps=329728 reward=-102.43 pi_loss=-0.1052 vf_loss=14.4630 entropy=34.3413 kl=0.4295
[Iter 162/488] steps=331776 reward=136.72 pi_loss=-0.1216 vf_loss=20.2025 entropy=34.3569 kl=0.2480
  [Eval] mean_return=480.50 std_return=57.60
[Iter 163/488] steps=333824 reward=62.79 pi_loss=-0.0903 vf_loss=18.8560 entropy=34.4970 kl=0.5122
[Iter 164/488] steps=335872 reward=128.65 pi_loss=-0.1164 vf_loss=25.3356 entropy=34.2492 kl=0.2886
[Iter 165/488] steps=337920 reward=42.58 pi_loss=-0.1105 vf_loss=16.3481 entropy=34.4500 kl=0.4221
[Iter 166/488] steps=339968 reward=144.05 pi_loss=-0.1132 vf_loss=14.6783 entropy=34.2736 kl=0.4030
[Iter 167/488] steps=342016 reward=-41.62 pi_loss=-0.1147 vf_loss=18.3149 entropy=34.2556 kl=0.3538
  [Eval] mean_return=559.10 std_return=82.50
[Iter 168/488] steps=344064 reward=187.13 pi_loss=-0.1195 vf_loss=25.5107 entropy=34.1839 kl=0.2610
[Iter 169/488] steps=346112 reward=141.01 pi_loss=-0.1177 vf_loss=23.6345 entropy=34.2774 kl=0.3120
[Iter 170/488] steps=348160 reward=84.79 pi_loss=-0.1166 vf_loss=28.9399 entropy=34.2587 kl=0.2828
[Iter 171/488] steps=350208 reward=265.48 pi_loss=-0.1123 vf_loss=21.2431 entropy=34.4173 kl=0.4240
  [Eval] mean_return=569.53 std_return=96.38
[Iter 172/488] steps=352256 reward=182.58 pi_loss=-0.1116 vf_loss=21.6976 entropy=34.4130 kl=0.3897
[Iter 173/488] steps=354304 reward=-19.13 pi_loss=-0.0816 vf_loss=10.1707 entropy=34.7287 kl=0.8451
[Iter 174/488] steps=356352 reward=-10.56 pi_loss=-0.1128 vf_loss=11.2548 entropy=34.4510 kl=0.5227
[Iter 175/488] steps=358400 reward=266.34 pi_loss=-0.1113 vf_loss=15.1873 entropy=34.2560 kl=0.3496
[Iter 176/488] steps=360448 reward=-95.47 pi_loss=-0.0728 vf_loss=15.6615 entropy=34.6526 kl=0.6596
  [Eval] mean_return=541.33 std_return=70.87
[Iter 177/488] steps=362496 reward=191.53 pi_loss=-0.1240 vf_loss=18.1629 entropy=34.2538 kl=0.2683
[Iter 178/488] steps=364544 reward=235.15 pi_loss=-0.1127 vf_loss=18.2961 entropy=34.2559 kl=0.3530
[Iter 179/488] steps=366592 reward=203.80 pi_loss=-0.0708 vf_loss=14.7882 entropy=34.6622 kl=0.7502
[Iter 180/488] steps=368640 reward=-184.46 pi_loss=-0.1065 vf_loss=14.5254 entropy=34.4221 kl=0.3897
[Iter 181/488] steps=370688 reward=147.99 pi_loss=-0.1211 vf_loss=23.3833 entropy=34.3272 kl=0.2952
  [Eval] mean_return=520.73 std_return=78.80
[Iter 182/488] steps=372736 reward=182.80 pi_loss=-0.1219 vf_loss=21.2481 entropy=34.1740 kl=0.2675
[Iter 183/488] steps=374784 reward=200.61 pi_loss=-0.1284 vf_loss=19.8285 entropy=34.3895 kl=0.3027
[Iter 184/488] steps=376832 reward=260.10 pi_loss=-0.1190 vf_loss=22.8674 entropy=34.1818 kl=0.3191
[Iter 185/488] steps=378880 reward=202.78 pi_loss=-0.1202 vf_loss=29.4658 entropy=34.2557 kl=0.2655
[Iter 186/488] steps=380928 reward=370.95 pi_loss=-0.1130 vf_loss=19.5716 entropy=34.3758 kl=0.3963
  [Eval] mean_return=558.91 std_return=85.21
[Iter 187/488] steps=382976 reward=233.34 pi_loss=-0.1012 vf_loss=20.5799 entropy=34.3624 kl=0.4281
[Iter 188/488] steps=385024 reward=292.70 pi_loss=-0.1101 vf_loss=29.6693 entropy=34.3792 kl=0.3920
[Iter 189/488] steps=387072 reward=-17.31 pi_loss=-0.1127 vf_loss=15.8361 entropy=34.2682 kl=0.4557
[Iter 190/488] steps=389120 reward=-20.39 pi_loss=-0.0730 vf_loss=16.4706 entropy=35.1304 kl=0.9917
[Iter 191/488] steps=391168 reward=139.62 pi_loss=-0.1077 vf_loss=18.6776 entropy=34.4103 kl=0.5555
  [Eval] mean_return=610.44 std_return=60.18
[Iter 192/488] steps=393216 reward=141.03 pi_loss=-0.1064 vf_loss=14.8493 entropy=34.4819 kl=0.5114
[Iter 193/488] steps=395264 reward=63.61 pi_loss=-0.1019 vf_loss=17.2554 entropy=34.4702 kl=0.4409
[Iter 194/488] steps=397312 reward=-289.03 pi_loss=-0.0087 vf_loss=7.4959 entropy=36.4648 kl=2.2879
[Iter 195/488] steps=399360 reward=177.34 pi_loss=-0.1215 vf_loss=16.1024 entropy=34.2485 kl=0.2233
[Iter 196/488] steps=401408 reward=176.35 pi_loss=-0.1146 vf_loss=22.3591 entropy=34.1948 kl=0.2016
  [Eval] mean_return=702.67 std_return=88.27
[Iter 197/488] steps=403456 reward=299.88 pi_loss=-0.1117 vf_loss=24.7839 entropy=34.3579 kl=0.2213
[Iter 198/488] steps=405504 reward=389.49 pi_loss=-0.1183 vf_loss=21.2526 entropy=34.2608 kl=0.2368
[Iter 199/488] steps=407552 reward=250.08 pi_loss=-0.1132 vf_loss=20.6434 entropy=34.1997 kl=0.2603
[Iter 200/488] steps=409600 reward=195.65 pi_loss=-0.1132 vf_loss=18.6896 entropy=34.4425 kl=0.3120
[Iter 201/488] steps=411648 reward=307.54 pi_loss=-0.1193 vf_loss=23.8483 entropy=34.1867 kl=0.2592
  [Eval] mean_return=766.56 std_return=51.44
[Iter 202/488] steps=413696 reward=-198.61 pi_loss=-0.1222 vf_loss=13.8115 entropy=34.4798 kl=0.4522
[Iter 203/488] steps=415744 reward=389.36 pi_loss=-0.1220 vf_loss=28.3764 entropy=34.1562 kl=0.2104
[Iter 204/488] steps=417792 reward=314.70 pi_loss=-0.1119 vf_loss=27.1466 entropy=34.1967 kl=0.2422
[Iter 205/488] steps=419840 reward=382.47 pi_loss=-0.1173 vf_loss=19.4244 entropy=34.5446 kl=0.3491
[Iter 206/488] steps=421888 reward=100.73 pi_loss=-0.1176 vf_loss=22.0876 entropy=34.2098 kl=0.3282
  [Eval] mean_return=755.67 std_return=87.60
[Iter 207/488] steps=423936 reward=287.44 pi_loss=-0.1057 vf_loss=23.1021 entropy=34.2103 kl=0.3080
[Iter 208/488] steps=425984 reward=243.88 pi_loss=-0.1187 vf_loss=21.1688 entropy=34.1956 kl=0.3660
[Iter 209/488] steps=428032 reward=180.92 pi_loss=-0.1079 vf_loss=24.7858 entropy=34.2955 kl=0.3593
[Iter 210/488] steps=430080 reward=342.65 pi_loss=-0.1202 vf_loss=25.4509 entropy=34.2449 kl=0.2868
  [Eval] mean_return=756.35 std_return=109.58
[Iter 211/488] steps=432128 reward=389.83 pi_loss=-0.1192 vf_loss=22.9422 entropy=34.4560 kl=0.3583
[Iter 212/488] steps=434176 reward=43.61 pi_loss=-0.1100 vf_loss=18.4150 entropy=34.4868 kl=0.4991
[Iter 213/488] steps=436224 reward=323.59 pi_loss=-0.1223 vf_loss=25.0557 entropy=34.1399 kl=0.2865
[Iter 214/488] steps=438272 reward=171.31 pi_loss=-0.1159 vf_loss=22.3208 entropy=34.3054 kl=0.3475
[Iter 215/488] steps=440320 reward=164.78 pi_loss=-0.1040 vf_loss=20.8235 entropy=34.4269 kl=0.4546
  [Eval] mean_return=852.25 std_return=83.79
[Iter 216/488] steps=442368 reward=151.25 pi_loss=-0.1235 vf_loss=23.1832 entropy=34.2576 kl=0.3143
[Iter 217/488] steps=444416 reward=197.58 pi_loss=-0.0942 vf_loss=23.1137 entropy=34.3878 kl=0.5713
[Iter 218/488] steps=446464 reward=207.58 pi_loss=-0.1036 vf_loss=23.0919 entropy=34.5154 kl=0.5254
[Iter 219/488] steps=448512 reward=121.02 pi_loss=-0.1207 vf_loss=23.8573 entropy=34.2363 kl=0.3199
[Iter 220/488] steps=450560 reward=372.45 pi_loss=-0.0958 vf_loss=22.8229 entropy=34.3707 kl=0.4938
  [Eval] mean_return=836.34 std_return=73.19
[Iter 221/488] steps=452608 reward=292.28 pi_loss=-0.1177 vf_loss=22.6160 entropy=34.2541 kl=0.3364
[Iter 222/488] steps=454656 reward=452.28 pi_loss=-0.1029 vf_loss=27.0549 entropy=34.2801 kl=0.3524
[Iter 223/488] steps=456704 reward=551.77 pi_loss=-0.1098 vf_loss=28.6108 entropy=34.2893 kl=0.3315
[Iter 224/488] steps=458752 reward=261.00 pi_loss=-0.1186 vf_loss=31.1261 entropy=34.2020 kl=0.2826
[Iter 225/488] steps=460800 reward=493.09 pi_loss=-0.1181 vf_loss=32.7292 entropy=34.2553 kl=0.3613
  [Eval] mean_return=910.42 std_return=220.67
[Iter 226/488] steps=462848 reward=565.43 pi_loss=-0.1093 vf_loss=37.7451 entropy=34.3860 kl=0.3020
[Iter 227/488] steps=464896 reward=214.25 pi_loss=-0.1147 vf_loss=24.7236 entropy=34.1626 kl=0.3157
[Iter 228/488] steps=466944 reward=440.27 pi_loss=-0.1033 vf_loss=28.5474 entropy=34.2825 kl=0.3507
[Iter 229/488] steps=468992 reward=442.60 pi_loss=-0.1104 vf_loss=26.3925 entropy=34.2706 kl=0.3502
[Iter 230/488] steps=471040 reward=432.53 pi_loss=-0.1086 vf_loss=36.4180 entropy=34.3744 kl=0.3167
  [Eval] mean_return=1037.46 std_return=88.99
[Iter 231/488] steps=473088 reward=479.79 pi_loss=-0.1023 vf_loss=28.2542 entropy=34.2336 kl=0.4267
[Iter 232/488] steps=475136 reward=463.29 pi_loss=-0.0629 vf_loss=29.0634 entropy=34.7032 kl=0.6658
[Iter 233/488] steps=477184 reward=606.33 pi_loss=-0.1048 vf_loss=29.0413 entropy=34.3623 kl=0.3348
[Iter 234/488] steps=479232 reward=611.86 pi_loss=-0.1090 vf_loss=39.1861 entropy=34.1472 kl=0.2575
[Iter 235/488] steps=481280 reward=525.82 pi_loss=-0.1088 vf_loss=33.5309 entropy=34.1495 kl=0.2758
  [Eval] mean_return=1011.76 std_return=89.46
[Iter 236/488] steps=483328 reward=338.41 pi_loss=-0.1132 vf_loss=25.6460 entropy=34.3218 kl=0.3025
[Iter 237/488] steps=485376 reward=560.49 pi_loss=-0.0869 vf_loss=34.0873 entropy=34.4049 kl=0.4426
[Iter 238/488] steps=487424 reward=373.84 pi_loss=-0.1113 vf_loss=29.2429 entropy=34.3706 kl=0.3266
[Iter 239/488] steps=489472 reward=566.29 pi_loss=-0.1128 vf_loss=28.3803 entropy=34.3248 kl=0.2785
[Iter 240/488] steps=491520 reward=124.82 pi_loss=-0.1109 vf_loss=22.2625 entropy=34.3831 kl=0.3797
  [Eval] mean_return=1031.38 std_return=74.96
[Iter 241/488] steps=493568 reward=503.83 pi_loss=-0.1108 vf_loss=31.9348 entropy=34.2847 kl=0.2824
[Iter 242/488] steps=495616 reward=260.24 pi_loss=-0.1107 vf_loss=28.6529 entropy=34.3231 kl=0.2849
[Iter 243/488] steps=497664 reward=555.53 pi_loss=-0.1013 vf_loss=31.9896 entropy=34.3225 kl=0.3241
[Iter 244/488] steps=499712 reward=517.09 pi_loss=-0.1056 vf_loss=32.3086 entropy=34.2921 kl=0.3011
[Iter 245/488] steps=501760 reward=463.96 pi_loss=-0.1186 vf_loss=38.9039 entropy=34.1156 kl=0.2527
  [Eval] mean_return=1064.79 std_return=90.83
[Iter 246/488] steps=503808 reward=459.99 pi_loss=-0.1108 vf_loss=30.3903 entropy=34.2607 kl=0.3396
[Iter 247/488] steps=505856 reward=561.44 pi_loss=-0.0988 vf_loss=26.9569 entropy=34.3953 kl=0.4122
[Iter 248/488] steps=507904 reward=533.45 pi_loss=-0.1000 vf_loss=29.1425 entropy=34.2912 kl=0.3791
[Iter 249/488] steps=509952 reward=534.70 pi_loss=-0.1180 vf_loss=33.7091 entropy=34.1179 kl=0.2597
[Iter 250/488] steps=512000 reward=573.19 pi_loss=-0.1003 vf_loss=38.1568 entropy=34.2962 kl=0.2979
  [Eval] mean_return=989.51 std_return=45.87
[Iter 251/488] steps=514048 reward=556.83 pi_loss=-0.1042 vf_loss=28.4118 entropy=34.2755 kl=0.3284
[Iter 252/488] steps=516096 reward=406.89 pi_loss=-0.1212 vf_loss=31.1901 entropy=34.2682 kl=0.2889
[Iter 253/488] steps=518144 reward=583.93 pi_loss=-0.1133 vf_loss=28.7403 entropy=34.2503 kl=0.3100
[Iter 254/488] steps=520192 reward=583.09 pi_loss=-0.1183 vf_loss=36.0063 entropy=34.2255 kl=0.2384
  [Eval] mean_return=996.53 std_return=30.50
[Iter 255/488] steps=522240 reward=450.30 pi_loss=-0.1080 vf_loss=33.6435 entropy=34.3563 kl=0.3390
[Iter 256/488] steps=524288 reward=653.88 pi_loss=-0.1079 vf_loss=37.6736 entropy=34.1587 kl=0.2915
[Iter 257/488] steps=526336 reward=551.76 pi_loss=-0.0545 vf_loss=31.0811 entropy=35.5260 kl=1.4698
[Iter 258/488] steps=528384 reward=611.42 pi_loss=-0.1047 vf_loss=27.8492 entropy=34.3446 kl=0.3110
[Iter 259/488] steps=530432 reward=302.94 pi_loss=-0.1068 vf_loss=20.7955 entropy=34.3519 kl=0.4143
  [Eval] mean_return=1026.71 std_return=67.92
[Iter 260/488] steps=532480 reward=545.45 pi_loss=-0.1095 vf_loss=34.7166 entropy=34.3001 kl=0.2409
[Iter 261/488] steps=534528 reward=659.63 pi_loss=-0.1114 vf_loss=40.6457 entropy=34.2614 kl=0.2222
[Iter 262/488] steps=536576 reward=149.92 pi_loss=-0.1152 vf_loss=31.4749 entropy=34.2260 kl=0.2652
[Iter 263/488] steps=538624 reward=649.26 pi_loss=-0.1132 vf_loss=39.4944 entropy=34.0793 kl=0.2243
[Iter 264/488] steps=540672 reward=730.37 pi_loss=-0.0939 vf_loss=36.9150 entropy=34.3001 kl=0.3542
  [Eval] mean_return=1134.57 std_return=60.52
[Iter 265/488] steps=542720 reward=643.98 pi_loss=-0.1032 vf_loss=38.4393 entropy=34.3305 kl=0.2985
[Iter 266/488] steps=544768 reward=140.06 pi_loss=-0.1179 vf_loss=28.5608 entropy=34.1598 kl=0.3056
[Iter 267/488] steps=546816 reward=641.26 pi_loss=-0.1086 vf_loss=42.3907 entropy=34.2415 kl=0.2612
[Iter 268/488] steps=548864 reward=537.02 pi_loss=-0.1035 vf_loss=32.3267 entropy=34.4012 kl=0.3488
[Iter 269/488] steps=550912 reward=80.99 pi_loss=-0.0987 vf_loss=28.9817 entropy=34.5441 kl=0.3614
  [Eval] mean_return=1087.58 std_return=84.81
[Iter 270/488] steps=552960 reward=654.90 pi_loss=-0.1067 vf_loss=36.8163 entropy=34.2729 kl=0.2588
[Iter 271/488] steps=555008 reward=603.30 pi_loss=-0.1131 vf_loss=47.5986 entropy=34.1951 kl=0.2010
[Iter 272/488] steps=557056 reward=496.14 pi_loss=-0.0853 vf_loss=37.4751 entropy=34.3451 kl=0.3711
[Iter 273/488] steps=559104 reward=618.91 pi_loss=-0.1054 vf_loss=41.5233 entropy=34.2049 kl=0.2615
[Iter 274/488] steps=561152 reward=696.69 pi_loss=-0.1062 vf_loss=39.0680 entropy=34.3027 kl=0.3305
  [Eval] mean_return=1044.59 std_return=118.94
[Iter 275/488] steps=563200 reward=669.14 pi_loss=-0.1175 vf_loss=40.6919 entropy=34.1986 kl=0.2617
[Iter 276/488] steps=565248 reward=683.63 pi_loss=-0.0953 vf_loss=49.0049 entropy=34.5689 kl=0.4214
[Iter 277/488] steps=567296 reward=660.82 pi_loss=-0.1157 vf_loss=49.3796 entropy=34.2111 kl=0.2828
[Iter 278/488] steps=569344 reward=562.74 pi_loss=-0.1212 vf_loss=56.3690 entropy=34.2595 kl=0.2166
[Iter 279/488] steps=571392 reward=368.48 pi_loss=-0.1167 vf_loss=37.0081 entropy=34.3980 kl=0.3170
  [Eval] mean_return=954.93 std_return=58.16
[Iter 280/488] steps=573440 reward=637.44 pi_loss=-0.1049 vf_loss=36.9765 entropy=34.2082 kl=0.3467
[Iter 281/488] steps=575488 reward=45.12 pi_loss=-0.0875 vf_loss=21.0422 entropy=34.4516 kl=0.4747
[Iter 282/488] steps=577536 reward=690.00 pi_loss=-0.1061 vf_loss=40.7323 entropy=34.2126 kl=0.2407
[Iter 283/488] steps=579584 reward=497.83 pi_loss=-0.1154 vf_loss=42.2735 entropy=34.2770 kl=0.2693
[Iter 284/488] steps=581632 reward=575.36 pi_loss=-0.1094 vf_loss=32.3030 entropy=34.3107 kl=0.3119
  [Eval] mean_return=991.74 std_return=69.69
[Iter 285/488] steps=583680 reward=596.23 pi_loss=-0.1094 vf_loss=39.9340 entropy=34.2059 kl=0.3132
[Iter 286/488] steps=585728 reward=426.09 pi_loss=-0.1064 vf_loss=49.9770 entropy=34.2758 kl=0.2543
[Iter 287/488] steps=587776 reward=525.21 pi_loss=-0.1226 vf_loss=37.6782 entropy=34.1954 kl=0.2365
[Iter 288/488] steps=589824 reward=757.11 pi_loss=-0.1069 vf_loss=53.7787 entropy=34.1605 kl=0.2425
[Iter 289/488] steps=591872 reward=563.84 pi_loss=-0.1071 vf_loss=45.1606 entropy=34.2104 kl=0.3000
  [Eval] mean_return=1080.13 std_return=112.52
[Iter 290/488] steps=593920 reward=600.04 pi_loss=-0.1145 vf_loss=39.6999 entropy=34.3003 kl=0.3033
[Iter 291/488] steps=595968 reward=601.78 pi_loss=-0.0937 vf_loss=33.4646 entropy=34.3799 kl=0.4050
[Iter 292/488] steps=598016 reward=342.02 pi_loss=-0.1107 vf_loss=47.1995 entropy=34.2189 kl=0.2647
[Iter 293/488] steps=600064 reward=575.78 pi_loss=-0.1117 vf_loss=36.5087 entropy=34.1340 kl=0.2730
  [Eval] mean_return=976.65 std_return=60.19
[Iter 294/488] steps=602112 reward=607.11 pi_loss=-0.1046 vf_loss=40.6208 entropy=34.2838 kl=0.2644
[Iter 295/488] steps=604160 reward=695.94 pi_loss=-0.0993 vf_loss=41.5261 entropy=34.2476 kl=0.3075
[Iter 296/488] steps=606208 reward=622.11 pi_loss=-0.1106 vf_loss=40.5786 entropy=34.2302 kl=0.2394
[Iter 297/488] steps=608256 reward=650.43 pi_loss=-0.1041 vf_loss=31.0292 entropy=34.2432 kl=0.3281
[Iter 298/488] steps=610304 reward=761.28 pi_loss=-0.1046 vf_loss=37.3659 entropy=34.2164 kl=0.2767
  [Eval] mean_return=1095.77 std_return=71.72
[Iter 299/488] steps=612352 reward=672.39 pi_loss=-0.1074 vf_loss=43.6751 entropy=34.2222 kl=0.2352
[Iter 300/488] steps=614400 reward=556.45 pi_loss=-0.1046 vf_loss=46.9976 entropy=34.2332 kl=0.2712
[Iter 301/488] steps=616448 reward=360.27 pi_loss=-0.1130 vf_loss=35.3933 entropy=34.3892 kl=0.2813
[Iter 302/488] steps=618496 reward=281.84 pi_loss=-0.1110 vf_loss=29.1058 entropy=34.3988 kl=0.3561
[Iter 303/488] steps=620544 reward=432.21 pi_loss=-0.1098 vf_loss=43.6896 entropy=34.3971 kl=0.2524
  [Eval] mean_return=939.11 std_return=154.62
[Iter 304/488] steps=622592 reward=670.00 pi_loss=-0.1099 vf_loss=49.4523 entropy=34.2517 kl=0.2199
[Iter 305/488] steps=624640 reward=589.63 pi_loss=-0.1193 vf_loss=39.5334 entropy=34.2579 kl=0.2346
[Iter 306/488] steps=626688 reward=630.65 pi_loss=-0.1147 vf_loss=44.9810 entropy=34.2766 kl=0.2637
[Iter 307/488] steps=628736 reward=434.86 pi_loss=-0.1093 vf_loss=32.1095 entropy=34.2434 kl=0.3523
[Iter 308/488] steps=630784 reward=636.68 pi_loss=-0.1079 vf_loss=35.0445 entropy=34.2267 kl=0.2823
  [Eval] mean_return=928.04 std_return=392.41
[Iter 309/488] steps=632832 reward=606.55 pi_loss=-0.1056 vf_loss=42.4686 entropy=34.1353 kl=0.2484
[Iter 310/488] steps=634880 reward=646.44 pi_loss=-0.1012 vf_loss=28.6167 entropy=34.3766 kl=0.3548
[Iter 311/488] steps=636928 reward=669.75 pi_loss=-0.1127 vf_loss=49.4733 entropy=34.0797 kl=0.2242
[Iter 312/488] steps=638976 reward=756.41 pi_loss=-0.1016 vf_loss=42.3442 entropy=34.3210 kl=0.2495
[Iter 313/488] steps=641024 reward=654.87 pi_loss=-0.0793 vf_loss=38.1985 entropy=34.4674 kl=0.4410
  [Eval] mean_return=1130.53 std_return=67.33
[Iter 314/488] steps=643072 reward=741.05 pi_loss=-0.1014 vf_loss=44.3408 entropy=34.2449 kl=0.2250
[Iter 315/488] steps=645120 reward=681.94 pi_loss=-0.1084 vf_loss=41.5944 entropy=34.0901 kl=0.2524
[Iter 316/488] steps=647168 reward=530.92 pi_loss=-0.0924 vf_loss=31.9590 entropy=34.3530 kl=0.3962
[Iter 317/488] steps=649216 reward=618.57 pi_loss=-0.1114 vf_loss=41.1739 entropy=34.3757 kl=0.2372
[Iter 318/488] steps=651264 reward=679.21 pi_loss=-0.0974 vf_loss=39.9676 entropy=34.2419 kl=0.3047
  [Eval] mean_return=1152.73 std_return=95.60
[Iter 319/488] steps=653312 reward=687.56 pi_loss=-0.1161 vf_loss=46.9744 entropy=34.3280 kl=0.1732
[Iter 320/488] steps=655360 reward=693.49 pi_loss=-0.1088 vf_loss=46.1014 entropy=34.2872 kl=0.2385
[Iter 321/488] steps=657408 reward=564.14 pi_loss=-0.1066 vf_loss=36.8426 entropy=34.1503 kl=0.2036
[Iter 322/488] steps=659456 reward=606.83 pi_loss=-0.1036 vf_loss=46.4902 entropy=34.2823 kl=0.2214
[Iter 323/488] steps=661504 reward=717.46 pi_loss=-0.1199 vf_loss=41.3767 entropy=34.2012 kl=0.2037
  [Eval] mean_return=1093.79 std_return=117.37
[Iter 324/488] steps=663552 reward=656.99 pi_loss=-0.1119 vf_loss=40.1623 entropy=34.2450 kl=0.2209
[Iter 325/488] steps=665600 reward=723.88 pi_loss=-0.1098 vf_loss=45.9556 entropy=34.0494 kl=0.2182
[Iter 326/488] steps=667648 reward=674.86 pi_loss=-0.1149 vf_loss=50.0277 entropy=34.1833 kl=0.1789
[Iter 327/488] steps=669696 reward=824.88 pi_loss=-0.1087 vf_loss=49.1806 entropy=34.1059 kl=0.2171
[Iter 328/488] steps=671744 reward=712.70 pi_loss=-0.1116 vf_loss=42.9917 entropy=34.3073 kl=0.2444
  [Eval] mean_return=1193.73 std_return=121.98
[Iter 329/488] steps=673792 reward=728.13 pi_loss=-0.1116 vf_loss=54.9760 entropy=34.2659 kl=0.2275
[Iter 330/488] steps=675840 reward=755.49 pi_loss=-0.0918 vf_loss=47.8059 entropy=34.2824 kl=0.3075
[Iter 331/488] steps=677888 reward=634.69 pi_loss=-0.1103 vf_loss=47.3737 entropy=34.1485 kl=0.2314
[Iter 332/488] steps=679936 reward=792.86 pi_loss=-0.1146 vf_loss=47.0102 entropy=34.1823 kl=0.1928
[Iter 333/488] steps=681984 reward=731.99 pi_loss=-0.0952 vf_loss=44.6793 entropy=34.2108 kl=0.2791
  [Eval] mean_return=1082.52 std_return=431.37
[Iter 334/488] steps=684032 reward=891.52 pi_loss=-0.0953 vf_loss=55.1351 entropy=34.0793 kl=0.2038
[Iter 335/488] steps=686080 reward=751.92 pi_loss=-0.0921 vf_loss=45.2935 entropy=34.3698 kl=0.2878
[Iter 336/488] steps=688128 reward=200.97 pi_loss=-0.1216 vf_loss=38.8841 entropy=34.2730 kl=0.2155
[Iter 337/488] steps=690176 reward=789.14 pi_loss=-0.1028 vf_loss=58.5647 entropy=34.0634 kl=0.1750
  [Eval] mean_return=1235.31 std_return=90.82
[Iter 338/488] steps=692224 reward=665.93 pi_loss=-0.0929 vf_loss=49.9750 entropy=34.2797 kl=0.2803
[Iter 339/488] steps=694272 reward=638.84 pi_loss=-0.1141 vf_loss=44.2683 entropy=34.1519 kl=0.1976
[Iter 340/488] steps=696320 reward=508.47 pi_loss=-0.1139 vf_loss=35.5917 entropy=34.2252 kl=0.2402
[Iter 341/488] steps=698368 reward=694.13 pi_loss=-0.1071 vf_loss=52.8572 entropy=34.1871 kl=0.2344
[Iter 342/488] steps=700416 reward=775.02 pi_loss=-0.1007 vf_loss=51.0543 entropy=34.1867 kl=0.2014
  [Eval] mean_return=1226.03 std_return=134.57
[Iter 343/488] steps=702464 reward=781.05 pi_loss=-0.1092 vf_loss=56.0993 entropy=34.2106 kl=0.1773
[Iter 344/488] steps=704512 reward=674.42 pi_loss=-0.1103 vf_loss=55.7715 entropy=34.2391 kl=0.1790
[Iter 345/488] steps=706560 reward=632.62 pi_loss=-0.1104 vf_loss=52.2507 entropy=34.0760 kl=0.1672
[Iter 346/488] steps=708608 reward=822.21 pi_loss=-0.1053 vf_loss=61.2310 entropy=34.2959 kl=0.1739
[Iter 347/488] steps=710656 reward=884.81 pi_loss=-0.1004 vf_loss=61.1420 entropy=34.1819 kl=0.1850
  [Eval] mean_return=1186.38 std_return=57.52
[Iter 348/488] steps=712704 reward=893.37 pi_loss=-0.1138 vf_loss=73.2215 entropy=34.0976 kl=0.1786
[Iter 349/488] steps=714752 reward=596.25 pi_loss=-0.1123 vf_loss=47.8984 entropy=34.3015 kl=0.2332
[Iter 350/488] steps=716800 reward=747.06 pi_loss=-0.1038 vf_loss=56.4745 entropy=34.1592 kl=0.1971
[Iter 351/488] steps=718848 reward=644.23 pi_loss=-0.1055 vf_loss=53.1699 entropy=34.1689 kl=0.2134
[Iter 352/488] steps=720896 reward=684.20 pi_loss=-0.1067 vf_loss=57.4315 entropy=34.1158 kl=0.1739
  [Eval] mean_return=1156.13 std_return=94.58
[Iter 353/488] steps=722944 reward=805.57 pi_loss=-0.1032 vf_loss=46.5072 entropy=34.2181 kl=0.1984
[Iter 354/488] steps=724992 reward=886.22 pi_loss=-0.1061 vf_loss=55.1653 entropy=34.3294 kl=0.1878
[Iter 355/488] steps=727040 reward=812.16 pi_loss=-0.1062 vf_loss=65.6161 entropy=34.1411 kl=0.1804
[Iter 356/488] steps=729088 reward=812.16 pi_loss=-0.1148 vf_loss=57.2554 entropy=34.2034 kl=0.1809
[Iter 357/488] steps=731136 reward=778.62 pi_loss=-0.1041 vf_loss=54.6960 entropy=34.2345 kl=0.1868
  [Eval] mean_return=1213.51 std_return=97.09
[Iter 358/488] steps=733184 reward=700.76 pi_loss=-0.1126 vf_loss=58.5640 entropy=34.0792 kl=0.1830
[Iter 359/488] steps=735232 reward=690.32 pi_loss=-0.1039 vf_loss=40.8311 entropy=34.1126 kl=0.2210
[Iter 360/488] steps=737280 reward=762.73 pi_loss=-0.1025 vf_loss=50.6967 entropy=34.1723 kl=0.1907
[Iter 361/488] steps=739328 reward=448.82 pi_loss=-0.1106 vf_loss=49.8183 entropy=34.1932 kl=0.1828
[Iter 362/488] steps=741376 reward=280.43 pi_loss=-0.1127 vf_loss=31.5600 entropy=34.3195 kl=0.3020
  [Eval] mean_return=1183.65 std_return=57.62
[Iter 363/488] steps=743424 reward=738.35 pi_loss=-0.1077 vf_loss=54.2740 entropy=34.0463 kl=0.1600
[Iter 364/488] steps=745472 reward=325.73 pi_loss=-0.1153 vf_loss=40.4231 entropy=34.0641 kl=0.1780
[Iter 365/488] steps=747520 reward=741.85 pi_loss=-0.1027 vf_loss=62.2814 entropy=34.1739 kl=0.1543
[Iter 366/488] steps=749568 reward=782.52 pi_loss=-0.1102 vf_loss=56.8216 entropy=34.2913 kl=0.1510
[Iter 367/488] steps=751616 reward=946.30 pi_loss=-0.0981 vf_loss=57.3254 entropy=34.1894 kl=0.1745
  [Eval] mean_return=1170.80 std_return=53.95
[Iter 368/488] steps=753664 reward=690.85 pi_loss=-0.0988 vf_loss=53.5950 entropy=34.1521 kl=0.1791
[Iter 369/488] steps=755712 reward=722.54 pi_loss=-0.1087 vf_loss=52.8085 entropy=34.2540 kl=0.1938
[Iter 370/488] steps=757760 reward=464.10 pi_loss=-0.1042 vf_loss=38.5003 entropy=34.2056 kl=0.2474
[Iter 371/488] steps=759808 reward=781.51 pi_loss=-0.1043 vf_loss=48.5483 entropy=34.0856 kl=0.1528
[Iter 372/488] steps=761856 reward=365.36 pi_loss=-0.1136 vf_loss=43.3354 entropy=34.2399 kl=0.1608
  [Eval] mean_return=1216.77 std_return=64.79
[Iter 373/488] steps=763904 reward=849.47 pi_loss=-0.1084 vf_loss=57.3637 entropy=34.1110 kl=0.1393
[Iter 374/488] steps=765952 reward=565.81 pi_loss=-0.1149 vf_loss=40.9646 entropy=34.2198 kl=0.1703
[Iter 375/488] steps=768000 reward=464.53 pi_loss=-0.1058 vf_loss=62.6636 entropy=34.2241 kl=0.1490
[Iter 376/488] steps=770048 reward=766.86 pi_loss=-0.1100 vf_loss=56.3953 entropy=34.1728 kl=0.1341
  [Eval] mean_return=1211.40 std_return=70.55
[Iter 377/488] steps=772096 reward=768.70 pi_loss=-0.1091 vf_loss=48.6652 entropy=34.1998 kl=0.1525
[Iter 378/488] steps=774144 reward=897.65 pi_loss=-0.1065 vf_loss=54.9833 entropy=34.1455 kl=0.1433
[Iter 379/488] steps=776192 reward=937.15 pi_loss=-0.0985 vf_loss=56.2009 entropy=34.0710 kl=0.1541
[Iter 380/488] steps=778240 reward=885.12 pi_loss=-0.1046 vf_loss=59.0763 entropy=34.1504 kl=0.1527
[Iter 381/488] steps=780288 reward=831.26 pi_loss=-0.0946 vf_loss=56.8538 entropy=34.3054 kl=0.2034
  [Eval] mean_return=1081.75 std_return=233.39
[Iter 382/488] steps=782336 reward=898.09 pi_loss=-0.1023 vf_loss=51.1752 entropy=34.1273 kl=0.1317
[Iter 383/488] steps=784384 reward=781.65 pi_loss=-0.1054 vf_loss=53.1311 entropy=34.1019 kl=0.1464
[Iter 384/488] steps=786432 reward=946.57 pi_loss=-0.0943 vf_loss=51.5180 entropy=34.1186 kl=0.1529
[Iter 385/488] steps=788480 reward=902.39 pi_loss=-0.1002 vf_loss=56.1576 entropy=34.0883 kl=0.1488
[Iter 386/488] steps=790528 reward=949.00 pi_loss=-0.0945 vf_loss=54.2621 entropy=34.2081 kl=0.1568
  [Eval] mean_return=1171.54 std_return=72.30
[Iter 387/488] steps=792576 reward=673.42 pi_loss=-0.0969 vf_loss=54.0209 entropy=33.9688 kl=0.1294
[Iter 388/488] steps=794624 reward=950.21 pi_loss=-0.0923 vf_loss=45.7892 entropy=34.1220 kl=0.1499
[Iter 389/488] steps=796672 reward=916.31 pi_loss=-0.0970 vf_loss=57.3700 entropy=34.0826 kl=0.1348
[Iter 390/488] steps=798720 reward=856.11 pi_loss=-0.0947 vf_loss=51.7248 entropy=34.0724 kl=0.1381
[Iter 391/488] steps=800768 reward=810.65 pi_loss=-0.1029 vf_loss=63.3637 entropy=34.0250 kl=0.1306
  [Eval] mean_return=1142.22 std_return=81.96
[Iter 392/488] steps=802816 reward=340.74 pi_loss=-0.1088 vf_loss=58.3707 entropy=34.1530 kl=0.1446
[Iter 393/488] steps=804864 reward=858.56 pi_loss=-0.1036 vf_loss=68.2301 entropy=34.0093 kl=0.1098
[Iter 394/488] steps=806912 reward=827.83 pi_loss=-0.1128 vf_loss=36.9266 entropy=34.0896 kl=0.1504
[Iter 395/488] steps=808960 reward=848.19 pi_loss=-0.0924 vf_loss=48.5373 entropy=34.1968 kl=0.1525
[Iter 396/488] steps=811008 reward=827.61 pi_loss=-0.0996 vf_loss=61.9263 entropy=34.0312 kl=0.1258
  [Eval] mean_return=1177.14 std_return=106.95
[Iter 397/488] steps=813056 reward=646.10 pi_loss=-0.1056 vf_loss=48.6502 entropy=34.1579 kl=0.1575
[Iter 398/488] steps=815104 reward=316.35 pi_loss=-0.1013 vf_loss=55.0037 entropy=34.1095 kl=0.1378
[Iter 399/488] steps=817152 reward=808.60 pi_loss=-0.1017 vf_loss=63.2739 entropy=34.2016 kl=0.1136
[Iter 400/488] steps=819200 reward=816.13 pi_loss=-0.0994 vf_loss=56.3917 entropy=34.0042 kl=0.1192
[Iter 401/488] steps=821248 reward=596.54 pi_loss=-0.0998 vf_loss=56.3952 entropy=33.9595 kl=0.1154
  [Eval] mean_return=1174.88 std_return=67.95
[Iter 402/488] steps=823296 reward=827.99 pi_loss=-0.1002 vf_loss=56.7889 entropy=34.0040 kl=0.1279
[Iter 403/488] steps=825344 reward=815.03 pi_loss=-0.0998 vf_loss=50.1118 entropy=34.1277 kl=0.1326
[Iter 404/488] steps=827392 reward=605.90 pi_loss=-0.1118 vf_loss=39.4121 entropy=34.1159 kl=0.1507
[Iter 405/488] steps=829440 reward=641.53 pi_loss=-0.1062 vf_loss=51.1438 entropy=34.0577 kl=0.1075
[Iter 406/488] steps=831488 reward=393.93 pi_loss=-0.1004 vf_loss=44.8343 entropy=34.1046 kl=0.1372
  [Eval] mean_return=1183.78 std_return=69.73
[Iter 407/488] steps=833536 reward=947.38 pi_loss=-0.1025 vf_loss=72.9468 entropy=34.1369 kl=0.1035
[Iter 408/488] steps=835584 reward=869.41 pi_loss=-0.0999 vf_loss=73.8675 entropy=34.2445 kl=0.0993
[Iter 409/488] steps=837632 reward=356.45 pi_loss=-0.1073 vf_loss=43.4112 entropy=34.1331 kl=0.1297
[Iter 410/488] steps=839680 reward=1056.54 pi_loss=-0.0935 vf_loss=64.9789 entropy=34.2402 kl=0.1034
[Iter 411/488] steps=841728 reward=1012.98 pi_loss=-0.0952 vf_loss=65.2758 entropy=34.1409 kl=0.1168
  [Eval] mean_return=1145.05 std_return=156.96
[Iter 412/488] steps=843776 reward=714.05 pi_loss=-0.1019 vf_loss=57.8157 entropy=34.2851 kl=0.1187
[Iter 413/488] steps=845824 reward=787.70 pi_loss=-0.1014 vf_loss=61.2637 entropy=34.2235 kl=0.1045
[Iter 414/488] steps=847872 reward=25.46 pi_loss=-0.1139 vf_loss=23.4033 entropy=34.1888 kl=0.1817
[Iter 415/488] steps=849920 reward=957.03 pi_loss=-0.0927 vf_loss=60.5317 entropy=34.0768 kl=0.0981
[Iter 416/488] steps=851968 reward=844.93 pi_loss=-0.0906 vf_loss=57.0566 entropy=34.0710 kl=0.0984
  [Eval] mean_return=1192.90 std_return=104.76
[Iter 417/488] steps=854016 reward=290.81 pi_loss=-0.0899 vf_loss=40.4867 entropy=34.1052 kl=0.1192
[Iter 418/488] steps=856064 reward=1101.83 pi_loss=-0.0897 vf_loss=58.4322 entropy=34.0338 kl=0.0954
[Iter 419/488] steps=858112 reward=1018.54 pi_loss=-0.0916 vf_loss=53.1836 entropy=34.3118 kl=0.1062
[Iter 420/488] steps=860160 reward=908.74 pi_loss=-0.0886 vf_loss=57.6944 entropy=33.9023 kl=0.0843
  [Eval] mean_return=1150.49 std_return=184.80
[Iter 421/488] steps=862208 reward=888.41 pi_loss=-0.0933 vf_loss=57.7794 entropy=34.0526 kl=0.0921
[Iter 422/488] steps=864256 reward=857.18 pi_loss=-0.0954 vf_loss=63.5354 entropy=34.0751 kl=0.0959
[Iter 423/488] steps=866304 reward=930.43 pi_loss=-0.0938 vf_loss=60.6542 entropy=34.0985 kl=0.0895
[Iter 424/488] steps=868352 reward=810.04 pi_loss=-0.0913 vf_loss=58.1168 entropy=34.1513 kl=0.0935
[Iter 425/488] steps=870400 reward=998.69 pi_loss=-0.0930 vf_loss=55.7653 entropy=34.0881 kl=0.0954
  [Eval] mean_return=912.14 std_return=534.23
[Iter 426/488] steps=872448 reward=1055.75 pi_loss=-0.0893 vf_loss=65.3145 entropy=34.0090 kl=0.0858
[Iter 427/488] steps=874496 reward=893.10 pi_loss=-0.0906 vf_loss=60.5275 entropy=34.1397 kl=0.0911
[Iter 428/488] steps=876544 reward=873.18 pi_loss=-0.0891 vf_loss=67.7281 entropy=34.0977 kl=0.0861
[Iter 429/488] steps=878592 reward=913.06 pi_loss=-0.0912 vf_loss=61.1077 entropy=34.0659 kl=0.0830
[Iter 430/488] steps=880640 reward=710.16 pi_loss=-0.0953 vf_loss=67.7675 entropy=34.0963 kl=0.0867
  [Eval] mean_return=1124.36 std_return=172.14
[Iter 431/488] steps=882688 reward=1108.66 pi_loss=-0.0923 vf_loss=71.9913 entropy=33.9748 kl=0.0826
[Iter 432/488] steps=884736 reward=925.49 pi_loss=-0.0889 vf_loss=69.0984 entropy=34.0925 kl=0.0799
[Iter 433/488] steps=886784 reward=882.89 pi_loss=-0.0987 vf_loss=73.7602 entropy=34.1688 kl=0.0765
[Iter 434/488] steps=888832 reward=804.04 pi_loss=-0.0945 vf_loss=70.8267 entropy=34.1236 kl=0.0776
[Iter 435/488] steps=890880 reward=935.42 pi_loss=-0.0945 vf_loss=64.9037 entropy=34.1854 kl=0.0762
  [Eval] mean_return=1214.04 std_return=70.58
[Iter 436/488] steps=892928 reward=892.26 pi_loss=-0.0907 vf_loss=55.5864 entropy=34.1041 kl=0.0916
[Iter 437/488] steps=894976 reward=955.70 pi_loss=-0.0908 vf_loss=70.8306 entropy=34.1544 kl=0.0761
[Iter 438/488] steps=897024 reward=682.33 pi_loss=-0.0973 vf_loss=58.4035 entropy=34.0105 kl=0.0872
[Iter 439/488] steps=899072 reward=1147.14 pi_loss=-0.0875 vf_loss=64.3091 entropy=34.1465 kl=0.0809
[Iter 440/488] steps=901120 reward=766.60 pi_loss=-0.0932 vf_loss=71.9490 entropy=34.1571 kl=0.0737
  [Eval] mean_return=1241.24 std_return=124.64
[Iter 441/488] steps=903168 reward=452.31 pi_loss=-0.0931 vf_loss=58.2246 entropy=34.1980 kl=0.0780
[Iter 442/488] steps=905216 reward=1043.43 pi_loss=-0.0890 vf_loss=77.9775 entropy=34.1281 kl=0.0665
[Iter 443/488] steps=907264 reward=372.04 pi_loss=-0.0981 vf_loss=44.1234 entropy=34.0332 kl=0.0856
[Iter 444/488] steps=909312 reward=928.97 pi_loss=-0.0817 vf_loss=69.0305 entropy=34.2078 kl=0.0633
[Iter 445/488] steps=911360 reward=830.35 pi_loss=-0.0833 vf_loss=70.5719 entropy=34.1254 kl=0.0635
  [Eval] mean_return=1185.96 std_return=201.16
[Iter 446/488] steps=913408 reward=1003.07 pi_loss=-0.0879 vf_loss=65.9168 entropy=34.0216 kl=0.0709
[Iter 447/488] steps=915456 reward=866.75 pi_loss=-0.0859 vf_loss=66.5131 entropy=34.0142 kl=0.0646
[Iter 448/488] steps=917504 reward=849.13 pi_loss=-0.0810 vf_loss=84.6842 entropy=34.1621 kl=0.0550
[Iter 449/488] steps=919552 reward=515.08 pi_loss=-0.0938 vf_loss=42.0150 entropy=34.2277 kl=0.0770
[Iter 450/488] steps=921600 reward=1026.96 pi_loss=-0.0805 vf_loss=79.3642 entropy=34.0909 kl=0.0554
  [Eval] mean_return=1265.02 std_return=101.98
[Iter 451/488] steps=923648 reward=893.96 pi_loss=-0.0811 vf_loss=73.5296 entropy=34.0960 kl=0.0555
[Iter 452/488] steps=925696 reward=460.95 pi_loss=-0.0908 vf_loss=57.8870 entropy=34.1509 kl=0.0630
[Iter 453/488] steps=927744 reward=851.38 pi_loss=-0.0775 vf_loss=70.3173 entropy=34.0219 kl=0.0548
[Iter 454/488] steps=929792 reward=870.95 pi_loss=-0.0861 vf_loss=57.8935 entropy=34.1391 kl=0.0641
[Iter 455/488] steps=931840 reward=914.36 pi_loss=-0.0803 vf_loss=65.4075 entropy=34.1353 kl=0.0589
  [Eval] mean_return=1247.45 std_return=73.73
[Iter 456/488] steps=933888 reward=875.52 pi_loss=-0.0738 vf_loss=63.2881 entropy=34.0183 kl=0.0536
[Iter 457/488] steps=935936 reward=1044.12 pi_loss=-0.0800 vf_loss=60.0440 entropy=34.0066 kl=0.0567
[Iter 458/488] steps=937984 reward=928.34 pi_loss=-0.0785 vf_loss=56.9504 entropy=34.0636 kl=0.0525
[Iter 459/488] steps=940032 reward=921.41 pi_loss=-0.0721 vf_loss=80.9936 entropy=34.0202 kl=0.0468
  [Eval] mean_return=1283.56 std_return=128.72
[Iter 460/488] steps=942080 reward=1055.83 pi_loss=-0.0726 vf_loss=64.9849 entropy=34.1344 kl=0.0467
[Iter 461/488] steps=944128 reward=345.59 pi_loss=-0.0823 vf_loss=51.1080 entropy=34.0001 kl=0.0574
[Iter 462/488] steps=946176 reward=897.29 pi_loss=-0.0671 vf_loss=73.5183 entropy=34.1691 kl=0.0441
[Iter 463/488] steps=948224 reward=336.37 pi_loss=-0.0806 vf_loss=43.2586 entropy=34.0616 kl=0.0514
[Iter 464/488] steps=950272 reward=969.69 pi_loss=-0.0681 vf_loss=75.1453 entropy=34.1005 kl=0.0405
  [Eval] mean_return=1264.56 std_return=81.94
[Iter 465/488] steps=952320 reward=89.63 pi_loss=-0.0787 vf_loss=45.9865 entropy=34.0861 kl=0.0463
[Iter 466/488] steps=954368 reward=986.44 pi_loss=-0.0633 vf_loss=57.1845 entropy=33.8273 kl=0.0412
[Iter 467/488] steps=956416 reward=941.38 pi_loss=-0.0680 vf_loss=66.0203 entropy=34.0196 kl=0.0408
[Iter 468/488] steps=958464 reward=770.66 pi_loss=-0.0684 vf_loss=63.8437 entropy=34.1384 kl=0.0419
[Iter 469/488] steps=960512 reward=984.19 pi_loss=-0.0635 vf_loss=74.0843 entropy=34.1248 kl=0.0366
  [Eval] mean_return=1124.40 std_return=470.36
[Iter 470/488] steps=962560 reward=886.56 pi_loss=-0.0664 vf_loss=59.1752 entropy=33.9286 kl=0.0363
[Iter 471/488] steps=964608 reward=916.27 pi_loss=-0.0624 vf_loss=66.0673 entropy=34.0026 kl=0.0335
[Iter 472/488] steps=966656 reward=905.92 pi_loss=-0.0615 vf_loss=68.9141 entropy=34.1935 kl=0.0348
[Iter 473/488] steps=968704 reward=1013.22 pi_loss=-0.0577 vf_loss=65.4895 entropy=34.0609 kl=0.0332
[Iter 474/488] steps=970752 reward=1024.49 pi_loss=-0.0540 vf_loss=82.4022 entropy=34.0662 kl=0.0318
  [Eval] mean_return=1286.49 std_return=54.22
[Iter 475/488] steps=972800 reward=435.94 pi_loss=-0.0652 vf_loss=49.6677 entropy=34.0868 kl=0.0370
[Iter 476/488] steps=974848 reward=1031.05 pi_loss=-0.0525 vf_loss=68.2959 entropy=34.0627 kl=0.0296
[Iter 477/488] steps=976896 reward=934.33 pi_loss=-0.0514 vf_loss=71.4844 entropy=34.0874 kl=0.0284
[Iter 478/488] steps=978944 reward=1017.29 pi_loss=-0.0469 vf_loss=65.3791 entropy=33.9802 kl=0.0244
[Iter 479/488] steps=980992 reward=990.95 pi_loss=-0.0435 vf_loss=93.3358 entropy=34.0964 kl=0.0238
  [Eval] mean_return=1299.79 std_return=118.84
[Iter 480/488] steps=983040 reward=748.56 pi_loss=-0.0440 vf_loss=68.0599 entropy=34.0387 kl=0.0241
[Iter 481/488] steps=985088 reward=838.25 pi_loss=-0.0434 vf_loss=60.4136 entropy=34.1288 kl=0.0214
[Iter 482/488] steps=987136 reward=1032.79 pi_loss=-0.0377 vf_loss=67.4231 entropy=34.1514 kl=0.0183
[Iter 483/488] steps=989184 reward=-18.73 pi_loss=-0.0370 vf_loss=61.3119 entropy=34.1757 kl=0.0199
[Iter 484/488] steps=991232 reward=977.03 pi_loss=-0.0326 vf_loss=70.3564 entropy=34.0470 kl=0.0154
  [Eval] mean_return=1213.43 std_return=184.18
[Iter 485/488] steps=993280 reward=1029.20 pi_loss=-0.0292 vf_loss=66.7884 entropy=33.9474 kl=0.0143
[Iter 486/488] steps=995328 reward=1040.78 pi_loss=-0.0225 vf_loss=75.8155 entropy=34.1636 kl=0.0113
[Iter 487/488] steps=997376 reward=862.57 pi_loss=-0.0171 vf_loss=69.7786 entropy=34.1029 kl=0.0084
[Iter 488/488] steps=999424 reward=912.53 pi_loss=-0.0097 vf_loss=65.2090 entropy=34.0423 kl=0.0026
Training complete. Logs saved to results/8hr/K4_cumulative/seed_42
