[Iter 1/488] steps=2048 reward=-432.36 pi_loss=-0.0385 vf_loss=9.6106 entropy=34.1621 kl=0.0143
[Iter 2/488] steps=4096 reward=-454.79 pi_loss=-0.0394 vf_loss=23.8169 entropy=34.0261 kl=0.0101
[Iter 3/488] steps=6144 reward=-344.27 pi_loss=-0.0489 vf_loss=15.3260 entropy=33.9927 kl=0.0150
[Iter 4/488] steps=8192 reward=-485.42 pi_loss=-0.0497 vf_loss=32.9498 entropy=34.1031 kl=0.0138
[Iter 5/488] steps=10240 reward=-434.50 pi_loss=-0.0585 vf_loss=15.6519 entropy=34.1393 kl=0.0229
  [Eval] mean_return=-241.87 std_return=89.60
[Iter 6/488] steps=12288 reward=-442.78 pi_loss=-0.0559 vf_loss=19.0008 entropy=34.1103 kl=0.0206
[Iter 7/488] steps=14336 reward=-419.23 pi_loss=-0.0561 vf_loss=19.3707 entropy=34.1994 kl=0.0260
[Iter 8/488] steps=16384 reward=-427.99 pi_loss=-0.0574 vf_loss=28.5584 entropy=33.9341 kl=0.0198
[Iter 9/488] steps=18432 reward=-336.53 pi_loss=-0.0604 vf_loss=13.0861 entropy=34.1068 kl=0.0397
[Iter 10/488] steps=20480 reward=-418.60 pi_loss=-0.0616 vf_loss=13.6821 entropy=34.0831 kl=0.0353
  [Eval] mean_return=-232.97 std_return=39.76
[Iter 11/488] steps=22528 reward=-445.13 pi_loss=-0.0619 vf_loss=13.0607 entropy=34.0219 kl=0.0405
[Iter 12/488] steps=24576 reward=-456.18 pi_loss=-0.0652 vf_loss=16.5584 entropy=34.1178 kl=0.0398
[Iter 13/488] steps=26624 reward=-418.80 pi_loss=-0.0633 vf_loss=11.4181 entropy=34.1852 kl=0.0599
[Iter 14/488] steps=28672 reward=-422.03 pi_loss=-0.0652 vf_loss=19.8707 entropy=34.0370 kl=0.0276
[Iter 15/488] steps=30720 reward=-394.47 pi_loss=-0.0637 vf_loss=12.6378 entropy=34.1547 kl=0.0604
  [Eval] mean_return=-208.75 std_return=36.61
[Iter 16/488] steps=32768 reward=-406.25 pi_loss=-0.0682 vf_loss=12.2459 entropy=33.9872 kl=0.0561
[Iter 17/488] steps=34816 reward=-401.01 pi_loss=-0.0710 vf_loss=13.3840 entropy=34.0929 kl=0.0475
[Iter 18/488] steps=36864 reward=-383.10 pi_loss=-0.0650 vf_loss=12.7143 entropy=34.3018 kl=0.0649
[Iter 19/488] steps=38912 reward=-386.97 pi_loss=-0.0653 vf_loss=14.7112 entropy=34.1514 kl=0.0576
[Iter 20/488] steps=40960 reward=-421.35 pi_loss=-0.0646 vf_loss=12.5440 entropy=34.1614 kl=0.0727
  [Eval] mean_return=-212.09 std_return=38.27
[Iter 21/488] steps=43008 reward=-343.06 pi_loss=-0.0696 vf_loss=14.4075 entropy=34.0454 kl=0.0449
[Iter 22/488] steps=45056 reward=-414.93 pi_loss=-0.0639 vf_loss=9.2211 entropy=34.0304 kl=0.0854
[Iter 23/488] steps=47104 reward=-423.87 pi_loss=-0.0641 vf_loss=11.9140 entropy=34.1361 kl=0.0742
[Iter 24/488] steps=49152 reward=-408.35 pi_loss=-0.0667 vf_loss=10.2075 entropy=34.0579 kl=0.0917
[Iter 25/488] steps=51200 reward=-384.67 pi_loss=-0.0685 vf_loss=14.2387 entropy=34.0765 kl=0.0534
  [Eval] mean_return=-231.38 std_return=34.18
[Iter 26/488] steps=53248 reward=-404.74 pi_loss=-0.0650 vf_loss=17.3891 entropy=34.0931 kl=0.0483
[Iter 27/488] steps=55296 reward=-393.45 pi_loss=-0.0715 vf_loss=20.0352 entropy=34.0730 kl=0.0406
[Iter 28/488] steps=57344 reward=-402.40 pi_loss=-0.0714 vf_loss=16.0124 entropy=34.0458 kl=0.0688
[Iter 29/488] steps=59392 reward=-428.21 pi_loss=-0.0690 vf_loss=12.6589 entropy=34.2006 kl=0.1049
[Iter 30/488] steps=61440 reward=-304.69 pi_loss=-0.0692 vf_loss=14.6723 entropy=34.0983 kl=0.0842
  [Eval] mean_return=-179.01 std_return=41.11
[Iter 31/488] steps=63488 reward=-313.82 pi_loss=-0.0719 vf_loss=15.3544 entropy=34.3279 kl=0.0745
[Iter 32/488] steps=65536 reward=-292.63 pi_loss=-0.0700 vf_loss=11.1085 entropy=34.0630 kl=0.1064
[Iter 33/488] steps=67584 reward=-332.71 pi_loss=-0.0657 vf_loss=9.7551 entropy=34.0828 kl=0.1072
[Iter 34/488] steps=69632 reward=-347.68 pi_loss=-0.0648 vf_loss=10.4044 entropy=34.1121 kl=0.0883
[Iter 35/488] steps=71680 reward=-280.75 pi_loss=-0.0726 vf_loss=9.9394 entropy=34.0743 kl=0.0963
  [Eval] mean_return=-134.23 std_return=66.62
[Iter 36/488] steps=73728 reward=-327.75 pi_loss=-0.0712 vf_loss=11.0172 entropy=34.1966 kl=0.0788
[Iter 37/488] steps=75776 reward=-351.79 pi_loss=-0.0725 vf_loss=9.4775 entropy=34.2519 kl=0.1102
[Iter 38/488] steps=77824 reward=-277.42 pi_loss=-0.0750 vf_loss=7.7621 entropy=34.1297 kl=0.0972
[Iter 39/488] steps=79872 reward=-243.31 pi_loss=-0.0769 vf_loss=10.4938 entropy=34.0621 kl=0.0863
[Iter 40/488] steps=81920 reward=-376.73 pi_loss=-0.0738 vf_loss=12.6050 entropy=34.0551 kl=0.0612
  [Eval] mean_return=-86.80 std_return=37.02
[Iter 41/488] steps=83968 reward=-320.03 pi_loss=-0.0732 vf_loss=11.8295 entropy=34.1591 kl=0.0657
[Iter 42/488] steps=86016 reward=-357.66 pi_loss=-0.0739 vf_loss=9.8082 entropy=34.0997 kl=0.1028
[Iter 43/488] steps=88064 reward=-297.33 pi_loss=-0.0745 vf_loss=11.2590 entropy=34.0370 kl=0.0874
[Iter 44/488] steps=90112 reward=-376.21 pi_loss=-0.0798 vf_loss=10.1374 entropy=33.9989 kl=0.0836
  [Eval] mean_return=-99.87 std_return=64.59
[Iter 45/488] steps=92160 reward=-331.56 pi_loss=-0.0716 vf_loss=11.1589 entropy=34.2943 kl=0.0943
[Iter 46/488] steps=94208 reward=-205.74 pi_loss=-0.0786 vf_loss=10.6668 entropy=34.1823 kl=0.0832
[Iter 47/488] steps=96256 reward=-284.50 pi_loss=-0.0760 vf_loss=10.4189 entropy=34.0962 kl=0.0906
[Iter 48/488] steps=98304 reward=-222.30 pi_loss=-0.0698 vf_loss=10.7722 entropy=34.1081 kl=0.1080
[Iter 49/488] steps=100352 reward=-250.33 pi_loss=-0.0722 vf_loss=10.4967 entropy=34.0815 kl=0.1067
  [Eval] mean_return=-42.06 std_return=45.04
[Iter 50/488] steps=102400 reward=-243.79 pi_loss=-0.0790 vf_loss=10.9232 entropy=34.0411 kl=0.0835
[Iter 51/488] steps=104448 reward=-273.63 pi_loss=-0.0829 vf_loss=9.3279 entropy=34.1241 kl=0.1007
[Iter 52/488] steps=106496 reward=-170.45 pi_loss=-0.0797 vf_loss=9.2438 entropy=34.2006 kl=0.1101
[Iter 53/488] steps=108544 reward=-271.22 pi_loss=-0.0775 vf_loss=8.6980 entropy=34.1422 kl=0.1215
[Iter 54/488] steps=110592 reward=-222.47 pi_loss=-0.0728 vf_loss=9.1412 entropy=34.1366 kl=0.1016
  [Eval] mean_return=-3.81 std_return=79.04
[Iter 55/488] steps=112640 reward=-218.74 pi_loss=-0.0771 vf_loss=9.2327 entropy=34.1766 kl=0.1038
[Iter 56/488] steps=114688 reward=-245.72 pi_loss=-0.0654 vf_loss=8.1500 entropy=34.0506 kl=0.1261
[Iter 57/488] steps=116736 reward=-269.81 pi_loss=-0.0726 vf_loss=10.7246 entropy=34.0445 kl=0.0925
[Iter 58/488] steps=118784 reward=-206.44 pi_loss=-0.0810 vf_loss=10.9906 entropy=34.2300 kl=0.1000
[Iter 59/488] steps=120832 reward=-222.74 pi_loss=-0.0831 vf_loss=9.3807 entropy=34.0015 kl=0.1037
  [Eval] mean_return=1.65 std_return=71.75
[Iter 60/488] steps=122880 reward=-185.80 pi_loss=-0.0667 vf_loss=9.8811 entropy=34.1607 kl=0.1428
[Iter 61/488] steps=124928 reward=-223.10 pi_loss=-0.0825 vf_loss=12.2755 entropy=34.0868 kl=0.0775
[Iter 62/488] steps=126976 reward=-145.20 pi_loss=-0.0817 vf_loss=7.2745 entropy=34.0381 kl=0.1277
[Iter 63/488] steps=129024 reward=-190.14 pi_loss=-0.0800 vf_loss=9.1720 entropy=34.1707 kl=0.1244
[Iter 64/488] steps=131072 reward=-202.26 pi_loss=-0.0752 vf_loss=7.1426 entropy=34.2947 kl=0.1395
  [Eval] mean_return=38.52 std_return=54.64
[Iter 65/488] steps=133120 reward=-167.83 pi_loss=-0.0818 vf_loss=8.3468 entropy=34.0884 kl=0.1064
[Iter 66/488] steps=135168 reward=-183.84 pi_loss=-0.0826 vf_loss=11.4153 entropy=34.0726 kl=0.0958
[Iter 67/488] steps=137216 reward=-157.74 pi_loss=-0.0837 vf_loss=10.5154 entropy=34.0718 kl=0.0892
[Iter 68/488] steps=139264 reward=-119.77 pi_loss=-0.0835 vf_loss=12.4134 entropy=34.0348 kl=0.0826
[Iter 69/488] steps=141312 reward=-275.97 pi_loss=-0.0811 vf_loss=15.8348 entropy=34.0014 kl=0.0598
  [Eval] mean_return=84.76 std_return=52.61
[Iter 70/488] steps=143360 reward=-191.78 pi_loss=-0.0807 vf_loss=13.5835 entropy=33.9423 kl=0.0989
[Iter 71/488] steps=145408 reward=-165.68 pi_loss=-0.0747 vf_loss=8.6592 entropy=34.1784 kl=0.1626
[Iter 72/488] steps=147456 reward=-105.94 pi_loss=-0.0810 vf_loss=8.9192 entropy=34.1531 kl=0.1482
[Iter 73/488] steps=149504 reward=-143.60 pi_loss=-0.0776 vf_loss=7.2285 entropy=34.2487 kl=0.1871
[Iter 74/488] steps=151552 reward=-197.59 pi_loss=-0.0837 vf_loss=7.5542 entropy=34.1334 kl=0.1237
  [Eval] mean_return=70.18 std_return=55.22
[Iter 75/488] steps=153600 reward=-213.41 pi_loss=-0.0722 vf_loss=8.0740 entropy=34.2334 kl=0.1257
[Iter 76/488] steps=155648 reward=-165.07 pi_loss=-0.0783 vf_loss=7.4304 entropy=34.1707 kl=0.1943
[Iter 77/488] steps=157696 reward=-150.88 pi_loss=-0.0776 vf_loss=12.1723 entropy=34.0450 kl=0.0857
[Iter 78/488] steps=159744 reward=-206.78 pi_loss=-0.0844 vf_loss=12.5577 entropy=34.1411 kl=0.0969
[Iter 79/488] steps=161792 reward=-112.89 pi_loss=-0.0789 vf_loss=8.1032 entropy=34.1574 kl=0.1581
  [Eval] mean_return=79.91 std_return=49.83
[Iter 80/488] steps=163840 reward=-91.34 pi_loss=-0.0869 vf_loss=10.4084 entropy=34.2042 kl=0.1111
[Iter 81/488] steps=165888 reward=-153.57 pi_loss=-0.0801 vf_loss=9.8138 entropy=34.0368 kl=0.1068
[Iter 82/488] steps=167936 reward=-86.14 pi_loss=-0.0744 vf_loss=12.2993 entropy=34.1328 kl=0.1030
[Iter 83/488] steps=169984 reward=-124.44 pi_loss=-0.0733 vf_loss=12.0773 entropy=34.1846 kl=0.0863
[Iter 84/488] steps=172032 reward=-145.28 pi_loss=-0.0777 vf_loss=11.9611 entropy=34.2078 kl=0.0987
  [Eval] mean_return=85.45 std_return=58.15
[Iter 85/488] steps=174080 reward=-65.80 pi_loss=-0.0818 vf_loss=10.5847 entropy=34.0488 kl=0.1114
[Iter 86/488] steps=176128 reward=-146.69 pi_loss=-0.0739 vf_loss=11.8057 entropy=34.2625 kl=0.1218
[Iter 87/488] steps=178176 reward=-236.13 pi_loss=-0.0797 vf_loss=15.8038 entropy=34.1392 kl=0.0924
[Iter 88/488] steps=180224 reward=-97.89 pi_loss=-0.0657 vf_loss=9.6904 entropy=34.1521 kl=0.1537
  [Eval] mean_return=107.75 std_return=49.48
[Iter 89/488] steps=182272 reward=-128.90 pi_loss=-0.0615 vf_loss=9.6212 entropy=34.2171 kl=0.1909
[Iter 90/488] steps=184320 reward=-125.36 pi_loss=-0.0801 vf_loss=9.5662 entropy=34.3824 kl=0.1873
[Iter 91/488] steps=186368 reward=-13.23 pi_loss=-0.0693 vf_loss=9.5449 entropy=34.2538 kl=0.1662
[Iter 92/488] steps=188416 reward=-126.39 pi_loss=-0.0805 vf_loss=11.5149 entropy=34.1592 kl=0.0957
[Iter 93/488] steps=190464 reward=-81.32 pi_loss=-0.0832 vf_loss=9.6460 entropy=34.0976 kl=0.1486
  [Eval] mean_return=153.93 std_return=28.22
[Iter 94/488] steps=192512 reward=-92.22 pi_loss=-0.0770 vf_loss=11.2745 entropy=34.2858 kl=0.1385
[Iter 95/488] steps=194560 reward=-79.12 pi_loss=-0.0749 vf_loss=6.5344 entropy=34.2070 kl=0.1682
[Iter 96/488] steps=196608 reward=-51.85 pi_loss=-0.0749 vf_loss=6.7544 entropy=34.2554 kl=0.2144
[Iter 97/488] steps=198656 reward=5.84 pi_loss=-0.0821 vf_loss=7.9906 entropy=34.1616 kl=0.1392
[Iter 98/488] steps=200704 reward=-58.20 pi_loss=-0.0823 vf_loss=8.5030 entropy=34.1087 kl=0.1314
  [Eval] mean_return=166.36 std_return=49.48
[Iter 99/488] steps=202752 reward=-34.28 pi_loss=-0.0774 vf_loss=7.6486 entropy=34.1495 kl=0.1915
[Iter 100/488] steps=204800 reward=-71.04 pi_loss=-0.0737 vf_loss=9.2096 entropy=34.2574 kl=0.1855
[Iter 101/488] steps=206848 reward=-122.07 pi_loss=-0.0779 vf_loss=14.4690 entropy=34.0174 kl=0.0837
[Iter 102/488] steps=208896 reward=-122.10 pi_loss=-0.0735 vf_loss=7.3545 entropy=34.2115 kl=0.1633
[Iter 103/488] steps=210944 reward=-53.48 pi_loss=-0.0831 vf_loss=10.1957 entropy=34.0835 kl=0.1378
  [Eval] mean_return=121.53 std_return=96.22
[Iter 104/488] steps=212992 reward=-66.80 pi_loss=-0.0833 vf_loss=8.6182 entropy=34.0453 kl=0.1338
[Iter 105/488] steps=215040 reward=-25.28 pi_loss=-0.0826 vf_loss=11.4849 entropy=34.1231 kl=0.0874
[Iter 106/488] steps=217088 reward=12.14 pi_loss=-0.0676 vf_loss=7.5109 entropy=34.2790 kl=0.2441
[Iter 107/488] steps=219136 reward=-41.69 pi_loss=-0.0778 vf_loss=10.8119 entropy=34.1306 kl=0.1388
[Iter 108/488] steps=221184 reward=-60.23 pi_loss=-0.0831 vf_loss=13.1455 entropy=34.0997 kl=0.1106
  [Eval] mean_return=183.24 std_return=39.56
[Iter 109/488] steps=223232 reward=14.81 pi_loss=-0.0812 vf_loss=15.1385 entropy=34.0106 kl=0.0965
[Iter 110/488] steps=225280 reward=72.67 pi_loss=-0.0742 vf_loss=11.4979 entropy=34.3033 kl=0.1771
[Iter 111/488] steps=227328 reward=34.34 pi_loss=-0.0742 vf_loss=8.6343 entropy=34.2736 kl=0.2239
[Iter 112/488] steps=229376 reward=-143.25 pi_loss=-0.0714 vf_loss=20.0701 entropy=34.1423 kl=0.0667
[Iter 113/488] steps=231424 reward=90.02 pi_loss=-0.0721 vf_loss=9.7054 entropy=34.1811 kl=0.2181
  [Eval] mean_return=256.48 std_return=84.15
[Iter 114/488] steps=233472 reward=29.09 pi_loss=-0.0788 vf_loss=10.4605 entropy=34.2497 kl=0.1305
[Iter 115/488] steps=235520 reward=57.58 pi_loss=-0.0787 vf_loss=10.5769 entropy=34.1018 kl=0.1443
[Iter 116/488] steps=237568 reward=3.54 pi_loss=-0.0918 vf_loss=13.4919 entropy=34.1586 kl=0.1133
[Iter 117/488] steps=239616 reward=19.01 pi_loss=-0.0753 vf_loss=7.8329 entropy=34.1849 kl=0.1982
[Iter 118/488] steps=241664 reward=71.01 pi_loss=-0.0768 vf_loss=9.3764 entropy=34.0723 kl=0.1748
  [Eval] mean_return=262.68 std_return=71.43
[Iter 119/488] steps=243712 reward=133.46 pi_loss=-0.0839 vf_loss=9.8899 entropy=34.1887 kl=0.1412
[Iter 120/488] steps=245760 reward=-4.16 pi_loss=-0.0723 vf_loss=12.8844 entropy=34.1424 kl=0.1611
[Iter 121/488] steps=247808 reward=74.99 pi_loss=-0.0826 vf_loss=9.9854 entropy=34.1335 kl=0.1823
[Iter 122/488] steps=249856 reward=106.63 pi_loss=-0.0805 vf_loss=11.9728 entropy=34.0950 kl=0.2032
[Iter 123/488] steps=251904 reward=222.27 pi_loss=-0.0801 vf_loss=10.8711 entropy=34.0372 kl=0.1696
  [Eval] mean_return=273.52 std_return=138.09
[Iter 124/488] steps=253952 reward=114.71 pi_loss=-0.0815 vf_loss=13.7224 entropy=34.1448 kl=0.1475
[Iter 125/488] steps=256000 reward=57.22 pi_loss=-0.0778 vf_loss=17.1674 entropy=34.0746 kl=0.0908
[Iter 126/488] steps=258048 reward=133.05 pi_loss=-0.0639 vf_loss=9.9701 entropy=34.1427 kl=0.2372
[Iter 127/488] steps=260096 reward=59.66 pi_loss=-0.0778 vf_loss=16.1686 entropy=34.0908 kl=0.0892
  [Eval] mean_return=346.77 std_return=58.47
[Iter 128/488] steps=262144 reward=-64.32 pi_loss=-0.0840 vf_loss=32.4505 entropy=34.1231 kl=0.0589
[Iter 129/488] steps=264192 reward=132.32 pi_loss=-0.0790 vf_loss=26.5375 entropy=33.9695 kl=0.0672
[Iter 130/488] steps=266240 reward=44.07 pi_loss=-0.0768 vf_loss=20.1564 entropy=34.1870 kl=0.1282
[Iter 131/488] steps=268288 reward=-86.01 pi_loss=-0.0769 vf_loss=34.6126 entropy=34.0526 kl=0.1031
[Iter 132/488] steps=270336 reward=-32.03 pi_loss=-0.0798 vf_loss=24.8285 entropy=34.1458 kl=0.0763
  [Eval] mean_return=328.83 std_return=94.44
[Iter 133/488] steps=272384 reward=113.02 pi_loss=-0.0782 vf_loss=24.1502 entropy=34.0807 kl=0.1102
[Iter 134/488] steps=274432 reward=205.81 pi_loss=-0.0675 vf_loss=15.1157 entropy=34.1593 kl=0.1988
[Iter 135/488] steps=276480 reward=161.85 pi_loss=-0.0679 vf_loss=13.4511 entropy=34.2628 kl=0.2762
[Iter 136/488] steps=278528 reward=193.52 pi_loss=-0.0670 vf_loss=13.6500 entropy=34.2491 kl=0.2066
[Iter 137/488] steps=280576 reward=161.43 pi_loss=-0.0727 vf_loss=14.0549 entropy=34.2936 kl=0.1953
  [Eval] mean_return=328.56 std_return=77.39
[Iter 138/488] steps=282624 reward=-55.19 pi_loss=-0.0843 vf_loss=30.5237 entropy=34.1043 kl=0.0764
[Iter 139/488] steps=284672 reward=126.03 pi_loss=-0.0783 vf_loss=10.0950 entropy=34.1961 kl=0.2205
[Iter 140/488] steps=286720 reward=197.44 pi_loss=-0.0793 vf_loss=11.9680 entropy=34.0799 kl=0.1882
[Iter 141/488] steps=288768 reward=223.58 pi_loss=-0.0562 vf_loss=10.6816 entropy=34.3499 kl=0.2892
[Iter 142/488] steps=290816 reward=188.20 pi_loss=-0.0755 vf_loss=17.3786 entropy=34.1737 kl=0.0970
  [Eval] mean_return=426.89 std_return=46.83
[Iter 143/488] steps=292864 reward=179.70 pi_loss=-0.0675 vf_loss=12.2449 entropy=34.1189 kl=0.1915
[Iter 144/488] steps=294912 reward=235.12 pi_loss=-0.0788 vf_loss=14.8879 entropy=34.0349 kl=0.1277
[Iter 145/488] steps=296960 reward=108.18 pi_loss=-0.0810 vf_loss=16.3339 entropy=34.1039 kl=0.1007
[Iter 146/488] steps=299008 reward=177.06 pi_loss=-0.0843 vf_loss=14.4496 entropy=34.1775 kl=0.1228
[Iter 147/488] steps=301056 reward=165.09 pi_loss=-0.0730 vf_loss=13.5828 entropy=34.0949 kl=0.2142
  [Eval] mean_return=415.01 std_return=107.79
[Iter 148/488] steps=303104 reward=177.13 pi_loss=-0.0704 vf_loss=14.1430 entropy=34.1991 kl=0.1636
[Iter 149/488] steps=305152 reward=138.87 pi_loss=-0.0778 vf_loss=15.1880 entropy=34.2056 kl=0.1496
[Iter 150/488] steps=307200 reward=267.19 pi_loss=-0.0791 vf_loss=15.7075 entropy=34.0297 kl=0.1686
[Iter 151/488] steps=309248 reward=264.88 pi_loss=-0.0789 vf_loss=13.4763 entropy=34.2078 kl=0.1731
[Iter 152/488] steps=311296 reward=292.37 pi_loss=-0.0623 vf_loss=12.8816 entropy=34.1612 kl=0.2447
  [Eval] mean_return=451.00 std_return=84.59
[Iter 153/488] steps=313344 reward=250.85 pi_loss=-0.0803 vf_loss=13.4595 entropy=34.1282 kl=0.1832
[Iter 154/488] steps=315392 reward=203.20 pi_loss=-0.0764 vf_loss=10.3297 entropy=34.2065 kl=0.1852
[Iter 155/488] steps=317440 reward=153.13 pi_loss=-0.0819 vf_loss=19.4685 entropy=34.0028 kl=0.0935
[Iter 156/488] steps=319488 reward=262.22 pi_loss=-0.0716 vf_loss=17.4664 entropy=34.0823 kl=0.1239
[Iter 157/488] steps=321536 reward=380.01 pi_loss=-0.0766 vf_loss=15.7309 entropy=34.2337 kl=0.1597
  [Eval] mean_return=450.77 std_return=136.01
[Iter 158/488] steps=323584 reward=215.10 pi_loss=-0.0795 vf_loss=15.6880 entropy=34.1885 kl=0.1464
[Iter 159/488] steps=325632 reward=340.21 pi_loss=-0.0774 vf_loss=15.1937 entropy=34.2043 kl=0.1613
[Iter 160/488] steps=327680 reward=249.75 pi_loss=-0.0796 vf_loss=14.8477 entropy=34.0289 kl=0.1507
[Iter 161/488] steps=329728 reward=263.52 pi_loss=-0.0773 vf_loss=18.7151 entropy=34.0765 kl=0.1078
[Iter 162/488] steps=331776 reward=238.54 pi_loss=-0.0665 vf_loss=15.6775 entropy=34.3312 kl=0.1688
  [Eval] mean_return=443.02 std_return=151.78
[Iter 163/488] steps=333824 reward=-25.92 pi_loss=-0.0870 vf_loss=24.4160 entropy=34.0650 kl=0.0791
[Iter 164/488] steps=335872 reward=312.57 pi_loss=-0.0638 vf_loss=17.1999 entropy=34.1559 kl=0.1856
[Iter 165/488] steps=337920 reward=375.19 pi_loss=-0.0693 vf_loss=15.6355 entropy=34.2282 kl=0.1580
[Iter 166/488] steps=339968 reward=207.66 pi_loss=-0.0784 vf_loss=18.4455 entropy=34.0121 kl=0.0956
[Iter 167/488] steps=342016 reward=223.24 pi_loss=-0.0747 vf_loss=16.5444 entropy=34.1038 kl=0.1562
  [Eval] mean_return=452.10 std_return=82.20
[Iter 168/488] steps=344064 reward=278.26 pi_loss=-0.0768 vf_loss=16.2427 entropy=34.0721 kl=0.1308
[Iter 169/488] steps=346112 reward=76.21 pi_loss=-0.0751 vf_loss=27.6214 entropy=34.0888 kl=0.0793
[Iter 170/488] steps=348160 reward=234.39 pi_loss=-0.0724 vf_loss=24.8156 entropy=34.1445 kl=0.1147
[Iter 171/488] steps=350208 reward=280.02 pi_loss=-0.0412 vf_loss=17.9607 entropy=34.4806 kl=0.4199
  [Eval] mean_return=413.58 std_return=129.36
[Iter 172/488] steps=352256 reward=257.25 pi_loss=-0.0694 vf_loss=25.8826 entropy=34.1705 kl=0.1133
[Iter 173/488] steps=354304 reward=214.90 pi_loss=-0.0719 vf_loss=23.3980 entropy=34.0966 kl=0.1583
[Iter 174/488] steps=356352 reward=137.24 pi_loss=-0.0754 vf_loss=30.4413 entropy=34.1010 kl=0.0738
[Iter 175/488] steps=358400 reward=305.10 pi_loss=-0.0712 vf_loss=20.1738 entropy=34.0918 kl=0.1450
[Iter 176/488] steps=360448 reward=206.00 pi_loss=-0.0745 vf_loss=26.5481 entropy=34.1255 kl=0.0986
  [Eval] mean_return=486.09 std_return=154.51
[Iter 177/488] steps=362496 reward=242.54 pi_loss=-0.0749 vf_loss=28.9137 entropy=34.1298 kl=0.1147
[Iter 178/488] steps=364544 reward=301.89 pi_loss=-0.0632 vf_loss=22.0352 entropy=34.1219 kl=0.1637
[Iter 179/488] steps=366592 reward=310.19 pi_loss=-0.0674 vf_loss=20.4368 entropy=34.0716 kl=0.1491
[Iter 180/488] steps=368640 reward=280.19 pi_loss=-0.0410 vf_loss=17.4214 entropy=34.3407 kl=0.3041
[Iter 181/488] steps=370688 reward=256.55 pi_loss=-0.0772 vf_loss=25.3641 entropy=34.1931 kl=0.1085
  [Eval] mean_return=526.03 std_return=121.68
[Iter 182/488] steps=372736 reward=172.07 pi_loss=-0.0747 vf_loss=27.1116 entropy=34.0502 kl=0.1005
[Iter 183/488] steps=374784 reward=356.99 pi_loss=-0.0685 vf_loss=19.0135 entropy=34.2887 kl=0.1678
[Iter 184/488] steps=376832 reward=283.85 pi_loss=-0.0509 vf_loss=19.6411 entropy=34.1709 kl=0.2595
[Iter 185/488] steps=378880 reward=223.33 pi_loss=-0.0741 vf_loss=20.9003 entropy=34.1443 kl=0.1365
[Iter 186/488] steps=380928 reward=291.13 pi_loss=-0.0721 vf_loss=19.5856 entropy=34.1768 kl=0.1709
  [Eval] mean_return=528.27 std_return=101.61
[Iter 187/488] steps=382976 reward=372.34 pi_loss=-0.0731 vf_loss=16.3871 entropy=34.1687 kl=0.1894
[Iter 188/488] steps=385024 reward=357.86 pi_loss=-0.0653 vf_loss=14.5450 entropy=34.3093 kl=0.2479
[Iter 189/488] steps=387072 reward=337.20 pi_loss=-0.0786 vf_loss=19.9811 entropy=33.9730 kl=0.1074
[Iter 190/488] steps=389120 reward=49.15 pi_loss=-0.0884 vf_loss=38.8639 entropy=34.2229 kl=0.0756
[Iter 191/488] steps=391168 reward=349.95 pi_loss=-0.0698 vf_loss=14.5702 entropy=34.1625 kl=0.1838
  [Eval] mean_return=509.84 std_return=120.82
[Iter 192/488] steps=393216 reward=204.11 pi_loss=-0.0865 vf_loss=27.2111 entropy=34.0728 kl=0.0772
[Iter 193/488] steps=395264 reward=313.22 pi_loss=-0.0717 vf_loss=24.9319 entropy=34.1667 kl=0.1150
[Iter 194/488] steps=397312 reward=281.28 pi_loss=-0.0785 vf_loss=28.3470 entropy=34.2816 kl=0.1056
[Iter 195/488] steps=399360 reward=394.49 pi_loss=-0.0679 vf_loss=14.8626 entropy=34.2441 kl=0.2255
[Iter 196/488] steps=401408 reward=268.98 pi_loss=-0.0775 vf_loss=29.4777 entropy=34.0908 kl=0.0919
  [Eval] mean_return=367.33 std_return=341.44
[Iter 197/488] steps=403456 reward=370.29 pi_loss=-0.0767 vf_loss=25.5785 entropy=34.2534 kl=0.1106
[Iter 198/488] steps=405504 reward=216.72 pi_loss=-0.0764 vf_loss=27.8171 entropy=34.1318 kl=0.1047
[Iter 199/488] steps=407552 reward=357.84 pi_loss=-0.0705 vf_loss=21.2849 entropy=34.0873 kl=0.1598
[Iter 200/488] steps=409600 reward=223.30 pi_loss=-0.0754 vf_loss=34.5617 entropy=34.2574 kl=0.0763
[Iter 201/488] steps=411648 reward=314.57 pi_loss=-0.0600 vf_loss=17.1065 entropy=34.1604 kl=0.2046
  [Eval] mean_return=521.40 std_return=128.00
[Iter 202/488] steps=413696 reward=215.60 pi_loss=-0.0725 vf_loss=24.4558 entropy=34.2141 kl=0.1406
[Iter 203/488] steps=415744 reward=315.69 pi_loss=-0.0478 vf_loss=14.9836 entropy=34.2126 kl=0.2668
[Iter 204/488] steps=417792 reward=320.17 pi_loss=-0.0703 vf_loss=19.6977 entropy=34.1295 kl=0.2260
[Iter 205/488] steps=419840 reward=235.35 pi_loss=-0.0773 vf_loss=26.1341 entropy=34.3311 kl=0.1024
[Iter 206/488] steps=421888 reward=297.80 pi_loss=-0.0593 vf_loss=17.7412 entropy=34.1408 kl=0.1933
  [Eval] mean_return=233.72 std_return=303.90
[Iter 207/488] steps=423936 reward=461.82 pi_loss=-0.0596 vf_loss=20.9086 entropy=34.1835 kl=0.2501
[Iter 208/488] steps=425984 reward=358.00 pi_loss=-0.0694 vf_loss=19.2169 entropy=34.0671 kl=0.1693
[Iter 209/488] steps=428032 reward=332.43 pi_loss=-0.0696 vf_loss=20.7256 entropy=34.1399 kl=0.4843
[Iter 210/488] steps=430080 reward=99.40 pi_loss=-0.0864 vf_loss=35.9022 entropy=34.0634 kl=0.0632
  [Eval] mean_return=302.62 std_return=404.62
[Iter 211/488] steps=432128 reward=432.75 pi_loss=-0.0707 vf_loss=16.4350 entropy=34.3154 kl=0.2275
[Iter 212/488] steps=434176 reward=143.03 pi_loss=-0.0784 vf_loss=30.8262 entropy=34.1265 kl=0.0631
[Iter 213/488] steps=436224 reward=438.05 pi_loss=-0.0638 vf_loss=18.6618 entropy=34.0776 kl=0.2115
[Iter 214/488] steps=438272 reward=392.89 pi_loss=-0.0806 vf_loss=23.3350 entropy=34.1246 kl=0.1015
[Iter 215/488] steps=440320 reward=424.98 pi_loss=-0.0743 vf_loss=22.0253 entropy=34.1346 kl=0.1343
  [Eval] mean_return=549.76 std_return=88.65
[Iter 216/488] steps=442368 reward=389.10 pi_loss=-0.0671 vf_loss=21.9309 entropy=34.1621 kl=0.1622
[Iter 217/488] steps=444416 reward=381.69 pi_loss=-0.0733 vf_loss=18.5859 entropy=34.0944 kl=0.1683
[Iter 218/488] steps=446464 reward=351.59 pi_loss=-0.0765 vf_loss=29.7935 entropy=34.0899 kl=0.0871
[Iter 219/488] steps=448512 reward=417.85 pi_loss=-0.0674 vf_loss=23.1846 entropy=34.0928 kl=0.1480
[Iter 220/488] steps=450560 reward=471.76 pi_loss=-0.0773 vf_loss=24.2645 entropy=34.0371 kl=0.1243
  [Eval] mean_return=577.54 std_return=113.76
[Iter 221/488] steps=452608 reward=366.60 pi_loss=-0.0753 vf_loss=22.2464 entropy=34.1043 kl=0.1240
[Iter 222/488] steps=454656 reward=225.41 pi_loss=-0.0733 vf_loss=29.5903 entropy=34.0338 kl=0.0736
[Iter 223/488] steps=456704 reward=286.39 pi_loss=-0.0773 vf_loss=25.1437 entropy=34.0999 kl=0.1221
[Iter 224/488] steps=458752 reward=367.31 pi_loss=-0.0718 vf_loss=29.9249 entropy=34.0207 kl=0.0779
[Iter 225/488] steps=460800 reward=278.66 pi_loss=-0.0693 vf_loss=22.3979 entropy=34.1702 kl=0.1250
  [Eval] mean_return=346.55 std_return=430.05
[Iter 226/488] steps=462848 reward=426.43 pi_loss=-0.0623 vf_loss=18.6219 entropy=34.2913 kl=0.1944
[Iter 227/488] steps=464896 reward=306.81 pi_loss=-0.0762 vf_loss=22.4084 entropy=34.0035 kl=0.1216
[Iter 228/488] steps=466944 reward=443.96 pi_loss=-0.0724 vf_loss=20.6196 entropy=34.1683 kl=0.1583
[Iter 229/488] steps=468992 reward=432.46 pi_loss=-0.0737 vf_loss=20.2150 entropy=34.1191 kl=0.1424
[Iter 230/488] steps=471040 reward=423.56 pi_loss=-0.0716 vf_loss=21.7315 entropy=34.2298 kl=0.1183
  [Eval] mean_return=540.81 std_return=107.76
[Iter 231/488] steps=473088 reward=416.81 pi_loss=-0.0697 vf_loss=21.9831 entropy=34.0355 kl=0.1238
[Iter 232/488] steps=475136 reward=455.58 pi_loss=-0.0661 vf_loss=20.8460 entropy=34.2214 kl=0.1465
[Iter 233/488] steps=477184 reward=303.80 pi_loss=-0.0708 vf_loss=32.2021 entropy=34.1644 kl=0.0884
[Iter 234/488] steps=479232 reward=419.40 pi_loss=-0.0693 vf_loss=33.3400 entropy=34.0072 kl=0.0867
[Iter 235/488] steps=481280 reward=439.15 pi_loss=-0.0579 vf_loss=24.4300 entropy=34.0576 kl=0.1537
  [Eval] mean_return=482.77 std_return=325.76
[Iter 236/488] steps=483328 reward=418.96 pi_loss=-0.0672 vf_loss=25.4006 entropy=34.1934 kl=0.1713
[Iter 237/488] steps=485376 reward=299.97 pi_loss=-0.0837 vf_loss=32.4096 entropy=34.0913 kl=0.0893
[Iter 238/488] steps=487424 reward=501.23 pi_loss=-0.0493 vf_loss=20.8798 entropy=34.3184 kl=0.1888
[Iter 239/488] steps=489472 reward=428.60 pi_loss=-0.0701 vf_loss=23.2601 entropy=34.2202 kl=0.1208
[Iter 240/488] steps=491520 reward=504.15 pi_loss=-0.0561 vf_loss=24.8895 entropy=34.2362 kl=0.1712
  [Eval] mean_return=426.31 std_return=284.69
[Iter 241/488] steps=493568 reward=469.82 pi_loss=-0.0686 vf_loss=21.7270 entropy=34.1673 kl=0.1526
[Iter 242/488] steps=495616 reward=424.85 pi_loss=-0.0663 vf_loss=20.7286 entropy=34.2186 kl=0.1580
[Iter 243/488] steps=497664 reward=414.64 pi_loss=-0.0690 vf_loss=28.0343 entropy=34.1441 kl=0.0976
[Iter 244/488] steps=499712 reward=530.30 pi_loss=-0.0712 vf_loss=21.8197 entropy=34.1254 kl=0.1358
[Iter 245/488] steps=501760 reward=436.31 pi_loss=-0.0712 vf_loss=33.6849 entropy=33.9949 kl=0.0849
  [Eval] mean_return=556.11 std_return=227.16
[Iter 246/488] steps=503808 reward=125.15 pi_loss=-0.0467 vf_loss=18.2228 entropy=35.9792 kl=1.8821
[Iter 247/488] steps=505856 reward=555.52 pi_loss=-0.0615 vf_loss=26.4335 entropy=34.1645 kl=0.1350
[Iter 248/488] steps=507904 reward=386.27 pi_loss=-0.0723 vf_loss=33.2470 entropy=34.0049 kl=0.0679
[Iter 249/488] steps=509952 reward=533.52 pi_loss=-0.0735 vf_loss=23.5978 entropy=34.0096 kl=0.1168
[Iter 250/488] steps=512000 reward=580.03 pi_loss=-0.0721 vf_loss=23.0078 entropy=34.1439 kl=0.1147
  [Eval] mean_return=731.86 std_return=137.17
[Iter 251/488] steps=514048 reward=540.80 pi_loss=-0.0741 vf_loss=29.8901 entropy=34.0732 kl=0.0921
[Iter 252/488] steps=516096 reward=344.00 pi_loss=-0.0820 vf_loss=33.3542 entropy=34.1048 kl=0.0777
[Iter 253/488] steps=518144 reward=500.00 pi_loss=-0.0772 vf_loss=30.5960 entropy=34.0889 kl=0.0952
[Iter 254/488] steps=520192 reward=512.35 pi_loss=-0.0642 vf_loss=30.2068 entropy=34.1164 kl=0.1144
  [Eval] mean_return=613.88 std_return=221.77
[Iter 255/488] steps=522240 reward=562.46 pi_loss=-0.0605 vf_loss=25.0913 entropy=34.2176 kl=0.1544
[Iter 256/488] steps=524288 reward=310.76 pi_loss=-0.0725 vf_loss=29.9813 entropy=34.0315 kl=0.1228
[Iter 257/488] steps=526336 reward=549.53 pi_loss=-0.0674 vf_loss=23.9678 entropy=34.1453 kl=0.1302
[Iter 258/488] steps=528384 reward=521.79 pi_loss=-0.0696 vf_loss=28.0559 entropy=34.2009 kl=0.0990
[Iter 259/488] steps=530432 reward=532.35 pi_loss=-0.0622 vf_loss=24.8166 entropy=34.1700 kl=0.1559
  [Eval] mean_return=602.44 std_return=205.54
[Iter 260/488] steps=532480 reward=514.22 pi_loss=-0.0671 vf_loss=26.3730 entropy=34.2241 kl=0.1271
[Iter 261/488] steps=534528 reward=505.63 pi_loss=-0.0617 vf_loss=21.7863 entropy=34.1664 kl=0.1215
[Iter 262/488] steps=536576 reward=597.77 pi_loss=-0.0646 vf_loss=28.8742 entropy=34.1048 kl=0.1047
[Iter 263/488] steps=538624 reward=519.87 pi_loss=-0.0642 vf_loss=22.3236 entropy=34.0113 kl=0.1175
[Iter 264/488] steps=540672 reward=484.42 pi_loss=-0.0782 vf_loss=36.1361 entropy=34.0625 kl=0.0720
  [Eval] mean_return=545.91 std_return=321.91
[Iter 265/488] steps=542720 reward=638.18 pi_loss=-0.0632 vf_loss=26.6924 entropy=34.1702 kl=0.1292
[Iter 266/488] steps=544768 reward=654.33 pi_loss=-0.0637 vf_loss=26.4103 entropy=34.0342 kl=0.1318
[Iter 267/488] steps=546816 reward=467.06 pi_loss=-0.0663 vf_loss=27.7691 entropy=34.1055 kl=0.0881
[Iter 268/488] steps=548864 reward=389.40 pi_loss=-0.0783 vf_loss=29.3773 entropy=34.1849 kl=0.1201
[Iter 269/488] steps=550912 reward=619.02 pi_loss=-0.0661 vf_loss=28.0797 entropy=34.3156 kl=0.1304
  [Eval] mean_return=664.03 std_return=134.40
[Iter 270/488] steps=552960 reward=434.11 pi_loss=-0.0757 vf_loss=43.3953 entropy=34.1112 kl=0.0552
[Iter 271/488] steps=555008 reward=573.56 pi_loss=-0.0437 vf_loss=26.7043 entropy=34.2578 kl=0.2364
[Iter 272/488] steps=557056 reward=368.71 pi_loss=-0.0804 vf_loss=36.3855 entropy=34.0617 kl=0.0743
[Iter 273/488] steps=559104 reward=552.83 pi_loss=-0.0689 vf_loss=29.8197 entropy=34.0627 kl=0.0959
[Iter 274/488] steps=561152 reward=386.23 pi_loss=-0.0706 vf_loss=39.5390 entropy=34.0972 kl=0.0722
  [Eval] mean_return=595.56 std_return=365.12
[Iter 275/488] steps=563200 reward=644.21 pi_loss=-0.0597 vf_loss=29.7967 entropy=34.0897 kl=0.1182
[Iter 276/488] steps=565248 reward=535.59 pi_loss=-0.0562 vf_loss=26.9481 entropy=34.3022 kl=0.1422
[Iter 277/488] steps=567296 reward=611.75 pi_loss=-0.0527 vf_loss=25.9327 entropy=34.1634 kl=0.1761
[Iter 278/488] steps=569344 reward=530.05 pi_loss=-0.0627 vf_loss=29.0030 entropy=34.2091 kl=0.1260
[Iter 279/488] steps=571392 reward=646.62 pi_loss=-0.0612 vf_loss=30.2829 entropy=34.2665 kl=0.1298
  [Eval] mean_return=568.79 std_return=356.31
[Iter 280/488] steps=573440 reward=417.30 pi_loss=-0.0724 vf_loss=39.7481 entropy=34.0385 kl=0.0755
[Iter 281/488] steps=575488 reward=547.60 pi_loss=-0.0651 vf_loss=31.7518 entropy=34.1016 kl=0.1073
[Iter 282/488] steps=577536 reward=560.08 pi_loss=-0.0435 vf_loss=22.0399 entropy=34.2871 kl=0.2853
[Iter 283/488] steps=579584 reward=402.96 pi_loss=-0.0685 vf_loss=33.8435 entropy=34.1567 kl=0.0942
[Iter 284/488] steps=581632 reward=628.06 pi_loss=-0.0571 vf_loss=24.8463 entropy=34.1792 kl=0.1171
  [Eval] mean_return=621.75 std_return=132.64
[Iter 285/488] steps=583680 reward=568.79 pi_loss=-0.0652 vf_loss=35.0184 entropy=34.0206 kl=0.0844
[Iter 286/488] steps=585728 reward=596.84 pi_loss=-0.0697 vf_loss=28.3613 entropy=34.1349 kl=0.1058
[Iter 287/488] steps=587776 reward=577.01 pi_loss=-0.0641 vf_loss=27.3427 entropy=34.1249 kl=0.1212
[Iter 288/488] steps=589824 reward=618.42 pi_loss=-0.0707 vf_loss=36.5700 entropy=34.0146 kl=0.0732
[Iter 289/488] steps=591872 reward=657.28 pi_loss=-0.0579 vf_loss=26.6474 entropy=34.0816 kl=0.1294
  [Eval] mean_return=618.85 std_return=385.22
[Iter 290/488] steps=593920 reward=450.38 pi_loss=-0.0740 vf_loss=37.2381 entropy=34.1351 kl=0.0613
[Iter 291/488] steps=595968 reward=572.67 pi_loss=-0.0669 vf_loss=31.4673 entropy=34.1133 kl=0.0985
[Iter 292/488] steps=598016 reward=559.40 pi_loss=-0.0701 vf_loss=33.3449 entropy=34.1051 kl=0.0880
[Iter 293/488] steps=600064 reward=566.82 pi_loss=-0.0676 vf_loss=35.6386 entropy=34.0021 kl=0.0940
  [Eval] mean_return=576.36 std_return=358.69
[Iter 294/488] steps=602112 reward=511.12 pi_loss=-0.0676 vf_loss=42.0742 entropy=34.1199 kl=0.0705
[Iter 295/488] steps=604160 reward=676.91 pi_loss=-0.0584 vf_loss=30.3907 entropy=34.1153 kl=0.1199
[Iter 296/488] steps=606208 reward=613.93 pi_loss=-0.0606 vf_loss=27.1655 entropy=34.1169 kl=0.1263
[Iter 297/488] steps=608256 reward=297.02 pi_loss=-0.0833 vf_loss=39.2519 entropy=34.0582 kl=0.0848
[Iter 298/488] steps=610304 reward=478.59 pi_loss=-0.0729 vf_loss=43.1296 entropy=34.0405 kl=0.0623
  [Eval] mean_return=672.15 std_return=310.37
[Iter 299/488] steps=612352 reward=554.77 pi_loss=-0.0677 vf_loss=37.4605 entropy=34.1278 kl=0.0842
[Iter 300/488] steps=614400 reward=686.91 pi_loss=-0.0689 vf_loss=34.1164 entropy=34.1063 kl=0.0856
[Iter 301/488] steps=616448 reward=632.54 pi_loss=-0.0600 vf_loss=36.0358 entropy=34.2652 kl=0.0874
[Iter 302/488] steps=618496 reward=500.86 pi_loss=-0.0695 vf_loss=47.0122 entropy=34.1839 kl=0.0784
[Iter 303/488] steps=620544 reward=566.77 pi_loss=-0.0676 vf_loss=40.0380 entropy=34.2611 kl=0.0917
  [Eval] mean_return=643.12 std_return=257.01
[Iter 304/488] steps=622592 reward=661.29 pi_loss=-0.0604 vf_loss=38.2496 entropy=34.1437 kl=0.0992
[Iter 305/488] steps=624640 reward=604.81 pi_loss=-0.0592 vf_loss=44.5522 entropy=34.1717 kl=0.0860
[Iter 306/488] steps=626688 reward=646.53 pi_loss=-0.0568 vf_loss=30.9458 entropy=34.1950 kl=0.1327
[Iter 307/488] steps=628736 reward=508.15 pi_loss=-0.0702 vf_loss=32.4385 entropy=34.0180 kl=0.0675
[Iter 308/488] steps=630784 reward=581.61 pi_loss=-0.0694 vf_loss=40.5261 entropy=34.0578 kl=0.0752
  [Eval] mean_return=730.20 std_return=60.65
[Iter 309/488] steps=632832 reward=634.09 pi_loss=-0.0609 vf_loss=32.4424 entropy=34.0621 kl=0.1303
[Iter 310/488] steps=634880 reward=635.82 pi_loss=-0.0566 vf_loss=34.0364 entropy=34.1696 kl=0.1168
[Iter 311/488] steps=636928 reward=605.99 pi_loss=-0.0659 vf_loss=33.4004 entropy=33.9672 kl=0.0909
[Iter 312/488] steps=638976 reward=629.91 pi_loss=-0.0656 vf_loss=36.2186 entropy=34.2347 kl=0.0961
[Iter 313/488] steps=641024 reward=553.44 pi_loss=-0.0652 vf_loss=29.5443 entropy=34.2051 kl=0.1167
  [Eval] mean_return=734.80 std_return=131.45
[Iter 314/488] steps=643072 reward=590.47 pi_loss=-0.0636 vf_loss=30.1923 entropy=34.1100 kl=0.0855
[Iter 315/488] steps=645120 reward=480.29 pi_loss=-0.0744 vf_loss=31.1043 entropy=33.9862 kl=0.0803
[Iter 316/488] steps=647168 reward=643.75 pi_loss=-0.0629 vf_loss=28.1520 entropy=34.0712 kl=0.1133
[Iter 317/488] steps=649216 reward=618.02 pi_loss=-0.0649 vf_loss=32.8074 entropy=34.2379 kl=0.0696
[Iter 318/488] steps=651264 reward=281.14 pi_loss=-0.0748 vf_loss=33.9502 entropy=34.0254 kl=0.0748
  [Eval] mean_return=751.93 std_return=107.45
[Iter 319/488] steps=653312 reward=580.81 pi_loss=-0.0614 vf_loss=27.9373 entropy=34.2863 kl=0.0958
[Iter 320/488] steps=655360 reward=649.61 pi_loss=-0.0641 vf_loss=30.0929 entropy=34.1776 kl=0.0880
[Iter 321/488] steps=657408 reward=349.89 pi_loss=-0.0783 vf_loss=41.3379 entropy=34.0276 kl=0.0476
[Iter 322/488] steps=659456 reward=638.90 pi_loss=-0.0610 vf_loss=29.5376 entropy=34.1874 kl=0.0938
[Iter 323/488] steps=661504 reward=613.17 pi_loss=-0.0635 vf_loss=30.4797 entropy=34.1406 kl=0.0975
  [Eval] mean_return=722.76 std_return=243.44
[Iter 324/488] steps=663552 reward=663.32 pi_loss=-0.0650 vf_loss=30.7981 entropy=34.1518 kl=0.0958
[Iter 325/488] steps=665600 reward=445.59 pi_loss=-0.0781 vf_loss=41.5522 entropy=33.9288 kl=0.0463
[Iter 326/488] steps=667648 reward=585.23 pi_loss=-0.0672 vf_loss=35.4938 entropy=34.0963 kl=0.0570
[Iter 327/488] steps=669696 reward=380.75 pi_loss=-0.0863 vf_loss=35.9725 entropy=34.0025 kl=0.0763
[Iter 328/488] steps=671744 reward=584.73 pi_loss=-0.0668 vf_loss=29.0756 entropy=34.1909 kl=0.0787
  [Eval] mean_return=735.41 std_return=152.86
[Iter 329/488] steps=673792 reward=307.22 pi_loss=-0.0735 vf_loss=43.5381 entropy=34.1542 kl=0.0523
[Iter 330/488] steps=675840 reward=555.38 pi_loss=-0.0642 vf_loss=37.9877 entropy=34.0836 kl=0.0665
[Iter 331/488] steps=677888 reward=562.04 pi_loss=-0.0664 vf_loss=41.3181 entropy=34.0273 kl=0.0695
[Iter 332/488] steps=679936 reward=460.55 pi_loss=-0.0663 vf_loss=45.4860 entropy=34.0922 kl=0.0561
[Iter 333/488] steps=681984 reward=519.37 pi_loss=-0.0650 vf_loss=55.6309 entropy=34.0560 kl=0.0685
  [Eval] mean_return=723.12 std_return=163.17
[Iter 334/488] steps=684032 reward=516.02 pi_loss=-0.0759 vf_loss=40.2710 entropy=34.0123 kl=0.0757
[Iter 335/488] steps=686080 reward=629.71 pi_loss=-0.0618 vf_loss=36.9758 entropy=34.2418 kl=0.0944
[Iter 336/488] steps=688128 reward=680.45 pi_loss=-0.0613 vf_loss=36.4310 entropy=34.1962 kl=0.1037
[Iter 337/488] steps=690176 reward=631.42 pi_loss=-0.0677 vf_loss=44.2845 entropy=33.9893 kl=0.0681
  [Eval] mean_return=781.59 std_return=48.34
[Iter 338/488] steps=692224 reward=559.72 pi_loss=-0.0664 vf_loss=45.9898 entropy=34.0983 kl=0.0659
[Iter 339/488] steps=694272 reward=615.10 pi_loss=-0.0611 vf_loss=34.8294 entropy=34.0842 kl=0.1006
[Iter 340/488] steps=696320 reward=620.97 pi_loss=-0.0643 vf_loss=33.1530 entropy=34.0851 kl=0.0949
[Iter 341/488] steps=698368 reward=668.26 pi_loss=-0.0584 vf_loss=30.3754 entropy=34.1081 kl=0.0838
[Iter 342/488] steps=700416 reward=492.88 pi_loss=-0.0742 vf_loss=48.2191 entropy=34.0614 kl=0.0438
  [Eval] mean_return=722.14 std_return=112.73
[Iter 343/488] steps=702464 reward=616.61 pi_loss=-0.0668 vf_loss=36.1610 entropy=34.1497 kl=0.0721
[Iter 344/488] steps=704512 reward=674.80 pi_loss=-0.0651 vf_loss=36.1398 entropy=34.1332 kl=0.0630
[Iter 345/488] steps=706560 reward=588.55 pi_loss=-0.0671 vf_loss=41.1736 entropy=34.0128 kl=0.0573
[Iter 346/488] steps=708608 reward=582.98 pi_loss=-0.0542 vf_loss=33.9254 entropy=34.2296 kl=0.0826
[Iter 347/488] steps=710656 reward=373.35 pi_loss=-0.0716 vf_loss=51.7308 entropy=34.0726 kl=0.0459
  [Eval] mean_return=744.71 std_return=150.65
[Iter 348/488] steps=712704 reward=641.07 pi_loss=-0.0568 vf_loss=31.7404 entropy=34.0565 kl=0.0939
[Iter 349/488] steps=714752 reward=466.60 pi_loss=-0.0702 vf_loss=45.0989 entropy=34.1401 kl=0.0452
[Iter 350/488] steps=716800 reward=655.88 pi_loss=-0.0595 vf_loss=27.0030 entropy=34.1012 kl=0.1138
[Iter 351/488] steps=718848 reward=516.66 pi_loss=-0.0634 vf_loss=34.8742 entropy=34.0765 kl=0.1047
[Iter 352/488] steps=720896 reward=631.47 pi_loss=-0.0623 vf_loss=35.5300 entropy=34.0637 kl=0.0745
  [Eval] mean_return=773.16 std_return=57.39
[Iter 353/488] steps=722944 reward=723.47 pi_loss=-0.0617 vf_loss=28.7266 entropy=34.1088 kl=0.0826
[Iter 354/488] steps=724992 reward=600.87 pi_loss=-0.0666 vf_loss=42.1051 entropy=34.2225 kl=0.0538
[Iter 355/488] steps=727040 reward=604.49 pi_loss=-0.0697 vf_loss=29.8539 entropy=34.0663 kl=0.0594
[Iter 356/488] steps=729088 reward=619.37 pi_loss=-0.0667 vf_loss=30.6136 entropy=34.1210 kl=0.0719
[Iter 357/488] steps=731136 reward=682.67 pi_loss=-0.0605 vf_loss=31.4698 entropy=34.1489 kl=0.0816
  [Eval] mean_return=760.07 std_return=129.68
[Iter 358/488] steps=733184 reward=378.40 pi_loss=-0.0686 vf_loss=46.0016 entropy=33.9804 kl=0.0467
[Iter 359/488] steps=735232 reward=639.43 pi_loss=-0.0682 vf_loss=40.0257 entropy=33.9886 kl=0.0638
[Iter 360/488] steps=737280 reward=742.73 pi_loss=-0.0623 vf_loss=34.0284 entropy=34.0848 kl=0.0739
[Iter 361/488] steps=739328 reward=699.41 pi_loss=-0.0607 vf_loss=32.6966 entropy=34.1089 kl=0.0722
[Iter 362/488] steps=741376 reward=734.44 pi_loss=-0.0592 vf_loss=31.0334 entropy=34.1293 kl=0.0667
  [Eval] mean_return=785.27 std_return=88.66
[Iter 363/488] steps=743424 reward=643.19 pi_loss=-0.0619 vf_loss=41.5258 entropy=33.9699 kl=0.0637
[Iter 364/488] steps=745472 reward=612.41 pi_loss=-0.0668 vf_loss=46.6460 entropy=33.9352 kl=0.0372
[Iter 365/488] steps=747520 reward=615.53 pi_loss=-0.0631 vf_loss=36.1329 entropy=34.1085 kl=0.0595
[Iter 366/488] steps=749568 reward=525.09 pi_loss=-0.0685 vf_loss=43.3997 entropy=34.2212 kl=0.0475
[Iter 367/488] steps=751616 reward=690.78 pi_loss=-0.0612 vf_loss=41.2932 entropy=34.0953 kl=0.0556
  [Eval] mean_return=631.85 std_return=215.52
[Iter 368/488] steps=753664 reward=635.33 pi_loss=-0.0657 vf_loss=45.1059 entropy=34.0331 kl=0.0469
[Iter 369/488] steps=755712 reward=737.42 pi_loss=-0.0634 vf_loss=35.1214 entropy=34.1527 kl=0.0705
[Iter 370/488] steps=757760 reward=725.61 pi_loss=-0.0622 vf_loss=34.5194 entropy=34.0556 kl=0.0720
[Iter 371/488] steps=759808 reward=695.20 pi_loss=-0.0626 vf_loss=32.7669 entropy=34.0257 kl=0.0658
[Iter 372/488] steps=761856 reward=400.70 pi_loss=-0.0693 vf_loss=67.0391 entropy=34.1095 kl=0.0269
  [Eval] mean_return=804.80 std_return=68.81
[Iter 373/488] steps=763904 reward=613.38 pi_loss=-0.0591 vf_loss=32.1228 entropy=34.0599 kl=0.0619
[Iter 374/488] steps=765952 reward=569.10 pi_loss=-0.0667 vf_loss=41.8203 entropy=34.1171 kl=0.0508
[Iter 375/488] steps=768000 reward=730.92 pi_loss=-0.0596 vf_loss=28.2203 entropy=34.1491 kl=0.0767
[Iter 376/488] steps=770048 reward=505.51 pi_loss=-0.0690 vf_loss=46.0552 entropy=34.0917 kl=0.0364
  [Eval] mean_return=645.53 std_return=372.59
[Iter 377/488] steps=772096 reward=676.12 pi_loss=-0.0652 vf_loss=36.3948 entropy=34.1312 kl=0.0511
[Iter 378/488] steps=774144 reward=533.97 pi_loss=-0.0623 vf_loss=46.3471 entropy=34.0841 kl=0.0417
[Iter 379/488] steps=776192 reward=592.74 pi_loss=-0.0698 vf_loss=39.5652 entropy=33.9875 kl=0.0491
[Iter 380/488] steps=778240 reward=707.23 pi_loss=-0.0657 vf_loss=32.2487 entropy=34.1001 kl=0.0693
[Iter 381/488] steps=780288 reward=731.58 pi_loss=-0.0625 vf_loss=28.6315 entropy=34.1829 kl=0.0635
  [Eval] mean_return=740.01 std_return=92.31
[Iter 382/488] steps=782336 reward=731.40 pi_loss=-0.0576 vf_loss=27.9305 entropy=34.0909 kl=0.0690
[Iter 383/488] steps=784384 reward=607.65 pi_loss=-0.0642 vf_loss=42.1348 entropy=34.0097 kl=0.0327
[Iter 384/488] steps=786432 reward=660.54 pi_loss=-0.0604 vf_loss=32.0883 entropy=34.0410 kl=0.0567
[Iter 385/488] steps=788480 reward=700.48 pi_loss=-0.0611 vf_loss=30.6114 entropy=34.0378 kl=0.0641
[Iter 386/488] steps=790528 reward=723.87 pi_loss=-0.0619 vf_loss=33.6141 entropy=34.1211 kl=0.0520
  [Eval] mean_return=817.85 std_return=67.61
[Iter 387/488] steps=792576 reward=662.59 pi_loss=-0.0631 vf_loss=39.0911 entropy=33.8869 kl=0.0338
[Iter 388/488] steps=794624 reward=740.65 pi_loss=-0.0659 vf_loss=33.7154 entropy=34.0505 kl=0.0526
[Iter 389/488] steps=796672 reward=471.30 pi_loss=-0.0615 vf_loss=58.7349 entropy=33.9895 kl=0.0213
[Iter 390/488] steps=798720 reward=515.14 pi_loss=-0.0641 vf_loss=53.5415 entropy=34.0065 kl=0.0267
[Iter 391/488] steps=800768 reward=590.22 pi_loss=-0.0645 vf_loss=50.7006 entropy=33.9615 kl=0.0289
  [Eval] mean_return=783.16 std_return=112.76
[Iter 392/488] steps=802816 reward=650.61 pi_loss=-0.0690 vf_loss=26.8568 entropy=34.0991 kl=0.0599
[Iter 393/488] steps=804864 reward=658.58 pi_loss=-0.0607 vf_loss=31.5080 entropy=33.9767 kl=0.0439
[Iter 394/488] steps=806912 reward=547.08 pi_loss=-0.0631 vf_loss=50.2036 entropy=33.9856 kl=0.0248
[Iter 395/488] steps=808960 reward=455.42 pi_loss=-0.0737 vf_loss=43.6237 entropy=34.0971 kl=0.0322
[Iter 396/488] steps=811008 reward=678.81 pi_loss=-0.0646 vf_loss=40.1398 entropy=33.9687 kl=0.0403
  [Eval] mean_return=753.36 std_return=97.48
[Iter 397/488] steps=813056 reward=579.99 pi_loss=-0.0628 vf_loss=41.4757 entropy=34.0493 kl=0.0350
[Iter 398/488] steps=815104 reward=778.01 pi_loss=-0.0560 vf_loss=29.7035 entropy=34.0599 kl=0.0596
[Iter 399/488] steps=817152 reward=655.83 pi_loss=-0.0650 vf_loss=40.1639 entropy=34.1509 kl=0.0357
[Iter 400/488] steps=819200 reward=751.17 pi_loss=-0.0590 vf_loss=31.7971 entropy=33.9491 kl=0.0473
[Iter 401/488] steps=821248 reward=627.88 pi_loss=-0.0645 vf_loss=46.2812 entropy=33.8945 kl=0.0290
  [Eval] mean_return=537.42 std_return=398.73
[Iter 402/488] steps=823296 reward=689.21 pi_loss=-0.0620 vf_loss=38.4755 entropy=33.9349 kl=0.0344
[Iter 403/488] steps=825344 reward=650.71 pi_loss=-0.0573 vf_loss=38.0643 entropy=34.0500 kl=0.0393
[Iter 404/488] steps=827392 reward=592.62 pi_loss=-0.0643 vf_loss=39.1290 entropy=34.0016 kl=0.0313
[Iter 405/488] steps=829440 reward=711.36 pi_loss=-0.0595 vf_loss=37.3001 entropy=33.9888 kl=0.0399
[Iter 406/488] steps=831488 reward=573.97 pi_loss=-0.0630 vf_loss=62.7908 entropy=34.0018 kl=0.0230
  [Eval] mean_return=822.48 std_return=106.63
[Iter 407/488] steps=833536 reward=745.66 pi_loss=-0.0620 vf_loss=33.3581 entropy=34.1131 kl=0.0527
[Iter 408/488] steps=835584 reward=699.35 pi_loss=-0.0641 vf_loss=43.4060 entropy=34.1855 kl=0.0308
[Iter 409/488] steps=837632 reward=648.18 pi_loss=-0.0634 vf_loss=40.6938 entropy=34.0433 kl=0.0307
[Iter 410/488] steps=839680 reward=632.01 pi_loss=-0.0580 vf_loss=48.7640 entropy=34.1971 kl=0.0318
[Iter 411/488] steps=841728 reward=678.54 pi_loss=-0.0652 vf_loss=38.1007 entropy=34.0733 kl=0.0374
  [Eval] mean_return=815.71 std_return=42.90
[Iter 412/488] steps=843776 reward=639.95 pi_loss=-0.0662 vf_loss=39.9187 entropy=34.2323 kl=0.0358
[Iter 413/488] steps=845824 reward=650.15 pi_loss=-0.0623 vf_loss=33.2719 entropy=34.1824 kl=0.0394
[Iter 414/488] steps=847872 reward=596.20 pi_loss=-0.0614 vf_loss=34.7788 entropy=34.0633 kl=0.0352
[Iter 415/488] steps=849920 reward=672.82 pi_loss=-0.0674 vf_loss=41.1559 entropy=34.0374 kl=0.0330
[Iter 416/488] steps=851968 reward=488.77 pi_loss=-0.0621 vf_loss=59.2996 entropy=34.0149 kl=0.0202
  [Eval] mean_return=716.14 std_return=173.01
[Iter 417/488] steps=854016 reward=589.26 pi_loss=-0.0700 vf_loss=34.4408 entropy=34.0351 kl=0.0280
[Iter 418/488] steps=856064 reward=672.14 pi_loss=-0.0608 vf_loss=36.2082 entropy=34.0102 kl=0.0396
[Iter 419/488] steps=858112 reward=727.15 pi_loss=-0.0625 vf_loss=33.2915 entropy=34.2639 kl=0.0405
[Iter 420/488] steps=860160 reward=704.26 pi_loss=-0.0620 vf_loss=43.9730 entropy=33.8570 kl=0.0273
  [Eval] mean_return=832.71 std_return=49.73
[Iter 421/488] steps=862208 reward=721.14 pi_loss=-0.0608 vf_loss=36.3403 entropy=34.0084 kl=0.0291
[Iter 422/488] steps=864256 reward=607.08 pi_loss=-0.0640 vf_loss=38.4769 entropy=34.0145 kl=0.0264
[Iter 423/488] steps=866304 reward=670.09 pi_loss=-0.0616 vf_loss=36.9452 entropy=34.0713 kl=0.0318
[Iter 424/488] steps=868352 reward=669.60 pi_loss=-0.0625 vf_loss=34.9436 entropy=34.1133 kl=0.0344
[Iter 425/488] steps=870400 reward=727.37 pi_loss=-0.0612 vf_loss=32.6962 entropy=34.0434 kl=0.0307
  [Eval] mean_return=819.37 std_return=63.28
[Iter 426/488] steps=872448 reward=705.45 pi_loss=-0.0596 vf_loss=32.4211 entropy=33.9760 kl=0.0356
[Iter 427/488] steps=874496 reward=704.16 pi_loss=-0.0593 vf_loss=36.4498 entropy=34.0905 kl=0.0261
[Iter 428/488] steps=876544 reward=764.11 pi_loss=-0.0602 vf_loss=34.4922 entropy=34.0466 kl=0.0304
[Iter 429/488] steps=878592 reward=730.06 pi_loss=-0.0622 vf_loss=34.0946 entropy=34.0132 kl=0.0262
[Iter 430/488] steps=880640 reward=662.65 pi_loss=-0.0637 vf_loss=26.7999 entropy=34.0418 kl=0.0285
  [Eval] mean_return=710.51 std_return=353.76
[Iter 431/488] steps=882688 reward=668.10 pi_loss=-0.0557 vf_loss=35.6341 entropy=33.9239 kl=0.0226
[Iter 432/488] steps=884736 reward=585.07 pi_loss=-0.0690 vf_loss=24.5977 entropy=34.0459 kl=0.0303
[Iter 433/488] steps=886784 reward=731.35 pi_loss=-0.0614 vf_loss=33.2357 entropy=34.1229 kl=0.0209
[Iter 434/488] steps=888832 reward=716.82 pi_loss=-0.0576 vf_loss=40.6926 entropy=34.0769 kl=0.0205
[Iter 435/488] steps=890880 reward=750.27 pi_loss=-0.0620 vf_loss=37.8276 entropy=34.1399 kl=0.0224
  [Eval] mean_return=710.52 std_return=423.26
[Iter 436/488] steps=892928 reward=559.11 pi_loss=-0.0569 vf_loss=47.1451 entropy=34.0489 kl=0.0160
[Iter 437/488] steps=894976 reward=729.04 pi_loss=-0.0619 vf_loss=34.2061 entropy=34.1093 kl=0.0239
[Iter 438/488] steps=897024 reward=706.41 pi_loss=-0.0600 vf_loss=38.8826 entropy=33.9570 kl=0.0215
[Iter 439/488] steps=899072 reward=697.26 pi_loss=-0.0594 vf_loss=33.1799 entropy=34.1086 kl=0.0242
[Iter 440/488] steps=901120 reward=529.49 pi_loss=-0.0617 vf_loss=50.8310 entropy=34.0958 kl=0.0172
  [Eval] mean_return=763.94 std_return=173.26
[Iter 441/488] steps=903168 reward=691.38 pi_loss=-0.0585 vf_loss=36.8409 entropy=34.1511 kl=0.0221
[Iter 442/488] steps=905216 reward=696.73 pi_loss=-0.0554 vf_loss=42.7644 entropy=34.0962 kl=0.0199
[Iter 443/488] steps=907264 reward=622.34 pi_loss=-0.0575 vf_loss=43.3856 entropy=33.9749 kl=0.0181
[Iter 444/488] steps=909312 reward=774.24 pi_loss=-0.0559 vf_loss=34.6601 entropy=34.1831 kl=0.0237
[Iter 445/488] steps=911360 reward=661.61 pi_loss=-0.0557 vf_loss=46.6230 entropy=34.0815 kl=0.0154
  [Eval] mean_return=775.34 std_return=102.51
[Iter 446/488] steps=913408 reward=534.39 pi_loss=-0.0571 vf_loss=59.2577 entropy=33.9806 kl=0.0149
[Iter 447/488] steps=915456 reward=722.34 pi_loss=-0.0582 vf_loss=36.3569 entropy=33.9915 kl=0.0232
[Iter 448/488] steps=917504 reward=607.63 pi_loss=-0.0558 vf_loss=47.6537 entropy=34.1325 kl=0.0146
[Iter 449/488] steps=919552 reward=713.92 pi_loss=-0.0599 vf_loss=36.1293 entropy=34.1687 kl=0.0198
[Iter 450/488] steps=921600 reward=593.54 pi_loss=-0.0552 vf_loss=49.6445 entropy=34.0623 kl=0.0156
  [Eval] mean_return=847.80 std_return=34.85
[Iter 451/488] steps=923648 reward=651.11 pi_loss=-0.0555 vf_loss=45.9466 entropy=34.0643 kl=0.0179
[Iter 452/488] steps=925696 reward=501.63 pi_loss=-0.0553 vf_loss=69.2070 entropy=34.1021 kl=0.0129
[Iter 453/488] steps=927744 reward=643.14 pi_loss=-0.0539 vf_loss=48.3287 entropy=33.9945 kl=0.0160
[Iter 454/488] steps=929792 reward=684.08 pi_loss=-0.0561 vf_loss=41.7393 entropy=34.1004 kl=0.0171
[Iter 455/488] steps=931840 reward=693.48 pi_loss=-0.0517 vf_loss=40.6737 entropy=34.1036 kl=0.0168
  [Eval] mean_return=794.79 std_return=123.57
[Iter 456/488] steps=933888 reward=590.37 pi_loss=-0.0545 vf_loss=54.3905 entropy=33.9823 kl=0.0135
[Iter 457/488] steps=935936 reward=766.43 pi_loss=-0.0521 vf_loss=36.5239 entropy=33.9742 kl=0.0185
[Iter 458/488] steps=937984 reward=667.67 pi_loss=-0.0548 vf_loss=38.0017 entropy=34.0347 kl=0.0156
[Iter 459/488] steps=940032 reward=710.31 pi_loss=-0.0540 vf_loss=37.7906 entropy=34.0025 kl=0.0177
  [Eval] mean_return=838.51 std_return=55.34
[Iter 460/488] steps=942080 reward=703.31 pi_loss=-0.0517 vf_loss=39.5835 entropy=34.1152 kl=0.0136
[Iter 461/488] steps=944128 reward=694.55 pi_loss=-0.0473 vf_loss=47.8519 entropy=33.9475 kl=0.0129
[Iter 462/488] steps=946176 reward=824.39 pi_loss=-0.0529 vf_loss=35.2099 entropy=34.1431 kl=0.0170
[Iter 463/488] steps=948224 reward=658.68 pi_loss=-0.0406 vf_loss=63.2249 entropy=34.0197 kl=0.0089
[Iter 464/488] steps=950272 reward=620.09 pi_loss=-0.0490 vf_loss=44.8700 entropy=34.0793 kl=0.0123
  [Eval] mean_return=806.18 std_return=63.91
[Iter 465/488] steps=952320 reward=694.83 pi_loss=-0.0500 vf_loss=43.0958 entropy=34.0688 kl=0.0121
[Iter 466/488] steps=954368 reward=767.37 pi_loss=-0.0491 vf_loss=40.4516 entropy=33.8005 kl=0.0128
[Iter 467/488] steps=956416 reward=612.04 pi_loss=-0.0430 vf_loss=55.3511 entropy=34.0021 kl=0.0087
[Iter 468/488] steps=958464 reward=678.65 pi_loss=-0.0470 vf_loss=35.5669 entropy=34.1222 kl=0.0122
[Iter 469/488] steps=960512 reward=505.29 pi_loss=-0.0423 vf_loss=71.6275 entropy=34.1068 kl=0.0091
  [Eval] mean_return=736.12 std_return=401.63
[Iter 470/488] steps=962560 reward=488.45 pi_loss=-0.0429 vf_loss=69.7028 entropy=33.9080 kl=0.0102
[Iter 471/488] steps=964608 reward=718.38 pi_loss=-0.0486 vf_loss=35.3356 entropy=33.9847 kl=0.0120
[Iter 472/488] steps=966656 reward=459.36 pi_loss=-0.0380 vf_loss=71.4451 entropy=34.1680 kl=0.0070
[Iter 473/488] steps=968704 reward=699.42 pi_loss=-0.0451 vf_loss=39.9470 entropy=34.0428 kl=0.0121
[Iter 474/488] steps=970752 reward=723.57 pi_loss=-0.0435 vf_loss=43.5910 entropy=34.0504 kl=0.0095
  [Eval] mean_return=755.77 std_return=123.62
[Iter 475/488] steps=972800 reward=694.40 pi_loss=-0.0409 vf_loss=36.5203 entropy=34.0622 kl=0.0096
[Iter 476/488] steps=974848 reward=786.55 pi_loss=-0.0395 vf_loss=37.8754 entropy=34.0407 kl=0.0090
[Iter 477/488] steps=976896 reward=752.99 pi_loss=-0.0358 vf_loss=38.5863 entropy=34.0711 kl=0.0076
[Iter 478/488] steps=978944 reward=756.45 pi_loss=-0.0364 vf_loss=39.6376 entropy=33.9672 kl=0.0077
[Iter 479/488] steps=980992 reward=587.90 pi_loss=-0.0305 vf_loss=41.9676 entropy=34.0865 kl=0.0055
  [Eval] mean_return=760.42 std_return=125.05
[Iter 480/488] steps=983040 reward=693.42 pi_loss=-0.0309 vf_loss=41.9106 entropy=34.0288 kl=0.0065
[Iter 481/488] steps=985088 reward=722.71 pi_loss=-0.0294 vf_loss=38.4565 entropy=34.1151 kl=0.0069
[Iter 482/488] steps=987136 reward=746.81 pi_loss=-0.0290 vf_loss=44.8539 entropy=34.1329 kl=0.0058
[Iter 483/488] steps=989184 reward=723.56 pi_loss=-0.0265 vf_loss=35.6599 entropy=34.1650 kl=0.0050
[Iter 484/488] steps=991232 reward=625.88 pi_loss=-0.0242 vf_loss=48.2575 entropy=34.0343 kl=0.0039
  [Eval] mean_return=807.20 std_return=104.19
[Iter 485/488] steps=993280 reward=703.46 pi_loss=-0.0181 vf_loss=37.7833 entropy=33.9335 kl=0.0034
[Iter 486/488] steps=995328 reward=676.62 pi_loss=-0.0140 vf_loss=42.9799 entropy=34.1555 kl=0.0022
[Iter 487/488] steps=997376 reward=626.54 pi_loss=-0.0131 vf_loss=35.3956 entropy=34.0949 kl=0.0024
[Iter 488/488] steps=999424 reward=781.65 pi_loss=-0.0079 vf_loss=37.1076 entropy=34.0393 kl=0.0010
Training complete. Logs saved to results/halfcheetah/holistic/seed_42
