[Iter 1/488] steps=2048 reward=13.22 pi_loss=-0.0419 vf_loss=12.4251 entropy=63.7458 kl=4.5200
[Iter 2/488] steps=4096 reward=96.08 pi_loss=-0.0033 vf_loss=57.7360 entropy=17.0929 kl=0.0169
[Iter 3/488] steps=6144 reward=140.34 pi_loss=-0.0048 vf_loss=85.2313 entropy=17.1003 kl=0.0101
[Iter 4/488] steps=8192 reward=145.25 pi_loss=-0.0056 vf_loss=109.7166 entropy=17.7951 kl=0.1678
[Iter 5/488] steps=10240 reward=171.84 pi_loss=-0.0056 vf_loss=74.4542 entropy=23.4551 kl=1.4501
  [Eval] mean_return=128.57 std_return=10.31
[Iter 6/488] steps=12288 reward=117.68 pi_loss=-0.1056 vf_loss=32.8924 entropy=63.6099 kl=5.5271
[Iter 7/488] steps=14336 reward=73.53 pi_loss=-0.1016 vf_loss=37.7371 entropy=77.4750 kl=5.6789
[Iter 8/488] steps=16384 reward=54.42 pi_loss=-0.0627 vf_loss=37.2942 entropy=87.7994 kl=6.7197
[Iter 9/488] steps=18432 reward=54.79 pi_loss=-0.0162 vf_loss=61.4143 entropy=24.6872 kl=1.0832
[Iter 10/488] steps=20480 reward=38.96 pi_loss=-0.0030 vf_loss=64.7809 entropy=116.0511 kl=7.0734
  [Eval] mean_return=123.05 std_return=22.39
[Iter 11/488] steps=22528 reward=163.94 pi_loss=-0.0064 vf_loss=36.5355 entropy=17.3093 kl=0.0661
[Iter 12/488] steps=24576 reward=193.67 pi_loss=-0.0203 vf_loss=13.1313 entropy=58.9789 kl=2.3344
[Iter 13/488] steps=26624 reward=90.10 pi_loss=0.0029 vf_loss=20.9351 entropy=568.1805 kl=5.2358
[Iter 14/488] steps=28672 reward=31.89 pi_loss=0.0071 vf_loss=35.9705 entropy=36.8091 kl=1.7655
[Iter 15/488] steps=30720 reward=45.97 pi_loss=-0.0046 vf_loss=32.4141 entropy=51.1771 kl=1.2656
  [Eval] mean_return=50.21 std_return=5.31
[Iter 16/488] steps=32768 reward=60.06 pi_loss=-0.0098 vf_loss=6.9580 entropy=122.4407 kl=6.5608
[Iter 17/488] steps=34816 reward=641.99 pi_loss=-0.0590 vf_loss=9.0959 entropy=73.6938 kl=6.4930
[Iter 18/488] steps=36864 reward=803.69 pi_loss=-0.0085 vf_loss=19.2048 entropy=17.4091 kl=0.1095
[Iter 19/488] steps=38912 reward=1022.73 pi_loss=-0.0064 vf_loss=12.0511 entropy=17.6069 kl=0.1569
[Iter 20/488] steps=40960 reward=220.75 pi_loss=-0.0067 vf_loss=23.6428 entropy=20.3458 kl=0.7221
  [Eval] mean_return=1019.71 std_return=0.71
[Iter 21/488] steps=43008 reward=1021.23 pi_loss=-0.0011 vf_loss=17.1397 entropy=19.6916 kl=0.6110
[Iter 22/488] steps=45056 reward=502.84 pi_loss=0.0036 vf_loss=23.6651 entropy=24.3846 kl=1.6921
[Iter 23/488] steps=47104 reward=511.21 pi_loss=-0.0085 vf_loss=16.1812 entropy=17.9636 kl=0.1968
[Iter 24/488] steps=49152 reward=996.28 pi_loss=0.0050 vf_loss=31.5130 entropy=22.0239 kl=1.0474
[Iter 25/488] steps=51200 reward=338.44 pi_loss=0.0131 vf_loss=41.3255 entropy=49.3008 kl=4.0423
  [Eval] mean_return=53.44 std_return=1.35
[Iter 26/488] steps=53248 reward=57.74 pi_loss=-0.0213 vf_loss=29.7034 entropy=77.5361 kl=5.7540
[Iter 27/488] steps=55296 reward=51.20 pi_loss=-0.0801 vf_loss=10.5773 entropy=88.8433 kl=6.9692
[Iter 28/488] steps=57344 reward=19.01 pi_loss=-0.0159 vf_loss=110.2794 entropy=99.0353 kl=5.6248
[Iter 29/488] steps=59392 reward=10.63 pi_loss=-0.0223 vf_loss=27.1927 entropy=111.1277 kl=9.1567
[Iter 30/488] steps=61440 reward=5.77 pi_loss=-0.1002 vf_loss=2.5957 entropy=52.0783 kl=4.7836
  [Eval] mean_return=9.50 std_return=0.61
[Iter 31/488] steps=63488 reward=9.42 pi_loss=-0.0948 vf_loss=0.6343 entropy=68.4401 kl=6.5186
[Iter 32/488] steps=65536 reward=8.21 pi_loss=-0.1075 vf_loss=0.1075 entropy=88.6664 kl=4.8225
[Iter 33/488] steps=67584 reward=9.31 pi_loss=-0.0347 vf_loss=0.1550 entropy=37.0945 kl=3.1658
[Iter 34/488] steps=69632 reward=9.36 pi_loss=-0.0818 vf_loss=0.0708 entropy=139.9773 kl=3.9574
[Iter 35/488] steps=71680 reward=10.88 pi_loss=-0.0742 vf_loss=0.3005 entropy=134.6908 kl=9.5203
  [Eval] mean_return=10.83 std_return=1.90
[Iter 36/488] steps=73728 reward=9.22 pi_loss=-0.0200 vf_loss=0.3474 entropy=39.6632 kl=3.8601
[Iter 37/488] steps=75776 reward=10.85 pi_loss=-0.0201 vf_loss=2.3395 entropy=131.5791 kl=7.2179
[Iter 38/488] steps=77824 reward=12.50 pi_loss=-0.0150 vf_loss=2.7172 entropy=117.9238 kl=7.8653
[Iter 39/488] steps=79872 reward=22.61 pi_loss=-0.0285 vf_loss=10.6477 entropy=57.7440 kl=5.8090
[Iter 40/488] steps=81920 reward=38.85 pi_loss=-0.0163 vf_loss=22.1335 entropy=114.6709 kl=6.9120
  [Eval] mean_return=64.59 std_return=12.28
[Iter 41/488] steps=83968 reward=65.06 pi_loss=-0.1042 vf_loss=16.3080 entropy=123.5503 kl=5.7837
[Iter 42/488] steps=86016 reward=76.51 pi_loss=-0.0727 vf_loss=15.5289 entropy=173.3974 kl=6.0037
[Iter 43/488] steps=88064 reward=63.22 pi_loss=-0.1034 vf_loss=3.1371 entropy=339.6247 kl=7.6123
[Iter 44/488] steps=90112 reward=87.25 pi_loss=-0.0075 vf_loss=16.0611 entropy=56.1293 kl=3.5505
  [Eval] mean_return=94.67 std_return=37.42
[Iter 45/488] steps=92160 reward=116.67 pi_loss=-0.0108 vf_loss=19.8101 entropy=49.3237 kl=4.9734
[Iter 46/488] steps=94208 reward=171.08 pi_loss=-0.0138 vf_loss=4.4480 entropy=80.1177 kl=4.6859
[Iter 47/488] steps=96256 reward=179.07 pi_loss=-0.0727 vf_loss=3.4576 entropy=56.4330 kl=3.3141
[Iter 48/488] steps=98304 reward=1010.41 pi_loss=-0.0715 vf_loss=18.5117 entropy=103.7697 kl=8.1957
[Iter 49/488] steps=100352 reward=1008.49 pi_loss=-0.0043 vf_loss=17.3779 entropy=17.3094 kl=0.0654
  [Eval] mean_return=982.55 std_return=3.64
[Iter 50/488] steps=102400 reward=996.40 pi_loss=-0.0084 vf_loss=21.6236 entropy=17.3854 kl=0.0730
[Iter 51/488] steps=104448 reward=1003.11 pi_loss=-0.0068 vf_loss=19.6328 entropy=17.5274 kl=0.1270
[Iter 52/488] steps=106496 reward=985.96 pi_loss=-0.0094 vf_loss=28.1798 entropy=17.4081 kl=0.1195
[Iter 53/488] steps=108544 reward=992.54 pi_loss=-0.0015 vf_loss=28.3756 entropy=17.5243 kl=0.1416
[Iter 54/488] steps=110592 reward=994.28 pi_loss=-0.0040 vf_loss=30.0746 entropy=17.9317 kl=0.2294
  [Eval] mean_return=999.20 std_return=1.13
[Iter 55/488] steps=112640 reward=1002.88 pi_loss=-0.0037 vf_loss=31.0565 entropy=17.5496 kl=0.1180
[Iter 56/488] steps=114688 reward=1009.34 pi_loss=0.0003 vf_loss=29.1389 entropy=17.3788 kl=0.0910
[Iter 57/488] steps=116736 reward=1012.66 pi_loss=-0.0139 vf_loss=27.3900 entropy=22.1511 kl=1.0743
[Iter 58/488] steps=118784 reward=1018.38 pi_loss=-0.0074 vf_loss=24.0539 entropy=21.4513 kl=0.6260
[Iter 59/488] steps=120832 reward=999.17 pi_loss=-0.0001 vf_loss=35.2938 entropy=17.9926 kl=0.2519
  [Eval] mean_return=1005.28 std_return=0.90
[Iter 60/488] steps=122880 reward=1001.65 pi_loss=-0.0056 vf_loss=31.6339 entropy=17.3166 kl=0.0839
[Iter 61/488] steps=124928 reward=1021.24 pi_loss=-0.0054 vf_loss=16.8473 entropy=17.8793 kl=0.2538
[Iter 62/488] steps=126976 reward=584.43 pi_loss=-0.0249 vf_loss=17.6493 entropy=21.4354 kl=0.9066
[Iter 63/488] steps=129024 reward=1008.58 pi_loss=-0.0062 vf_loss=29.5381 entropy=17.3928 kl=0.0826
[Iter 64/488] steps=131072 reward=997.74 pi_loss=-0.0019 vf_loss=36.3295 entropy=17.8561 kl=0.1808
  [Eval] mean_return=1017.99 std_return=0.69
[Iter 65/488] steps=133120 reward=996.77 pi_loss=-0.0067 vf_loss=37.1667 entropy=17.3067 kl=0.0719
[Iter 66/488] steps=135168 reward=1002.89 pi_loss=-0.0057 vf_loss=29.1596 entropy=17.1452 kl=0.0491
[Iter 67/488] steps=137216 reward=1002.82 pi_loss=-0.0066 vf_loss=28.1675 entropy=17.0892 kl=0.0310
[Iter 68/488] steps=139264 reward=1005.59 pi_loss=-0.0057 vf_loss=19.1411 entropy=17.2872 kl=0.0589
[Iter 69/488] steps=141312 reward=991.37 pi_loss=-0.0044 vf_loss=41.1708 entropy=18.5839 kl=0.3803
  [Eval] mean_return=1020.74 std_return=0.43
[Iter 70/488] steps=143360 reward=987.67 pi_loss=0.0003 vf_loss=39.0703 entropy=19.1870 kl=0.4949
[Iter 71/488] steps=145408 reward=987.45 pi_loss=-0.0078 vf_loss=38.8712 entropy=17.6005 kl=0.1468
[Iter 72/488] steps=147456 reward=985.16 pi_loss=-0.0037 vf_loss=35.5586 entropy=17.5454 kl=0.1304
[Iter 73/488] steps=149504 reward=986.24 pi_loss=-0.0056 vf_loss=36.2985 entropy=17.8950 kl=0.2195
[Iter 74/488] steps=151552 reward=987.38 pi_loss=-0.0070 vf_loss=34.0621 entropy=17.6014 kl=0.1260
  [Eval] mean_return=665.28 std_return=154.53
[Iter 75/488] steps=153600 reward=994.69 pi_loss=-0.0073 vf_loss=37.3685 entropy=19.6119 kl=0.5641
[Iter 76/488] steps=155648 reward=1008.74 pi_loss=-0.0064 vf_loss=22.0108 entropy=17.1219 kl=0.0309
[Iter 77/488] steps=157696 reward=1005.66 pi_loss=-0.0078 vf_loss=26.5923 entropy=17.2442 kl=0.0382
[Iter 78/488] steps=159744 reward=1005.04 pi_loss=-0.0050 vf_loss=25.3181 entropy=17.1634 kl=0.0255
[Iter 79/488] steps=161792 reward=1008.78 pi_loss=-0.0037 vf_loss=16.3609 entropy=17.2213 kl=0.0577
  [Eval] mean_return=432.02 std_return=16.02
[Iter 80/488] steps=163840 reward=1009.70 pi_loss=-0.0054 vf_loss=17.8035 entropy=17.4233 kl=0.1007
[Iter 81/488] steps=165888 reward=1009.37 pi_loss=-0.0067 vf_loss=18.0483 entropy=17.1321 kl=0.0345
[Iter 82/488] steps=167936 reward=1006.23 pi_loss=-0.0067 vf_loss=18.7341 entropy=17.1052 kl=0.0398
[Iter 83/488] steps=169984 reward=1001.63 pi_loss=-0.0057 vf_loss=36.8252 entropy=17.4193 kl=0.0788
[Iter 84/488] steps=172032 reward=996.28 pi_loss=-0.0069 vf_loss=40.0635 entropy=17.7742 kl=0.1932
  [Eval] mean_return=983.30 std_return=1.24
[Iter 85/488] steps=174080 reward=987.71 pi_loss=-0.0057 vf_loss=39.2137 entropy=19.1479 kl=0.5275
[Iter 86/488] steps=176128 reward=978.43 pi_loss=-0.0068 vf_loss=27.9812 entropy=17.2339 kl=0.0593
[Iter 87/488] steps=178176 reward=980.11 pi_loss=-0.0059 vf_loss=31.1529 entropy=17.2986 kl=0.0803
[Iter 88/488] steps=180224 reward=982.14 pi_loss=-0.0060 vf_loss=33.7641 entropy=17.2313 kl=0.0627
  [Eval] mean_return=976.95 std_return=1.85
[Iter 89/488] steps=182272 reward=979.61 pi_loss=-0.0056 vf_loss=29.4489 entropy=17.2132 kl=0.0471
[Iter 90/488] steps=184320 reward=982.75 pi_loss=-0.0078 vf_loss=35.0103 entropy=17.4239 kl=0.1123
[Iter 91/488] steps=186368 reward=984.04 pi_loss=-0.0055 vf_loss=33.9800 entropy=17.3556 kl=0.0913
[Iter 92/488] steps=188416 reward=982.82 pi_loss=-0.0056 vf_loss=32.0349 entropy=17.2973 kl=0.0876
[Iter 93/488] steps=190464 reward=982.92 pi_loss=-0.0068 vf_loss=33.9264 entropy=17.2698 kl=0.0897
  [Eval] mean_return=993.87 std_return=19.71
[Iter 94/488] steps=192512 reward=986.47 pi_loss=-0.0074 vf_loss=37.1962 entropy=17.7749 kl=0.1553
[Iter 95/488] steps=194560 reward=990.04 pi_loss=-0.0056 vf_loss=37.2626 entropy=17.6137 kl=0.1417
[Iter 96/488] steps=196608 reward=993.76 pi_loss=-0.0051 vf_loss=34.7835 entropy=17.1062 kl=0.0271
[Iter 97/488] steps=198656 reward=987.81 pi_loss=-0.0080 vf_loss=31.6082 entropy=17.3220 kl=0.0583
[Iter 98/488] steps=200704 reward=997.16 pi_loss=-0.0064 vf_loss=19.8204 entropy=17.1303 kl=0.0199
  [Eval] mean_return=982.88 std_return=12.97
[Iter 99/488] steps=202752 reward=993.46 pi_loss=-0.0069 vf_loss=14.2866 entropy=17.2022 kl=0.0288
[Iter 100/488] steps=204800 reward=985.76 pi_loss=-0.0048 vf_loss=28.5152 entropy=17.2582 kl=0.0506
[Iter 101/488] steps=206848 reward=990.28 pi_loss=-0.0081 vf_loss=35.7466 entropy=17.3093 kl=0.0790
[Iter 102/488] steps=208896 reward=1002.84 pi_loss=-0.0089 vf_loss=20.8467 entropy=18.0500 kl=0.2097
[Iter 103/488] steps=210944 reward=963.53 pi_loss=-0.0304 vf_loss=9.8739 entropy=34.1516 kl=2.4176
  [Eval] mean_return=123.89 std_return=10.55
[Iter 104/488] steps=212992 reward=146.93 pi_loss=-0.0016 vf_loss=10.8871 entropy=32.2154 kl=3.3530
[Iter 105/488] steps=215040 reward=80.74 pi_loss=-0.0581 vf_loss=66.5010 entropy=168.8973 kl=1.8153
[Iter 106/488] steps=217088 reward=20.31 pi_loss=0.0971 vf_loss=99.5931 entropy=693.0923 kl=9.4914
[Iter 107/488] steps=219136 reward=2.43 pi_loss=0.2516 vf_loss=50.1738 entropy=661.7824 kl=15.9161
[Iter 108/488] steps=221184 reward=15.11 pi_loss=-0.0164 vf_loss=16.3324 entropy=161.0731 kl=7.9072
  [Eval] mean_return=65.23 std_return=22.24
[Iter 109/488] steps=223232 reward=53.90 pi_loss=-0.0634 vf_loss=17.7449 entropy=195.6721 kl=6.9980
[Iter 110/488] steps=225280 reward=40.38 pi_loss=-0.0186 vf_loss=18.9572 entropy=252.2754 kl=6.7102
[Iter 111/488] steps=227328 reward=27.64 pi_loss=0.0327 vf_loss=8.9803 entropy=67.5692 kl=6.6188
[Iter 112/488] steps=229376 reward=24.21 pi_loss=0.0177 vf_loss=6.9249 entropy=47.3672 kl=5.6348
[Iter 113/488] steps=231424 reward=29.66 pi_loss=-0.0751 vf_loss=11.5051 entropy=86.3455 kl=5.6807
  [Eval] mean_return=37.81 std_return=9.99
[Iter 114/488] steps=233472 reward=28.89 pi_loss=-0.0072 vf_loss=7.3231 entropy=81.9435 kl=5.4842
[Iter 115/488] steps=235520 reward=39.93 pi_loss=-0.0608 vf_loss=3.5078 entropy=54.1933 kl=5.4028
[Iter 116/488] steps=237568 reward=50.56 pi_loss=-0.0596 vf_loss=2.5855 entropy=85.6474 kl=7.9934
[Iter 117/488] steps=239616 reward=40.46 pi_loss=-0.0058 vf_loss=3.7853 entropy=79.8105 kl=5.8898
[Iter 118/488] steps=241664 reward=32.32 pi_loss=0.0389 vf_loss=7.0509 entropy=58.8828 kl=3.8289
  [Eval] mean_return=31.53 std_return=9.51
[Iter 119/488] steps=243712 reward=37.73 pi_loss=0.0562 vf_loss=2.9322 entropy=61.4495 kl=5.2404
[Iter 120/488] steps=245760 reward=33.60 pi_loss=0.0296 vf_loss=8.4321 entropy=35.6279 kl=2.6867
[Iter 121/488] steps=247808 reward=31.22 pi_loss=0.0073 vf_loss=8.9162 entropy=40.4293 kl=2.6617
[Iter 122/488] steps=249856 reward=30.60 pi_loss=0.0186 vf_loss=9.1521 entropy=28.4815 kl=1.7924
[Iter 123/488] steps=251904 reward=34.73 pi_loss=0.0456 vf_loss=11.1338 entropy=74.5673 kl=4.2927
  [Eval] mean_return=59.16 std_return=24.37
[Iter 124/488] steps=253952 reward=56.95 pi_loss=0.0213 vf_loss=4.3259 entropy=75.4212 kl=5.2972
[Iter 125/488] steps=256000 reward=34.38 pi_loss=0.0400 vf_loss=6.5983 entropy=161.2129 kl=7.7348
[Iter 126/488] steps=258048 reward=9.99 pi_loss=-0.0343 vf_loss=13.7976 entropy=61.0634 kl=5.5386
[Iter 127/488] steps=260096 reward=4.66 pi_loss=0.0021 vf_loss=7.0567 entropy=57.5074 kl=6.2762
  [Eval] mean_return=6.27 std_return=10.26
[Iter 128/488] steps=262144 reward=5.57 pi_loss=0.0373 vf_loss=6.8322 entropy=61.5473 kl=5.1640
[Iter 129/488] steps=264192 reward=3.13 pi_loss=-0.0119 vf_loss=2.2563 entropy=57.1753 kl=6.2074
[Iter 130/488] steps=266240 reward=6.27 pi_loss=0.0694 vf_loss=2.3165 entropy=138.3918 kl=9.2458
[Iter 131/488] steps=268288 reward=1.16 pi_loss=-0.1049 vf_loss=1.6204 entropy=85.0598 kl=7.8610
[Iter 132/488] steps=270336 reward=2.39 pi_loss=-0.0100 vf_loss=2.5640 entropy=207.7260 kl=11.2076
  [Eval] mean_return=-1.30 std_return=3.48
[Iter 133/488] steps=272384 reward=-1.40 pi_loss=-0.0047 vf_loss=0.6586 entropy=52.4193 kl=3.9632
[Iter 134/488] steps=274432 reward=-2.43 pi_loss=-0.0312 vf_loss=0.0433 entropy=27.9361 kl=2.2382
[Iter 135/488] steps=276480 reward=-2.41 pi_loss=0.1333 vf_loss=0.0216 entropy=223.4441 kl=11.3382
[Iter 136/488] steps=278528 reward=-2.41 pi_loss=0.0812 vf_loss=0.0198 entropy=89.7052 kl=8.7237
[Iter 137/488] steps=280576 reward=-2.45 pi_loss=0.0315 vf_loss=0.0182 entropy=134.6127 kl=9.2488
  [Eval] mean_return=-2.37 std_return=0.28
[Iter 138/488] steps=282624 reward=-2.42 pi_loss=0.1480 vf_loss=0.0182 entropy=184.6756 kl=13.0152
[Iter 139/488] steps=284672 reward=-2.36 pi_loss=0.1441 vf_loss=0.0177 entropy=159.8780 kl=9.5664
[Iter 140/488] steps=286720 reward=-2.44 pi_loss=0.0573 vf_loss=0.0156 entropy=45.3308 kl=5.5308
[Iter 141/488] steps=288768 reward=-2.36 pi_loss=0.2035 vf_loss=0.0199 entropy=845.6841 kl=14.2043
[Iter 142/488] steps=290816 reward=-2.43 pi_loss=-0.0337 vf_loss=0.0261 entropy=26.6107 kl=2.6245
  [Eval] mean_return=-2.29 std_return=0.16
[Iter 143/488] steps=292864 reward=-2.33 pi_loss=0.0139 vf_loss=0.0236 entropy=33.2824 kl=2.8561
[Iter 144/488] steps=294912 reward=-2.36 pi_loss=0.0779 vf_loss=0.0210 entropy=44.7478 kl=5.1311
[Iter 145/488] steps=296960 reward=-2.20 pi_loss=0.0498 vf_loss=0.0519 entropy=50.8801 kl=5.7667
[Iter 146/488] steps=299008 reward=-2.16 pi_loss=0.0285 vf_loss=0.0404 entropy=37.0847 kl=3.8742
[Iter 147/488] steps=301056 reward=-2.35 pi_loss=-0.0547 vf_loss=0.0167 entropy=53.1225 kl=5.5761
  [Eval] mean_return=-1.92 std_return=0.59
[Iter 148/488] steps=303104 reward=-1.99 pi_loss=-0.0023 vf_loss=0.0649 entropy=78.6259 kl=8.6059
[Iter 149/488] steps=305152 reward=-2.01 pi_loss=0.0141 vf_loss=0.0571 entropy=65.7901 kl=8.1523
[Iter 150/488] steps=307200 reward=-1.72 pi_loss=-0.0068 vf_loss=0.0984 entropy=38.2239 kl=3.9901
[Iter 151/488] steps=309248 reward=-1.42 pi_loss=0.0100 vf_loss=0.1918 entropy=307.3677 kl=12.7113
[Iter 152/488] steps=311296 reward=-1.10 pi_loss=0.0513 vf_loss=0.1524 entropy=153.1103 kl=12.2783
  [Eval] mean_return=1.80 std_return=2.42
[Iter 153/488] steps=313344 reward=5.67 pi_loss=-0.0316 vf_loss=0.9257 entropy=48.4324 kl=5.9227
[Iter 154/488] steps=315392 reward=7.13 pi_loss=-0.0106 vf_loss=0.9585 entropy=94.8498 kl=6.5934
[Iter 155/488] steps=317440 reward=8.28 pi_loss=-0.0233 vf_loss=1.8572 entropy=73.2015 kl=7.9020
[Iter 156/488] steps=319488 reward=3.22 pi_loss=-0.0153 vf_loss=3.8897 entropy=44.7195 kl=4.4127
[Iter 157/488] steps=321536 reward=8.06 pi_loss=0.0334 vf_loss=3.4780 entropy=52.3253 kl=6.1255
  [Eval] mean_return=14.80 std_return=11.74
[Iter 158/488] steps=323584 reward=8.51 pi_loss=-0.0049 vf_loss=3.3073 entropy=93.4444 kl=6.7322
[Iter 159/488] steps=325632 reward=7.97 pi_loss=0.0078 vf_loss=2.3017 entropy=154.0688 kl=7.7862
[Iter 160/488] steps=327680 reward=6.37 pi_loss=-0.0453 vf_loss=1.0150 entropy=35.0689 kl=3.4847
[Iter 161/488] steps=329728 reward=5.51 pi_loss=-0.0428 vf_loss=0.6182 entropy=38.5093 kl=4.1936
[Iter 162/488] steps=331776 reward=3.23 pi_loss=-0.0914 vf_loss=0.2638 entropy=68.0942 kl=6.9270
  [Eval] mean_return=2.55 std_return=0.53
[Iter 163/488] steps=333824 reward=2.87 pi_loss=-0.0667 vf_loss=0.1301 entropy=121.1494 kl=6.7310
[Iter 164/488] steps=335872 reward=6.56 pi_loss=-0.0644 vf_loss=0.4851 entropy=94.6598 kl=8.8320
[Iter 165/488] steps=337920 reward=7.71 pi_loss=-0.0156 vf_loss=0.6202 entropy=91.6618 kl=7.9754
[Iter 166/488] steps=339968 reward=5.75 pi_loss=-0.0019 vf_loss=0.7909 entropy=30.1652 kl=2.6740
[Iter 167/488] steps=342016 reward=1.95 pi_loss=0.0039 vf_loss=0.8656 entropy=96.4431 kl=9.5537
  [Eval] mean_return=0.77 std_return=3.21
[Iter 168/488] steps=344064 reward=-0.61 pi_loss=-0.1023 vf_loss=0.3229 entropy=58.1463 kl=5.0584
[Iter 169/488] steps=346112 reward=0.39 pi_loss=-0.0040 vf_loss=0.1157 entropy=55.1204 kl=6.0584
[Iter 170/488] steps=348160 reward=-0.91 pi_loss=-0.0155 vf_loss=0.1611 entropy=29.5950 kl=2.8414
[Iter 171/488] steps=350208 reward=0.51 pi_loss=-0.0188 vf_loss=0.1496 entropy=441.0236 kl=12.3270
  [Eval] mean_return=4.21 std_return=0.41
[Iter 172/488] steps=352256 reward=4.16 pi_loss=-0.1339 vf_loss=0.1196 entropy=100.0373 kl=5.2829
[Iter 173/488] steps=354304 reward=3.92 pi_loss=-0.0967 vf_loss=0.0740 entropy=68.6429 kl=7.6717
[Iter 174/488] steps=356352 reward=6.12 pi_loss=-0.1284 vf_loss=0.0868 entropy=104.7347 kl=7.3477
[Iter 175/488] steps=358400 reward=5.62 pi_loss=-0.0694 vf_loss=0.0533 entropy=75.8390 kl=8.9276
[Iter 176/488] steps=360448 reward=8.02 pi_loss=-0.1304 vf_loss=0.0729 entropy=110.6802 kl=8.8801
  [Eval] mean_return=8.49 std_return=0.82
[Iter 177/488] steps=362496 reward=8.35 pi_loss=-0.0772 vf_loss=0.0699 entropy=84.5245 kl=8.0421
[Iter 178/488] steps=364544 reward=8.81 pi_loss=0.0274 vf_loss=0.0702 entropy=67.5904 kl=7.5594
[Iter 179/488] steps=366592 reward=8.66 pi_loss=-0.0047 vf_loss=0.0889 entropy=103.0687 kl=8.9525
[Iter 180/488] steps=368640 reward=8.84 pi_loss=0.0282 vf_loss=0.0719 entropy=24.1285 kl=1.6509
[Iter 181/488] steps=370688 reward=7.82 pi_loss=-0.0236 vf_loss=0.1009 entropy=81.1370 kl=8.0552
  [Eval] mean_return=2.55 std_return=0.27
[Iter 182/488] steps=372736 reward=2.64 pi_loss=-0.1157 vf_loss=0.1348 entropy=87.1963 kl=6.0318
[Iter 183/488] steps=374784 reward=2.91 pi_loss=0.0148 vf_loss=0.1169 entropy=32.8608 kl=3.2604
[Iter 184/488] steps=376832 reward=3.37 pi_loss=0.0970 vf_loss=0.0863 entropy=140.9138 kl=9.4642
[Iter 185/488] steps=378880 reward=0.85 pi_loss=-0.1000 vf_loss=0.0854 entropy=70.0445 kl=6.4393
[Iter 186/488] steps=380928 reward=2.42 pi_loss=-0.0835 vf_loss=0.0994 entropy=106.3966 kl=10.1390
  [Eval] mean_return=2.20 std_return=1.29
[Iter 187/488] steps=382976 reward=2.70 pi_loss=0.0105 vf_loss=0.1143 entropy=106.6576 kl=9.2009
[Iter 188/488] steps=385024 reward=6.30 pi_loss=-0.1329 vf_loss=0.1206 entropy=119.0677 kl=9.0147
[Iter 189/488] steps=387072 reward=6.65 pi_loss=-0.0142 vf_loss=0.1147 entropy=146.7929 kl=11.0185
[Iter 190/488] steps=389120 reward=7.63 pi_loss=-0.0230 vf_loss=0.0726 entropy=91.1116 kl=8.9755
[Iter 191/488] steps=391168 reward=10.32 pi_loss=-0.1209 vf_loss=0.0818 entropy=140.4753 kl=9.4519
  [Eval] mean_return=10.93 std_return=0.25
[Iter 192/488] steps=393216 reward=10.35 pi_loss=-0.0888 vf_loss=0.0671 entropy=129.3765 kl=9.2626
[Iter 193/488] steps=395264 reward=10.51 pi_loss=-0.0508 vf_loss=0.0792 entropy=87.4365 kl=7.9519
[Iter 194/488] steps=397312 reward=8.90 pi_loss=0.0378 vf_loss=0.2507 entropy=40.3599 kl=4.8469
[Iter 195/488] steps=399360 reward=9.60 pi_loss=0.0478 vf_loss=0.1485 entropy=57.0998 kl=5.0813
[Iter 196/488] steps=401408 reward=9.44 pi_loss=0.0291 vf_loss=0.2374 entropy=40.7544 kl=4.5020
  [Eval] mean_return=10.82 std_return=1.12
[Iter 197/488] steps=403456 reward=10.25 pi_loss=0.0319 vf_loss=0.1838 entropy=84.3454 kl=5.0294
[Iter 198/488] steps=405504 reward=9.84 pi_loss=0.0289 vf_loss=0.1146 entropy=36.9520 kl=3.9564
[Iter 199/488] steps=407552 reward=10.65 pi_loss=-0.0138 vf_loss=0.0873 entropy=48.0782 kl=4.6227
[Iter 200/488] steps=409600 reward=8.75 pi_loss=-0.0274 vf_loss=0.1000 entropy=75.9785 kl=5.8876
[Iter 201/488] steps=411648 reward=6.11 pi_loss=-0.0876 vf_loss=0.1451 entropy=98.3237 kl=9.1741
  [Eval] mean_return=1.98 std_return=0.70
[Iter 202/488] steps=413696 reward=2.04 pi_loss=-0.1463 vf_loss=0.1359 entropy=78.8665 kl=6.2447
[Iter 203/488] steps=415744 reward=2.89 pi_loss=-0.1241 vf_loss=0.0831 entropy=55.5714 kl=6.2037
[Iter 204/488] steps=417792 reward=4.55 pi_loss=-0.0210 vf_loss=0.1497 entropy=78.9016 kl=8.4750
[Iter 205/488] steps=419840 reward=5.69 pi_loss=-0.0128 vf_loss=0.2066 entropy=46.0338 kl=5.5784
[Iter 206/488] steps=421888 reward=8.07 pi_loss=-0.0374 vf_loss=0.2994 entropy=160.5803 kl=9.3303
  [Eval] mean_return=8.09 std_return=1.87
[Iter 207/488] steps=423936 reward=7.93 pi_loss=-0.0519 vf_loss=0.2220 entropy=77.8743 kl=6.8568
[Iter 208/488] steps=425984 reward=8.34 pi_loss=-0.0224 vf_loss=0.1508 entropy=88.9514 kl=8.9389
[Iter 209/488] steps=428032 reward=6.92 pi_loss=-0.0031 vf_loss=0.1352 entropy=85.2496 kl=6.6089
[Iter 210/488] steps=430080 reward=2.73 pi_loss=-0.1247 vf_loss=0.1317 entropy=95.3271 kl=8.3479
  [Eval] mean_return=1.01 std_return=0.62
[Iter 211/488] steps=432128 reward=1.39 pi_loss=-0.1327 vf_loss=0.0977 entropy=82.5139 kl=6.7772
[Iter 212/488] steps=434176 reward=2.30 pi_loss=0.0124 vf_loss=0.0680 entropy=42.9101 kl=5.2413
[Iter 213/488] steps=436224 reward=3.00 pi_loss=0.0072 vf_loss=0.1017 entropy=35.1275 kl=3.7317
[Iter 214/488] steps=438272 reward=3.71 pi_loss=-0.0102 vf_loss=0.1545 entropy=58.1457 kl=6.6559
[Iter 215/488] steps=440320 reward=1.31 pi_loss=-0.0288 vf_loss=0.6482 entropy=53.3825 kl=5.5526
  [Eval] mean_return=0.94 std_return=1.80
[Iter 216/488] steps=442368 reward=0.17 pi_loss=-0.0149 vf_loss=0.3542 entropy=43.3590 kl=4.1342
[Iter 217/488] steps=444416 reward=2.77 pi_loss=-0.0366 vf_loss=0.7264 entropy=116.5215 kl=10.7209
[Iter 218/488] steps=446464 reward=6.74 pi_loss=-0.0963 vf_loss=0.4780 entropy=104.5038 kl=7.5290
[Iter 219/488] steps=448512 reward=9.19 pi_loss=-0.0454 vf_loss=0.5741 entropy=98.4535 kl=7.2841
[Iter 220/488] steps=450560 reward=8.11 pi_loss=-0.0217 vf_loss=1.2660 entropy=43.1267 kl=2.7993
  [Eval] mean_return=1.70 std_return=4.97
[Iter 221/488] steps=452608 reward=4.94 pi_loss=-0.0151 vf_loss=2.5923 entropy=43.6211 kl=4.5975
[Iter 222/488] steps=454656 reward=5.91 pi_loss=0.0270 vf_loss=2.7835 entropy=44.1271 kl=4.3822
[Iter 223/488] steps=456704 reward=1.20 pi_loss=-0.0079 vf_loss=2.2181 entropy=61.0445 kl=5.1529
[Iter 224/488] steps=458752 reward=1.34 pi_loss=0.0319 vf_loss=2.0151 entropy=54.1533 kl=5.4438
[Iter 225/488] steps=460800 reward=11.55 pi_loss=-0.0322 vf_loss=2.7240 entropy=117.2843 kl=6.9220
  [Eval] mean_return=8.25 std_return=4.42
[Iter 226/488] steps=462848 reward=8.14 pi_loss=-0.0891 vf_loss=1.2198 entropy=130.3028 kl=8.2972
[Iter 227/488] steps=464896 reward=12.31 pi_loss=-0.0065 vf_loss=1.8842 entropy=111.8419 kl=5.6998
[Iter 228/488] steps=466944 reward=11.49 pi_loss=-0.0277 vf_loss=1.1290 entropy=60.8857 kl=6.1040
[Iter 229/488] steps=468992 reward=11.23 pi_loss=-0.0204 vf_loss=1.2378 entropy=52.6158 kl=4.9426
[Iter 230/488] steps=471040 reward=14.06 pi_loss=-0.0318 vf_loss=1.4076 entropy=58.7554 kl=5.7429
  [Eval] mean_return=11.64 std_return=1.37
[Iter 231/488] steps=473088 reward=14.52 pi_loss=-0.0067 vf_loss=1.5184 entropy=41.5915 kl=2.4009
[Iter 232/488] steps=475136 reward=16.42 pi_loss=0.0392 vf_loss=2.3556 entropy=55.0554 kl=4.7972
[Iter 233/488] steps=477184 reward=14.46 pi_loss=-0.0003 vf_loss=1.7524 entropy=50.5034 kl=2.5172
[Iter 234/488] steps=479232 reward=13.58 pi_loss=0.0006 vf_loss=1.1873 entropy=26.3875 kl=2.1449
[Iter 235/488] steps=481280 reward=16.71 pi_loss=0.0288 vf_loss=1.8283 entropy=44.4390 kl=5.2797
  [Eval] mean_return=16.26 std_return=6.19
[Iter 236/488] steps=483328 reward=16.96 pi_loss=0.0017 vf_loss=2.2301 entropy=24.3911 kl=1.3526
[Iter 237/488] steps=485376 reward=19.73 pi_loss=0.0069 vf_loss=2.0616 entropy=36.6250 kl=4.2811
[Iter 238/488] steps=487424 reward=15.73 pi_loss=0.0065 vf_loss=1.8966 entropy=23.8866 kl=1.5093
[Iter 239/488] steps=489472 reward=16.92 pi_loss=0.0155 vf_loss=1.4080 entropy=21.6207 kl=1.0356
[Iter 240/488] steps=491520 reward=17.95 pi_loss=0.0143 vf_loss=1.7069 entropy=24.6812 kl=1.6522
  [Eval] mean_return=25.53 std_return=6.74
[Iter 241/488] steps=493568 reward=22.40 pi_loss=0.0112 vf_loss=2.6374 entropy=32.5928 kl=3.0608
[Iter 242/488] steps=495616 reward=28.59 pi_loss=0.0121 vf_loss=3.0367 entropy=35.6934 kl=3.5627
[Iter 243/488] steps=497664 reward=25.69 pi_loss=-0.0001 vf_loss=2.0275 entropy=21.9832 kl=1.1490
[Iter 244/488] steps=499712 reward=27.14 pi_loss=0.0113 vf_loss=3.4020 entropy=24.2596 kl=1.5159
[Iter 245/488] steps=501760 reward=28.00 pi_loss=0.0213 vf_loss=2.8958 entropy=25.0587 kl=1.7362
  [Eval] mean_return=33.55 std_return=3.86
[Iter 246/488] steps=503808 reward=28.53 pi_loss=-0.0029 vf_loss=3.4271 entropy=18.8908 kl=0.3656
[Iter 247/488] steps=505856 reward=30.08 pi_loss=-0.0047 vf_loss=3.0871 entropy=18.3800 kl=0.2701
[Iter 248/488] steps=507904 reward=30.64 pi_loss=-0.0011 vf_loss=2.7495 entropy=19.2352 kl=0.5224
[Iter 249/488] steps=509952 reward=36.41 pi_loss=-0.0017 vf_loss=3.8685 entropy=26.4278 kl=1.9010
[Iter 250/488] steps=512000 reward=45.49 pi_loss=-0.0113 vf_loss=3.0897 entropy=18.7939 kl=0.3623
  [Eval] mean_return=42.83 std_return=13.10
[Iter 251/488] steps=514048 reward=42.56 pi_loss=-0.0138 vf_loss=3.6507 entropy=25.6603 kl=1.6171
[Iter 252/488] steps=516096 reward=44.07 pi_loss=-0.0119 vf_loss=4.5251 entropy=19.5686 kl=0.4842
[Iter 253/488] steps=518144 reward=42.63 pi_loss=-0.0055 vf_loss=5.3253 entropy=26.8169 kl=0.9984
[Iter 254/488] steps=520192 reward=33.15 pi_loss=0.0132 vf_loss=8.3582 entropy=25.8937 kl=1.1695
  [Eval] mean_return=28.29 std_return=15.02
[Iter 255/488] steps=522240 reward=29.14 pi_loss=0.0054 vf_loss=9.1635 entropy=24.8933 kl=1.1796
[Iter 256/488] steps=524288 reward=32.60 pi_loss=-0.0018 vf_loss=7.9194 entropy=45.5608 kl=1.4515
[Iter 257/488] steps=526336 reward=37.44 pi_loss=0.0099 vf_loss=5.6547 entropy=29.9856 kl=2.7108
[Iter 258/488] steps=528384 reward=34.29 pi_loss=-0.0003 vf_loss=8.0340 entropy=23.8221 kl=1.3236
[Iter 259/488] steps=530432 reward=32.64 pi_loss=-0.0111 vf_loss=4.5462 entropy=18.7755 kl=0.3757
  [Eval] mean_return=34.42 std_return=5.01
[Iter 260/488] steps=532480 reward=36.20 pi_loss=-0.0120 vf_loss=3.8907 entropy=22.9135 kl=0.9310
[Iter 261/488] steps=534528 reward=39.25 pi_loss=-0.0137 vf_loss=2.8978 entropy=31.4464 kl=1.3332
[Iter 262/488] steps=536576 reward=42.75 pi_loss=-0.0480 vf_loss=3.5679 entropy=56.6003 kl=5.5890
[Iter 263/488] steps=538624 reward=37.64 pi_loss=0.0086 vf_loss=5.5318 entropy=27.6989 kl=1.8442
[Iter 264/488] steps=540672 reward=33.94 pi_loss=-0.0038 vf_loss=8.1284 entropy=22.0594 kl=1.1099
  [Eval] mean_return=22.52 std_return=11.89
[Iter 265/488] steps=542720 reward=22.47 pi_loss=0.0118 vf_loss=12.0309 entropy=31.5871 kl=1.9323
[Iter 266/488] steps=544768 reward=32.03 pi_loss=0.0205 vf_loss=7.4919 entropy=49.9124 kl=4.3340
[Iter 267/488] steps=546816 reward=26.00 pi_loss=-0.0555 vf_loss=5.4952 entropy=31.7913 kl=2.9888
[Iter 268/488] steps=548864 reward=22.31 pi_loss=0.0016 vf_loss=4.9693 entropy=31.3800 kl=2.4826
[Iter 269/488] steps=550912 reward=17.31 pi_loss=-0.0421 vf_loss=1.9328 entropy=54.5861 kl=5.4741
  [Eval] mean_return=-0.67 std_return=0.12
[Iter 270/488] steps=552960 reward=-0.48 pi_loss=-0.0939 vf_loss=2.7184 entropy=106.9753 kl=10.6261
[Iter 271/488] steps=555008 reward=8.74 pi_loss=-0.0738 vf_loss=2.9397 entropy=58.1934 kl=7.0902
[Iter 272/488] steps=557056 reward=10.93 pi_loss=0.0168 vf_loss=3.7269 entropy=37.6368 kl=3.2012
[Iter 273/488] steps=559104 reward=25.86 pi_loss=-0.0286 vf_loss=6.6291 entropy=109.4598 kl=4.5391
[Iter 274/488] steps=561152 reward=18.25 pi_loss=-0.0050 vf_loss=6.6365 entropy=38.6605 kl=2.0899
  [Eval] mean_return=34.81 std_return=13.02
[Iter 275/488] steps=563200 reward=29.91 pi_loss=-0.0275 vf_loss=6.2749 entropy=88.7870 kl=4.0138
[Iter 276/488] steps=565248 reward=32.26 pi_loss=-0.0125 vf_loss=5.7702 entropy=29.0889 kl=1.3583
[Iter 277/488] steps=567296 reward=39.61 pi_loss=0.0018 vf_loss=4.9725 entropy=18.3318 kl=0.2766
[Iter 278/488] steps=569344 reward=44.91 pi_loss=-0.0059 vf_loss=7.0810 entropy=19.0439 kl=0.4185
[Iter 279/488] steps=571392 reward=42.51 pi_loss=-0.0053 vf_loss=6.9000 entropy=17.7535 kl=0.1773
  [Eval] mean_return=55.98 std_return=17.78
[Iter 280/488] steps=573440 reward=39.19 pi_loss=-0.0016 vf_loss=8.8449 entropy=18.6931 kl=0.3918
[Iter 281/488] steps=575488 reward=48.88 pi_loss=-0.0102 vf_loss=12.4954 entropy=25.0982 kl=1.1763
[Iter 282/488] steps=577536 reward=65.89 pi_loss=-0.0129 vf_loss=10.4800 entropy=19.3971 kl=0.2540
[Iter 283/488] steps=579584 reward=82.90 pi_loss=-0.0109 vf_loss=11.7423 entropy=21.3375 kl=0.3934
[Iter 284/488] steps=581632 reward=69.38 pi_loss=-0.0167 vf_loss=6.2841 entropy=20.0526 kl=0.3801
  [Eval] mean_return=56.58 std_return=15.15
[Iter 285/488] steps=583680 reward=64.28 pi_loss=-0.0146 vf_loss=13.0729 entropy=31.0101 kl=0.6203
[Iter 286/488] steps=585728 reward=44.97 pi_loss=-0.0039 vf_loss=24.3392 entropy=30.7929 kl=0.6963
[Iter 287/488] steps=587776 reward=56.81 pi_loss=-0.0018 vf_loss=5.4519 entropy=91.5241 kl=8.0691
[Iter 288/488] steps=589824 reward=16.69 pi_loss=-0.0540 vf_loss=9.7807 entropy=49.3531 kl=4.9587
[Iter 289/488] steps=591872 reward=15.38 pi_loss=-0.0501 vf_loss=2.7311 entropy=72.3895 kl=7.4107
  [Eval] mean_return=15.14 std_return=2.39
[Iter 290/488] steps=593920 reward=21.12 pi_loss=-0.0476 vf_loss=4.6110 entropy=74.2855 kl=6.9117
[Iter 291/488] steps=595968 reward=27.49 pi_loss=-0.0382 vf_loss=7.9756 entropy=46.2599 kl=4.2001
[Iter 292/488] steps=598016 reward=26.07 pi_loss=-0.0179 vf_loss=3.0535 entropy=29.2374 kl=2.3454
[Iter 293/488] steps=600064 reward=31.03 pi_loss=-0.0042 vf_loss=2.1224 entropy=17.5801 kl=0.1106
  [Eval] mean_return=29.94 std_return=6.09
[Iter 294/488] steps=602112 reward=29.71 pi_loss=-0.0033 vf_loss=2.1362 entropy=17.4719 kl=0.1101
[Iter 295/488] steps=604160 reward=31.82 pi_loss=-0.0072 vf_loss=3.5590 entropy=19.1255 kl=0.2237
[Iter 296/488] steps=606208 reward=31.40 pi_loss=-0.0079 vf_loss=2.9449 entropy=17.8569 kl=0.1766
[Iter 297/488] steps=608256 reward=28.85 pi_loss=-0.0056 vf_loss=2.7312 entropy=18.3911 kl=0.2038
[Iter 298/488] steps=610304 reward=30.88 pi_loss=-0.0039 vf_loss=3.9764 entropy=20.9102 kl=0.4634
  [Eval] mean_return=32.16 std_return=4.48
[Iter 299/488] steps=612352 reward=33.71 pi_loss=-0.0041 vf_loss=3.1775 entropy=18.2847 kl=0.1838
[Iter 300/488] steps=614400 reward=38.26 pi_loss=-0.0069 vf_loss=3.2069 entropy=17.4484 kl=0.0881
[Iter 301/488] steps=616448 reward=39.98 pi_loss=0.0234 vf_loss=4.0414 entropy=29.0519 kl=2.6844
[Iter 302/488] steps=618496 reward=40.38 pi_loss=-0.0063 vf_loss=8.5355 entropy=18.9546 kl=0.4305
[Iter 303/488] steps=620544 reward=60.19 pi_loss=-0.0068 vf_loss=4.9762 entropy=21.8687 kl=0.3399
  [Eval] mean_return=168.38 std_return=269.73
[Iter 304/488] steps=622592 reward=148.79 pi_loss=-0.0784 vf_loss=10.4470 entropy=47.9477 kl=5.1830
[Iter 305/488] steps=624640 reward=23.72 pi_loss=-0.0735 vf_loss=4.5062 entropy=41.4524 kl=3.6324
[Iter 306/488] steps=626688 reward=24.20 pi_loss=-0.0817 vf_loss=1.9350 entropy=56.1131 kl=6.5358
[Iter 307/488] steps=628736 reward=9.42 pi_loss=-0.0580 vf_loss=5.6041 entropy=53.9145 kl=5.2357
[Iter 308/488] steps=630784 reward=12.07 pi_loss=0.0220 vf_loss=4.3038 entropy=37.2775 kl=4.0214
  [Eval] mean_return=9.92 std_return=4.78
[Iter 309/488] steps=632832 reward=13.71 pi_loss=-0.0442 vf_loss=3.6476 entropy=56.0992 kl=3.4566
[Iter 310/488] steps=634880 reward=13.47 pi_loss=0.0714 vf_loss=4.0879 entropy=54.2490 kl=5.0608
[Iter 311/488] steps=636928 reward=11.78 pi_loss=0.0150 vf_loss=3.9621 entropy=40.4574 kl=3.5548
[Iter 312/488] steps=638976 reward=20.20 pi_loss=-0.0163 vf_loss=4.9776 entropy=38.2434 kl=0.9323
[Iter 313/488] steps=641024 reward=23.86 pi_loss=-0.0071 vf_loss=7.0306 entropy=35.3732 kl=0.7513
  [Eval] mean_return=29.76 std_return=11.91
[Iter 314/488] steps=643072 reward=21.11 pi_loss=-0.0012 vf_loss=10.0132 entropy=57.3809 kl=1.4755
[Iter 315/488] steps=645120 reward=33.35 pi_loss=-0.0004 vf_loss=6.8123 entropy=34.5403 kl=3.0381
[Iter 316/488] steps=647168 reward=270.31 pi_loss=-0.0178 vf_loss=11.1882 entropy=25.1224 kl=1.3640
[Iter 317/488] steps=649216 reward=45.47 pi_loss=0.0014 vf_loss=33.2127 entropy=22.1375 kl=0.9930
[Iter 318/488] steps=651264 reward=27.91 pi_loss=-0.0033 vf_loss=34.4293 entropy=17.5873 kl=0.1470
  [Eval] mean_return=18.19 std_return=16.25
[Iter 319/488] steps=653312 reward=24.29 pi_loss=0.0094 vf_loss=32.1210 entropy=19.8356 kl=0.5824
[Iter 320/488] steps=655360 reward=45.34 pi_loss=-0.0033 vf_loss=24.9942 entropy=53.1635 kl=4.6370
[Iter 321/488] steps=657408 reward=27.32 pi_loss=-0.0037 vf_loss=17.1292 entropy=32.9183 kl=2.4340
[Iter 322/488] steps=659456 reward=17.59 pi_loss=-0.0817 vf_loss=7.8205 entropy=41.1490 kl=4.0890
[Iter 323/488] steps=661504 reward=23.06 pi_loss=-0.0407 vf_loss=8.8698 entropy=49.2167 kl=4.6182
  [Eval] mean_return=15.00 std_return=9.92
[Iter 324/488] steps=663552 reward=21.82 pi_loss=0.0172 vf_loss=9.2384 entropy=23.1831 kl=1.2553
[Iter 325/488] steps=665600 reward=30.71 pi_loss=-0.0072 vf_loss=9.0856 entropy=22.9969 kl=0.6157
[Iter 326/488] steps=667648 reward=50.81 pi_loss=-0.0048 vf_loss=7.8158 entropy=18.1720 kl=0.1662
[Iter 327/488] steps=669696 reward=109.98 pi_loss=-0.0421 vf_loss=13.9587 entropy=49.1366 kl=4.7767
[Iter 328/488] steps=671744 reward=150.29 pi_loss=-0.0365 vf_loss=15.6149 entropy=23.0328 kl=0.5440
  [Eval] mean_return=509.60 std_return=467.54
[Iter 329/488] steps=673792 reward=222.80 pi_loss=-0.0228 vf_loss=19.5265 entropy=38.8252 kl=0.5413
[Iter 330/488] steps=675840 reward=156.47 pi_loss=-0.0244 vf_loss=23.1485 entropy=48.3599 kl=0.9493
[Iter 331/488] steps=677888 reward=975.67 pi_loss=-0.0056 vf_loss=20.8247 entropy=17.3017 kl=0.0679
[Iter 332/488] steps=679936 reward=517.88 pi_loss=-0.0067 vf_loss=29.3068 entropy=17.8154 kl=0.1672
[Iter 333/488] steps=681984 reward=976.06 pi_loss=-0.0058 vf_loss=23.9276 entropy=17.2429 kl=0.0748
  [Eval] mean_return=883.81 std_return=280.15
[Iter 334/488] steps=684032 reward=975.96 pi_loss=-0.0079 vf_loss=25.4297 entropy=17.2604 kl=0.0692
[Iter 335/488] steps=686080 reward=976.23 pi_loss=-0.0049 vf_loss=26.7787 entropy=17.1938 kl=0.0551
[Iter 336/488] steps=688128 reward=975.86 pi_loss=-0.0048 vf_loss=27.8559 entropy=17.4101 kl=0.0733
[Iter 337/488] steps=690176 reward=976.66 pi_loss=-0.0059 vf_loss=29.2286 entropy=17.2086 kl=0.0579
  [Eval] mean_return=887.09 std_return=269.50
[Iter 338/488] steps=692224 reward=653.82 pi_loss=-0.0116 vf_loss=35.3106 entropy=17.5865 kl=0.0946
[Iter 339/488] steps=694272 reward=976.34 pi_loss=-0.0063 vf_loss=30.4907 entropy=17.2140 kl=0.0631
[Iter 340/488] steps=696320 reward=975.93 pi_loss=-0.0068 vf_loss=31.4775 entropy=17.2316 kl=0.0617
[Iter 341/488] steps=698368 reward=976.05 pi_loss=-0.0056 vf_loss=31.6772 entropy=17.2920 kl=0.0682
[Iter 342/488] steps=700416 reward=975.70 pi_loss=-0.0070 vf_loss=32.0376 entropy=17.2653 kl=0.0573
  [Eval] mean_return=976.89 std_return=0.89
[Iter 343/488] steps=702464 reward=976.12 pi_loss=-0.0055 vf_loss=47.1154 entropy=17.2153 kl=0.0393
[Iter 344/488] steps=704512 reward=975.55 pi_loss=-0.0039 vf_loss=32.5401 entropy=17.2574 kl=0.0482
[Iter 345/488] steps=706560 reward=975.10 pi_loss=-0.0036 vf_loss=32.8660 entropy=17.2040 kl=0.0569
[Iter 346/488] steps=708608 reward=976.08 pi_loss=-0.0051 vf_loss=32.5539 entropy=17.2352 kl=0.0452
[Iter 347/488] steps=710656 reward=976.02 pi_loss=-0.0074 vf_loss=32.8659 entropy=17.2444 kl=0.0618
  [Eval] mean_return=881.25 std_return=289.91
[Iter 348/488] steps=712704 reward=976.80 pi_loss=-0.0035 vf_loss=32.7710 entropy=17.1637 kl=0.0429
[Iter 349/488] steps=714752 reward=976.99 pi_loss=-0.0056 vf_loss=33.5163 entropy=17.2712 kl=0.0540
[Iter 350/488] steps=716800 reward=976.72 pi_loss=-0.0057 vf_loss=32.9177 entropy=17.3696 kl=0.0772
[Iter 351/488] steps=718848 reward=674.28 pi_loss=-0.0083 vf_loss=49.3089 entropy=17.4359 kl=0.0852
[Iter 352/488] steps=720896 reward=976.21 pi_loss=-0.0058 vf_loss=33.8861 entropy=17.3055 kl=0.0639
  [Eval] mean_return=977.38 std_return=0.52
[Iter 353/488] steps=722944 reward=976.93 pi_loss=-0.0040 vf_loss=33.2005 entropy=17.1670 kl=0.0516
[Iter 354/488] steps=724992 reward=977.23 pi_loss=-0.0054 vf_loss=33.4893 entropy=17.3540 kl=0.0646
[Iter 355/488] steps=727040 reward=663.84 pi_loss=-0.0221 vf_loss=36.1876 entropy=21.3373 kl=0.7660
[Iter 356/488] steps=729088 reward=260.94 pi_loss=-0.0599 vf_loss=48.3774 entropy=35.0268 kl=2.7288
[Iter 357/488] steps=731136 reward=976.53 pi_loss=-0.0056 vf_loss=33.3605 entropy=17.2301 kl=0.0587
  [Eval] mean_return=690.38 std_return=438.31
[Iter 358/488] steps=733184 reward=666.69 pi_loss=-0.0096 vf_loss=37.3057 entropy=17.3195 kl=0.0622
[Iter 359/488] steps=735232 reward=663.20 pi_loss=-0.0087 vf_loss=39.1314 entropy=17.3315 kl=0.0728
[Iter 360/488] steps=737280 reward=975.37 pi_loss=-0.0057 vf_loss=34.1200 entropy=17.1182 kl=0.0469
[Iter 361/488] steps=739328 reward=975.33 pi_loss=-0.0097 vf_loss=34.0162 entropy=17.2380 kl=0.0495
[Iter 362/488] steps=741376 reward=976.74 pi_loss=-0.0056 vf_loss=33.5148 entropy=17.2037 kl=0.0549
  [Eval] mean_return=606.13 std_return=454.35
[Iter 363/488] steps=743424 reward=975.04 pi_loss=-0.0064 vf_loss=33.7999 entropy=17.3250 kl=0.0584
[Iter 364/488] steps=745472 reward=662.94 pi_loss=-0.0161 vf_loss=38.1120 entropy=19.8237 kl=0.5607
[Iter 365/488] steps=747520 reward=264.85 pi_loss=-0.0686 vf_loss=53.5106 entropy=38.2300 kl=2.5645
[Iter 366/488] steps=749568 reward=19.76 pi_loss=-0.0469 vf_loss=24.5958 entropy=45.0620 kl=4.2905
[Iter 367/488] steps=751616 reward=22.26 pi_loss=-0.0880 vf_loss=6.3984 entropy=47.4399 kl=4.1186
  [Eval] mean_return=122.95 std_return=284.36
[Iter 368/488] steps=753664 reward=83.01 pi_loss=-0.0172 vf_loss=23.8339 entropy=32.1001 kl=2.9169
[Iter 369/488] steps=755712 reward=343.19 pi_loss=-0.0079 vf_loss=20.7696 entropy=17.3158 kl=0.0513
[Iter 370/488] steps=757760 reward=410.31 pi_loss=-0.0071 vf_loss=39.0946 entropy=17.0717 kl=0.0254
[Iter 371/488] steps=759808 reward=295.66 pi_loss=-0.0071 vf_loss=36.6776 entropy=17.3030 kl=0.0664
[Iter 372/488] steps=761856 reward=975.45 pi_loss=-0.0034 vf_loss=33.5902 entropy=17.2723 kl=0.0444
  [Eval] mean_return=408.85 std_return=463.45
[Iter 373/488] steps=763904 reward=238.71 pi_loss=-0.0064 vf_loss=54.2925 entropy=22.4101 kl=1.0218
[Iter 374/488] steps=765952 reward=158.29 pi_loss=-0.0449 vf_loss=31.8345 entropy=26.3534 kl=1.7970
[Iter 375/488] steps=768000 reward=36.72 pi_loss=-0.0692 vf_loss=56.8254 entropy=48.7490 kl=4.2690
[Iter 376/488] steps=770048 reward=13.39 pi_loss=-0.0336 vf_loss=10.8203 entropy=69.0029 kl=7.6983
  [Eval] mean_return=12.25 std_return=1.23
[Iter 377/488] steps=772096 reward=12.14 pi_loss=-0.0326 vf_loss=3.2973 entropy=59.9975 kl=6.9895
[Iter 378/488] steps=774144 reward=12.05 pi_loss=-0.1029 vf_loss=1.7652 entropy=49.2675 kl=4.4858
[Iter 379/488] steps=776192 reward=12.86 pi_loss=-0.0301 vf_loss=0.5748 entropy=54.1244 kl=4.5618
[Iter 380/488] steps=778240 reward=15.70 pi_loss=-0.0536 vf_loss=0.9679 entropy=78.5034 kl=8.5822
[Iter 381/488] steps=780288 reward=16.99 pi_loss=-0.0345 vf_loss=1.4068 entropy=63.1138 kl=4.4649
  [Eval] mean_return=6.05 std_return=2.08
[Iter 382/488] steps=782336 reward=7.71 pi_loss=-0.1154 vf_loss=1.1396 entropy=53.5975 kl=3.8611
[Iter 383/488] steps=784384 reward=16.77 pi_loss=-0.0306 vf_loss=1.1981 entropy=78.9086 kl=9.2673
[Iter 384/488] steps=786432 reward=11.68 pi_loss=-0.0397 vf_loss=0.5255 entropy=73.0588 kl=7.3487
[Iter 385/488] steps=788480 reward=15.15 pi_loss=-0.0210 vf_loss=1.0373 entropy=113.7049 kl=8.7780
[Iter 386/488] steps=790528 reward=2.21 pi_loss=-0.0972 vf_loss=1.5511 entropy=78.4888 kl=6.3882
  [Eval] mean_return=-0.57 std_return=0.44
[Iter 387/488] steps=792576 reward=-0.55 pi_loss=-0.1198 vf_loss=0.3591 entropy=69.2019 kl=8.6258
[Iter 388/488] steps=794624 reward=-0.62 pi_loss=-0.0608 vf_loss=0.0706 entropy=39.0033 kl=4.3012
[Iter 389/488] steps=796672 reward=-0.61 pi_loss=0.0502 vf_loss=0.0456 entropy=30.7477 kl=2.7618
[Iter 390/488] steps=798720 reward=-0.59 pi_loss=0.0814 vf_loss=0.0488 entropy=53.1557 kl=4.4637
[Iter 391/488] steps=800768 reward=-0.61 pi_loss=0.1165 vf_loss=0.0184 entropy=91.6380 kl=8.4371
  [Eval] mean_return=-0.68 std_return=0.14
[Iter 392/488] steps=802816 reward=-0.61 pi_loss=0.0833 vf_loss=0.0175 entropy=44.7900 kl=4.9386
[Iter 393/488] steps=804864 reward=-0.60 pi_loss=0.0147 vf_loss=0.0128 entropy=19.0260 kl=0.4973
[Iter 394/488] steps=806912 reward=-0.63 pi_loss=0.0998 vf_loss=0.0140 entropy=83.9479 kl=6.7546
[Iter 395/488] steps=808960 reward=-0.64 pi_loss=0.0054 vf_loss=0.0084 entropy=17.4362 kl=0.1107
[Iter 396/488] steps=811008 reward=-0.63 pi_loss=0.0563 vf_loss=0.0088 entropy=46.0885 kl=3.4527
  [Eval] mean_return=-0.60 std_return=0.09
[Iter 397/488] steps=813056 reward=-0.64 pi_loss=0.0283 vf_loss=0.0065 entropy=23.0481 kl=1.7785
[Iter 398/488] steps=815104 reward=-0.63 pi_loss=0.0382 vf_loss=0.0069 entropy=86.0687 kl=6.5530
[Iter 399/488] steps=817152 reward=-0.63 pi_loss=0.0094 vf_loss=0.0053 entropy=17.9919 kl=0.2249
[Iter 400/488] steps=819200 reward=-0.64 pi_loss=0.0112 vf_loss=0.0053 entropy=18.2624 kl=0.2943
[Iter 401/488] steps=821248 reward=-0.63 pi_loss=0.0413 vf_loss=0.0079 entropy=57.9078 kl=5.5235
  [Eval] mean_return=-0.61 std_return=0.07
[Iter 402/488] steps=823296 reward=-0.63 pi_loss=-0.0049 vf_loss=0.0046 entropy=30.5015 kl=2.7967
[Iter 403/488] steps=825344 reward=-0.62 pi_loss=0.0299 vf_loss=0.0046 entropy=40.5811 kl=4.1900
[Iter 404/488] steps=827392 reward=-0.63 pi_loss=0.0330 vf_loss=0.0047 entropy=61.8152 kl=5.9088
[Iter 405/488] steps=829440 reward=-0.62 pi_loss=0.0098 vf_loss=0.0041 entropy=17.8187 kl=0.1877
[Iter 406/488] steps=831488 reward=-0.63 pi_loss=0.0095 vf_loss=0.0040 entropy=18.5940 kl=0.4204
  [Eval] mean_return=-0.61 std_return=0.10
[Iter 407/488] steps=833536 reward=-0.64 pi_loss=0.0130 vf_loss=0.0043 entropy=29.8412 kl=2.4421
[Iter 408/488] steps=835584 reward=-0.62 pi_loss=0.0037 vf_loss=0.0048 entropy=83.1815 kl=6.6604
[Iter 409/488] steps=837632 reward=-0.63 pi_loss=0.0040 vf_loss=0.0038 entropy=30.3931 kl=2.7881
[Iter 410/488] steps=839680 reward=-0.62 pi_loss=0.0254 vf_loss=0.0039 entropy=53.8918 kl=5.4641
[Iter 411/488] steps=841728 reward=-0.64 pi_loss=0.0029 vf_loss=0.0033 entropy=48.2918 kl=4.8512
  [Eval] mean_return=-0.61 std_return=0.10
[Iter 412/488] steps=843776 reward=-0.64 pi_loss=0.0055 vf_loss=0.0038 entropy=17.5750 kl=0.1377
[Iter 413/488] steps=845824 reward=-0.64 pi_loss=0.0180 vf_loss=0.0032 entropy=63.3939 kl=5.6114
[Iter 414/488] steps=847872 reward=-0.63 pi_loss=0.0074 vf_loss=0.0037 entropy=17.6192 kl=0.1589
[Iter 415/488] steps=849920 reward=-0.62 pi_loss=0.0248 vf_loss=0.0034 entropy=31.5952 kl=4.8681
[Iter 416/488] steps=851968 reward=-0.64 pi_loss=-0.0072 vf_loss=0.0039 entropy=44.4719 kl=4.5440
  [Eval] mean_return=-0.62 std_return=0.13
[Iter 417/488] steps=854016 reward=-0.63 pi_loss=0.0512 vf_loss=0.0040 entropy=72.3583 kl=6.9166
[Iter 418/488] steps=856064 reward=-0.62 pi_loss=-0.0408 vf_loss=0.0038 entropy=123.0160 kl=7.3243
[Iter 419/488] steps=858112 reward=-0.63 pi_loss=0.0191 vf_loss=0.0034 entropy=38.8394 kl=4.2546
[Iter 420/488] steps=860160 reward=-0.64 pi_loss=0.0047 vf_loss=0.0032 entropy=17.6357 kl=0.1516
  [Eval] mean_return=-0.60 std_return=0.15
[Iter 421/488] steps=862208 reward=-0.62 pi_loss=-0.0103 vf_loss=0.0033 entropy=49.4078 kl=5.0717
[Iter 422/488] steps=864256 reward=-0.62 pi_loss=0.0148 vf_loss=0.0030 entropy=20.9289 kl=0.9148
[Iter 423/488] steps=866304 reward=-0.63 pi_loss=0.0036 vf_loss=0.0028 entropy=17.8122 kl=0.1806
[Iter 424/488] steps=868352 reward=-0.64 pi_loss=0.0039 vf_loss=0.0033 entropy=17.5102 kl=0.1092
[Iter 425/488] steps=870400 reward=-0.63 pi_loss=-0.0554 vf_loss=0.0033 entropy=48.6388 kl=5.0153
  [Eval] mean_return=-0.59 std_return=0.10
[Iter 426/488] steps=872448 reward=-0.64 pi_loss=0.0005 vf_loss=0.0034 entropy=50.5778 kl=4.6799
[Iter 427/488] steps=874496 reward=-0.63 pi_loss=0.0012 vf_loss=0.0029 entropy=17.6331 kl=0.1481
[Iter 428/488] steps=876544 reward=-0.62 pi_loss=0.0030 vf_loss=0.0029 entropy=17.2628 kl=0.0817
[Iter 429/488] steps=878592 reward=-0.64 pi_loss=0.0046 vf_loss=0.0030 entropy=17.6251 kl=0.1441
[Iter 430/488] steps=880640 reward=-0.63 pi_loss=0.0043 vf_loss=0.0029 entropy=17.4876 kl=0.1289
  [Eval] mean_return=-0.64 std_return=0.08
[Iter 431/488] steps=882688 reward=-0.63 pi_loss=0.0022 vf_loss=0.0030 entropy=17.4339 kl=0.0985
[Iter 432/488] steps=884736 reward=-0.63 pi_loss=0.0012 vf_loss=0.0027 entropy=17.1948 kl=0.0585
[Iter 433/488] steps=886784 reward=-0.62 pi_loss=-0.0369 vf_loss=0.0029 entropy=108.3278 kl=7.2021
[Iter 434/488] steps=888832 reward=-0.63 pi_loss=-0.0004 vf_loss=0.0027 entropy=17.3284 kl=0.0754
[Iter 435/488] steps=890880 reward=-0.63 pi_loss=-0.0124 vf_loss=0.0028 entropy=85.0924 kl=7.0702
  [Eval] mean_return=-0.63 std_return=0.08
[Iter 436/488] steps=892928 reward=-0.63 pi_loss=0.0071 vf_loss=0.0026 entropy=27.6197 kl=2.3228
[Iter 437/488] steps=894976 reward=-0.63 pi_loss=0.0032 vf_loss=0.0026 entropy=17.3203 kl=0.0612
[Iter 438/488] steps=897024 reward=-0.63 pi_loss=-0.0058 vf_loss=0.0028 entropy=38.7330 kl=4.1609
[Iter 439/488] steps=899072 reward=-0.63 pi_loss=0.0074 vf_loss=0.0028 entropy=23.2852 kl=1.4277
[Iter 440/488] steps=901120 reward=-0.64 pi_loss=0.0009 vf_loss=0.0029 entropy=17.3633 kl=0.0982
  [Eval] mean_return=-0.61 std_return=0.11
[Iter 441/488] steps=903168 reward=-0.63 pi_loss=-0.0030 vf_loss=0.0030 entropy=17.4700 kl=0.1045
[Iter 442/488] steps=905216 reward=-0.62 pi_loss=-0.0002 vf_loss=0.0025 entropy=17.4343 kl=0.0716
[Iter 443/488] steps=907264 reward=-0.64 pi_loss=-0.0030 vf_loss=0.0024 entropy=17.3620 kl=0.0779
[Iter 444/488] steps=909312 reward=-0.64 pi_loss=0.0011 vf_loss=0.0026 entropy=17.4034 kl=0.0931
[Iter 445/488] steps=911360 reward=-0.64 pi_loss=0.0005 vf_loss=0.0025 entropy=17.2538 kl=0.0617
  [Eval] mean_return=-0.61 std_return=0.12
[Iter 446/488] steps=913408 reward=-0.64 pi_loss=-0.0149 vf_loss=0.0026 entropy=44.5858 kl=4.7429
[Iter 447/488] steps=915456 reward=-0.63 pi_loss=-0.0107 vf_loss=0.0028 entropy=24.4422 kl=1.7417
[Iter 448/488] steps=917504 reward=-0.64 pi_loss=0.0003 vf_loss=0.0026 entropy=17.2471 kl=0.0343
[Iter 449/488] steps=919552 reward=-0.64 pi_loss=-0.0025 vf_loss=0.0025 entropy=17.3055 kl=0.0508
[Iter 450/488] steps=921600 reward=-0.63 pi_loss=0.0083 vf_loss=0.0024 entropy=24.4472 kl=1.6246
  [Eval] mean_return=-0.63 std_return=0.09
[Iter 451/488] steps=923648 reward=-0.63 pi_loss=0.0016 vf_loss=0.0025 entropy=17.4179 kl=0.0987
[Iter 452/488] steps=925696 reward=-0.63 pi_loss=-0.0005 vf_loss=0.0023 entropy=17.0997 kl=0.0513
[Iter 453/488] steps=927744 reward=-0.62 pi_loss=-0.0016 vf_loss=0.0027 entropy=17.2320 kl=0.0456
[Iter 454/488] steps=929792 reward=-0.64 pi_loss=0.0016 vf_loss=0.0027 entropy=17.3070 kl=0.0423
[Iter 455/488] steps=931840 reward=-0.63 pi_loss=-0.0355 vf_loss=0.0027 entropy=73.3382 kl=7.2378
  [Eval] mean_return=-0.61 std_return=0.07
[Iter 456/488] steps=933888 reward=-0.63 pi_loss=-0.0026 vf_loss=0.0024 entropy=29.4278 kl=2.7176
[Iter 457/488] steps=935936 reward=-0.62 pi_loss=-0.0032 vf_loss=0.0027 entropy=17.3741 kl=0.0658
[Iter 458/488] steps=937984 reward=-0.63 pi_loss=-0.0032 vf_loss=0.0024 entropy=17.3800 kl=0.0831
[Iter 459/488] steps=940032 reward=-0.64 pi_loss=-0.0008 vf_loss=0.0024 entropy=17.0418 kl=0.0290
  [Eval] mean_return=-0.62 std_return=0.10
[Iter 460/488] steps=942080 reward=-0.62 pi_loss=-0.0024 vf_loss=0.0025 entropy=17.2683 kl=0.0475
[Iter 461/488] steps=944128 reward=-0.63 pi_loss=-0.0028 vf_loss=0.0022 entropy=17.2254 kl=0.0593
[Iter 462/488] steps=946176 reward=-0.62 pi_loss=-0.0028 vf_loss=0.0024 entropy=34.4086 kl=2.9868
[Iter 463/488] steps=948224 reward=-0.64 pi_loss=-0.0033 vf_loss=0.0024 entropy=17.1743 kl=0.0384
[Iter 464/488] steps=950272 reward=-0.65 pi_loss=-0.0009 vf_loss=0.0021 entropy=21.8080 kl=1.0554
  [Eval] mean_return=-0.63 std_return=0.11
[Iter 465/488] steps=952320 reward=-0.63 pi_loss=-0.0025 vf_loss=0.0026 entropy=17.1615 kl=0.0524
[Iter 466/488] steps=954368 reward=-0.63 pi_loss=-0.0096 vf_loss=0.0024 entropy=47.9900 kl=4.5310
[Iter 467/488] steps=956416 reward=-0.63 pi_loss=-0.0027 vf_loss=0.0024 entropy=17.2599 kl=0.0330
[Iter 468/488] steps=958464 reward=-0.62 pi_loss=-0.0089 vf_loss=0.0025 entropy=34.5366 kl=3.3615
[Iter 469/488] steps=960512 reward=-0.64 pi_loss=-0.0009 vf_loss=0.0022 entropy=38.1141 kl=3.8345
  [Eval] mean_return=-0.67 std_return=0.14
[Iter 470/488] steps=962560 reward=-0.63 pi_loss=-0.0063 vf_loss=0.0024 entropy=17.1600 kl=0.0456
[Iter 471/488] steps=964608 reward=-0.63 pi_loss=-0.0044 vf_loss=0.0024 entropy=17.2584 kl=0.0357
[Iter 472/488] steps=966656 reward=-0.63 pi_loss=-0.0022 vf_loss=0.0021 entropy=17.1671 kl=0.0320
[Iter 473/488] steps=968704 reward=-0.64 pi_loss=-0.0023 vf_loss=0.0020 entropy=17.1478 kl=0.0230
[Iter 474/488] steps=970752 reward=-0.63 pi_loss=-0.0083 vf_loss=0.0023 entropy=29.8944 kl=3.2770
  [Eval] mean_return=-0.67 std_return=0.11
[Iter 475/488] steps=972800 reward=-0.63 pi_loss=-0.0024 vf_loss=0.0023 entropy=19.5900 kl=0.5827
[Iter 476/488] steps=974848 reward=-0.63 pi_loss=-0.0018 vf_loss=0.0024 entropy=17.1194 kl=0.0341
[Iter 477/488] steps=976896 reward=-0.63 pi_loss=-0.0055 vf_loss=0.0023 entropy=17.2196 kl=0.0241
[Iter 478/488] steps=978944 reward=-0.63 pi_loss=-0.0033 vf_loss=0.0025 entropy=17.1486 kl=0.0209
[Iter 479/488] steps=980992 reward=-0.62 pi_loss=-0.0029 vf_loss=0.0020 entropy=17.1342 kl=0.0272
  [Eval] mean_return=-0.65 std_return=0.06
[Iter 480/488] steps=983040 reward=-0.64 pi_loss=-0.0029 vf_loss=0.0023 entropy=17.0119 kl=0.0164
[Iter 481/488] steps=985088 reward=-0.63 pi_loss=-0.0031 vf_loss=0.0022 entropy=17.0791 kl=0.0224
[Iter 482/488] steps=987136 reward=-0.62 pi_loss=-0.0028 vf_loss=0.0021 entropy=17.0594 kl=0.0201
[Iter 483/488] steps=989184 reward=-0.64 pi_loss=-0.0026 vf_loss=0.0022 entropy=17.1107 kl=0.0133
[Iter 484/488] steps=991232 reward=-0.64 pi_loss=-0.0019 vf_loss=0.0022 entropy=17.0446 kl=0.0178
  [Eval] mean_return=-0.60 std_return=0.11
[Iter 485/488] steps=993280 reward=-0.63 pi_loss=-0.0043 vf_loss=0.0020 entropy=17.1281 kl=0.0230
[Iter 486/488] steps=995328 reward=-0.63 pi_loss=-0.0014 vf_loss=0.0024 entropy=17.0874 kl=0.0105
[Iter 487/488] steps=997376 reward=-0.63 pi_loss=-0.0017 vf_loss=0.0021 entropy=17.1526 kl=0.0099
[Iter 488/488] steps=999424 reward=-0.63 pi_loss=-0.0020 vf_loss=0.0021 entropy=17.0301 kl=0.0083
Training complete. Logs saved to results/8hr/hop_K4_kl_inverse/seed_42
