[Iter 1/488] steps=2048 reward=-518.84 pi_loss=-0.0355 vf_loss=33.3966 entropy=34.0603 kl=0.0123
[Iter 2/488] steps=4096 reward=-485.91 pi_loss=-0.0488 vf_loss=19.5253 entropy=33.9723 kl=0.0165
[Iter 3/488] steps=6144 reward=-473.48 pi_loss=-0.0534 vf_loss=21.0866 entropy=34.1642 kl=0.0195
[Iter 4/488] steps=8192 reward=-493.91 pi_loss=-0.0529 vf_loss=25.1836 entropy=34.0716 kl=0.0204
[Iter 5/488] steps=10240 reward=-447.27 pi_loss=-0.0556 vf_loss=15.1546 entropy=34.0652 kl=0.0236
  [Eval] mean_return=-262.15 std_return=50.94
[Iter 6/488] steps=12288 reward=-454.53 pi_loss=-0.0628 vf_loss=11.8689 entropy=34.0547 kl=0.0291
[Iter 7/488] steps=14336 reward=-497.51 pi_loss=-0.0619 vf_loss=18.8982 entropy=34.0955 kl=0.0316
[Iter 8/488] steps=16384 reward=-499.34 pi_loss=-0.0640 vf_loss=14.3266 entropy=34.1753 kl=0.0425
[Iter 9/488] steps=18432 reward=-436.83 pi_loss=-0.0637 vf_loss=18.2552 entropy=34.0665 kl=0.0348
[Iter 10/488] steps=20480 reward=-402.40 pi_loss=-0.0660 vf_loss=25.2662 entropy=34.1849 kl=0.0296
  [Eval] mean_return=-181.97 std_return=69.56
[Iter 11/488] steps=22528 reward=-538.52 pi_loss=-0.0668 vf_loss=25.2956 entropy=34.1099 kl=0.0378
[Iter 12/488] steps=24576 reward=-470.97 pi_loss=-0.0641 vf_loss=15.8235 entropy=34.0808 kl=0.0500
[Iter 13/488] steps=26624 reward=-436.68 pi_loss=-0.0638 vf_loss=16.8431 entropy=34.1270 kl=0.0497
[Iter 14/488] steps=28672 reward=-372.01 pi_loss=-0.0679 vf_loss=13.8875 entropy=34.0693 kl=0.0582
[Iter 15/488] steps=30720 reward=-453.47 pi_loss=-0.0672 vf_loss=14.2810 entropy=34.0983 kl=0.0503
  [Eval] mean_return=-185.21 std_return=46.24
[Iter 16/488] steps=32768 reward=-397.14 pi_loss=-0.0697 vf_loss=15.0850 entropy=34.2347 kl=0.0577
[Iter 17/488] steps=34816 reward=-398.14 pi_loss=-0.0689 vf_loss=23.1599 entropy=34.0488 kl=0.0255
[Iter 18/488] steps=36864 reward=-368.07 pi_loss=-0.0667 vf_loss=11.6202 entropy=34.0401 kl=0.0676
[Iter 19/488] steps=38912 reward=-428.02 pi_loss=-0.0702 vf_loss=19.0893 entropy=34.0287 kl=0.0275
[Iter 20/488] steps=40960 reward=-379.62 pi_loss=-0.0688 vf_loss=12.0011 entropy=34.1522 kl=0.0626
  [Eval] mean_return=-192.55 std_return=44.39
[Iter 21/488] steps=43008 reward=-336.32 pi_loss=-0.0673 vf_loss=11.1801 entropy=34.0947 kl=0.0674
[Iter 22/488] steps=45056 reward=-389.51 pi_loss=-0.0650 vf_loss=10.6432 entropy=34.2008 kl=0.0550
[Iter 23/488] steps=47104 reward=-303.04 pi_loss=-0.0655 vf_loss=12.0813 entropy=34.0953 kl=0.0495
[Iter 24/488] steps=49152 reward=-330.79 pi_loss=-0.0676 vf_loss=10.4802 entropy=34.2910 kl=0.0878
[Iter 25/488] steps=51200 reward=-330.30 pi_loss=-0.0731 vf_loss=12.2906 entropy=34.0190 kl=0.0629
  [Eval] mean_return=-161.62 std_return=22.19
[Iter 26/488] steps=53248 reward=-324.07 pi_loss=-0.0692 vf_loss=15.4103 entropy=34.0207 kl=0.0404
[Iter 27/488] steps=55296 reward=-314.42 pi_loss=-0.0752 vf_loss=12.0155 entropy=34.1770 kl=0.0578
[Iter 28/488] steps=57344 reward=-327.82 pi_loss=-0.0673 vf_loss=12.1567 entropy=34.0437 kl=0.0583
[Iter 29/488] steps=59392 reward=-400.14 pi_loss=-0.0692 vf_loss=18.0023 entropy=33.9932 kl=0.0570
[Iter 30/488] steps=61440 reward=-368.20 pi_loss=-0.0701 vf_loss=13.3665 entropy=34.1403 kl=0.0611
  [Eval] mean_return=-128.19 std_return=29.62
[Iter 31/488] steps=63488 reward=-330.70 pi_loss=-0.0617 vf_loss=9.5918 entropy=34.1872 kl=0.1231
[Iter 32/488] steps=65536 reward=-357.48 pi_loss=-0.0690 vf_loss=10.4213 entropy=33.9604 kl=0.0764
[Iter 33/488] steps=67584 reward=-302.66 pi_loss=-0.0738 vf_loss=18.4184 entropy=34.1997 kl=0.0399
[Iter 34/488] steps=69632 reward=-350.41 pi_loss=-0.0758 vf_loss=13.1649 entropy=34.0914 kl=0.0699
[Iter 35/488] steps=71680 reward=-361.83 pi_loss=-0.0697 vf_loss=9.7878 entropy=34.1744 kl=0.1040
  [Eval] mean_return=-110.76 std_return=52.39
[Iter 36/488] steps=73728 reward=-336.31 pi_loss=-0.0769 vf_loss=12.7209 entropy=34.1594 kl=0.0606
[Iter 37/488] steps=75776 reward=-305.83 pi_loss=-0.0749 vf_loss=10.3509 entropy=34.2146 kl=0.0920
[Iter 38/488] steps=77824 reward=-384.85 pi_loss=-0.0780 vf_loss=17.5554 entropy=34.0609 kl=0.0579
[Iter 39/488] steps=79872 reward=-273.45 pi_loss=-0.0757 vf_loss=12.6116 entropy=34.1234 kl=0.0663
[Iter 40/488] steps=81920 reward=-279.45 pi_loss=-0.0730 vf_loss=10.2652 entropy=34.0864 kl=0.1031
  [Eval] mean_return=-91.64 std_return=41.54
[Iter 41/488] steps=83968 reward=-305.52 pi_loss=-0.0763 vf_loss=10.0668 entropy=34.1103 kl=0.0958
[Iter 42/488] steps=86016 reward=-277.27 pi_loss=-0.0744 vf_loss=11.3131 entropy=34.1541 kl=0.0817
[Iter 43/488] steps=88064 reward=-273.71 pi_loss=-0.0678 vf_loss=10.2392 entropy=34.0145 kl=0.0911
[Iter 44/488] steps=90112 reward=-306.21 pi_loss=-0.0680 vf_loss=9.6862 entropy=34.3160 kl=0.1178
  [Eval] mean_return=-61.08 std_return=25.11
[Iter 45/488] steps=92160 reward=-296.28 pi_loss=-0.0777 vf_loss=13.9807 entropy=34.0226 kl=0.0512
[Iter 46/488] steps=94208 reward=-280.45 pi_loss=-0.0724 vf_loss=8.4783 entropy=34.0511 kl=0.1086
[Iter 47/488] steps=96256 reward=-302.16 pi_loss=-0.0768 vf_loss=10.3548 entropy=34.1194 kl=0.0785
[Iter 48/488] steps=98304 reward=-308.34 pi_loss=-0.0803 vf_loss=10.8975 entropy=34.1221 kl=0.0699
[Iter 49/488] steps=100352 reward=-168.52 pi_loss=-0.0766 vf_loss=15.4151 entropy=34.0794 kl=0.0533
  [Eval] mean_return=-6.79 std_return=21.09
[Iter 50/488] steps=102400 reward=-225.55 pi_loss=-0.0733 vf_loss=9.5452 entropy=34.1564 kl=0.0861
[Iter 51/488] steps=104448 reward=-340.57 pi_loss=-0.0764 vf_loss=16.5024 entropy=34.1264 kl=0.0555
[Iter 52/488] steps=106496 reward=-237.26 pi_loss=-0.0715 vf_loss=9.7298 entropy=34.0986 kl=0.0974
[Iter 53/488] steps=108544 reward=-245.96 pi_loss=-0.0702 vf_loss=10.0723 entropy=34.1309 kl=0.0971
[Iter 54/488] steps=110592 reward=-270.16 pi_loss=-0.0782 vf_loss=10.4644 entropy=34.1602 kl=0.0826
  [Eval] mean_return=-15.98 std_return=44.02
[Iter 55/488] steps=112640 reward=-178.51 pi_loss=-0.0756 vf_loss=9.7911 entropy=34.1138 kl=0.1009
[Iter 56/488] steps=114688 reward=-252.15 pi_loss=-0.0810 vf_loss=12.7797 entropy=33.9496 kl=0.0656
[Iter 57/488] steps=116736 reward=-325.70 pi_loss=-0.0813 vf_loss=15.8351 entropy=34.0934 kl=0.0670
[Iter 58/488] steps=118784 reward=-250.64 pi_loss=-0.0825 vf_loss=9.6864 entropy=34.1221 kl=0.0980
[Iter 59/488] steps=120832 reward=-231.74 pi_loss=-0.0710 vf_loss=8.3844 entropy=34.2034 kl=0.1679
  [Eval] mean_return=45.18 std_return=39.61
[Iter 60/488] steps=122880 reward=-167.90 pi_loss=-0.0841 vf_loss=8.4835 entropy=34.2462 kl=0.1213
[Iter 61/488] steps=124928 reward=-103.08 pi_loss=-0.0623 vf_loss=8.8271 entropy=34.1403 kl=0.1236
[Iter 62/488] steps=126976 reward=-171.32 pi_loss=-0.0851 vf_loss=8.4383 entropy=34.2091 kl=0.0991
[Iter 63/488] steps=129024 reward=-131.71 pi_loss=-0.0807 vf_loss=8.5356 entropy=34.1072 kl=0.1077
[Iter 64/488] steps=131072 reward=-166.17 pi_loss=-0.0847 vf_loss=8.7992 entropy=34.1462 kl=0.1006
  [Eval] mean_return=34.52 std_return=43.89
[Iter 65/488] steps=133120 reward=-144.76 pi_loss=-0.0872 vf_loss=8.4227 entropy=34.1613 kl=0.1046
[Iter 66/488] steps=135168 reward=-199.35 pi_loss=-0.0865 vf_loss=7.3225 entropy=34.1121 kl=0.1125
[Iter 67/488] steps=137216 reward=-178.40 pi_loss=-0.0778 vf_loss=6.2826 entropy=34.2280 kl=0.1282
[Iter 68/488] steps=139264 reward=-152.37 pi_loss=-0.0841 vf_loss=9.5917 entropy=34.0654 kl=0.0796
[Iter 69/488] steps=141312 reward=-226.17 pi_loss=-0.0744 vf_loss=11.8425 entropy=34.1396 kl=0.0886
  [Eval] mean_return=118.72 std_return=41.80
[Iter 70/488] steps=143360 reward=-278.14 pi_loss=-0.0788 vf_loss=18.7856 entropy=34.1488 kl=0.0489
[Iter 71/488] steps=145408 reward=-148.50 pi_loss=-0.0859 vf_loss=13.6472 entropy=34.1491 kl=0.0638
[Iter 72/488] steps=147456 reward=-150.69 pi_loss=-0.0810 vf_loss=8.6997 entropy=34.1573 kl=0.1067
[Iter 73/488] steps=149504 reward=-111.64 pi_loss=-0.0753 vf_loss=16.5458 entropy=34.2328 kl=0.0598
[Iter 74/488] steps=151552 reward=-122.85 pi_loss=-0.0803 vf_loss=10.6426 entropy=34.1249 kl=0.1066
  [Eval] mean_return=138.43 std_return=57.40
[Iter 75/488] steps=153600 reward=-69.17 pi_loss=-0.0758 vf_loss=6.6450 entropy=34.1087 kl=0.1931
[Iter 76/488] steps=155648 reward=-57.02 pi_loss=-0.0793 vf_loss=9.0659 entropy=34.2066 kl=0.1207
[Iter 77/488] steps=157696 reward=-45.92 pi_loss=-0.0827 vf_loss=10.3059 entropy=34.1584 kl=0.1157
[Iter 78/488] steps=159744 reward=-10.44 pi_loss=-0.0774 vf_loss=7.2242 entropy=34.1936 kl=0.1588
[Iter 79/488] steps=161792 reward=-115.78 pi_loss=-0.0778 vf_loss=9.9188 entropy=34.0712 kl=0.1059
  [Eval] mean_return=179.94 std_return=60.61
[Iter 80/488] steps=163840 reward=-118.33 pi_loss=-0.0804 vf_loss=11.7607 entropy=34.0828 kl=0.0822
[Iter 81/488] steps=165888 reward=6.57 pi_loss=-0.0776 vf_loss=7.4377 entropy=34.2372 kl=0.1276
[Iter 82/488] steps=167936 reward=-65.17 pi_loss=-0.0828 vf_loss=8.3623 entropy=34.2480 kl=0.0993
[Iter 83/488] steps=169984 reward=-123.33 pi_loss=-0.0755 vf_loss=13.6079 entropy=33.9496 kl=0.0641
[Iter 84/488] steps=172032 reward=-54.84 pi_loss=-0.0770 vf_loss=8.2717 entropy=34.1253 kl=0.1355
  [Eval] mean_return=205.40 std_return=98.89
[Iter 85/488] steps=174080 reward=-86.78 pi_loss=-0.0833 vf_loss=12.1124 entropy=34.0384 kl=0.0914
[Iter 86/488] steps=176128 reward=-62.81 pi_loss=-0.0826 vf_loss=13.0757 entropy=34.0731 kl=0.0796
[Iter 87/488] steps=178176 reward=-1.94 pi_loss=-0.0731 vf_loss=10.9672 entropy=34.1122 kl=0.1266
[Iter 88/488] steps=180224 reward=-32.37 pi_loss=-0.0813 vf_loss=10.3363 entropy=34.1252 kl=0.1445
  [Eval] mean_return=166.71 std_return=161.92
[Iter 89/488] steps=182272 reward=27.97 pi_loss=-0.0771 vf_loss=18.0073 entropy=33.9848 kl=0.1137
[Iter 90/488] steps=184320 reward=-50.99 pi_loss=-0.0738 vf_loss=10.2506 entropy=34.0846 kl=0.1386
[Iter 91/488] steps=186368 reward=-16.30 pi_loss=-0.0570 vf_loss=7.3929 entropy=34.3460 kl=0.2882
[Iter 92/488] steps=188416 reward=-27.88 pi_loss=-0.0712 vf_loss=6.5305 entropy=34.3708 kl=0.1925
[Iter 93/488] steps=190464 reward=-9.60 pi_loss=-0.0483 vf_loss=9.6842 entropy=34.2328 kl=0.1699
  [Eval] mean_return=257.41 std_return=72.23
[Iter 94/488] steps=192512 reward=-35.51 pi_loss=-0.0824 vf_loss=9.6595 entropy=33.9879 kl=0.0907
[Iter 95/488] steps=194560 reward=-62.03 pi_loss=-0.0821 vf_loss=18.6931 entropy=34.1181 kl=0.0798
[Iter 96/488] steps=196608 reward=61.64 pi_loss=-0.0665 vf_loss=8.3236 entropy=34.3206 kl=0.2055
[Iter 97/488] steps=198656 reward=74.72 pi_loss=-0.0731 vf_loss=6.7571 entropy=34.1593 kl=0.1716
[Iter 98/488] steps=200704 reward=40.70 pi_loss=-0.0792 vf_loss=13.4813 entropy=34.0794 kl=0.0706
  [Eval] mean_return=320.49 std_return=50.70
[Iter 99/488] steps=202752 reward=-17.90 pi_loss=-0.0820 vf_loss=8.0515 entropy=34.1469 kl=0.1767
[Iter 100/488] steps=204800 reward=29.43 pi_loss=-0.0809 vf_loss=7.9867 entropy=34.1846 kl=0.1637
[Iter 101/488] steps=206848 reward=62.35 pi_loss=-0.0839 vf_loss=10.0579 entropy=34.2928 kl=0.1139
[Iter 102/488] steps=208896 reward=1.67 pi_loss=-0.0817 vf_loss=11.2307 entropy=34.1022 kl=0.0924
[Iter 103/488] steps=210944 reward=-3.76 pi_loss=-0.0865 vf_loss=11.7957 entropy=34.0416 kl=0.0732
  [Eval] mean_return=286.84 std_return=43.70
[Iter 104/488] steps=212992 reward=6.43 pi_loss=-0.0788 vf_loss=18.1266 entropy=34.1698 kl=0.0619
[Iter 105/488] steps=215040 reward=62.29 pi_loss=-0.0775 vf_loss=8.6635 entropy=34.0561 kl=0.1823
[Iter 106/488] steps=217088 reward=79.26 pi_loss=-0.0802 vf_loss=9.7460 entropy=34.0750 kl=0.1524
[Iter 107/488] steps=219136 reward=103.35 pi_loss=-0.0781 vf_loss=9.7569 entropy=34.0786 kl=0.1194
[Iter 108/488] steps=221184 reward=168.99 pi_loss=-0.0783 vf_loss=8.9758 entropy=34.0942 kl=0.1504
  [Eval] mean_return=311.74 std_return=124.55
[Iter 109/488] steps=223232 reward=130.37 pi_loss=-0.0578 vf_loss=7.3228 entropy=34.2639 kl=0.2478
[Iter 110/488] steps=225280 reward=76.00 pi_loss=-0.0786 vf_loss=12.3872 entropy=34.1560 kl=0.0920
[Iter 111/488] steps=227328 reward=76.43 pi_loss=-0.0863 vf_loss=10.1210 entropy=34.1744 kl=0.1092
[Iter 112/488] steps=229376 reward=161.10 pi_loss=-0.0708 vf_loss=8.3818 entropy=34.2605 kl=0.1977
[Iter 113/488] steps=231424 reward=162.42 pi_loss=-0.0746 vf_loss=10.0998 entropy=34.2223 kl=0.1499
  [Eval] mean_return=405.99 std_return=130.20
[Iter 114/488] steps=233472 reward=118.93 pi_loss=-0.0771 vf_loss=8.7250 entropy=34.2277 kl=0.1597
[Iter 115/488] steps=235520 reward=32.11 pi_loss=-0.0830 vf_loss=18.8724 entropy=34.1246 kl=0.0598
[Iter 116/488] steps=237568 reward=204.03 pi_loss=-0.0819 vf_loss=13.2307 entropy=34.1772 kl=0.0945
[Iter 117/488] steps=239616 reward=77.77 pi_loss=-0.0784 vf_loss=17.5578 entropy=34.0919 kl=0.0769
[Iter 118/488] steps=241664 reward=135.90 pi_loss=-0.0745 vf_loss=12.3891 entropy=34.1519 kl=0.1322
  [Eval] mean_return=466.77 std_return=58.18
[Iter 119/488] steps=243712 reward=239.15 pi_loss=-0.0678 vf_loss=9.0437 entropy=34.1965 kl=0.2057
[Iter 120/488] steps=245760 reward=102.20 pi_loss=-0.0770 vf_loss=20.4460 entropy=34.0448 kl=0.0657
[Iter 121/488] steps=247808 reward=170.97 pi_loss=-0.0833 vf_loss=17.2534 entropy=34.1065 kl=0.0933
[Iter 122/488] steps=249856 reward=155.51 pi_loss=-0.0706 vf_loss=18.5851 entropy=34.1510 kl=0.1046
[Iter 123/488] steps=251904 reward=150.32 pi_loss=-0.0794 vf_loss=15.6788 entropy=34.1870 kl=0.1141
  [Eval] mean_return=476.81 std_return=43.44
[Iter 124/488] steps=253952 reward=174.18 pi_loss=-0.0790 vf_loss=21.7102 entropy=34.1386 kl=0.0940
[Iter 125/488] steps=256000 reward=189.69 pi_loss=-0.0787 vf_loss=18.8917 entropy=34.0327 kl=0.1226
[Iter 126/488] steps=258048 reward=287.72 pi_loss=-0.0721 vf_loss=15.3209 entropy=34.1005 kl=0.1540
[Iter 127/488] steps=260096 reward=293.65 pi_loss=-0.0615 vf_loss=13.5303 entropy=34.0826 kl=0.2813
  [Eval] mean_return=500.69 std_return=61.98
[Iter 128/488] steps=262144 reward=273.31 pi_loss=-0.0649 vf_loss=11.3376 entropy=34.1725 kl=0.1822
[Iter 129/488] steps=264192 reward=170.58 pi_loss=-0.0754 vf_loss=13.8876 entropy=33.9629 kl=0.1292
[Iter 130/488] steps=266240 reward=241.58 pi_loss=-0.0736 vf_loss=19.4140 entropy=33.9603 kl=0.0773
[Iter 131/488] steps=268288 reward=270.03 pi_loss=-0.0799 vf_loss=19.0260 entropy=34.2165 kl=0.1058
[Iter 132/488] steps=270336 reward=329.59 pi_loss=-0.0687 vf_loss=14.1413 entropy=34.1882 kl=0.1782
  [Eval] mean_return=557.77 std_return=42.01
[Iter 133/488] steps=272384 reward=226.62 pi_loss=-0.0575 vf_loss=16.5721 entropy=34.1938 kl=0.1649
[Iter 134/488] steps=274432 reward=307.13 pi_loss=-0.0641 vf_loss=18.4043 entropy=34.1508 kl=0.1554
[Iter 135/488] steps=276480 reward=239.87 pi_loss=-0.0747 vf_loss=24.4371 entropy=33.9946 kl=0.0690
[Iter 136/488] steps=278528 reward=197.74 pi_loss=-0.0800 vf_loss=20.7067 entropy=34.1458 kl=0.1023
[Iter 137/488] steps=280576 reward=250.29 pi_loss=-0.0758 vf_loss=22.6110 entropy=34.1975 kl=0.1115
  [Eval] mean_return=496.50 std_return=114.33
[Iter 138/488] steps=282624 reward=208.85 pi_loss=-0.0749 vf_loss=18.2127 entropy=34.1270 kl=0.1103
[Iter 139/488] steps=284672 reward=295.98 pi_loss=-0.0650 vf_loss=22.3603 entropy=34.0683 kl=0.0996
[Iter 140/488] steps=286720 reward=309.93 pi_loss=-0.0459 vf_loss=20.9023 entropy=34.4004 kl=0.3317
[Iter 141/488] steps=288768 reward=323.63 pi_loss=-0.0533 vf_loss=13.6740 entropy=34.2397 kl=0.2272
[Iter 142/488] steps=290816 reward=279.22 pi_loss=-0.0718 vf_loss=23.9295 entropy=34.1709 kl=0.1119
  [Eval] mean_return=552.71 std_return=96.85
[Iter 143/488] steps=292864 reward=141.94 pi_loss=-0.0796 vf_loss=24.4429 entropy=34.0372 kl=0.0741
[Iter 144/488] steps=294912 reward=234.78 pi_loss=-0.0690 vf_loss=20.7273 entropy=34.1960 kl=0.1176
[Iter 145/488] steps=296960 reward=170.46 pi_loss=-0.0588 vf_loss=23.2615 entropy=34.2213 kl=0.1565
[Iter 146/488] steps=299008 reward=269.79 pi_loss=-0.0558 vf_loss=22.4324 entropy=34.2559 kl=0.2272
[Iter 147/488] steps=301056 reward=323.31 pi_loss=-0.0690 vf_loss=18.6546 entropy=34.1858 kl=0.1582
  [Eval] mean_return=540.77 std_return=124.50
[Iter 148/488] steps=303104 reward=248.82 pi_loss=-0.0711 vf_loss=20.0096 entropy=34.2584 kl=0.1044
[Iter 149/488] steps=305152 reward=276.98 pi_loss=-0.0693 vf_loss=17.8411 entropy=34.1969 kl=0.1742
[Iter 150/488] steps=307200 reward=319.12 pi_loss=-0.0618 vf_loss=16.6125 entropy=34.2007 kl=0.1746
[Iter 151/488] steps=309248 reward=369.79 pi_loss=-0.0558 vf_loss=17.8914 entropy=34.2165 kl=0.1866
[Iter 152/488] steps=311296 reward=235.03 pi_loss=-0.0731 vf_loss=36.7979 entropy=34.2685 kl=0.0535
  [Eval] mean_return=591.47 std_return=127.03
[Iter 153/488] steps=313344 reward=398.87 pi_loss=-0.0567 vf_loss=15.2071 entropy=34.2270 kl=0.2311
[Iter 154/488] steps=315392 reward=329.52 pi_loss=-0.0724 vf_loss=18.9933 entropy=34.0589 kl=0.1251
[Iter 155/488] steps=317440 reward=318.51 pi_loss=-0.0444 vf_loss=19.2360 entropy=34.0637 kl=0.2649
[Iter 156/488] steps=319488 reward=267.54 pi_loss=-0.0726 vf_loss=30.9359 entropy=33.9754 kl=0.0804
[Iter 157/488] steps=321536 reward=411.49 pi_loss=-0.0551 vf_loss=15.8127 entropy=34.1457 kl=0.1653
  [Eval] mean_return=663.24 std_return=45.66
[Iter 158/488] steps=323584 reward=216.87 pi_loss=-0.0716 vf_loss=27.4277 entropy=34.0491 kl=0.1141
[Iter 159/488] steps=325632 reward=471.37 pi_loss=-0.0569 vf_loss=15.5555 entropy=34.0679 kl=0.2107
[Iter 160/488] steps=327680 reward=424.24 pi_loss=-0.0704 vf_loss=16.4050 entropy=34.0720 kl=0.1205
[Iter 161/488] steps=329728 reward=428.89 pi_loss=-0.0585 vf_loss=17.3294 entropy=34.2381 kl=0.1937
[Iter 162/488] steps=331776 reward=364.85 pi_loss=-0.0700 vf_loss=21.9108 entropy=34.1996 kl=0.1070
  [Eval] mean_return=627.34 std_return=60.91
[Iter 163/488] steps=333824 reward=428.21 pi_loss=-0.0680 vf_loss=17.4063 entropy=34.1642 kl=0.1585
[Iter 164/488] steps=335872 reward=352.30 pi_loss=-0.0725 vf_loss=25.0881 entropy=34.0315 kl=0.1113
[Iter 165/488] steps=337920 reward=435.11 pi_loss=-0.0626 vf_loss=28.8402 entropy=34.2811 kl=0.1216
[Iter 166/488] steps=339968 reward=377.29 pi_loss=-0.0537 vf_loss=18.5094 entropy=34.2297 kl=0.1547
[Iter 167/488] steps=342016 reward=519.51 pi_loss=-0.0558 vf_loss=17.3985 entropy=34.2682 kl=0.1730
  [Eval] mean_return=657.30 std_return=94.28
[Iter 168/488] steps=344064 reward=439.06 pi_loss=-0.0670 vf_loss=25.0331 entropy=34.1938 kl=0.0791
[Iter 169/488] steps=346112 reward=464.01 pi_loss=-0.0615 vf_loss=18.7960 entropy=34.1194 kl=0.1893
[Iter 170/488] steps=348160 reward=446.11 pi_loss=-0.0669 vf_loss=20.5982 entropy=34.0353 kl=0.1206
[Iter 171/488] steps=350208 reward=299.34 pi_loss=-0.0682 vf_loss=28.0960 entropy=33.9726 kl=0.0859
  [Eval] mean_return=630.62 std_return=138.79
[Iter 172/488] steps=352256 reward=464.39 pi_loss=-0.0563 vf_loss=23.1215 entropy=34.2143 kl=0.2243
[Iter 173/488] steps=354304 reward=440.53 pi_loss=-0.0642 vf_loss=23.6272 entropy=34.0857 kl=0.1019
[Iter 174/488] steps=356352 reward=528.51 pi_loss=-0.0534 vf_loss=22.5466 entropy=34.1740 kl=0.1566
[Iter 175/488] steps=358400 reward=360.84 pi_loss=-0.0708 vf_loss=27.9216 entropy=34.2811 kl=0.1094
[Iter 176/488] steps=360448 reward=417.64 pi_loss=-0.0538 vf_loss=20.7470 entropy=34.3172 kl=0.1635
  [Eval] mean_return=546.17 std_return=248.61
[Iter 177/488] steps=362496 reward=430.12 pi_loss=-0.0673 vf_loss=25.5810 entropy=34.2170 kl=0.1159
[Iter 178/488] steps=364544 reward=580.94 pi_loss=-0.0513 vf_loss=24.0381 entropy=34.1954 kl=0.1559
[Iter 179/488] steps=366592 reward=404.52 pi_loss=-0.0640 vf_loss=27.7665 entropy=34.1932 kl=0.0910
[Iter 180/488] steps=368640 reward=541.05 pi_loss=-0.0544 vf_loss=22.3986 entropy=34.0109 kl=0.1672
[Iter 181/488] steps=370688 reward=516.06 pi_loss=-0.0480 vf_loss=25.2534 entropy=34.0553 kl=0.1765
  [Eval] mean_return=624.64 std_return=170.43
[Iter 182/488] steps=372736 reward=580.97 pi_loss=-0.0320 vf_loss=20.4941 entropy=34.2140 kl=0.3038
[Iter 183/488] steps=374784 reward=382.93 pi_loss=-0.0614 vf_loss=31.1485 entropy=34.0963 kl=0.1095
[Iter 184/488] steps=376832 reward=557.40 pi_loss=-0.0539 vf_loss=21.8445 entropy=34.1088 kl=0.1545
[Iter 185/488] steps=378880 reward=479.20 pi_loss=-0.0398 vf_loss=20.0936 entropy=34.2945 kl=0.1996
[Iter 186/488] steps=380928 reward=555.35 pi_loss=-0.0576 vf_loss=20.0919 entropy=34.2476 kl=0.1483
  [Eval] mean_return=672.63 std_return=73.38
[Iter 187/488] steps=382976 reward=365.48 pi_loss=-0.0690 vf_loss=29.9542 entropy=34.1671 kl=0.0690
[Iter 188/488] steps=385024 reward=465.19 pi_loss=-0.0499 vf_loss=19.8222 entropy=34.1470 kl=0.1919
[Iter 189/488] steps=387072 reward=532.75 pi_loss=-0.0563 vf_loss=22.7358 entropy=34.0744 kl=0.1512
[Iter 190/488] steps=389120 reward=466.99 pi_loss=-0.0676 vf_loss=27.9008 entropy=34.0779 kl=0.0866
[Iter 191/488] steps=391168 reward=479.67 pi_loss=-0.0717 vf_loss=22.7629 entropy=34.2222 kl=0.1256
  [Eval] mean_return=644.52 std_return=136.15
[Iter 192/488] steps=393216 reward=510.13 pi_loss=-0.0560 vf_loss=19.9795 entropy=34.1660 kl=0.1431
[Iter 193/488] steps=395264 reward=460.49 pi_loss=-0.0644 vf_loss=32.0434 entropy=34.0879 kl=0.0851
[Iter 194/488] steps=397312 reward=521.44 pi_loss=-0.0585 vf_loss=23.3355 entropy=34.2010 kl=0.1361
[Iter 195/488] steps=399360 reward=595.35 pi_loss=-0.0318 vf_loss=20.9311 entropy=34.3423 kl=0.3021
[Iter 196/488] steps=401408 reward=449.21 pi_loss=-0.0673 vf_loss=42.3392 entropy=34.0090 kl=0.0548
  [Eval] mean_return=701.69 std_return=118.51
[Iter 197/488] steps=403456 reward=536.68 pi_loss=-0.0475 vf_loss=25.4830 entropy=34.1364 kl=0.1731
[Iter 198/488] steps=405504 reward=457.44 pi_loss=-0.0701 vf_loss=29.3351 entropy=34.0838 kl=0.0877
[Iter 199/488] steps=407552 reward=522.17 pi_loss=-0.0644 vf_loss=27.2958 entropy=34.2322 kl=0.1201
[Iter 200/488] steps=409600 reward=618.20 pi_loss=-0.0544 vf_loss=28.1520 entropy=34.0418 kl=0.1339
[Iter 201/488] steps=411648 reward=555.31 pi_loss=-0.0542 vf_loss=22.2174 entropy=34.3010 kl=0.1701
  [Eval] mean_return=707.81 std_return=82.69
[Iter 202/488] steps=413696 reward=288.96 pi_loss=-0.0776 vf_loss=35.3289 entropy=33.9928 kl=0.0631
[Iter 203/488] steps=415744 reward=564.44 pi_loss=-0.0633 vf_loss=26.6545 entropy=34.0616 kl=0.1547
[Iter 204/488] steps=417792 reward=337.04 pi_loss=-0.0807 vf_loss=43.7516 entropy=34.2089 kl=0.0621
[Iter 205/488] steps=419840 reward=542.10 pi_loss=-0.0544 vf_loss=24.2401 entropy=34.0347 kl=0.1497
[Iter 206/488] steps=421888 reward=635.01 pi_loss=0.0076 vf_loss=20.9954 entropy=34.7467 kl=0.5665
  [Eval] mean_return=709.42 std_return=120.24
[Iter 207/488] steps=423936 reward=536.63 pi_loss=-0.0548 vf_loss=25.8019 entropy=34.1499 kl=0.1101
[Iter 208/488] steps=425984 reward=642.56 pi_loss=-0.0363 vf_loss=20.2128 entropy=34.4360 kl=0.3239
[Iter 209/488] steps=428032 reward=563.08 pi_loss=-0.0709 vf_loss=21.7195 entropy=34.1750 kl=0.1154
[Iter 210/488] steps=430080 reward=496.29 pi_loss=-0.0645 vf_loss=28.5140 entropy=34.1601 kl=0.0905
  [Eval] mean_return=692.07 std_return=168.74
[Iter 211/488] steps=432128 reward=593.07 pi_loss=-0.0473 vf_loss=24.2711 entropy=34.2378 kl=0.1749
[Iter 212/488] steps=434176 reward=562.87 pi_loss=-0.0617 vf_loss=28.5257 entropy=34.1443 kl=0.1006
[Iter 213/488] steps=436224 reward=524.98 pi_loss=-0.0655 vf_loss=31.4666 entropy=34.1712 kl=0.0986
[Iter 214/488] steps=438272 reward=591.87 pi_loss=-0.0649 vf_loss=25.5545 entropy=33.9655 kl=0.1077
[Iter 215/488] steps=440320 reward=584.26 pi_loss=-0.0450 vf_loss=26.3845 entropy=34.1146 kl=0.2041
  [Eval] mean_return=748.40 std_return=84.55
[Iter 216/488] steps=442368 reward=623.61 pi_loss=-0.0614 vf_loss=23.3854 entropy=34.1402 kl=0.1385
[Iter 217/488] steps=444416 reward=641.83 pi_loss=-0.0580 vf_loss=24.5918 entropy=34.1006 kl=0.1365
[Iter 218/488] steps=446464 reward=594.52 pi_loss=-0.0504 vf_loss=19.9821 entropy=34.0630 kl=0.1665
[Iter 219/488] steps=448512 reward=416.32 pi_loss=-0.0713 vf_loss=38.9892 entropy=34.0061 kl=0.0554
[Iter 220/488] steps=450560 reward=480.62 pi_loss=-0.0777 vf_loss=34.1393 entropy=33.9813 kl=0.0605
  [Eval] mean_return=696.65 std_return=174.63
[Iter 221/488] steps=452608 reward=503.65 pi_loss=-0.0725 vf_loss=33.5839 entropy=33.9936 kl=0.0728
[Iter 222/488] steps=454656 reward=524.45 pi_loss=-0.0717 vf_loss=34.3110 entropy=33.9746 kl=0.0742
[Iter 223/488] steps=456704 reward=659.70 pi_loss=-0.0440 vf_loss=25.3868 entropy=34.2322 kl=0.1830
[Iter 224/488] steps=458752 reward=443.61 pi_loss=-0.0740 vf_loss=41.2006 entropy=34.0539 kl=0.0602
[Iter 225/488] steps=460800 reward=535.89 pi_loss=-0.0657 vf_loss=37.4871 entropy=34.1165 kl=0.0705
  [Eval] mean_return=721.76 std_return=126.60
[Iter 226/488] steps=462848 reward=519.39 pi_loss=-0.0712 vf_loss=44.0873 entropy=34.1233 kl=0.0679
[Iter 227/488] steps=464896 reward=621.77 pi_loss=-0.0601 vf_loss=36.0463 entropy=34.0664 kl=0.0969
[Iter 228/488] steps=466944 reward=625.84 pi_loss=-0.0564 vf_loss=28.0338 entropy=34.2165 kl=0.1609
[Iter 229/488] steps=468992 reward=571.53 pi_loss=-0.0612 vf_loss=37.3685 entropy=34.0989 kl=0.0983
[Iter 230/488] steps=471040 reward=415.45 pi_loss=-0.0673 vf_loss=46.5839 entropy=34.1904 kl=0.0698
  [Eval] mean_return=765.53 std_return=98.78
[Iter 231/488] steps=473088 reward=384.73 pi_loss=-0.0774 vf_loss=49.1699 entropy=34.0949 kl=0.0861
[Iter 232/488] steps=475136 reward=549.29 pi_loss=-0.0654 vf_loss=42.0284 entropy=34.0933 kl=0.1078
[Iter 233/488] steps=477184 reward=562.95 pi_loss=-0.0598 vf_loss=49.8012 entropy=34.0998 kl=0.0913
[Iter 234/488] steps=479232 reward=518.87 pi_loss=-0.0503 vf_loss=41.2958 entropy=34.1644 kl=0.1233
[Iter 235/488] steps=481280 reward=680.61 pi_loss=-0.0546 vf_loss=38.3600 entropy=34.1100 kl=0.1373
  [Eval] mean_return=769.53 std_return=103.77
[Iter 236/488] steps=483328 reward=359.75 pi_loss=-0.0720 vf_loss=54.3995 entropy=33.9865 kl=0.0674
[Iter 237/488] steps=485376 reward=701.45 pi_loss=-0.0308 vf_loss=27.9072 entropy=34.3287 kl=0.2926
[Iter 238/488] steps=487424 reward=659.77 pi_loss=0.0038 vf_loss=27.2787 entropy=34.7584 kl=0.6940
[Iter 239/488] steps=489472 reward=617.19 pi_loss=-0.0709 vf_loss=52.4114 entropy=34.0991 kl=0.0560
[Iter 240/488] steps=491520 reward=268.26 pi_loss=-0.0744 vf_loss=56.5851 entropy=34.1592 kl=0.0483
  [Eval] mean_return=746.39 std_return=128.72
[Iter 241/488] steps=493568 reward=675.26 pi_loss=-0.0435 vf_loss=26.6543 entropy=34.3293 kl=0.1732
[Iter 242/488] steps=495616 reward=564.34 pi_loss=-0.0655 vf_loss=43.3218 entropy=34.1911 kl=0.0897
[Iter 243/488] steps=497664 reward=609.70 pi_loss=-0.0601 vf_loss=33.7500 entropy=33.9633 kl=0.1043
[Iter 244/488] steps=499712 reward=632.99 pi_loss=-0.0631 vf_loss=38.1167 entropy=34.1531 kl=0.0931
[Iter 245/488] steps=501760 reward=574.04 pi_loss=-0.0668 vf_loss=56.8960 entropy=34.0534 kl=0.0600
  [Eval] mean_return=813.62 std_return=50.44
[Iter 246/488] steps=503808 reward=544.62 pi_loss=-0.0665 vf_loss=57.6488 entropy=33.9864 kl=0.0490
[Iter 247/488] steps=505856 reward=689.08 pi_loss=-0.0547 vf_loss=35.7572 entropy=34.2431 kl=0.1397
[Iter 248/488] steps=507904 reward=639.93 pi_loss=-0.0608 vf_loss=57.9469 entropy=34.0973 kl=0.0571
[Iter 249/488] steps=509952 reward=495.43 pi_loss=-0.0582 vf_loss=47.3556 entropy=34.0463 kl=0.1034
[Iter 250/488] steps=512000 reward=742.97 pi_loss=-0.0440 vf_loss=32.6381 entropy=34.0719 kl=0.1599
  [Eval] mean_return=780.85 std_return=98.54
[Iter 251/488] steps=514048 reward=675.35 pi_loss=-0.0178 vf_loss=27.3050 entropy=34.2926 kl=0.3076
[Iter 252/488] steps=516096 reward=639.74 pi_loss=-0.0358 vf_loss=30.5176 entropy=34.1973 kl=0.1891
[Iter 253/488] steps=518144 reward=708.95 pi_loss=-0.0609 vf_loss=31.6748 entropy=34.0737 kl=0.1021
[Iter 254/488] steps=520192 reward=724.02 pi_loss=-0.0548 vf_loss=27.2743 entropy=34.2378 kl=0.1216
  [Eval] mean_return=755.77 std_return=131.77
[Iter 255/488] steps=522240 reward=655.73 pi_loss=-0.0503 vf_loss=29.0207 entropy=34.2551 kl=0.1200
[Iter 256/488] steps=524288 reward=655.38 pi_loss=-0.0590 vf_loss=31.5014 entropy=34.1129 kl=0.0898
[Iter 257/488] steps=526336 reward=686.39 pi_loss=-0.0626 vf_loss=31.7726 entropy=34.1609 kl=0.0845
[Iter 258/488] steps=528384 reward=669.77 pi_loss=-0.0559 vf_loss=30.6633 entropy=34.0990 kl=0.1016
[Iter 259/488] steps=530432 reward=718.42 pi_loss=-0.0440 vf_loss=26.7299 entropy=34.1122 kl=0.1530
  [Eval] mean_return=749.26 std_return=81.31
[Iter 260/488] steps=532480 reward=716.52 pi_loss=-0.0484 vf_loss=34.1044 entropy=34.1599 kl=0.1080
[Iter 261/488] steps=534528 reward=614.17 pi_loss=-0.0700 vf_loss=45.3610 entropy=34.0935 kl=0.0609
[Iter 262/488] steps=536576 reward=708.44 pi_loss=-0.0627 vf_loss=37.0891 entropy=34.0445 kl=0.0892
[Iter 263/488] steps=538624 reward=726.70 pi_loss=-0.0596 vf_loss=30.2661 entropy=34.1735 kl=0.0838
[Iter 264/488] steps=540672 reward=721.39 pi_loss=-0.0614 vf_loss=29.9080 entropy=34.1762 kl=0.1072
  [Eval] mean_return=772.31 std_return=123.97
[Iter 265/488] steps=542720 reward=541.33 pi_loss=-0.0735 vf_loss=36.6974 entropy=33.9969 kl=0.0792
[Iter 266/488] steps=544768 reward=371.75 pi_loss=-0.0750 vf_loss=50.5663 entropy=34.0879 kl=0.0521
[Iter 267/488] steps=546816 reward=848.40 pi_loss=-0.0527 vf_loss=28.0935 entropy=34.0987 kl=0.1496
[Iter 268/488] steps=548864 reward=698.24 pi_loss=-0.0635 vf_loss=35.5263 entropy=34.2029 kl=0.0893
[Iter 269/488] steps=550912 reward=602.76 pi_loss=-0.0640 vf_loss=41.3846 entropy=34.1478 kl=0.0670
  [Eval] mean_return=757.88 std_return=98.42
[Iter 270/488] steps=552960 reward=529.94 pi_loss=-0.0691 vf_loss=39.6071 entropy=34.1888 kl=0.0731
[Iter 271/488] steps=555008 reward=738.96 pi_loss=-0.0564 vf_loss=35.2195 entropy=34.2133 kl=0.1040
[Iter 272/488] steps=557056 reward=731.65 pi_loss=-0.0539 vf_loss=34.7632 entropy=34.1599 kl=0.1214
[Iter 273/488] steps=559104 reward=631.02 pi_loss=-0.0634 vf_loss=39.8913 entropy=34.2121 kl=0.0811
[Iter 274/488] steps=561152 reward=541.16 pi_loss=-0.0633 vf_loss=46.0479 entropy=34.0375 kl=0.0657
  [Eval] mean_return=784.79 std_return=58.68
[Iter 275/488] steps=563200 reward=756.46 pi_loss=-0.0512 vf_loss=34.7672 entropy=34.1454 kl=0.1066
[Iter 276/488] steps=565248 reward=590.55 pi_loss=-0.0608 vf_loss=49.9139 entropy=34.1530 kl=0.0770
[Iter 277/488] steps=567296 reward=693.94 pi_loss=-0.0566 vf_loss=41.6174 entropy=34.2197 kl=0.0939
[Iter 278/488] steps=569344 reward=782.98 pi_loss=-0.0475 vf_loss=33.0372 entropy=34.1668 kl=0.1690
[Iter 279/488] steps=571392 reward=730.82 pi_loss=-0.0541 vf_loss=34.6969 entropy=34.1850 kl=0.1069
  [Eval] mean_return=751.76 std_return=137.78
[Iter 280/488] steps=573440 reward=511.76 pi_loss=-0.0629 vf_loss=45.3758 entropy=34.1601 kl=0.0731
[Iter 281/488] steps=575488 reward=660.40 pi_loss=-0.0654 vf_loss=42.4745 entropy=34.0675 kl=0.0827
[Iter 282/488] steps=577536 reward=673.00 pi_loss=-0.0607 vf_loss=41.6997 entropy=34.0124 kl=0.0906
[Iter 283/488] steps=579584 reward=719.73 pi_loss=-0.0376 vf_loss=37.9384 entropy=34.1990 kl=0.1930
[Iter 284/488] steps=581632 reward=658.24 pi_loss=-0.0495 vf_loss=36.3585 entropy=34.0736 kl=0.1083
  [Eval] mean_return=793.79 std_return=90.57
[Iter 285/488] steps=583680 reward=754.36 pi_loss=-0.0523 vf_loss=35.8316 entropy=34.1060 kl=0.1091
[Iter 286/488] steps=585728 reward=555.83 pi_loss=-0.0622 vf_loss=46.7657 entropy=34.0240 kl=0.0783
[Iter 287/488] steps=587776 reward=750.21 pi_loss=-0.0543 vf_loss=50.0006 entropy=34.0056 kl=0.0706
[Iter 288/488] steps=589824 reward=810.79 pi_loss=0.0035 vf_loss=36.4448 entropy=34.6555 kl=0.5834
[Iter 289/488] steps=591872 reward=743.71 pi_loss=-0.0665 vf_loss=41.2117 entropy=34.0593 kl=0.0773
  [Eval] mean_return=776.22 std_return=119.56
[Iter 290/488] steps=593920 reward=413.16 pi_loss=-0.0657 vf_loss=63.6084 entropy=34.0714 kl=0.0351
[Iter 291/488] steps=595968 reward=688.36 pi_loss=-0.0640 vf_loss=41.2695 entropy=34.0430 kl=0.0757
[Iter 292/488] steps=598016 reward=461.15 pi_loss=-0.0733 vf_loss=58.7865 entropy=34.1089 kl=0.0484
[Iter 293/488] steps=600064 reward=744.42 pi_loss=-0.0561 vf_loss=36.1088 entropy=34.1608 kl=0.1057
  [Eval] mean_return=792.12 std_return=214.37
[Iter 294/488] steps=602112 reward=519.81 pi_loss=-0.0658 vf_loss=43.6782 entropy=34.0817 kl=0.0603
[Iter 295/488] steps=604160 reward=830.05 pi_loss=-0.0511 vf_loss=46.5644 entropy=34.0869 kl=0.1117
[Iter 296/488] steps=606208 reward=660.62 pi_loss=-0.0629 vf_loss=45.2467 entropy=34.1373 kl=0.0813
[Iter 297/488] steps=608256 reward=754.37 pi_loss=-0.0651 vf_loss=44.5058 entropy=34.2088 kl=0.0696
[Iter 298/488] steps=610304 reward=266.16 pi_loss=-0.0783 vf_loss=79.6731 entropy=34.0968 kl=0.0444
  [Eval] mean_return=834.33 std_return=121.93
[Iter 299/488] steps=612352 reward=290.31 pi_loss=-0.0738 vf_loss=70.0346 entropy=34.1350 kl=0.0530
[Iter 300/488] steps=614400 reward=576.72 pi_loss=-0.0574 vf_loss=56.7799 entropy=34.0281 kl=0.0948
[Iter 301/488] steps=616448 reward=791.32 pi_loss=-0.0083 vf_loss=39.6698 entropy=34.6492 kl=0.5516
[Iter 302/488] steps=618496 reward=682.82 pi_loss=-0.0648 vf_loss=47.3666 entropy=34.1818 kl=0.0715
[Iter 303/488] steps=620544 reward=679.35 pi_loss=-0.0681 vf_loss=51.2578 entropy=34.0548 kl=0.0667
  [Eval] mean_return=677.76 std_return=187.58
[Iter 304/488] steps=622592 reward=734.91 pi_loss=-0.0602 vf_loss=47.5350 entropy=34.1002 kl=0.0873
[Iter 305/488] steps=624640 reward=725.33 pi_loss=-0.0693 vf_loss=54.2386 entropy=34.0216 kl=0.0638
[Iter 306/488] steps=626688 reward=726.20 pi_loss=-0.0534 vf_loss=33.8471 entropy=34.1863 kl=0.1190
[Iter 307/488] steps=628736 reward=729.20 pi_loss=-0.0642 vf_loss=49.4213 entropy=34.1822 kl=0.0640
[Iter 308/488] steps=630784 reward=744.23 pi_loss=-0.0583 vf_loss=48.3481 entropy=34.1576 kl=0.0844
  [Eval] mean_return=757.92 std_return=330.51
[Iter 309/488] steps=632832 reward=794.56 pi_loss=-0.0597 vf_loss=42.4536 entropy=34.1698 kl=0.1022
[Iter 310/488] steps=634880 reward=751.05 pi_loss=-0.0589 vf_loss=38.3926 entropy=34.0196 kl=0.0905
[Iter 311/488] steps=636928 reward=688.28 pi_loss=-0.0671 vf_loss=62.4642 entropy=34.0608 kl=0.0478
[Iter 312/488] steps=638976 reward=685.58 pi_loss=-0.0670 vf_loss=46.0861 entropy=34.0776 kl=0.0735
[Iter 313/488] steps=641024 reward=687.20 pi_loss=-0.0567 vf_loss=33.2567 entropy=34.1614 kl=0.1488
  [Eval] mean_return=747.80 std_return=106.64
[Iter 314/488] steps=643072 reward=577.55 pi_loss=-0.0688 vf_loss=50.7062 entropy=34.1835 kl=0.0496
[Iter 315/488] steps=645120 reward=765.40 pi_loss=-0.0440 vf_loss=41.7110 entropy=34.1823 kl=0.1249
[Iter 316/488] steps=647168 reward=643.50 pi_loss=-0.0659 vf_loss=42.8766 entropy=34.1039 kl=0.0731
[Iter 317/488] steps=649216 reward=635.09 pi_loss=-0.0693 vf_loss=40.5022 entropy=34.0084 kl=0.0628
[Iter 318/488] steps=651264 reward=657.66 pi_loss=-0.0681 vf_loss=51.0687 entropy=33.9113 kl=0.0451
  [Eval] mean_return=814.83 std_return=158.42
[Iter 319/488] steps=653312 reward=670.86 pi_loss=-0.0665 vf_loss=58.6654 entropy=34.1403 kl=0.0512
[Iter 320/488] steps=655360 reward=657.29 pi_loss=-0.0583 vf_loss=37.2168 entropy=34.0844 kl=0.0887
[Iter 321/488] steps=657408 reward=601.14 pi_loss=-0.0580 vf_loss=45.3607 entropy=34.0449 kl=0.0835
[Iter 322/488] steps=659456 reward=686.21 pi_loss=-0.0610 vf_loss=38.2721 entropy=34.2530 kl=0.0906
[Iter 323/488] steps=661504 reward=486.57 pi_loss=-0.0668 vf_loss=59.2014 entropy=34.0597 kl=0.0349
  [Eval] mean_return=777.70 std_return=104.75
[Iter 324/488] steps=663552 reward=630.12 pi_loss=-0.0693 vf_loss=53.6461 entropy=34.0114 kl=0.0496
[Iter 325/488] steps=665600 reward=700.85 pi_loss=-0.0671 vf_loss=47.2850 entropy=33.9571 kl=0.0585
[Iter 326/488] steps=667648 reward=769.86 pi_loss=-0.0609 vf_loss=46.5443 entropy=33.9617 kl=0.0747
[Iter 327/488] steps=669696 reward=739.58 pi_loss=-0.0613 vf_loss=45.0983 entropy=34.2311 kl=0.0878
[Iter 328/488] steps=671744 reward=822.39 pi_loss=-0.0600 vf_loss=47.6039 entropy=33.8387 kl=0.0597
  [Eval] mean_return=799.89 std_return=103.64
[Iter 329/488] steps=673792 reward=612.90 pi_loss=-0.0611 vf_loss=50.1945 entropy=34.1712 kl=0.0668
[Iter 330/488] steps=675840 reward=830.95 pi_loss=-0.0577 vf_loss=39.2770 entropy=34.1768 kl=0.0856
[Iter 331/488] steps=677888 reward=789.26 pi_loss=-0.0606 vf_loss=41.0017 entropy=33.9332 kl=0.1011
[Iter 332/488] steps=679936 reward=719.48 pi_loss=-0.0618 vf_loss=39.9921 entropy=34.1590 kl=0.0859
[Iter 333/488] steps=681984 reward=671.31 pi_loss=-0.0595 vf_loss=43.6148 entropy=34.0717 kl=0.0827
  [Eval] mean_return=859.48 std_return=94.62
[Iter 334/488] steps=684032 reward=792.51 pi_loss=-0.0655 vf_loss=45.4044 entropy=34.1807 kl=0.0673
[Iter 335/488] steps=686080 reward=780.53 pi_loss=-0.0594 vf_loss=39.3023 entropy=34.0131 kl=0.0849
[Iter 336/488] steps=688128 reward=799.79 pi_loss=-0.0522 vf_loss=33.0028 entropy=34.2278 kl=0.1061
[Iter 337/488] steps=690176 reward=827.04 pi_loss=-0.0594 vf_loss=40.3757 entropy=33.9200 kl=0.0740
  [Eval] mean_return=849.37 std_return=86.26
[Iter 338/488] steps=692224 reward=378.11 pi_loss=-0.0703 vf_loss=65.0715 entropy=34.0392 kl=0.0335
[Iter 339/488] steps=694272 reward=621.79 pi_loss=-0.0679 vf_loss=50.2528 entropy=34.0808 kl=0.0455
[Iter 340/488] steps=696320 reward=755.53 pi_loss=-0.0646 vf_loss=45.3956 entropy=34.0608 kl=0.0545
[Iter 341/488] steps=698368 reward=537.40 pi_loss=-0.0651 vf_loss=54.6052 entropy=33.9294 kl=0.0449
[Iter 342/488] steps=700416 reward=849.89 pi_loss=-0.0565 vf_loss=37.5223 entropy=34.0856 kl=0.1012
  [Eval] mean_return=746.45 std_return=148.41
[Iter 343/488] steps=702464 reward=846.59 pi_loss=-0.0547 vf_loss=36.5216 entropy=34.1570 kl=0.0948
[Iter 344/488] steps=704512 reward=457.24 pi_loss=-0.0681 vf_loss=66.5400 entropy=33.9994 kl=0.0333
[Iter 345/488] steps=706560 reward=667.65 pi_loss=-0.0634 vf_loss=42.6325 entropy=34.0978 kl=0.0575
[Iter 346/488] steps=708608 reward=759.38 pi_loss=-0.0670 vf_loss=46.0594 entropy=34.0494 kl=0.0581
[Iter 347/488] steps=710656 reward=765.36 pi_loss=-0.0601 vf_loss=35.0295 entropy=34.1485 kl=0.0683
  [Eval] mean_return=871.66 std_return=80.56
[Iter 348/488] steps=712704 reward=730.69 pi_loss=-0.0622 vf_loss=49.7457 entropy=33.9694 kl=0.0469
[Iter 349/488] steps=714752 reward=621.23 pi_loss=-0.0631 vf_loss=54.5389 entropy=34.1610 kl=0.0413
[Iter 350/488] steps=716800 reward=857.25 pi_loss=-0.0564 vf_loss=38.0366 entropy=34.1429 kl=0.0928
[Iter 351/488] steps=718848 reward=701.65 pi_loss=-0.0660 vf_loss=55.4336 entropy=33.9621 kl=0.0429
[Iter 352/488] steps=720896 reward=766.46 pi_loss=-0.0563 vf_loss=44.4373 entropy=34.0457 kl=0.0676
  [Eval] mean_return=761.99 std_return=137.77
[Iter 353/488] steps=722944 reward=946.31 pi_loss=-0.0560 vf_loss=35.7893 entropy=34.0198 kl=0.0787
[Iter 354/488] steps=724992 reward=716.09 pi_loss=-0.0568 vf_loss=39.2177 entropy=34.1532 kl=0.0646
[Iter 355/488] steps=727040 reward=726.58 pi_loss=-0.0604 vf_loss=47.1232 entropy=34.0046 kl=0.0509
[Iter 356/488] steps=729088 reward=766.23 pi_loss=-0.0638 vf_loss=48.1881 entropy=34.0901 kl=0.0519
[Iter 357/488] steps=731136 reward=679.99 pi_loss=-0.0664 vf_loss=74.9490 entropy=34.1054 kl=0.0308
  [Eval] mean_return=766.15 std_return=132.16
[Iter 358/488] steps=733184 reward=779.83 pi_loss=-0.0633 vf_loss=58.5969 entropy=34.0130 kl=0.0492
[Iter 359/488] steps=735232 reward=770.60 pi_loss=-0.0681 vf_loss=58.9402 entropy=34.0082 kl=0.0404
[Iter 360/488] steps=737280 reward=726.74 pi_loss=-0.0691 vf_loss=55.7065 entropy=34.0957 kl=0.0517
[Iter 361/488] steps=739328 reward=628.51 pi_loss=-0.0623 vf_loss=51.2466 entropy=33.9879 kl=0.0484
[Iter 362/488] steps=741376 reward=747.13 pi_loss=-0.0560 vf_loss=43.6015 entropy=34.0246 kl=0.0809
  [Eval] mean_return=795.39 std_return=109.79
[Iter 363/488] steps=743424 reward=737.47 pi_loss=-0.0580 vf_loss=45.6420 entropy=34.0650 kl=0.0572
[Iter 364/488] steps=745472 reward=855.70 pi_loss=-0.0630 vf_loss=40.4681 entropy=34.1392 kl=0.0689
[Iter 365/488] steps=747520 reward=705.49 pi_loss=-0.0660 vf_loss=56.3436 entropy=34.1162 kl=0.0451
[Iter 366/488] steps=749568 reward=735.54 pi_loss=-0.0656 vf_loss=43.5305 entropy=34.0177 kl=0.0545
[Iter 367/488] steps=751616 reward=690.67 pi_loss=-0.0668 vf_loss=52.0449 entropy=34.0856 kl=0.0428
  [Eval] mean_return=873.06 std_return=63.87
[Iter 368/488] steps=753664 reward=811.11 pi_loss=-0.0545 vf_loss=36.8919 entropy=34.0846 kl=0.0740
[Iter 369/488] steps=755712 reward=777.69 pi_loss=-0.0589 vf_loss=43.8827 entropy=34.0962 kl=0.0577
[Iter 370/488] steps=757760 reward=769.61 pi_loss=-0.0602 vf_loss=41.5131 entropy=34.0897 kl=0.0572
[Iter 371/488] steps=759808 reward=843.23 pi_loss=-0.0564 vf_loss=40.5192 entropy=34.1118 kl=0.0576
[Iter 372/488] steps=761856 reward=767.56 pi_loss=-0.0586 vf_loss=47.0824 entropy=34.0662 kl=0.0443
  [Eval] mean_return=765.40 std_return=167.41
[Iter 373/488] steps=763904 reward=789.50 pi_loss=-0.0575 vf_loss=37.0570 entropy=34.0425 kl=0.0539
[Iter 374/488] steps=765952 reward=704.51 pi_loss=-0.0601 vf_loss=37.9552 entropy=34.0045 kl=0.0472
[Iter 375/488] steps=768000 reward=867.24 pi_loss=-0.0581 vf_loss=39.3726 entropy=34.0181 kl=0.0576
[Iter 376/488] steps=770048 reward=808.58 pi_loss=-0.0598 vf_loss=38.9141 entropy=33.9823 kl=0.0586
  [Eval] mean_return=827.38 std_return=81.34
[Iter 377/488] steps=772096 reward=724.75 pi_loss=-0.0616 vf_loss=50.9123 entropy=34.1532 kl=0.0374
[Iter 378/488] steps=774144 reward=655.13 pi_loss=-0.0628 vf_loss=51.6681 entropy=34.0252 kl=0.0349
[Iter 379/488] steps=776192 reward=801.38 pi_loss=-0.0564 vf_loss=38.6824 entropy=34.0145 kl=0.0582
[Iter 380/488] steps=778240 reward=747.19 pi_loss=-0.0561 vf_loss=38.0420 entropy=34.1263 kl=0.0482
[Iter 381/488] steps=780288 reward=792.52 pi_loss=-0.0539 vf_loss=37.3474 entropy=34.0622 kl=0.0620
  [Eval] mean_return=831.40 std_return=85.67
[Iter 382/488] steps=782336 reward=812.89 pi_loss=-0.0623 vf_loss=42.7172 entropy=34.0659 kl=0.0460
[Iter 383/488] steps=784384 reward=850.12 pi_loss=-0.0518 vf_loss=34.8009 entropy=34.0850 kl=0.0529
[Iter 384/488] steps=786432 reward=714.95 pi_loss=-0.0601 vf_loss=51.0624 entropy=34.0138 kl=0.0358
[Iter 385/488] steps=788480 reward=859.97 pi_loss=-0.0575 vf_loss=41.1985 entropy=34.0800 kl=0.0424
[Iter 386/488] steps=790528 reward=918.68 pi_loss=-0.0607 vf_loss=39.0961 entropy=34.0951 kl=0.0470
  [Eval] mean_return=773.75 std_return=222.43
[Iter 387/488] steps=792576 reward=693.39 pi_loss=-0.0636 vf_loss=51.9671 entropy=34.0855 kl=0.0271
[Iter 388/488] steps=794624 reward=786.95 pi_loss=-0.0614 vf_loss=41.4851 entropy=33.9468 kl=0.0382
[Iter 389/488] steps=796672 reward=778.93 pi_loss=-0.0577 vf_loss=53.7801 entropy=33.9970 kl=0.0338
[Iter 390/488] steps=798720 reward=836.47 pi_loss=-0.0593 vf_loss=49.1022 entropy=34.0054 kl=0.0348
[Iter 391/488] steps=800768 reward=893.01 pi_loss=-0.0586 vf_loss=40.2525 entropy=34.0941 kl=0.0409
  [Eval] mean_return=853.24 std_return=140.91
[Iter 392/488] steps=802816 reward=804.62 pi_loss=-0.0607 vf_loss=43.5274 entropy=34.0838 kl=0.0378
[Iter 393/488] steps=804864 reward=872.79 pi_loss=-0.0572 vf_loss=46.3257 entropy=34.1684 kl=0.0438
[Iter 394/488] steps=806912 reward=724.29 pi_loss=-0.0609 vf_loss=46.4291 entropy=34.0735 kl=0.0385
[Iter 395/488] steps=808960 reward=760.63 pi_loss=-0.0606 vf_loss=57.4095 entropy=34.1254 kl=0.0332
[Iter 396/488] steps=811008 reward=705.09 pi_loss=-0.0640 vf_loss=55.6756 entropy=34.0056 kl=0.0298
  [Eval] mean_return=906.86 std_return=116.38
[Iter 397/488] steps=813056 reward=752.84 pi_loss=-0.0633 vf_loss=52.7143 entropy=34.1662 kl=0.0423
[Iter 398/488] steps=815104 reward=874.22 pi_loss=-0.0556 vf_loss=47.8323 entropy=33.9475 kl=0.0323
[Iter 399/488] steps=817152 reward=831.35 pi_loss=-0.0571 vf_loss=39.8442 entropy=34.0063 kl=0.0500
[Iter 400/488] steps=819200 reward=790.25 pi_loss=-0.0602 vf_loss=43.1278 entropy=34.0370 kl=0.0439
[Iter 401/488] steps=821248 reward=638.20 pi_loss=-0.0639 vf_loss=67.9854 entropy=34.1084 kl=0.0242
  [Eval] mean_return=945.75 std_return=79.29
[Iter 402/488] steps=823296 reward=700.12 pi_loss=-0.0636 vf_loss=61.2976 entropy=33.8733 kl=0.0262
[Iter 403/488] steps=825344 reward=841.73 pi_loss=-0.0550 vf_loss=42.7663 entropy=34.0616 kl=0.0518
[Iter 404/488] steps=827392 reward=803.20 pi_loss=-0.0541 vf_loss=39.0979 entropy=34.0835 kl=0.0486
[Iter 405/488] steps=829440 reward=820.13 pi_loss=-0.0569 vf_loss=42.5102 entropy=33.9273 kl=0.0391
[Iter 406/488] steps=831488 reward=741.61 pi_loss=-0.0602 vf_loss=50.8593 entropy=34.0520 kl=0.0294
  [Eval] mean_return=935.30 std_return=111.43
[Iter 407/488] steps=833536 reward=805.94 pi_loss=-0.0567 vf_loss=37.6215 entropy=34.0464 kl=0.0408
[Iter 408/488] steps=835584 reward=763.55 pi_loss=-0.0551 vf_loss=47.0164 entropy=33.9881 kl=0.0251
[Iter 409/488] steps=837632 reward=768.89 pi_loss=-0.0567 vf_loss=48.2264 entropy=34.0432 kl=0.0280
[Iter 410/488] steps=839680 reward=727.53 pi_loss=-0.0660 vf_loss=66.6124 entropy=34.0519 kl=0.0237
[Iter 411/488] steps=841728 reward=777.13 pi_loss=-0.0557 vf_loss=40.3908 entropy=34.1255 kl=0.0443
  [Eval] mean_return=952.45 std_return=46.59
[Iter 412/488] steps=843776 reward=938.86 pi_loss=-0.0603 vf_loss=44.8631 entropy=34.0247 kl=0.0370
[Iter 413/488] steps=845824 reward=802.40 pi_loss=-0.0553 vf_loss=44.9580 entropy=34.0229 kl=0.0370
[Iter 414/488] steps=847872 reward=668.51 pi_loss=-0.0583 vf_loss=59.9819 entropy=34.0858 kl=0.0225
[Iter 415/488] steps=849920 reward=843.45 pi_loss=-0.0538 vf_loss=38.0828 entropy=34.0113 kl=0.0471
[Iter 416/488] steps=851968 reward=868.83 pi_loss=-0.0524 vf_loss=43.2750 entropy=34.0665 kl=0.0339
  [Eval] mean_return=905.42 std_return=118.68
[Iter 417/488] steps=854016 reward=840.97 pi_loss=-0.0558 vf_loss=40.3613 entropy=34.0846 kl=0.0362
[Iter 418/488] steps=856064 reward=820.89 pi_loss=-0.0573 vf_loss=39.9341 entropy=34.0397 kl=0.0345
[Iter 419/488] steps=858112 reward=663.68 pi_loss=-0.0584 vf_loss=63.7426 entropy=34.1051 kl=0.0195
[Iter 420/488] steps=860160 reward=813.19 pi_loss=-0.0570 vf_loss=38.6419 entropy=33.9851 kl=0.0356
  [Eval] mean_return=954.54 std_return=71.40
[Iter 421/488] steps=862208 reward=811.48 pi_loss=-0.0514 vf_loss=42.7705 entropy=34.1590 kl=0.0249
[Iter 422/488] steps=864256 reward=693.00 pi_loss=-0.0592 vf_loss=55.7877 entropy=34.0039 kl=0.0215
[Iter 423/488] steps=866304 reward=716.84 pi_loss=-0.0580 vf_loss=56.0300 entropy=33.9054 kl=0.0189
[Iter 424/488] steps=868352 reward=849.82 pi_loss=-0.0585 vf_loss=47.2410 entropy=34.0602 kl=0.0226
[Iter 425/488] steps=870400 reward=790.09 pi_loss=-0.0544 vf_loss=49.5551 entropy=33.9604 kl=0.0207
  [Eval] mean_return=960.30 std_return=68.64
[Iter 426/488] steps=872448 reward=805.05 pi_loss=-0.0542 vf_loss=43.8901 entropy=34.0735 kl=0.0324
[Iter 427/488] steps=874496 reward=887.79 pi_loss=-0.0580 vf_loss=45.3071 entropy=34.1110 kl=0.0285
[Iter 428/488] steps=876544 reward=704.05 pi_loss=-0.0558 vf_loss=50.6646 entropy=34.1094 kl=0.0204
[Iter 429/488] steps=878592 reward=597.57 pi_loss=-0.0617 vf_loss=65.6071 entropy=34.0575 kl=0.0189
[Iter 430/488] steps=880640 reward=726.10 pi_loss=-0.0562 vf_loss=61.3036 entropy=33.9407 kl=0.0172
  [Eval] mean_return=893.30 std_return=128.65
[Iter 431/488] steps=882688 reward=860.42 pi_loss=-0.0540 vf_loss=51.4951 entropy=34.1272 kl=0.0246
[Iter 432/488] steps=884736 reward=847.24 pi_loss=-0.0555 vf_loss=49.8288 entropy=34.0922 kl=0.0230
[Iter 433/488] steps=886784 reward=716.32 pi_loss=-0.0567 vf_loss=67.0912 entropy=34.0692 kl=0.0191
[Iter 434/488] steps=888832 reward=733.15 pi_loss=-0.0601 vf_loss=56.2506 entropy=34.1164 kl=0.0219
[Iter 435/488] steps=890880 reward=666.82 pi_loss=-0.0546 vf_loss=70.7572 entropy=34.1165 kl=0.0172
  [Eval] mean_return=960.81 std_return=78.93
[Iter 436/488] steps=892928 reward=737.11 pi_loss=-0.0563 vf_loss=57.9552 entropy=33.9930 kl=0.0227
[Iter 437/488] steps=894976 reward=913.20 pi_loss=-0.0590 vf_loss=54.5358 entropy=34.1120 kl=0.0261
[Iter 438/488] steps=897024 reward=806.78 pi_loss=-0.0581 vf_loss=50.6450 entropy=34.0293 kl=0.0212
[Iter 439/488] steps=899072 reward=625.59 pi_loss=-0.0572 vf_loss=70.9040 entropy=34.0566 kl=0.0182
[Iter 440/488] steps=901120 reward=761.98 pi_loss=-0.0537 vf_loss=56.8121 entropy=34.0230 kl=0.0196
  [Eval] mean_return=894.19 std_return=138.62
[Iter 441/488] steps=903168 reward=754.41 pi_loss=-0.0618 vf_loss=63.8854 entropy=34.1318 kl=0.0210
[Iter 442/488] steps=905216 reward=766.38 pi_loss=-0.0571 vf_loss=58.4051 entropy=34.1248 kl=0.0226
[Iter 443/488] steps=907264 reward=852.41 pi_loss=-0.0546 vf_loss=52.1387 entropy=34.0078 kl=0.0224
[Iter 444/488] steps=909312 reward=837.38 pi_loss=-0.0544 vf_loss=52.4298 entropy=33.9567 kl=0.0187
[Iter 445/488] steps=911360 reward=831.70 pi_loss=-0.0557 vf_loss=47.6845 entropy=34.1328 kl=0.0233
  [Eval] mean_return=951.44 std_return=145.85
[Iter 446/488] steps=913408 reward=851.80 pi_loss=-0.0547 vf_loss=50.8148 entropy=34.0510 kl=0.0210
[Iter 447/488] steps=915456 reward=900.08 pi_loss=-0.0501 vf_loss=41.2951 entropy=33.9445 kl=0.0215
[Iter 448/488] steps=917504 reward=897.65 pi_loss=-0.0492 vf_loss=48.6431 entropy=33.9776 kl=0.0179
[Iter 449/488] steps=919552 reward=934.65 pi_loss=-0.0480 vf_loss=53.8694 entropy=33.9992 kl=0.0179
[Iter 450/488] steps=921600 reward=745.65 pi_loss=-0.0473 vf_loss=72.5807 entropy=34.2259 kl=0.0123
  [Eval] mean_return=1032.28 std_return=66.73
[Iter 451/488] steps=923648 reward=821.63 pi_loss=-0.0501 vf_loss=50.2302 entropy=34.2008 kl=0.0174
[Iter 452/488] steps=925696 reward=911.02 pi_loss=-0.0534 vf_loss=49.4326 entropy=34.1060 kl=0.0186
[Iter 453/488] steps=927744 reward=882.44 pi_loss=-0.0483 vf_loss=47.8985 entropy=34.2203 kl=0.0195
[Iter 454/488] steps=929792 reward=855.37 pi_loss=-0.0515 vf_loss=67.3318 entropy=34.0066 kl=0.0133
[Iter 455/488] steps=931840 reward=661.64 pi_loss=-0.0503 vf_loss=76.3315 entropy=34.0391 kl=0.0114
  [Eval] mean_return=1048.31 std_return=110.52
[Iter 456/488] steps=933888 reward=637.57 pi_loss=-0.0504 vf_loss=65.3004 entropy=34.0126 kl=0.0125
[Iter 457/488] steps=935936 reward=795.98 pi_loss=-0.0537 vf_loss=60.9211 entropy=33.9741 kl=0.0158
[Iter 458/488] steps=937984 reward=831.06 pi_loss=-0.0523 vf_loss=74.8578 entropy=34.0593 kl=0.0135
[Iter 459/488] steps=940032 reward=902.59 pi_loss=-0.0501 vf_loss=49.7771 entropy=34.0682 kl=0.0155
  [Eval] mean_return=985.01 std_return=118.88
[Iter 460/488] steps=942080 reward=812.16 pi_loss=-0.0495 vf_loss=46.9804 entropy=33.9541 kl=0.0154
[Iter 461/488] steps=944128 reward=800.13 pi_loss=-0.0465 vf_loss=76.5135 entropy=34.0198 kl=0.0109
[Iter 462/488] steps=946176 reward=647.78 pi_loss=-0.0435 vf_loss=73.1652 entropy=33.9823 kl=0.0093
[Iter 463/488] steps=948224 reward=1001.87 pi_loss=-0.0481 vf_loss=48.4690 entropy=34.1566 kl=0.0142
[Iter 464/488] steps=950272 reward=838.36 pi_loss=-0.0492 vf_loss=46.5083 entropy=34.0441 kl=0.0155
  [Eval] mean_return=1060.93 std_return=128.76
[Iter 465/488] steps=952320 reward=928.35 pi_loss=-0.0456 vf_loss=53.7613 entropy=34.1020 kl=0.0127
[Iter 466/488] steps=954368 reward=849.69 pi_loss=-0.0454 vf_loss=47.0194 entropy=34.0985 kl=0.0134
[Iter 467/488] steps=956416 reward=996.68 pi_loss=-0.0430 vf_loss=47.4273 entropy=34.1530 kl=0.0119
[Iter 468/488] steps=958464 reward=797.85 pi_loss=-0.0418 vf_loss=61.8763 entropy=34.1003 kl=0.0100
[Iter 469/488] steps=960512 reward=883.61 pi_loss=-0.0438 vf_loss=53.9651 entropy=34.0591 kl=0.0115
  [Eval] mean_return=1010.37 std_return=156.87
[Iter 470/488] steps=962560 reward=904.89 pi_loss=-0.0422 vf_loss=46.6654 entropy=34.0532 kl=0.0117
[Iter 471/488] steps=964608 reward=853.14 pi_loss=-0.0407 vf_loss=46.3157 entropy=34.0344 kl=0.0102
[Iter 472/488] steps=966656 reward=810.98 pi_loss=-0.0335 vf_loss=68.1962 entropy=34.0628 kl=0.0075
[Iter 473/488] steps=968704 reward=826.95 pi_loss=-0.0408 vf_loss=47.3607 entropy=34.0667 kl=0.0098
[Iter 474/488] steps=970752 reward=906.79 pi_loss=-0.0371 vf_loss=55.3655 entropy=34.1016 kl=0.0081
  [Eval] mean_return=853.63 std_return=352.80
[Iter 475/488] steps=972800 reward=755.71 pi_loss=-0.0377 vf_loss=54.7329 entropy=34.0359 kl=0.0082
[Iter 476/488] steps=974848 reward=904.74 pi_loss=-0.0357 vf_loss=54.3841 entropy=34.0939 kl=0.0085
[Iter 477/488] steps=976896 reward=902.57 pi_loss=-0.0338 vf_loss=49.0286 entropy=34.0433 kl=0.0080
[Iter 478/488] steps=978944 reward=952.10 pi_loss=-0.0363 vf_loss=51.9219 entropy=34.1454 kl=0.0090
[Iter 479/488] steps=980992 reward=867.16 pi_loss=-0.0326 vf_loss=50.6418 entropy=33.9512 kl=0.0076
  [Eval] mean_return=1032.55 std_return=101.67
[Iter 480/488] steps=983040 reward=914.48 pi_loss=-0.0311 vf_loss=58.5979 entropy=33.9469 kl=0.0070
[Iter 481/488] steps=985088 reward=902.62 pi_loss=-0.0293 vf_loss=45.6513 entropy=33.9042 kl=0.0072
[Iter 482/488] steps=987136 reward=858.41 pi_loss=-0.0217 vf_loss=68.5300 entropy=33.9777 kl=0.0040
[Iter 483/488] steps=989184 reward=869.94 pi_loss=-0.0233 vf_loss=49.3675 entropy=34.0952 kl=0.0047
[Iter 484/488] steps=991232 reward=919.55 pi_loss=-0.0234 vf_loss=49.6372 entropy=34.0414 kl=0.0050
  [Eval] mean_return=994.36 std_return=116.79
[Iter 485/488] steps=993280 reward=805.75 pi_loss=-0.0125 vf_loss=71.2964 entropy=34.1453 kl=0.0019
[Iter 486/488] steps=995328 reward=872.35 pi_loss=-0.0158 vf_loss=53.6028 entropy=34.0596 kl=0.0027
[Iter 487/488] steps=997376 reward=954.39 pi_loss=-0.0141 vf_loss=50.6062 entropy=34.0791 kl=0.0021
[Iter 488/488] steps=999424 reward=825.68 pi_loss=-0.0066 vf_loss=48.7029 entropy=34.0985 kl=0.0007
Training complete. Logs saved to results/halfcheetah/holistic/seed_123
