[Iter 1/488] steps=2048 reward=-471.98 pi_loss=-0.0064 vf_loss=26.1186 entropy=136.2279 kl=0.0081
[Iter 2/488] steps=4096 reward=-530.65 pi_loss=-0.0107 vf_loss=14.8143 entropy=136.4729 kl=0.0157
[Iter 3/488] steps=6144 reward=-410.96 pi_loss=-0.0099 vf_loss=27.6435 entropy=136.4310 kl=0.0121
[Iter 4/488] steps=8192 reward=-488.74 pi_loss=-0.0147 vf_loss=16.9472 entropy=136.5551 kl=0.0198
[Iter 5/488] steps=10240 reward=-517.09 pi_loss=-0.0144 vf_loss=14.3766 entropy=136.5450 kl=0.0181
  [Eval] mean_return=-348.31 std_return=46.06
[Iter 6/488] steps=12288 reward=-499.14 pi_loss=-0.0165 vf_loss=11.7223 entropy=136.8445 kl=0.0241
[Iter 7/488] steps=14336 reward=-460.35 pi_loss=-0.0124 vf_loss=20.8092 entropy=136.3045 kl=0.0172
[Iter 8/488] steps=16384 reward=-414.83 pi_loss=-0.0187 vf_loss=14.0468 entropy=136.5988 kl=0.0238
[Iter 9/488] steps=18432 reward=-395.38 pi_loss=-0.0188 vf_loss=11.3963 entropy=136.7236 kl=0.0246
[Iter 10/488] steps=20480 reward=-380.68 pi_loss=-0.0188 vf_loss=12.0222 entropy=136.6958 kl=0.0276
  [Eval] mean_return=-324.01 std_return=35.56
[Iter 11/488] steps=22528 reward=-382.67 pi_loss=-0.0191 vf_loss=10.6011 entropy=136.9824 kl=0.0296
[Iter 12/488] steps=24576 reward=-400.84 pi_loss=-0.0175 vf_loss=13.8278 entropy=136.6059 kl=0.0221
[Iter 13/488] steps=26624 reward=-290.33 pi_loss=-0.0159 vf_loss=23.2347 entropy=136.2176 kl=0.0192
[Iter 14/488] steps=28672 reward=-430.18 pi_loss=-0.0132 vf_loss=40.3574 entropy=136.5291 kl=0.0145
[Iter 15/488] steps=30720 reward=-366.15 pi_loss=-0.0196 vf_loss=10.5204 entropy=136.4113 kl=0.0316
  [Eval] mean_return=-238.71 std_return=93.79
[Iter 16/488] steps=32768 reward=-313.29 pi_loss=-0.0195 vf_loss=14.0881 entropy=136.5175 kl=0.0229
[Iter 17/488] steps=34816 reward=-224.27 pi_loss=-0.0208 vf_loss=13.2016 entropy=137.0888 kl=0.0298
[Iter 18/488] steps=36864 reward=-404.00 pi_loss=-0.0214 vf_loss=13.7725 entropy=136.6231 kl=0.0288
[Iter 19/488] steps=38912 reward=-356.49 pi_loss=-0.0229 vf_loss=13.3536 entropy=136.8070 kl=0.0306
[Iter 20/488] steps=40960 reward=-335.30 pi_loss=-0.0233 vf_loss=14.4326 entropy=136.5398 kl=0.0278
  [Eval] mean_return=-281.28 std_return=103.19
[Iter 21/488] steps=43008 reward=-305.34 pi_loss=-0.0175 vf_loss=20.9136 entropy=136.4788 kl=0.0222
[Iter 22/488] steps=45056 reward=-288.90 pi_loss=-0.0229 vf_loss=13.3124 entropy=136.6602 kl=0.0283
[Iter 23/488] steps=47104 reward=-274.79 pi_loss=-0.0216 vf_loss=16.1033 entropy=136.7338 kl=0.0287
[Iter 24/488] steps=49152 reward=-207.42 pi_loss=-0.0234 vf_loss=13.4108 entropy=136.9271 kl=0.0340
[Iter 25/488] steps=51200 reward=-284.63 pi_loss=-0.0217 vf_loss=17.1081 entropy=136.4530 kl=0.0290
  [Eval] mean_return=-39.84 std_return=101.32
[Iter 26/488] steps=53248 reward=-179.10 pi_loss=-0.0215 vf_loss=13.4369 entropy=136.8028 kl=0.0342
[Iter 27/488] steps=55296 reward=-220.34 pi_loss=-0.0221 vf_loss=13.3643 entropy=136.9246 kl=0.0338
[Iter 28/488] steps=57344 reward=-159.09 pi_loss=-0.0221 vf_loss=12.2528 entropy=137.1442 kl=0.0376
[Iter 29/488] steps=59392 reward=-167.91 pi_loss=-0.0213 vf_loss=16.4283 entropy=136.8908 kl=0.0300
[Iter 30/488] steps=61440 reward=-219.17 pi_loss=-0.0212 vf_loss=12.4797 entropy=137.0850 kl=0.0379
  [Eval] mean_return=-27.38 std_return=59.67
[Iter 31/488] steps=63488 reward=-149.30 pi_loss=-0.0224 vf_loss=10.0021 entropy=137.2120 kl=0.0407
[Iter 32/488] steps=65536 reward=-136.42 pi_loss=-0.0248 vf_loss=9.2980 entropy=136.8342 kl=0.0415
[Iter 33/488] steps=67584 reward=-60.61 pi_loss=-0.0223 vf_loss=11.9721 entropy=136.8991 kl=0.0353
[Iter 34/488] steps=69632 reward=-135.18 pi_loss=-0.0231 vf_loss=16.5157 entropy=136.6176 kl=0.0273
[Iter 35/488] steps=71680 reward=-104.02 pi_loss=-0.0267 vf_loss=9.3877 entropy=136.9466 kl=0.0406
  [Eval] mean_return=16.43 std_return=83.96
[Iter 36/488] steps=73728 reward=-74.04 pi_loss=-0.0254 vf_loss=9.2245 entropy=136.8537 kl=0.0361
[Iter 37/488] steps=75776 reward=-99.37 pi_loss=-0.0222 vf_loss=8.7621 entropy=136.8157 kl=0.0425
[Iter 38/488] steps=77824 reward=-139.71 pi_loss=-0.0228 vf_loss=16.0285 entropy=136.9940 kl=0.0283
[Iter 39/488] steps=79872 reward=-3.83 pi_loss=-0.0222 vf_loss=14.2146 entropy=136.6261 kl=0.0369
[Iter 40/488] steps=81920 reward=-152.84 pi_loss=-0.0261 vf_loss=11.8035 entropy=136.5476 kl=0.0368
  [Eval] mean_return=74.17 std_return=97.40
[Iter 41/488] steps=83968 reward=-38.42 pi_loss=-0.0254 vf_loss=15.8769 entropy=136.7670 kl=0.0298
[Iter 42/488] steps=86016 reward=-36.68 pi_loss=-0.0255 vf_loss=13.1711 entropy=136.9108 kl=0.0385
[Iter 43/488] steps=88064 reward=-33.88 pi_loss=-0.0221 vf_loss=9.1185 entropy=137.0094 kl=0.0429
[Iter 44/488] steps=90112 reward=-110.03 pi_loss=-0.0246 vf_loss=12.7395 entropy=136.8225 kl=0.0307
  [Eval] mean_return=30.99 std_return=245.30
[Iter 45/488] steps=92160 reward=-273.00 pi_loss=-0.0254 vf_loss=25.1025 entropy=136.5666 kl=0.0266
[Iter 46/488] steps=94208 reward=-15.51 pi_loss=-0.0263 vf_loss=15.5059 entropy=136.6570 kl=0.0350
[Iter 47/488] steps=96256 reward=-122.87 pi_loss=-0.0264 vf_loss=13.4735 entropy=136.9874 kl=0.0418
[Iter 48/488] steps=98304 reward=-83.55 pi_loss=-0.0239 vf_loss=9.8124 entropy=136.7676 kl=0.0477
[Iter 49/488] steps=100352 reward=-47.05 pi_loss=-0.0216 vf_loss=9.1331 entropy=137.3960 kl=0.0507
  [Eval] mean_return=25.13 std_return=75.48
[Iter 50/488] steps=102400 reward=-71.36 pi_loss=-0.0264 vf_loss=12.8924 entropy=136.6458 kl=0.0350
[Iter 51/488] steps=104448 reward=0.22 pi_loss=-0.0230 vf_loss=17.9804 entropy=136.6888 kl=0.0294
[Iter 52/488] steps=106496 reward=-140.29 pi_loss=-0.0235 vf_loss=13.9718 entropy=136.9592 kl=0.0415
[Iter 53/488] steps=108544 reward=-67.62 pi_loss=-0.0246 vf_loss=12.6467 entropy=136.8438 kl=0.0446
[Iter 54/488] steps=110592 reward=-153.33 pi_loss=-0.0247 vf_loss=13.8774 entropy=136.9846 kl=0.0437
  [Eval] mean_return=38.31 std_return=70.72
[Iter 55/488] steps=112640 reward=-233.87 pi_loss=-0.0252 vf_loss=22.1816 entropy=136.6597 kl=0.0321
[Iter 56/488] steps=114688 reward=14.98 pi_loss=-0.0276 vf_loss=14.1281 entropy=136.7667 kl=0.0437
[Iter 57/488] steps=116736 reward=-300.58 pi_loss=-0.0268 vf_loss=22.5130 entropy=136.8620 kl=0.0399
[Iter 58/488] steps=118784 reward=-86.91 pi_loss=-0.0278 vf_loss=22.6560 entropy=136.8783 kl=0.0368
[Iter 59/488] steps=120832 reward=-223.28 pi_loss=-0.0224 vf_loss=20.1190 entropy=136.9716 kl=0.0386
  [Eval] mean_return=-20.72 std_return=112.87
[Iter 60/488] steps=122880 reward=136.44 pi_loss=-0.0183 vf_loss=16.2782 entropy=137.4624 kl=0.0660
[Iter 61/488] steps=124928 reward=-47.99 pi_loss=-0.0270 vf_loss=17.9175 entropy=137.1086 kl=0.0411
[Iter 62/488] steps=126976 reward=18.22 pi_loss=-0.0188 vf_loss=9.0480 entropy=137.5598 kl=0.0703
[Iter 63/488] steps=129024 reward=44.79 pi_loss=-0.0238 vf_loss=10.5514 entropy=136.9870 kl=0.0584
[Iter 64/488] steps=131072 reward=-25.50 pi_loss=-0.0267 vf_loss=11.1388 entropy=136.9683 kl=0.0421
  [Eval] mean_return=100.25 std_return=97.72
[Iter 65/488] steps=133120 reward=26.83 pi_loss=-0.0250 vf_loss=9.2658 entropy=137.2097 kl=0.0615
[Iter 66/488] steps=135168 reward=-4.77 pi_loss=-0.0265 vf_loss=9.9375 entropy=136.8486 kl=0.0403
[Iter 67/488] steps=137216 reward=72.05 pi_loss=-0.0273 vf_loss=12.0594 entropy=136.7037 kl=0.0352
[Iter 68/488] steps=139264 reward=81.16 pi_loss=-0.0267 vf_loss=12.3493 entropy=136.7438 kl=0.0396
[Iter 69/488] steps=141312 reward=4.99 pi_loss=-0.0261 vf_loss=18.9027 entropy=136.9945 kl=0.0300
  [Eval] mean_return=124.50 std_return=79.60
[Iter 70/488] steps=143360 reward=-153.85 pi_loss=-0.0258 vf_loss=17.5722 entropy=136.8312 kl=0.0313
[Iter 71/488] steps=145408 reward=95.93 pi_loss=-0.0241 vf_loss=16.3410 entropy=137.0305 kl=0.0417
[Iter 72/488] steps=147456 reward=25.23 pi_loss=-0.0273 vf_loss=22.2579 entropy=136.9999 kl=0.0334
[Iter 73/488] steps=149504 reward=67.33 pi_loss=-0.0252 vf_loss=16.8620 entropy=136.6170 kl=0.0394
[Iter 74/488] steps=151552 reward=-129.83 pi_loss=-0.0267 vf_loss=18.3506 entropy=137.0004 kl=0.0437
  [Eval] mean_return=93.61 std_return=181.89
[Iter 75/488] steps=153600 reward=19.04 pi_loss=-0.0267 vf_loss=14.0578 entropy=136.9622 kl=0.0485
[Iter 76/488] steps=155648 reward=13.79 pi_loss=-0.0294 vf_loss=21.9796 entropy=136.9408 kl=0.0390
[Iter 77/488] steps=157696 reward=-26.12 pi_loss=-0.0199 vf_loss=13.9441 entropy=137.1088 kl=0.0607
[Iter 78/488] steps=159744 reward=104.14 pi_loss=-0.0246 vf_loss=21.2952 entropy=137.1679 kl=0.0402
[Iter 79/488] steps=161792 reward=63.57 pi_loss=-0.0228 vf_loss=12.5250 entropy=137.2179 kl=0.0649
  [Eval] mean_return=157.25 std_return=78.81
[Iter 80/488] steps=163840 reward=87.98 pi_loss=-0.0272 vf_loss=12.6234 entropy=137.5408 kl=0.0646
[Iter 81/488] steps=165888 reward=122.93 pi_loss=-0.0283 vf_loss=18.4198 entropy=136.7300 kl=0.0354
[Iter 82/488] steps=167936 reward=-0.94 pi_loss=-0.0273 vf_loss=20.3183 entropy=136.8165 kl=0.0355
[Iter 83/488] steps=169984 reward=57.21 pi_loss=-0.0292 vf_loss=29.7668 entropy=136.9328 kl=0.0339
[Iter 84/488] steps=172032 reward=151.49 pi_loss=-0.0263 vf_loss=13.6973 entropy=137.6889 kl=0.0713
  [Eval] mean_return=215.86 std_return=144.77
[Iter 85/488] steps=174080 reward=-39.13 pi_loss=-0.0237 vf_loss=33.1563 entropy=136.6681 kl=0.0315
[Iter 86/488] steps=176128 reward=153.19 pi_loss=-0.0271 vf_loss=18.9155 entropy=136.5876 kl=0.0412
[Iter 87/488] steps=178176 reward=-1.77 pi_loss=-0.0257 vf_loss=23.5507 entropy=136.7388 kl=0.0329
[Iter 88/488] steps=180224 reward=40.66 pi_loss=-0.0211 vf_loss=11.2695 entropy=137.6503 kl=0.0824
  [Eval] mean_return=-1.81 std_return=325.44
[Iter 89/488] steps=182272 reward=83.69 pi_loss=-0.0207 vf_loss=20.6212 entropy=137.2513 kl=0.0434
[Iter 90/488] steps=184320 reward=145.49 pi_loss=-0.0251 vf_loss=34.4249 entropy=136.4843 kl=0.0271
[Iter 91/488] steps=186368 reward=-37.16 pi_loss=-0.0276 vf_loss=19.8103 entropy=137.0950 kl=0.0453
[Iter 92/488] steps=188416 reward=-47.29 pi_loss=-0.0282 vf_loss=20.4420 entropy=136.7261 kl=0.0353
[Iter 93/488] steps=190464 reward=131.10 pi_loss=-0.0266 vf_loss=14.4490 entropy=137.0780 kl=0.0551
  [Eval] mean_return=205.83 std_return=72.34
[Iter 94/488] steps=192512 reward=182.97 pi_loss=-0.0226 vf_loss=14.2784 entropy=137.2930 kl=0.0577
[Iter 95/488] steps=194560 reward=126.66 pi_loss=-0.0241 vf_loss=14.5458 entropy=137.4078 kl=0.0596
[Iter 96/488] steps=196608 reward=30.55 pi_loss=-0.0251 vf_loss=11.9824 entropy=137.2599 kl=0.0663
[Iter 97/488] steps=198656 reward=128.07 pi_loss=-0.0280 vf_loss=15.3784 entropy=137.0345 kl=0.0464
[Iter 98/488] steps=200704 reward=148.17 pi_loss=-0.0290 vf_loss=11.4608 entropy=137.2949 kl=0.0651
  [Eval] mean_return=219.00 std_return=96.01
[Iter 99/488] steps=202752 reward=78.41 pi_loss=-0.0295 vf_loss=15.1675 entropy=137.0698 kl=0.0438
[Iter 100/488] steps=204800 reward=-113.36 pi_loss=-0.0262 vf_loss=31.7221 entropy=136.8692 kl=0.0290
[Iter 101/488] steps=206848 reward=227.76 pi_loss=-0.0285 vf_loss=14.4720 entropy=137.1617 kl=0.0484
[Iter 102/488] steps=208896 reward=226.99 pi_loss=-0.0312 vf_loss=14.7054 entropy=137.2512 kl=0.0564
[Iter 103/488] steps=210944 reward=194.91 pi_loss=-0.0305 vf_loss=13.4671 entropy=137.3662 kl=0.0537
  [Eval] mean_return=302.59 std_return=50.13
[Iter 104/488] steps=212992 reward=126.57 pi_loss=-0.0320 vf_loss=25.0800 entropy=136.5547 kl=0.0385
[Iter 105/488] steps=215040 reward=12.37 pi_loss=-0.0271 vf_loss=28.4113 entropy=136.8865 kl=0.0324
[Iter 106/488] steps=217088 reward=160.50 pi_loss=-0.0265 vf_loss=14.5186 entropy=137.4323 kl=0.0654
[Iter 107/488] steps=219136 reward=55.27 pi_loss=-0.0290 vf_loss=26.5839 entropy=137.0413 kl=0.0354
[Iter 108/488] steps=221184 reward=-27.35 pi_loss=-0.0255 vf_loss=43.7782 entropy=136.4052 kl=0.0269
  [Eval] mean_return=218.59 std_return=51.78
[Iter 109/488] steps=223232 reward=64.47 pi_loss=-0.0193 vf_loss=11.2194 entropy=137.8359 kl=0.0863
[Iter 110/488] steps=225280 reward=249.39 pi_loss=-0.0257 vf_loss=14.3083 entropy=137.0659 kl=0.0586
[Iter 111/488] steps=227328 reward=143.31 pi_loss=-0.0297 vf_loss=22.0746 entropy=136.9581 kl=0.0390
[Iter 112/488] steps=229376 reward=203.65 pi_loss=-0.0274 vf_loss=13.0194 entropy=137.4273 kl=0.0617
[Iter 113/488] steps=231424 reward=206.91 pi_loss=-0.0300 vf_loss=15.6663 entropy=136.8498 kl=0.0414
  [Eval] mean_return=195.06 std_return=144.79
[Iter 114/488] steps=233472 reward=128.57 pi_loss=-0.0317 vf_loss=18.0035 entropy=136.8781 kl=0.0447
[Iter 115/488] steps=235520 reward=21.60 pi_loss=-0.0308 vf_loss=11.4929 entropy=136.9465 kl=0.0587
[Iter 116/488] steps=237568 reward=170.51 pi_loss=-0.0299 vf_loss=10.5697 entropy=137.2232 kl=0.0639
[Iter 117/488] steps=239616 reward=109.70 pi_loss=-0.0278 vf_loss=14.5449 entropy=136.8054 kl=0.0464
[Iter 118/488] steps=241664 reward=167.85 pi_loss=-0.0310 vf_loss=16.1209 entropy=137.2297 kl=0.0464
  [Eval] mean_return=99.81 std_return=212.22
[Iter 119/488] steps=243712 reward=22.25 pi_loss=-0.0315 vf_loss=19.8135 entropy=136.4782 kl=0.0387
[Iter 120/488] steps=245760 reward=-38.29 pi_loss=-0.0347 vf_loss=17.5206 entropy=136.9628 kl=0.0553
[Iter 121/488] steps=247808 reward=41.61 pi_loss=-0.0325 vf_loss=12.9393 entropy=137.2595 kl=0.0638
[Iter 122/488] steps=249856 reward=-121.90 pi_loss=-0.0320 vf_loss=24.6785 entropy=136.8880 kl=0.0342
[Iter 123/488] steps=251904 reward=213.37 pi_loss=-0.0297 vf_loss=13.5155 entropy=137.3384 kl=0.0631
  [Eval] mean_return=267.22 std_return=65.54
[Iter 124/488] steps=253952 reward=168.05 pi_loss=-0.0278 vf_loss=13.7657 entropy=137.1013 kl=0.0597
[Iter 125/488] steps=256000 reward=195.17 pi_loss=-0.0252 vf_loss=12.4039 entropy=137.3642 kl=0.0605
[Iter 126/488] steps=258048 reward=240.58 pi_loss=-0.0305 vf_loss=12.7388 entropy=137.0631 kl=0.0574
[Iter 127/488] steps=260096 reward=115.34 pi_loss=-0.0314 vf_loss=10.3826 entropy=137.5834 kl=0.0673
  [Eval] mean_return=279.97 std_return=71.91
[Iter 128/488] steps=262144 reward=222.27 pi_loss=-0.0295 vf_loss=12.8534 entropy=137.1683 kl=0.0586
[Iter 129/488] steps=264192 reward=299.54 pi_loss=-0.0290 vf_loss=13.6488 entropy=137.1628 kl=0.0504
[Iter 130/488] steps=266240 reward=209.31 pi_loss=-0.0304 vf_loss=15.6427 entropy=137.0422 kl=0.0418
[Iter 131/488] steps=268288 reward=270.93 pi_loss=-0.0272 vf_loss=11.5435 entropy=137.2616 kl=0.0589
[Iter 132/488] steps=270336 reward=205.36 pi_loss=-0.0314 vf_loss=17.6991 entropy=136.7875 kl=0.0393
  [Eval] mean_return=245.52 std_return=70.30
[Iter 133/488] steps=272384 reward=124.32 pi_loss=-0.0304 vf_loss=11.7915 entropy=137.0221 kl=0.0543
[Iter 134/488] steps=274432 reward=183.98 pi_loss=-0.0273 vf_loss=19.5940 entropy=136.7099 kl=0.0363
[Iter 135/488] steps=276480 reward=199.36 pi_loss=-0.0307 vf_loss=17.0038 entropy=137.3274 kl=0.0601
[Iter 136/488] steps=278528 reward=254.06 pi_loss=-0.0313 vf_loss=18.3818 entropy=136.9092 kl=0.0456
[Iter 137/488] steps=280576 reward=220.16 pi_loss=-0.0305 vf_loss=15.7907 entropy=137.0371 kl=0.0546
  [Eval] mean_return=244.59 std_return=75.95
[Iter 138/488] steps=282624 reward=285.42 pi_loss=-0.0315 vf_loss=15.1548 entropy=137.2822 kl=0.0566
[Iter 139/488] steps=284672 reward=213.10 pi_loss=-0.0294 vf_loss=14.5108 entropy=136.9319 kl=0.0578
[Iter 140/488] steps=286720 reward=289.66 pi_loss=-0.0263 vf_loss=14.1507 entropy=137.1617 kl=0.0615
[Iter 141/488] steps=288768 reward=224.38 pi_loss=-0.0298 vf_loss=21.7880 entropy=136.9966 kl=0.0419
[Iter 142/488] steps=290816 reward=280.39 pi_loss=-0.0286 vf_loss=15.0709 entropy=137.0535 kl=0.0616
  [Eval] mean_return=255.96 std_return=100.99
[Iter 143/488] steps=292864 reward=248.84 pi_loss=-0.0314 vf_loss=14.9961 entropy=137.2013 kl=0.0593
[Iter 144/488] steps=294912 reward=311.61 pi_loss=-0.0295 vf_loss=12.3979 entropy=137.2939 kl=0.0635
[Iter 145/488] steps=296960 reward=296.21 pi_loss=-0.0290 vf_loss=13.9808 entropy=137.1823 kl=0.0556
[Iter 146/488] steps=299008 reward=243.68 pi_loss=-0.0325 vf_loss=21.2417 entropy=137.1962 kl=0.0431
[Iter 147/488] steps=301056 reward=112.28 pi_loss=-0.0348 vf_loss=22.7347 entropy=136.9827 kl=0.0440
  [Eval] mean_return=238.95 std_return=101.46
[Iter 148/488] steps=303104 reward=233.12 pi_loss=-0.0322 vf_loss=17.9914 entropy=137.0200 kl=0.0533
[Iter 149/488] steps=305152 reward=246.35 pi_loss=-0.0246 vf_loss=13.4418 entropy=137.3146 kl=0.0627
[Iter 150/488] steps=307200 reward=160.35 pi_loss=-0.0318 vf_loss=27.7120 entropy=137.0723 kl=0.0486
[Iter 151/488] steps=309248 reward=232.40 pi_loss=-0.0301 vf_loss=17.8318 entropy=136.9661 kl=0.0495
[Iter 152/488] steps=311296 reward=28.59 pi_loss=-0.0348 vf_loss=32.7555 entropy=137.1683 kl=0.0492
  [Eval] mean_return=238.14 std_return=113.74
[Iter 153/488] steps=313344 reward=214.76 pi_loss=-0.0289 vf_loss=16.9909 entropy=136.9913 kl=0.0584
[Iter 154/488] steps=315392 reward=169.29 pi_loss=-0.0330 vf_loss=26.9089 entropy=137.1283 kl=0.0474
[Iter 155/488] steps=317440 reward=326.14 pi_loss=-0.0245 vf_loss=14.7437 entropy=137.5315 kl=0.0744
[Iter 156/488] steps=319488 reward=340.65 pi_loss=-0.0263 vf_loss=13.2508 entropy=137.3627 kl=0.0693
[Iter 157/488] steps=321536 reward=353.26 pi_loss=-0.0304 vf_loss=17.0688 entropy=137.3405 kl=0.0566
  [Eval] mean_return=327.43 std_return=142.90
[Iter 158/488] steps=323584 reward=161.07 pi_loss=-0.0320 vf_loss=30.2377 entropy=136.7783 kl=0.0353
[Iter 159/488] steps=325632 reward=188.58 pi_loss=-0.0286 vf_loss=15.9125 entropy=137.3681 kl=0.0584
[Iter 160/488] steps=327680 reward=151.54 pi_loss=-0.0268 vf_loss=25.8824 entropy=137.4635 kl=0.0899
[Iter 161/488] steps=329728 reward=241.91 pi_loss=-0.0297 vf_loss=25.2522 entropy=137.2773 kl=0.0390
[Iter 162/488] steps=331776 reward=203.68 pi_loss=-0.0336 vf_loss=16.9097 entropy=137.2080 kl=0.0554
  [Eval] mean_return=346.61 std_return=128.65
[Iter 163/488] steps=333824 reward=104.48 pi_loss=-0.0336 vf_loss=28.3557 entropy=137.1536 kl=0.0447
[Iter 164/488] steps=335872 reward=211.79 pi_loss=-0.0269 vf_loss=18.4672 entropy=137.5077 kl=0.0603
[Iter 165/488] steps=337920 reward=332.44 pi_loss=-0.0252 vf_loss=14.8510 entropy=137.3911 kl=0.0717
[Iter 166/488] steps=339968 reward=362.94 pi_loss=-0.0247 vf_loss=16.6766 entropy=137.3247 kl=0.0619
[Iter 167/488] steps=342016 reward=259.60 pi_loss=-0.0264 vf_loss=23.5569 entropy=137.1041 kl=0.0561
  [Eval] mean_return=233.43 std_return=146.93
[Iter 168/488] steps=344064 reward=297.05 pi_loss=-0.0303 vf_loss=19.8829 entropy=137.0847 kl=0.0490
[Iter 169/488] steps=346112 reward=7.78 pi_loss=-0.0329 vf_loss=32.4198 entropy=137.2301 kl=0.0388
[Iter 170/488] steps=348160 reward=193.92 pi_loss=-0.0306 vf_loss=26.6035 entropy=137.0189 kl=0.0418
[Iter 171/488] steps=350208 reward=135.42 pi_loss=-0.0311 vf_loss=27.5728 entropy=136.9554 kl=0.0501
  [Eval] mean_return=252.78 std_return=122.62
[Iter 172/488] steps=352256 reward=323.45 pi_loss=-0.0184 vf_loss=16.8721 entropy=137.7454 kl=0.0777
[Iter 173/488] steps=354304 reward=239.72 pi_loss=-0.0300 vf_loss=19.1670 entropy=137.3965 kl=0.0620
[Iter 174/488] steps=356352 reward=271.20 pi_loss=-0.0278 vf_loss=18.3365 entropy=137.5081 kl=0.0619
[Iter 175/488] steps=358400 reward=370.65 pi_loss=-0.0277 vf_loss=17.8758 entropy=137.2984 kl=0.0591
[Iter 176/488] steps=360448 reward=272.32 pi_loss=-0.0286 vf_loss=21.8369 entropy=137.2973 kl=0.0555
  [Eval] mean_return=322.02 std_return=116.18
[Iter 177/488] steps=362496 reward=360.77 pi_loss=-0.0312 vf_loss=25.6252 entropy=136.9916 kl=0.0477
[Iter 178/488] steps=364544 reward=239.41 pi_loss=-0.0236 vf_loss=17.0197 entropy=137.2459 kl=0.0692
[Iter 179/488] steps=366592 reward=256.12 pi_loss=-0.0334 vf_loss=28.6502 entropy=136.9288 kl=0.0426
[Iter 180/488] steps=368640 reward=278.07 pi_loss=-0.0322 vf_loss=29.9230 entropy=136.6504 kl=0.0409
[Iter 181/488] steps=370688 reward=135.70 pi_loss=-0.0309 vf_loss=24.5319 entropy=137.2334 kl=0.0531
  [Eval] mean_return=334.55 std_return=117.69
[Iter 182/488] steps=372736 reward=263.50 pi_loss=-0.0238 vf_loss=16.2279 entropy=137.6631 kl=0.0752
[Iter 183/488] steps=374784 reward=256.29 pi_loss=-0.0332 vf_loss=32.0170 entropy=137.0390 kl=0.0413
[Iter 184/488] steps=376832 reward=6.99 pi_loss=-0.0315 vf_loss=14.4612 entropy=137.4680 kl=0.0808
[Iter 185/488] steps=378880 reward=374.18 pi_loss=-0.0264 vf_loss=17.8771 entropy=137.2031 kl=0.0614
[Iter 186/488] steps=380928 reward=322.85 pi_loss=-0.0329 vf_loss=22.6234 entropy=137.0671 kl=0.0456
  [Eval] mean_return=376.17 std_return=92.03
[Iter 187/488] steps=382976 reward=203.12 pi_loss=-0.0239 vf_loss=15.9538 entropy=137.4019 kl=0.0622
[Iter 188/488] steps=385024 reward=378.02 pi_loss=-0.0306 vf_loss=18.1959 entropy=137.3902 kl=0.0569
[Iter 189/488] steps=387072 reward=177.90 pi_loss=-0.0299 vf_loss=31.8213 entropy=136.9540 kl=0.0355
[Iter 190/488] steps=389120 reward=153.01 pi_loss=-0.0306 vf_loss=29.9135 entropy=136.7871 kl=0.0360
[Iter 191/488] steps=391168 reward=338.12 pi_loss=-0.0336 vf_loss=24.1138 entropy=137.1657 kl=0.0526
  [Eval] mean_return=357.19 std_return=152.16
[Iter 192/488] steps=393216 reward=6.50 pi_loss=-0.0349 vf_loss=27.9071 entropy=137.0712 kl=0.0441
[Iter 193/488] steps=395264 reward=369.15 pi_loss=-0.0282 vf_loss=15.7358 entropy=137.7025 kl=0.0702
[Iter 194/488] steps=397312 reward=162.00 pi_loss=-0.0340 vf_loss=28.8890 entropy=136.5393 kl=0.0414
[Iter 195/488] steps=399360 reward=160.27 pi_loss=-0.0328 vf_loss=38.7340 entropy=136.7517 kl=0.0349
[Iter 196/488] steps=401408 reward=194.52 pi_loss=-0.0246 vf_loss=21.1891 entropy=137.4951 kl=0.0644
  [Eval] mean_return=365.88 std_return=153.62
[Iter 197/488] steps=403456 reward=382.03 pi_loss=-0.0256 vf_loss=17.0725 entropy=137.2004 kl=0.0737
[Iter 198/488] steps=405504 reward=348.67 pi_loss=-0.0289 vf_loss=17.2805 entropy=137.2901 kl=0.0650
[Iter 199/488] steps=407552 reward=355.49 pi_loss=-0.0322 vf_loss=19.6268 entropy=137.2903 kl=0.0562
[Iter 200/488] steps=409600 reward=374.76 pi_loss=-0.0332 vf_loss=20.8867 entropy=137.6333 kl=0.0510
[Iter 201/488] steps=411648 reward=221.87 pi_loss=-0.0333 vf_loss=22.4919 entropy=136.9057 kl=0.0465
  [Eval] mean_return=367.96 std_return=183.90
[Iter 202/488] steps=413696 reward=144.76 pi_loss=-0.0329 vf_loss=37.0728 entropy=136.7862 kl=0.0383
[Iter 203/488] steps=415744 reward=17.43 pi_loss=-0.0352 vf_loss=29.2341 entropy=137.0351 kl=0.0478
[Iter 204/488] steps=417792 reward=282.34 pi_loss=-0.0313 vf_loss=21.7209 entropy=137.3802 kl=0.0640
[Iter 205/488] steps=419840 reward=381.49 pi_loss=-0.0238 vf_loss=16.6379 entropy=137.5893 kl=0.0705
[Iter 206/488] steps=421888 reward=272.73 pi_loss=-0.0299 vf_loss=21.1644 entropy=137.4567 kl=0.0688
  [Eval] mean_return=447.35 std_return=72.36
[Iter 207/488] steps=423936 reward=352.22 pi_loss=-0.0289 vf_loss=22.5807 entropy=136.9047 kl=0.0481
[Iter 208/488] steps=425984 reward=327.47 pi_loss=-0.0300 vf_loss=19.3263 entropy=137.2821 kl=0.0626
[Iter 209/488] steps=428032 reward=272.51 pi_loss=-0.0296 vf_loss=25.9686 entropy=136.7445 kl=0.0453
[Iter 210/488] steps=430080 reward=-171.50 pi_loss=-0.0330 vf_loss=53.0825 entropy=136.9045 kl=0.0334
  [Eval] mean_return=400.81 std_return=129.13
[Iter 211/488] steps=432128 reward=418.45 pi_loss=-0.0335 vf_loss=24.7754 entropy=137.2542 kl=0.0555
[Iter 212/488] steps=434176 reward=315.38 pi_loss=-0.0305 vf_loss=29.5998 entropy=137.0284 kl=0.0477
[Iter 213/488] steps=436224 reward=221.43 pi_loss=-0.0295 vf_loss=33.2592 entropy=137.1317 kl=0.0443
[Iter 214/488] steps=438272 reward=178.45 pi_loss=-0.0344 vf_loss=31.1219 entropy=137.2084 kl=0.0508
[Iter 215/488] steps=440320 reward=146.60 pi_loss=-0.0321 vf_loss=24.2429 entropy=137.1903 kl=0.0622
  [Eval] mean_return=415.29 std_return=51.58
[Iter 216/488] steps=442368 reward=276.70 pi_loss=-0.0282 vf_loss=26.6553 entropy=137.1207 kl=0.0583
[Iter 217/488] steps=444416 reward=378.74 pi_loss=-0.0342 vf_loss=27.1962 entropy=137.2336 kl=0.0614
[Iter 218/488] steps=446464 reward=40.29 pi_loss=-0.0318 vf_loss=51.8688 entropy=136.7968 kl=0.0353
[Iter 219/488] steps=448512 reward=290.70 pi_loss=-0.0300 vf_loss=22.4783 entropy=137.5581 kl=0.0676
[Iter 220/488] steps=450560 reward=234.73 pi_loss=-0.0274 vf_loss=20.5066 entropy=137.3818 kl=0.0648
  [Eval] mean_return=451.06 std_return=108.67
[Iter 221/488] steps=452608 reward=317.83 pi_loss=-0.0323 vf_loss=36.8880 entropy=136.9228 kl=0.0425
[Iter 222/488] steps=454656 reward=131.48 pi_loss=-0.0387 vf_loss=37.9871 entropy=136.7237 kl=0.0540
[Iter 223/488] steps=456704 reward=255.64 pi_loss=-0.0286 vf_loss=19.5723 entropy=137.2229 kl=0.0661
[Iter 224/488] steps=458752 reward=239.77 pi_loss=-0.0388 vf_loss=28.8221 entropy=136.9131 kl=0.0503
[Iter 225/488] steps=460800 reward=307.51 pi_loss=-0.0238 vf_loss=19.7369 entropy=137.6469 kl=0.0700
  [Eval] mean_return=346.41 std_return=167.15
[Iter 226/488] steps=462848 reward=363.70 pi_loss=-0.0299 vf_loss=19.4878 entropy=136.9602 kl=0.0583
[Iter 227/488] steps=464896 reward=242.98 pi_loss=-0.0322 vf_loss=28.7742 entropy=136.8415 kl=0.0445
[Iter 228/488] steps=466944 reward=275.00 pi_loss=-0.0312 vf_loss=23.5127 entropy=136.8466 kl=0.0545
[Iter 229/488] steps=468992 reward=305.15 pi_loss=-0.0296 vf_loss=18.8467 entropy=137.4219 kl=0.0682
[Iter 230/488] steps=471040 reward=385.20 pi_loss=-0.0368 vf_loss=23.8821 entropy=137.2735 kl=0.0584
  [Eval] mean_return=342.30 std_return=164.66
[Iter 231/488] steps=473088 reward=35.52 pi_loss=-0.0335 vf_loss=42.0506 entropy=136.8390 kl=0.0348
[Iter 232/488] steps=475136 reward=210.06 pi_loss=-0.0297 vf_loss=23.3003 entropy=137.1692 kl=0.0537
[Iter 233/488] steps=477184 reward=226.11 pi_loss=-0.0304 vf_loss=22.3200 entropy=137.4981 kl=0.0580
[Iter 234/488] steps=479232 reward=224.78 pi_loss=-0.0334 vf_loss=21.3161 entropy=137.1982 kl=0.0545
[Iter 235/488] steps=481280 reward=328.82 pi_loss=-0.0296 vf_loss=21.2878 entropy=137.0806 kl=0.0535
  [Eval] mean_return=366.74 std_return=134.09
[Iter 236/488] steps=483328 reward=361.12 pi_loss=-0.0263 vf_loss=18.4123 entropy=137.5942 kl=0.0705
[Iter 237/488] steps=485376 reward=-15.35 pi_loss=-0.0362 vf_loss=31.0247 entropy=136.8186 kl=0.0450
[Iter 238/488] steps=487424 reward=353.04 pi_loss=-0.0316 vf_loss=27.6437 entropy=136.9783 kl=0.0465
[Iter 239/488] steps=489472 reward=313.52 pi_loss=-0.0307 vf_loss=21.3755 entropy=137.2551 kl=0.0577
[Iter 240/488] steps=491520 reward=235.74 pi_loss=-0.0356 vf_loss=41.5987 entropy=136.9735 kl=0.0396
  [Eval] mean_return=364.77 std_return=104.28
[Iter 241/488] steps=493568 reward=61.92 pi_loss=-0.0335 vf_loss=26.8739 entropy=137.0747 kl=0.0489
[Iter 242/488] steps=495616 reward=324.38 pi_loss=-0.0348 vf_loss=25.9874 entropy=137.2200 kl=0.0569
[Iter 243/488] steps=497664 reward=308.10 pi_loss=-0.0286 vf_loss=20.1768 entropy=137.3313 kl=0.0589
[Iter 244/488] steps=499712 reward=404.59 pi_loss=-0.0342 vf_loss=31.0973 entropy=137.0498 kl=0.0439
[Iter 245/488] steps=501760 reward=210.45 pi_loss=-0.0341 vf_loss=27.4730 entropy=136.9663 kl=0.0478
  [Eval] mean_return=422.47 std_return=104.44
[Iter 246/488] steps=503808 reward=323.42 pi_loss=-0.0290 vf_loss=23.0071 entropy=136.9327 kl=0.0552
[Iter 247/488] steps=505856 reward=404.26 pi_loss=-0.0310 vf_loss=21.0421 entropy=137.5834 kl=0.0612
[Iter 248/488] steps=507904 reward=318.37 pi_loss=-0.0294 vf_loss=27.8783 entropy=137.0718 kl=0.0439
[Iter 249/488] steps=509952 reward=290.93 pi_loss=-0.0374 vf_loss=45.3839 entropy=137.0504 kl=0.0403
[Iter 250/488] steps=512000 reward=361.31 pi_loss=-0.0280 vf_loss=30.1245 entropy=137.0696 kl=0.0482
  [Eval] mean_return=398.69 std_return=146.89
[Iter 251/488] steps=514048 reward=429.89 pi_loss=-0.0293 vf_loss=23.1265 entropy=137.3137 kl=0.0581
[Iter 252/488] steps=516096 reward=268.86 pi_loss=-0.0329 vf_loss=25.2409 entropy=137.1379 kl=0.0545
[Iter 253/488] steps=518144 reward=305.94 pi_loss=-0.0340 vf_loss=28.4116 entropy=137.2820 kl=0.0527
[Iter 254/488] steps=520192 reward=382.34 pi_loss=-0.0344 vf_loss=30.7936 entropy=137.3770 kl=0.0511
  [Eval] mean_return=434.97 std_return=222.03
[Iter 255/488] steps=522240 reward=243.93 pi_loss=-0.0289 vf_loss=26.6271 entropy=137.0985 kl=0.0611
[Iter 256/488] steps=524288 reward=373.87 pi_loss=-0.0287 vf_loss=24.1621 entropy=137.3100 kl=0.0547
[Iter 257/488] steps=526336 reward=337.13 pi_loss=-0.0347 vf_loss=25.8207 entropy=137.2781 kl=0.0535
[Iter 258/488] steps=528384 reward=277.81 pi_loss=-0.0358 vf_loss=25.9717 entropy=137.1892 kl=0.0574
[Iter 259/488] steps=530432 reward=299.10 pi_loss=-0.0313 vf_loss=21.0754 entropy=137.2733 kl=0.0642
  [Eval] mean_return=497.86 std_return=73.67
[Iter 260/488] steps=532480 reward=416.07 pi_loss=-0.0318 vf_loss=20.1461 entropy=137.2609 kl=0.0592
[Iter 261/488] steps=534528 reward=398.21 pi_loss=-0.0329 vf_loss=21.7457 entropy=137.1767 kl=0.0554
[Iter 262/488] steps=536576 reward=462.58 pi_loss=-0.0256 vf_loss=20.5266 entropy=137.4594 kl=0.0665
[Iter 263/488] steps=538624 reward=482.85 pi_loss=-0.0311 vf_loss=28.3605 entropy=137.1550 kl=0.0498
[Iter 264/488] steps=540672 reward=228.81 pi_loss=-0.0318 vf_loss=37.8235 entropy=136.9500 kl=0.0409
  [Eval] mean_return=456.60 std_return=110.80
[Iter 265/488] steps=542720 reward=249.38 pi_loss=-0.0326 vf_loss=28.1470 entropy=136.9378 kl=0.0534
[Iter 266/488] steps=544768 reward=426.03 pi_loss=-0.0295 vf_loss=23.0528 entropy=136.9240 kl=0.0599
[Iter 267/488] steps=546816 reward=418.10 pi_loss=-0.0336 vf_loss=21.8062 entropy=137.0613 kl=0.0534
[Iter 268/488] steps=548864 reward=490.10 pi_loss=-0.0358 vf_loss=24.3313 entropy=136.8320 kl=0.0547
[Iter 269/488] steps=550912 reward=396.36 pi_loss=-0.0343 vf_loss=23.3474 entropy=137.3419 kl=0.0567
  [Eval] mean_return=450.77 std_return=141.54
[Iter 270/488] steps=552960 reward=402.05 pi_loss=-0.0300 vf_loss=21.0642 entropy=137.3470 kl=0.0651
[Iter 271/488] steps=555008 reward=361.63 pi_loss=-0.0331 vf_loss=29.5874 entropy=136.9273 kl=0.0475
[Iter 272/488] steps=557056 reward=371.98 pi_loss=-0.0339 vf_loss=29.0939 entropy=136.7162 kl=0.0478
[Iter 273/488] steps=559104 reward=307.24 pi_loss=-0.0322 vf_loss=23.4446 entropy=136.8029 kl=0.0548
[Iter 274/488] steps=561152 reward=376.84 pi_loss=-0.0329 vf_loss=24.8700 entropy=136.8136 kl=0.0471
  [Eval] mean_return=463.49 std_return=114.10
[Iter 275/488] steps=563200 reward=519.52 pi_loss=-0.0357 vf_loss=40.1313 entropy=136.9867 kl=0.0410
[Iter 276/488] steps=565248 reward=393.07 pi_loss=-0.0275 vf_loss=32.9763 entropy=137.1773 kl=0.0560
[Iter 277/488] steps=567296 reward=271.49 pi_loss=-0.0329 vf_loss=32.2832 entropy=137.4257 kl=0.0493
[Iter 278/488] steps=569344 reward=292.56 pi_loss=-0.0354 vf_loss=35.5814 entropy=137.0866 kl=0.0455
[Iter 279/488] steps=571392 reward=157.29 pi_loss=-0.0341 vf_loss=33.1279 entropy=137.0351 kl=0.0481
  [Eval] mean_return=519.38 std_return=64.40
[Iter 280/488] steps=573440 reward=388.78 pi_loss=-0.0347 vf_loss=48.0949 entropy=137.1683 kl=0.0399
[Iter 281/488] steps=575488 reward=204.95 pi_loss=-0.0330 vf_loss=42.7554 entropy=136.9062 kl=0.0461
[Iter 282/488] steps=577536 reward=189.98 pi_loss=-0.0334 vf_loss=29.5581 entropy=137.1983 kl=0.0634
[Iter 283/488] steps=579584 reward=429.76 pi_loss=-0.0255 vf_loss=19.9216 entropy=137.6758 kl=0.0782
[Iter 284/488] steps=581632 reward=87.44 pi_loss=-0.0345 vf_loss=41.9663 entropy=136.7598 kl=0.0400
  [Eval] mean_return=473.36 std_return=91.98
[Iter 285/488] steps=583680 reward=427.06 pi_loss=-0.0269 vf_loss=21.0874 entropy=137.2837 kl=0.0636
[Iter 286/488] steps=585728 reward=423.42 pi_loss=-0.0289 vf_loss=25.4308 entropy=136.9544 kl=0.0532
[Iter 287/488] steps=587776 reward=425.85 pi_loss=-0.0348 vf_loss=33.4374 entropy=136.7879 kl=0.0413
[Iter 288/488] steps=589824 reward=393.21 pi_loss=-0.0327 vf_loss=25.3042 entropy=137.1731 kl=0.0602
[Iter 289/488] steps=591872 reward=221.08 pi_loss=-0.0366 vf_loss=46.3262 entropy=136.9541 kl=0.0429
  [Eval] mean_return=548.91 std_return=81.06
[Iter 290/488] steps=593920 reward=376.59 pi_loss=-0.0305 vf_loss=24.8088 entropy=136.9913 kl=0.0492
[Iter 291/488] steps=595968 reward=336.58 pi_loss=-0.0270 vf_loss=25.7586 entropy=136.9232 kl=0.0556
[Iter 292/488] steps=598016 reward=452.74 pi_loss=-0.0337 vf_loss=36.9995 entropy=137.2061 kl=0.0454
[Iter 293/488] steps=600064 reward=328.10 pi_loss=-0.0343 vf_loss=34.8104 entropy=136.9004 kl=0.0425
  [Eval] mean_return=460.43 std_return=155.04
[Iter 294/488] steps=602112 reward=461.80 pi_loss=-0.0347 vf_loss=36.5131 entropy=136.9792 kl=0.0483
[Iter 295/488] steps=604160 reward=353.65 pi_loss=-0.0320 vf_loss=23.5251 entropy=137.3114 kl=0.0618
[Iter 296/488] steps=606208 reward=408.93 pi_loss=-0.0359 vf_loss=40.9127 entropy=136.9166 kl=0.0386
[Iter 297/488] steps=608256 reward=425.37 pi_loss=-0.0265 vf_loss=25.4941 entropy=137.0238 kl=0.0603
[Iter 298/488] steps=610304 reward=469.54 pi_loss=-0.0334 vf_loss=34.3707 entropy=137.1203 kl=0.0439
  [Eval] mean_return=521.77 std_return=124.42
[Iter 299/488] steps=612352 reward=482.16 pi_loss=-0.0320 vf_loss=26.2336 entropy=137.1289 kl=0.0461
[Iter 300/488] steps=614400 reward=446.95 pi_loss=-0.0291 vf_loss=27.6911 entropy=136.9938 kl=0.0539
[Iter 301/488] steps=616448 reward=462.10 pi_loss=-0.0320 vf_loss=27.9078 entropy=137.2097 kl=0.0507
[Iter 302/488] steps=618496 reward=502.52 pi_loss=-0.0319 vf_loss=32.0671 entropy=136.9421 kl=0.0498
[Iter 303/488] steps=620544 reward=477.68 pi_loss=-0.0349 vf_loss=32.8788 entropy=137.1078 kl=0.0516
  [Eval] mean_return=595.62 std_return=81.04
[Iter 304/488] steps=622592 reward=242.97 pi_loss=-0.0323 vf_loss=20.9879 entropy=137.5847 kl=0.0587
[Iter 305/488] steps=624640 reward=472.26 pi_loss=-0.0308 vf_loss=28.0570 entropy=137.3144 kl=0.0511
[Iter 306/488] steps=626688 reward=359.12 pi_loss=-0.0335 vf_loss=32.4433 entropy=137.2604 kl=0.0444
[Iter 307/488] steps=628736 reward=351.83 pi_loss=-0.0307 vf_loss=21.4351 entropy=137.4135 kl=0.0588
[Iter 308/488] steps=630784 reward=445.64 pi_loss=-0.0335 vf_loss=27.7201 entropy=137.0606 kl=0.0441
  [Eval] mean_return=428.01 std_return=186.80
[Iter 309/488] steps=632832 reward=372.26 pi_loss=-0.0351 vf_loss=27.5938 entropy=137.0604 kl=0.0502
[Iter 310/488] steps=634880 reward=509.17 pi_loss=-0.0275 vf_loss=25.9971 entropy=137.0722 kl=0.0565
[Iter 311/488] steps=636928 reward=441.91 pi_loss=-0.0320 vf_loss=23.5116 entropy=137.0876 kl=0.0525
[Iter 312/488] steps=638976 reward=415.28 pi_loss=-0.0295 vf_loss=20.1038 entropy=137.1639 kl=0.0497
[Iter 313/488] steps=641024 reward=460.98 pi_loss=-0.0319 vf_loss=32.8158 entropy=137.0288 kl=0.0406
  [Eval] mean_return=584.00 std_return=58.04
[Iter 314/488] steps=643072 reward=357.60 pi_loss=-0.0347 vf_loss=35.4531 entropy=137.0141 kl=0.0407
[Iter 315/488] steps=645120 reward=530.15 pi_loss=-0.0344 vf_loss=39.6157 entropy=136.7954 kl=0.0401
[Iter 316/488] steps=647168 reward=218.81 pi_loss=-0.0361 vf_loss=48.4040 entropy=136.9334 kl=0.0396
[Iter 317/488] steps=649216 reward=268.25 pi_loss=-0.0333 vf_loss=26.1384 entropy=137.1170 kl=0.0516
[Iter 318/488] steps=651264 reward=408.59 pi_loss=-0.0364 vf_loss=26.0581 entropy=137.2808 kl=0.0552
  [Eval] mean_return=527.05 std_return=146.03
[Iter 319/488] steps=653312 reward=545.34 pi_loss=-0.0274 vf_loss=27.2416 entropy=137.2469 kl=0.0524
[Iter 320/488] steps=655360 reward=516.67 pi_loss=-0.0293 vf_loss=27.0755 entropy=137.0609 kl=0.0489
[Iter 321/488] steps=657408 reward=477.36 pi_loss=-0.0354 vf_loss=29.2123 entropy=137.1082 kl=0.0512
[Iter 322/488] steps=659456 reward=250.63 pi_loss=-0.0327 vf_loss=35.5417 entropy=137.1362 kl=0.0411
[Iter 323/488] steps=661504 reward=358.90 pi_loss=-0.0317 vf_loss=31.2346 entropy=137.1234 kl=0.0433
  [Eval] mean_return=492.12 std_return=177.17
[Iter 324/488] steps=663552 reward=402.69 pi_loss=-0.0326 vf_loss=27.5673 entropy=136.8008 kl=0.0474
[Iter 325/488] steps=665600 reward=430.20 pi_loss=-0.0308 vf_loss=23.9595 entropy=137.1639 kl=0.0519
[Iter 326/488] steps=667648 reward=434.27 pi_loss=-0.0284 vf_loss=22.7380 entropy=137.1868 kl=0.0530
[Iter 327/488] steps=669696 reward=533.72 pi_loss=-0.0318 vf_loss=25.5124 entropy=136.9775 kl=0.0552
[Iter 328/488] steps=671744 reward=519.73 pi_loss=-0.0295 vf_loss=27.8068 entropy=137.0364 kl=0.0450
  [Eval] mean_return=575.35 std_return=118.28
[Iter 329/488] steps=673792 reward=478.29 pi_loss=-0.0292 vf_loss=22.2464 entropy=136.9956 kl=0.0488
[Iter 330/488] steps=675840 reward=522.39 pi_loss=-0.0300 vf_loss=25.0004 entropy=137.2782 kl=0.0456
[Iter 331/488] steps=677888 reward=437.99 pi_loss=-0.0329 vf_loss=22.3967 entropy=136.7476 kl=0.0521
[Iter 332/488] steps=679936 reward=468.49 pi_loss=-0.0275 vf_loss=18.4388 entropy=137.0603 kl=0.0525
[Iter 333/488] steps=681984 reward=337.49 pi_loss=-0.0387 vf_loss=35.7667 entropy=136.7238 kl=0.0374
  [Eval] mean_return=493.88 std_return=78.93
[Iter 334/488] steps=684032 reward=366.84 pi_loss=-0.0319 vf_loss=25.0220 entropy=136.8066 kl=0.0451
[Iter 335/488] steps=686080 reward=551.11 pi_loss=-0.0329 vf_loss=23.8193 entropy=136.9953 kl=0.0445
[Iter 336/488] steps=688128 reward=340.66 pi_loss=-0.0341 vf_loss=28.5340 entropy=136.7120 kl=0.0403
[Iter 337/488] steps=690176 reward=540.48 pi_loss=-0.0326 vf_loss=28.1860 entropy=136.9619 kl=0.0426
  [Eval] mean_return=536.01 std_return=177.32
[Iter 338/488] steps=692224 reward=383.55 pi_loss=-0.0364 vf_loss=29.0197 entropy=136.8286 kl=0.0416
[Iter 339/488] steps=694272 reward=375.36 pi_loss=-0.0300 vf_loss=23.6986 entropy=137.3011 kl=0.0515
[Iter 340/488] steps=696320 reward=447.83 pi_loss=-0.0276 vf_loss=22.0797 entropy=137.0855 kl=0.0483
[Iter 341/488] steps=698368 reward=618.51 pi_loss=-0.0308 vf_loss=24.1787 entropy=136.7844 kl=0.0410
[Iter 342/488] steps=700416 reward=435.61 pi_loss=-0.0311 vf_loss=30.3404 entropy=136.7441 kl=0.0393
  [Eval] mean_return=484.06 std_return=144.30
[Iter 343/488] steps=702464 reward=352.74 pi_loss=-0.0345 vf_loss=15.4850 entropy=137.3958 kl=0.0559
[Iter 344/488] steps=704512 reward=482.13 pi_loss=-0.0293 vf_loss=25.6612 entropy=136.7502 kl=0.0425
[Iter 345/488] steps=706560 reward=539.22 pi_loss=-0.0314 vf_loss=23.3310 entropy=136.6778 kl=0.0410
[Iter 346/488] steps=708608 reward=533.69 pi_loss=-0.0276 vf_loss=22.5012 entropy=136.7677 kl=0.0462
[Iter 347/488] steps=710656 reward=428.74 pi_loss=-0.0316 vf_loss=30.7390 entropy=136.6268 kl=0.0345
  [Eval] mean_return=548.90 std_return=102.54
[Iter 348/488] steps=712704 reward=390.47 pi_loss=-0.0291 vf_loss=29.5274 entropy=136.5670 kl=0.0350
[Iter 349/488] steps=714752 reward=444.38 pi_loss=-0.0281 vf_loss=23.6873 entropy=136.9698 kl=0.0442
[Iter 350/488] steps=716800 reward=440.85 pi_loss=-0.0316 vf_loss=28.7527 entropy=136.7006 kl=0.0413
[Iter 351/488] steps=718848 reward=481.37 pi_loss=-0.0295 vf_loss=23.9107 entropy=136.9439 kl=0.0440
[Iter 352/488] steps=720896 reward=538.85 pi_loss=-0.0312 vf_loss=23.7628 entropy=136.8966 kl=0.0430
  [Eval] mean_return=557.87 std_return=80.21
[Iter 353/488] steps=722944 reward=423.97 pi_loss=-0.0314 vf_loss=47.4134 entropy=136.9291 kl=0.0316
[Iter 354/488] steps=724992 reward=202.60 pi_loss=-0.0275 vf_loss=25.4555 entropy=136.8583 kl=0.0417
[Iter 355/488] steps=727040 reward=508.70 pi_loss=-0.0305 vf_loss=31.4437 entropy=136.9792 kl=0.0402
[Iter 356/488] steps=729088 reward=220.52 pi_loss=-0.0316 vf_loss=39.1157 entropy=136.6488 kl=0.0348
[Iter 357/488] steps=731136 reward=573.36 pi_loss=-0.0282 vf_loss=24.4482 entropy=137.2477 kl=0.0521
  [Eval] mean_return=575.97 std_return=86.72
[Iter 358/488] steps=733184 reward=417.19 pi_loss=-0.0324 vf_loss=20.9511 entropy=137.0873 kl=0.0501
[Iter 359/488] steps=735232 reward=475.92 pi_loss=-0.0292 vf_loss=21.8948 entropy=136.8987 kl=0.0451
[Iter 360/488] steps=737280 reward=410.48 pi_loss=-0.0338 vf_loss=27.0712 entropy=136.8197 kl=0.0403
[Iter 361/488] steps=739328 reward=425.03 pi_loss=-0.0321 vf_loss=29.1043 entropy=136.6546 kl=0.0356
[Iter 362/488] steps=741376 reward=466.81 pi_loss=-0.0294 vf_loss=26.5020 entropy=136.9964 kl=0.0416
  [Eval] mean_return=552.13 std_return=96.77
[Iter 363/488] steps=743424 reward=433.67 pi_loss=-0.0309 vf_loss=22.9976 entropy=137.1442 kl=0.0482
[Iter 364/488] steps=745472 reward=433.07 pi_loss=-0.0303 vf_loss=23.3473 entropy=136.7755 kl=0.0454
[Iter 365/488] steps=747520 reward=411.59 pi_loss=-0.0313 vf_loss=24.8040 entropy=136.9108 kl=0.0437
[Iter 366/488] steps=749568 reward=417.58 pi_loss=-0.0340 vf_loss=26.5280 entropy=136.8298 kl=0.0388
[Iter 367/488] steps=751616 reward=420.79 pi_loss=-0.0322 vf_loss=28.8354 entropy=136.9534 kl=0.0376
  [Eval] mean_return=549.27 std_return=129.93
[Iter 368/488] steps=753664 reward=310.21 pi_loss=-0.0342 vf_loss=30.7054 entropy=136.5880 kl=0.0342
[Iter 369/488] steps=755712 reward=439.90 pi_loss=-0.0327 vf_loss=23.1314 entropy=136.9809 kl=0.0474
[Iter 370/488] steps=757760 reward=429.59 pi_loss=-0.0332 vf_loss=25.6880 entropy=136.7874 kl=0.0358
[Iter 371/488] steps=759808 reward=576.77 pi_loss=-0.0284 vf_loss=31.2030 entropy=136.9215 kl=0.0382
[Iter 372/488] steps=761856 reward=461.58 pi_loss=-0.0311 vf_loss=35.4857 entropy=136.4992 kl=0.0338
  [Eval] mean_return=597.56 std_return=104.56
[Iter 373/488] steps=763904 reward=501.20 pi_loss=-0.0333 vf_loss=31.8589 entropy=136.9716 kl=0.0373
[Iter 374/488] steps=765952 reward=407.79 pi_loss=-0.0336 vf_loss=36.6524 entropy=136.8770 kl=0.0375
[Iter 375/488] steps=768000 reward=316.11 pi_loss=-0.0347 vf_loss=37.8654 entropy=136.6027 kl=0.0376
[Iter 376/488] steps=770048 reward=471.66 pi_loss=-0.0285 vf_loss=30.2988 entropy=137.1863 kl=0.0409
  [Eval] mean_return=518.50 std_return=119.21
[Iter 377/488] steps=772096 reward=540.88 pi_loss=-0.0308 vf_loss=28.6698 entropy=137.0457 kl=0.0415
[Iter 378/488] steps=774144 reward=531.30 pi_loss=-0.0290 vf_loss=28.3352 entropy=136.6257 kl=0.0414
[Iter 379/488] steps=776192 reward=511.55 pi_loss=-0.0325 vf_loss=38.6230 entropy=136.6690 kl=0.0337
[Iter 380/488] steps=778240 reward=394.38 pi_loss=-0.0289 vf_loss=26.1379 entropy=136.9619 kl=0.0407
[Iter 381/488] steps=780288 reward=504.15 pi_loss=-0.0306 vf_loss=26.8988 entropy=136.6106 kl=0.0403
  [Eval] mean_return=596.88 std_return=45.94
[Iter 382/488] steps=782336 reward=384.60 pi_loss=-0.0321 vf_loss=26.7240 entropy=136.8738 kl=0.0385
[Iter 383/488] steps=784384 reward=513.47 pi_loss=-0.0307 vf_loss=25.2461 entropy=137.0121 kl=0.0390
[Iter 384/488] steps=786432 reward=467.11 pi_loss=-0.0272 vf_loss=30.0012 entropy=136.7780 kl=0.0328
[Iter 385/488] steps=788480 reward=384.79 pi_loss=-0.0360 vf_loss=25.2435 entropy=137.0940 kl=0.0386
[Iter 386/488] steps=790528 reward=501.24 pi_loss=-0.0285 vf_loss=22.6805 entropy=136.8161 kl=0.0377
  [Eval] mean_return=467.76 std_return=214.96
[Iter 387/488] steps=792576 reward=435.70 pi_loss=-0.0323 vf_loss=26.3708 entropy=136.8427 kl=0.0379
[Iter 388/488] steps=794624 reward=517.91 pi_loss=-0.0291 vf_loss=20.2324 entropy=136.9925 kl=0.0415
[Iter 389/488] steps=796672 reward=522.22 pi_loss=-0.0280 vf_loss=23.4193 entropy=136.9172 kl=0.0409
[Iter 390/488] steps=798720 reward=477.37 pi_loss=-0.0295 vf_loss=29.3037 entropy=136.5651 kl=0.0306
[Iter 391/488] steps=800768 reward=268.02 pi_loss=-0.0332 vf_loss=24.4921 entropy=136.8555 kl=0.0395
  [Eval] mean_return=539.96 std_return=127.27
[Iter 392/488] steps=802816 reward=477.03 pi_loss=-0.0304 vf_loss=35.0608 entropy=136.8086 kl=0.0310
[Iter 393/488] steps=804864 reward=336.39 pi_loss=-0.0308 vf_loss=38.3090 entropy=137.0576 kl=0.0304
[Iter 394/488] steps=806912 reward=498.24 pi_loss=-0.0304 vf_loss=28.0667 entropy=136.8260 kl=0.0341
[Iter 395/488] steps=808960 reward=475.86 pi_loss=-0.0341 vf_loss=26.8375 entropy=137.0826 kl=0.0378
[Iter 396/488] steps=811008 reward=387.22 pi_loss=-0.0289 vf_loss=41.8424 entropy=136.7780 kl=0.0297
  [Eval] mean_return=634.06 std_return=42.46
[Iter 397/488] steps=813056 reward=505.99 pi_loss=-0.0299 vf_loss=29.3260 entropy=136.5861 kl=0.0363
[Iter 398/488] steps=815104 reward=367.60 pi_loss=-0.0336 vf_loss=19.8833 entropy=136.7534 kl=0.0397
[Iter 399/488] steps=817152 reward=456.94 pi_loss=-0.0296 vf_loss=25.2815 entropy=136.7295 kl=0.0357
[Iter 400/488] steps=819200 reward=360.35 pi_loss=-0.0338 vf_loss=29.7684 entropy=136.7241 kl=0.0327
[Iter 401/488] steps=821248 reward=448.79 pi_loss=-0.0273 vf_loss=30.7342 entropy=136.7416 kl=0.0325
  [Eval] mean_return=522.77 std_return=180.94
[Iter 402/488] steps=823296 reward=507.64 pi_loss=-0.0284 vf_loss=23.2483 entropy=136.9601 kl=0.0401
[Iter 403/488] steps=825344 reward=517.17 pi_loss=-0.0333 vf_loss=30.7785 entropy=136.8811 kl=0.0331
[Iter 404/488] steps=827392 reward=430.72 pi_loss=-0.0269 vf_loss=29.7887 entropy=136.9785 kl=0.0310
[Iter 405/488] steps=829440 reward=407.14 pi_loss=-0.0271 vf_loss=31.2050 entropy=136.7846 kl=0.0305
[Iter 406/488] steps=831488 reward=295.95 pi_loss=-0.0311 vf_loss=32.8116 entropy=137.0417 kl=0.0327
  [Eval] mean_return=600.02 std_return=111.84
[Iter 407/488] steps=833536 reward=476.12 pi_loss=-0.0326 vf_loss=30.9702 entropy=136.5324 kl=0.0329
[Iter 408/488] steps=835584 reward=393.09 pi_loss=-0.0297 vf_loss=25.5757 entropy=136.9463 kl=0.0341
[Iter 409/488] steps=837632 reward=460.09 pi_loss=-0.0277 vf_loss=27.6417 entropy=136.7604 kl=0.0334
[Iter 410/488] steps=839680 reward=487.49 pi_loss=-0.0284 vf_loss=27.6727 entropy=136.7291 kl=0.0292
[Iter 411/488] steps=841728 reward=370.17 pi_loss=-0.0295 vf_loss=45.0109 entropy=136.6599 kl=0.0289
  [Eval] mean_return=548.92 std_return=69.28
[Iter 412/488] steps=843776 reward=357.67 pi_loss=-0.0296 vf_loss=28.9094 entropy=136.6825 kl=0.0306
[Iter 413/488] steps=845824 reward=394.74 pi_loss=-0.0301 vf_loss=51.0139 entropy=136.3964 kl=0.0260
[Iter 414/488] steps=847872 reward=287.21 pi_loss=-0.0284 vf_loss=36.3725 entropy=136.5713 kl=0.0273
[Iter 415/488] steps=849920 reward=354.38 pi_loss=-0.0288 vf_loss=22.7718 entropy=136.8161 kl=0.0348
[Iter 416/488] steps=851968 reward=452.80 pi_loss=-0.0268 vf_loss=27.5065 entropy=136.6831 kl=0.0339
  [Eval] mean_return=656.67 std_return=68.26
[Iter 417/488] steps=854016 reward=450.21 pi_loss=-0.0261 vf_loss=27.7343 entropy=136.8733 kl=0.0333
[Iter 418/488] steps=856064 reward=546.11 pi_loss=-0.0260 vf_loss=27.2761 entropy=136.4080 kl=0.0309
[Iter 419/488] steps=858112 reward=555.15 pi_loss=-0.0300 vf_loss=34.0379 entropy=136.8787 kl=0.0297
[Iter 420/488] steps=860160 reward=325.89 pi_loss=-0.0296 vf_loss=32.6133 entropy=136.7220 kl=0.0280
  [Eval] mean_return=619.10 std_return=44.63
[Iter 421/488] steps=862208 reward=263.70 pi_loss=-0.0321 vf_loss=23.7341 entropy=136.9175 kl=0.0375
[Iter 422/488] steps=864256 reward=299.67 pi_loss=-0.0284 vf_loss=29.2059 entropy=136.8465 kl=0.0263
[Iter 423/488] steps=866304 reward=465.52 pi_loss=-0.0280 vf_loss=30.4891 entropy=136.6717 kl=0.0295
[Iter 424/488] steps=868352 reward=423.87 pi_loss=-0.0269 vf_loss=29.2771 entropy=136.8198 kl=0.0272
[Iter 425/488] steps=870400 reward=476.20 pi_loss=-0.0294 vf_loss=31.9596 entropy=136.6413 kl=0.0282
  [Eval] mean_return=635.74 std_return=117.99
[Iter 426/488] steps=872448 reward=345.38 pi_loss=-0.0274 vf_loss=27.0681 entropy=136.6834 kl=0.0290
[Iter 427/488] steps=874496 reward=551.92 pi_loss=-0.0241 vf_loss=26.6953 entropy=136.8308 kl=0.0291
[Iter 428/488] steps=876544 reward=607.55 pi_loss=-0.0268 vf_loss=25.1019 entropy=136.6150 kl=0.0298
[Iter 429/488] steps=878592 reward=423.24 pi_loss=-0.0260 vf_loss=34.5068 entropy=136.6018 kl=0.0259
[Iter 430/488] steps=880640 reward=506.55 pi_loss=-0.0248 vf_loss=31.2183 entropy=136.8699 kl=0.0279
  [Eval] mean_return=616.51 std_return=55.94
[Iter 431/488] steps=882688 reward=402.96 pi_loss=-0.0259 vf_loss=49.1722 entropy=136.5802 kl=0.0230
[Iter 432/488] steps=884736 reward=449.18 pi_loss=-0.0258 vf_loss=29.5073 entropy=136.7235 kl=0.0304
[Iter 433/488] steps=886784 reward=571.67 pi_loss=-0.0280 vf_loss=28.5001 entropy=136.5409 kl=0.0291
[Iter 434/488] steps=888832 reward=257.86 pi_loss=-0.0281 vf_loss=42.2573 entropy=136.6694 kl=0.0235
[Iter 435/488] steps=890880 reward=613.96 pi_loss=-0.0256 vf_loss=26.2603 entropy=136.8806 kl=0.0288
  [Eval] mean_return=583.86 std_return=109.40
[Iter 436/488] steps=892928 reward=427.65 pi_loss=-0.0285 vf_loss=34.1124 entropy=136.7360 kl=0.0260
[Iter 437/488] steps=894976 reward=441.11 pi_loss=-0.0245 vf_loss=47.5936 entropy=136.6325 kl=0.0222
[Iter 438/488] steps=897024 reward=522.50 pi_loss=-0.0234 vf_loss=35.4289 entropy=136.6539 kl=0.0256
[Iter 439/488] steps=899072 reward=493.88 pi_loss=-0.0249 vf_loss=34.0690 entropy=136.7719 kl=0.0232
[Iter 440/488] steps=901120 reward=467.80 pi_loss=-0.0236 vf_loss=27.7152 entropy=136.6201 kl=0.0254
  [Eval] mean_return=610.62 std_return=88.21
[Iter 441/488] steps=903168 reward=423.97 pi_loss=-0.0258 vf_loss=31.0660 entropy=136.5752 kl=0.0258
[Iter 442/488] steps=905216 reward=568.69 pi_loss=-0.0257 vf_loss=24.0042 entropy=136.9413 kl=0.0261
[Iter 443/488] steps=907264 reward=382.57 pi_loss=-0.0232 vf_loss=35.8331 entropy=136.2680 kl=0.0217
[Iter 444/488] steps=909312 reward=436.89 pi_loss=-0.0262 vf_loss=31.0536 entropy=136.8482 kl=0.0228
[Iter 445/488] steps=911360 reward=376.12 pi_loss=-0.0214 vf_loss=25.9862 entropy=136.4704 kl=0.0226
  [Eval] mean_return=638.74 std_return=52.42
[Iter 446/488] steps=913408 reward=497.40 pi_loss=-0.0226 vf_loss=27.3376 entropy=136.7725 kl=0.0247
[Iter 447/488] steps=915456 reward=540.07 pi_loss=-0.0225 vf_loss=26.4961 entropy=136.6232 kl=0.0239
[Iter 448/488] steps=917504 reward=419.36 pi_loss=-0.0196 vf_loss=37.9491 entropy=136.5176 kl=0.0198
[Iter 449/488] steps=919552 reward=509.79 pi_loss=-0.0251 vf_loss=43.4618 entropy=136.5373 kl=0.0207
[Iter 450/488] steps=921600 reward=375.34 pi_loss=-0.0205 vf_loss=21.6203 entropy=136.7106 kl=0.0252
  [Eval] mean_return=583.46 std_return=67.33
[Iter 451/488] steps=923648 reward=450.94 pi_loss=-0.0225 vf_loss=40.2535 entropy=136.7562 kl=0.0188
[Iter 452/488] steps=925696 reward=333.84 pi_loss=-0.0232 vf_loss=25.4240 entropy=136.5090 kl=0.0226
[Iter 453/488] steps=927744 reward=590.21 pi_loss=-0.0206 vf_loss=23.1861 entropy=136.6495 kl=0.0232
[Iter 454/488] steps=929792 reward=562.45 pi_loss=-0.0216 vf_loss=30.7350 entropy=136.7351 kl=0.0200
[Iter 455/488] steps=931840 reward=436.43 pi_loss=-0.0175 vf_loss=35.3317 entropy=136.5678 kl=0.0176
  [Eval] mean_return=659.51 std_return=52.54
[Iter 456/488] steps=933888 reward=568.26 pi_loss=-0.0219 vf_loss=26.6864 entropy=136.8322 kl=0.0215
[Iter 457/488] steps=935936 reward=461.40 pi_loss=-0.0201 vf_loss=37.0745 entropy=136.7001 kl=0.0187
[Iter 458/488] steps=937984 reward=490.68 pi_loss=-0.0213 vf_loss=34.2252 entropy=136.2413 kl=0.0170
[Iter 459/488] steps=940032 reward=460.77 pi_loss=-0.0187 vf_loss=28.0032 entropy=136.4908 kl=0.0219
  [Eval] mean_return=611.74 std_return=90.71
[Iter 460/488] steps=942080 reward=488.41 pi_loss=-0.0192 vf_loss=34.0798 entropy=136.6312 kl=0.0191
[Iter 461/488] steps=944128 reward=487.25 pi_loss=-0.0202 vf_loss=26.3777 entropy=136.6086 kl=0.0191
[Iter 462/488] steps=946176 reward=505.22 pi_loss=-0.0173 vf_loss=25.1424 entropy=136.3174 kl=0.0173
[Iter 463/488] steps=948224 reward=483.86 pi_loss=-0.0173 vf_loss=27.8275 entropy=136.5854 kl=0.0182
[Iter 464/488] steps=950272 reward=516.18 pi_loss=-0.0206 vf_loss=22.3468 entropy=136.4592 kl=0.0197
  [Eval] mean_return=654.08 std_return=100.55
[Iter 465/488] steps=952320 reward=613.90 pi_loss=-0.0163 vf_loss=23.5837 entropy=136.4521 kl=0.0166
[Iter 466/488] steps=954368 reward=531.22 pi_loss=-0.0174 vf_loss=27.0585 entropy=136.5226 kl=0.0175
[Iter 467/488] steps=956416 reward=582.43 pi_loss=-0.0154 vf_loss=29.1645 entropy=136.4283 kl=0.0153
[Iter 468/488] steps=958464 reward=506.96 pi_loss=-0.0175 vf_loss=34.2126 entropy=136.5410 kl=0.0148
[Iter 469/488] steps=960512 reward=500.50 pi_loss=-0.0178 vf_loss=30.9853 entropy=136.8373 kl=0.0161
  [Eval] mean_return=604.67 std_return=104.71
[Iter 470/488] steps=962560 reward=471.20 pi_loss=-0.0172 vf_loss=24.6989 entropy=136.5895 kl=0.0185
[Iter 471/488] steps=964608 reward=440.08 pi_loss=-0.0177 vf_loss=32.2116 entropy=136.6518 kl=0.0151
[Iter 472/488] steps=966656 reward=516.10 pi_loss=-0.0166 vf_loss=24.8624 entropy=136.3818 kl=0.0145
[Iter 473/488] steps=968704 reward=437.37 pi_loss=-0.0140 vf_loss=27.5066 entropy=136.4511 kl=0.0133
[Iter 474/488] steps=970752 reward=563.61 pi_loss=-0.0127 vf_loss=36.8423 entropy=136.4110 kl=0.0115
  [Eval] mean_return=664.71 std_return=29.82
[Iter 475/488] steps=972800 reward=380.86 pi_loss=-0.0135 vf_loss=44.5028 entropy=136.4634 kl=0.0130
[Iter 476/488] steps=974848 reward=530.48 pi_loss=-0.0143 vf_loss=21.8788 entropy=136.4091 kl=0.0147
[Iter 477/488] steps=976896 reward=440.43 pi_loss=-0.0107 vf_loss=47.8087 entropy=136.4540 kl=0.0097
[Iter 478/488] steps=978944 reward=531.51 pi_loss=-0.0123 vf_loss=28.8851 entropy=136.5580 kl=0.0118
[Iter 479/488] steps=980992 reward=439.71 pi_loss=-0.0148 vf_loss=19.1834 entropy=136.6328 kl=0.0152
  [Eval] mean_return=598.75 std_return=74.51
[Iter 480/488] steps=983040 reward=516.19 pi_loss=-0.0103 vf_loss=35.7049 entropy=136.2202 kl=0.0099
[Iter 481/488] steps=985088 reward=402.58 pi_loss=-0.0096 vf_loss=35.8814 entropy=136.5309 kl=0.0089
[Iter 482/488] steps=987136 reward=454.30 pi_loss=-0.0116 vf_loss=27.0220 entropy=136.4516 kl=0.0114
[Iter 483/488] steps=989184 reward=511.83 pi_loss=-0.0087 vf_loss=29.0751 entropy=136.1907 kl=0.0102
[Iter 484/488] steps=991232 reward=557.19 pi_loss=-0.0067 vf_loss=26.6681 entropy=136.3999 kl=0.0075
  [Eval] mean_return=641.55 std_return=52.78
[Iter 485/488] steps=993280 reward=515.04 pi_loss=-0.0060 vf_loss=27.4305 entropy=135.9795 kl=0.0063
[Iter 486/488] steps=995328 reward=456.21 pi_loss=-0.0047 vf_loss=36.9276 entropy=136.3049 kl=0.0044
[Iter 487/488] steps=997376 reward=470.60 pi_loss=-0.0040 vf_loss=29.1848 entropy=136.1746 kl=0.0028
[Iter 488/488] steps=999424 reward=481.05 pi_loss=-0.0020 vf_loss=28.0251 entropy=136.3177 kl=0.0012
Training complete. Logs saved to results/K_ablation/K16_perstep_uniform/seed_42
