[Iter 1/488] steps=2048 reward=-454.53 pi_loss=-0.0254 vf_loss=12.3089 entropy=34.1564 kl=0.0254
[Iter 2/488] steps=4096 reward=-386.73 pi_loss=-0.0338 vf_loss=9.3986 entropy=34.1717 kl=0.0305
[Iter 3/488] steps=6144 reward=-426.94 pi_loss=-0.0389 vf_loss=9.4286 entropy=34.2007 kl=0.0352
[Iter 4/488] steps=8192 reward=-403.46 pi_loss=-0.0353 vf_loss=13.9557 entropy=34.2810 kl=0.0292
[Iter 5/488] steps=10240 reward=-455.83 pi_loss=-0.0433 vf_loss=10.4373 entropy=34.2234 kl=0.0478
  [Eval] mean_return=-172.27 std_return=84.32
[Iter 6/488] steps=12288 reward=-444.41 pi_loss=-0.0353 vf_loss=19.0267 entropy=34.2845 kl=0.0310
[Iter 7/488] steps=14336 reward=-360.09 pi_loss=-0.0487 vf_loss=11.3845 entropy=34.2162 kl=0.0497
[Iter 8/488] steps=16384 reward=-401.99 pi_loss=-0.0424 vf_loss=13.3822 entropy=34.2201 kl=0.0446
[Iter 9/488] steps=18432 reward=-350.64 pi_loss=-0.0481 vf_loss=13.8714 entropy=34.2482 kl=0.0715
[Iter 10/488] steps=20480 reward=-345.56 pi_loss=-0.0400 vf_loss=20.7177 entropy=34.1790 kl=0.0382
  [Eval] mean_return=-191.12 std_return=35.61
[Iter 11/488] steps=22528 reward=-320.47 pi_loss=-0.0480 vf_loss=10.9600 entropy=34.3501 kl=0.0590
[Iter 12/488] steps=24576 reward=-352.38 pi_loss=-0.0441 vf_loss=19.6911 entropy=34.1844 kl=0.0406
[Iter 13/488] steps=26624 reward=-341.02 pi_loss=-0.0528 vf_loss=8.0158 entropy=34.2341 kl=0.0553
[Iter 14/488] steps=28672 reward=-288.48 pi_loss=-0.0462 vf_loss=9.5068 entropy=34.2077 kl=0.0649
[Iter 15/488] steps=30720 reward=-340.58 pi_loss=-0.0496 vf_loss=13.3791 entropy=34.2477 kl=0.0468
  [Eval] mean_return=-249.51 std_return=35.41
[Iter 16/488] steps=32768 reward=-417.58 pi_loss=-0.0570 vf_loss=6.1388 entropy=34.3592 kl=0.0634
[Iter 17/488] steps=34816 reward=-333.49 pi_loss=-0.0563 vf_loss=8.1338 entropy=34.3913 kl=0.0796
[Iter 18/488] steps=36864 reward=-390.73 pi_loss=-0.0513 vf_loss=11.2576 entropy=34.1870 kl=0.0470
[Iter 19/488] steps=38912 reward=-358.01 pi_loss=-0.0557 vf_loss=9.8966 entropy=34.2976 kl=0.0611
[Iter 20/488] steps=40960 reward=-298.26 pi_loss=-0.0560 vf_loss=13.1421 entropy=34.4274 kl=0.0595
  [Eval] mean_return=-122.05 std_return=36.43
[Iter 21/488] steps=43008 reward=-281.51 pi_loss=-0.0557 vf_loss=13.8061 entropy=34.1931 kl=0.0675
[Iter 22/488] steps=45056 reward=-236.75 pi_loss=-0.0631 vf_loss=13.3381 entropy=34.3631 kl=0.0731
[Iter 23/488] steps=47104 reward=-334.84 pi_loss=-0.0604 vf_loss=9.9732 entropy=34.4929 kl=0.0996
[Iter 24/488] steps=49152 reward=-358.41 pi_loss=-0.0611 vf_loss=8.8504 entropy=34.4472 kl=0.0971
[Iter 25/488] steps=51200 reward=-244.79 pi_loss=-0.0623 vf_loss=10.7591 entropy=34.5028 kl=0.0806
  [Eval] mean_return=-27.93 std_return=46.21
[Iter 26/488] steps=53248 reward=-254.56 pi_loss=-0.0599 vf_loss=9.5155 entropy=34.2408 kl=0.0703
[Iter 27/488] steps=55296 reward=-337.93 pi_loss=-0.0601 vf_loss=16.6050 entropy=34.2758 kl=0.0579
[Iter 28/488] steps=57344 reward=-210.76 pi_loss=-0.0634 vf_loss=12.6898 entropy=34.5113 kl=0.0679
[Iter 29/488] steps=59392 reward=-203.95 pi_loss=-0.0658 vf_loss=9.9223 entropy=34.4271 kl=0.0862
[Iter 30/488] steps=61440 reward=-140.80 pi_loss=-0.0659 vf_loss=8.9820 entropy=34.4911 kl=0.1072
  [Eval] mean_return=41.19 std_return=46.56
[Iter 31/488] steps=63488 reward=-190.13 pi_loss=-0.0624 vf_loss=10.9855 entropy=34.4930 kl=0.0836
[Iter 32/488] steps=65536 reward=-166.59 pi_loss=-0.0619 vf_loss=11.2667 entropy=34.5345 kl=0.0866
[Iter 33/488] steps=67584 reward=-147.71 pi_loss=-0.0667 vf_loss=9.4763 entropy=34.3676 kl=0.0843
[Iter 34/488] steps=69632 reward=-147.44 pi_loss=-0.0705 vf_loss=7.5870 entropy=34.5823 kl=0.1081
[Iter 35/488] steps=71680 reward=-116.70 pi_loss=-0.0675 vf_loss=8.1521 entropy=34.4698 kl=0.0958
  [Eval] mean_return=113.72 std_return=64.10
[Iter 36/488] steps=73728 reward=-110.81 pi_loss=-0.0681 vf_loss=9.0109 entropy=34.3474 kl=0.0870
[Iter 37/488] steps=75776 reward=-131.61 pi_loss=-0.0672 vf_loss=26.4109 entropy=34.3211 kl=0.0788
[Iter 38/488] steps=77824 reward=-307.26 pi_loss=-0.0717 vf_loss=14.2202 entropy=34.4041 kl=0.0692
[Iter 39/488] steps=79872 reward=-107.57 pi_loss=-0.0658 vf_loss=8.4084 entropy=34.4172 kl=0.0986
[Iter 40/488] steps=81920 reward=-51.40 pi_loss=-0.0666 vf_loss=8.5772 entropy=34.5073 kl=0.1141
  [Eval] mean_return=208.21 std_return=69.34
[Iter 41/488] steps=83968 reward=-60.43 pi_loss=-0.0693 vf_loss=8.6965 entropy=34.4500 kl=0.1017
[Iter 42/488] steps=86016 reward=-24.57 pi_loss=-0.0633 vf_loss=10.0355 entropy=34.3578 kl=0.0906
[Iter 43/488] steps=88064 reward=44.73 pi_loss=-0.0675 vf_loss=9.7013 entropy=34.4638 kl=0.0898
[Iter 44/488] steps=90112 reward=-30.11 pi_loss=-0.0716 vf_loss=7.4840 entropy=34.7476 kl=0.1290
  [Eval] mean_return=201.95 std_return=71.70
[Iter 45/488] steps=92160 reward=-32.14 pi_loss=-0.0679 vf_loss=12.4970 entropy=34.3079 kl=0.0796
[Iter 46/488] steps=94208 reward=-3.75 pi_loss=-0.0677 vf_loss=12.1296 entropy=34.3301 kl=0.0887
[Iter 47/488] steps=96256 reward=47.54 pi_loss=-0.0685 vf_loss=11.6041 entropy=34.3775 kl=0.1045
[Iter 48/488] steps=98304 reward=41.09 pi_loss=-0.0607 vf_loss=9.5275 entropy=34.6728 kl=0.1209
[Iter 49/488] steps=100352 reward=19.51 pi_loss=-0.0651 vf_loss=10.3739 entropy=34.6687 kl=0.1221
  [Eval] mean_return=201.18 std_return=51.57
[Iter 50/488] steps=102400 reward=23.30 pi_loss=-0.0662 vf_loss=12.5816 entropy=34.3244 kl=0.0881
[Iter 51/488] steps=104448 reward=-69.81 pi_loss=-0.0707 vf_loss=10.3519 entropy=34.6701 kl=0.1321
[Iter 52/488] steps=106496 reward=-29.57 pi_loss=-0.0690 vf_loss=8.8614 entropy=34.6148 kl=0.1268
[Iter 53/488] steps=108544 reward=21.62 pi_loss=-0.0678 vf_loss=10.4673 entropy=34.4769 kl=0.1111
[Iter 54/488] steps=110592 reward=50.31 pi_loss=-0.0728 vf_loss=11.4571 entropy=34.2601 kl=0.0949
  [Eval] mean_return=235.05 std_return=55.43
[Iter 55/488] steps=112640 reward=34.62 pi_loss=-0.0688 vf_loss=8.9347 entropy=34.8070 kl=0.1622
[Iter 56/488] steps=114688 reward=121.79 pi_loss=-0.0608 vf_loss=9.8086 entropy=34.4600 kl=0.1362
[Iter 57/488] steps=116736 reward=217.59 pi_loss=-0.0650 vf_loss=9.5403 entropy=34.7203 kl=0.1412
[Iter 58/488] steps=118784 reward=152.48 pi_loss=-0.0684 vf_loss=8.6787 entropy=34.6535 kl=0.1341
[Iter 59/488] steps=120832 reward=153.50 pi_loss=-0.0666 vf_loss=11.8181 entropy=34.5107 kl=0.1043
  [Eval] mean_return=295.56 std_return=60.23
[Iter 60/488] steps=122880 reward=117.01 pi_loss=-0.0749 vf_loss=12.1058 entropy=34.4483 kl=0.0993
[Iter 61/488] steps=124928 reward=96.87 pi_loss=-0.0671 vf_loss=9.9162 entropy=34.4247 kl=0.1090
[Iter 62/488] steps=126976 reward=264.78 pi_loss=-0.0667 vf_loss=14.3942 entropy=34.3874 kl=0.1017
[Iter 63/488] steps=129024 reward=135.93 pi_loss=-0.0754 vf_loss=16.0874 entropy=34.3826 kl=0.0843
[Iter 64/488] steps=131072 reward=112.95 pi_loss=-0.0732 vf_loss=11.9536 entropy=34.5615 kl=0.1167
  [Eval] mean_return=366.69 std_return=57.89
[Iter 65/488] steps=133120 reward=186.35 pi_loss=-0.0692 vf_loss=12.7948 entropy=34.6172 kl=0.1099
[Iter 66/488] steps=135168 reward=171.22 pi_loss=-0.0707 vf_loss=11.3166 entropy=34.8110 kl=0.1402
[Iter 67/488] steps=137216 reward=120.00 pi_loss=-0.0716 vf_loss=13.7726 entropy=34.6349 kl=0.1167
[Iter 68/488] steps=139264 reward=184.86 pi_loss=-0.0633 vf_loss=12.6229 entropy=34.7452 kl=0.1620
[Iter 69/488] steps=141312 reward=66.88 pi_loss=-0.0710 vf_loss=10.8058 entropy=34.6460 kl=0.1482
  [Eval] mean_return=272.55 std_return=72.10
[Iter 70/488] steps=143360 reward=90.39 pi_loss=-0.0681 vf_loss=10.1390 entropy=34.5584 kl=0.1429
[Iter 71/488] steps=145408 reward=186.21 pi_loss=-0.0646 vf_loss=11.3665 entropy=34.6063 kl=0.1227
[Iter 72/488] steps=147456 reward=74.83 pi_loss=-0.0743 vf_loss=14.1221 entropy=34.4505 kl=0.0948
[Iter 73/488] steps=149504 reward=109.80 pi_loss=-0.0629 vf_loss=10.0388 entropy=34.7124 kl=0.1648
[Iter 74/488] steps=151552 reward=243.43 pi_loss=-0.0660 vf_loss=12.1804 entropy=34.4188 kl=0.1247
  [Eval] mean_return=305.16 std_return=116.07
[Iter 75/488] steps=153600 reward=133.20 pi_loss=-0.0728 vf_loss=13.4271 entropy=34.5806 kl=0.1194
[Iter 76/488] steps=155648 reward=234.87 pi_loss=-0.0636 vf_loss=10.3305 entropy=34.6706 kl=0.1616
[Iter 77/488] steps=157696 reward=170.92 pi_loss=-0.0709 vf_loss=8.8936 entropy=34.5355 kl=0.1710
[Iter 78/488] steps=159744 reward=84.53 pi_loss=-0.0766 vf_loss=10.8617 entropy=34.6147 kl=0.1157
[Iter 79/488] steps=161792 reward=130.92 pi_loss=-0.0737 vf_loss=11.9617 entropy=34.4826 kl=0.1214
  [Eval] mean_return=336.73 std_return=89.29
[Iter 80/488] steps=163840 reward=177.07 pi_loss=-0.0701 vf_loss=12.2448 entropy=34.6904 kl=0.1375
[Iter 81/488] steps=165888 reward=231.42 pi_loss=-0.0726 vf_loss=13.3779 entropy=34.6822 kl=0.1333
[Iter 82/488] steps=167936 reward=165.17 pi_loss=-0.0738 vf_loss=14.2912 entropy=34.7141 kl=0.1329
[Iter 83/488] steps=169984 reward=202.08 pi_loss=-0.0715 vf_loss=12.6395 entropy=34.6812 kl=0.1350
[Iter 84/488] steps=172032 reward=176.32 pi_loss=-0.0783 vf_loss=12.4259 entropy=34.4238 kl=0.1128
  [Eval] mean_return=425.88 std_return=54.38
[Iter 85/488] steps=174080 reward=220.03 pi_loss=-0.0720 vf_loss=12.9065 entropy=34.6067 kl=0.1256
[Iter 86/488] steps=176128 reward=202.48 pi_loss=-0.0776 vf_loss=14.3750 entropy=34.5185 kl=0.1127
[Iter 87/488] steps=178176 reward=267.06 pi_loss=-0.0730 vf_loss=13.3258 entropy=34.5124 kl=0.1151
[Iter 88/488] steps=180224 reward=48.27 pi_loss=-0.0751 vf_loss=23.2540 entropy=34.4008 kl=0.0821
  [Eval] mean_return=368.32 std_return=64.76
[Iter 89/488] steps=182272 reward=314.34 pi_loss=-0.0600 vf_loss=11.7444 entropy=34.9034 kl=0.2120
[Iter 90/488] steps=184320 reward=204.46 pi_loss=-0.0684 vf_loss=17.9879 entropy=34.4962 kl=0.1042
[Iter 91/488] steps=186368 reward=276.30 pi_loss=-0.0685 vf_loss=14.3317 entropy=34.7455 kl=0.1440
[Iter 92/488] steps=188416 reward=180.96 pi_loss=-0.0539 vf_loss=10.0267 entropy=35.3505 kl=0.2847
[Iter 93/488] steps=190464 reward=161.09 pi_loss=-0.0857 vf_loss=9.6582 entropy=34.7538 kl=0.1673
  [Eval] mean_return=368.01 std_return=80.65
[Iter 94/488] steps=192512 reward=153.23 pi_loss=-0.0808 vf_loss=9.7791 entropy=34.6926 kl=0.1855
[Iter 95/488] steps=194560 reward=241.55 pi_loss=-0.0703 vf_loss=11.3297 entropy=34.6579 kl=0.1443
[Iter 96/488] steps=196608 reward=200.76 pi_loss=-0.0705 vf_loss=13.4949 entropy=34.5596 kl=0.1385
[Iter 97/488] steps=198656 reward=282.46 pi_loss=-0.0787 vf_loss=11.9076 entropy=34.7538 kl=0.1524
[Iter 98/488] steps=200704 reward=151.65 pi_loss=-0.0845 vf_loss=12.4709 entropy=34.6095 kl=0.1245
  [Eval] mean_return=412.45 std_return=65.16
[Iter 99/488] steps=202752 reward=124.95 pi_loss=-0.0762 vf_loss=10.9351 entropy=34.7366 kl=0.1573
[Iter 100/488] steps=204800 reward=232.15 pi_loss=-0.0655 vf_loss=15.8796 entropy=34.8411 kl=0.1736
[Iter 101/488] steps=206848 reward=258.25 pi_loss=-0.0785 vf_loss=14.5868 entropy=34.6251 kl=0.1345
[Iter 102/488] steps=208896 reward=277.23 pi_loss=-0.0688 vf_loss=16.8657 entropy=34.4723 kl=0.1128
[Iter 103/488] steps=210944 reward=232.70 pi_loss=-0.0778 vf_loss=16.4931 entropy=34.5963 kl=0.1275
  [Eval] mean_return=445.10 std_return=33.20
[Iter 104/488] steps=212992 reward=63.41 pi_loss=-0.0740 vf_loss=17.6510 entropy=34.4673 kl=0.1000
[Iter 105/488] steps=215040 reward=193.05 pi_loss=-0.0672 vf_loss=10.1386 entropy=34.7213 kl=0.1807
[Iter 106/488] steps=217088 reward=235.60 pi_loss=-0.0796 vf_loss=16.2042 entropy=34.5788 kl=0.1091
[Iter 107/488] steps=219136 reward=169.40 pi_loss=-0.0775 vf_loss=11.1074 entropy=34.7840 kl=0.1661
[Iter 108/488] steps=221184 reward=151.81 pi_loss=-0.0717 vf_loss=9.3460 entropy=34.8846 kl=0.1739
  [Eval] mean_return=367.65 std_return=33.29
[Iter 109/488] steps=223232 reward=218.41 pi_loss=-0.0775 vf_loss=12.1722 entropy=34.4748 kl=0.1411
[Iter 110/488] steps=225280 reward=135.61 pi_loss=-0.0796 vf_loss=11.5645 entropy=34.6583 kl=0.1753
[Iter 111/488] steps=227328 reward=228.49 pi_loss=-0.0804 vf_loss=14.8771 entropy=34.4373 kl=0.1178
[Iter 112/488] steps=229376 reward=123.78 pi_loss=-0.0871 vf_loss=16.5534 entropy=34.4472 kl=0.1215
[Iter 113/488] steps=231424 reward=172.28 pi_loss=-0.0852 vf_loss=14.6401 entropy=34.5131 kl=0.1222
  [Eval] mean_return=432.11 std_return=43.18
[Iter 114/488] steps=233472 reward=183.90 pi_loss=-0.0806 vf_loss=15.8323 entropy=34.6565 kl=0.1388
[Iter 115/488] steps=235520 reward=204.93 pi_loss=-0.0772 vf_loss=13.6351 entropy=34.6711 kl=0.1395
[Iter 116/488] steps=237568 reward=70.51 pi_loss=-0.0571 vf_loss=17.1694 entropy=35.0497 kl=0.2208
[Iter 117/488] steps=239616 reward=270.84 pi_loss=-0.0771 vf_loss=18.4884 entropy=34.4989 kl=0.1349
[Iter 118/488] steps=241664 reward=228.41 pi_loss=-0.0719 vf_loss=13.7017 entropy=34.7988 kl=0.1768
  [Eval] mean_return=419.14 std_return=75.02
[Iter 119/488] steps=243712 reward=238.36 pi_loss=-0.0793 vf_loss=15.5910 entropy=34.6484 kl=0.1341
[Iter 120/488] steps=245760 reward=200.24 pi_loss=-0.0744 vf_loss=11.8955 entropy=34.6459 kl=0.1634
[Iter 121/488] steps=247808 reward=275.32 pi_loss=-0.0837 vf_loss=14.5394 entropy=34.6349 kl=0.1426
[Iter 122/488] steps=249856 reward=219.07 pi_loss=-0.0732 vf_loss=16.9017 entropy=34.6999 kl=0.1654
[Iter 123/488] steps=251904 reward=281.25 pi_loss=-0.0764 vf_loss=15.4259 entropy=34.5574 kl=0.1396
  [Eval] mean_return=468.38 std_return=42.96
[Iter 124/488] steps=253952 reward=263.35 pi_loss=-0.0689 vf_loss=12.6376 entropy=34.8181 kl=0.1832
[Iter 125/488] steps=256000 reward=269.32 pi_loss=-0.0800 vf_loss=15.6829 entropy=34.4958 kl=0.1388
[Iter 126/488] steps=258048 reward=310.34 pi_loss=-0.0800 vf_loss=12.2934 entropy=34.7955 kl=0.1804
[Iter 127/488] steps=260096 reward=251.23 pi_loss=-0.0769 vf_loss=13.5832 entropy=34.8067 kl=0.1519
  [Eval] mean_return=436.30 std_return=72.24
[Iter 128/488] steps=262144 reward=159.11 pi_loss=-0.0850 vf_loss=11.8880 entropy=34.5547 kl=0.1486
[Iter 129/488] steps=264192 reward=171.81 pi_loss=-0.0804 vf_loss=14.6114 entropy=34.5485 kl=0.1225
[Iter 130/488] steps=266240 reward=314.07 pi_loss=-0.0796 vf_loss=21.6462 entropy=34.5155 kl=0.1009
[Iter 131/488] steps=268288 reward=139.08 pi_loss=-0.0771 vf_loss=13.5300 entropy=34.7464 kl=0.1552
[Iter 132/488] steps=270336 reward=205.80 pi_loss=-0.0721 vf_loss=10.7806 entropy=35.0193 kl=0.2236
  [Eval] mean_return=424.17 std_return=64.31
[Iter 133/488] steps=272384 reward=166.09 pi_loss=-0.0819 vf_loss=15.0192 entropy=34.6543 kl=0.1322
[Iter 134/488] steps=274432 reward=318.96 pi_loss=-0.0759 vf_loss=14.8034 entropy=34.7516 kl=0.1487
[Iter 135/488] steps=276480 reward=122.30 pi_loss=-0.0825 vf_loss=11.1686 entropy=34.9376 kl=0.1835
[Iter 136/488] steps=278528 reward=218.60 pi_loss=-0.0764 vf_loss=13.4139 entropy=34.7997 kl=0.1564
[Iter 137/488] steps=280576 reward=246.37 pi_loss=-0.0848 vf_loss=21.6395 entropy=34.5699 kl=0.1134
  [Eval] mean_return=477.82 std_return=125.07
[Iter 138/488] steps=282624 reward=266.00 pi_loss=-0.0910 vf_loss=17.1802 entropy=34.4241 kl=0.1198
[Iter 139/488] steps=284672 reward=63.70 pi_loss=-0.0841 vf_loss=13.8215 entropy=34.6102 kl=0.1531
[Iter 140/488] steps=286720 reward=168.06 pi_loss=-0.0782 vf_loss=16.5535 entropy=34.7328 kl=0.1706
[Iter 141/488] steps=288768 reward=-70.38 pi_loss=-0.0825 vf_loss=20.7626 entropy=34.5963 kl=0.1184
[Iter 142/488] steps=290816 reward=129.33 pi_loss=-0.0774 vf_loss=13.1922 entropy=35.1160 kl=0.2222
  [Eval] mean_return=443.90 std_return=95.66
[Iter 143/488] steps=292864 reward=129.22 pi_loss=-0.0802 vf_loss=16.0182 entropy=34.6626 kl=0.1800
[Iter 144/488] steps=294912 reward=212.78 pi_loss=-0.0722 vf_loss=11.4835 entropy=34.7285 kl=0.1827
[Iter 145/488] steps=296960 reward=214.91 pi_loss=-0.0732 vf_loss=14.3239 entropy=34.7063 kl=0.1624
[Iter 146/488] steps=299008 reward=198.41 pi_loss=-0.0813 vf_loss=20.1403 entropy=34.5067 kl=0.1080
[Iter 147/488] steps=301056 reward=360.01 pi_loss=-0.0695 vf_loss=17.2834 entropy=34.6134 kl=0.1516
  [Eval] mean_return=378.03 std_return=105.29
[Iter 148/488] steps=303104 reward=230.97 pi_loss=-0.0392 vf_loss=12.7534 entropy=36.4741 kl=0.5534
[Iter 149/488] steps=305152 reward=134.36 pi_loss=-0.0806 vf_loss=19.3505 entropy=34.5746 kl=0.1046
[Iter 150/488] steps=307200 reward=122.75 pi_loss=-0.0785 vf_loss=16.2153 entropy=34.7642 kl=0.1525
[Iter 151/488] steps=309248 reward=265.05 pi_loss=-0.0791 vf_loss=15.8411 entropy=34.8148 kl=0.1686
[Iter 152/488] steps=311296 reward=290.35 pi_loss=-0.0754 vf_loss=10.1510 entropy=35.0265 kl=0.2244
  [Eval] mean_return=420.24 std_return=64.82
[Iter 153/488] steps=313344 reward=281.13 pi_loss=-0.0852 vf_loss=14.7849 entropy=34.6900 kl=0.1320
[Iter 154/488] steps=315392 reward=70.92 pi_loss=-0.0906 vf_loss=12.3859 entropy=34.7180 kl=0.1643
[Iter 155/488] steps=317440 reward=303.73 pi_loss=-0.0859 vf_loss=13.7939 entropy=34.6691 kl=0.1421
[Iter 156/488] steps=319488 reward=282.89 pi_loss=-0.0713 vf_loss=15.4602 entropy=34.7224 kl=0.1665
[Iter 157/488] steps=321536 reward=293.34 pi_loss=-0.0824 vf_loss=12.5524 entropy=34.6824 kl=0.1863
  [Eval] mean_return=384.28 std_return=67.88
[Iter 158/488] steps=323584 reward=313.86 pi_loss=-0.0744 vf_loss=12.2496 entropy=34.7966 kl=0.1705
[Iter 159/488] steps=325632 reward=229.94 pi_loss=-0.0771 vf_loss=12.5257 entropy=34.6408 kl=0.1741
[Iter 160/488] steps=327680 reward=200.18 pi_loss=-0.0853 vf_loss=14.7639 entropy=34.6078 kl=0.1553
[Iter 161/488] steps=329728 reward=180.94 pi_loss=-0.0870 vf_loss=15.4740 entropy=34.6081 kl=0.1520
[Iter 162/488] steps=331776 reward=93.38 pi_loss=-0.0840 vf_loss=17.2092 entropy=34.6086 kl=0.1261
  [Eval] mean_return=406.96 std_return=99.25
[Iter 163/488] steps=333824 reward=335.63 pi_loss=-0.0465 vf_loss=12.5455 entropy=35.5074 kl=0.2920
[Iter 164/488] steps=335872 reward=328.18 pi_loss=-0.0837 vf_loss=15.8875 entropy=34.7283 kl=0.1346
[Iter 165/488] steps=337920 reward=264.86 pi_loss=-0.0730 vf_loss=10.7240 entropy=34.8172 kl=0.1777
[Iter 166/488] steps=339968 reward=175.24 pi_loss=-0.0726 vf_loss=20.1394 entropy=34.5322 kl=0.1278
[Iter 167/488] steps=342016 reward=259.01 pi_loss=-0.0808 vf_loss=18.4171 entropy=34.5299 kl=0.1235
  [Eval] mean_return=490.46 std_return=81.81
[Iter 168/488] steps=344064 reward=245.18 pi_loss=-0.0677 vf_loss=13.2461 entropy=35.3260 kl=0.2749
[Iter 169/488] steps=346112 reward=194.10 pi_loss=-0.0816 vf_loss=17.8678 entropy=34.4864 kl=0.1254
[Iter 170/488] steps=348160 reward=326.99 pi_loss=-0.0706 vf_loss=13.0321 entropy=34.6982 kl=0.1820
[Iter 171/488] steps=350208 reward=329.94 pi_loss=-0.0778 vf_loss=16.3114 entropy=34.8277 kl=0.1774
  [Eval] mean_return=486.11 std_return=78.19
[Iter 172/488] steps=352256 reward=6.14 pi_loss=-0.0895 vf_loss=14.9134 entropy=34.6579 kl=0.1523
[Iter 173/488] steps=354304 reward=290.64 pi_loss=-0.0799 vf_loss=15.0783 entropy=34.7458 kl=0.1477
[Iter 174/488] steps=356352 reward=293.33 pi_loss=-0.0786 vf_loss=13.0534 entropy=34.5982 kl=0.1542
[Iter 175/488] steps=358400 reward=166.10 pi_loss=-0.0869 vf_loss=15.1263 entropy=34.6029 kl=0.1463
[Iter 176/488] steps=360448 reward=229.47 pi_loss=-0.0837 vf_loss=16.9810 entropy=34.5161 kl=0.1241
  [Eval] mean_return=426.55 std_return=57.51
[Iter 177/488] steps=362496 reward=-80.89 pi_loss=-0.0914 vf_loss=20.3250 entropy=34.4963 kl=0.1358
[Iter 178/488] steps=364544 reward=247.40 pi_loss=-0.0697 vf_loss=11.7890 entropy=34.7787 kl=0.2254
[Iter 179/488] steps=366592 reward=300.05 pi_loss=-0.0830 vf_loss=18.9002 entropy=34.2981 kl=0.1048
[Iter 180/488] steps=368640 reward=115.91 pi_loss=-0.0890 vf_loss=12.5890 entropy=34.8420 kl=0.1952
[Iter 181/488] steps=370688 reward=104.94 pi_loss=-0.0870 vf_loss=11.4896 entropy=34.8118 kl=0.1924
  [Eval] mean_return=414.22 std_return=78.46
[Iter 182/488] steps=372736 reward=298.55 pi_loss=-0.0842 vf_loss=13.8764 entropy=34.8267 kl=0.1685
[Iter 183/488] steps=374784 reward=331.35 pi_loss=-0.0813 vf_loss=15.7829 entropy=34.6183 kl=0.1410
[Iter 184/488] steps=376832 reward=244.46 pi_loss=-0.0826 vf_loss=15.6545 entropy=34.5231 kl=0.1378
[Iter 185/488] steps=378880 reward=265.01 pi_loss=-0.0778 vf_loss=13.1050 entropy=34.7645 kl=0.1767
[Iter 186/488] steps=380928 reward=285.24 pi_loss=-0.0815 vf_loss=13.2268 entropy=34.6976 kl=0.1783
  [Eval] mean_return=407.97 std_return=78.52
[Iter 187/488] steps=382976 reward=206.81 pi_loss=-0.0866 vf_loss=14.4463 entropy=34.5851 kl=0.1342
[Iter 188/488] steps=385024 reward=248.69 pi_loss=-0.0732 vf_loss=20.7172 entropy=34.3301 kl=0.1077
[Iter 189/488] steps=387072 reward=254.48 pi_loss=-0.0841 vf_loss=22.6577 entropy=34.6506 kl=0.1202
[Iter 190/488] steps=389120 reward=246.52 pi_loss=-0.0757 vf_loss=13.3923 entropy=34.9235 kl=0.2034
[Iter 191/488] steps=391168 reward=299.54 pi_loss=-0.0855 vf_loss=14.3927 entropy=34.6950 kl=0.1554
  [Eval] mean_return=431.78 std_return=57.78
[Iter 192/488] steps=393216 reward=273.84 pi_loss=-0.0874 vf_loss=13.0674 entropy=34.5390 kl=0.1597
[Iter 193/488] steps=395264 reward=300.00 pi_loss=-0.0710 vf_loss=14.2492 entropy=34.8966 kl=0.2078
[Iter 194/488] steps=397312 reward=278.90 pi_loss=-0.0860 vf_loss=15.5913 entropy=34.6140 kl=0.1290
[Iter 195/488] steps=399360 reward=266.40 pi_loss=-0.0882 vf_loss=19.7287 entropy=34.4701 kl=0.1235
[Iter 196/488] steps=401408 reward=180.67 pi_loss=-0.0834 vf_loss=14.4760 entropy=34.7298 kl=0.1804
  [Eval] mean_return=390.62 std_return=80.86
[Iter 197/488] steps=403456 reward=166.89 pi_loss=-0.0926 vf_loss=12.3775 entropy=34.7716 kl=0.1640
[Iter 198/488] steps=405504 reward=208.74 pi_loss=-0.0871 vf_loss=14.6697 entropy=34.8294 kl=0.2214
[Iter 199/488] steps=407552 reward=35.52 pi_loss=-0.0832 vf_loss=20.3590 entropy=34.6227 kl=0.1067
[Iter 200/488] steps=409600 reward=226.77 pi_loss=-0.0842 vf_loss=14.2741 entropy=34.7176 kl=0.1581
[Iter 201/488] steps=411648 reward=205.05 pi_loss=-0.0862 vf_loss=19.9324 entropy=34.4086 kl=0.1209
  [Eval] mean_return=401.11 std_return=87.31
[Iter 202/488] steps=413696 reward=339.26 pi_loss=-0.0832 vf_loss=13.5039 entropy=34.7864 kl=0.1745
[Iter 203/488] steps=415744 reward=270.84 pi_loss=-0.0861 vf_loss=17.5320 entropy=34.6150 kl=0.1239
[Iter 204/488] steps=417792 reward=120.37 pi_loss=-0.0785 vf_loss=12.9060 entropy=34.8187 kl=0.1760
[Iter 205/488] steps=419840 reward=333.74 pi_loss=-0.0848 vf_loss=15.7878 entropy=34.5302 kl=0.1414
[Iter 206/488] steps=421888 reward=283.59 pi_loss=-0.0818 vf_loss=13.1703 entropy=34.9579 kl=0.2371
  [Eval] mean_return=446.62 std_return=80.78
[Iter 207/488] steps=423936 reward=281.40 pi_loss=-0.0842 vf_loss=11.2505 entropy=34.8528 kl=0.1933
[Iter 208/488] steps=425984 reward=57.71 pi_loss=-0.0844 vf_loss=16.0118 entropy=34.4792 kl=0.1346
[Iter 209/488] steps=428032 reward=311.51 pi_loss=-0.0774 vf_loss=16.1145 entropy=34.7546 kl=0.1484
[Iter 210/488] steps=430080 reward=213.29 pi_loss=-0.0781 vf_loss=13.2846 entropy=34.8191 kl=0.1673
  [Eval] mean_return=452.95 std_return=83.85
[Iter 211/488] steps=432128 reward=366.13 pi_loss=-0.0823 vf_loss=14.1655 entropy=34.6320 kl=0.1594
[Iter 212/488] steps=434176 reward=252.45 pi_loss=-0.0796 vf_loss=13.3217 entropy=34.6073 kl=0.1466
[Iter 213/488] steps=436224 reward=324.58 pi_loss=-0.0827 vf_loss=12.9799 entropy=34.4502 kl=0.1452
[Iter 214/488] steps=438272 reward=290.63 pi_loss=-0.0770 vf_loss=14.0434 entropy=34.7026 kl=0.1543
[Iter 215/488] steps=440320 reward=288.25 pi_loss=-0.0759 vf_loss=16.1589 entropy=34.6271 kl=0.1291
  [Eval] mean_return=535.48 std_return=64.16
[Iter 216/488] steps=442368 reward=302.07 pi_loss=-0.0765 vf_loss=14.7623 entropy=34.8447 kl=0.1731
[Iter 217/488] steps=444416 reward=374.72 pi_loss=-0.0774 vf_loss=15.8258 entropy=34.6460 kl=0.1597
[Iter 218/488] steps=446464 reward=369.37 pi_loss=-0.0809 vf_loss=17.3161 entropy=34.4665 kl=0.1191
[Iter 219/488] steps=448512 reward=242.67 pi_loss=-0.0671 vf_loss=14.8864 entropy=35.2699 kl=0.2626
[Iter 220/488] steps=450560 reward=258.48 pi_loss=-0.0836 vf_loss=18.1110 entropy=34.5867 kl=0.1473
  [Eval] mean_return=416.04 std_return=125.14
[Iter 221/488] steps=452608 reward=320.97 pi_loss=-0.0827 vf_loss=16.6834 entropy=34.5586 kl=0.1408
[Iter 222/488] steps=454656 reward=261.87 pi_loss=-0.0907 vf_loss=14.5163 entropy=34.8483 kl=0.1593
[Iter 223/488] steps=456704 reward=71.94 pi_loss=-0.0899 vf_loss=19.1622 entropy=34.4326 kl=0.1088
[Iter 224/488] steps=458752 reward=268.24 pi_loss=-0.0842 vf_loss=15.1477 entropy=34.6215 kl=0.1430
[Iter 225/488] steps=460800 reward=297.31 pi_loss=-0.0576 vf_loss=14.7625 entropy=35.2801 kl=0.2750
  [Eval] mean_return=498.14 std_return=72.08
[Iter 226/488] steps=462848 reward=278.94 pi_loss=-0.0880 vf_loss=21.4250 entropy=34.4838 kl=0.1084
[Iter 227/488] steps=464896 reward=359.25 pi_loss=-0.0829 vf_loss=14.3187 entropy=34.8060 kl=0.1531
[Iter 228/488] steps=466944 reward=120.56 pi_loss=-0.0948 vf_loss=13.9107 entropy=34.6881 kl=0.1735
[Iter 229/488] steps=468992 reward=244.44 pi_loss=-0.0808 vf_loss=16.9117 entropy=34.6544 kl=0.1545
[Iter 230/488] steps=471040 reward=357.84 pi_loss=-0.0743 vf_loss=17.1972 entropy=34.6395 kl=0.1532
  [Eval] mean_return=563.25 std_return=64.33
[Iter 231/488] steps=473088 reward=314.63 pi_loss=-0.0751 vf_loss=17.5991 entropy=34.5237 kl=0.1316
[Iter 232/488] steps=475136 reward=274.63 pi_loss=-0.0851 vf_loss=30.1117 entropy=34.3886 kl=0.0998
[Iter 233/488] steps=477184 reward=239.70 pi_loss=-0.0879 vf_loss=26.1400 entropy=34.5770 kl=0.1341
[Iter 234/488] steps=479232 reward=281.64 pi_loss=-0.0781 vf_loss=15.4034 entropy=34.7127 kl=0.1889
[Iter 235/488] steps=481280 reward=284.26 pi_loss=-0.0634 vf_loss=14.4175 entropy=34.9414 kl=0.2346
  [Eval] mean_return=526.15 std_return=124.10
[Iter 236/488] steps=483328 reward=266.28 pi_loss=-0.0828 vf_loss=13.5725 entropy=34.7157 kl=0.1703
[Iter 237/488] steps=485376 reward=275.36 pi_loss=-0.0764 vf_loss=13.9636 entropy=34.6992 kl=0.1619
[Iter 238/488] steps=487424 reward=295.39 pi_loss=-0.0873 vf_loss=16.6653 entropy=34.5557 kl=0.1329
[Iter 239/488] steps=489472 reward=388.34 pi_loss=-0.0776 vf_loss=14.5984 entropy=34.6559 kl=0.1536
[Iter 240/488] steps=491520 reward=463.61 pi_loss=-0.0703 vf_loss=14.0547 entropy=34.5315 kl=0.1423
  [Eval] mean_return=559.06 std_return=129.76
[Iter 241/488] steps=493568 reward=255.52 pi_loss=-0.0853 vf_loss=17.0359 entropy=34.5611 kl=0.1261
[Iter 242/488] steps=495616 reward=342.93 pi_loss=-0.0741 vf_loss=15.2205 entropy=34.7426 kl=0.1548
[Iter 243/488] steps=497664 reward=137.49 pi_loss=-0.0971 vf_loss=15.3661 entropy=34.6305 kl=0.1422
[Iter 244/488] steps=499712 reward=235.85 pi_loss=-0.0847 vf_loss=26.0576 entropy=34.3812 kl=0.0906
[Iter 245/488] steps=501760 reward=297.72 pi_loss=-0.0832 vf_loss=15.1518 entropy=34.6826 kl=0.1762
  [Eval] mean_return=483.61 std_return=105.94
[Iter 246/488] steps=503808 reward=314.62 pi_loss=-0.0859 vf_loss=14.8705 entropy=34.6464 kl=0.1408
[Iter 247/488] steps=505856 reward=218.28 pi_loss=-0.0852 vf_loss=12.9827 entropy=34.5549 kl=0.1519
[Iter 248/488] steps=507904 reward=272.33 pi_loss=-0.0668 vf_loss=14.2720 entropy=34.9704 kl=0.2118
[Iter 249/488] steps=509952 reward=356.77 pi_loss=-0.0963 vf_loss=18.9913 entropy=34.5380 kl=0.1274
[Iter 250/488] steps=512000 reward=157.13 pi_loss=-0.0909 vf_loss=17.1134 entropy=34.3988 kl=0.1145
  [Eval] mean_return=513.80 std_return=91.18
[Iter 251/488] steps=514048 reward=377.15 pi_loss=-0.0852 vf_loss=14.8567 entropy=34.4730 kl=0.1328
[Iter 252/488] steps=516096 reward=353.96 pi_loss=-0.0798 vf_loss=16.8173 entropy=34.6682 kl=0.1647
[Iter 253/488] steps=518144 reward=341.65 pi_loss=-0.0834 vf_loss=13.9282 entropy=34.6696 kl=0.1694
[Iter 254/488] steps=520192 reward=306.43 pi_loss=-0.0844 vf_loss=21.6675 entropy=34.4961 kl=0.0944
  [Eval] mean_return=490.27 std_return=111.32
[Iter 255/488] steps=522240 reward=323.86 pi_loss=-0.0791 vf_loss=14.3168 entropy=34.5683 kl=0.1400
[Iter 256/488] steps=524288 reward=384.60 pi_loss=-0.0772 vf_loss=13.9237 entropy=34.7388 kl=0.1638
[Iter 257/488] steps=526336 reward=317.06 pi_loss=-0.0871 vf_loss=15.6102 entropy=34.5592 kl=0.1229
[Iter 258/488] steps=528384 reward=210.15 pi_loss=-0.0827 vf_loss=11.5577 entropy=34.7304 kl=0.1826
[Iter 259/488] steps=530432 reward=319.57 pi_loss=-0.0869 vf_loss=19.8452 entropy=34.3787 kl=0.0932
  [Eval] mean_return=502.73 std_return=113.46
[Iter 260/488] steps=532480 reward=335.92 pi_loss=-0.0782 vf_loss=17.6933 entropy=34.5609 kl=0.1505
[Iter 261/488] steps=534528 reward=385.66 pi_loss=-0.0890 vf_loss=23.3818 entropy=34.3847 kl=0.0970
[Iter 262/488] steps=536576 reward=85.96 pi_loss=-0.0915 vf_loss=16.4557 entropy=34.5313 kl=0.1305
[Iter 263/488] steps=538624 reward=427.70 pi_loss=-0.0718 vf_loss=15.4696 entropy=34.6288 kl=0.1587
[Iter 264/488] steps=540672 reward=354.98 pi_loss=-0.0769 vf_loss=18.5230 entropy=34.5299 kl=0.1317
  [Eval] mean_return=524.02 std_return=47.87
[Iter 265/488] steps=542720 reward=116.41 pi_loss=-0.0857 vf_loss=20.5297 entropy=34.4566 kl=0.1128
[Iter 266/488] steps=544768 reward=195.77 pi_loss=-0.0814 vf_loss=11.6009 entropy=34.6995 kl=0.1919
[Iter 267/488] steps=546816 reward=320.02 pi_loss=-0.0837 vf_loss=24.4684 entropy=34.5236 kl=0.1166
[Iter 268/488] steps=548864 reward=415.13 pi_loss=-0.0852 vf_loss=21.8515 entropy=34.4126 kl=0.0950
[Iter 269/488] steps=550912 reward=263.98 pi_loss=-0.0801 vf_loss=16.5983 entropy=34.4847 kl=0.1244
  [Eval] mean_return=584.00 std_return=74.96
[Iter 270/488] steps=552960 reward=392.77 pi_loss=-0.0775 vf_loss=20.5950 entropy=34.4906 kl=0.1424
[Iter 271/488] steps=555008 reward=295.56 pi_loss=-0.0798 vf_loss=21.0778 entropy=34.4177 kl=0.1258
[Iter 272/488] steps=557056 reward=449.09 pi_loss=-0.0663 vf_loss=20.9023 entropy=34.4706 kl=0.1311
[Iter 273/488] steps=559104 reward=470.23 pi_loss=-0.0725 vf_loss=16.1638 entropy=34.8621 kl=0.1787
[Iter 274/488] steps=561152 reward=394.16 pi_loss=-0.0649 vf_loss=15.5170 entropy=35.1375 kl=0.2361
  [Eval] mean_return=532.99 std_return=81.34
[Iter 275/488] steps=563200 reward=340.86 pi_loss=-0.0848 vf_loss=16.8399 entropy=34.7162 kl=0.1418
[Iter 276/488] steps=565248 reward=408.74 pi_loss=-0.0749 vf_loss=14.9151 entropy=34.7688 kl=0.1545
[Iter 277/488] steps=567296 reward=432.65 pi_loss=-0.0830 vf_loss=15.9839 entropy=34.5490 kl=0.1374
[Iter 278/488] steps=569344 reward=388.43 pi_loss=-0.0769 vf_loss=16.8193 entropy=34.5642 kl=0.1215
[Iter 279/488] steps=571392 reward=437.29 pi_loss=-0.0759 vf_loss=14.7900 entropy=34.5548 kl=0.1172
  [Eval] mean_return=576.16 std_return=40.38
[Iter 280/488] steps=573440 reward=326.04 pi_loss=-0.0846 vf_loss=22.0081 entropy=34.4691 kl=0.0955
[Iter 281/488] steps=575488 reward=336.25 pi_loss=-0.0876 vf_loss=16.4328 entropy=34.6138 kl=0.1267
[Iter 282/488] steps=577536 reward=124.10 pi_loss=-0.0963 vf_loss=14.8568 entropy=34.7852 kl=0.1736
[Iter 283/488] steps=579584 reward=433.81 pi_loss=-0.0807 vf_loss=14.8852 entropy=34.6946 kl=0.1517
[Iter 284/488] steps=581632 reward=350.02 pi_loss=-0.0813 vf_loss=16.2858 entropy=34.4504 kl=0.1137
  [Eval] mean_return=539.46 std_return=110.13
[Iter 285/488] steps=583680 reward=354.27 pi_loss=-0.0869 vf_loss=23.5961 entropy=34.4096 kl=0.0874
[Iter 286/488] steps=585728 reward=395.71 pi_loss=-0.0696 vf_loss=20.4705 entropy=34.5099 kl=0.1216
[Iter 287/488] steps=587776 reward=265.08 pi_loss=-0.0849 vf_loss=27.5199 entropy=34.6834 kl=0.1133
[Iter 288/488] steps=589824 reward=252.38 pi_loss=-0.0897 vf_loss=23.9568 entropy=34.4752 kl=0.1176
[Iter 289/488] steps=591872 reward=207.46 pi_loss=-0.0829 vf_loss=17.9894 entropy=34.4080 kl=0.1186
  [Eval] mean_return=487.98 std_return=118.90
[Iter 290/488] steps=593920 reward=411.92 pi_loss=-0.0748 vf_loss=16.1280 entropy=34.5664 kl=0.1410
[Iter 291/488] steps=595968 reward=389.60 pi_loss=-0.0799 vf_loss=22.1209 entropy=34.3123 kl=0.0875
[Iter 292/488] steps=598016 reward=337.10 pi_loss=-0.0763 vf_loss=16.3385 entropy=34.4874 kl=0.1273
[Iter 293/488] steps=600064 reward=368.38 pi_loss=-0.0864 vf_loss=22.1908 entropy=34.4262 kl=0.0891
  [Eval] mean_return=534.97 std_return=96.47
[Iter 294/488] steps=602112 reward=195.38 pi_loss=-0.0870 vf_loss=33.0698 entropy=34.2997 kl=0.0833
[Iter 295/488] steps=604160 reward=278.92 pi_loss=-0.0797 vf_loss=19.7952 entropy=34.4861 kl=0.1158
[Iter 296/488] steps=606208 reward=442.17 pi_loss=-0.0833 vf_loss=18.3527 entropy=34.5264 kl=0.1371
[Iter 297/488] steps=608256 reward=263.25 pi_loss=-0.0905 vf_loss=14.1783 entropy=34.6639 kl=0.1541
[Iter 298/488] steps=610304 reward=417.32 pi_loss=-0.0777 vf_loss=22.0152 entropy=34.5720 kl=0.1189
  [Eval] mean_return=483.63 std_return=109.48
[Iter 299/488] steps=612352 reward=269.94 pi_loss=-0.0856 vf_loss=34.4688 entropy=34.3438 kl=0.0718
[Iter 300/488] steps=614400 reward=189.57 pi_loss=-0.0821 vf_loss=24.3699 entropy=34.4276 kl=0.1148
[Iter 301/488] steps=616448 reward=456.44 pi_loss=-0.0802 vf_loss=22.1039 entropy=34.5846 kl=0.1238
[Iter 302/488] steps=618496 reward=199.32 pi_loss=-0.0936 vf_loss=15.5123 entropy=34.5242 kl=0.1484
[Iter 303/488] steps=620544 reward=368.37 pi_loss=-0.0826 vf_loss=24.0418 entropy=34.4844 kl=0.0876
  [Eval] mean_return=605.44 std_return=46.36
[Iter 304/488] steps=622592 reward=392.83 pi_loss=-0.0859 vf_loss=28.9425 entropy=34.3867 kl=0.0861
[Iter 305/488] steps=624640 reward=248.51 pi_loss=-0.0757 vf_loss=17.3543 entropy=34.6981 kl=0.1432
[Iter 306/488] steps=626688 reward=332.88 pi_loss=-0.0776 vf_loss=19.5786 entropy=34.4801 kl=0.1149
[Iter 307/488] steps=628736 reward=437.84 pi_loss=-0.0788 vf_loss=16.5601 entropy=34.6123 kl=0.1362
[Iter 308/488] steps=630784 reward=495.01 pi_loss=-0.0766 vf_loss=24.1748 entropy=34.6213 kl=0.1366
  [Eval] mean_return=590.62 std_return=107.85
[Iter 309/488] steps=632832 reward=320.26 pi_loss=-0.0834 vf_loss=22.2093 entropy=34.3020 kl=0.0987
[Iter 310/488] steps=634880 reward=427.65 pi_loss=-0.0822 vf_loss=26.3476 entropy=34.4462 kl=0.1138
[Iter 311/488] steps=636928 reward=210.50 pi_loss=-0.0761 vf_loss=16.9824 entropy=34.6575 kl=0.1501
[Iter 312/488] steps=638976 reward=450.83 pi_loss=-0.0836 vf_loss=26.7640 entropy=34.4353 kl=0.0886
[Iter 313/488] steps=641024 reward=298.32 pi_loss=-0.0830 vf_loss=24.9830 entropy=34.4584 kl=0.1090
  [Eval] mean_return=573.99 std_return=145.52
[Iter 314/488] steps=643072 reward=255.93 pi_loss=-0.0862 vf_loss=23.5012 entropy=34.3567 kl=0.0949
[Iter 315/488] steps=645120 reward=449.35 pi_loss=-0.0740 vf_loss=23.4571 entropy=34.4430 kl=0.1118
[Iter 316/488] steps=647168 reward=308.87 pi_loss=-0.0804 vf_loss=15.8539 entropy=34.5503 kl=0.1400
[Iter 317/488] steps=649216 reward=295.50 pi_loss=-0.0898 vf_loss=18.9802 entropy=34.4976 kl=0.1117
[Iter 318/488] steps=651264 reward=197.23 pi_loss=-0.0909 vf_loss=25.0593 entropy=34.4129 kl=0.0927
  [Eval] mean_return=587.31 std_return=117.59
[Iter 319/488] steps=653312 reward=395.00 pi_loss=-0.0836 vf_loss=23.9401 entropy=34.5341 kl=0.1015
[Iter 320/488] steps=655360 reward=468.83 pi_loss=-0.0755 vf_loss=19.7778 entropy=34.3800 kl=0.1158
[Iter 321/488] steps=657408 reward=278.00 pi_loss=-0.0878 vf_loss=12.5881 entropy=34.6543 kl=0.1707
[Iter 322/488] steps=659456 reward=266.36 pi_loss=-0.0852 vf_loss=16.8491 entropy=34.4471 kl=0.1021
[Iter 323/488] steps=661504 reward=434.95 pi_loss=-0.0755 vf_loss=19.1387 entropy=34.5413 kl=0.1066
  [Eval] mean_return=644.31 std_return=81.85
[Iter 324/488] steps=663552 reward=319.39 pi_loss=-0.0775 vf_loss=26.6313 entropy=34.2149 kl=0.0742
[Iter 325/488] steps=665600 reward=287.07 pi_loss=-0.0764 vf_loss=26.2868 entropy=34.3269 kl=0.0787
[Iter 326/488] steps=667648 reward=343.23 pi_loss=-0.0861 vf_loss=25.9792 entropy=34.2542 kl=0.0898
[Iter 327/488] steps=669696 reward=416.25 pi_loss=-0.0718 vf_loss=16.6922 entropy=34.4734 kl=0.1281
[Iter 328/488] steps=671744 reward=473.88 pi_loss=-0.0768 vf_loss=22.2792 entropy=34.4073 kl=0.1045
  [Eval] mean_return=644.72 std_return=64.63
[Iter 329/488] steps=673792 reward=374.56 pi_loss=-0.0832 vf_loss=14.6053 entropy=34.3728 kl=0.1339
[Iter 330/488] steps=675840 reward=108.67 pi_loss=-0.0910 vf_loss=16.6656 entropy=34.6316 kl=0.1333
[Iter 331/488] steps=677888 reward=566.42 pi_loss=-0.0750 vf_loss=18.8090 entropy=34.5026 kl=0.1093
[Iter 332/488] steps=679936 reward=482.61 pi_loss=-0.0816 vf_loss=27.2499 entropy=34.2737 kl=0.0778
[Iter 333/488] steps=681984 reward=329.27 pi_loss=-0.0722 vf_loss=14.1126 entropy=34.4783 kl=0.1295
  [Eval] mean_return=610.07 std_return=197.20
[Iter 334/488] steps=684032 reward=532.43 pi_loss=-0.0679 vf_loss=24.8467 entropy=34.4780 kl=0.1056
[Iter 335/488] steps=686080 reward=422.67 pi_loss=-0.0722 vf_loss=36.3468 entropy=34.2252 kl=0.0708
[Iter 336/488] steps=688128 reward=295.70 pi_loss=-0.0763 vf_loss=30.9572 entropy=34.4322 kl=0.0742
[Iter 337/488] steps=690176 reward=327.60 pi_loss=-0.0872 vf_loss=16.3893 entropy=34.6214 kl=0.1477
  [Eval] mean_return=677.42 std_return=91.53
[Iter 338/488] steps=692224 reward=501.52 pi_loss=-0.0682 vf_loss=19.8330 entropy=34.4014 kl=0.1047
[Iter 339/488] steps=694272 reward=518.26 pi_loss=-0.0741 vf_loss=18.0755 entropy=34.4366 kl=0.1084
[Iter 340/488] steps=696320 reward=507.45 pi_loss=-0.0744 vf_loss=23.1734 entropy=34.4696 kl=0.1045
[Iter 341/488] steps=698368 reward=474.34 pi_loss=-0.0750 vf_loss=20.4915 entropy=34.4184 kl=0.1047
[Iter 342/488] steps=700416 reward=456.50 pi_loss=-0.0751 vf_loss=25.3444 entropy=34.3841 kl=0.0804
  [Eval] mean_return=650.00 std_return=116.50
[Iter 343/488] steps=702464 reward=542.72 pi_loss=-0.0653 vf_loss=22.2781 entropy=34.4068 kl=0.1063
[Iter 344/488] steps=704512 reward=522.05 pi_loss=-0.0804 vf_loss=22.3205 entropy=34.4162 kl=0.0928
[Iter 345/488] steps=706560 reward=488.61 pi_loss=-0.0716 vf_loss=19.7428 entropy=34.4237 kl=0.1140
[Iter 346/488] steps=708608 reward=411.41 pi_loss=-0.0787 vf_loss=20.8034 entropy=34.5432 kl=0.1129
[Iter 347/488] steps=710656 reward=274.50 pi_loss=-0.0824 vf_loss=28.5256 entropy=34.4117 kl=0.0706
  [Eval] mean_return=704.91 std_return=54.88
[Iter 348/488] steps=712704 reward=204.50 pi_loss=-0.0845 vf_loss=20.2300 entropy=34.5152 kl=0.0981
[Iter 349/488] steps=714752 reward=407.49 pi_loss=-0.0767 vf_loss=19.0978 entropy=34.4922 kl=0.1011
[Iter 350/488] steps=716800 reward=586.42 pi_loss=-0.0728 vf_loss=21.3661 entropy=34.4132 kl=0.0973
[Iter 351/488] steps=718848 reward=516.53 pi_loss=-0.0668 vf_loss=23.8027 entropy=34.2604 kl=0.0827
[Iter 352/488] steps=720896 reward=519.61 pi_loss=-0.0723 vf_loss=22.5826 entropy=34.3502 kl=0.0864
  [Eval] mean_return=643.27 std_return=102.62
[Iter 353/488] steps=722944 reward=557.84 pi_loss=-0.0712 vf_loss=23.8815 entropy=34.4258 kl=0.1046
[Iter 354/488] steps=724992 reward=549.22 pi_loss=-0.0691 vf_loss=23.8006 entropy=34.5558 kl=0.0859
[Iter 355/488] steps=727040 reward=502.86 pi_loss=-0.0780 vf_loss=22.1522 entropy=34.3635 kl=0.0977
[Iter 356/488] steps=729088 reward=257.68 pi_loss=-0.0735 vf_loss=31.4072 entropy=34.2650 kl=0.0590
[Iter 357/488] steps=731136 reward=447.27 pi_loss=-0.0777 vf_loss=27.3494 entropy=34.4867 kl=0.0844
  [Eval] mean_return=694.61 std_return=111.25
[Iter 358/488] steps=733184 reward=457.30 pi_loss=-0.0707 vf_loss=22.9384 entropy=34.5386 kl=0.0914
[Iter 359/488] steps=735232 reward=368.04 pi_loss=-0.0804 vf_loss=16.6808 entropy=34.5514 kl=0.1268
[Iter 360/488] steps=737280 reward=597.13 pi_loss=-0.0652 vf_loss=21.3785 entropy=34.4118 kl=0.0988
[Iter 361/488] steps=739328 reward=487.29 pi_loss=-0.0704 vf_loss=21.9307 entropy=34.4085 kl=0.0899
[Iter 362/488] steps=741376 reward=537.16 pi_loss=-0.0715 vf_loss=23.9672 entropy=34.2773 kl=0.0776
  [Eval] mean_return=706.71 std_return=56.07
[Iter 363/488] steps=743424 reward=586.08 pi_loss=-0.0724 vf_loss=22.7988 entropy=34.4162 kl=0.0901
[Iter 364/488] steps=745472 reward=565.69 pi_loss=-0.0701 vf_loss=24.9889 entropy=34.3277 kl=0.0792
[Iter 365/488] steps=747520 reward=534.20 pi_loss=-0.0751 vf_loss=23.7812 entropy=34.4704 kl=0.0984
[Iter 366/488] steps=749568 reward=460.82 pi_loss=-0.0792 vf_loss=17.3086 entropy=34.3655 kl=0.1072
[Iter 367/488] steps=751616 reward=534.34 pi_loss=-0.0689 vf_loss=29.1989 entropy=34.2722 kl=0.0595
  [Eval] mean_return=698.10 std_return=121.67
[Iter 368/488] steps=753664 reward=566.80 pi_loss=-0.0697 vf_loss=22.0868 entropy=34.4040 kl=0.0961
[Iter 369/488] steps=755712 reward=573.53 pi_loss=-0.0691 vf_loss=24.8443 entropy=34.2525 kl=0.0844
[Iter 370/488] steps=757760 reward=543.25 pi_loss=-0.0725 vf_loss=31.0692 entropy=34.2071 kl=0.0627
[Iter 371/488] steps=759808 reward=498.47 pi_loss=-0.0676 vf_loss=30.4078 entropy=34.4488 kl=0.0703
[Iter 372/488] steps=761856 reward=511.81 pi_loss=-0.0685 vf_loss=25.7719 entropy=34.3455 kl=0.0812
  [Eval] mean_return=652.93 std_return=86.53
[Iter 373/488] steps=763904 reward=478.65 pi_loss=-0.0633 vf_loss=30.2484 entropy=34.2545 kl=0.0650
[Iter 374/488] steps=765952 reward=624.74 pi_loss=-0.0765 vf_loss=25.1862 entropy=34.4824 kl=0.0858
[Iter 375/488] steps=768000 reward=569.49 pi_loss=-0.0699 vf_loss=42.3446 entropy=34.3030 kl=0.0667
[Iter 376/488] steps=770048 reward=457.09 pi_loss=-0.0738 vf_loss=34.7851 entropy=34.3086 kl=0.0671
  [Eval] mean_return=684.77 std_return=104.28
[Iter 377/488] steps=772096 reward=640.22 pi_loss=-0.0665 vf_loss=26.6287 entropy=34.3597 kl=0.0847
[Iter 378/488] steps=774144 reward=535.09 pi_loss=-0.0671 vf_loss=24.4156 entropy=34.3431 kl=0.0787
[Iter 379/488] steps=776192 reward=548.97 pi_loss=-0.0751 vf_loss=28.4991 entropy=34.3410 kl=0.0729
[Iter 380/488] steps=778240 reward=494.82 pi_loss=-0.0692 vf_loss=31.5772 entropy=34.2517 kl=0.0679
[Iter 381/488] steps=780288 reward=598.58 pi_loss=-0.0744 vf_loss=35.2314 entropy=34.5020 kl=0.0688
  [Eval] mean_return=647.12 std_return=131.27
[Iter 382/488] steps=782336 reward=596.70 pi_loss=-0.0688 vf_loss=29.3118 entropy=34.3535 kl=0.0770
[Iter 383/488] steps=784384 reward=394.49 pi_loss=-0.0696 vf_loss=39.1203 entropy=34.2113 kl=0.0618
[Iter 384/488] steps=786432 reward=514.46 pi_loss=-0.0763 vf_loss=34.7948 entropy=34.2100 kl=0.0760
[Iter 385/488] steps=788480 reward=325.80 pi_loss=-0.0686 vf_loss=25.3227 entropy=34.3880 kl=0.0783
[Iter 386/488] steps=790528 reward=603.06 pi_loss=-0.0726 vf_loss=32.9971 entropy=34.2980 kl=0.0764
  [Eval] mean_return=669.13 std_return=76.37
[Iter 387/488] steps=792576 reward=380.06 pi_loss=-0.0764 vf_loss=18.3831 entropy=34.3932 kl=0.1202
[Iter 388/488] steps=794624 reward=483.86 pi_loss=-0.0808 vf_loss=22.3494 entropy=34.4147 kl=0.0822
[Iter 389/488] steps=796672 reward=578.33 pi_loss=-0.0658 vf_loss=24.9360 entropy=34.3446 kl=0.0711
[Iter 390/488] steps=798720 reward=477.23 pi_loss=-0.0643 vf_loss=29.4948 entropy=34.2488 kl=0.0628
[Iter 391/488] steps=800768 reward=542.36 pi_loss=-0.0677 vf_loss=35.3823 entropy=34.2185 kl=0.0558
  [Eval] mean_return=685.65 std_return=95.57
[Iter 392/488] steps=802816 reward=544.19 pi_loss=-0.0631 vf_loss=30.3860 entropy=34.4068 kl=0.0696
[Iter 393/488] steps=804864 reward=579.63 pi_loss=-0.0663 vf_loss=26.0585 entropy=34.2695 kl=0.0802
[Iter 394/488] steps=806912 reward=597.48 pi_loss=-0.0676 vf_loss=24.5014 entropy=34.3201 kl=0.0750
[Iter 395/488] steps=808960 reward=631.24 pi_loss=-0.0644 vf_loss=23.5126 entropy=34.3724 kl=0.0835
[Iter 396/488] steps=811008 reward=508.39 pi_loss=-0.0663 vf_loss=41.1804 entropy=34.1446 kl=0.0497
  [Eval] mean_return=681.84 std_return=75.78
[Iter 397/488] steps=813056 reward=530.26 pi_loss=-0.0767 vf_loss=25.3765 entropy=34.2303 kl=0.0747
[Iter 398/488] steps=815104 reward=273.58 pi_loss=-0.0729 vf_loss=33.7018 entropy=34.4249 kl=0.0596
[Iter 399/488] steps=817152 reward=231.24 pi_loss=-0.0789 vf_loss=24.4631 entropy=34.3984 kl=0.0779
[Iter 400/488] steps=819200 reward=406.15 pi_loss=-0.0743 vf_loss=33.0744 entropy=34.2919 kl=0.0544
[Iter 401/488] steps=821248 reward=352.53 pi_loss=-0.0788 vf_loss=33.7831 entropy=34.3045 kl=0.0565
  [Eval] mean_return=679.34 std_return=82.11
[Iter 402/488] steps=823296 reward=551.11 pi_loss=-0.0639 vf_loss=29.3672 entropy=34.2762 kl=0.0662
[Iter 403/488] steps=825344 reward=547.38 pi_loss=-0.0707 vf_loss=24.9017 entropy=34.4074 kl=0.0719
[Iter 404/488] steps=827392 reward=440.46 pi_loss=-0.0779 vf_loss=26.0374 entropy=34.3135 kl=0.0694
[Iter 405/488] steps=829440 reward=254.32 pi_loss=-0.0754 vf_loss=26.1009 entropy=34.4273 kl=0.0716
[Iter 406/488] steps=831488 reward=633.69 pi_loss=-0.0586 vf_loss=23.1943 entropy=34.2517 kl=0.0645
  [Eval] mean_return=711.18 std_return=120.50
[Iter 407/488] steps=833536 reward=619.02 pi_loss=-0.0664 vf_loss=24.5015 entropy=34.2341 kl=0.0698
[Iter 408/488] steps=835584 reward=549.48 pi_loss=-0.0676 vf_loss=25.9771 entropy=34.2186 kl=0.0573
[Iter 409/488] steps=837632 reward=559.51 pi_loss=-0.0661 vf_loss=27.3852 entropy=34.3311 kl=0.0584
[Iter 410/488] steps=839680 reward=539.48 pi_loss=-0.0649 vf_loss=50.5876 entropy=34.1595 kl=0.0435
[Iter 411/488] steps=841728 reward=385.21 pi_loss=-0.0707 vf_loss=22.4052 entropy=34.4342 kl=0.0634
  [Eval] mean_return=728.27 std_return=124.12
[Iter 412/488] steps=843776 reward=597.04 pi_loss=-0.0597 vf_loss=31.1077 entropy=34.1688 kl=0.0603
[Iter 413/488] steps=845824 reward=510.96 pi_loss=-0.0641 vf_loss=30.8482 entropy=34.2746 kl=0.0567
[Iter 414/488] steps=847872 reward=640.27 pi_loss=-0.0601 vf_loss=29.3432 entropy=34.2829 kl=0.0629
[Iter 415/488] steps=849920 reward=508.45 pi_loss=-0.0655 vf_loss=30.8137 entropy=34.3433 kl=0.0607
[Iter 416/488] steps=851968 reward=553.56 pi_loss=-0.0624 vf_loss=26.0081 entropy=34.3149 kl=0.0610
  [Eval] mean_return=674.98 std_return=100.70
[Iter 417/488] steps=854016 reward=560.05 pi_loss=-0.0610 vf_loss=33.5888 entropy=34.3307 kl=0.0554
[Iter 418/488] steps=856064 reward=286.23 pi_loss=-0.0813 vf_loss=26.6859 entropy=34.3584 kl=0.0605
[Iter 419/488] steps=858112 reward=586.62 pi_loss=-0.0624 vf_loss=26.5986 entropy=34.2562 kl=0.0649
[Iter 420/488] steps=860160 reward=643.62 pi_loss=-0.0630 vf_loss=31.3433 entropy=34.1899 kl=0.0521
  [Eval] mean_return=669.74 std_return=115.25
[Iter 421/488] steps=862208 reward=519.26 pi_loss=-0.0685 vf_loss=30.3152 entropy=34.2685 kl=0.0578
[Iter 422/488] steps=864256 reward=688.39 pi_loss=-0.0603 vf_loss=28.1319 entropy=34.2714 kl=0.0570
[Iter 423/488] steps=866304 reward=596.78 pi_loss=-0.0651 vf_loss=29.4754 entropy=34.1888 kl=0.0544
[Iter 424/488] steps=868352 reward=418.78 pi_loss=-0.0657 vf_loss=22.3183 entropy=34.3333 kl=0.0664
[Iter 425/488] steps=870400 reward=610.68 pi_loss=-0.0623 vf_loss=25.5090 entropy=34.4285 kl=0.0589
  [Eval] mean_return=619.24 std_return=155.57
[Iter 426/488] steps=872448 reward=588.88 pi_loss=-0.0573 vf_loss=29.8769 entropy=34.3578 kl=0.0528
[Iter 427/488] steps=874496 reward=442.09 pi_loss=-0.0709 vf_loss=26.2176 entropy=34.2286 kl=0.0553
[Iter 428/488] steps=876544 reward=598.08 pi_loss=-0.0573 vf_loss=23.6509 entropy=34.3820 kl=0.0508
[Iter 429/488] steps=878592 reward=559.87 pi_loss=-0.0596 vf_loss=25.6734 entropy=34.2855 kl=0.0502
[Iter 430/488] steps=880640 reward=652.48 pi_loss=-0.0623 vf_loss=50.9197 entropy=34.2257 kl=0.0386
  [Eval] mean_return=672.69 std_return=103.29
[Iter 431/488] steps=882688 reward=176.41 pi_loss=-0.0666 vf_loss=27.8858 entropy=34.1996 kl=0.0468
[Iter 432/488] steps=884736 reward=402.00 pi_loss=-0.0588 vf_loss=39.9631 entropy=34.1960 kl=0.0366
[Iter 433/488] steps=886784 reward=527.85 pi_loss=-0.0592 vf_loss=28.5379 entropy=34.2787 kl=0.0457
[Iter 434/488] steps=888832 reward=350.57 pi_loss=-0.0646 vf_loss=27.7149 entropy=34.2405 kl=0.0469
[Iter 435/488] steps=890880 reward=431.83 pi_loss=-0.0709 vf_loss=25.6825 entropy=34.3055 kl=0.0477
  [Eval] mean_return=619.28 std_return=117.07
[Iter 436/488] steps=892928 reward=600.24 pi_loss=-0.0570 vf_loss=31.7365 entropy=34.1877 kl=0.0448
[Iter 437/488] steps=894976 reward=596.21 pi_loss=-0.0568 vf_loss=26.6085 entropy=34.2429 kl=0.0441
[Iter 438/488] steps=897024 reward=577.92 pi_loss=-0.0523 vf_loss=41.0507 entropy=34.1043 kl=0.0414
[Iter 439/488] steps=899072 reward=595.23 pi_loss=-0.0582 vf_loss=33.2479 entropy=34.3552 kl=0.0436
[Iter 440/488] steps=901120 reward=596.61 pi_loss=-0.0549 vf_loss=31.0179 entropy=34.1707 kl=0.0441
  [Eval] mean_return=712.74 std_return=93.98
[Iter 441/488] steps=903168 reward=664.03 pi_loss=-0.0539 vf_loss=30.9362 entropy=34.3372 kl=0.0429
[Iter 442/488] steps=905216 reward=498.89 pi_loss=-0.0596 vf_loss=30.8524 entropy=34.0955 kl=0.0436
[Iter 443/488] steps=907264 reward=407.30 pi_loss=-0.0663 vf_loss=22.0465 entropy=34.2055 kl=0.0504
[Iter 444/488] steps=909312 reward=481.14 pi_loss=-0.0632 vf_loss=21.0678 entropy=34.2382 kl=0.0533
[Iter 445/488] steps=911360 reward=417.28 pi_loss=-0.0616 vf_loss=32.2058 entropy=34.1420 kl=0.0406
  [Eval] mean_return=644.21 std_return=137.61
[Iter 446/488] steps=913408 reward=655.66 pi_loss=-0.0523 vf_loss=29.6782 entropy=34.0541 kl=0.0375
[Iter 447/488] steps=915456 reward=632.07 pi_loss=-0.0525 vf_loss=35.8363 entropy=34.1873 kl=0.0332
[Iter 448/488] steps=917504 reward=591.31 pi_loss=-0.0560 vf_loss=37.1862 entropy=34.1968 kl=0.0359
[Iter 449/488] steps=919552 reward=409.68 pi_loss=-0.0505 vf_loss=50.1517 entropy=34.2082 kl=0.0297
[Iter 450/488] steps=921600 reward=49.74 pi_loss=-0.0520 vf_loss=44.5667 entropy=34.2486 kl=0.0306
  [Eval] mean_return=705.21 std_return=82.68
[Iter 451/488] steps=923648 reward=541.19 pi_loss=-0.0486 vf_loss=43.8840 entropy=34.1884 kl=0.0300
[Iter 452/488] steps=925696 reward=378.54 pi_loss=-0.0659 vf_loss=26.7737 entropy=34.2764 kl=0.0467
[Iter 453/488] steps=927744 reward=496.47 pi_loss=-0.0563 vf_loss=25.6389 entropy=34.1053 kl=0.0406
[Iter 454/488] steps=929792 reward=522.33 pi_loss=-0.0528 vf_loss=35.5682 entropy=34.2376 kl=0.0352
[Iter 455/488] steps=931840 reward=380.71 pi_loss=-0.0555 vf_loss=25.8068 entropy=34.1628 kl=0.0363
  [Eval] mean_return=598.12 std_return=179.73
[Iter 456/488] steps=933888 reward=378.76 pi_loss=-0.0543 vf_loss=23.4376 entropy=34.3845 kl=0.0400
[Iter 457/488] steps=935936 reward=664.67 pi_loss=-0.0469 vf_loss=30.2939 entropy=34.1811 kl=0.0336
[Iter 458/488] steps=937984 reward=604.41 pi_loss=-0.0414 vf_loss=32.2099 entropy=34.1741 kl=0.0300
[Iter 459/488] steps=940032 reward=637.18 pi_loss=-0.0409 vf_loss=40.2645 entropy=34.2479 kl=0.0277
  [Eval] mean_return=704.84 std_return=97.87
[Iter 460/488] steps=942080 reward=390.65 pi_loss=-0.0463 vf_loss=39.3688 entropy=34.1983 kl=0.0303
[Iter 461/488] steps=944128 reward=632.60 pi_loss=-0.0503 vf_loss=25.3002 entropy=34.1791 kl=0.0368
[Iter 462/488] steps=946176 reward=463.31 pi_loss=-0.0547 vf_loss=21.5270 entropy=34.2447 kl=0.0356
[Iter 463/488] steps=948224 reward=363.22 pi_loss=-0.0515 vf_loss=25.6806 entropy=34.2221 kl=0.0308
[Iter 464/488] steps=950272 reward=587.03 pi_loss=-0.0386 vf_loss=33.1672 entropy=34.0757 kl=0.0278
  [Eval] mean_return=654.64 std_return=381.10
[Iter 465/488] steps=952320 reward=650.31 pi_loss=-0.0404 vf_loss=34.9209 entropy=34.0735 kl=0.0275
[Iter 466/488] steps=954368 reward=610.77 pi_loss=-0.0451 vf_loss=36.1042 entropy=34.1507 kl=0.0292
[Iter 467/488] steps=956416 reward=390.87 pi_loss=-0.0574 vf_loss=20.5199 entropy=34.3729 kl=0.0334
[Iter 468/488] steps=958464 reward=647.90 pi_loss=-0.0381 vf_loss=38.0595 entropy=33.9469 kl=0.0220
[Iter 469/488] steps=960512 reward=517.83 pi_loss=-0.0426 vf_loss=28.2669 entropy=34.2248 kl=0.0282
  [Eval] mean_return=681.08 std_return=101.60
[Iter 470/488] steps=962560 reward=670.50 pi_loss=-0.0392 vf_loss=32.3750 entropy=34.0106 kl=0.0258
[Iter 471/488] steps=964608 reward=355.95 pi_loss=-0.0503 vf_loss=20.7327 entropy=34.3606 kl=0.0291
[Iter 472/488] steps=966656 reward=633.03 pi_loss=-0.0300 vf_loss=34.9183 entropy=34.3051 kl=0.0195
[Iter 473/488] steps=968704 reward=589.50 pi_loss=-0.0318 vf_loss=41.4730 entropy=34.1027 kl=0.0173
[Iter 474/488] steps=970752 reward=543.68 pi_loss=-0.0349 vf_loss=30.7507 entropy=34.1339 kl=0.0230
  [Eval] mean_return=686.34 std_return=81.31
[Iter 475/488] steps=972800 reward=585.01 pi_loss=-0.0290 vf_loss=30.7252 entropy=34.1090 kl=0.0196
[Iter 476/488] steps=974848 reward=465.10 pi_loss=-0.0374 vf_loss=25.4980 entropy=34.1141 kl=0.0222
[Iter 477/488] steps=976896 reward=485.46 pi_loss=-0.0272 vf_loss=64.3166 entropy=34.0418 kl=0.0150
[Iter 478/488] steps=978944 reward=470.58 pi_loss=-0.0264 vf_loss=41.3246 entropy=33.9838 kl=0.0160
[Iter 479/488] steps=980992 reward=616.54 pi_loss=-0.0307 vf_loss=28.8149 entropy=34.0350 kl=0.0196
  [Eval] mean_return=713.30 std_return=76.91
[Iter 480/488] steps=983040 reward=360.56 pi_loss=-0.0353 vf_loss=28.0947 entropy=34.0405 kl=0.0195
[Iter 481/488] steps=985088 reward=667.45 pi_loss=-0.0229 vf_loss=29.7784 entropy=34.1221 kl=0.0153
[Iter 482/488] steps=987136 reward=372.51 pi_loss=-0.0293 vf_loss=22.1587 entropy=34.2385 kl=0.0141
[Iter 483/488] steps=989184 reward=635.67 pi_loss=-0.0163 vf_loss=34.4273 entropy=34.0119 kl=0.0110
[Iter 484/488] steps=991232 reward=591.44 pi_loss=-0.0156 vf_loss=33.6632 entropy=34.0450 kl=0.0091
  [Eval] mean_return=710.06 std_return=33.13
[Iter 485/488] steps=993280 reward=687.85 pi_loss=-0.0163 vf_loss=31.2277 entropy=34.1830 kl=0.0111
[Iter 486/488] steps=995328 reward=469.11 pi_loss=-0.0127 vf_loss=36.1460 entropy=34.0782 kl=0.0053
[Iter 487/488] steps=997376 reward=648.84 pi_loss=-0.0098 vf_loss=29.7988 entropy=34.1220 kl=0.0042
[Iter 488/488] steps=999424 reward=557.00 pi_loss=-0.0056 vf_loss=23.5775 entropy=34.1043 kl=0.0014
Training complete. Logs saved to results/8hr/K4_hierarchical/seed_42
