[Iter 1/488] steps=2048 reward=-420.66 pi_loss=-0.0405 vf_loss=15.8490 entropy=17.1501 kl=0.0332
[Iter 2/488] steps=4096 reward=-361.22 pi_loss=-0.0547 vf_loss=7.5085 entropy=17.1134 kl=0.0480
[Iter 3/488] steps=6144 reward=-274.16 pi_loss=-0.0636 vf_loss=11.0106 entropy=17.1229 kl=0.0530
[Iter 4/488] steps=8192 reward=-319.46 pi_loss=-0.0649 vf_loss=13.9716 entropy=17.1343 kl=0.0471
[Iter 5/488] steps=10240 reward=-320.42 pi_loss=-0.0726 vf_loss=7.4374 entropy=17.1206 kl=0.0658
  [Eval] mean_return=-206.88 std_return=30.49
[Iter 6/488] steps=12288 reward=-303.08 pi_loss=-0.0773 vf_loss=8.7444 entropy=17.1940 kl=0.0685
[Iter 7/488] steps=14336 reward=-389.31 pi_loss=-0.0731 vf_loss=13.9327 entropy=17.1260 kl=0.0524
[Iter 8/488] steps=16384 reward=-343.24 pi_loss=-0.0742 vf_loss=12.0731 entropy=17.1135 kl=0.0681
[Iter 9/488] steps=18432 reward=-275.94 pi_loss=-0.0780 vf_loss=13.2835 entropy=17.2331 kl=0.0799
[Iter 10/488] steps=20480 reward=-317.08 pi_loss=-0.0783 vf_loss=9.2699 entropy=17.1824 kl=0.1009
  [Eval] mean_return=-209.69 std_return=55.66
[Iter 11/488] steps=22528 reward=-363.38 pi_loss=-0.0841 vf_loss=7.3755 entropy=17.2813 kl=0.1237
[Iter 12/488] steps=24576 reward=-299.18 pi_loss=-0.0801 vf_loss=9.2315 entropy=17.0991 kl=0.0885
[Iter 13/488] steps=26624 reward=-273.20 pi_loss=-0.0859 vf_loss=14.4455 entropy=17.1309 kl=0.0724
[Iter 14/488] steps=28672 reward=-396.60 pi_loss=-0.0872 vf_loss=10.9807 entropy=17.1776 kl=0.1050
[Iter 15/488] steps=30720 reward=-287.71 pi_loss=-0.0839 vf_loss=8.4741 entropy=17.2807 kl=0.1172
  [Eval] mean_return=-185.11 std_return=69.85
[Iter 16/488] steps=32768 reward=-302.61 pi_loss=-0.0872 vf_loss=17.1129 entropy=17.2126 kl=0.0904
[Iter 17/488] steps=34816 reward=-354.17 pi_loss=-0.0831 vf_loss=12.5707 entropy=17.2183 kl=0.1035
[Iter 18/488] steps=36864 reward=-226.73 pi_loss=-0.0827 vf_loss=7.3184 entropy=17.5266 kl=0.2302
[Iter 19/488] steps=38912 reward=-258.39 pi_loss=-0.0949 vf_loss=10.1546 entropy=17.1441 kl=0.1095
[Iter 20/488] steps=40960 reward=-243.85 pi_loss=-0.0946 vf_loss=12.5982 entropy=17.2614 kl=0.0891
  [Eval] mean_return=-122.44 std_return=67.54
[Iter 21/488] steps=43008 reward=-232.48 pi_loss=-0.1121 vf_loss=7.3577 entropy=17.3658 kl=0.1591
[Iter 22/488] steps=45056 reward=-249.80 pi_loss=-0.1060 vf_loss=8.3639 entropy=17.3555 kl=0.1435
[Iter 23/488] steps=47104 reward=-190.40 pi_loss=-0.0991 vf_loss=7.2128 entropy=17.3633 kl=0.1498
[Iter 24/488] steps=49152 reward=-243.55 pi_loss=-0.0956 vf_loss=6.3998 entropy=17.5117 kl=0.1914
[Iter 25/488] steps=51200 reward=-236.89 pi_loss=-0.1130 vf_loss=7.9471 entropy=17.3220 kl=0.1299
  [Eval] mean_return=-81.72 std_return=55.16
[Iter 26/488] steps=53248 reward=-191.77 pi_loss=-0.1137 vf_loss=7.4467 entropy=17.1787 kl=0.1401
[Iter 27/488] steps=55296 reward=-254.00 pi_loss=-0.1069 vf_loss=6.7770 entropy=17.3839 kl=0.1635
[Iter 28/488] steps=57344 reward=-199.61 pi_loss=-0.1185 vf_loss=7.4357 entropy=17.4020 kl=0.2058
[Iter 29/488] steps=59392 reward=-223.34 pi_loss=-0.1203 vf_loss=6.7625 entropy=17.3860 kl=0.1761
[Iter 30/488] steps=61440 reward=-235.46 pi_loss=-0.1249 vf_loss=8.5018 entropy=17.3963 kl=0.1436
  [Eval] mean_return=-60.34 std_return=55.15
[Iter 31/488] steps=63488 reward=-169.77 pi_loss=-0.1053 vf_loss=9.0085 entropy=17.3652 kl=0.1538
[Iter 32/488] steps=65536 reward=-244.65 pi_loss=-0.1109 vf_loss=18.5220 entropy=17.2120 kl=0.0909
[Iter 33/488] steps=67584 reward=-242.02 pi_loss=-0.1118 vf_loss=8.3558 entropy=17.4806 kl=0.2053
[Iter 34/488] steps=69632 reward=-182.99 pi_loss=-0.1208 vf_loss=7.5483 entropy=17.4255 kl=0.2267
[Iter 35/488] steps=71680 reward=-214.92 pi_loss=-0.1182 vf_loss=11.1943 entropy=17.3420 kl=0.1495
  [Eval] mean_return=-88.18 std_return=69.83
[Iter 36/488] steps=73728 reward=-246.96 pi_loss=-0.1204 vf_loss=14.2192 entropy=17.1619 kl=0.1131
[Iter 37/488] steps=75776 reward=-167.05 pi_loss=-0.1303 vf_loss=13.5784 entropy=17.2132 kl=0.1290
[Iter 38/488] steps=77824 reward=-248.62 pi_loss=-0.1211 vf_loss=10.6266 entropy=17.3131 kl=0.1523
[Iter 39/488] steps=79872 reward=-182.98 pi_loss=-0.1170 vf_loss=10.1530 entropy=17.2708 kl=0.1452
[Iter 40/488] steps=81920 reward=-163.34 pi_loss=-0.1039 vf_loss=6.6477 entropy=17.7103 kl=0.3560
  [Eval] mean_return=-50.58 std_return=48.65
[Iter 41/488] steps=83968 reward=-196.08 pi_loss=-0.1128 vf_loss=6.7935 entropy=17.6835 kl=0.3465
[Iter 42/488] steps=86016 reward=-193.91 pi_loss=-0.1167 vf_loss=6.1918 entropy=17.6486 kl=0.2944
[Iter 43/488] steps=88064 reward=-202.06 pi_loss=-0.1288 vf_loss=15.0662 entropy=17.1988 kl=0.1022
[Iter 44/488] steps=90112 reward=-230.30 pi_loss=-0.1263 vf_loss=13.2565 entropy=17.2279 kl=0.1049
  [Eval] mean_return=-76.66 std_return=54.03
[Iter 45/488] steps=92160 reward=-119.42 pi_loss=-0.1254 vf_loss=9.0892 entropy=17.4964 kl=0.2134
[Iter 46/488] steps=94208 reward=-135.33 pi_loss=-0.1172 vf_loss=10.3072 entropy=17.3071 kl=0.1838
[Iter 47/488] steps=96256 reward=-157.85 pi_loss=-0.1310 vf_loss=11.7276 entropy=17.2851 kl=0.1473
[Iter 48/488] steps=98304 reward=-154.19 pi_loss=-0.1199 vf_loss=11.2354 entropy=17.3389 kl=0.1519
[Iter 49/488] steps=100352 reward=-218.66 pi_loss=-0.1324 vf_loss=10.5386 entropy=17.4179 kl=0.1721
  [Eval] mean_return=-54.59 std_return=44.67
[Iter 50/488] steps=102400 reward=-152.72 pi_loss=-0.1028 vf_loss=7.3088 entropy=17.9837 kl=0.4453
[Iter 51/488] steps=104448 reward=-221.12 pi_loss=-0.1307 vf_loss=8.1600 entropy=17.3224 kl=0.1627
[Iter 52/488] steps=106496 reward=-143.03 pi_loss=-0.1418 vf_loss=8.8593 entropy=17.4339 kl=0.1753
[Iter 53/488] steps=108544 reward=-194.27 pi_loss=-0.1365 vf_loss=6.3793 entropy=17.4725 kl=0.2193
[Iter 54/488] steps=110592 reward=-118.89 pi_loss=-0.1283 vf_loss=8.0352 entropy=17.3609 kl=0.1883
  [Eval] mean_return=22.54 std_return=24.55
[Iter 55/488] steps=112640 reward=-109.29 pi_loss=-0.1170 vf_loss=6.9427 entropy=17.6271 kl=0.3195
[Iter 56/488] steps=114688 reward=-108.05 pi_loss=-0.1234 vf_loss=14.2262 entropy=17.1916 kl=0.0955
[Iter 57/488] steps=116736 reward=-246.06 pi_loss=-0.1149 vf_loss=5.8709 entropy=17.6984 kl=0.3292
[Iter 58/488] steps=118784 reward=-113.40 pi_loss=-0.1229 vf_loss=10.6887 entropy=17.2081 kl=0.1158
[Iter 59/488] steps=120832 reward=-152.73 pi_loss=-0.1188 vf_loss=7.1049 entropy=17.6796 kl=0.3148
  [Eval] mean_return=-9.03 std_return=78.73
[Iter 60/488] steps=122880 reward=-109.27 pi_loss=-0.1452 vf_loss=9.6911 entropy=17.3833 kl=0.1743
[Iter 61/488] steps=124928 reward=-162.18 pi_loss=-0.1429 vf_loss=7.6865 entropy=17.4197 kl=0.2289
[Iter 62/488] steps=126976 reward=-103.81 pi_loss=-0.1385 vf_loss=9.0736 entropy=17.5454 kl=0.2394
[Iter 63/488] steps=129024 reward=-155.43 pi_loss=-0.1344 vf_loss=7.5295 entropy=17.5275 kl=0.3331
[Iter 64/488] steps=131072 reward=-226.81 pi_loss=-0.1448 vf_loss=12.7337 entropy=17.2076 kl=0.1392
  [Eval] mean_return=-53.49 std_return=129.00
[Iter 65/488] steps=133120 reward=-111.20 pi_loss=-0.1481 vf_loss=7.3152 entropy=17.3721 kl=0.2372
[Iter 66/488] steps=135168 reward=-19.82 pi_loss=-0.1425 vf_loss=11.5213 entropy=17.3244 kl=0.1849
[Iter 67/488] steps=137216 reward=-82.49 pi_loss=-0.1233 vf_loss=7.9668 entropy=17.8258 kl=0.4466
[Iter 68/488] steps=139264 reward=-47.90 pi_loss=-0.1075 vf_loss=6.4501 entropy=17.9534 kl=0.4925
[Iter 69/488] steps=141312 reward=-58.47 pi_loss=-0.1333 vf_loss=10.5955 entropy=17.3142 kl=0.1840
  [Eval] mean_return=13.90 std_return=52.35
[Iter 70/488] steps=143360 reward=-95.98 pi_loss=-0.1092 vf_loss=7.0304 entropy=17.7609 kl=0.4265
[Iter 71/488] steps=145408 reward=-78.08 pi_loss=-0.1488 vf_loss=9.8758 entropy=17.4911 kl=0.2589
[Iter 72/488] steps=147456 reward=6.14 pi_loss=-0.1437 vf_loss=12.7573 entropy=17.1983 kl=0.1497
[Iter 73/488] steps=149504 reward=-24.16 pi_loss=-0.1368 vf_loss=6.0607 entropy=17.5843 kl=0.3245
[Iter 74/488] steps=151552 reward=-37.91 pi_loss=-0.1327 vf_loss=6.9031 entropy=17.6474 kl=0.3228
  [Eval] mean_return=76.84 std_return=41.26
[Iter 75/488] steps=153600 reward=-50.60 pi_loss=-0.1385 vf_loss=8.3183 entropy=17.5997 kl=0.2799
[Iter 76/488] steps=155648 reward=-15.66 pi_loss=-0.1404 vf_loss=7.5396 entropy=17.5000 kl=0.2316
[Iter 77/488] steps=157696 reward=-164.54 pi_loss=-0.1357 vf_loss=17.7648 entropy=17.1186 kl=0.0988
[Iter 78/488] steps=159744 reward=-201.76 pi_loss=-0.1520 vf_loss=6.3730 entropy=17.5042 kl=0.2846
[Iter 79/488] steps=161792 reward=-60.70 pi_loss=-0.1283 vf_loss=5.8545 entropy=17.7259 kl=0.3718
  [Eval] mean_return=112.53 std_return=50.46
[Iter 80/488] steps=163840 reward=-104.85 pi_loss=-0.1466 vf_loss=6.2992 entropy=17.4560 kl=0.2179
[Iter 81/488] steps=165888 reward=-120.81 pi_loss=-0.1288 vf_loss=14.6395 entropy=17.2180 kl=0.1314
[Iter 82/488] steps=167936 reward=-37.04 pi_loss=-0.1000 vf_loss=5.6778 entropy=17.8393 kl=0.4073
[Iter 83/488] steps=169984 reward=-56.02 pi_loss=-0.1458 vf_loss=7.4416 entropy=17.3676 kl=0.2164
[Iter 84/488] steps=172032 reward=-92.88 pi_loss=-0.1455 vf_loss=7.2547 entropy=17.4008 kl=0.2276
  [Eval] mean_return=56.10 std_return=97.38
[Iter 85/488] steps=174080 reward=-102.50 pi_loss=-0.1380 vf_loss=7.3998 entropy=17.4852 kl=0.2808
[Iter 86/488] steps=176128 reward=-46.48 pi_loss=-0.1179 vf_loss=5.8918 entropy=18.0470 kl=0.4875
[Iter 87/488] steps=178176 reward=28.85 pi_loss=-0.1353 vf_loss=6.3042 entropy=17.5130 kl=0.2618
[Iter 88/488] steps=180224 reward=-23.07 pi_loss=-0.1209 vf_loss=5.2674 entropy=17.7126 kl=0.4005
  [Eval] mean_return=94.80 std_return=66.47
[Iter 89/488] steps=182272 reward=5.45 pi_loss=-0.1281 vf_loss=5.3590 entropy=17.8076 kl=0.3827
[Iter 90/488] steps=184320 reward=-19.68 pi_loss=-0.1323 vf_loss=9.5651 entropy=17.3699 kl=0.1496
[Iter 91/488] steps=186368 reward=-94.60 pi_loss=-0.1522 vf_loss=7.3378 entropy=17.4538 kl=0.2202
[Iter 92/488] steps=188416 reward=-75.60 pi_loss=-0.1330 vf_loss=11.5380 entropy=17.4378 kl=0.2122
[Iter 93/488] steps=190464 reward=-58.07 pi_loss=-0.1421 vf_loss=9.5839 entropy=17.2895 kl=0.1564
  [Eval] mean_return=83.24 std_return=85.04
[Iter 94/488] steps=192512 reward=-28.14 pi_loss=-0.1344 vf_loss=11.5738 entropy=17.1651 kl=0.1369
[Iter 95/488] steps=194560 reward=-218.92 pi_loss=-0.1310 vf_loss=14.0324 entropy=17.2895 kl=0.1486
[Iter 96/488] steps=196608 reward=19.13 pi_loss=-0.1190 vf_loss=7.1315 entropy=17.6157 kl=0.3680
[Iter 97/488] steps=198656 reward=-68.18 pi_loss=-0.1257 vf_loss=14.0561 entropy=17.3220 kl=0.1563
[Iter 98/488] steps=200704 reward=96.40 pi_loss=-0.1300 vf_loss=8.4558 entropy=17.6315 kl=0.2999
  [Eval] mean_return=120.70 std_return=74.75
[Iter 99/488] steps=202752 reward=-33.85 pi_loss=-0.1306 vf_loss=11.4638 entropy=17.4404 kl=0.2305
[Iter 100/488] steps=204800 reward=-173.35 pi_loss=-0.1329 vf_loss=14.5955 entropy=17.3175 kl=0.1674
[Iter 101/488] steps=206848 reward=42.74 pi_loss=-0.1236 vf_loss=10.3469 entropy=17.5172 kl=0.2627
[Iter 102/488] steps=208896 reward=38.72 pi_loss=-0.1122 vf_loss=8.9715 entropy=17.8044 kl=0.4724
[Iter 103/488] steps=210944 reward=82.43 pi_loss=-0.1257 vf_loss=13.4137 entropy=17.3848 kl=0.2334
  [Eval] mean_return=119.81 std_return=63.36
[Iter 104/488] steps=212992 reward=-277.92 pi_loss=-0.1350 vf_loss=17.3854 entropy=17.2526 kl=0.1564
[Iter 105/488] steps=215040 reward=-33.59 pi_loss=-0.0614 vf_loss=8.7852 entropy=18.6307 kl=0.7662
[Iter 106/488] steps=217088 reward=-52.57 pi_loss=-0.1459 vf_loss=10.0181 entropy=17.3736 kl=0.2143
[Iter 107/488] steps=219136 reward=39.88 pi_loss=-0.1268 vf_loss=9.1655 entropy=17.5561 kl=0.3530
[Iter 108/488] steps=221184 reward=-21.20 pi_loss=-0.1101 vf_loss=9.0886 entropy=18.2690 kl=0.6529
  [Eval] mean_return=32.87 std_return=101.96
[Iter 109/488] steps=223232 reward=13.49 pi_loss=-0.1325 vf_loss=8.7508 entropy=17.5052 kl=0.3070
[Iter 110/488] steps=225280 reward=28.61 pi_loss=-0.1373 vf_loss=8.9016 entropy=17.5122 kl=0.2877
[Iter 111/488] steps=227328 reward=44.33 pi_loss=-0.1274 vf_loss=6.7089 entropy=17.5785 kl=0.4068
[Iter 112/488] steps=229376 reward=15.46 pi_loss=-0.1353 vf_loss=10.2859 entropy=17.4393 kl=0.2339
[Iter 113/488] steps=231424 reward=70.30 pi_loss=-0.1385 vf_loss=11.1221 entropy=17.3379 kl=0.1883
  [Eval] mean_return=130.32 std_return=70.63
[Iter 114/488] steps=233472 reward=-70.39 pi_loss=-0.1340 vf_loss=19.1004 entropy=17.4584 kl=0.2114
[Iter 115/488] steps=235520 reward=-12.87 pi_loss=-0.1457 vf_loss=13.2977 entropy=17.3454 kl=0.2015
[Iter 116/488] steps=237568 reward=-58.35 pi_loss=-0.1184 vf_loss=21.4752 entropy=17.5144 kl=0.2616
[Iter 117/488] steps=239616 reward=78.75 pi_loss=-0.0763 vf_loss=8.7206 entropy=18.1444 kl=0.5907
[Iter 118/488] steps=241664 reward=45.15 pi_loss=-0.1403 vf_loss=11.1407 entropy=17.2626 kl=0.2076
  [Eval] mean_return=171.65 std_return=99.01
[Iter 119/488] steps=243712 reward=88.69 pi_loss=-0.1358 vf_loss=7.7881 entropy=17.6369 kl=0.3580
[Iter 120/488] steps=245760 reward=23.60 pi_loss=-0.1239 vf_loss=9.3257 entropy=17.6932 kl=0.3530
[Iter 121/488] steps=247808 reward=131.75 pi_loss=-0.1436 vf_loss=8.5764 entropy=17.5605 kl=0.3220
[Iter 122/488] steps=249856 reward=91.07 pi_loss=-0.1436 vf_loss=14.8265 entropy=17.3229 kl=0.1424
[Iter 123/488] steps=251904 reward=27.34 pi_loss=-0.1296 vf_loss=7.2906 entropy=17.6369 kl=0.3513
  [Eval] mean_return=152.99 std_return=109.00
[Iter 124/488] steps=253952 reward=150.93 pi_loss=-0.1066 vf_loss=8.7896 entropy=17.9267 kl=0.4056
[Iter 125/488] steps=256000 reward=80.90 pi_loss=-0.1138 vf_loss=15.4874 entropy=17.2544 kl=0.1761
[Iter 126/488] steps=258048 reward=162.32 pi_loss=-0.1090 vf_loss=10.2732 entropy=17.6835 kl=0.3508
[Iter 127/488] steps=260096 reward=-17.46 pi_loss=-0.1423 vf_loss=16.6732 entropy=17.4825 kl=0.2225
  [Eval] mean_return=203.23 std_return=74.55
[Iter 128/488] steps=262144 reward=126.78 pi_loss=-0.1228 vf_loss=8.6107 entropy=17.7402 kl=0.3905
[Iter 129/488] steps=264192 reward=161.84 pi_loss=-0.1367 vf_loss=11.7948 entropy=17.4534 kl=0.2586
[Iter 130/488] steps=266240 reward=76.51 pi_loss=-0.1328 vf_loss=19.5950 entropy=17.4042 kl=0.1521
[Iter 131/488] steps=268288 reward=27.34 pi_loss=-0.1419 vf_loss=22.8693 entropy=17.2341 kl=0.1273
[Iter 132/488] steps=270336 reward=31.88 pi_loss=-0.1375 vf_loss=12.8189 entropy=17.3022 kl=0.1964
  [Eval] mean_return=260.49 std_return=60.64
[Iter 133/488] steps=272384 reward=57.54 pi_loss=-0.1237 vf_loss=13.1566 entropy=17.6382 kl=0.3359
[Iter 134/488] steps=274432 reward=118.80 pi_loss=-0.1218 vf_loss=9.9651 entropy=17.7298 kl=0.4492
[Iter 135/488] steps=276480 reward=136.73 pi_loss=-0.1036 vf_loss=8.5820 entropy=18.0839 kl=0.5237
[Iter 136/488] steps=278528 reward=80.10 pi_loss=-0.0553 vf_loss=8.2945 entropy=18.7424 kl=0.8333
[Iter 137/488] steps=280576 reward=79.85 pi_loss=-0.1228 vf_loss=15.1336 entropy=17.4177 kl=0.1787
  [Eval] mean_return=272.63 std_return=71.02
[Iter 138/488] steps=282624 reward=139.90 pi_loss=-0.1528 vf_loss=12.8224 entropy=17.3890 kl=0.2336
[Iter 139/488] steps=284672 reward=127.99 pi_loss=-0.1340 vf_loss=10.2440 entropy=17.7347 kl=0.3793
[Iter 140/488] steps=286720 reward=201.89 pi_loss=-0.1335 vf_loss=8.4757 entropy=17.6740 kl=0.3368
[Iter 141/488] steps=288768 reward=161.59 pi_loss=-0.1322 vf_loss=9.1009 entropy=17.6462 kl=0.2902
[Iter 142/488] steps=290816 reward=140.66 pi_loss=-0.1006 vf_loss=9.5738 entropy=17.7327 kl=0.3647
  [Eval] mean_return=265.85 std_return=44.04
[Iter 143/488] steps=292864 reward=102.13 pi_loss=-0.1521 vf_loss=8.5782 entropy=17.4351 kl=0.2648
[Iter 144/488] steps=294912 reward=101.15 pi_loss=-0.1538 vf_loss=9.8597 entropy=17.4325 kl=0.2529
[Iter 145/488] steps=296960 reward=132.88 pi_loss=-0.1352 vf_loss=10.5332 entropy=17.5815 kl=0.3379
[Iter 146/488] steps=299008 reward=149.44 pi_loss=-0.1361 vf_loss=10.9725 entropy=17.5601 kl=0.2776
[Iter 147/488] steps=301056 reward=164.17 pi_loss=-0.1281 vf_loss=13.1671 entropy=17.3596 kl=0.2293
  [Eval] mean_return=319.98 std_return=80.88
[Iter 148/488] steps=303104 reward=150.23 pi_loss=-0.1332 vf_loss=12.2812 entropy=17.4123 kl=0.2604
[Iter 149/488] steps=305152 reward=151.58 pi_loss=-0.1292 vf_loss=11.0959 entropy=17.8080 kl=0.3121
[Iter 150/488] steps=307200 reward=250.64 pi_loss=-0.1332 vf_loss=8.8936 entropy=17.7629 kl=0.3651
[Iter 151/488] steps=309248 reward=207.10 pi_loss=-0.1222 vf_loss=8.1143 entropy=17.7784 kl=0.4143
[Iter 152/488] steps=311296 reward=205.38 pi_loss=-0.1267 vf_loss=12.2692 entropy=17.4050 kl=0.1847
  [Eval] mean_return=367.64 std_return=63.99
[Iter 153/488] steps=313344 reward=213.86 pi_loss=-0.1267 vf_loss=19.0633 entropy=17.2649 kl=0.1295
[Iter 154/488] steps=315392 reward=112.87 pi_loss=-0.1311 vf_loss=10.4056 entropy=17.6797 kl=0.3514
[Iter 155/488] steps=317440 reward=123.48 pi_loss=-0.1202 vf_loss=16.5359 entropy=17.3671 kl=0.1502
[Iter 156/488] steps=319488 reward=167.15 pi_loss=-0.1298 vf_loss=13.7631 entropy=17.4199 kl=0.2231
[Iter 157/488] steps=321536 reward=186.10 pi_loss=-0.1306 vf_loss=12.8810 entropy=17.6269 kl=0.2767
  [Eval] mean_return=392.13 std_return=30.89
[Iter 158/488] steps=323584 reward=212.74 pi_loss=-0.0759 vf_loss=14.7519 entropy=18.3421 kl=0.6218
[Iter 159/488] steps=325632 reward=302.12 pi_loss=-0.1347 vf_loss=21.1673 entropy=17.3169 kl=0.1607
[Iter 160/488] steps=327680 reward=171.47 pi_loss=-0.1178 vf_loss=14.2403 entropy=17.5406 kl=0.2993
[Iter 161/488] steps=329728 reward=191.77 pi_loss=-0.1231 vf_loss=15.4402 entropy=17.5049 kl=0.2755
[Iter 162/488] steps=331776 reward=243.41 pi_loss=-0.0899 vf_loss=9.1179 entropy=18.1879 kl=0.6080
  [Eval] mean_return=416.26 std_return=75.57
[Iter 163/488] steps=333824 reward=392.28 pi_loss=-0.1395 vf_loss=13.9914 entropy=17.5354 kl=0.2190
[Iter 164/488] steps=335872 reward=282.42 pi_loss=-0.0926 vf_loss=13.2034 entropy=17.8500 kl=0.4871
[Iter 165/488] steps=337920 reward=290.04 pi_loss=-0.1069 vf_loss=9.6188 entropy=18.0044 kl=0.4638
[Iter 166/488] steps=339968 reward=296.17 pi_loss=-0.1435 vf_loss=9.6557 entropy=17.3716 kl=0.2440
[Iter 167/488] steps=342016 reward=327.89 pi_loss=-0.1259 vf_loss=11.8510 entropy=17.4414 kl=0.2543
  [Eval] mean_return=446.49 std_return=79.24
[Iter 168/488] steps=344064 reward=275.89 pi_loss=-0.1223 vf_loss=11.2971 entropy=17.5087 kl=0.2486
[Iter 169/488] steps=346112 reward=342.89 pi_loss=-0.1388 vf_loss=16.0996 entropy=17.3568 kl=0.1938
[Iter 170/488] steps=348160 reward=368.35 pi_loss=-0.1337 vf_loss=15.1422 entropy=17.3884 kl=0.2328
[Iter 171/488] steps=350208 reward=331.45 pi_loss=-0.1165 vf_loss=13.4669 entropy=17.6207 kl=0.3041
  [Eval] mean_return=505.59 std_return=77.34
[Iter 172/488] steps=352256 reward=360.99 pi_loss=-0.1260 vf_loss=12.7741 entropy=17.4529 kl=0.2575
[Iter 173/488] steps=354304 reward=354.63 pi_loss=-0.1232 vf_loss=14.3219 entropy=17.5469 kl=0.3275
[Iter 174/488] steps=356352 reward=336.77 pi_loss=-0.1180 vf_loss=12.9463 entropy=17.5247 kl=0.2787
[Iter 175/488] steps=358400 reward=366.12 pi_loss=-0.1204 vf_loss=13.9690 entropy=17.4353 kl=0.2215
[Iter 176/488] steps=360448 reward=211.21 pi_loss=-0.1324 vf_loss=13.7740 entropy=17.4578 kl=0.2618
  [Eval] mean_return=456.54 std_return=84.42
[Iter 177/488] steps=362496 reward=356.38 pi_loss=-0.1317 vf_loss=22.7267 entropy=17.2664 kl=0.1270
[Iter 178/488] steps=364544 reward=299.73 pi_loss=-0.1295 vf_loss=14.5417 entropy=17.5486 kl=0.2634
[Iter 179/488] steps=366592 reward=415.13 pi_loss=-0.1193 vf_loss=15.3942 entropy=17.4609 kl=0.2899
[Iter 180/488] steps=368640 reward=276.71 pi_loss=-0.1249 vf_loss=20.3397 entropy=17.3518 kl=0.1615
[Iter 181/488] steps=370688 reward=278.42 pi_loss=-0.1305 vf_loss=16.2258 entropy=17.3924 kl=0.2447
  [Eval] mean_return=502.89 std_return=61.44
[Iter 182/488] steps=372736 reward=360.30 pi_loss=-0.1206 vf_loss=18.9502 entropy=17.2961 kl=0.1787
[Iter 183/488] steps=374784 reward=354.89 pi_loss=-0.1312 vf_loss=22.9535 entropy=17.3364 kl=0.1752
[Iter 184/488] steps=376832 reward=310.27 pi_loss=-0.1197 vf_loss=20.5718 entropy=17.3869 kl=0.2278
[Iter 185/488] steps=378880 reward=424.23 pi_loss=-0.1251 vf_loss=17.8019 entropy=17.5823 kl=0.2907
[Iter 186/488] steps=380928 reward=366.89 pi_loss=-0.1008 vf_loss=18.7203 entropy=17.5713 kl=0.2762
  [Eval] mean_return=577.87 std_return=29.90
[Iter 187/488] steps=382976 reward=425.86 pi_loss=-0.0931 vf_loss=14.3592 entropy=17.7140 kl=0.3638
[Iter 188/488] steps=385024 reward=491.55 pi_loss=-0.1062 vf_loss=20.8220 entropy=17.4128 kl=0.2588
[Iter 189/488] steps=387072 reward=408.67 pi_loss=-0.1188 vf_loss=20.7557 entropy=17.4009 kl=0.1871
[Iter 190/488] steps=389120 reward=490.81 pi_loss=-0.1060 vf_loss=19.5205 entropy=17.5598 kl=0.2353
[Iter 191/488] steps=391168 reward=531.70 pi_loss=-0.0343 vf_loss=17.3813 entropy=19.5950 kl=1.3344
  [Eval] mean_return=550.55 std_return=55.52
[Iter 192/488] steps=393216 reward=483.51 pi_loss=-0.0889 vf_loss=17.6203 entropy=17.7239 kl=0.4028
[Iter 193/488] steps=395264 reward=531.94 pi_loss=-0.1076 vf_loss=19.2720 entropy=17.4899 kl=0.2573
[Iter 194/488] steps=397312 reward=476.00 pi_loss=-0.1216 vf_loss=18.6019 entropy=17.2600 kl=0.1894
[Iter 195/488] steps=399360 reward=501.45 pi_loss=-0.1136 vf_loss=16.6424 entropy=17.5144 kl=0.2688
[Iter 196/488] steps=401408 reward=497.13 pi_loss=-0.1201 vf_loss=19.5649 entropy=17.4493 kl=0.2342
  [Eval] mean_return=573.98 std_return=36.18
[Iter 197/488] steps=403456 reward=386.90 pi_loss=-0.1316 vf_loss=24.8491 entropy=17.3122 kl=0.1487
[Iter 198/488] steps=405504 reward=392.49 pi_loss=-0.1124 vf_loss=21.1359 entropy=17.4512 kl=0.2135
[Iter 199/488] steps=407552 reward=505.01 pi_loss=-0.0971 vf_loss=18.9042 entropy=17.5809 kl=0.2955
[Iter 200/488] steps=409600 reward=497.97 pi_loss=-0.1118 vf_loss=20.1620 entropy=17.5593 kl=0.2269
[Iter 201/488] steps=411648 reward=468.98 pi_loss=-0.1359 vf_loss=21.3641 entropy=17.2326 kl=0.1545
  [Eval] mean_return=612.27 std_return=114.86
[Iter 202/488] steps=413696 reward=427.88 pi_loss=-0.1267 vf_loss=24.8665 entropy=17.3241 kl=0.1479
[Iter 203/488] steps=415744 reward=390.00 pi_loss=-0.1013 vf_loss=19.7314 entropy=17.5193 kl=0.2895
[Iter 204/488] steps=417792 reward=511.82 pi_loss=-0.1062 vf_loss=20.8199 entropy=17.5149 kl=0.2520
[Iter 205/488] steps=419840 reward=511.19 pi_loss=-0.1033 vf_loss=31.9557 entropy=17.3477 kl=0.1487
[Iter 206/488] steps=421888 reward=538.00 pi_loss=-0.0753 vf_loss=19.9311 entropy=17.8102 kl=0.3705
  [Eval] mean_return=594.74 std_return=55.57
[Iter 207/488] steps=423936 reward=472.37 pi_loss=-0.1053 vf_loss=16.7535 entropy=17.4933 kl=0.2964
[Iter 208/488] steps=425984 reward=511.45 pi_loss=-0.1200 vf_loss=20.5010 entropy=17.3047 kl=0.1827
[Iter 209/488] steps=428032 reward=381.15 pi_loss=-0.1148 vf_loss=24.4292 entropy=17.2417 kl=0.1611
[Iter 210/488] steps=430080 reward=460.79 pi_loss=-0.1145 vf_loss=18.2572 entropy=17.4537 kl=0.2857
  [Eval] mean_return=528.14 std_return=117.30
[Iter 211/488] steps=432128 reward=435.37 pi_loss=-0.1316 vf_loss=20.6333 entropy=17.4087 kl=0.2224
[Iter 212/488] steps=434176 reward=390.08 pi_loss=-0.1108 vf_loss=26.2910 entropy=17.3796 kl=0.1973
[Iter 213/488] steps=436224 reward=342.33 pi_loss=-0.1224 vf_loss=20.7841 entropy=17.3642 kl=0.1809
[Iter 214/488] steps=438272 reward=440.48 pi_loss=-0.1274 vf_loss=27.3515 entropy=17.3199 kl=0.1480
[Iter 215/488] steps=440320 reward=341.55 pi_loss=-0.1027 vf_loss=20.2265 entropy=17.5122 kl=0.2773
  [Eval] mean_return=613.82 std_return=80.68
[Iter 216/488] steps=442368 reward=505.53 pi_loss=-0.1023 vf_loss=17.0260 entropy=17.5998 kl=0.2851
[Iter 217/488] steps=444416 reward=483.44 pi_loss=-0.1082 vf_loss=20.4136 entropy=17.4076 kl=0.2216
[Iter 218/488] steps=446464 reward=532.91 pi_loss=-0.1189 vf_loss=26.7324 entropy=17.1993 kl=0.1234
[Iter 219/488] steps=448512 reward=331.44 pi_loss=-0.1007 vf_loss=17.3897 entropy=17.5175 kl=0.3106
[Iter 220/488] steps=450560 reward=519.47 pi_loss=-0.1097 vf_loss=21.3894 entropy=17.3184 kl=0.2048
  [Eval] mean_return=631.99 std_return=66.99
[Iter 221/488] steps=452608 reward=474.06 pi_loss=-0.1114 vf_loss=41.6213 entropy=17.1632 kl=0.0979
[Iter 222/488] steps=454656 reward=196.59 pi_loss=-0.1116 vf_loss=17.8330 entropy=17.3296 kl=0.2234
[Iter 223/488] steps=456704 reward=548.19 pi_loss=-0.1050 vf_loss=22.9031 entropy=17.4715 kl=0.2364
[Iter 224/488] steps=458752 reward=490.75 pi_loss=-0.1035 vf_loss=22.1120 entropy=17.4749 kl=0.2101
[Iter 225/488] steps=460800 reward=413.55 pi_loss=-0.1307 vf_loss=30.8889 entropy=17.2730 kl=0.1459
  [Eval] mean_return=644.59 std_return=78.34
[Iter 226/488] steps=462848 reward=465.98 pi_loss=-0.1128 vf_loss=24.5653 entropy=17.3335 kl=0.1755
[Iter 227/488] steps=464896 reward=475.63 pi_loss=-0.1000 vf_loss=20.6579 entropy=17.3840 kl=0.2180
[Iter 228/488] steps=466944 reward=442.27 pi_loss=-0.1190 vf_loss=19.7584 entropy=17.3121 kl=0.2485
[Iter 229/488] steps=468992 reward=490.81 pi_loss=-0.0819 vf_loss=24.4042 entropy=17.7267 kl=0.3541
[Iter 230/488] steps=471040 reward=464.99 pi_loss=-0.0514 vf_loss=28.1788 entropy=18.3026 kl=0.7997
  [Eval] mean_return=646.35 std_return=43.75
[Iter 231/488] steps=473088 reward=446.86 pi_loss=-0.0956 vf_loss=27.6833 entropy=17.3993 kl=0.2126
[Iter 232/488] steps=475136 reward=625.18 pi_loss=-0.0992 vf_loss=22.3662 entropy=17.4613 kl=0.2526
[Iter 233/488] steps=477184 reward=507.72 pi_loss=-0.1095 vf_loss=29.7612 entropy=17.3516 kl=0.1621
[Iter 234/488] steps=479232 reward=440.40 pi_loss=-0.1172 vf_loss=33.8871 entropy=17.2992 kl=0.1181
[Iter 235/488] steps=481280 reward=443.51 pi_loss=-0.0910 vf_loss=21.1472 entropy=17.6250 kl=0.3058
  [Eval] mean_return=642.05 std_return=119.59
[Iter 236/488] steps=483328 reward=610.80 pi_loss=-0.1083 vf_loss=31.0139 entropy=17.3328 kl=0.1645
[Iter 237/488] steps=485376 reward=338.51 pi_loss=-0.1178 vf_loss=41.5087 entropy=17.2094 kl=0.0839
[Iter 238/488] steps=487424 reward=572.42 pi_loss=-0.0181 vf_loss=24.6063 entropy=19.1705 kl=1.0261
[Iter 239/488] steps=489472 reward=536.80 pi_loss=-0.1008 vf_loss=25.4827 entropy=17.4140 kl=0.2189
[Iter 240/488] steps=491520 reward=540.31 pi_loss=-0.0998 vf_loss=29.6514 entropy=17.2604 kl=0.1671
  [Eval] mean_return=661.07 std_return=73.14
[Iter 241/488] steps=493568 reward=653.65 pi_loss=-0.0917 vf_loss=23.0544 entropy=17.3843 kl=0.2110
[Iter 242/488] steps=495616 reward=448.11 pi_loss=-0.1033 vf_loss=31.6443 entropy=17.2745 kl=0.1539
[Iter 243/488] steps=497664 reward=561.72 pi_loss=-0.0926 vf_loss=26.1463 entropy=17.4574 kl=0.2237
[Iter 244/488] steps=499712 reward=555.30 pi_loss=-0.0929 vf_loss=24.8893 entropy=17.4224 kl=0.2333
[Iter 245/488] steps=501760 reward=578.20 pi_loss=-0.0966 vf_loss=31.6942 entropy=17.3186 kl=0.1485
  [Eval] mean_return=658.16 std_return=50.39
[Iter 246/488] steps=503808 reward=582.42 pi_loss=-0.0588 vf_loss=22.8189 entropy=18.3331 kl=0.6675
[Iter 247/488] steps=505856 reward=574.05 pi_loss=-0.0788 vf_loss=22.7312 entropy=17.7192 kl=0.3408
[Iter 248/488] steps=507904 reward=582.54 pi_loss=-0.0958 vf_loss=25.0750 entropy=17.6020 kl=0.2978
[Iter 249/488] steps=509952 reward=547.96 pi_loss=-0.0968 vf_loss=21.8435 entropy=17.3120 kl=0.2090
[Iter 250/488] steps=512000 reward=531.69 pi_loss=-0.1128 vf_loss=33.6749 entropy=17.2135 kl=0.1786
  [Eval] mean_return=657.29 std_return=49.97
[Iter 251/488] steps=514048 reward=497.94 pi_loss=-0.1143 vf_loss=24.4682 entropy=17.3129 kl=0.1901
[Iter 252/488] steps=516096 reward=522.92 pi_loss=-0.1170 vf_loss=26.2512 entropy=17.2926 kl=0.1778
[Iter 253/488] steps=518144 reward=616.81 pi_loss=-0.1134 vf_loss=31.0672 entropy=17.2442 kl=0.1314
[Iter 254/488] steps=520192 reward=386.17 pi_loss=-0.1186 vf_loss=38.3857 entropy=17.2166 kl=0.1122
  [Eval] mean_return=631.92 std_return=74.00
[Iter 255/488] steps=522240 reward=484.88 pi_loss=-0.0886 vf_loss=28.2909 entropy=17.8755 kl=0.4200
[Iter 256/488] steps=524288 reward=450.10 pi_loss=-0.0980 vf_loss=20.9640 entropy=17.3980 kl=0.2426
[Iter 257/488] steps=526336 reward=408.16 pi_loss=-0.1107 vf_loss=39.4111 entropy=17.2411 kl=0.1209
[Iter 258/488] steps=528384 reward=525.39 pi_loss=-0.0924 vf_loss=21.7366 entropy=17.5921 kl=0.3347
[Iter 259/488] steps=530432 reward=485.08 pi_loss=-0.1087 vf_loss=30.4677 entropy=17.1791 kl=0.1256
  [Eval] mean_return=620.92 std_return=86.17
[Iter 260/488] steps=532480 reward=559.33 pi_loss=-0.1189 vf_loss=28.5710 entropy=17.3924 kl=0.1970
[Iter 261/488] steps=534528 reward=558.36 pi_loss=-0.1034 vf_loss=18.0794 entropy=17.4966 kl=0.2908
[Iter 262/488] steps=536576 reward=577.73 pi_loss=-0.0916 vf_loss=21.1168 entropy=17.3124 kl=0.2046
[Iter 263/488] steps=538624 reward=570.72 pi_loss=-0.1051 vf_loss=27.8548 entropy=17.2025 kl=0.1246
[Iter 264/488] steps=540672 reward=599.19 pi_loss=-0.1144 vf_loss=23.7929 entropy=17.4020 kl=0.1763
  [Eval] mean_return=608.77 std_return=85.52
[Iter 265/488] steps=542720 reward=560.51 pi_loss=-0.0738 vf_loss=25.4672 entropy=17.4609 kl=0.2414
[Iter 266/488] steps=544768 reward=559.42 pi_loss=-0.0907 vf_loss=20.2249 entropy=17.3924 kl=0.2407
[Iter 267/488] steps=546816 reward=509.05 pi_loss=-0.1056 vf_loss=29.4993 entropy=17.2701 kl=0.0964
[Iter 268/488] steps=548864 reward=528.20 pi_loss=-0.1281 vf_loss=31.0631 entropy=17.2654 kl=0.1335
[Iter 269/488] steps=550912 reward=429.57 pi_loss=-0.1206 vf_loss=20.7575 entropy=17.2462 kl=0.1651
  [Eval] mean_return=583.60 std_return=65.24
[Iter 270/488] steps=552960 reward=404.64 pi_loss=-0.1147 vf_loss=30.5220 entropy=17.2979 kl=0.1537
[Iter 271/488] steps=555008 reward=488.83 pi_loss=-0.1239 vf_loss=41.2779 entropy=17.2771 kl=0.1155
[Iter 272/488] steps=557056 reward=498.61 pi_loss=-0.1224 vf_loss=29.3147 entropy=17.2747 kl=0.1473
[Iter 273/488] steps=559104 reward=582.44 pi_loss=-0.0995 vf_loss=25.3203 entropy=17.4294 kl=0.2111
[Iter 274/488] steps=561152 reward=617.09 pi_loss=-0.0979 vf_loss=24.1244 entropy=17.3496 kl=0.2133
  [Eval] mean_return=646.83 std_return=52.12
[Iter 275/488] steps=563200 reward=414.75 pi_loss=-0.1298 vf_loss=20.7931 entropy=17.3994 kl=0.2331
[Iter 276/488] steps=565248 reward=589.29 pi_loss=-0.0999 vf_loss=26.3980 entropy=17.3392 kl=0.1849
[Iter 277/488] steps=567296 reward=560.11 pi_loss=-0.1065 vf_loss=24.3388 entropy=17.5106 kl=0.2539
[Iter 278/488] steps=569344 reward=531.10 pi_loss=-0.1343 vf_loss=31.2214 entropy=17.2816 kl=0.1231
[Iter 279/488] steps=571392 reward=419.74 pi_loss=-0.1197 vf_loss=23.6973 entropy=17.3360 kl=0.1692
  [Eval] mean_return=504.84 std_return=119.95
[Iter 280/488] steps=573440 reward=479.35 pi_loss=-0.1134 vf_loss=27.5989 entropy=17.2892 kl=0.1743
[Iter 281/488] steps=575488 reward=643.67 pi_loss=-0.0921 vf_loss=19.3826 entropy=17.3622 kl=0.1913
[Iter 282/488] steps=577536 reward=437.21 pi_loss=-0.1091 vf_loss=28.7156 entropy=17.1559 kl=0.1223
[Iter 283/488] steps=579584 reward=498.39 pi_loss=-0.1229 vf_loss=36.3374 entropy=17.3288 kl=0.1181
[Iter 284/488] steps=581632 reward=398.75 pi_loss=-0.1150 vf_loss=27.3999 entropy=17.3408 kl=0.1703
  [Eval] mean_return=626.27 std_return=50.82
[Iter 285/488] steps=583680 reward=526.07 pi_loss=-0.1106 vf_loss=17.2877 entropy=17.4283 kl=0.2405
[Iter 286/488] steps=585728 reward=581.17 pi_loss=-0.1069 vf_loss=24.4037 entropy=17.4292 kl=0.2496
[Iter 287/488] steps=587776 reward=561.85 pi_loss=-0.1219 vf_loss=17.1470 entropy=17.4729 kl=0.2485
[Iter 288/488] steps=589824 reward=593.24 pi_loss=-0.1147 vf_loss=23.5984 entropy=17.3420 kl=0.1355
[Iter 289/488] steps=591872 reward=535.18 pi_loss=-0.0965 vf_loss=23.7719 entropy=17.3345 kl=0.1656
  [Eval] mean_return=583.93 std_return=88.68
[Iter 290/488] steps=593920 reward=476.47 pi_loss=-0.1159 vf_loss=29.1482 entropy=17.1739 kl=0.1086
[Iter 291/488] steps=595968 reward=461.12 pi_loss=-0.1128 vf_loss=29.8120 entropy=17.3558 kl=0.1233
[Iter 292/488] steps=598016 reward=453.38 pi_loss=-0.1161 vf_loss=29.8507 entropy=17.2904 kl=0.1350
[Iter 293/488] steps=600064 reward=429.63 pi_loss=-0.1227 vf_loss=35.0106 entropy=17.0690 kl=0.1027
  [Eval] mean_return=639.79 std_return=97.64
[Iter 294/488] steps=602112 reward=485.67 pi_loss=-0.1028 vf_loss=24.0937 entropy=17.2300 kl=0.1620
[Iter 295/488] steps=604160 reward=510.79 pi_loss=-0.1001 vf_loss=20.0879 entropy=17.4559 kl=0.2276
[Iter 296/488] steps=606208 reward=457.77 pi_loss=-0.1125 vf_loss=21.8312 entropy=17.2468 kl=0.1918
[Iter 297/488] steps=608256 reward=533.04 pi_loss=-0.1135 vf_loss=22.7829 entropy=17.2549 kl=0.1615
[Iter 298/488] steps=610304 reward=481.53 pi_loss=-0.1179 vf_loss=40.1222 entropy=17.2177 kl=0.1067
  [Eval] mean_return=647.31 std_return=66.17
[Iter 299/488] steps=612352 reward=509.04 pi_loss=-0.0818 vf_loss=23.4580 entropy=17.4727 kl=0.2241
[Iter 300/488] steps=614400 reward=567.99 pi_loss=-0.0911 vf_loss=23.9773 entropy=17.6517 kl=0.2921
[Iter 301/488] steps=616448 reward=540.83 pi_loss=-0.1133 vf_loss=21.3740 entropy=17.3555 kl=0.2071
[Iter 302/488] steps=618496 reward=542.46 pi_loss=-0.1077 vf_loss=22.4316 entropy=17.3924 kl=0.2203
[Iter 303/488] steps=620544 reward=504.54 pi_loss=-0.1104 vf_loss=33.4291 entropy=17.2047 kl=0.1150
  [Eval] mean_return=653.38 std_return=62.97
[Iter 304/488] steps=622592 reward=456.82 pi_loss=-0.1239 vf_loss=24.8333 entropy=17.2669 kl=0.1475
[Iter 305/488] steps=624640 reward=506.40 pi_loss=-0.1213 vf_loss=22.1004 entropy=17.2955 kl=0.1713
[Iter 306/488] steps=626688 reward=516.41 pi_loss=-0.1050 vf_loss=19.1804 entropy=17.3943 kl=0.1983
[Iter 307/488] steps=628736 reward=568.64 pi_loss=-0.1150 vf_loss=21.0445 entropy=17.2435 kl=0.1372
[Iter 308/488] steps=630784 reward=516.61 pi_loss=-0.1214 vf_loss=38.7688 entropy=17.1580 kl=0.0824
  [Eval] mean_return=638.42 std_return=101.55
[Iter 309/488] steps=632832 reward=371.10 pi_loss=-0.0965 vf_loss=23.2799 entropy=17.3915 kl=0.1965
[Iter 310/488] steps=634880 reward=564.17 pi_loss=-0.1029 vf_loss=25.2303 entropy=17.3052 kl=0.1520
[Iter 311/488] steps=636928 reward=598.89 pi_loss=-0.0983 vf_loss=23.1146 entropy=17.1801 kl=0.1547
[Iter 312/488] steps=638976 reward=623.83 pi_loss=-0.1116 vf_loss=30.5326 entropy=17.2361 kl=0.1147
[Iter 313/488] steps=641024 reward=494.14 pi_loss=-0.1116 vf_loss=36.2513 entropy=17.1584 kl=0.0949
  [Eval] mean_return=650.56 std_return=75.17
[Iter 314/488] steps=643072 reward=659.79 pi_loss=-0.1102 vf_loss=28.3298 entropy=17.2252 kl=0.1385
[Iter 315/488] steps=645120 reward=575.17 pi_loss=-0.1149 vf_loss=28.4265 entropy=17.2653 kl=0.1291
[Iter 316/488] steps=647168 reward=566.59 pi_loss=-0.1246 vf_loss=31.2293 entropy=17.1409 kl=0.0986
[Iter 317/488] steps=649216 reward=504.99 pi_loss=-0.1042 vf_loss=26.6818 entropy=17.3565 kl=0.1552
[Iter 318/488] steps=651264 reward=547.42 pi_loss=-0.0979 vf_loss=23.8406 entropy=17.4161 kl=0.2037
  [Eval] mean_return=663.40 std_return=118.07
[Iter 319/488] steps=653312 reward=518.86 pi_loss=-0.1112 vf_loss=28.0030 entropy=17.3986 kl=0.1951
[Iter 320/488] steps=655360 reward=628.88 pi_loss=-0.0998 vf_loss=25.0725 entropy=17.2989 kl=0.1746
[Iter 321/488] steps=657408 reward=562.14 pi_loss=-0.1056 vf_loss=25.4129 entropy=17.3559 kl=0.1449
[Iter 322/488] steps=659456 reward=602.95 pi_loss=-0.1142 vf_loss=27.1734 entropy=17.2630 kl=0.1081
[Iter 323/488] steps=661504 reward=476.32 pi_loss=-0.1130 vf_loss=24.3770 entropy=17.2901 kl=0.1682
  [Eval] mean_return=592.10 std_return=152.55
[Iter 324/488] steps=663552 reward=552.54 pi_loss=-0.1116 vf_loss=24.2178 entropy=17.1870 kl=0.1511
[Iter 325/488] steps=665600 reward=459.90 pi_loss=-0.1180 vf_loss=30.2368 entropy=17.1081 kl=0.1119
[Iter 326/488] steps=667648 reward=510.52 pi_loss=-0.1191 vf_loss=23.9999 entropy=17.2118 kl=0.1411
[Iter 327/488] steps=669696 reward=488.20 pi_loss=-0.1300 vf_loss=24.0328 entropy=17.2593 kl=0.1483
[Iter 328/488] steps=671744 reward=525.67 pi_loss=-0.1287 vf_loss=22.3677 entropy=17.2549 kl=0.1252
  [Eval] mean_return=629.94 std_return=105.88
[Iter 329/488] steps=673792 reward=328.05 pi_loss=-0.1161 vf_loss=38.2488 entropy=17.1030 kl=0.0796
[Iter 330/488] steps=675840 reward=506.13 pi_loss=-0.1237 vf_loss=24.2131 entropy=17.1840 kl=0.1425
[Iter 331/488] steps=677888 reward=544.67 pi_loss=-0.1172 vf_loss=36.2068 entropy=17.1191 kl=0.0789
[Iter 332/488] steps=679936 reward=393.99 pi_loss=-0.1125 vf_loss=28.6339 entropy=17.3718 kl=0.1253
[Iter 333/488] steps=681984 reward=559.11 pi_loss=-0.1069 vf_loss=23.0682 entropy=17.2103 kl=0.1297
  [Eval] mean_return=557.08 std_return=92.88
[Iter 334/488] steps=684032 reward=506.32 pi_loss=-0.1177 vf_loss=33.6993 entropy=17.1478 kl=0.1171
[Iter 335/488] steps=686080 reward=502.90 pi_loss=-0.1219 vf_loss=25.5948 entropy=17.2368 kl=0.1688
[Iter 336/488] steps=688128 reward=562.31 pi_loss=-0.1015 vf_loss=29.4234 entropy=17.4726 kl=0.2161
[Iter 337/488] steps=690176 reward=455.54 pi_loss=-0.1255 vf_loss=25.5311 entropy=17.3782 kl=0.1458
  [Eval] mean_return=581.70 std_return=83.23
[Iter 338/488] steps=692224 reward=478.37 pi_loss=-0.1106 vf_loss=23.8617 entropy=17.3887 kl=0.1708
[Iter 339/488] steps=694272 reward=570.74 pi_loss=-0.1212 vf_loss=24.2531 entropy=17.2363 kl=0.1185
[Iter 340/488] steps=696320 reward=472.79 pi_loss=-0.1160 vf_loss=42.9198 entropy=17.1241 kl=0.0902
[Iter 341/488] steps=698368 reward=469.89 pi_loss=-0.1210 vf_loss=29.0056 entropy=17.2359 kl=0.1084
[Iter 342/488] steps=700416 reward=400.27 pi_loss=-0.1198 vf_loss=24.3611 entropy=17.3562 kl=0.1629
  [Eval] mean_return=604.48 std_return=97.08
[Iter 343/488] steps=702464 reward=507.19 pi_loss=-0.1131 vf_loss=24.2273 entropy=17.2600 kl=0.1572
[Iter 344/488] steps=704512 reward=611.35 pi_loss=-0.1144 vf_loss=26.3467 entropy=17.2687 kl=0.1657
[Iter 345/488] steps=706560 reward=591.09 pi_loss=-0.1156 vf_loss=27.1234 entropy=17.2484 kl=0.1332
[Iter 346/488] steps=708608 reward=547.14 pi_loss=-0.1009 vf_loss=19.7889 entropy=17.3042 kl=0.1837
[Iter 347/488] steps=710656 reward=644.24 pi_loss=-0.1100 vf_loss=24.8306 entropy=17.2423 kl=0.1129
  [Eval] mean_return=581.20 std_return=136.48
[Iter 348/488] steps=712704 reward=566.29 pi_loss=-0.1067 vf_loss=24.2720 entropy=17.2315 kl=0.1074
[Iter 349/488] steps=714752 reward=575.25 pi_loss=-0.1165 vf_loss=28.5152 entropy=17.1943 kl=0.0988
[Iter 350/488] steps=716800 reward=416.08 pi_loss=-0.1159 vf_loss=26.1899 entropy=17.1519 kl=0.1068
[Iter 351/488] steps=718848 reward=516.92 pi_loss=-0.1311 vf_loss=27.1902 entropy=17.1438 kl=0.1225
[Iter 352/488] steps=720896 reward=451.24 pi_loss=-0.1121 vf_loss=26.9145 entropy=17.1375 kl=0.1059
  [Eval] mean_return=647.80 std_return=108.26
[Iter 353/488] steps=722944 reward=583.81 pi_loss=-0.1173 vf_loss=26.1662 entropy=17.1193 kl=0.1192
[Iter 354/488] steps=724992 reward=496.81 pi_loss=-0.1158 vf_loss=30.2339 entropy=17.2134 kl=0.1069
[Iter 355/488] steps=727040 reward=519.84 pi_loss=-0.1159 vf_loss=43.4600 entropy=17.1919 kl=0.0815
[Iter 356/488] steps=729088 reward=445.17 pi_loss=-0.1222 vf_loss=38.7708 entropy=17.1782 kl=0.0800
[Iter 357/488] steps=731136 reward=654.17 pi_loss=-0.0977 vf_loss=25.2883 entropy=17.2997 kl=0.1733
  [Eval] mean_return=699.93 std_return=60.19
[Iter 358/488] steps=733184 reward=634.44 pi_loss=-0.1013 vf_loss=25.9545 entropy=17.2574 kl=0.1606
[Iter 359/488] steps=735232 reward=622.02 pi_loss=-0.1174 vf_loss=33.3977 entropy=17.1636 kl=0.0848
[Iter 360/488] steps=737280 reward=488.16 pi_loss=-0.1158 vf_loss=33.7848 entropy=17.1536 kl=0.0954
[Iter 361/488] steps=739328 reward=514.53 pi_loss=-0.1152 vf_loss=24.4643 entropy=17.3091 kl=0.1487
[Iter 362/488] steps=741376 reward=609.96 pi_loss=-0.0998 vf_loss=24.3043 entropy=17.3020 kl=0.2015
  [Eval] mean_return=708.15 std_return=69.08
[Iter 363/488] steps=743424 reward=658.06 pi_loss=-0.1047 vf_loss=26.9031 entropy=17.0727 kl=0.1087
[Iter 364/488] steps=745472 reward=624.32 pi_loss=-0.0975 vf_loss=24.5903 entropy=17.2081 kl=0.1487
[Iter 365/488] steps=747520 reward=559.81 pi_loss=-0.1033 vf_loss=30.3457 entropy=17.2582 kl=0.0993
[Iter 366/488] steps=749568 reward=518.02 pi_loss=-0.1108 vf_loss=31.6645 entropy=17.0943 kl=0.0857
[Iter 367/488] steps=751616 reward=686.04 pi_loss=-0.0990 vf_loss=23.9871 entropy=17.2160 kl=0.1301
  [Eval] mean_return=643.70 std_return=129.30
[Iter 368/488] steps=753664 reward=610.01 pi_loss=-0.1077 vf_loss=26.1030 entropy=17.1914 kl=0.1236
[Iter 369/488] steps=755712 reward=587.73 pi_loss=-0.1035 vf_loss=28.2178 entropy=17.1470 kl=0.1087
[Iter 370/488] steps=757760 reward=562.93 pi_loss=-0.0986 vf_loss=26.8092 entropy=17.1761 kl=0.0964
[Iter 371/488] steps=759808 reward=596.30 pi_loss=-0.1034 vf_loss=25.8573 entropy=17.1242 kl=0.0839
[Iter 372/488] steps=761856 reward=568.42 pi_loss=-0.0835 vf_loss=24.9976 entropy=17.2056 kl=0.1222
  [Eval] mean_return=729.70 std_return=64.35
[Iter 373/488] steps=763904 reward=645.28 pi_loss=-0.1017 vf_loss=32.1541 entropy=17.1672 kl=0.0784
[Iter 374/488] steps=765952 reward=561.72 pi_loss=-0.0935 vf_loss=28.8291 entropy=17.2791 kl=0.1350
[Iter 375/488] steps=768000 reward=607.49 pi_loss=-0.0873 vf_loss=32.6602 entropy=17.1878 kl=0.0959
[Iter 376/488] steps=770048 reward=688.28 pi_loss=-0.0968 vf_loss=27.4340 entropy=17.3431 kl=0.0970
  [Eval] mean_return=696.10 std_return=73.13
[Iter 377/488] steps=772096 reward=627.99 pi_loss=-0.1037 vf_loss=43.2990 entropy=17.0331 kl=0.0540
[Iter 378/488] steps=774144 reward=546.83 pi_loss=-0.0961 vf_loss=30.3551 entropy=17.1440 kl=0.0886
[Iter 379/488] steps=776192 reward=633.09 pi_loss=-0.0903 vf_loss=27.8835 entropy=17.2585 kl=0.1230
[Iter 380/488] steps=778240 reward=543.68 pi_loss=-0.0966 vf_loss=37.9257 entropy=17.1218 kl=0.0709
[Iter 381/488] steps=780288 reward=691.26 pi_loss=-0.1049 vf_loss=40.9830 entropy=17.2613 kl=0.0902
  [Eval] mean_return=727.04 std_return=83.64
[Iter 382/488] steps=782336 reward=517.40 pi_loss=-0.0957 vf_loss=21.0249 entropy=17.1953 kl=0.1364
[Iter 383/488] steps=784384 reward=695.96 pi_loss=-0.0953 vf_loss=27.3911 entropy=17.2605 kl=0.1202
[Iter 384/488] steps=786432 reward=685.59 pi_loss=-0.0924 vf_loss=25.8207 entropy=17.3329 kl=0.1130
[Iter 385/488] steps=788480 reward=594.16 pi_loss=-0.0963 vf_loss=28.1779 entropy=17.1800 kl=0.1062
[Iter 386/488] steps=790528 reward=689.01 pi_loss=-0.1025 vf_loss=35.0252 entropy=17.0727 kl=0.0749
  [Eval] mean_return=706.87 std_return=99.52
[Iter 387/488] steps=792576 reward=585.60 pi_loss=-0.0979 vf_loss=29.5816 entropy=17.1529 kl=0.0828
[Iter 388/488] steps=794624 reward=618.71 pi_loss=-0.1003 vf_loss=29.7904 entropy=17.1736 kl=0.0794
[Iter 389/488] steps=796672 reward=574.95 pi_loss=-0.0983 vf_loss=31.5492 entropy=17.1145 kl=0.0949
[Iter 390/488] steps=798720 reward=653.13 pi_loss=-0.0875 vf_loss=29.4876 entropy=17.0524 kl=0.0941
[Iter 391/488] steps=800768 reward=704.54 pi_loss=-0.1037 vf_loss=25.6844 entropy=17.1130 kl=0.0967
  [Eval] mean_return=792.68 std_return=29.08
[Iter 392/488] steps=802816 reward=663.96 pi_loss=-0.0909 vf_loss=25.6879 entropy=17.1499 kl=0.0909
[Iter 393/488] steps=804864 reward=627.60 pi_loss=-0.0994 vf_loss=27.6649 entropy=17.1839 kl=0.0879
[Iter 394/488] steps=806912 reward=586.40 pi_loss=-0.1127 vf_loss=31.4359 entropy=17.1833 kl=0.0812
[Iter 395/488] steps=808960 reward=591.27 pi_loss=-0.0942 vf_loss=28.0354 entropy=17.1543 kl=0.0805
[Iter 396/488] steps=811008 reward=695.75 pi_loss=-0.0921 vf_loss=32.7792 entropy=17.2732 kl=0.0841
  [Eval] mean_return=722.60 std_return=120.94
[Iter 397/488] steps=813056 reward=581.50 pi_loss=-0.0930 vf_loss=31.4458 entropy=17.1306 kl=0.0611
[Iter 398/488] steps=815104 reward=705.82 pi_loss=-0.0897 vf_loss=24.6357 entropy=17.2392 kl=0.0950
[Iter 399/488] steps=817152 reward=697.92 pi_loss=-0.0952 vf_loss=23.6594 entropy=17.2426 kl=0.1059
[Iter 400/488] steps=819200 reward=657.03 pi_loss=-0.0954 vf_loss=30.9131 entropy=17.1039 kl=0.0672
[Iter 401/488] steps=821248 reward=678.21 pi_loss=-0.0978 vf_loss=31.1604 entropy=17.1539 kl=0.0826
  [Eval] mean_return=724.59 std_return=42.98
[Iter 402/488] steps=823296 reward=679.33 pi_loss=-0.0854 vf_loss=26.2653 entropy=17.1985 kl=0.0696
[Iter 403/488] steps=825344 reward=710.94 pi_loss=-0.0962 vf_loss=27.2088 entropy=17.1386 kl=0.0640
[Iter 404/488] steps=827392 reward=641.38 pi_loss=-0.0903 vf_loss=25.3148 entropy=17.1465 kl=0.0745
[Iter 405/488] steps=829440 reward=681.20 pi_loss=-0.0844 vf_loss=26.7108 entropy=17.1181 kl=0.0640
[Iter 406/488] steps=831488 reward=598.48 pi_loss=-0.0925 vf_loss=34.2226 entropy=17.0822 kl=0.0560
  [Eval] mean_return=721.71 std_return=58.64
[Iter 407/488] steps=833536 reward=630.87 pi_loss=-0.1014 vf_loss=33.8014 entropy=17.2022 kl=0.0684
[Iter 408/488] steps=835584 reward=580.74 pi_loss=-0.0965 vf_loss=32.4938 entropy=17.0608 kl=0.0592
[Iter 409/488] steps=837632 reward=555.95 pi_loss=-0.0915 vf_loss=37.2863 entropy=17.0583 kl=0.0551
[Iter 410/488] steps=839680 reward=656.11 pi_loss=-0.0875 vf_loss=26.2486 entropy=17.0992 kl=0.0733
[Iter 411/488] steps=841728 reward=644.06 pi_loss=-0.0906 vf_loss=24.6456 entropy=17.1578 kl=0.0765
  [Eval] mean_return=692.13 std_return=72.07
[Iter 412/488] steps=843776 reward=643.59 pi_loss=-0.0853 vf_loss=26.3532 entropy=17.0939 kl=0.0697
[Iter 413/488] steps=845824 reward=694.91 pi_loss=-0.0952 vf_loss=27.2631 entropy=17.1918 kl=0.0790
[Iter 414/488] steps=847872 reward=594.99 pi_loss=-0.0960 vf_loss=33.7981 entropy=17.0642 kl=0.0542
[Iter 415/488] steps=849920 reward=573.03 pi_loss=-0.0908 vf_loss=31.4277 entropy=17.0593 kl=0.0540
[Iter 416/488] steps=851968 reward=558.35 pi_loss=-0.1020 vf_loss=31.1210 entropy=17.1976 kl=0.0663
  [Eval] mean_return=727.64 std_return=40.87
[Iter 417/488] steps=854016 reward=597.05 pi_loss=-0.0848 vf_loss=39.3814 entropy=17.1268 kl=0.0517
[Iter 418/488] steps=856064 reward=687.22 pi_loss=-0.0855 vf_loss=30.2582 entropy=17.0607 kl=0.0579
[Iter 419/488] steps=858112 reward=622.76 pi_loss=-0.0966 vf_loss=27.7926 entropy=17.1190 kl=0.0677
[Iter 420/488] steps=860160 reward=704.20 pi_loss=-0.0919 vf_loss=27.8338 entropy=17.1799 kl=0.0776
  [Eval] mean_return=682.24 std_return=57.85
[Iter 421/488] steps=862208 reward=588.80 pi_loss=-0.0867 vf_loss=29.1839 entropy=17.0922 kl=0.0539
[Iter 422/488] steps=864256 reward=664.06 pi_loss=-0.0923 vf_loss=33.1875 entropy=17.1469 kl=0.0674
[Iter 423/488] steps=866304 reward=608.85 pi_loss=-0.1027 vf_loss=28.1334 entropy=17.1702 kl=0.0611
[Iter 424/488] steps=868352 reward=539.73 pi_loss=-0.0972 vf_loss=29.7896 entropy=17.2466 kl=0.0594
[Iter 425/488] steps=870400 reward=605.09 pi_loss=-0.0959 vf_loss=33.1316 entropy=17.1150 kl=0.0468
  [Eval] mean_return=684.81 std_return=95.51
[Iter 426/488] steps=872448 reward=666.98 pi_loss=-0.0881 vf_loss=36.7432 entropy=17.0157 kl=0.0461
[Iter 427/488] steps=874496 reward=417.58 pi_loss=-0.0985 vf_loss=38.6968 entropy=17.1802 kl=0.0484
[Iter 428/488] steps=876544 reward=589.30 pi_loss=-0.1028 vf_loss=37.8122 entropy=17.2048 kl=0.0564
[Iter 429/488] steps=878592 reward=671.15 pi_loss=-0.0969 vf_loss=24.2740 entropy=17.1643 kl=0.0681
[Iter 430/488] steps=880640 reward=611.86 pi_loss=-0.0993 vf_loss=28.7622 entropy=17.0756 kl=0.0521
  [Eval] mean_return=735.41 std_return=60.73
[Iter 431/488] steps=882688 reward=691.27 pi_loss=-0.0841 vf_loss=30.0926 entropy=17.1755 kl=0.0582
[Iter 432/488] steps=884736 reward=749.70 pi_loss=-0.0902 vf_loss=34.4986 entropy=17.1105 kl=0.0528
[Iter 433/488] steps=886784 reward=672.13 pi_loss=-0.0822 vf_loss=30.3208 entropy=17.1206 kl=0.0521
[Iter 434/488] steps=888832 reward=684.81 pi_loss=-0.0703 vf_loss=25.7008 entropy=17.0583 kl=0.0632
[Iter 435/488] steps=890880 reward=746.52 pi_loss=-0.0830 vf_loss=27.8646 entropy=17.2078 kl=0.0717
  [Eval] mean_return=714.17 std_return=41.34
[Iter 436/488] steps=892928 reward=683.61 pi_loss=-0.0894 vf_loss=35.0586 entropy=17.0997 kl=0.0558
[Iter 437/488] steps=894976 reward=707.90 pi_loss=-0.0870 vf_loss=28.2249 entropy=17.0619 kl=0.0559
[Iter 438/488] steps=897024 reward=673.41 pi_loss=-0.0788 vf_loss=41.4114 entropy=17.0487 kl=0.0454
[Iter 439/488] steps=899072 reward=592.72 pi_loss=-0.0950 vf_loss=29.4954 entropy=17.0835 kl=0.0514
[Iter 440/488] steps=901120 reward=654.82 pi_loss=-0.0805 vf_loss=31.4226 entropy=17.0352 kl=0.0447
  [Eval] mean_return=720.07 std_return=65.42
[Iter 441/488] steps=903168 reward=618.19 pi_loss=-0.0864 vf_loss=40.2291 entropy=17.0422 kl=0.0346
[Iter 442/488] steps=905216 reward=644.91 pi_loss=-0.0783 vf_loss=31.5059 entropy=17.1002 kl=0.0496
[Iter 443/488] steps=907264 reward=700.25 pi_loss=-0.0790 vf_loss=25.7679 entropy=17.0757 kl=0.0617
[Iter 444/488] steps=909312 reward=640.56 pi_loss=-0.0818 vf_loss=31.4604 entropy=17.1687 kl=0.0459
[Iter 445/488] steps=911360 reward=656.78 pi_loss=-0.0795 vf_loss=25.1953 entropy=17.1023 kl=0.0560
  [Eval] mean_return=688.94 std_return=57.19
[Iter 446/488] steps=913408 reward=693.53 pi_loss=-0.0696 vf_loss=78.1673 entropy=17.0626 kl=0.0266
[Iter 447/488] steps=915456 reward=244.01 pi_loss=-0.0944 vf_loss=46.2278 entropy=17.1569 kl=0.0464
[Iter 448/488] steps=917504 reward=691.32 pi_loss=-0.0716 vf_loss=30.7997 entropy=17.0699 kl=0.0453
[Iter 449/488] steps=919552 reward=641.80 pi_loss=-0.0765 vf_loss=36.5101 entropy=17.0916 kl=0.0345
[Iter 450/488] steps=921600 reward=673.92 pi_loss=-0.0785 vf_loss=28.1734 entropy=17.1217 kl=0.0441
  [Eval] mean_return=715.34 std_return=65.73
[Iter 451/488] steps=923648 reward=709.32 pi_loss=-0.0716 vf_loss=27.6466 entropy=17.0002 kl=0.0402
[Iter 452/488] steps=925696 reward=734.95 pi_loss=-0.0818 vf_loss=29.9404 entropy=17.1347 kl=0.0472
[Iter 453/488] steps=927744 reward=712.12 pi_loss=-0.0733 vf_loss=26.6164 entropy=17.0513 kl=0.0538
[Iter 454/488] steps=929792 reward=716.56 pi_loss=-0.0730 vf_loss=29.2961 entropy=17.0526 kl=0.0378
[Iter 455/488] steps=931840 reward=745.85 pi_loss=-0.0718 vf_loss=32.8024 entropy=17.1217 kl=0.0369
  [Eval] mean_return=781.93 std_return=39.45
[Iter 456/488] steps=933888 reward=655.43 pi_loss=-0.0670 vf_loss=49.0921 entropy=17.0800 kl=0.0240
[Iter 457/488] steps=935936 reward=593.97 pi_loss=-0.0769 vf_loss=33.2350 entropy=17.1127 kl=0.0359
[Iter 458/488] steps=937984 reward=609.20 pi_loss=-0.0743 vf_loss=26.5486 entropy=17.1669 kl=0.0370
[Iter 459/488] steps=940032 reward=568.60 pi_loss=-0.0638 vf_loss=55.6985 entropy=16.9930 kl=0.0231
  [Eval] mean_return=742.26 std_return=51.48
[Iter 460/488] steps=942080 reward=672.24 pi_loss=-0.0689 vf_loss=27.4319 entropy=17.1282 kl=0.0342
[Iter 461/488] steps=944128 reward=534.15 pi_loss=-0.0649 vf_loss=54.5727 entropy=17.1364 kl=0.0204
[Iter 462/488] steps=946176 reward=694.21 pi_loss=-0.0670 vf_loss=27.9617 entropy=17.0649 kl=0.0360
[Iter 463/488] steps=948224 reward=729.44 pi_loss=-0.0625 vf_loss=28.7679 entropy=17.1028 kl=0.0290
[Iter 464/488] steps=950272 reward=767.87 pi_loss=-0.0662 vf_loss=26.4281 entropy=17.1497 kl=0.0377
  [Eval] mean_return=721.80 std_return=135.37
[Iter 465/488] steps=952320 reward=685.60 pi_loss=-0.0673 vf_loss=31.7522 entropy=17.1051 kl=0.0280
[Iter 466/488] steps=954368 reward=691.84 pi_loss=-0.0677 vf_loss=26.9810 entropy=17.0619 kl=0.0373
[Iter 467/488] steps=956416 reward=716.27 pi_loss=-0.0580 vf_loss=27.3353 entropy=17.0650 kl=0.0294
[Iter 468/488] steps=958464 reward=674.96 pi_loss=-0.0658 vf_loss=31.7430 entropy=17.1322 kl=0.0281
[Iter 469/488] steps=960512 reward=687.11 pi_loss=-0.0583 vf_loss=34.9468 entropy=17.0640 kl=0.0180
  [Eval] mean_return=745.54 std_return=93.09
[Iter 470/488] steps=962560 reward=602.46 pi_loss=-0.0626 vf_loss=30.6087 entropy=17.0957 kl=0.0291
[Iter 471/488] steps=964608 reward=764.27 pi_loss=-0.0571 vf_loss=33.9990 entropy=17.1319 kl=0.0220
[Iter 472/488] steps=966656 reward=701.24 pi_loss=-0.0558 vf_loss=25.9793 entropy=17.0918 kl=0.0297
[Iter 473/488] steps=968704 reward=701.09 pi_loss=-0.0539 vf_loss=36.7770 entropy=17.0477 kl=0.0172
[Iter 474/488] steps=970752 reward=568.72 pi_loss=-0.0638 vf_loss=27.2099 entropy=17.1070 kl=0.0239
  [Eval] mean_return=728.56 std_return=60.55
[Iter 475/488] steps=972800 reward=698.15 pi_loss=-0.0464 vf_loss=32.8621 entropy=17.0527 kl=0.0199
[Iter 476/488] steps=974848 reward=755.02 pi_loss=-0.0487 vf_loss=43.2631 entropy=17.1078 kl=0.0186
[Iter 477/488] steps=976896 reward=592.74 pi_loss=-0.0449 vf_loss=29.8148 entropy=17.0321 kl=0.0188
[Iter 478/488] steps=978944 reward=726.17 pi_loss=-0.0439 vf_loss=30.5548 entropy=16.9941 kl=0.0187
[Iter 479/488] steps=980992 reward=567.07 pi_loss=-0.0381 vf_loss=44.5106 entropy=17.0579 kl=0.0131
  [Eval] mean_return=705.51 std_return=82.31
[Iter 480/488] steps=983040 reward=663.34 pi_loss=-0.0395 vf_loss=39.6012 entropy=17.0968 kl=0.0130
[Iter 481/488] steps=985088 reward=703.01 pi_loss=-0.0435 vf_loss=29.6084 entropy=17.0347 kl=0.0171
[Iter 482/488] steps=987136 reward=529.87 pi_loss=-0.0335 vf_loss=44.3954 entropy=17.0828 kl=0.0094
[Iter 483/488] steps=989184 reward=597.24 pi_loss=-0.0307 vf_loss=48.3594 entropy=16.9826 kl=0.0094
[Iter 484/488] steps=991232 reward=616.63 pi_loss=-0.0310 vf_loss=27.7556 entropy=17.0139 kl=0.0096
  [Eval] mean_return=717.03 std_return=44.19
[Iter 485/488] steps=993280 reward=681.19 pi_loss=-0.0310 vf_loss=30.2442 entropy=16.9632 kl=0.0097
[Iter 486/488] steps=995328 reward=735.71 pi_loss=-0.0198 vf_loss=31.5421 entropy=17.1076 kl=0.0067
[Iter 487/488] steps=997376 reward=695.84 pi_loss=-0.0199 vf_loss=31.1388 entropy=16.9813 kl=0.0041
[Iter 488/488] steps=999424 reward=678.41 pi_loss=-0.0073 vf_loss=32.8321 entropy=17.0709 kl=0.0008
Training complete. Logs saved to results/K_ablation/K2_perstep_learned/seed_42
