[Iter 1/488] steps=2048 reward=-451.08 pi_loss=-0.0366 vf_loss=29.9839 entropy=17.1528 kl=0.0349
[Iter 2/488] steps=4096 reward=-401.10 pi_loss=-0.0514 vf_loss=21.4143 entropy=17.0099 kl=0.0432
[Iter 3/488] steps=6144 reward=-451.08 pi_loss=-0.0655 vf_loss=11.6801 entropy=17.1314 kl=0.0603
[Iter 4/488] steps=8192 reward=-347.32 pi_loss=-0.0670 vf_loss=14.3136 entropy=17.1088 kl=0.0577
[Iter 5/488] steps=10240 reward=-382.86 pi_loss=-0.0731 vf_loss=22.2005 entropy=17.1788 kl=0.0600
  [Eval] mean_return=-248.18 std_return=40.55
[Iter 6/488] steps=12288 reward=-377.18 pi_loss=-0.0702 vf_loss=14.5952 entropy=17.2283 kl=0.0717
[Iter 7/488] steps=14336 reward=-371.21 pi_loss=-0.0745 vf_loss=13.2216 entropy=17.2596 kl=0.0823
[Iter 8/488] steps=16384 reward=-323.61 pi_loss=-0.0773 vf_loss=10.4298 entropy=17.2239 kl=0.0988
[Iter 9/488] steps=18432 reward=-335.55 pi_loss=-0.0765 vf_loss=20.6700 entropy=17.1716 kl=0.0637
[Iter 10/488] steps=20480 reward=-411.53 pi_loss=-0.0880 vf_loss=12.2053 entropy=17.2901 kl=0.0853
  [Eval] mean_return=-108.75 std_return=50.12
[Iter 11/488] steps=22528 reward=-322.35 pi_loss=-0.0784 vf_loss=15.4275 entropy=17.1559 kl=0.0810
[Iter 12/488] steps=24576 reward=-362.71 pi_loss=-0.0879 vf_loss=15.4755 entropy=17.2778 kl=0.0977
[Iter 13/488] steps=26624 reward=-349.70 pi_loss=-0.0828 vf_loss=15.9310 entropy=17.1350 kl=0.0783
[Iter 14/488] steps=28672 reward=-156.70 pi_loss=-0.0854 vf_loss=16.9393 entropy=17.2600 kl=0.0844
[Iter 15/488] steps=30720 reward=-361.71 pi_loss=-0.0862 vf_loss=16.6044 entropy=17.1563 kl=0.0999
  [Eval] mean_return=-116.81 std_return=78.21
[Iter 16/488] steps=32768 reward=-255.91 pi_loss=-0.0817 vf_loss=10.9418 entropy=17.3357 kl=0.1690
[Iter 17/488] steps=34816 reward=-362.52 pi_loss=-0.0814 vf_loss=11.1291 entropy=17.3300 kl=0.1572
[Iter 18/488] steps=36864 reward=-281.52 pi_loss=-0.0870 vf_loss=16.0097 entropy=17.2845 kl=0.0862
[Iter 19/488] steps=38912 reward=-475.89 pi_loss=-0.0885 vf_loss=14.7676 entropy=17.2561 kl=0.1162
[Iter 20/488] steps=40960 reward=-383.38 pi_loss=-0.0822 vf_loss=16.2596 entropy=17.2424 kl=0.0966
  [Eval] mean_return=-189.31 std_return=56.48
[Iter 21/488] steps=43008 reward=-290.51 pi_loss=-0.0872 vf_loss=13.8789 entropy=17.4325 kl=0.1515
[Iter 22/488] steps=45056 reward=-335.99 pi_loss=-0.0809 vf_loss=11.2166 entropy=17.3409 kl=0.1383
[Iter 23/488] steps=47104 reward=-333.40 pi_loss=-0.0882 vf_loss=24.6645 entropy=17.2210 kl=0.0795
[Iter 24/488] steps=49152 reward=-290.30 pi_loss=-0.0902 vf_loss=10.6823 entropy=17.5177 kl=0.2075
[Iter 25/488] steps=51200 reward=-222.47 pi_loss=-0.0934 vf_loss=11.5373 entropy=17.5025 kl=0.1858
  [Eval] mean_return=-102.25 std_return=52.07
[Iter 26/488] steps=53248 reward=-246.88 pi_loss=-0.0893 vf_loss=13.8955 entropy=17.3138 kl=0.0999
[Iter 27/488] steps=55296 reward=-209.76 pi_loss=-0.0949 vf_loss=12.6058 entropy=17.2388 kl=0.1382
[Iter 28/488] steps=57344 reward=-211.65 pi_loss=-0.0960 vf_loss=12.6160 entropy=17.3413 kl=0.1411
[Iter 29/488] steps=59392 reward=-291.13 pi_loss=-0.0850 vf_loss=10.8359 entropy=17.5136 kl=0.2196
[Iter 30/488] steps=61440 reward=-289.58 pi_loss=-0.0932 vf_loss=11.8375 entropy=17.2741 kl=0.1366
  [Eval] mean_return=-157.96 std_return=37.31
[Iter 31/488] steps=63488 reward=-271.10 pi_loss=-0.0849 vf_loss=9.2813 entropy=17.3911 kl=0.1801
[Iter 32/488] steps=65536 reward=-359.68 pi_loss=-0.0987 vf_loss=10.0083 entropy=17.3759 kl=0.1815
[Iter 33/488] steps=67584 reward=-310.08 pi_loss=-0.0991 vf_loss=13.7980 entropy=17.2092 kl=0.1114
[Iter 34/488] steps=69632 reward=-296.52 pi_loss=-0.0976 vf_loss=12.0303 entropy=17.2848 kl=0.1408
[Iter 35/488] steps=71680 reward=-215.57 pi_loss=-0.0970 vf_loss=11.9261 entropy=17.2846 kl=0.1535
  [Eval] mean_return=-68.63 std_return=34.83
[Iter 36/488] steps=73728 reward=-267.07 pi_loss=-0.0903 vf_loss=8.9346 entropy=17.3841 kl=0.1809
[Iter 37/488] steps=75776 reward=-250.27 pi_loss=-0.0930 vf_loss=14.8445 entropy=17.3104 kl=0.1396
[Iter 38/488] steps=77824 reward=-221.58 pi_loss=-0.1013 vf_loss=9.2374 entropy=17.5205 kl=0.1996
[Iter 39/488] steps=79872 reward=-269.21 pi_loss=-0.0835 vf_loss=8.1161 entropy=17.5461 kl=0.2685
[Iter 40/488] steps=81920 reward=-271.80 pi_loss=-0.0894 vf_loss=9.8419 entropy=17.3514 kl=0.1870
  [Eval] mean_return=-138.62 std_return=62.04
[Iter 41/488] steps=83968 reward=-222.69 pi_loss=-0.1058 vf_loss=11.2886 entropy=17.3231 kl=0.1394
[Iter 42/488] steps=86016 reward=-285.00 pi_loss=-0.0907 vf_loss=10.4216 entropy=17.4823 kl=0.2346
[Iter 43/488] steps=88064 reward=-214.19 pi_loss=-0.0974 vf_loss=9.9688 entropy=17.3756 kl=0.1813
[Iter 44/488] steps=90112 reward=-242.52 pi_loss=-0.0878 vf_loss=8.7710 entropy=17.3832 kl=0.2141
  [Eval] mean_return=-104.53 std_return=76.92
[Iter 45/488] steps=92160 reward=-215.53 pi_loss=-0.1013 vf_loss=13.1954 entropy=17.3212 kl=0.1315
[Iter 46/488] steps=94208 reward=-221.17 pi_loss=-0.1027 vf_loss=8.9459 entropy=17.4197 kl=0.1914
[Iter 47/488] steps=96256 reward=-242.85 pi_loss=-0.0694 vf_loss=5.7789 entropy=17.7145 kl=0.3575
[Iter 48/488] steps=98304 reward=-275.38 pi_loss=-0.1021 vf_loss=15.0862 entropy=17.2612 kl=0.1161
[Iter 49/488] steps=100352 reward=-293.64 pi_loss=-0.0979 vf_loss=10.2779 entropy=17.3879 kl=0.1557
  [Eval] mean_return=-202.51 std_return=122.54
[Iter 50/488] steps=102400 reward=-222.40 pi_loss=-0.1069 vf_loss=12.4745 entropy=17.4246 kl=0.1321
[Iter 51/488] steps=104448 reward=-292.70 pi_loss=-0.0990 vf_loss=7.7800 entropy=17.5275 kl=0.2455
[Iter 52/488] steps=106496 reward=-191.14 pi_loss=-0.1048 vf_loss=11.8990 entropy=17.3627 kl=0.1512
[Iter 53/488] steps=108544 reward=-282.30 pi_loss=-0.1045 vf_loss=10.6073 entropy=17.4467 kl=0.1800
[Iter 54/488] steps=110592 reward=-257.56 pi_loss=-0.0970 vf_loss=10.9713 entropy=17.4107 kl=0.2121
  [Eval] mean_return=-77.06 std_return=40.19
[Iter 55/488] steps=112640 reward=-240.95 pi_loss=-0.1002 vf_loss=9.8186 entropy=17.4329 kl=0.2066
[Iter 56/488] steps=114688 reward=-171.87 pi_loss=-0.1047 vf_loss=16.2123 entropy=17.1849 kl=0.1194
[Iter 57/488] steps=116736 reward=-190.67 pi_loss=-0.0974 vf_loss=7.3841 entropy=17.7473 kl=0.3429
[Iter 58/488] steps=118784 reward=-294.59 pi_loss=-0.0915 vf_loss=17.1003 entropy=17.2719 kl=0.1708
[Iter 59/488] steps=120832 reward=-196.00 pi_loss=-0.0874 vf_loss=8.1518 entropy=17.7983 kl=0.3605
  [Eval] mean_return=-8.30 std_return=54.25
[Iter 60/488] steps=122880 reward=-196.75 pi_loss=-0.1036 vf_loss=10.8767 entropy=17.3978 kl=0.1808
[Iter 61/488] steps=124928 reward=-179.34 pi_loss=-0.1009 vf_loss=8.7783 entropy=17.5195 kl=0.2543
[Iter 62/488] steps=126976 reward=-106.43 pi_loss=-0.0952 vf_loss=7.7507 entropy=17.5037 kl=0.2342
[Iter 63/488] steps=129024 reward=-97.77 pi_loss=-0.1073 vf_loss=7.3656 entropy=17.3325 kl=0.2065
[Iter 64/488] steps=131072 reward=-266.44 pi_loss=-0.1146 vf_loss=12.1013 entropy=17.2818 kl=0.1361
  [Eval] mean_return=57.07 std_return=37.50
[Iter 65/488] steps=133120 reward=-148.31 pi_loss=-0.1167 vf_loss=12.9834 entropy=17.3487 kl=0.1432
[Iter 66/488] steps=135168 reward=-87.22 pi_loss=-0.1011 vf_loss=7.4856 entropy=17.6379 kl=0.2755
[Iter 67/488] steps=137216 reward=-75.69 pi_loss=-0.1092 vf_loss=8.2733 entropy=17.3984 kl=0.2322
[Iter 68/488] steps=139264 reward=-102.61 pi_loss=-0.1148 vf_loss=10.9270 entropy=17.3580 kl=0.1912
[Iter 69/488] steps=141312 reward=-74.30 pi_loss=-0.0998 vf_loss=11.4574 entropy=17.2813 kl=0.1416
  [Eval] mean_return=76.84 std_return=59.06
[Iter 70/488] steps=143360 reward=-24.81 pi_loss=-0.1156 vf_loss=15.7036 entropy=17.4184 kl=0.1640
[Iter 71/488] steps=145408 reward=-96.55 pi_loss=-0.1000 vf_loss=9.1737 entropy=17.4563 kl=0.2212
[Iter 72/488] steps=147456 reward=-91.67 pi_loss=-0.1118 vf_loss=8.6061 entropy=17.5572 kl=0.2942
[Iter 73/488] steps=149504 reward=-115.17 pi_loss=-0.1185 vf_loss=10.0361 entropy=17.4474 kl=0.2256
[Iter 74/488] steps=151552 reward=-101.51 pi_loss=-0.1030 vf_loss=13.4687 entropy=17.3185 kl=0.1861
  [Eval] mean_return=102.20 std_return=53.56
[Iter 75/488] steps=153600 reward=-108.97 pi_loss=-0.1159 vf_loss=10.3557 entropy=17.2938 kl=0.1881
[Iter 76/488] steps=155648 reward=-41.71 pi_loss=-0.1152 vf_loss=15.5956 entropy=17.3398 kl=0.1621
[Iter 77/488] steps=157696 reward=-47.60 pi_loss=-0.1083 vf_loss=12.5333 entropy=17.3695 kl=0.2008
[Iter 78/488] steps=159744 reward=-109.53 pi_loss=-0.0840 vf_loss=8.8137 entropy=17.8675 kl=0.4613
[Iter 79/488] steps=161792 reward=-94.20 pi_loss=-0.1120 vf_loss=10.2714 entropy=17.4805 kl=0.2510
  [Eval] mean_return=100.01 std_return=78.48
[Iter 80/488] steps=163840 reward=-87.18 pi_loss=-0.1087 vf_loss=8.5740 entropy=17.5630 kl=0.2884
[Iter 81/488] steps=165888 reward=-61.52 pi_loss=-0.1080 vf_loss=12.4663 entropy=17.4276 kl=0.2230
[Iter 82/488] steps=167936 reward=-188.01 pi_loss=-0.1119 vf_loss=13.7863 entropy=17.4429 kl=0.1799
[Iter 83/488] steps=169984 reward=-4.15 pi_loss=-0.1079 vf_loss=11.5081 entropy=17.5620 kl=0.2764
[Iter 84/488] steps=172032 reward=-152.23 pi_loss=-0.1162 vf_loss=11.5794 entropy=17.5220 kl=0.2016
  [Eval] mean_return=96.42 std_return=43.19
[Iter 85/488] steps=174080 reward=-70.15 pi_loss=-0.1015 vf_loss=10.3241 entropy=17.7141 kl=0.3358
[Iter 86/488] steps=176128 reward=-83.67 pi_loss=-0.1049 vf_loss=10.4877 entropy=17.5521 kl=0.2820
[Iter 87/488] steps=178176 reward=-61.47 pi_loss=-0.0921 vf_loss=7.9579 entropy=17.7952 kl=0.4171
[Iter 88/488] steps=180224 reward=-85.15 pi_loss=-0.1139 vf_loss=13.0392 entropy=17.2421 kl=0.1653
  [Eval] mean_return=124.67 std_return=77.73
[Iter 89/488] steps=182272 reward=-40.92 pi_loss=-0.1036 vf_loss=7.8210 entropy=17.6651 kl=0.3610
[Iter 90/488] steps=184320 reward=-140.65 pi_loss=-0.1051 vf_loss=9.1191 entropy=17.6024 kl=0.2777
[Iter 91/488] steps=186368 reward=-78.37 pi_loss=-0.1095 vf_loss=7.8863 entropy=17.6201 kl=0.3167
[Iter 92/488] steps=188416 reward=-22.84 pi_loss=-0.1109 vf_loss=11.6183 entropy=17.4374 kl=0.1798
[Iter 93/488] steps=190464 reward=-82.89 pi_loss=-0.1126 vf_loss=9.8362 entropy=17.5720 kl=0.2668
  [Eval] mean_return=60.24 std_return=72.54
[Iter 94/488] steps=192512 reward=-40.40 pi_loss=-0.1120 vf_loss=10.8721 entropy=17.4736 kl=0.2175
[Iter 95/488] steps=194560 reward=-88.74 pi_loss=-0.1161 vf_loss=15.9652 entropy=17.3593 kl=0.1950
[Iter 96/488] steps=196608 reward=-157.73 pi_loss=-0.1171 vf_loss=11.5242 entropy=17.3461 kl=0.2080
[Iter 97/488] steps=198656 reward=-71.46 pi_loss=-0.1021 vf_loss=8.9833 entropy=17.4968 kl=0.2656
[Iter 98/488] steps=200704 reward=-23.42 pi_loss=-0.1138 vf_loss=11.0704 entropy=17.4512 kl=0.2357
  [Eval] mean_return=113.97 std_return=42.20
[Iter 99/488] steps=202752 reward=-28.28 pi_loss=-0.1105 vf_loss=9.1479 entropy=17.4916 kl=0.2696
[Iter 100/488] steps=204800 reward=-15.61 pi_loss=-0.0779 vf_loss=11.2492 entropy=17.8644 kl=0.4405
[Iter 101/488] steps=206848 reward=-42.80 pi_loss=-0.1206 vf_loss=10.8318 entropy=17.3503 kl=0.2089
[Iter 102/488] steps=208896 reward=-144.47 pi_loss=-0.0830 vf_loss=7.4249 entropy=17.7891 kl=0.4386
[Iter 103/488] steps=210944 reward=5.34 pi_loss=-0.1092 vf_loss=11.9461 entropy=17.3710 kl=0.2194
  [Eval] mean_return=154.47 std_return=72.82
[Iter 104/488] steps=212992 reward=-102.99 pi_loss=-0.1143 vf_loss=13.2283 entropy=17.2913 kl=0.1413
[Iter 105/488] steps=215040 reward=-132.93 pi_loss=-0.0911 vf_loss=7.7846 entropy=17.8831 kl=0.3931
[Iter 106/488] steps=217088 reward=88.47 pi_loss=-0.1101 vf_loss=11.2409 entropy=17.5856 kl=0.2484
[Iter 107/488] steps=219136 reward=-23.26 pi_loss=-0.0878 vf_loss=12.3432 entropy=18.0918 kl=0.6042
[Iter 108/488] steps=221184 reward=-53.45 pi_loss=-0.1071 vf_loss=10.4853 entropy=17.6111 kl=0.2593
  [Eval] mean_return=179.43 std_return=71.60
[Iter 109/488] steps=223232 reward=-21.25 pi_loss=-0.1109 vf_loss=13.1938 entropy=17.4720 kl=0.2138
[Iter 110/488] steps=225280 reward=81.56 pi_loss=-0.1186 vf_loss=14.1955 entropy=17.3889 kl=0.1806
[Iter 111/488] steps=227328 reward=34.86 pi_loss=-0.1145 vf_loss=10.5075 entropy=17.5567 kl=0.2966
[Iter 112/488] steps=229376 reward=75.94 pi_loss=-0.1129 vf_loss=13.5255 entropy=17.4608 kl=0.2571
[Iter 113/488] steps=231424 reward=83.14 pi_loss=-0.1107 vf_loss=16.6338 entropy=17.3276 kl=0.1761
  [Eval] mean_return=200.74 std_return=37.66
[Iter 114/488] steps=233472 reward=-130.84 pi_loss=-0.0991 vf_loss=6.9597 entropy=17.7023 kl=0.3738
[Iter 115/488] steps=235520 reward=-2.64 pi_loss=-0.0890 vf_loss=9.2647 entropy=17.8060 kl=0.4259
[Iter 116/488] steps=237568 reward=47.46 pi_loss=-0.1248 vf_loss=11.9194 entropy=17.3938 kl=0.1969
[Iter 117/488] steps=239616 reward=19.75 pi_loss=-0.1216 vf_loss=18.4958 entropy=17.2614 kl=0.1670
[Iter 118/488] steps=241664 reward=68.44 pi_loss=-0.1033 vf_loss=8.8605 entropy=17.6292 kl=0.3736
  [Eval] mean_return=209.71 std_return=44.79
[Iter 119/488] steps=243712 reward=13.14 pi_loss=-0.0766 vf_loss=7.6986 entropy=18.0310 kl=0.5105
[Iter 120/488] steps=245760 reward=6.38 pi_loss=-0.1209 vf_loss=10.4760 entropy=17.4727 kl=0.2558
[Iter 121/488] steps=247808 reward=31.81 pi_loss=-0.1164 vf_loss=15.6319 entropy=17.3500 kl=0.1812
[Iter 122/488] steps=249856 reward=80.08 pi_loss=-0.0958 vf_loss=13.2088 entropy=17.6872 kl=0.3023
[Iter 123/488] steps=251904 reward=-80.91 pi_loss=-0.0990 vf_loss=8.6240 entropy=17.6032 kl=0.3451
  [Eval] mean_return=207.46 std_return=62.47
[Iter 124/488] steps=253952 reward=36.91 pi_loss=-0.1116 vf_loss=9.2078 entropy=17.6120 kl=0.3087
[Iter 125/488] steps=256000 reward=57.05 pi_loss=-0.0709 vf_loss=8.1160 entropy=18.1259 kl=0.5620
[Iter 126/488] steps=258048 reward=-56.37 pi_loss=-0.1139 vf_loss=19.6401 entropy=17.2334 kl=0.1229
[Iter 127/488] steps=260096 reward=-64.74 pi_loss=-0.1261 vf_loss=16.1264 entropy=17.2777 kl=0.1661
  [Eval] mean_return=161.57 std_return=46.73
[Iter 128/488] steps=262144 reward=-44.86 pi_loss=-0.1224 vf_loss=12.2004 entropy=17.4849 kl=0.2546
[Iter 129/488] steps=264192 reward=52.66 pi_loss=-0.1091 vf_loss=9.7652 entropy=17.6681 kl=0.2887
[Iter 130/488] steps=266240 reward=-31.20 pi_loss=-0.1126 vf_loss=10.8567 entropy=17.8781 kl=0.4482
[Iter 131/488] steps=268288 reward=-0.06 pi_loss=-0.1140 vf_loss=8.2026 entropy=17.6380 kl=0.3136
[Iter 132/488] steps=270336 reward=45.83 pi_loss=-0.1245 vf_loss=14.1311 entropy=17.3903 kl=0.1888
  [Eval] mean_return=160.58 std_return=63.39
[Iter 133/488] steps=272384 reward=-17.91 pi_loss=-0.0853 vf_loss=13.7719 entropy=18.1845 kl=0.5680
[Iter 134/488] steps=274432 reward=44.21 pi_loss=-0.1074 vf_loss=9.7309 entropy=17.5893 kl=0.2777
[Iter 135/488] steps=276480 reward=-8.12 pi_loss=-0.1127 vf_loss=8.4661 entropy=17.5254 kl=0.2782
[Iter 136/488] steps=278528 reward=33.31 pi_loss=-0.1138 vf_loss=9.7768 entropy=17.5926 kl=0.2796
[Iter 137/488] steps=280576 reward=111.42 pi_loss=-0.1156 vf_loss=8.7370 entropy=17.5339 kl=0.2996
  [Eval] mean_return=165.10 std_return=38.81
[Iter 138/488] steps=282624 reward=82.47 pi_loss=-0.1268 vf_loss=15.9506 entropy=17.4370 kl=0.1906
[Iter 139/488] steps=284672 reward=25.93 pi_loss=-0.1066 vf_loss=17.1037 entropy=17.2832 kl=0.1674
[Iter 140/488] steps=286720 reward=48.32 pi_loss=-0.0902 vf_loss=10.2325 entropy=17.9627 kl=0.4891
[Iter 141/488] steps=288768 reward=8.65 pi_loss=-0.1027 vf_loss=13.0286 entropy=17.6949 kl=0.3414
[Iter 142/488] steps=290816 reward=19.99 pi_loss=-0.0981 vf_loss=17.9146 entropy=18.0723 kl=0.4758
  [Eval] mean_return=184.63 std_return=58.67
[Iter 143/488] steps=292864 reward=165.99 pi_loss=-0.1115 vf_loss=14.3246 entropy=17.5328 kl=0.2653
[Iter 144/488] steps=294912 reward=129.26 pi_loss=-0.1124 vf_loss=14.9133 entropy=17.3463 kl=0.2088
[Iter 145/488] steps=296960 reward=91.69 pi_loss=-0.1099 vf_loss=11.2387 entropy=17.6864 kl=0.4322
[Iter 146/488] steps=299008 reward=45.10 pi_loss=-0.1080 vf_loss=19.0850 entropy=17.3449 kl=0.1915
[Iter 147/488] steps=301056 reward=96.56 pi_loss=-0.1231 vf_loss=17.4499 entropy=17.2600 kl=0.1878
  [Eval] mean_return=206.20 std_return=171.87
[Iter 148/488] steps=303104 reward=53.18 pi_loss=-0.1128 vf_loss=15.6605 entropy=17.4725 kl=0.2899
[Iter 149/488] steps=305152 reward=147.11 pi_loss=-0.0810 vf_loss=17.8085 entropy=19.0177 kl=0.8859
[Iter 150/488] steps=307200 reward=41.22 pi_loss=-0.1213 vf_loss=18.0312 entropy=17.3974 kl=0.2338
[Iter 151/488] steps=309248 reward=67.29 pi_loss=-0.1122 vf_loss=16.7112 entropy=17.5894 kl=0.2994
[Iter 152/488] steps=311296 reward=217.69 pi_loss=-0.1184 vf_loss=18.3987 entropy=17.5303 kl=0.2495
  [Eval] mean_return=341.26 std_return=64.37
[Iter 153/488] steps=313344 reward=5.09 pi_loss=-0.1052 vf_loss=14.4417 entropy=17.6076 kl=0.2803
[Iter 154/488] steps=315392 reward=121.18 pi_loss=-0.0773 vf_loss=16.7889 entropy=18.0616 kl=0.4418
[Iter 155/488] steps=317440 reward=88.12 pi_loss=-0.1050 vf_loss=19.9021 entropy=17.5334 kl=0.2497
[Iter 156/488] steps=319488 reward=186.37 pi_loss=-0.0819 vf_loss=22.0940 entropy=17.9247 kl=0.4830
[Iter 157/488] steps=321536 reward=50.56 pi_loss=-0.0852 vf_loss=13.6204 entropy=18.2498 kl=0.5833
  [Eval] mean_return=354.86 std_return=81.33
[Iter 158/488] steps=323584 reward=144.14 pi_loss=-0.0950 vf_loss=13.4125 entropy=17.8445 kl=0.4086
[Iter 159/488] steps=325632 reward=138.78 pi_loss=-0.1151 vf_loss=28.0725 entropy=17.5472 kl=0.2407
[Iter 160/488] steps=327680 reward=131.90 pi_loss=-0.1189 vf_loss=20.1054 entropy=17.3992 kl=0.1941
[Iter 161/488] steps=329728 reward=-7.65 pi_loss=-0.1031 vf_loss=18.0691 entropy=17.6531 kl=0.3342
[Iter 162/488] steps=331776 reward=110.74 pi_loss=-0.0097 vf_loss=15.0894 entropy=19.4026 kl=1.0257
  [Eval] mean_return=240.66 std_return=96.34
[Iter 163/488] steps=333824 reward=128.89 pi_loss=-0.1014 vf_loss=15.2400 entropy=17.4929 kl=0.2788
[Iter 164/488] steps=335872 reward=226.64 pi_loss=-0.0944 vf_loss=18.9957 entropy=17.7832 kl=0.3908
[Iter 165/488] steps=337920 reward=92.95 pi_loss=-0.0877 vf_loss=15.3713 entropy=17.9438 kl=0.4635
[Iter 166/488] steps=339968 reward=209.89 pi_loss=-0.0752 vf_loss=12.2455 entropy=18.2956 kl=0.6048
[Iter 167/488] steps=342016 reward=184.91 pi_loss=-0.1196 vf_loss=15.6215 entropy=17.5015 kl=0.2600
  [Eval] mean_return=348.41 std_return=95.39
[Iter 168/488] steps=344064 reward=212.49 pi_loss=-0.0993 vf_loss=15.9564 entropy=17.6443 kl=0.3446
[Iter 169/488] steps=346112 reward=150.99 pi_loss=-0.0951 vf_loss=12.7946 entropy=18.0513 kl=0.4783
[Iter 170/488] steps=348160 reward=150.13 pi_loss=-0.0969 vf_loss=12.7602 entropy=17.8794 kl=0.4140
[Iter 171/488] steps=350208 reward=58.46 pi_loss=-0.1089 vf_loss=16.6224 entropy=17.4144 kl=0.2195
  [Eval] mean_return=293.01 std_return=108.20
[Iter 172/488] steps=352256 reward=-0.72 pi_loss=-0.1263 vf_loss=21.9071 entropy=17.4901 kl=0.2183
[Iter 173/488] steps=354304 reward=183.08 pi_loss=-0.0919 vf_loss=18.4912 entropy=17.8886 kl=0.4415
[Iter 174/488] steps=356352 reward=127.11 pi_loss=-0.1132 vf_loss=19.9048 entropy=17.3601 kl=0.2065
[Iter 175/488] steps=358400 reward=98.78 pi_loss=-0.1172 vf_loss=22.4045 entropy=17.3488 kl=0.1965
[Iter 176/488] steps=360448 reward=125.71 pi_loss=-0.1104 vf_loss=16.0028 entropy=17.6982 kl=0.3543
  [Eval] mean_return=346.82 std_return=81.05
[Iter 177/488] steps=362496 reward=207.13 pi_loss=-0.1144 vf_loss=18.5330 entropy=17.4198 kl=0.2309
[Iter 178/488] steps=364544 reward=196.73 pi_loss=-0.0559 vf_loss=16.4365 entropy=19.3794 kl=1.1009
[Iter 179/488] steps=366592 reward=113.41 pi_loss=-0.0946 vf_loss=14.3642 entropy=17.7686 kl=0.3873
[Iter 180/488] steps=368640 reward=170.49 pi_loss=-0.1071 vf_loss=19.3197 entropy=17.4396 kl=0.2378
[Iter 181/488] steps=370688 reward=188.67 pi_loss=-0.1122 vf_loss=18.2107 entropy=17.4804 kl=0.2827
  [Eval] mean_return=420.09 std_return=77.45
[Iter 182/488] steps=372736 reward=267.77 pi_loss=-0.1222 vf_loss=25.2720 entropy=17.4096 kl=0.2167
[Iter 183/488] steps=374784 reward=227.94 pi_loss=-0.1139 vf_loss=22.6997 entropy=17.3663 kl=0.2492
[Iter 184/488] steps=376832 reward=211.30 pi_loss=0.0054 vf_loss=19.1188 entropy=20.3683 kl=1.5073
[Iter 185/488] steps=378880 reward=176.79 pi_loss=-0.1164 vf_loss=14.7736 entropy=17.6482 kl=0.2914
[Iter 186/488] steps=380928 reward=207.73 pi_loss=-0.0932 vf_loss=14.5292 entropy=17.8324 kl=0.4214
  [Eval] mean_return=437.19 std_return=69.56
[Iter 187/488] steps=382976 reward=140.55 pi_loss=-0.1095 vf_loss=22.3522 entropy=17.5264 kl=0.2361
[Iter 188/488] steps=385024 reward=197.06 pi_loss=-0.1068 vf_loss=18.7958 entropy=17.5446 kl=0.2928
[Iter 189/488] steps=387072 reward=247.69 pi_loss=-0.1115 vf_loss=18.1791 entropy=17.5097 kl=0.2783
[Iter 190/488] steps=389120 reward=192.27 pi_loss=-0.0878 vf_loss=20.2914 entropy=18.4130 kl=0.6326
[Iter 191/488] steps=391168 reward=257.71 pi_loss=-0.0861 vf_loss=15.7808 entropy=17.8476 kl=0.4420
  [Eval] mean_return=445.58 std_return=84.57
[Iter 192/488] steps=393216 reward=138.99 pi_loss=-0.1085 vf_loss=16.0280 entropy=17.5623 kl=0.3060
[Iter 193/488] steps=395264 reward=252.52 pi_loss=-0.1007 vf_loss=21.1422 entropy=17.5256 kl=0.2848
[Iter 194/488] steps=397312 reward=208.83 pi_loss=-0.1122 vf_loss=23.7838 entropy=17.3887 kl=0.2271
[Iter 195/488] steps=399360 reward=352.19 pi_loss=-0.1160 vf_loss=20.3478 entropy=17.4700 kl=0.2483
[Iter 196/488] steps=401408 reward=292.62 pi_loss=-0.1045 vf_loss=17.3657 entropy=17.5223 kl=0.2931
  [Eval] mean_return=480.75 std_return=113.80
[Iter 197/488] steps=403456 reward=218.70 pi_loss=-0.1090 vf_loss=18.2492 entropy=17.6018 kl=0.3028
[Iter 198/488] steps=405504 reward=211.02 pi_loss=-0.0987 vf_loss=18.5435 entropy=17.6700 kl=0.3674
[Iter 199/488] steps=407552 reward=152.40 pi_loss=-0.0766 vf_loss=15.9654 entropy=18.8762 kl=0.8524
[Iter 200/488] steps=409600 reward=170.32 pi_loss=-0.0950 vf_loss=26.5360 entropy=17.6306 kl=0.3111
[Iter 201/488] steps=411648 reward=129.41 pi_loss=-0.1026 vf_loss=24.6319 entropy=17.6210 kl=0.3076
  [Eval] mean_return=319.80 std_return=138.38
[Iter 202/488] steps=413696 reward=279.16 pi_loss=-0.0826 vf_loss=25.2444 entropy=17.9348 kl=0.4259
[Iter 203/488] steps=415744 reward=157.13 pi_loss=-0.1161 vf_loss=19.0770 entropy=17.4965 kl=0.2637
[Iter 204/488] steps=417792 reward=185.95 pi_loss=-0.1056 vf_loss=14.9406 entropy=17.5895 kl=0.2969
[Iter 205/488] steps=419840 reward=264.46 pi_loss=-0.1130 vf_loss=21.7325 entropy=17.5196 kl=0.2647
[Iter 206/488] steps=421888 reward=44.55 pi_loss=-0.1210 vf_loss=33.0131 entropy=17.2650 kl=0.1591
  [Eval] mean_return=389.23 std_return=89.23
[Iter 207/488] steps=423936 reward=36.73 pi_loss=-0.1052 vf_loss=17.3211 entropy=17.5654 kl=0.3073
[Iter 208/488] steps=425984 reward=219.13 pi_loss=-0.1165 vf_loss=32.9982 entropy=17.4276 kl=0.2050
[Iter 209/488] steps=428032 reward=80.38 pi_loss=-0.0762 vf_loss=18.1868 entropy=18.1318 kl=0.5495
[Iter 210/488] steps=430080 reward=242.20 pi_loss=0.0237 vf_loss=15.5275 entropy=19.1621 kl=1.0444
  [Eval] mean_return=419.86 std_return=86.55
[Iter 211/488] steps=432128 reward=203.18 pi_loss=-0.1251 vf_loss=19.7073 entropy=17.3064 kl=0.2080
[Iter 212/488] steps=434176 reward=161.68 pi_loss=-0.1193 vf_loss=18.0518 entropy=17.5998 kl=0.2676
[Iter 213/488] steps=436224 reward=253.31 pi_loss=-0.0991 vf_loss=13.2252 entropy=17.7872 kl=0.4574
[Iter 214/488] steps=438272 reward=269.15 pi_loss=-0.1144 vf_loss=16.7864 entropy=17.5501 kl=0.2570
[Iter 215/488] steps=440320 reward=36.98 pi_loss=-0.1168 vf_loss=24.8422 entropy=17.2474 kl=0.2008
  [Eval] mean_return=440.44 std_return=67.19
[Iter 216/488] steps=442368 reward=270.52 pi_loss=-0.1017 vf_loss=19.2311 entropy=17.5393 kl=0.3953
[Iter 217/488] steps=444416 reward=295.24 pi_loss=-0.1056 vf_loss=27.5584 entropy=18.0376 kl=0.4428
[Iter 218/488] steps=446464 reward=136.14 pi_loss=-0.1107 vf_loss=26.1731 entropy=17.4280 kl=0.2077
[Iter 219/488] steps=448512 reward=274.00 pi_loss=-0.1039 vf_loss=21.9410 entropy=17.6493 kl=0.3107
[Iter 220/488] steps=450560 reward=268.94 pi_loss=-0.1120 vf_loss=20.8969 entropy=17.5239 kl=0.2821
  [Eval] mean_return=427.57 std_return=187.34
[Iter 221/488] steps=452608 reward=266.43 pi_loss=-0.0701 vf_loss=16.5244 entropy=18.6581 kl=0.8646
[Iter 222/488] steps=454656 reward=267.43 pi_loss=-0.1093 vf_loss=22.8541 entropy=17.4935 kl=0.2597
[Iter 223/488] steps=456704 reward=254.20 pi_loss=-0.0768 vf_loss=16.0961 entropy=18.3335 kl=0.6722
[Iter 224/488] steps=458752 reward=383.19 pi_loss=-0.0458 vf_loss=15.2177 entropy=18.9314 kl=0.9688
[Iter 225/488] steps=460800 reward=426.26 pi_loss=-0.0610 vf_loss=15.7445 entropy=19.1968 kl=0.9558
  [Eval] mean_return=421.69 std_return=71.69
[Iter 226/488] steps=462848 reward=329.12 pi_loss=-0.1090 vf_loss=21.5625 entropy=17.3089 kl=0.1979
[Iter 227/488] steps=464896 reward=305.39 pi_loss=-0.1220 vf_loss=25.2816 entropy=17.3850 kl=0.1871
[Iter 228/488] steps=466944 reward=254.30 pi_loss=-0.0940 vf_loss=17.8089 entropy=17.7164 kl=0.3569
[Iter 229/488] steps=468992 reward=326.88 pi_loss=-0.1151 vf_loss=28.9238 entropy=17.3908 kl=0.2077
[Iter 230/488] steps=471040 reward=177.28 pi_loss=-0.0396 vf_loss=17.6496 entropy=18.5230 kl=0.7213
  [Eval] mean_return=444.05 std_return=73.19
[Iter 231/488] steps=473088 reward=272.56 pi_loss=-0.0984 vf_loss=21.3615 entropy=17.4874 kl=0.2667
[Iter 232/488] steps=475136 reward=370.19 pi_loss=-0.1062 vf_loss=18.7623 entropy=17.4636 kl=0.2668
[Iter 233/488] steps=477184 reward=350.26 pi_loss=-0.1046 vf_loss=18.7481 entropy=17.5157 kl=0.2458
[Iter 234/488] steps=479232 reward=291.22 pi_loss=-0.1132 vf_loss=21.7321 entropy=17.4306 kl=0.2446
[Iter 235/488] steps=481280 reward=325.30 pi_loss=-0.1094 vf_loss=21.4285 entropy=17.4187 kl=0.2162
  [Eval] mean_return=428.21 std_return=80.48
[Iter 236/488] steps=483328 reward=335.91 pi_loss=-0.0658 vf_loss=21.4327 entropy=18.7423 kl=0.7787
[Iter 237/488] steps=485376 reward=290.34 pi_loss=-0.1023 vf_loss=18.1534 entropy=17.4816 kl=0.2297
[Iter 238/488] steps=487424 reward=407.94 pi_loss=-0.1024 vf_loss=16.8140 entropy=17.6572 kl=0.3414
[Iter 239/488] steps=489472 reward=338.75 pi_loss=-0.0974 vf_loss=16.8403 entropy=17.4872 kl=0.2354
[Iter 240/488] steps=491520 reward=390.60 pi_loss=-0.1073 vf_loss=20.2026 entropy=17.4329 kl=0.2761
  [Eval] mean_return=503.09 std_return=131.02
[Iter 241/488] steps=493568 reward=373.86 pi_loss=-0.1049 vf_loss=23.4071 entropy=17.5128 kl=0.2281
[Iter 242/488] steps=495616 reward=315.96 pi_loss=-0.1090 vf_loss=17.6356 entropy=17.4813 kl=0.2378
[Iter 243/488] steps=497664 reward=318.84 pi_loss=-0.0976 vf_loss=20.2709 entropy=17.5574 kl=0.2442
[Iter 244/488] steps=499712 reward=391.16 pi_loss=-0.0968 vf_loss=20.5423 entropy=17.4260 kl=0.2380
[Iter 245/488] steps=501760 reward=435.47 pi_loss=-0.1195 vf_loss=23.3516 entropy=17.3923 kl=0.2173
  [Eval] mean_return=520.69 std_return=99.50
[Iter 246/488] steps=503808 reward=378.98 pi_loss=-0.0974 vf_loss=22.1385 entropy=17.5148 kl=0.2413
[Iter 247/488] steps=505856 reward=348.82 pi_loss=-0.1063 vf_loss=15.6439 entropy=17.7004 kl=0.3483
[Iter 248/488] steps=507904 reward=269.20 pi_loss=-0.1154 vf_loss=28.0900 entropy=17.4257 kl=0.2136
[Iter 249/488] steps=509952 reward=486.21 pi_loss=-0.1110 vf_loss=19.5841 entropy=17.4020 kl=0.2126
[Iter 250/488] steps=512000 reward=310.33 pi_loss=-0.1159 vf_loss=26.6116 entropy=17.3849 kl=0.1690
  [Eval] mean_return=494.77 std_return=67.04
[Iter 251/488] steps=514048 reward=327.31 pi_loss=-0.1170 vf_loss=23.7773 entropy=17.3744 kl=0.2123
[Iter 252/488] steps=516096 reward=428.22 pi_loss=-0.0830 vf_loss=19.7149 entropy=17.7902 kl=0.3757
[Iter 253/488] steps=518144 reward=279.71 pi_loss=-0.1119 vf_loss=26.2251 entropy=17.5046 kl=0.2073
[Iter 254/488] steps=520192 reward=380.59 pi_loss=-0.0865 vf_loss=19.3706 entropy=17.6028 kl=0.3110
  [Eval] mean_return=569.10 std_return=66.56
[Iter 255/488] steps=522240 reward=311.61 pi_loss=-0.0930 vf_loss=23.8915 entropy=17.4558 kl=0.2431
[Iter 256/488] steps=524288 reward=382.93 pi_loss=-0.0931 vf_loss=16.7679 entropy=17.6554 kl=0.2841
[Iter 257/488] steps=526336 reward=408.70 pi_loss=-0.1148 vf_loss=21.1912 entropy=17.4339 kl=0.2187
[Iter 258/488] steps=528384 reward=301.52 pi_loss=-0.1085 vf_loss=20.9635 entropy=17.4634 kl=0.2127
[Iter 259/488] steps=530432 reward=374.68 pi_loss=-0.1127 vf_loss=31.9784 entropy=17.2757 kl=0.1669
  [Eval] mean_return=509.60 std_return=86.34
[Iter 260/488] steps=532480 reward=450.19 pi_loss=-0.1148 vf_loss=35.7815 entropy=17.2791 kl=0.1447
[Iter 261/488] steps=534528 reward=316.95 pi_loss=-0.0975 vf_loss=26.1386 entropy=17.5074 kl=0.2738
[Iter 262/488] steps=536576 reward=395.31 pi_loss=-0.0928 vf_loss=28.5038 entropy=17.6892 kl=0.3306
[Iter 263/488] steps=538624 reward=292.79 pi_loss=-0.1051 vf_loss=23.2120 entropy=17.5017 kl=0.2462
[Iter 264/488] steps=540672 reward=387.59 pi_loss=-0.1171 vf_loss=25.8478 entropy=17.4522 kl=0.2206
  [Eval] mean_return=480.01 std_return=121.08
[Iter 265/488] steps=542720 reward=421.58 pi_loss=-0.1049 vf_loss=20.4573 entropy=17.4551 kl=0.2841
[Iter 266/488] steps=544768 reward=299.63 pi_loss=-0.1091 vf_loss=22.5602 entropy=17.4355 kl=0.2257
[Iter 267/488] steps=546816 reward=83.02 pi_loss=-0.1197 vf_loss=38.7611 entropy=17.4077 kl=0.1575
[Iter 268/488] steps=548864 reward=377.73 pi_loss=-0.0882 vf_loss=19.6529 entropy=17.9393 kl=0.4307
[Iter 269/488] steps=550912 reward=333.33 pi_loss=-0.0979 vf_loss=22.7860 entropy=17.4951 kl=0.2905
  [Eval] mean_return=501.68 std_return=85.25
[Iter 270/488] steps=552960 reward=408.12 pi_loss=-0.1107 vf_loss=29.4359 entropy=17.2740 kl=0.1753
[Iter 271/488] steps=555008 reward=409.76 pi_loss=-0.1194 vf_loss=31.3995 entropy=17.4339 kl=0.1612
[Iter 272/488] steps=557056 reward=287.08 pi_loss=-0.1204 vf_loss=35.4028 entropy=17.3792 kl=0.1723
[Iter 273/488] steps=559104 reward=208.32 pi_loss=-0.1319 vf_loss=42.4007 entropy=17.4127 kl=0.1759
[Iter 274/488] steps=561152 reward=351.72 pi_loss=-0.1205 vf_loss=35.5849 entropy=17.3383 kl=0.1788
  [Eval] mean_return=449.69 std_return=146.44
[Iter 275/488] steps=563200 reward=315.46 pi_loss=-0.0960 vf_loss=22.7887 entropy=18.1376 kl=0.5413
[Iter 276/488] steps=565248 reward=298.02 pi_loss=-0.1137 vf_loss=24.1798 entropy=17.3984 kl=0.2343
[Iter 277/488] steps=567296 reward=365.37 pi_loss=-0.1143 vf_loss=18.8433 entropy=17.5860 kl=0.4655
[Iter 278/488] steps=569344 reward=379.41 pi_loss=-0.1255 vf_loss=29.0121 entropy=17.3595 kl=0.1959
[Iter 279/488] steps=571392 reward=355.91 pi_loss=-0.1141 vf_loss=21.5327 entropy=17.4155 kl=0.2475
  [Eval] mean_return=467.09 std_return=135.08
[Iter 280/488] steps=573440 reward=370.25 pi_loss=-0.1170 vf_loss=22.1340 entropy=17.3726 kl=0.1944
[Iter 281/488] steps=575488 reward=351.00 pi_loss=-0.1199 vf_loss=22.6937 entropy=17.3775 kl=0.2380
[Iter 282/488] steps=577536 reward=315.24 pi_loss=-0.1203 vf_loss=37.5612 entropy=17.2246 kl=0.1485
[Iter 283/488] steps=579584 reward=304.11 pi_loss=-0.1209 vf_loss=25.5559 entropy=17.2199 kl=0.1996
[Iter 284/488] steps=581632 reward=282.29 pi_loss=-0.0735 vf_loss=21.3088 entropy=18.1132 kl=0.5094
  [Eval] mean_return=480.27 std_return=125.23
[Iter 285/488] steps=583680 reward=338.46 pi_loss=-0.1117 vf_loss=23.3567 entropy=17.4446 kl=0.2161
[Iter 286/488] steps=585728 reward=363.71 pi_loss=-0.1131 vf_loss=27.9572 entropy=17.3819 kl=0.1860
[Iter 287/488] steps=587776 reward=399.96 pi_loss=-0.1213 vf_loss=27.2664 entropy=17.3462 kl=0.1884
[Iter 288/488] steps=589824 reward=252.10 pi_loss=-0.1058 vf_loss=14.1287 entropy=17.4951 kl=0.2691
[Iter 289/488] steps=591872 reward=413.87 pi_loss=-0.1187 vf_loss=21.4427 entropy=17.3963 kl=0.2140
  [Eval] mean_return=487.94 std_return=82.86
[Iter 290/488] steps=593920 reward=402.20 pi_loss=-0.1216 vf_loss=24.2325 entropy=17.2850 kl=0.1685
[Iter 291/488] steps=595968 reward=323.83 pi_loss=-0.1232 vf_loss=25.1741 entropy=17.3131 kl=0.1719
[Iter 292/488] steps=598016 reward=240.23 pi_loss=-0.1242 vf_loss=34.8264 entropy=17.2817 kl=0.1502
[Iter 293/488] steps=600064 reward=430.15 pi_loss=-0.1232 vf_loss=24.6723 entropy=17.6380 kl=0.2357
  [Eval] mean_return=472.24 std_return=100.92
[Iter 294/488] steps=602112 reward=368.62 pi_loss=-0.1074 vf_loss=25.2487 entropy=17.4209 kl=0.2102
[Iter 295/488] steps=604160 reward=364.09 pi_loss=-0.1241 vf_loss=25.8270 entropy=17.3672 kl=0.2286
[Iter 296/488] steps=606208 reward=365.86 pi_loss=-0.1128 vf_loss=21.5032 entropy=17.3142 kl=0.2226
[Iter 297/488] steps=608256 reward=417.37 pi_loss=-0.1107 vf_loss=20.9468 entropy=17.3846 kl=0.2212
[Iter 298/488] steps=610304 reward=502.85 pi_loss=-0.1016 vf_loss=23.8612 entropy=17.5528 kl=0.2677
  [Eval] mean_return=517.84 std_return=71.94
[Iter 299/488] steps=612352 reward=353.88 pi_loss=-0.1228 vf_loss=27.1064 entropy=17.2347 kl=0.1730
[Iter 300/488] steps=614400 reward=262.10 pi_loss=-0.1217 vf_loss=32.5120 entropy=17.3770 kl=0.1557
[Iter 301/488] steps=616448 reward=350.93 pi_loss=-0.0949 vf_loss=30.7960 entropy=17.3695 kl=0.2364
[Iter 302/488] steps=618496 reward=309.05 pi_loss=-0.1064 vf_loss=30.7668 entropy=17.2953 kl=0.1566
[Iter 303/488] steps=620544 reward=415.03 pi_loss=-0.1163 vf_loss=30.1481 entropy=17.2937 kl=0.1797
  [Eval] mean_return=582.53 std_return=79.08
[Iter 304/488] steps=622592 reward=482.32 pi_loss=-0.0613 vf_loss=26.5419 entropy=18.0129 kl=0.5000
[Iter 305/488] steps=624640 reward=458.60 pi_loss=-0.0538 vf_loss=26.6417 entropy=18.2308 kl=0.6319
[Iter 306/488] steps=626688 reward=332.01 pi_loss=-0.1273 vf_loss=30.4549 entropy=17.3314 kl=0.1569
[Iter 307/488] steps=628736 reward=440.32 pi_loss=-0.1151 vf_loss=30.9928 entropy=17.2899 kl=0.1529
[Iter 308/488] steps=630784 reward=392.57 pi_loss=-0.1067 vf_loss=30.5064 entropy=17.3498 kl=0.1603
  [Eval] mean_return=600.54 std_return=82.08
[Iter 309/488] steps=632832 reward=405.39 pi_loss=-0.1198 vf_loss=23.4398 entropy=17.3660 kl=0.2460
[Iter 310/488] steps=634880 reward=303.03 pi_loss=-0.1261 vf_loss=35.8699 entropy=17.3034 kl=0.1566
[Iter 311/488] steps=636928 reward=320.76 pi_loss=-0.1025 vf_loss=19.7124 entropy=17.4420 kl=0.2145
[Iter 312/488] steps=638976 reward=427.06 pi_loss=-0.1221 vf_loss=26.6961 entropy=17.3375 kl=0.1899
[Iter 313/488] steps=641024 reward=503.34 pi_loss=-0.1052 vf_loss=33.8217 entropy=17.3201 kl=0.1744
  [Eval] mean_return=554.25 std_return=90.01
[Iter 314/488] steps=643072 reward=378.35 pi_loss=-0.1186 vf_loss=24.1786 entropy=17.4541 kl=0.2073
[Iter 315/488] steps=645120 reward=371.27 pi_loss=-0.1039 vf_loss=29.6553 entropy=17.4267 kl=0.2221
[Iter 316/488] steps=647168 reward=388.23 pi_loss=-0.1160 vf_loss=27.1241 entropy=17.4292 kl=0.2058
[Iter 317/488] steps=649216 reward=214.87 pi_loss=-0.1130 vf_loss=33.3641 entropy=17.1729 kl=0.1338
[Iter 318/488] steps=651264 reward=366.88 pi_loss=-0.1073 vf_loss=25.8876 entropy=17.3705 kl=0.1797
  [Eval] mean_return=554.75 std_return=202.33
[Iter 319/488] steps=653312 reward=418.64 pi_loss=-0.1064 vf_loss=26.5521 entropy=17.5389 kl=0.2204
[Iter 320/488] steps=655360 reward=501.62 pi_loss=-0.1165 vf_loss=25.5542 entropy=17.2530 kl=0.1770
[Iter 321/488] steps=657408 reward=491.11 pi_loss=-0.1239 vf_loss=29.6131 entropy=17.3216 kl=0.1516
[Iter 322/488] steps=659456 reward=298.80 pi_loss=-0.1085 vf_loss=20.0130 entropy=17.4124 kl=0.2658
[Iter 323/488] steps=661504 reward=422.09 pi_loss=-0.1194 vf_loss=23.0785 entropy=17.4254 kl=0.1962
  [Eval] mean_return=547.00 std_return=118.09
[Iter 324/488] steps=663552 reward=368.29 pi_loss=-0.1155 vf_loss=29.0648 entropy=17.3528 kl=0.1707
[Iter 325/488] steps=665600 reward=468.66 pi_loss=-0.1162 vf_loss=33.4475 entropy=17.3598 kl=0.1601
[Iter 326/488] steps=667648 reward=339.40 pi_loss=-0.1093 vf_loss=27.9761 entropy=17.2864 kl=0.1819
[Iter 327/488] steps=669696 reward=497.56 pi_loss=-0.1127 vf_loss=25.7062 entropy=17.4013 kl=0.1934
[Iter 328/488] steps=671744 reward=459.98 pi_loss=-0.1370 vf_loss=34.2822 entropy=17.3420 kl=0.2047
  [Eval] mean_return=632.40 std_return=86.12
[Iter 329/488] steps=673792 reward=263.18 pi_loss=-0.1254 vf_loss=27.0736 entropy=17.3926 kl=0.1734
[Iter 330/488] steps=675840 reward=455.64 pi_loss=-0.1200 vf_loss=28.1885 entropy=17.3706 kl=0.1579
[Iter 331/488] steps=677888 reward=354.21 pi_loss=-0.1123 vf_loss=20.1100 entropy=17.4197 kl=0.2160
[Iter 332/488] steps=679936 reward=469.14 pi_loss=-0.1105 vf_loss=30.5808 entropy=17.2660 kl=0.1599
[Iter 333/488] steps=681984 reward=351.58 pi_loss=-0.1147 vf_loss=32.6021 entropy=17.3218 kl=0.1713
  [Eval] mean_return=547.81 std_return=191.48
[Iter 334/488] steps=684032 reward=346.01 pi_loss=-0.1208 vf_loss=42.5041 entropy=17.3301 kl=0.1308
[Iter 335/488] steps=686080 reward=343.07 pi_loss=-0.0731 vf_loss=31.2682 entropy=17.9162 kl=0.4051
[Iter 336/488] steps=688128 reward=377.23 pi_loss=-0.1171 vf_loss=26.9006 entropy=17.4326 kl=0.1914
[Iter 337/488] steps=690176 reward=443.45 pi_loss=-0.0842 vf_loss=26.8695 entropy=17.5286 kl=0.2808
  [Eval] mean_return=501.11 std_return=183.90
[Iter 338/488] steps=692224 reward=251.10 pi_loss=-0.1255 vf_loss=27.8977 entropy=17.3000 kl=0.1580
[Iter 339/488] steps=694272 reward=372.92 pi_loss=-0.1290 vf_loss=38.0794 entropy=17.2758 kl=0.1295
[Iter 340/488] steps=696320 reward=438.71 pi_loss=-0.1132 vf_loss=28.2263 entropy=17.2756 kl=0.1580
[Iter 341/488] steps=698368 reward=405.42 pi_loss=-0.1233 vf_loss=26.7913 entropy=17.3812 kl=0.1764
[Iter 342/488] steps=700416 reward=458.49 pi_loss=-0.1144 vf_loss=35.1734 entropy=17.2861 kl=0.1413
  [Eval] mean_return=480.84 std_return=188.76
[Iter 343/488] steps=702464 reward=522.18 pi_loss=-0.1216 vf_loss=28.0175 entropy=17.2259 kl=0.1659
[Iter 344/488] steps=704512 reward=353.23 pi_loss=-0.1172 vf_loss=20.2188 entropy=17.4647 kl=0.2272
[Iter 345/488] steps=706560 reward=523.58 pi_loss=-0.1185 vf_loss=24.0994 entropy=17.3785 kl=0.1943
[Iter 346/488] steps=708608 reward=384.78 pi_loss=-0.0992 vf_loss=27.2594 entropy=17.1273 kl=0.1373
[Iter 347/488] steps=710656 reward=534.13 pi_loss=-0.1158 vf_loss=37.4936 entropy=17.2708 kl=0.1176
  [Eval] mean_return=563.97 std_return=59.21
[Iter 348/488] steps=712704 reward=358.51 pi_loss=-0.1067 vf_loss=31.6351 entropy=17.2608 kl=0.1361
[Iter 349/488] steps=714752 reward=354.84 pi_loss=-0.1142 vf_loss=36.3270 entropy=17.1254 kl=0.1179
[Iter 350/488] steps=716800 reward=456.30 pi_loss=-0.1078 vf_loss=25.7746 entropy=17.3382 kl=0.1799
[Iter 351/488] steps=718848 reward=588.28 pi_loss=-0.1098 vf_loss=29.7442 entropy=17.3399 kl=0.1615
[Iter 352/488] steps=720896 reward=582.87 pi_loss=-0.1125 vf_loss=27.5213 entropy=17.2861 kl=0.1452
  [Eval] mean_return=574.16 std_return=91.86
[Iter 353/488] steps=722944 reward=360.06 pi_loss=-0.1081 vf_loss=33.8230 entropy=17.2130 kl=0.1374
[Iter 354/488] steps=724992 reward=454.33 pi_loss=-0.1053 vf_loss=28.8204 entropy=17.2162 kl=0.1353
[Iter 355/488] steps=727040 reward=506.17 pi_loss=-0.1094 vf_loss=36.4691 entropy=17.3274 kl=0.1159
[Iter 356/488] steps=729088 reward=429.28 pi_loss=-0.1195 vf_loss=37.8710 entropy=17.2819 kl=0.1278
[Iter 357/488] steps=731136 reward=512.45 pi_loss=-0.1035 vf_loss=26.5256 entropy=17.3746 kl=0.1729
  [Eval] mean_return=613.31 std_return=116.14
[Iter 358/488] steps=733184 reward=395.30 pi_loss=-0.1241 vf_loss=38.9020 entropy=17.2993 kl=0.1324
[Iter 359/488] steps=735232 reward=455.01 pi_loss=-0.0982 vf_loss=26.6969 entropy=17.4237 kl=0.1905
[Iter 360/488] steps=737280 reward=281.93 pi_loss=-0.1268 vf_loss=34.3663 entropy=17.2693 kl=0.1272
[Iter 361/488] steps=739328 reward=404.08 pi_loss=-0.1123 vf_loss=32.6638 entropy=17.3190 kl=0.1336
[Iter 362/488] steps=741376 reward=407.20 pi_loss=-0.1077 vf_loss=24.9531 entropy=17.1981 kl=0.1443
  [Eval] mean_return=732.20 std_return=60.14
[Iter 363/488] steps=743424 reward=542.60 pi_loss=-0.1039 vf_loss=28.7104 entropy=17.2741 kl=0.1342
[Iter 364/488] steps=745472 reward=434.40 pi_loss=-0.1102 vf_loss=31.6474 entropy=17.2145 kl=0.1364
[Iter 365/488] steps=747520 reward=420.55 pi_loss=-0.1097 vf_loss=33.7769 entropy=17.2510 kl=0.1234
[Iter 366/488] steps=749568 reward=529.53 pi_loss=-0.1167 vf_loss=36.1950 entropy=17.2420 kl=0.1290
[Iter 367/488] steps=751616 reward=332.72 pi_loss=-0.1156 vf_loss=47.4442 entropy=17.1759 kl=0.1090
  [Eval] mean_return=631.29 std_return=224.85
[Iter 368/488] steps=753664 reward=385.23 pi_loss=-0.0958 vf_loss=28.4633 entropy=17.3801 kl=0.1651
[Iter 369/488] steps=755712 reward=428.79 pi_loss=-0.1066 vf_loss=26.6890 entropy=17.2981 kl=0.1454
[Iter 370/488] steps=757760 reward=513.73 pi_loss=-0.1151 vf_loss=38.2455 entropy=17.1596 kl=0.1185
[Iter 371/488] steps=759808 reward=519.19 pi_loss=-0.0951 vf_loss=29.3474 entropy=17.3205 kl=0.1537
[Iter 372/488] steps=761856 reward=466.13 pi_loss=-0.1104 vf_loss=36.0768 entropy=17.2121 kl=0.1144
  [Eval] mean_return=634.02 std_return=152.11
[Iter 373/488] steps=763904 reward=420.34 pi_loss=-0.1061 vf_loss=33.3651 entropy=17.1882 kl=0.1244
[Iter 374/488] steps=765952 reward=461.70 pi_loss=-0.0931 vf_loss=24.7997 entropy=17.2954 kl=0.1473
[Iter 375/488] steps=768000 reward=524.71 pi_loss=-0.0995 vf_loss=34.1700 entropy=17.2972 kl=0.1215
[Iter 376/488] steps=770048 reward=454.86 pi_loss=-0.1088 vf_loss=31.8366 entropy=17.2614 kl=0.1220
  [Eval] mean_return=662.22 std_return=87.13
[Iter 377/488] steps=772096 reward=412.84 pi_loss=-0.1058 vf_loss=36.8910 entropy=17.2530 kl=0.1192
[Iter 378/488] steps=774144 reward=393.26 pi_loss=-0.1239 vf_loss=33.5748 entropy=17.2323 kl=0.1305
[Iter 379/488] steps=776192 reward=167.04 pi_loss=-0.1170 vf_loss=47.7583 entropy=17.1907 kl=0.0973
[Iter 380/488] steps=778240 reward=515.98 pi_loss=-0.1021 vf_loss=36.6773 entropy=17.2289 kl=0.1251
[Iter 381/488] steps=780288 reward=550.12 pi_loss=-0.0984 vf_loss=31.6821 entropy=17.2385 kl=0.1268
  [Eval] mean_return=455.66 std_return=358.79
[Iter 382/488] steps=782336 reward=613.40 pi_loss=-0.0978 vf_loss=29.2974 entropy=17.3855 kl=0.1461
[Iter 383/488] steps=784384 reward=-55.28 pi_loss=-0.1252 vf_loss=34.4171 entropy=17.2304 kl=0.1196
[Iter 384/488] steps=786432 reward=468.54 pi_loss=-0.0943 vf_loss=28.3559 entropy=17.2416 kl=0.1251
[Iter 385/488] steps=788480 reward=479.44 pi_loss=-0.1118 vf_loss=33.6963 entropy=17.1759 kl=0.1091
[Iter 386/488] steps=790528 reward=0.18 pi_loss=-0.1274 vf_loss=33.9379 entropy=17.2595 kl=0.1076
  [Eval] mean_return=423.97 std_return=222.24
[Iter 387/488] steps=792576 reward=481.27 pi_loss=-0.0967 vf_loss=31.5552 entropy=17.2126 kl=0.1158
[Iter 388/488] steps=794624 reward=386.06 pi_loss=-0.1029 vf_loss=34.3814 entropy=17.1278 kl=0.0995
[Iter 389/488] steps=796672 reward=625.55 pi_loss=-0.1058 vf_loss=36.6626 entropy=17.1848 kl=0.1029
[Iter 390/488] steps=798720 reward=610.07 pi_loss=-0.0977 vf_loss=34.5511 entropy=17.2243 kl=0.1052
[Iter 391/488] steps=800768 reward=652.21 pi_loss=-0.1016 vf_loss=35.7892 entropy=17.0692 kl=0.0922
  [Eval] mean_return=648.73 std_return=203.24
[Iter 392/488] steps=802816 reward=493.74 pi_loss=-0.0975 vf_loss=27.0111 entropy=17.2103 kl=0.1170
[Iter 393/488] steps=804864 reward=452.61 pi_loss=-0.1078 vf_loss=31.0446 entropy=17.2477 kl=0.1073
[Iter 394/488] steps=806912 reward=445.58 pi_loss=-0.1053 vf_loss=34.2226 entropy=17.1528 kl=0.0920
[Iter 395/488] steps=808960 reward=596.95 pi_loss=-0.0976 vf_loss=33.4516 entropy=17.1958 kl=0.1086
[Iter 396/488] steps=811008 reward=518.54 pi_loss=-0.1081 vf_loss=44.5890 entropy=17.2097 kl=0.0923
  [Eval] mean_return=623.81 std_return=112.04
[Iter 397/488] steps=813056 reward=242.48 pi_loss=-0.1173 vf_loss=33.8794 entropy=17.1808 kl=0.1044
[Iter 398/488] steps=815104 reward=342.61 pi_loss=-0.1117 vf_loss=30.9261 entropy=17.2881 kl=0.1121
[Iter 399/488] steps=817152 reward=605.18 pi_loss=-0.0894 vf_loss=31.7818 entropy=17.1397 kl=0.0922
[Iter 400/488] steps=819200 reward=433.94 pi_loss=-0.1054 vf_loss=36.6819 entropy=17.2538 kl=0.1131
[Iter 401/488] steps=821248 reward=484.65 pi_loss=-0.0957 vf_loss=36.9761 entropy=17.2343 kl=0.1089
  [Eval] mean_return=658.45 std_return=121.17
[Iter 402/488] steps=823296 reward=566.34 pi_loss=-0.0950 vf_loss=36.7316 entropy=17.1806 kl=0.0921
[Iter 403/488] steps=825344 reward=468.68 pi_loss=-0.1089 vf_loss=42.5860 entropy=17.1913 kl=0.0887
[Iter 404/488] steps=827392 reward=360.20 pi_loss=-0.1093 vf_loss=44.6728 entropy=17.1285 kl=0.0871
[Iter 405/488] steps=829440 reward=483.82 pi_loss=-0.0879 vf_loss=31.8905 entropy=17.2197 kl=0.1027
[Iter 406/488] steps=831488 reward=558.83 pi_loss=-0.0956 vf_loss=34.0416 entropy=17.2415 kl=0.1064
  [Eval] mean_return=607.84 std_return=112.25
[Iter 407/488] steps=833536 reward=424.24 pi_loss=-0.1021 vf_loss=45.2440 entropy=17.0791 kl=0.0824
[Iter 408/488] steps=835584 reward=438.38 pi_loss=-0.0955 vf_loss=34.7225 entropy=17.0454 kl=0.0886
[Iter 409/488] steps=837632 reward=659.75 pi_loss=-0.1004 vf_loss=35.5994 entropy=17.0998 kl=0.0848
[Iter 410/488] steps=839680 reward=424.45 pi_loss=-0.0986 vf_loss=42.7901 entropy=17.1406 kl=0.0798
[Iter 411/488] steps=841728 reward=540.69 pi_loss=-0.0941 vf_loss=39.2858 entropy=17.1789 kl=0.0920
  [Eval] mean_return=584.09 std_return=372.30
[Iter 412/488] steps=843776 reward=479.62 pi_loss=-0.1080 vf_loss=36.1626 entropy=17.1970 kl=0.0888
[Iter 413/488] steps=845824 reward=525.25 pi_loss=-0.0963 vf_loss=31.8787 entropy=17.1233 kl=0.0947
[Iter 414/488] steps=847872 reward=495.25 pi_loss=-0.0918 vf_loss=34.2040 entropy=17.1614 kl=0.0778
[Iter 415/488] steps=849920 reward=638.28 pi_loss=-0.0931 vf_loss=34.5849 entropy=17.2854 kl=0.0885
[Iter 416/488] steps=851968 reward=348.95 pi_loss=-0.0924 vf_loss=43.6551 entropy=17.1269 kl=0.0763
  [Eval] mean_return=744.59 std_return=87.33
[Iter 417/488] steps=854016 reward=418.13 pi_loss=-0.1087 vf_loss=37.3492 entropy=17.0996 kl=0.0828
[Iter 418/488] steps=856064 reward=348.06 pi_loss=-0.1042 vf_loss=48.4011 entropy=17.0940 kl=0.0706
[Iter 419/488] steps=858112 reward=571.97 pi_loss=-0.0972 vf_loss=39.3906 entropy=17.2629 kl=0.0756
[Iter 420/488] steps=860160 reward=298.63 pi_loss=-0.1058 vf_loss=30.2227 entropy=17.1134 kl=0.0894
  [Eval] mean_return=591.42 std_return=311.63
[Iter 421/488] steps=862208 reward=388.84 pi_loss=-0.0996 vf_loss=46.0110 entropy=17.1272 kl=0.0683
[Iter 422/488] steps=864256 reward=610.30 pi_loss=-0.0964 vf_loss=37.2877 entropy=17.1864 kl=0.0771
[Iter 423/488] steps=866304 reward=501.77 pi_loss=-0.1020 vf_loss=45.2726 entropy=17.2021 kl=0.0826
[Iter 424/488] steps=868352 reward=333.10 pi_loss=-0.0988 vf_loss=45.5688 entropy=17.1833 kl=0.0747
[Iter 425/488] steps=870400 reward=642.34 pi_loss=-0.0936 vf_loss=40.9192 entropy=17.1910 kl=0.0720
  [Eval] mean_return=653.96 std_return=280.39
[Iter 426/488] steps=872448 reward=678.90 pi_loss=-0.0869 vf_loss=34.3371 entropy=17.2939 kl=0.0812
[Iter 427/488] steps=874496 reward=489.72 pi_loss=-0.1060 vf_loss=50.6916 entropy=17.1521 kl=0.0701
[Iter 428/488] steps=876544 reward=330.68 pi_loss=-0.0951 vf_loss=59.5600 entropy=17.1229 kl=0.0539
[Iter 429/488] steps=878592 reward=622.75 pi_loss=-0.0925 vf_loss=43.6804 entropy=17.2603 kl=0.0720
[Iter 430/488] steps=880640 reward=660.93 pi_loss=-0.0930 vf_loss=41.7741 entropy=17.1051 kl=0.0708
  [Eval] mean_return=610.89 std_return=123.76
[Iter 431/488] steps=882688 reward=166.21 pi_loss=-0.1019 vf_loss=39.5016 entropy=17.1158 kl=0.0677
[Iter 432/488] steps=884736 reward=254.46 pi_loss=-0.0941 vf_loss=29.6434 entropy=17.1536 kl=0.0773
[Iter 433/488] steps=886784 reward=516.97 pi_loss=-0.0918 vf_loss=40.6863 entropy=17.1530 kl=0.0669
[Iter 434/488] steps=888832 reward=620.58 pi_loss=-0.0863 vf_loss=38.1952 entropy=17.1366 kl=0.0654
[Iter 435/488] steps=890880 reward=695.63 pi_loss=-0.0809 vf_loss=39.4358 entropy=17.1380 kl=0.0640
  [Eval] mean_return=566.14 std_return=207.57
[Iter 436/488] steps=892928 reward=514.77 pi_loss=-0.0807 vf_loss=40.7107 entropy=17.1536 kl=0.0532
[Iter 437/488] steps=894976 reward=565.50 pi_loss=-0.0807 vf_loss=39.4005 entropy=17.0168 kl=0.0543
[Iter 438/488] steps=897024 reward=663.45 pi_loss=-0.0793 vf_loss=50.2190 entropy=17.0600 kl=0.0519
[Iter 439/488] steps=899072 reward=335.06 pi_loss=-0.0975 vf_loss=38.3327 entropy=17.2355 kl=0.0611
[Iter 440/488] steps=901120 reward=610.85 pi_loss=-0.0818 vf_loss=40.5315 entropy=17.0940 kl=0.0568
  [Eval] mean_return=657.32 std_return=185.87
[Iter 441/488] steps=903168 reward=395.55 pi_loss=-0.0856 vf_loss=40.8780 entropy=17.1436 kl=0.0531
[Iter 442/488] steps=905216 reward=469.58 pi_loss=-0.0775 vf_loss=47.0312 entropy=17.1488 kl=0.0508
[Iter 443/488] steps=907264 reward=635.71 pi_loss=-0.0775 vf_loss=46.4244 entropy=17.0579 kl=0.0525
[Iter 444/488] steps=909312 reward=483.23 pi_loss=-0.0749 vf_loss=47.3099 entropy=17.0667 kl=0.0523
[Iter 445/488] steps=911360 reward=491.02 pi_loss=-0.0901 vf_loss=47.9933 entropy=17.1634 kl=0.0574
  [Eval] mean_return=563.28 std_return=293.99
[Iter 446/488] steps=913408 reward=542.18 pi_loss=-0.0826 vf_loss=53.9018 entropy=17.1289 kl=0.0470
[Iter 447/488] steps=915456 reward=410.65 pi_loss=-0.0843 vf_loss=39.3197 entropy=17.1479 kl=0.0599
[Iter 448/488] steps=917504 reward=557.67 pi_loss=-0.0874 vf_loss=38.8239 entropy=17.1217 kl=0.0565
[Iter 449/488] steps=919552 reward=299.76 pi_loss=-0.0867 vf_loss=52.5354 entropy=17.1160 kl=0.0492
[Iter 450/488] steps=921600 reward=460.53 pi_loss=-0.0831 vf_loss=40.1356 entropy=17.0872 kl=0.0512
  [Eval] mean_return=595.85 std_return=294.04
[Iter 451/488] steps=923648 reward=445.22 pi_loss=-0.0811 vf_loss=47.4848 entropy=17.0877 kl=0.0458
[Iter 452/488] steps=925696 reward=373.14 pi_loss=-0.0807 vf_loss=47.0961 entropy=17.0466 kl=0.0497
[Iter 453/488] steps=927744 reward=349.51 pi_loss=-0.0897 vf_loss=46.2054 entropy=17.1695 kl=0.0498
[Iter 454/488] steps=929792 reward=456.59 pi_loss=-0.0836 vf_loss=45.4461 entropy=17.1439 kl=0.0450
[Iter 455/488] steps=931840 reward=411.72 pi_loss=-0.0767 vf_loss=45.3678 entropy=17.1080 kl=0.0529
  [Eval] mean_return=648.13 std_return=277.26
[Iter 456/488] steps=933888 reward=608.59 pi_loss=-0.0822 vf_loss=40.6094 entropy=17.0729 kl=0.0483
[Iter 457/488] steps=935936 reward=536.40 pi_loss=-0.0857 vf_loss=28.5744 entropy=17.1715 kl=0.0548
[Iter 458/488] steps=937984 reward=638.74 pi_loss=-0.0731 vf_loss=37.0666 entropy=17.0943 kl=0.0457
[Iter 459/488] steps=940032 reward=518.95 pi_loss=-0.0760 vf_loss=47.1301 entropy=17.0997 kl=0.0439
  [Eval] mean_return=687.59 std_return=95.73
[Iter 460/488] steps=942080 reward=601.62 pi_loss=-0.0704 vf_loss=35.9410 entropy=17.1468 kl=0.0450
[Iter 461/488] steps=944128 reward=403.92 pi_loss=-0.0711 vf_loss=42.4678 entropy=17.0946 kl=0.0378
[Iter 462/488] steps=946176 reward=515.72 pi_loss=-0.0674 vf_loss=48.0588 entropy=17.1118 kl=0.0377
[Iter 463/488] steps=948224 reward=387.11 pi_loss=-0.0803 vf_loss=47.7701 entropy=17.1220 kl=0.0427
[Iter 464/488] steps=950272 reward=450.93 pi_loss=-0.0698 vf_loss=52.7675 entropy=17.0754 kl=0.0341
  [Eval] mean_return=718.89 std_return=202.18
[Iter 465/488] steps=952320 reward=516.79 pi_loss=-0.0649 vf_loss=43.5479 entropy=17.0828 kl=0.0400
[Iter 466/488] steps=954368 reward=281.72 pi_loss=-0.0760 vf_loss=45.8087 entropy=17.0656 kl=0.0348
[Iter 467/488] steps=956416 reward=670.57 pi_loss=-0.0756 vf_loss=33.3678 entropy=17.1832 kl=0.0389
[Iter 468/488] steps=958464 reward=621.56 pi_loss=-0.0605 vf_loss=45.6577 entropy=17.1684 kl=0.0351
[Iter 469/488] steps=960512 reward=621.16 pi_loss=-0.0601 vf_loss=42.9009 entropy=17.1809 kl=0.0332
  [Eval] mean_return=698.16 std_return=189.78
[Iter 470/488] steps=962560 reward=296.14 pi_loss=-0.0653 vf_loss=41.4065 entropy=17.2013 kl=0.0315
[Iter 471/488] steps=964608 reward=696.72 pi_loss=-0.0591 vf_loss=34.0922 entropy=17.1764 kl=0.0298
[Iter 472/488] steps=966656 reward=755.41 pi_loss=-0.0568 vf_loss=39.4197 entropy=17.0055 kl=0.0296
[Iter 473/488] steps=968704 reward=709.04 pi_loss=-0.0530 vf_loss=32.2224 entropy=17.0699 kl=0.0316
[Iter 474/488] steps=970752 reward=256.01 pi_loss=-0.0481 vf_loss=41.3020 entropy=17.0456 kl=0.0200
  [Eval] mean_return=629.65 std_return=146.24
[Iter 475/488] steps=972800 reward=614.21 pi_loss=-0.0453 vf_loss=44.6800 entropy=17.0778 kl=0.0229
[Iter 476/488] steps=974848 reward=560.42 pi_loss=-0.0495 vf_loss=49.7967 entropy=17.0966 kl=0.0188
[Iter 477/488] steps=976896 reward=331.43 pi_loss=-0.0524 vf_loss=43.0340 entropy=17.1380 kl=0.0235
[Iter 478/488] steps=978944 reward=594.44 pi_loss=-0.0468 vf_loss=73.3119 entropy=17.0129 kl=0.0184
[Iter 479/488] steps=980992 reward=310.16 pi_loss=-0.0459 vf_loss=43.5311 entropy=16.9707 kl=0.0184
  [Eval] mean_return=766.44 std_return=84.40
[Iter 480/488] steps=983040 reward=595.86 pi_loss=-0.0370 vf_loss=34.9068 entropy=17.0065 kl=0.0170
[Iter 481/488] steps=985088 reward=617.48 pi_loss=-0.0376 vf_loss=41.2397 entropy=17.0767 kl=0.0163
[Iter 482/488] steps=987136 reward=431.97 pi_loss=-0.0378 vf_loss=39.8220 entropy=17.0570 kl=0.0133
[Iter 483/488] steps=989184 reward=748.49 pi_loss=-0.0326 vf_loss=39.6217 entropy=17.0452 kl=0.0180
[Iter 484/488] steps=991232 reward=734.45 pi_loss=-0.0311 vf_loss=41.2098 entropy=17.0573 kl=0.0147
  [Eval] mean_return=611.73 std_return=208.73
[Iter 485/488] steps=993280 reward=610.47 pi_loss=-0.0216 vf_loss=48.2787 entropy=16.9845 kl=0.0095
[Iter 486/488] steps=995328 reward=660.09 pi_loss=-0.0238 vf_loss=43.5224 entropy=17.1485 kl=0.0089
[Iter 487/488] steps=997376 reward=674.70 pi_loss=-0.0178 vf_loss=43.4701 entropy=17.1021 kl=0.0064
[Iter 488/488] steps=999424 reward=500.34 pi_loss=-0.0060 vf_loss=66.3703 entropy=16.9944 kl=0.0006
Training complete. Logs saved to results/8hr/K2_hierarchical/seed_42
